This script was generated by crab (version 2.10.6).
Running /wntmp/condor/compute-22-25/execute/dir_30176/glide_DAjYI8/execute/dir_27512/condor_exec.exe with 2 positional parameters: 36 1
Today is Fri Aug  1 03:05:49 PDT 2014 - Fri Aug  1 10:05:49 UTC 2014
Job submitted on host compute-22-25.tier2
Linux compute-22-25.tier2 2.6.32-358.6.2.el6.x86_64 #1 SMP Thu May 16 20:59:36 UTC 2013 x86_64 x86_64 x86_64 GNU/Linux
>>> current directory (RUNTIME_AREA): /wntmp/condor/compute-22-25/execute/dir_30176/glide_DAjYI8/execute/dir_27512
>>> current user: uid=20804(uscms4354) gid=504(cms) groups=504(cms),65270(glexec65270) context=unconfined_u:system_r:condor_startd_t:s0
>>> directory permission set to 0700
>>> umask set to:  u=rwx,g=,o=
>>> stdout stderr permission set to 0704
>>> voms proxy information:
subject   : /C=UK/O=eScience/OU=Imperial/L=Physics/CN=adam elwood/CN=1171778048/CN=959761290
issuer    : /C=UK/O=eScience/OU=Imperial/L=Physics/CN=adam elwood/CN=1171778048
identity  : /C=UK/O=eScience/OU=Imperial/L=Physics/CN=adam elwood/CN=1171778048
type      : RFC compliant proxy
strength  : 1024 bits
path      : /wntmp/condor/compute-22-25/execute/dir_30176/glide_DAjYI8/execute/dir_27512/x509up_u41660
timeleft  : 23:59:57
key usage : Digital Signature, Key Encipherment, Key Agreement
=== VO cms extension information ===
VO        : cms
subject   : /C=UK/O=eScience/OU=Imperial/L=Physics/CN=adam elwood
issuer    : /DC=ch/DC=cern/OU=computers/CN=lcg-voms.cern.ch
attribute : /cms/Role=NULL/Capability=NULL
timeleft  : 191:47:27
uri       : lcg-voms.cern.ch:15002
WNHostName=compute-22-25.tier2
>>> tar --no-same-permissions -xf /wntmp/condor/compute-22-25/execute/dir_30176/glide_DAjYI8/execute/dir_27512/default.tgz :
Successful untar
>>> Include /wntmp/condor/compute-22-25/execute/dir_30176/glide_DAjYI8/execute/dir_27512 in PYTHONPATH:
strip arguments
env var CRAB_UNIQUE_JOB_ID set to: aelwood_140801_jJets_ngun_PU40bx25_1c84ps_36_1_yP7
out_files_36
>>> list of expected files on output sandbox
output files: crab_fjr_36.xml CMSSW_36.stdout CMSSW_36.stderr Watchdog_36.log.gz
>>> GridFlavour discovery: 
source OSG GRID setup script
GridFlavour=OSG
>>> SyncSite discovery: 
SyncSite=T2_US_Caltech
>>> SyncCE discovery: 
getting SyncCE from OSG_JOB_CONTACT
SyncCE=itb-ce.ultralight.org/jobmanager-condor
>>> info for dashboard:
***** Cat /wntmp/condor/compute-22-25/execute/dir_30176/glide_DAjYI8/execute/dir_27512/jobreport.txt *****
WNHostName=compute-22-25.tier2
MonitorJobID=36_https://submit-4.t2.ucsd.edu//140801//331280.35
SyncGridJobId=https://submit-4.t2.ucsd.edu//140801//331280.35
MonitorID=aelwood_140801_jJets_ngun_PU40bx25_1c84ps
GridFlavour=OSG
SyncSite=T2_US_Caltech
SyncCE=itb-ce.ultralight.org/jobmanager-condor
***** End Cat jobreport *****
Parameters sent to Dashboard.
>>> setup environment
set SCRAM ARCH to slc6_amd64_gcc481
SCRAM_ARCH = slc6_amd64_gcc481
>>> Created working directory: /wntmp/condor/compute-22-25/execute/dir_30176/glide_DAjYI8/execute/dir_27512/cms_3rEtl8jQWBEz
Change to working directory: /wntmp/condor/compute-22-25/execute/dir_30176/glide_DAjYI8/execute/dir_27512/cms_3rEtl8jQWBEz
>>> current directory (WORKING_DIR): /wntmp/condor/compute-22-25/execute/dir_30176/glide_DAjYI8/execute/dir_27512/cms_3rEtl8jQWBEz
>>> setup CMS OSG environment:
set SCRAM ARCH to slc6_amd64_gcc481
SCRAM_ARCH = slc6_amd64_gcc481
OSG_APP is /raid1/osg-app
sourcing /raid1/osg-app/cmssoft/cms/cmsset_default.sh ...
==> setup cms environment ok
SCRAM_ARCH = slc6_amd64_gcc481
>>> specific cmssw setup environment:
CMSSW_VERSION =  CMSSW_7_1_0_pre8
>>> current directory (SOFTWARE_DIR): /wntmp/condor/compute-22-25/execute/dir_30176/glide_DAjYI8/execute/dir_27512/cms_3rEtl8jQWBEz/CMSSW_7_1_0_pre8
PreserveSeeds: <>
IncrementSeeds:<>
>>> info for dashboard:
***** Cat /wntmp/condor/compute-22-25/execute/dir_30176/glide_DAjYI8/execute/dir_27512/jobreport.txt *****
MonitorJobID=36_https://submit-4.t2.ucsd.edu//140801//331280.35
MonitorID=aelwood_140801_jJets_ngun_PU40bx25_1c84ps
***** End Cat jobreport *****
Parameters sent to Dashboard.
crabWatchdog started as process 28349
>>> moving CMSSW software directories in /wntmp/condor/compute-22-25/execute/dir_30176/glide_DAjYI8/execute/dir_27512/cms_3rEtl8jQWBEz/CMSSW_7_1_0_pre8
mv: cannot stat `/wntmp/condor/compute-22-25/execute/dir_30176/glide_DAjYI8/execute/dir_27512/module/': No such file or directory
>>> Include /wntmp/condor/compute-22-25/execute/dir_30176/glide_DAjYI8/execute/dir_27512 in PYTHONPATH:
PYTHONPATH=/wntmp/condor/compute-22-25/execute/dir_30176/glide_DAjYI8/execute/dir_27512/:/wntmp/condor/compute-22-25/execute/dir_30176/glide_DAjYI8/execute/dir_27512/cms_3rEtl8jQWBEz/CMSSW_7_1_0_pre8/python:/wntmp/condor/compute-22-25/execute/dir_30176/glide_DAjYI8/execute/dir_27512/cms_3rEtl8jQWBEz/CMSSW_7_1_0_pre8/lib/slc6_amd64_gcc481:/cvmfs/cms.cern.ch/slc6_amd64_gcc481/cms/cmssw/CMSSW_7_1_0_pre8/python:/cvmfs/cms.cern.ch/slc6_amd64_gcc481/cms/cmssw/CMSSW_7_1_0_pre8/lib/slc6_amd64_gcc481:/cvmfs/cms.cern.ch/slc6_amd64_gcc481/cms/coral/CORAL_2_3_21-cms20/slc6_amd64_gcc481/python:/cvmfs/cms.cern.ch/slc6_amd64_gcc481/cms/coral/CORAL_2_3_21-cms20/slc6_amd64_gcc481/lib:/cvmfs/cms.cern.ch/slc6_amd64_gcc481/external/pyqt/4.8.1-cms/lib/python2.7/site-packages:/cvmfs/cms.cern.ch/slc6_amd64_gcc481/external/py2-scipy/0.8.0-cms/lib/python2.7/site-packages:/cvmfs/cms.cern.ch/slc6_amd64_gcc481/external/py2-matplotlib/1.2.1-cms/lib/python2.7/site-packages:/cvmfs/cms.cern.ch/slc6_amd64_gcc481/external/yoda/1.0.4/lib/python2.7/site-packages:/cvmfs/cms.cern.ch/slc6_amd64_gcc481/external/python-ldap/2.4.10-cms/lib/python2.7/site-packages:/cvmfs/cms.cern.ch/slc6_amd64_gcc481/external/sip/4.11.2-cms/lib/python2.7/site-packages:/cvmfs/cms.cern.ch/slc6_amd64_gcc481/external/llvm/3.4/lib/python2.7/site-packages:/cvmfs/cms.cern.ch/slc6_amd64_gcc481/external/py2-sqlalchemy/0.8.2-cms2/lib/python2.7/site-packages:/cvmfs/cms.cern.ch/slc6_amd64_gcc481/external/py2-pycurl/7.19.0-cms/lib/python2.7/site-packages:/cvmfs/cms.cern.ch/slc6_amd64_gcc481/external/py2-python-dateutil/1.1-cms/lib/python2.7/site-packages:/cvmfs/cms.cern.ch/slc6_amd64_gcc481/external/py2-numpy/1.6.1-cms/lib/python2.7/site-packages:/cvmfs/cms.cern.ch/slc6_amd64_gcc481/external/py2-lint/0.25.1-cms/lib/python2.7/site-packages:/cvmfs/cms.cern.ch/slc6_amd64_gcc481/external/py2-ipython/0.10-cms/lib/python2.7/site-packages:/cvmfs/cms.cern.ch/slc6_amd64_gcc481/external/py2-cx-oracle/5.1-cms2/lib/python2.7/site-packages:/cvmfs/cms.cern.ch/slc6_amd64_gcc481/external/py2-cjson/1.0.5-cms/lib/python2.7/site-packages:/cvmfs/cms.cern.ch/slc6_amd64_gcc481/external/frontier_client/2.8.10/python/lib:/cvmfs/cms.cern.ch/slc6_amd64_gcc481/cms/das-client/2.5.0/bin:/cvmfs/cms.cern.ch/slc6_amd64_gcc481/external/cython/0.19.1/lib/python2.7/site-packages:/cvmfs/cms.cern.ch/slc6_amd64_gcc481/external/rivet/1.8.2-cms4/lib/python2.7/site-packages:/cvmfs/cms.cern.ch/slc6_amd64_gcc481/external/pyminuit2/0.0.1-cms13/lib/python2.7/site-packages:/cvmfs/cms.cern.ch/slc6_amd64_gcc481/external/py2-pygithub/1.23.0/lib/python2.7/site-packages:/cvmfs/cms.cern.ch/slc6_amd64_gcc481/external/py2-networkx/1.8.1/lib/python2.7/site-packages:/cvmfs/cms.cern.ch/slc6_amd64_gcc481/external/professor/1.0.0-cms13/lib/python2.7/site-packages:/cvmfs/cms.cern.ch/slc6_amd64_gcc481/lcg/root/5.34.18/lib:/cvmfs/cms.cern.ch/slc6_amd64_gcc481/cms/dbs-client/DBS_2_1_9-cms/lib:/cvmfs/cms.cern.ch/slc6_amd64_gcc481/cms/dbs-client/DBS_2_1_9-cms/lib/DBSAPI:/cvmfs/cms.cern.ch/slc6_amd64_gcc481/external/cvs2git/5419-cms/lib:/wntmp/condor/compute-22-25/execute/dir_30176/glide_DAjYI8/execute/dir_27512/
 
# LIMITS USED BY CRAB WATCHDOG:
# RSS  (KBytes)   : 2300000
# VSZ  (KBytes)   : 100000000
# DISK (MBytes)   : 19000
# CPU TIME        : 720h:0m:0s
# WALL CLOCK TIME : 21h:50m:0s
 
951aa882d2ac167e3fe15038b4453880
PSETHASH = 951aa882d2ac167e3fe15038b4453880
/wntmp/condor/compute-22-25/execute/dir_30176/glide_DAjYI8/execute/dir_27512/writeCfg.py pset.py pset.py
Importing .py file
Setting parameters
RandomNumberGeneratorService found, will attempt to change seeds
inputBlocks=/Neutrino_Pt-2to20_gun/Fall13dr-tsg_PU40bx25_POSTLS162_V2-v1/GEN-SIM-RAW#09b9f490-7aa3-11e3-b1c2-003048f02d38
inputFiles=/store/mc/Fall13dr/Neutrino_Pt-2to20_gun/GEN-SIM-RAW/tsg_PU40bx25_POSTLS162_V2-v1/00002/BC1CE444-1B7B-E311-911A-0025905A60D2.root;/store/mc/Fall13dr/Neutrino_Pt-2to20_gun/GEN-SIM-RAW/tsg_PU40bx25_POSTLS162_V2-v1/00002/AAD12861-1C7B-E311-A231-002590593872.root;/store/mc/Fall13dr/Neutrino_Pt-2to20_gun/GEN-SIM-RAW/tsg_PU40bx25_POSTLS162_V2-v1/00002/EE53AB58-1D7B-E311-B086-001A92810ABA.root;/store/mc/Fall13dr/Neutrino_Pt-2to20_gun/GEN-SIM-RAW/tsg_PU40bx25_POSTLS162_V2-v1/00002/2442FDFB-1C7B-E311-AB17-0026189438B5.root;/store/mc/Fall13dr/Neutrino_Pt-2to20_gun/GEN-SIM-RAW/tsg_PU40bx25_POSTLS162_V2-v1/00002/84BE6F12-1C7B-E311-A016-002618FDA21D.root;/store/mc/Fall13dr/Neutrino_Pt-2to20_gun/GEN-SIM-RAW/tsg_PU40bx25_POSTLS162_V2-v1/00002/8C1144DA-1A7B-E311-AACC-0025905964A6.root;/store/mc/Fall13dr/Neutrino_Pt-2to20_gun/GEN-SIM-RAW/tsg_PU40bx25_POSTLS162_V2-v1/00002/9E06C0A1-167B-E311-9380-0025905A4964.root
parentFiles=/store/mc/Fall13/Neutrino_Pt-2to20_gun/GEN-SIM/POSTLS162_V1-v4/10000/3228DBE4-AB68-E311-AFE5-0025904A91F6.root;/store/mc/Fall13/Neutrino_Pt-2to20_gun/GEN-SIM/POSTLS162_V1-v4/10000/08BDA2EE-AB68-E311-BD33-0025904AC2CA.root;/store/mc/Fall13/Neutrino_Pt-2to20_gun/GEN-SIM/POSTLS162_V1-v4/10000/10CAFE4F-AC68-E311-95FB-002590821320.root;/store/mc/Fall13/Neutrino_Pt-2to20_gun/GEN-SIM/POSTLS162_V1-v4/10000/0CD6C959-AC68-E311-8933-003048F5ADEA.root;/store/mc/Fall13/Neutrino_Pt-2to20_gun/GEN-SIM/POSTLS162_V1-v4/10000/243B2096-AB68-E311-B873-90B11C1DBFB4.root;/store/mc/Fall13/Neutrino_Pt-2to20_gun/GEN-SIM/POSTLS162_V1-v4/10000/6E4C50BF-AB68-E311-87EE-90B11C1DBFB4.root;/store/mc/Fall13/Neutrino_Pt-2to20_gun/GEN-SIM/POSTLS162_V1-v4/10000/40AEBFC1-AB68-E311-A9EA-90B11C2AA388.root;/store/mc/Fall13/Neutrino_Pt-2to20_gun/GEN-SIM/POSTLS162_V1-v4/10000/E49353C7-AB68-E311-A298-003048F5ADEA.root;/store/mc/Fall13/Neutrino_Pt-2to20_gun/GEN-SIM/POSTLS162_V1-v4/10000/1A5080F4-AA68-E311-BFFB-90B11C1DBFB4.root;/store/mc/Fall13/Neutrino_Pt-2to20_gun/GEN-SIM/POSTLS162_V1-v4/10000/F805F57C-AB68-E311-9B93-90B11C1DBFB4.root;/store/mc/Fall13/Neutrino_Pt-2to20_gun/GEN-SIM/POSTLS162_V1-v4/10000/40AEBFC1-AB68-E311-A9EA-90B11C2AA388.root;/store/mc/Fall13/Neutrino_Pt-2to20_gun/GEN-SIM/POSTLS162_V1-v4/10000/E49353C7-AB68-E311-A298-003048F5ADEA.root;/store/mc/Fall13/Neutrino_Pt-2to20_gun/GEN-SIM/POSTLS162_V1-v4/10000/C24871F4-AA68-E311-9366-90B11C1DBFB4.root;/store/mc/Fall13/Neutrino_Pt-2to20_gun/GEN-SIM/POSTLS162_V1-v4/10000/08BDA2EE-AB68-E311-BD33-0025904AC2CA.root;/store/mc/Fall13/Neutrino_Pt-2to20_gun/GEN-SIM/POSTLS162_V1-v4/10000/0CD6C959-AC68-E311-8933-003048F5ADEA.root;/store/mc/Fall13/Neutrino_Pt-2to20_gun/GEN-SIM/POSTLS162_V1-v4/10000/243B2096-AB68-E311-B873-90B11C1DBFB4.root;/store/mc/Fall13/Neutrino_Pt-2to20_gun/GEN-SIM/POSTLS162_V1-v4/10000/567E60C2-AB68-E311-8B3A-90B11C1DBFB4.root;/store/mc/Fall13/Neutrino_Pt-2to20_gun/GEN-SIM/POSTLS162_V1-v4/10000/1421B2BF-AB68-E311-A258-90B11C1DBFB4.root;/store/mc/Fall13/Neutrino_Pt-2to20_gun/GEN-SIM/POSTLS162_V1-v4/10000/40AEBFC1-AB68-E311-A9EA-90B11C2AA388.root;/store/mc/Fall13/Neutrino_Pt-2to20_gun/GEN-SIM/POSTLS162_V1-v4/10000/E49353C7-AB68-E311-A298-003048F5ADEA.root;/store/mc/Fall13/Neutrino_Pt-2to20_gun/GEN-SIM/POSTLS162_V1-v4/10000/1A5080F4-AA68-E311-BFFB-90B11C1DBFB4.root;/store/mc/Fall13/Neutrino_Pt-2to20_gun/GEN-SIM/POSTLS162_V1-v4/10000/5E069FF4-AA68-E311-8232-90B11C1DBFB4.root;/store/mc/Fall13/Neutrino_Pt-2to20_gun/GEN-SIM/POSTLS162_V1-v4/10000/1433FB5A-AB68-E311-9ADF-002590491AE4.root;/store/mc/Fall13/Neutrino_Pt-2to20_gun/GEN-SIM/POSTLS162_V1-v4/10000/B691D500-AD68-E311-A250-003048F5B6A9.root;/store/mc/Fall13/Neutrino_Pt-2to20_gun/GEN-SIM/POSTLS162_V1-v4/10000/F805F57C-AB68-E311-9B93-90B11C1DBFB4.root;/store/mc/Fall13/Neutrino_Pt-2to20_gun/GEN-SIM/POSTLS162_V1-v4/10000/243B2096-AB68-E311-B873-90B11C1DBFB4.root;/store/mc/Fall13/Neutrino_Pt-2to20_gun/GEN-SIM/POSTLS162_V1-v4/10000/1421B2BF-AB68-E311-A258-90B11C1DBFB4.root;/store/mc/Fall13/Neutrino_Pt-2to20_gun/GEN-SIM/POSTLS162_V1-v4/10000/40AEBFC1-AB68-E311-A9EA-90B11C2AA388.root;/store/mc/Fall13/Neutrino_Pt-2to20_gun/GEN-SIM/POSTLS162_V1-v4/10000/E49353C7-AB68-E311-A298-003048F5ADEA.root;/store/mc/Fall13/Neutrino_Pt-2to20_gun/GEN-SIM/POSTLS162_V1-v4/10000/3228DBE4-AB68-E311-AFE5-0025904A91F6.root;/store/mc/Fall13/Neutrino_Pt-2to20_gun/GEN-SIM/POSTLS162_V1-v4/10000/10CAFE4F-AC68-E311-95FB-002590821320.root;/store/mc/Fall13/Neutrino_Pt-2to20_gun/GEN-SIM/POSTLS162_V1-v4/10000/58C8B605-AD68-E311-A91D-003048F5B69A.root;/store/mc/Fall13/Neutrino_Pt-2to20_gun/GEN-SIM/POSTLS162_V1-v4/10000/243B2096-AB68-E311-B873-90B11C1DBFB4.root;/store/mc/Fall13/Neutrino_Pt-2to20_gun/GEN-SIM/POSTLS162_V1-v4/10000/6E4C50BF-AB68-E311-87EE-90B11C1DBFB4.root;/store/mc/Fall13/Neutrino_Pt-2to20_gun/GEN-SIM/POSTLS162_V1-v4/10000/1421B2BF-AB68-E311-A258-90B11C1DBFB4.root;/store/mc/Fall13/Neutrino_Pt-2to20_gun/GEN-SIM/POSTLS162_V1-v4/10000/40AEBFC1-AB68-E311-A9EA-90B11C2AA388.root;/store/mc/Fall13/Neutrino_Pt-2to20_gun/GEN-SIM/POSTLS162_V1-v4/10000/E49353C7-AB68-E311-A298-003048F5ADEA.root;/store/mc/Fall13/Neutrino_Pt-2to20_gun/GEN-SIM/POSTLS162_V1-v4/10000/1A5080F4-AA68-E311-BFFB-90B11C1DBFB4.root;/store/mc/Fall13/Neutrino_Pt-2to20_gun/GEN-SIM/POSTLS162_V1-v4/10000/8E0B195E-AB68-E311-A174-0025904AC2CA.root;/store/mc/Fall13/Neutrino_Pt-2to20_gun/GEN-SIM/POSTLS162_V1-v4/10000/58C8B605-AD68-E311-A91D-003048F5B69A.root;/store/mc/Fall13/Neutrino_Pt-2to20_gun/GEN-SIM/POSTLS162_V1-v4/10000/A2C8C7FF-AC68-E311-AD47-90B11C2CC76A.root;/store/mc/Fall13/Neutrino_Pt-2to20_gun/GEN-SIM/POSTLS162_V1-v4/10001/C86D2266-AD68-E311-ADCE-003048F5B69A.root;/store/mc/Fall13/Neutrino_Pt-2to20_gun/GEN-SIM/POSTLS162_V1-v4/10000/F805F57C-AB68-E311-9B93-90B11C1DBFB4.root;/store/mc/Fall13/Neutrino_Pt-2to20_gun/GEN-SIM/POSTLS162_V1-v4/10000/243B2096-AB68-E311-B873-90B11C1DBFB4.root;/store/mc/Fall13/Neutrino_Pt-2to20_gun/GEN-SIM/POSTLS162_V1-v4/10000/1421B2BF-AB68-E311-A258-90B11C1DBFB4.root;/store/mc/Fall13/Neutrino_Pt-2to20_gun/GEN-SIM/POSTLS162_V1-v4/10000/40AEBFC1-AB68-E311-A9EA-90B11C2AA388.root;/store/mc/Fall13/Neutrino_Pt-2to20_gun/GEN-SIM/POSTLS162_V1-v4/10000/E49353C7-AB68-E311-A298-003048F5ADEA.root;/store/mc/Fall13/Neutrino_Pt-2to20_gun/GEN-SIM/POSTLS162_V1-v4/10000/0E75F3DF-AB68-E311-8BA9-003048F5B5F4.root;/store/mc/Fall13/Neutrino_Pt-2to20_gun/GEN-SIM/POSTLS162_V1-v4/10000/243B2096-AB68-E311-B873-90B11C1DBFB4.root;/store/mc/Fall13/Neutrino_Pt-2to20_gun/GEN-SIM/POSTLS162_V1-v4/10000/1421B2BF-AB68-E311-A258-90B11C1DBFB4.root;/store/mc/Fall13/Neutrino_Pt-2to20_gun/GEN-SIM/POSTLS162_V1-v4/10000/40AEBFC1-AB68-E311-A9EA-90B11C2AA388.root;/store/mc/Fall13/Neutrino_Pt-2to20_gun/GEN-SIM/POSTLS162_V1-v4/10000/E49353C7-AB68-E311-A298-003048F5ADEA.root
lumisRange=
>>> Executable cmsRun
/cvmfs/cms.cern.ch/slc6_amd64_gcc481/cms/cmssw/CMSSW_7_1_0_pre8/bin/slc6_amd64_gcc481/cmsRun
ok executable found
>>> info for dashboard:
***** Cat /wntmp/condor/compute-22-25/execute/dir_30176/glide_DAjYI8/execute/dir_27512/jobreport.txt *****
MonitorJobID=36_https://submit-4.t2.ucsd.edu//140801//331280.35
MonitorID=aelwood_140801_jJets_ngun_PU40bx25_1c84ps
ExeStart=cmsRun
***** End Cat jobreport *****
Parameters sent to Dashboard.
>>> cmsRun started at Fri Aug  1 10:06:38 UTC 2014
>>> cmsRun ended at Fri Aug  1 12:40:34 UTC 2014
>>> crab_fjr_*.xml  permission set to 0704
>>> info for dashboard:
***** Cat /wntmp/condor/compute-22-25/execute/dir_30176/glide_DAjYI8/execute/dir_27512/jobreport.txt *****
MonitorJobID=36_https://submit-4.t2.ucsd.edu//140801//331280.35
MonitorID=aelwood_140801_jJets_ngun_PU40bx25_1c84ps
ExeEnd=cmsRun
***** End Cat jobreport *****
Parameters sent to Dashboard.
TIME_EXE = 9236 sec
>>> cmsRun wrote 60 lines of stdout+stderr
>>> START OF printout of 60 lines from stdout+stderr
==> using COND/Services/RelationalAuthenticationService for auth, sys 1
==> using COND/Services/RelationalAuthenticationService for auth, sys 1
01-Aug-2014 03:06:58 PDT  Initiating request to open file /mnt/hadoop/store/mc/Fall13dr/Neutrino_Pt-2to20_gun/GEN-SIM-RAW/tsg_PU40bx25_POSTLS162_V2-v1/00002/BC1CE444-1B7B-E311-911A-0025905A60D2.root
01-Aug-2014 03:08:23 PDT  Successfully opened file /mnt/hadoop/store/mc/Fall13dr/Neutrino_Pt-2to20_gun/GEN-SIM-RAW/tsg_PU40bx25_POSTLS162_V2-v1/00002/BC1CE444-1B7B-E311-911A-0025905A60D2.root
01-Aug-2014 03:11:18 PDT  Initiating request to open file /mnt/hadoop/store/mc/Fall13/Neutrino_Pt-2to20_gun/GEN-SIM/POSTLS162_V1-v4/10000/3228DBE4-AB68-E311-AFE5-0025904A91F6.root
01-Aug-2014 03:11:18 PDT  Fallback request to file root://cmsxrootd.fnal.gov//store/mc/Fall13/Neutrino_Pt-2to20_gun/GEN-SIM/POSTLS162_V1-v4/10000/3228DBE4-AB68-E311-AFE5-0025904A91F6.root
140801 03:11:21 28679 Xrd: CheckErrorStatus: Server [cmssrmdisk.fnal.gov:1095] declared: Request 3018 not supported(error code: 3013)
01-Aug-2014 03:11:21 PDT  Successfully opened file root://cmsxrootd.fnal.gov//store/mc/Fall13/Neutrino_Pt-2to20_gun/GEN-SIM/POSTLS162_V1-v4/10000/3228DBE4-AB68-E311-AFE5-0025904A91F6.root
01-Aug-2014 03:11:30 PDT  Closed file root://cmsxrootd.fnal.gov//store/mc/Fall13/Neutrino_Pt-2to20_gun/GEN-SIM/POSTLS162_V1-v4/10000/3228DBE4-AB68-E311-AFE5-0025904A91F6.root
Stage1Layer2Producer -- Running pp implementation


----------------------------------------
Begin: L1CaloTowerProducer
----------------------------------------

01-Aug-2014 03:13:23 PDT  Closed file /mnt/hadoop/store/mc/Fall13dr/Neutrino_Pt-2to20_gun/GEN-SIM-RAW/tsg_PU40bx25_POSTLS162_V2-v1/00002/BC1CE444-1B7B-E311-911A-0025905A60D2.root
01-Aug-2014 03:13:23 PDT  Initiating request to open file /mnt/hadoop/store/mc/Fall13dr/Neutrino_Pt-2to20_gun/GEN-SIM-RAW/tsg_PU40bx25_POSTLS162_V2-v1/00002/AAD12861-1C7B-E311-A231-002590593872.root
01-Aug-2014 03:13:23 PDT  Successfully opened file /mnt/hadoop/store/mc/Fall13dr/Neutrino_Pt-2to20_gun/GEN-SIM-RAW/tsg_PU40bx25_POSTLS162_V2-v1/00002/AAD12861-1C7B-E311-A231-002590593872.root
140801 03:16:48 623 Xrd: XrdClientMessage::ReadRaw: Failed to read header (8 bytes).
140801 03:16:49 625 Xrd: XrdClientMessage::ReadRaw: Failed to read header (8 bytes).
140801 03:31:49 624 Xrd: XrdClientMessage::ReadRaw: Failed to read header (8 bytes).
140801 03:31:49 621 Xrd: XrdClientMessage::ReadRaw: Failed to read header (8 bytes).
140801 03:31:49 619 Xrd: XrdClientMessage::ReadRaw: Failed to read header (8 bytes).
01-Aug-2014 04:36:48 PDT  Closed file /mnt/hadoop/store/mc/Fall13dr/Neutrino_Pt-2to20_gun/GEN-SIM-RAW/tsg_PU40bx25_POSTLS162_V2-v1/00002/AAD12861-1C7B-E311-A231-002590593872.root
01-Aug-2014 04:36:48 PDT  Initiating request to open file /mnt/hadoop/store/mc/Fall13dr/Neutrino_Pt-2to20_gun/GEN-SIM-RAW/tsg_PU40bx25_POSTLS162_V2-v1/00002/EE53AB58-1D7B-E311-B086-001A92810ABA.root
01-Aug-2014 04:36:54 PDT  Successfully opened file /mnt/hadoop/store/mc/Fall13dr/Neutrino_Pt-2to20_gun/GEN-SIM-RAW/tsg_PU40bx25_POSTLS162_V2-v1/00002/EE53AB58-1D7B-E311-B086-001A92810ABA.root
01-Aug-2014 04:46:22 PDT  Closed file /mnt/hadoop/store/mc/Fall13dr/Neutrino_Pt-2to20_gun/GEN-SIM-RAW/tsg_PU40bx25_POSTLS162_V2-v1/00002/EE53AB58-1D7B-E311-B086-001A92810ABA.root
01-Aug-2014 04:46:22 PDT  Initiating request to open file /mnt/hadoop/store/mc/Fall13dr/Neutrino_Pt-2to20_gun/GEN-SIM-RAW/tsg_PU40bx25_POSTLS162_V2-v1/00002/2442FDFB-1C7B-E311-AB17-0026189438B5.root
01-Aug-2014 04:46:22 PDT  Successfully opened file /mnt/hadoop/store/mc/Fall13dr/Neutrino_Pt-2to20_gun/GEN-SIM-RAW/tsg_PU40bx25_POSTLS162_V2-v1/00002/2442FDFB-1C7B-E311-AB17-0026189438B5.root
01-Aug-2014 04:53:45 PDT  Closed file /mnt/hadoop/store/mc/Fall13dr/Neutrino_Pt-2to20_gun/GEN-SIM-RAW/tsg_PU40bx25_POSTLS162_V2-v1/00002/2442FDFB-1C7B-E311-AB17-0026189438B5.root
01-Aug-2014 04:53:45 PDT  Initiating request to open file /mnt/hadoop/store/mc/Fall13dr/Neutrino_Pt-2to20_gun/GEN-SIM-RAW/tsg_PU40bx25_POSTLS162_V2-v1/00002/84BE6F12-1C7B-E311-A016-002618FDA21D.root
01-Aug-2014 04:53:46 PDT  Successfully opened file /mnt/hadoop/store/mc/Fall13dr/Neutrino_Pt-2to20_gun/GEN-SIM-RAW/tsg_PU40bx25_POSTLS162_V2-v1/00002/84BE6F12-1C7B-E311-A016-002618FDA21D.root
01-Aug-2014 05:26:28 PDT  Closed file /mnt/hadoop/store/mc/Fall13dr/Neutrino_Pt-2to20_gun/GEN-SIM-RAW/tsg_PU40bx25_POSTLS162_V2-v1/00002/84BE6F12-1C7B-E311-A016-002618FDA21D.root
01-Aug-2014 05:26:28 PDT  Initiating request to open file /mnt/hadoop/store/mc/Fall13dr/Neutrino_Pt-2to20_gun/GEN-SIM-RAW/tsg_PU40bx25_POSTLS162_V2-v1/00002/8C1144DA-1A7B-E311-AACC-0025905964A6.root
01-Aug-2014 05:26:28 PDT  Successfully opened file /mnt/hadoop/store/mc/Fall13dr/Neutrino_Pt-2to20_gun/GEN-SIM-RAW/tsg_PU40bx25_POSTLS162_V2-v1/00002/8C1144DA-1A7B-E311-AACC-0025905964A6.root
01-Aug-2014 05:35:28 PDT  Closed file /mnt/hadoop/store/mc/Fall13dr/Neutrino_Pt-2to20_gun/GEN-SIM-RAW/tsg_PU40bx25_POSTLS162_V2-v1/00002/8C1144DA-1A7B-E311-AACC-0025905964A6.root
01-Aug-2014 05:35:28 PDT  Initiating request to open file /mnt/hadoop/store/mc/Fall13dr/Neutrino_Pt-2to20_gun/GEN-SIM-RAW/tsg_PU40bx25_POSTLS162_V2-v1/00002/9E06C0A1-167B-E311-9380-0025905A4964.root
01-Aug-2014 05:35:28 PDT  Successfully opened file /mnt/hadoop/store/mc/Fall13dr/Neutrino_Pt-2to20_gun/GEN-SIM-RAW/tsg_PU40bx25_POSTLS162_V2-v1/00002/9E06C0A1-167B-E311-9380-0025905A4964.root
01-Aug-2014 05:40:28 PDT  Closed file /mnt/hadoop/store/mc/Fall13dr/Neutrino_Pt-2to20_gun/GEN-SIM-RAW/tsg_PU40bx25_POSTLS162_V2-v1/00002/9E06C0A1-167B-E311-9380-0025905A4964.root

=============================================

MessageLogger Summary

 type     category        sev    module        subroutine        count    total
 ---- -------------------- -- ---------------- ----------------  -----    -----
    1 fileAction           -s AfterFile                              4        4
    2 fileAction           -s file_close                             7        7
    3 fileAction           -s file_open                             14       14

 type    category    Examples: run/evt        run/evt          run/evt
 ---- -------------------- ---------------- ---------------- ----------------
    1 fileAction           pre-events       pre-events       pre-events
    2 fileAction           PostProcessEvent PostProcessEvent PostEndRun
    3 fileAction           pre-events       pre-events       PostProcessEvent

Severity    # Occurrences   Total Occurrences
--------    -------------   -----------------
System                 25                  25
>>> END OF printout of 60 lines from stdout+stderr
>>> Parse FrameworkJobReport crab_fjr.xml
Result of parsing the FrameworkJobReport crab_fjr.xml: 
Extracted ExitStatus from FrameworkJobReport parsing output: 0
>>> Executable succeded  0
ExeExitCode=0
EXECUTABLE_EXIT_STATUS = 0
>>> current directory /wntmp/condor/compute-22-25/execute/dir_30176/glide_DAjYI8/execute/dir_27512/cms_3rEtl8jQWBEz/CMSSW_7_1_0_pre8
>>>  (SOFTWARE_DIR): /wntmp/condor/compute-22-25/execute/dir_30176/glide_DAjYI8/execute/dir_27512/cms_3rEtl8jQWBEz/CMSSW_7_1_0_pre8
>>> (WORKING_DIR): /wntmp/condor/compute-22-25/execute/dir_30176/glide_DAjYI8/execute/dir_27512/cms_3rEtl8jQWBEz
>>> current directory content:
total 468484
drwxr-xr-x. 3 uscms4354 cms      4096 Aug  1 03:05 .SCRAM
-rw-------. 1 uscms4354 cms    916533 Aug  1 03:05 CMSSW.py.pkl
-rw-------. 1 uscms4354 cms 477800461 Aug  1 05:40 L1SkimRun.root
drwxr-xr-x. 3 uscms4354 cms      4096 Aug  1 03:05 bin
drwxr-xr-x. 3 uscms4354 cms      4096 Aug  1 03:05 cfipython
drwxr-xr-x. 4 uscms4354 cms      4096 Aug  1 03:05 config
-rw-------. 1 uscms4354 cms        18 Aug  1 05:40 cpu_timing.txt
drwxr-xr-x. 2 uscms4354 cms      4096 Aug  1 03:05 doc
-rw-------. 1 uscms4354 cms      6568 Aug  1 05:40 executable.out
drwxr-xr-x. 2 uscms4354 cms      4096 Aug  1 03:05 include
drwx------. 3 uscms4354 cms      4096 Aug  1 00:37 lib
drwxr-xr-x. 3 uscms4354 cms      4096 Aug  1 03:05 logs
drwxr-xr-x. 3 uscms4354 cms      4096 Aug  1 03:05 objs
-rw-------. 1 uscms4354 cms       104 Aug  1 03:06 pset.py
-rw-------. 1 uscms4354 cms    925621 Aug  1 03:06 pset.py.pkl
-rw-------. 1 uscms4354 cms       289 Aug  1 03:06 pset.pyc
drwxr-xr-x. 2 uscms4354 cms      4096 Aug  1 03:05 python
-rw-------. 1 uscms4354 cms       419 Aug  1 05:40 report.log
drwx------. 5 uscms4354 cms      4096 Aug  1 03:05 src
drwxr-xr-x. 3 uscms4354 cms      4096 Aug  1 03:05 test
drwxr-xr-x. 3 uscms4354 cms      4096 Aug  1 03:05 tmp
>>> current directory /wntmp/condor/compute-22-25/execute/dir_30176/glide_DAjYI8/execute/dir_27512/cms_3rEtl8jQWBEz/CMSSW_7_1_0_pre8
>>> (SOFTWARE_DIR): /wntmp/condor/compute-22-25/execute/dir_30176/glide_DAjYI8/execute/dir_27512/cms_3rEtl8jQWBEz/CMSSW_7_1_0_pre8
>>> (WORKING_DIR): /wntmp/condor/compute-22-25/execute/dir_30176/glide_DAjYI8/execute/dir_27512/cms_3rEtl8jQWBEz
>>> current directory content:
total 468484
drwxr-xr-x. 3 uscms4354 cms      4096 Aug  1 03:05 .SCRAM
-rw-------. 1 uscms4354 cms    916533 Aug  1 03:05 CMSSW.py.pkl
-rw-------. 1 uscms4354 cms 477800461 Aug  1 05:40 L1SkimRun_36_1_yP7.root
drwxr-xr-x. 3 uscms4354 cms      4096 Aug  1 03:05 bin
drwxr-xr-x. 3 uscms4354 cms      4096 Aug  1 03:05 cfipython
drwxr-xr-x. 4 uscms4354 cms      4096 Aug  1 03:05 config
-rw-------. 1 uscms4354 cms        18 Aug  1 05:40 cpu_timing.txt
drwxr-xr-x. 2 uscms4354 cms      4096 Aug  1 03:05 doc
-rw-------. 1 uscms4354 cms      6568 Aug  1 05:40 executable.out
drwxr-xr-x. 2 uscms4354 cms      4096 Aug  1 03:05 include
drwx------. 3 uscms4354 cms      4096 Aug  1 00:37 lib
drwxr-xr-x. 3 uscms4354 cms      4096 Aug  1 03:05 logs
drwxr-xr-x. 3 uscms4354 cms      4096 Aug  1 03:05 objs
-rw-------. 1 uscms4354 cms       104 Aug  1 03:06 pset.py
-rw-------. 1 uscms4354 cms    925621 Aug  1 03:06 pset.py.pkl
-rw-------. 1 uscms4354 cms       289 Aug  1 03:06 pset.pyc
drwxr-xr-x. 2 uscms4354 cms      4096 Aug  1 03:05 python
-rw-------. 1 uscms4354 cms       419 Aug  1 05:40 report.log
drwx------. 5 uscms4354 cms      4096 Aug  1 03:05 src
drwxr-xr-x. 3 uscms4354 cms      4096 Aug  1 03:05 test
drwxr-xr-x. 3 uscms4354 cms      4096 Aug  1 03:05 tmp
>>> current directory (RUNTIME_AREA):  /wntmp/condor/compute-22-25/execute/dir_30176/glide_DAjYI8/execute/dir_27512
SE = srm-eoscms.cern.ch
SE_PATH = /srm/v2/server?SFN=/eos/cms/store/user/aelwood/140801_jJets_ngun_PU40bx25/
LFNBaseName = /store/user/aelwood/140801_jJets_ngun_PU40bx25/
USER = aelwood
endpoint = srm://srm-eoscms.cern.ch:8443/srm/v2/server?SFN=/eos/cms/store/user/aelwood/140801_jJets_ngun_PU40bx25/
>>> Copy output files from WN = compute-22-25.tier2 to /srm/v2/server?SFN=/eos/cms/store/user/aelwood/140801_jJets_ngun_PU40bx25/ :
python cmscp.py  --destination srm://srm-eoscms.cern.ch:8443/srm/v2/server?SFN=/eos/cms/store/user/aelwood/140801_jJets_ngun_PU40bx25/ --inputFileList /wntmp/condor/compute-22-25/execute/dir_30176/glide_DAjYI8/execute/dir_27512/cms_3rEtl8jQWBEz/CMSSW_7_1_0_pre8/L1SkimRun_36_1_yP7.root --middleware OSG --se_name srm-eoscms.cern.ch --for_lfn /store/user/aelwood/140801_jJets_ngun_PU40bx25/    
******************************************************
localSeName  =  cit-se.ultralight.org
remoteSeName =  srm-eoscms.cern.ch
******************************************************
{"/wntmp/condor/compute-22-25/execute/dir_30176/glide_DAjYI8/execute/dir_27512/cms_3rEtl8jQWBEz/CMSSW_7_1_0_pre8/L1SkimRun_36_1_yP7.root": {"endpoint": "srm://srm-eoscms.cern.ch:8443/srm/v2/server?SFN=/eos/cms/store/user/aelwood/140801_jJets_ngun_PU40bx25/", "surl_for_grid": "", "reason": "ERROR: problems checking if file /wntmp/condor/compute-22-25/execute/dir_30176/glide_DAjYI8/execute/dir_27512/cms_3rEtl8jQWBEz/CMSSW_7_1_0_pre8/L1SkimRun_36_1_yP7.root already exist'Error checking [L1SkimRun_36_1_yP7.root]'", "erCode": "60307", "se_name": "srm-eoscms.cern.ch", "for_lfn": "/copy_problem/"}}/wntmp/condor/compute-22-25/execute/dir_30176/glide_DAjYI8/execute/dir_27512
-------- cat /wntmp/condor/compute-22-25/execute/dir_30176/glide_DAjYI8/execute/dir_27512/cmscpReport.sh 
#!/bin/bash
echo "Report for File: /wntmp/condor/compute-22-25/execute/dir_30176/glide_DAjYI8/execute/dir_27512/cms_3rEtl8jQWBEz/CMSSW_7_1_0_pre8/L1SkimRun_36_1_yP7.root"
echo "LFN: /copy_problem/L1SkimRun_36_1_yP7.root"
echo "StorageElement: srm-eoscms.cern.ch"
echo "StageOutExitStatusReason = 'ERROR: problems checking if file /wntmp/condor/compute-22-25/execute/dir_30176/glide_DAjYI8/execute/dir_27512/cms_3rEtl8jQWBEz/CMSSW_7_1_0_pre8/L1SkimRun_36_1_yP7.root already exist Error checking [L1SkimRun_36_1_yP7.root] '" | tee -a $RUNTIME_AREA/$repo
echo "StageOutSE = srm-eoscms.cern.ch" >> $RUNTIME_AREA/$repo

export StageOutExitStatus=60307
echo "StageOutExitStatus = 60307" | tee -a $RUNTIME_AREA/$repo
-------- end of /wntmp/condor/compute-22-25/execute/dir_30176/glide_DAjYI8/execute/dir_27512/cmscpReport.sh 
Report for File: /wntmp/condor/compute-22-25/execute/dir_30176/glide_DAjYI8/execute/dir_27512/cms_3rEtl8jQWBEz/CMSSW_7_1_0_pre8/L1SkimRun_36_1_yP7.root
LFN: /copy_problem/L1SkimRun_36_1_yP7.root
StorageElement: srm-eoscms.cern.ch
StageOutExitStatusReason = 'ERROR: problems checking if file /wntmp/condor/compute-22-25/execute/dir_30176/glide_DAjYI8/execute/dir_27512/cms_3rEtl8jQWBEz/CMSSW_7_1_0_pre8/L1SkimRun_36_1_yP7.root already exist Error checking [L1SkimRun_36_1_yP7.root] '
StageOutExitStatus = 60307
Problem copying file to srm-eoscms.cern.ch /srm/v2/server?SFN=/eos/cms/store/user/aelwood/140801_jJets_ngun_PU40bx25/
########## contents of SE interaction
2014-08-01 05:41:20.492351:
Executed:	unset LD_LIBRARY_PATH; unset GLITE_ENV_SET; export PATH=/usr/bin:/bin; source /etc/profile; source /wntmp/condor/compute-22-25/execute/dir_30176/glide_DAjYI8/execute/dir_27512/CacheEnv.sh ; lcg-ls -b -D srmv2 --srm-timeout 2400 --sendreceive-timeout 2400 --connect-timeout 300 --verbose srm://srm-eoscms.cern.ch:8443/srm/v2/server?SFN=/eos/cms/store/user/aelwood/140801_jJets_ngun_PU40bx25/L1SkimRun_36_1_yP7.root
Done with exit code:	1
and output:
SE type: SRMv2
[SE][Ls][] httpg://srm-eoscms.cern.ch:8443/srm/v2/server: CGSI-gSOAP running on compute-22-25.tier2 reports Error initializing context
GSS Major Status: Authentication Failed

GSS Minor Status Error Chain:
globus_gsi_gssapi: SSLv3 handshake problems
OpenSSL Error: s3_clnt.c:1168: in library: SSL routines, function SSL3_GET_SERVER_CERTIFICATE: certificate verify failed
globus_gsi_callback_module: Could not verify credential
globus_gsi_callback_module: Can't get the local trusted CA certificate: Cannot find trusted CA certificate with hash 5168735f in /etc/grid-security/certificates/



#####################################
>>> current dir: /wntmp/condor/compute-22-25/execute/dir_30176/glide_DAjYI8/execute/dir_27512
>>> current dir content:
total 15124
-rw-------. 1 uscms4354 cms     1094 Aug  1 05:41 .SEinteraction.log
-rwx------. 1 uscms4354 cms     6638 Aug  1 03:05 .job.ad
-rwx------. 1 uscms4354 cms     9441 Aug  1 03:05 .machine.ad
-rw-------. 1 uscms4354 cms      105 Aug  1 02:57 CMSSW.py
-rw-------. 1 uscms4354 cms   916533 Aug  1 02:57 CMSSW.py.pkl
-rwx------. 1 uscms4354 cms    28576 Aug  1 03:05 CMSSW.sh
-rw-------. 1 uscms4354 cms      183 Aug  1 03:05 CacheEnv.sh
-rw-------. 1 uscms4354 cms     7291 Jul 12 08:18 DashboardAPI.py
-rw-------. 1 uscms4354 cms     6770 Aug  1 03:06 DashboardAPI.pyc
drwx------. 2 uscms4354 cms     4096 Aug  1 05:40 IMProv
lrwxrwxrwx. 1 uscms4354 cms      134 Aug  1 05:41 L1SkimRun.root -> /wntmp/condor/compute-22-25/execute/dir_30176/glide_DAjYI8/execute/dir_27512/cms_3rEtl8jQWBEz/CMSSW_7_1_0_pre8/L1SkimRun_36_1_yP7.root
-rw-------. 1 uscms4354 cms     2748 Jul 12 08:18 Logger.py
-rw-------. 1 uscms4354 cms     3332 Aug  1 03:06 Logger.pyc
-rw-------. 1 uscms4354 cms    24524 Jul 12 08:18 ProcInfo.py
-rw-------. 1 uscms4354 cms    23125 Aug  1 03:06 ProcInfo.pyc
drwx------. 7 uscms4354 cms     4096 Aug  1 03:06 ProdCommon
drwx------. 3 uscms4354 cms     4096 Aug  1 03:05 WMCore
-rw-------. 1 uscms4354 cms     7250 Aug  1 05:41 Watchdog_36.log
-rwx------. 1 uscms4354 cms        0 Aug  1 03:05 _condor_stderr
-rwx---r--. 1 uscms4354 cms    30815 Aug  1 05:46 _condor_stdout
-rw-------. 1 uscms4354 cms    32895 Jul 12 08:18 apmon.py
-rw-------. 1 uscms4354 cms    28538 Aug  1 03:06 apmon.pyc
-rwx------. 1 uscms4354 cms   240046 Aug  1 03:05 arguments.xml
drwx------. 3 uscms4354 cms     4096 Aug  1 03:05 cms_3rEtl8jQWBEz
-rwx------. 1 uscms4354 cms    38524 Jul 12 08:18 cmscp.py
-rw-------. 1 uscms4354 cms      710 Aug  1 05:46 cmscpReport.sh
-rwx------. 1 uscms4354 cms    28576 Aug  1 03:05 condor_exec.exe
-rw-------. 1 uscms4354 cms      759 Aug  1 02:56 crab.cfg
-rwx------. 1 uscms4354 cms     8610 Jul 12 08:18 crabWatchdog.sh
-rwx---r--. 1 uscms4354 cms    76695 Aug  1 05:40 crab_fjr_36.xml
-rwx------. 1 uscms4354 cms 13818897 Aug  1 03:05 default.tgz
-rwx------. 1 uscms4354 cms     4488 Jul 12 08:18 fillCrabFjr.py
-rw-------. 1 uscms4354 cms     6839 Aug  1 03:06 inputsReport.txt
-rw-------. 1 uscms4354 cms      455 Aug  1 05:46 jobreport.txt
-rw-------. 1 uscms4354 cms    17352 Jul 12 08:18 parseCrabFjr.py
-rw-------. 1 uscms4354 cms      334 Aug  1 03:05 report.log
-rwx--x--x. 1 uscms4354 cms     1497 Jul 12 08:18 report.py
-rw-------. 1 uscms4354 cms      598 Aug  1 05:46 resultCopyFile
-rwx------. 1 uscms4354 cms     8351 Jul 12 08:18 writeCfg.py
-rw-------. 1 uscms4354 cms     8083 Aug  1 05:15 x509up_u41660
>>> Modify Job Report:
CMSSW_VERSION = CMSSW_7_1_0_pre8
/wntmp/condor/compute-22-25/execute/dir_30176/glide_DAjYI8/execute/dir_27512/ProdCommon/FwkJobRep/ModifyJobReport.py fjr /wntmp/condor/compute-22-25/execute/dir_30176/glide_DAjYI8/execute/dir_27512/crab_fjr_36.xml json /wntmp/condor/compute-22-25/execute/dir_30176/glide_DAjYI8/execute/dir_27512/resultCopyFile n_job 36_1_yP7 PrimaryDataset Neutrino_Pt-2to20_gun  ApplicationFamily cmsRun ApplicationName cmsRun cmssw_version CMSSW_7_1_0_pre8 psethash 951aa882d2ac167e3fe15038b4453880
inputDict =  {u'/wntmp/condor/compute-22-25/execute/dir_30176/glide_DAjYI8/execute/dir_27512/cms_3rEtl8jQWBEz/CMSSW_7_1_0_pre8/L1SkimRun_36_1_yP7.root': {u'endpoint': u'srm://srm-eoscms.cern.ch:8443/srm/v2/server?SFN=/eos/cms/store/user/aelwood/140801_jJets_ngun_PU40bx25/', u'surl_for_grid': u'', u'reason': u"ERROR: problems checking if file /wntmp/condor/compute-22-25/execute/dir_30176/glide_DAjYI8/execute/dir_27512/cms_3rEtl8jQWBEz/CMSSW_7_1_0_pre8/L1SkimRun_36_1_yP7.root already exist'Error checking [L1SkimRun_36_1_yP7.root]'", u'erCode': u'60307', u'se_name': u'srm-eoscms.cern.ch', u'for_lfn': u'/copy_problem/'}}
UserProcessedDataset =  
file_name in inputDict =  /wntmp/condor/compute-22-25/execute/dir_30176/glide_DAjYI8/execute/dir_27512/cms_3rEtl8jQWBEz/CMSSW_7_1_0_pre8/L1SkimRun_36_1_yP7.root
(size) os.stat(filename)[6] =  477800461
checksum =  3146873815
    file =  L1SkimRun_36_1_yP7.root
    newPfn =  srm://srm-eoscms.cern.ch:8443/srm/v2/server?SFN=/eos/cms/store/user/aelwood/140801_jJets_ngun_PU40bx25/L1SkimRun_36_1_yP7.root
    newLfn =  /copy_problem/L1SkimRun_36_1_yP7.root
>>> crab_fjr_*.xml  permission set to 0704
CrabWrapper EXIT_FUNC entered at Fri Aug  1 05:46:12 PDT 2014   -  Fri Aug  1 12:46:12 UTC 2014
Checking output files:  
will tar file crab_fjr_36.xml in  out_files_36
WARNING: output file CMSSW_36.stdout not found!
WARNING: output file CMSSW_36.stderr not found!
WARNING: output file Watchdog_36.log.gz not found!
>>> working dir = /wntmp/condor/compute-22-25/execute/dir_30176/glide_DAjYI8/execute/dir_27512/cms_3rEtl8jQWBEz
>>> current directory (RUNTIME_AREA): /wntmp/condor/compute-22-25/execute/dir_30176/glide_DAjYI8/execute/dir_27512
>>> Remove working directory: /wntmp/condor/compute-22-25/execute/dir_30176/glide_DAjYI8/execute/dir_27512/cms_3rEtl8jQWBEz
/wntmp/condor/compute-22-25/execute/dir_30176/glide_DAjYI8/execute/dir_27512/condor_exec.exe: line 140: symlinks: command not found
>>> padding time: Wrapper lasting more than 600 seconds. No sleep required.
STOPPING WATCHDOG. CrabWatchdog PID is 28349
********** LAST 50 LINES OF WATCHDOG LOG
 Aug 01 04:29:42 PDT	---	695356	963692	155	----	----	----
 Aug 01 04:30:45 PDT	---	695356	963692	163	----	----	----
# TIME			PID	RSS(KB)	VSZ(KB)	Dsk(MB)	tCPU(s)	tWALL(s)	COMMAND
 Aug 01 04:31:47 PDT	---	695356	963692	164	----	----	----
 Aug 01 04:34:53 PDT	---	695356	963692	166	----	----	----
 Aug 01 04:35:55 PDT	---	695356	963692	173	----	----	----
 Aug 01 04:36:57 PDT	---	695356	963692	180	----	----	----
 Aug 01 04:38:00 PDT	---	695356	963692	192	----	----	----
 Aug 01 04:39:03 PDT	---	695356	963692	203	----	----	----
 Aug 01 04:40:06 PDT	---	695356	963692	214	----	----	----
 Aug 01 04:41:09 PDT	---	695356	963692	224	----	----	----
 Aug 01 04:42:12 PDT	---	695356	963692	233	----	----	----
 Aug 01 04:43:14 PDT	---	695356	963692	234	----	----	----
 Aug 01 04:44:16 PDT	---	695356	963692	245	----	----	----
 Aug 01 04:45:19 PDT	---	695356	963692	255	----	----	----
 Aug 01 04:46:21 PDT	---	695356	963692	265	----	----	----
 Aug 01 04:47:22 PDT	---	695356	963692	276	----	----	----
 Aug 01 04:48:24 PDT	---	695356	963692	286	----	----	----
 Aug 01 04:49:27 PDT	---	695356	963692	292	----	----	----
 Aug 01 04:50:30 PDT	---	695356	963692	300	----	----	----
 Aug 01 04:51:33 PDT	---	695356	963692	310	----	----	----
 Aug 01 04:52:34 PDT	---	695356	963692	314	----	----	----
 Aug 01 04:53:36 PDT	---	695356	963692	324	----	----	----
 Aug 01 04:54:37 PDT	---	695356	963692	326	----	----	----
 Aug 01 04:55:40 PDT	---	695356	963692	337	----	----	----
 Aug 01 04:56:42 PDT	---	695356	963692	348	----	----	----
 Aug 01 04:57:45 PDT	---	695356	963692	358	----	----	----
 Aug 01 04:58:47 PDT	---	695356	963692	368	----	----	----
 Aug 01 04:59:49 PDT	---	695356	963692	379	----	----	----
 Aug 01 05:00:50 PDT	---	695356	963692	388	----	----	----
 Aug 01 05:01:52 PDT	---	695356	963692	392	----	----	----
 Aug 01 05:02:53 PDT	---	695356	963692	393	----	----	----
 Aug 01 05:03:55 PDT	---	695356	963692	394	----	----	----
# TIME			PID	RSS(KB)	VSZ(KB)	Dsk(MB)	tCPU(s)	tWALL(s)	COMMAND
 Aug 01 05:04:56 PDT	---	695356	963692	400	----	----	----
 Aug 01 05:26:36 PDT	---	695356	963692	406	----	----	----
 Aug 01 05:27:38 PDT	---	695356	963692	413	----	----	----
 Aug 01 05:28:40 PDT	---	695356	963692	422	----	----	----
 Aug 01 05:29:43 PDT	---	695356	963692	435	----	----	----
 Aug 01 05:30:46 PDT	---	695356	963692	445	----	----	----
 Aug 01 05:31:49 PDT	---	695356	963692	456	----	----	----
 Aug 01 05:32:51 PDT	---	695356	963692	466	----	----	----
 Aug 01 05:33:54 PDT	---	695356	963692	475	----	----	----
 Aug 01 05:34:57 PDT	---	695356	963692	488	----	----	----
 Aug 01 05:35:59 PDT	---	695356	963692	497	----	----	----
 Aug 01 05:37:01 PDT	---	695356	963692	508	----	----	----
 Aug 01 05:38:03 PDT	---	695356	963692	519	----	----	----
 Aug 01 05:39:05 PDT	---	695356	963692	528	----	----	----
 Aug 01 05:40:08 PDT	---	695356	963692	538	----	----	----
 Aug 01 05:41:10 PDT	---	695356	963692	544	----	----	----
********** WATCHDOG LOG ENDED
ZIPPING WATCHDOG LOG
Disk space used:
du -sh /wntmp/condor/compute-22-25/execute/dir_30176/glide_DAjYI8/execute/dir_27512
17M	/wntmp/condor/compute-22-25/execute/dir_30176/glide_DAjYI8/execute/dir_27512
Found unusual stdout, rename for OSB
`/wntmp/condor/compute-22-25/execute/dir_30176/glide_DAjYI8/execute/dir_27512/_condor_stdout' -> `CMSSW_36.stdout'
Found unusual stderr, rename for OSB
`/wntmp/condor/compute-22-25/execute/dir_30176/glide_DAjYI8/execute/dir_27512/_condor_stdout' -> `CMSSW_36.stderr'
crab_fjr_36.xml
CMSSW_36.stdout
CMSSW_36.stderr
Watchdog_36.log.gz
Total Output dimension: 22546
WARNING: output files size limit is set to: 50000000
Total Output dimension 22546 is fine.
JOB_EXIT_STATUS = 60307
>>> info for dashboard:
***** Cat /wntmp/condor/compute-22-25/execute/dir_30176/glide_DAjYI8/execute/dir_27512/jobreport.txt *****
MonitorJobID=36_https://submit-4.t2.ucsd.edu//140801//331280.35
MonitorID=aelwood_140801_jJets_ngun_PU40bx25_1c84ps
ExeTime=9236
ExeExitCode=0
StageOutExitStatusReason = 'ERROR: problems checking if file /wntmp/condor/compute-22-25/execute/dir_30176/glide_DAjYI8/execute/dir_27512/cms_3rEtl8jQWBEz/CMSSW_7_1_0_pre8/L1SkimRun_36_1_yP7.root already exist Error checking [L1SkimRun_36_1_yP7.root] '
StageOutSE = srm-eoscms.cern.ch
StageOutExitStatus = 60307
CrabUserCpuTime=2141.31
CrabSysCpuTime=32.29
CrabCpuPercentage=23%
CrabWrapperTime=9623
CrabStageoutTime=307
JobExitCode=60307
***** End Cat jobreport *****
Parameters sent to Dashboard.
EXITING at Fri Aug  1 05:46:15 PDT 2014  -  Fri Aug  1 12:46:15 UTC 2014
