This script was generated by crab (version 2.10.6).
Running /wntmp/condor/compute-12-13/execute/dir_16100/glide_4pgT52/execute/dir_14981/condor_exec.exe with 2 positional parameters: 50 1
Today is Fri Aug  1 03:33:01 PDT 2014 - Fri Aug  1 10:33:01 UTC 2014
Job submitted on host compute-12-13.tier2
Linux compute-12-13.tier2 2.6.32-431.5.1.el6.x86_64 #1 SMP Wed Feb 12 00:41:43 UTC 2014 x86_64 x86_64 x86_64 GNU/Linux
>>> current directory (RUNTIME_AREA): /wntmp/condor/compute-12-13/execute/dir_16100/glide_4pgT52/execute/dir_14981
>>> current user: uid=20804(uscms4354) gid=504(cms) groups=504(cms),65003(glexec65003) context=unconfined_u:system_r:condor_startd_t:s0
>>> directory permission set to 0700
>>> umask set to:  u=rwx,g=,o=
>>> stdout stderr permission set to 0704
>>> voms proxy information:
subject   : /C=UK/O=eScience/OU=Imperial/L=Physics/CN=adam elwood/CN=1171778048/CN=429593889
issuer    : /C=UK/O=eScience/OU=Imperial/L=Physics/CN=adam elwood/CN=1171778048
identity  : /C=UK/O=eScience/OU=Imperial/L=Physics/CN=adam elwood/CN=1171778048
type      : RFC compliant proxy
strength  : 1024 bits
path      : /wntmp/condor/compute-12-13/execute/dir_16100/glide_4pgT52/execute/dir_14981/x509up_u41660
timeleft  : 23:59:53
key usage : Digital Signature, Key Encipherment, Key Agreement
=== VO cms extension information ===
VO        : cms
subject   : /C=UK/O=eScience/OU=Imperial/L=Physics/CN=adam elwood
issuer    : /DC=ch/DC=cern/OU=computers/CN=lcg-voms.cern.ch
attribute : /cms/Role=NULL/Capability=NULL
timeleft  : 191:20:15
uri       : lcg-voms.cern.ch:15002
WNHostName=compute-12-13.tier2
>>> tar --no-same-permissions -xf /wntmp/condor/compute-12-13/execute/dir_16100/glide_4pgT52/execute/dir_14981/default.tgz :
Successful untar
>>> Include /wntmp/condor/compute-12-13/execute/dir_16100/glide_4pgT52/execute/dir_14981 in PYTHONPATH:
strip arguments
env var CRAB_UNIQUE_JOB_ID set to: aelwood_140801_jJets_ngun_PU40bx25_1c84ps_50_1_Zfd
out_files_50
>>> list of expected files on output sandbox
output files: crab_fjr_50.xml CMSSW_50.stdout CMSSW_50.stderr Watchdog_50.log.gz
>>> GridFlavour discovery: 
source OSG GRID setup script
GridFlavour=OSG
>>> SyncSite discovery: 
SyncSite=T2_US_Caltech
>>> SyncCE discovery: 
getting SyncCE from OSG_JOB_CONTACT
SyncCE=itb-ce.ultralight.org/jobmanager-condor
>>> info for dashboard:
***** Cat /wntmp/condor/compute-12-13/execute/dir_16100/glide_4pgT52/execute/dir_14981/jobreport.txt *****
WNHostName=compute-12-13.tier2
MonitorJobID=50_https://submit-4.t2.ucsd.edu//140801//331280.49
SyncGridJobId=https://submit-4.t2.ucsd.edu//140801//331280.49
MonitorID=aelwood_140801_jJets_ngun_PU40bx25_1c84ps
GridFlavour=OSG
SyncSite=T2_US_Caltech
SyncCE=itb-ce.ultralight.org/jobmanager-condor
***** End Cat jobreport *****
Parameters sent to Dashboard.
>>> setup environment
set SCRAM ARCH to slc6_amd64_gcc481
SCRAM_ARCH = slc6_amd64_gcc481
>>> Created working directory: /wntmp/condor/compute-12-13/execute/dir_16100/glide_4pgT52/execute/dir_14981/cms_9lGHvUp0lSY1
Change to working directory: /wntmp/condor/compute-12-13/execute/dir_16100/glide_4pgT52/execute/dir_14981/cms_9lGHvUp0lSY1
>>> current directory (WORKING_DIR): /wntmp/condor/compute-12-13/execute/dir_16100/glide_4pgT52/execute/dir_14981/cms_9lGHvUp0lSY1
>>> setup CMS OSG environment:
set SCRAM ARCH to slc6_amd64_gcc481
SCRAM_ARCH = slc6_amd64_gcc481
OSG_APP is /raid1/osg-app
sourcing /raid1/osg-app/cmssoft/cms/cmsset_default.sh ...
==> setup cms environment ok
SCRAM_ARCH = slc6_amd64_gcc481
>>> specific cmssw setup environment:
CMSSW_VERSION =  CMSSW_7_1_0_pre8
>>> current directory (SOFTWARE_DIR): /wntmp/condor/compute-12-13/execute/dir_16100/glide_4pgT52/execute/dir_14981/cms_9lGHvUp0lSY1/CMSSW_7_1_0_pre8
PreserveSeeds: <>
IncrementSeeds:<>
>>> info for dashboard:
***** Cat /wntmp/condor/compute-12-13/execute/dir_16100/glide_4pgT52/execute/dir_14981/jobreport.txt *****
MonitorJobID=50_https://submit-4.t2.ucsd.edu//140801//331280.49
MonitorID=aelwood_140801_jJets_ngun_PU40bx25_1c84ps
***** End Cat jobreport *****
Parameters sent to Dashboard.
crabWatchdog started as process 19537
>>> moving CMSSW software directories in /wntmp/condor/compute-12-13/execute/dir_16100/glide_4pgT52/execute/dir_14981/cms_9lGHvUp0lSY1/CMSSW_7_1_0_pre8
mv: cannot stat `/wntmp/condor/compute-12-13/execute/dir_16100/glide_4pgT52/execute/dir_14981/module/': No such file or directory
>>> Include /wntmp/condor/compute-12-13/execute/dir_16100/glide_4pgT52/execute/dir_14981 in PYTHONPATH:
PYTHONPATH=/wntmp/condor/compute-12-13/execute/dir_16100/glide_4pgT52/execute/dir_14981/:/wntmp/condor/compute-12-13/execute/dir_16100/glide_4pgT52/execute/dir_14981/cms_9lGHvUp0lSY1/CMSSW_7_1_0_pre8/python:/wntmp/condor/compute-12-13/execute/dir_16100/glide_4pgT52/execute/dir_14981/cms_9lGHvUp0lSY1/CMSSW_7_1_0_pre8/lib/slc6_amd64_gcc481:/cvmfs/cms.cern.ch/slc6_amd64_gcc481/cms/cmssw/CMSSW_7_1_0_pre8/python:/cvmfs/cms.cern.ch/slc6_amd64_gcc481/cms/cmssw/CMSSW_7_1_0_pre8/lib/slc6_amd64_gcc481:/cvmfs/cms.cern.ch/slc6_amd64_gcc481/cms/coral/CORAL_2_3_21-cms20/slc6_amd64_gcc481/python:/cvmfs/cms.cern.ch/slc6_amd64_gcc481/cms/coral/CORAL_2_3_21-cms20/slc6_amd64_gcc481/lib:/cvmfs/cms.cern.ch/slc6_amd64_gcc481/external/pyqt/4.8.1-cms/lib/python2.7/site-packages:/cvmfs/cms.cern.ch/slc6_amd64_gcc481/external/py2-scipy/0.8.0-cms/lib/python2.7/site-packages:/cvmfs/cms.cern.ch/slc6_amd64_gcc481/external/py2-matplotlib/1.2.1-cms/lib/python2.7/site-packages:/cvmfs/cms.cern.ch/slc6_amd64_gcc481/external/yoda/1.0.4/lib/python2.7/site-packages:/cvmfs/cms.cern.ch/slc6_amd64_gcc481/external/python-ldap/2.4.10-cms/lib/python2.7/site-packages:/cvmfs/cms.cern.ch/slc6_amd64_gcc481/external/sip/4.11.2-cms/lib/python2.7/site-packages:/cvmfs/cms.cern.ch/slc6_amd64_gcc481/external/llvm/3.4/lib/python2.7/site-packages:/cvmfs/cms.cern.ch/slc6_amd64_gcc481/external/py2-sqlalchemy/0.8.2-cms2/lib/python2.7/site-packages:/cvmfs/cms.cern.ch/slc6_amd64_gcc481/external/py2-pycurl/7.19.0-cms/lib/python2.7/site-packages:/cvmfs/cms.cern.ch/slc6_amd64_gcc481/external/py2-python-dateutil/1.1-cms/lib/python2.7/site-packages:/cvmfs/cms.cern.ch/slc6_amd64_gcc481/external/py2-numpy/1.6.1-cms/lib/python2.7/site-packages:/cvmfs/cms.cern.ch/slc6_amd64_gcc481/external/py2-lint/0.25.1-cms/lib/python2.7/site-packages:/cvmfs/cms.cern.ch/slc6_amd64_gcc481/external/py2-ipython/0.10-cms/lib/python2.7/site-packages:/cvmfs/cms.cern.ch/slc6_amd64_gcc481/external/py2-cx-oracle/5.1-cms2/lib/python2.7/site-packages:/cvmfs/cms.cern.ch/slc6_amd64_gcc481/external/py2-cjson/1.0.5-cms/lib/python2.7/site-packages:/cvmfs/cms.cern.ch/slc6_amd64_gcc481/external/frontier_client/2.8.10/python/lib:/cvmfs/cms.cern.ch/slc6_amd64_gcc481/cms/das-client/2.5.0/bin:/cvmfs/cms.cern.ch/slc6_amd64_gcc481/external/cython/0.19.1/lib/python2.7/site-packages:/cvmfs/cms.cern.ch/slc6_amd64_gcc481/external/rivet/1.8.2-cms4/lib/python2.7/site-packages:/cvmfs/cms.cern.ch/slc6_amd64_gcc481/external/pyminuit2/0.0.1-cms13/lib/python2.7/site-packages:/cvmfs/cms.cern.ch/slc6_amd64_gcc481/external/py2-pygithub/1.23.0/lib/python2.7/site-packages:/cvmfs/cms.cern.ch/slc6_amd64_gcc481/external/py2-networkx/1.8.1/lib/python2.7/site-packages:/cvmfs/cms.cern.ch/slc6_amd64_gcc481/external/professor/1.0.0-cms13/lib/python2.7/site-packages:/cvmfs/cms.cern.ch/slc6_amd64_gcc481/lcg/root/5.34.18/lib:/cvmfs/cms.cern.ch/slc6_amd64_gcc481/cms/dbs-client/DBS_2_1_9-cms/lib:/cvmfs/cms.cern.ch/slc6_amd64_gcc481/cms/dbs-client/DBS_2_1_9-cms/lib/DBSAPI:/cvmfs/cms.cern.ch/slc6_amd64_gcc481/external/cvs2git/5419-cms/lib:/wntmp/condor/compute-12-13/execute/dir_16100/glide_4pgT52/execute/dir_14981/
 
# LIMITS USED BY CRAB WATCHDOG:
# RSS  (KBytes)   : 2300000
# VSZ  (KBytes)   : 100000000
# DISK (MBytes)   : 19000
# CPU TIME        : 720h:0m:0s
# WALL CLOCK TIME : 21h:50m:0s
 
951aa882d2ac167e3fe15038b4453880
PSETHASH = 951aa882d2ac167e3fe15038b4453880
/wntmp/condor/compute-12-13/execute/dir_16100/glide_4pgT52/execute/dir_14981/writeCfg.py pset.py pset.py
Importing .py file
Setting parameters
RandomNumberGeneratorService found, will attempt to change seeds
inputBlocks=/Neutrino_Pt-2to20_gun/Fall13dr-tsg_PU40bx25_POSTLS162_V2-v1/GEN-SIM-RAW#09b9f490-7aa3-11e3-b1c2-003048f02d38
inputFiles=/store/mc/Fall13dr/Neutrino_Pt-2to20_gun/GEN-SIM-RAW/tsg_PU40bx25_POSTLS162_V2-v1/00002/D87D568A-EB7A-E311-89AF-002618943923.root;/store/mc/Fall13dr/Neutrino_Pt-2to20_gun/GEN-SIM-RAW/tsg_PU40bx25_POSTLS162_V2-v1/00002/8A1CD038-EB7A-E311-8EB3-00261894394D.root;/store/mc/Fall13dr/Neutrino_Pt-2to20_gun/GEN-SIM-RAW/tsg_PU40bx25_POSTLS162_V2-v1/00002/548AB53E-EB7A-E311-8005-00261894393B.root;/store/mc/Fall13dr/Neutrino_Pt-2to20_gun/GEN-SIM-RAW/tsg_PU40bx25_POSTLS162_V2-v1/00002/DCCECBE7-E67A-E311-B8DE-0025905A60A8.root;/store/mc/Fall13dr/Neutrino_Pt-2to20_gun/GEN-SIM-RAW/tsg_PU40bx25_POSTLS162_V2-v1/00002/946C19D0-E77A-E311-87B5-0025905A607E.root;/store/mc/Fall13dr/Neutrino_Pt-2to20_gun/GEN-SIM-RAW/tsg_PU40bx25_POSTLS162_V2-v1/00002/28013806-C07A-E311-8E9F-003048B95B30.root;/store/mc/Fall13dr/Neutrino_Pt-2to20_gun/GEN-SIM-RAW/tsg_PU40bx25_POSTLS162_V2-v1/00002/4A3791B9-BF7A-E311-ACB3-003048678C62.root;/store/mc/Fall13dr/Neutrino_Pt-2to20_gun/GEN-SIM-RAW/tsg_PU40bx25_POSTLS162_V2-v1/00002/72441419-DF7A-E311-971C-002590593902.root
parentFiles=/store/mc/Fall13/Neutrino_Pt-2to20_gun/GEN-SIM/POSTLS162_V1-v4/10001/0C56A257-B068-E311-A6EB-003048F5B2A0.root;/store/mc/Fall13/Neutrino_Pt-2to20_gun/GEN-SIM/POSTLS162_V1-v4/10000/3228DBE4-AB68-E311-AFE5-0025904A91F6.root;/store/mc/Fall13/Neutrino_Pt-2to20_gun/GEN-SIM/POSTLS162_V1-v4/10000/0A8C8CED-AB68-E311-80BE-90B11C27F89E.root;/store/mc/Fall13/Neutrino_Pt-2to20_gun/GEN-SIM/POSTLS162_V1-v4/10000/1A5080F4-AA68-E311-BFFB-90B11C1DBFB4.root;/store/mc/Fall13/Neutrino_Pt-2to20_gun/GEN-SIM/POSTLS162_V1-v4/10000/58156EF4-AA68-E311-A5B1-90B11C1DBFB4.root;/store/mc/Fall13/Neutrino_Pt-2to20_gun/GEN-SIM/POSTLS162_V1-v4/10000/DEB470F4-AA68-E311-A5EC-90B11C1DBFB4.root;/store/mc/Fall13/Neutrino_Pt-2to20_gun/GEN-SIM/POSTLS162_V1-v4/10000/5E069FF4-AA68-E311-8232-90B11C1DBFB4.root;/store/mc/Fall13/Neutrino_Pt-2to20_gun/GEN-SIM/POSTLS162_V1-v4/10000/F4012258-AB68-E311-8717-0025904AC2CA.root;/store/mc/Fall13/Neutrino_Pt-2to20_gun/GEN-SIM/POSTLS162_V1-v4/10000/1433FB5A-AB68-E311-9ADF-002590491AE4.root;/store/mc/Fall13/Neutrino_Pt-2to20_gun/GEN-SIM/POSTLS162_V1-v4/10000/C24871F4-AA68-E311-9366-90B11C1DBFB4.root;/store/mc/Fall13/Neutrino_Pt-2to20_gun/GEN-SIM/POSTLS162_V1-v4/10000/0E6630EA-AA68-E311-9082-003048F5B2A0.root;/store/mc/Fall13/Neutrino_Pt-2to20_gun/GEN-SIM/POSTLS162_V1-v4/10000/1A5080F4-AA68-E311-BFFB-90B11C1DBFB4.root;/store/mc/Fall13/Neutrino_Pt-2to20_gun/GEN-SIM/POSTLS162_V1-v4/10000/58156EF4-AA68-E311-A5B1-90B11C1DBFB4.root;/store/mc/Fall13/Neutrino_Pt-2to20_gun/GEN-SIM/POSTLS162_V1-v4/10001/A2E134ED-B168-E311-81A9-00259084A6C4.root;/store/mc/Fall13/Neutrino_Pt-2to20_gun/GEN-SIM/POSTLS162_V1-v4/10000/7632CAE8-AB68-E311-AA1C-90B11C27EA38.root;/store/mc/Fall13/Neutrino_Pt-2to20_gun/GEN-SIM/POSTLS162_V1-v4/10000/0A8C8CED-AB68-E311-80BE-90B11C27F89E.root;/store/mc/Fall13/Neutrino_Pt-2to20_gun/GEN-SIM/POSTLS162_V1-v4/10001/F0EA11E0-AD68-E311-8D28-003048F5B69A.root;/store/mc/Fall13/Neutrino_Pt-2to20_gun/GEN-SIM/POSTLS162_V1-v4/10000/58156EF4-AA68-E311-A5B1-90B11C1DBFB4.root;/store/mc/Fall13/Neutrino_Pt-2to20_gun/GEN-SIM/POSTLS162_V1-v4/10000/DEB470F4-AA68-E311-A5EC-90B11C1DBFB4.root;/store/mc/Fall13/Neutrino_Pt-2to20_gun/GEN-SIM/POSTLS162_V1-v4/10000/5E069FF4-AA68-E311-8232-90B11C1DBFB4.root;/store/mc/Fall13/Neutrino_Pt-2to20_gun/GEN-SIM/POSTLS162_V1-v4/10000/8E0B195E-AB68-E311-A174-0025904AC2CA.root;/store/mc/Fall13/Neutrino_Pt-2to20_gun/GEN-SIM/POSTLS162_V1-v4/10000/C24871F4-AA68-E311-9366-90B11C1DBFB4.root;/store/mc/Fall13/Neutrino_Pt-2to20_gun/GEN-SIM/POSTLS162_V1-v4/10000/0A8C8CED-AB68-E311-80BE-90B11C27F89E.root;/store/mc/Fall13/Neutrino_Pt-2to20_gun/GEN-SIM/POSTLS162_V1-v4/10000/C05AB95E-AC68-E311-9422-003048F5B69A.root;/store/mc/Fall13/Neutrino_Pt-2to20_gun/GEN-SIM/POSTLS162_V1-v4/10001/12A6320D-B068-E311-A38A-0025904897C2.root;/store/mc/Fall13/Neutrino_Pt-2to20_gun/GEN-SIM/POSTLS162_V1-v4/10000/1A5080F4-AA68-E311-BFFB-90B11C1DBFB4.root;/store/mc/Fall13/Neutrino_Pt-2to20_gun/GEN-SIM/POSTLS162_V1-v4/10001/6EA69A23-B268-E311-A139-90B11C267182.root;/store/mc/Fall13/Neutrino_Pt-2to20_gun/GEN-SIM/POSTLS162_V1-v4/10000/0E6630EA-AA68-E311-9082-003048F5B2A0.root;/store/mc/Fall13/Neutrino_Pt-2to20_gun/GEN-SIM/POSTLS162_V1-v4/10000/08BDA2EE-AB68-E311-BD33-0025904AC2CA.root;/store/mc/Fall13/Neutrino_Pt-2to20_gun/GEN-SIM/POSTLS162_V1-v4/10000/1A5080F4-AA68-E311-BFFB-90B11C1DBFB4.root;/store/mc/Fall13/Neutrino_Pt-2to20_gun/GEN-SIM/POSTLS162_V1-v4/10000/58156EF4-AA68-E311-A5B1-90B11C1DBFB4.root;/store/mc/Fall13/Neutrino_Pt-2to20_gun/GEN-SIM/POSTLS162_V1-v4/10001/A2E134ED-B168-E311-81A9-00259084A6C4.root;/store/mc/Fall13/Neutrino_Pt-2to20_gun/GEN-SIM/POSTLS162_V1-v4/10000/8E0B195E-AB68-E311-A174-0025904AC2CA.root;/store/mc/Fall13/Neutrino_Pt-2to20_gun/GEN-SIM/POSTLS162_V1-v4/10000/C24871F4-AA68-E311-9366-90B11C1DBFB4.root;/store/mc/Fall13/Neutrino_Pt-2to20_gun/GEN-SIM/POSTLS162_V1-v4/10000/0E6630EA-AA68-E311-9082-003048F5B2A0.root;/store/mc/Fall13/Neutrino_Pt-2to20_gun/GEN-SIM/POSTLS162_V1-v4/10000/F4012258-AB68-E311-8717-0025904AC2CA.root;/store/mc/Fall13/Neutrino_Pt-2to20_gun/GEN-SIM/POSTLS162_V1-v4/10000/1433FB5A-AB68-E311-9ADF-002590491AE4.root;/store/mc/Fall13/Neutrino_Pt-2to20_gun/GEN-SIM/POSTLS162_V1-v4/10000/0E75F3DF-AB68-E311-8BA9-003048F5B5F4.root;/store/mc/Fall13/Neutrino_Pt-2to20_gun/GEN-SIM/POSTLS162_V1-v4/10000/3228DBE4-AB68-E311-AFE5-0025904A91F6.root;/store/mc/Fall13/Neutrino_Pt-2to20_gun/GEN-SIM/POSTLS162_V1-v4/10000/08BDA2EE-AB68-E311-BD33-0025904AC2CA.root;/store/mc/Fall13/Neutrino_Pt-2to20_gun/GEN-SIM/POSTLS162_V1-v4/10000/0A8C8CED-AB68-E311-80BE-90B11C27F89E.root;/store/mc/Fall13/Neutrino_Pt-2to20_gun/GEN-SIM/POSTLS162_V1-v4/10000/D88E20AB-AC68-E311-8CB4-0025901D08BE.root;/store/mc/Fall13/Neutrino_Pt-2to20_gun/GEN-SIM/POSTLS162_V1-v4/10000/F4012258-AB68-E311-8717-0025904AC2CA.root;/store/mc/Fall13/Neutrino_Pt-2to20_gun/GEN-SIM/POSTLS162_V1-v4/10000/1433FB5A-AB68-E311-9ADF-002590491AE4.root;/store/mc/Fall13/Neutrino_Pt-2to20_gun/GEN-SIM/POSTLS162_V1-v4/10001/921B2C5A-B068-E311-A7EB-90B11C267182.root;/store/mc/Fall13/Neutrino_Pt-2to20_gun/GEN-SIM/POSTLS162_V1-v4/10000/0A8C8CED-AB68-E311-80BE-90B11C27F89E.root;/store/mc/Fall13/Neutrino_Pt-2to20_gun/GEN-SIM/POSTLS162_V1-v4/10000/CC31FFE4-AC68-E311-B8DE-02163E00B503.root;/store/mc/Fall13/Neutrino_Pt-2to20_gun/GEN-SIM/POSTLS162_V1-v4/10000/1A5080F4-AA68-E311-BFFB-90B11C1DBFB4.root;/store/mc/Fall13/Neutrino_Pt-2to20_gun/GEN-SIM/POSTLS162_V1-v4/10001/A2E134ED-B168-E311-81A9-00259084A6C4.root;/store/mc/Fall13/Neutrino_Pt-2to20_gun/GEN-SIM/POSTLS162_V1-v4/10000/F4012258-AB68-E311-8717-0025904AC2CA.root;/store/mc/Fall13/Neutrino_Pt-2to20_gun/GEN-SIM/POSTLS162_V1-v4/10000/1433FB5A-AB68-E311-9ADF-002590491AE4.root;/store/mc/Fall13/Neutrino_Pt-2to20_gun/GEN-SIM/POSTLS162_V1-v4/10000/8E0B195E-AB68-E311-A174-0025904AC2CA.root
lumisRange=
>>> Executable cmsRun
/cvmfs/cms.cern.ch/slc6_amd64_gcc481/cms/cmssw/CMSSW_7_1_0_pre8/bin/slc6_amd64_gcc481/cmsRun
ok executable found
>>> info for dashboard:
***** Cat /wntmp/condor/compute-12-13/execute/dir_16100/glide_4pgT52/execute/dir_14981/jobreport.txt *****
MonitorJobID=50_https://submit-4.t2.ucsd.edu//140801//331280.49
MonitorID=aelwood_140801_jJets_ngun_PU40bx25_1c84ps
ExeStart=cmsRun
***** End Cat jobreport *****
Parameters sent to Dashboard.
>>> cmsRun started at Fri Aug  1 10:34:05 UTC 2014
>>> cmsRun ended at Fri Aug  1 11:39:03 UTC 2014
>>> crab_fjr_*.xml  permission set to 0704
>>> info for dashboard:
***** Cat /wntmp/condor/compute-12-13/execute/dir_16100/glide_4pgT52/execute/dir_14981/jobreport.txt *****
MonitorJobID=50_https://submit-4.t2.ucsd.edu//140801//331280.49
MonitorID=aelwood_140801_jJets_ngun_PU40bx25_1c84ps
ExeEnd=cmsRun
***** End Cat jobreport *****
Parameters sent to Dashboard.
TIME_EXE = 3898 sec
>>> cmsRun wrote 63 lines of stdout+stderr
>>> START OF printout of 63 lines from stdout+stderr
==> using COND/Services/RelationalAuthenticationService for auth, sys 1
==> using COND/Services/RelationalAuthenticationService for auth, sys 1
01-Aug-2014 03:34:32 PDT  Initiating request to open file /mnt/hadoop/store/mc/Fall13dr/Neutrino_Pt-2to20_gun/GEN-SIM-RAW/tsg_PU40bx25_POSTLS162_V2-v1/00002/D87D568A-EB7A-E311-89AF-002618943923.root
01-Aug-2014 03:34:39 PDT  Successfully opened file /mnt/hadoop/store/mc/Fall13dr/Neutrino_Pt-2to20_gun/GEN-SIM-RAW/tsg_PU40bx25_POSTLS162_V2-v1/00002/D87D568A-EB7A-E311-89AF-002618943923.root
01-Aug-2014 03:34:42 PDT  Initiating request to open file /mnt/hadoop/store/mc/Fall13/Neutrino_Pt-2to20_gun/GEN-SIM/POSTLS162_V1-v4/10001/0C56A257-B068-E311-A6EB-003048F5B2A0.root
01-Aug-2014 03:34:42 PDT  Fallback request to file root://cmsxrootd.fnal.gov//store/mc/Fall13/Neutrino_Pt-2to20_gun/GEN-SIM/POSTLS162_V1-v4/10001/0C56A257-B068-E311-A6EB-003048F5B2A0.root
140801 03:34:45 21424 Xrd: CheckErrorStatus: Server [cmssrmdisk.fnal.gov:1095] declared: Request 3018 not supported(error code: 3013)
01-Aug-2014 03:34:46 PDT  Successfully opened file root://cmsxrootd.fnal.gov//store/mc/Fall13/Neutrino_Pt-2to20_gun/GEN-SIM/POSTLS162_V1-v4/10001/0C56A257-B068-E311-A6EB-003048F5B2A0.root
01-Aug-2014 03:34:55 PDT  Closed file root://cmsxrootd.fnal.gov//store/mc/Fall13/Neutrino_Pt-2to20_gun/GEN-SIM/POSTLS162_V1-v4/10001/0C56A257-B068-E311-A6EB-003048F5B2A0.root
Stage1Layer2Producer -- Running pp implementation


----------------------------------------
Begin: L1CaloTowerProducer
----------------------------------------

140801 03:40:13 24140 Xrd: XrdClientMessage::ReadRaw: Failed to read header (8 bytes).
140801 03:40:13 24130 Xrd: XrdClientMessage::ReadRaw: Failed to read header (8 bytes).
01-Aug-2014 03:40:27 PDT  Closed file /mnt/hadoop/store/mc/Fall13dr/Neutrino_Pt-2to20_gun/GEN-SIM-RAW/tsg_PU40bx25_POSTLS162_V2-v1/00002/D87D568A-EB7A-E311-89AF-002618943923.root
01-Aug-2014 03:40:27 PDT  Initiating request to open file /mnt/hadoop/store/mc/Fall13dr/Neutrino_Pt-2to20_gun/GEN-SIM-RAW/tsg_PU40bx25_POSTLS162_V2-v1/00002/8A1CD038-EB7A-E311-8EB3-00261894394D.root
01-Aug-2014 03:40:28 PDT  Successfully opened file /mnt/hadoop/store/mc/Fall13dr/Neutrino_Pt-2to20_gun/GEN-SIM-RAW/tsg_PU40bx25_POSTLS162_V2-v1/00002/8A1CD038-EB7A-E311-8EB3-00261894394D.root
01-Aug-2014 03:50:53 PDT  Closed file /mnt/hadoop/store/mc/Fall13dr/Neutrino_Pt-2to20_gun/GEN-SIM-RAW/tsg_PU40bx25_POSTLS162_V2-v1/00002/8A1CD038-EB7A-E311-8EB3-00261894394D.root
01-Aug-2014 03:50:53 PDT  Initiating request to open file /mnt/hadoop/store/mc/Fall13dr/Neutrino_Pt-2to20_gun/GEN-SIM-RAW/tsg_PU40bx25_POSTLS162_V2-v1/00002/548AB53E-EB7A-E311-8005-00261894393B.root
01-Aug-2014 03:50:53 PDT  Successfully opened file /mnt/hadoop/store/mc/Fall13dr/Neutrino_Pt-2to20_gun/GEN-SIM-RAW/tsg_PU40bx25_POSTLS162_V2-v1/00002/548AB53E-EB7A-E311-8005-00261894393B.root
140801 03:55:13 24111 Xrd: XrdClientMessage::ReadRaw: Failed to read header (8 bytes).
140801 03:55:13 24014 Xrd: XrdClientMessage::ReadRaw: Failed to read header (8 bytes).
140801 03:55:13 24136 Xrd: XrdClientMessage::ReadRaw: Failed to read header (8 bytes).
01-Aug-2014 04:10:03 PDT  Closed file /mnt/hadoop/store/mc/Fall13dr/Neutrino_Pt-2to20_gun/GEN-SIM-RAW/tsg_PU40bx25_POSTLS162_V2-v1/00002/548AB53E-EB7A-E311-8005-00261894393B.root
01-Aug-2014 04:10:03 PDT  Initiating request to open file /mnt/hadoop/store/mc/Fall13dr/Neutrino_Pt-2to20_gun/GEN-SIM-RAW/tsg_PU40bx25_POSTLS162_V2-v1/00002/DCCECBE7-E67A-E311-B8DE-0025905A60A8.root
01-Aug-2014 04:10:03 PDT  Successfully opened file /mnt/hadoop/store/mc/Fall13dr/Neutrino_Pt-2to20_gun/GEN-SIM-RAW/tsg_PU40bx25_POSTLS162_V2-v1/00002/DCCECBE7-E67A-E311-B8DE-0025905A60A8.root
01-Aug-2014 04:14:47 PDT  Closed file /mnt/hadoop/store/mc/Fall13dr/Neutrino_Pt-2to20_gun/GEN-SIM-RAW/tsg_PU40bx25_POSTLS162_V2-v1/00002/DCCECBE7-E67A-E311-B8DE-0025905A60A8.root
01-Aug-2014 04:14:47 PDT  Initiating request to open file /mnt/hadoop/store/mc/Fall13dr/Neutrino_Pt-2to20_gun/GEN-SIM-RAW/tsg_PU40bx25_POSTLS162_V2-v1/00002/946C19D0-E77A-E311-87B5-0025905A607E.root
01-Aug-2014 04:14:47 PDT  Successfully opened file /mnt/hadoop/store/mc/Fall13dr/Neutrino_Pt-2to20_gun/GEN-SIM-RAW/tsg_PU40bx25_POSTLS162_V2-v1/00002/946C19D0-E77A-E311-87B5-0025905A607E.root
01-Aug-2014 04:24:36 PDT  Closed file /mnt/hadoop/store/mc/Fall13dr/Neutrino_Pt-2to20_gun/GEN-SIM-RAW/tsg_PU40bx25_POSTLS162_V2-v1/00002/946C19D0-E77A-E311-87B5-0025905A607E.root
01-Aug-2014 04:24:36 PDT  Initiating request to open file /mnt/hadoop/store/mc/Fall13dr/Neutrino_Pt-2to20_gun/GEN-SIM-RAW/tsg_PU40bx25_POSTLS162_V2-v1/00002/28013806-C07A-E311-8E9F-003048B95B30.root
01-Aug-2014 04:24:36 PDT  Successfully opened file /mnt/hadoop/store/mc/Fall13dr/Neutrino_Pt-2to20_gun/GEN-SIM-RAW/tsg_PU40bx25_POSTLS162_V2-v1/00002/28013806-C07A-E311-8E9F-003048B95B30.root
01-Aug-2014 04:30:19 PDT  Closed file /mnt/hadoop/store/mc/Fall13dr/Neutrino_Pt-2to20_gun/GEN-SIM-RAW/tsg_PU40bx25_POSTLS162_V2-v1/00002/28013806-C07A-E311-8E9F-003048B95B30.root
01-Aug-2014 04:30:19 PDT  Initiating request to open file /mnt/hadoop/store/mc/Fall13dr/Neutrino_Pt-2to20_gun/GEN-SIM-RAW/tsg_PU40bx25_POSTLS162_V2-v1/00002/4A3791B9-BF7A-E311-ACB3-003048678C62.root
01-Aug-2014 04:30:20 PDT  Successfully opened file /mnt/hadoop/store/mc/Fall13dr/Neutrino_Pt-2to20_gun/GEN-SIM-RAW/tsg_PU40bx25_POSTLS162_V2-v1/00002/4A3791B9-BF7A-E311-ACB3-003048678C62.root
01-Aug-2014 04:36:42 PDT  Closed file /mnt/hadoop/store/mc/Fall13dr/Neutrino_Pt-2to20_gun/GEN-SIM-RAW/tsg_PU40bx25_POSTLS162_V2-v1/00002/4A3791B9-BF7A-E311-ACB3-003048678C62.root
01-Aug-2014 04:36:42 PDT  Initiating request to open file /mnt/hadoop/store/mc/Fall13dr/Neutrino_Pt-2to20_gun/GEN-SIM-RAW/tsg_PU40bx25_POSTLS162_V2-v1/00002/72441419-DF7A-E311-971C-002590593902.root
01-Aug-2014 04:36:43 PDT  Successfully opened file /mnt/hadoop/store/mc/Fall13dr/Neutrino_Pt-2to20_gun/GEN-SIM-RAW/tsg_PU40bx25_POSTLS162_V2-v1/00002/72441419-DF7A-E311-971C-002590593902.root
01-Aug-2014 04:38:56 PDT  Closed file /mnt/hadoop/store/mc/Fall13dr/Neutrino_Pt-2to20_gun/GEN-SIM-RAW/tsg_PU40bx25_POSTLS162_V2-v1/00002/72441419-DF7A-E311-971C-002590593902.root

=============================================

MessageLogger Summary

 type     category        sev    module        subroutine        count    total
 ---- -------------------- -- ---------------- ----------------  -----    -----
    1 fileAction           -s AfterFile                              4        4
    2 fileAction           -s file_close                             8        8
    3 fileAction           -s file_open                             16       16

 type    category    Examples: run/evt        run/evt          run/evt
 ---- -------------------- ---------------- ---------------- ----------------
    1 fileAction           pre-events       pre-events       pre-events
    2 fileAction           PostProcessEvent PostProcessEvent PostEndRun
    3 fileAction           pre-events       pre-events       PostProcessEvent

Severity    # Occurrences   Total Occurrences
--------    -------------   -----------------
System                 28                  28
>>> END OF printout of 63 lines from stdout+stderr
>>> Parse FrameworkJobReport crab_fjr.xml
Result of parsing the FrameworkJobReport crab_fjr.xml: 
Extracted ExitStatus from FrameworkJobReport parsing output: 0
>>> Executable succeded  0
ExeExitCode=0
EXECUTABLE_EXIT_STATUS = 0
>>> current directory /wntmp/condor/compute-12-13/execute/dir_16100/glide_4pgT52/execute/dir_14981/cms_9lGHvUp0lSY1/CMSSW_7_1_0_pre8
>>>  (SOFTWARE_DIR): /wntmp/condor/compute-12-13/execute/dir_16100/glide_4pgT52/execute/dir_14981/cms_9lGHvUp0lSY1/CMSSW_7_1_0_pre8
>>> (WORKING_DIR): /wntmp/condor/compute-12-13/execute/dir_16100/glide_4pgT52/execute/dir_14981/cms_9lGHvUp0lSY1
>>> current directory content:
total 468420
drwxr-xr-x. 3 uscms4354 cms      4096 Aug  1 03:33 .SCRAM
-rw-------. 1 uscms4354 cms    916533 Aug  1 03:33 CMSSW.py.pkl
-rw-------. 1 uscms4354 cms 477732017 Aug  1 04:39 L1SkimRun.root
drwxr-xr-x. 3 uscms4354 cms      4096 Aug  1 03:33 bin
drwxr-xr-x. 3 uscms4354 cms      4096 Aug  1 03:33 cfipython
drwxr-xr-x. 4 uscms4354 cms      4096 Aug  1 03:33 config
-rw-------. 1 uscms4354 cms        18 Aug  1 04:39 cpu_timing.txt
drwxr-xr-x. 2 uscms4354 cms      4096 Aug  1 03:33 doc
-rw-------. 1 uscms4354 cms      7148 Aug  1 04:39 executable.out
drwxr-xr-x. 2 uscms4354 cms      4096 Aug  1 03:33 include
drwx------. 3 uscms4354 cms      4096 Aug  1 00:37 lib
drwxr-xr-x. 3 uscms4354 cms      4096 Aug  1 03:33 logs
drwxr-xr-x. 3 uscms4354 cms      4096 Aug  1 03:33 objs
-rw-------. 1 uscms4354 cms       104 Aug  1 03:34 pset.py
-rw-------. 1 uscms4354 cms    925761 Aug  1 03:34 pset.py.pkl
-rw-------. 1 uscms4354 cms       289 Aug  1 03:34 pset.pyc
drwxr-xr-x. 2 uscms4354 cms      4096 Aug  1 03:33 python
-rw-------. 1 uscms4354 cms       419 Aug  1 04:39 report.log
drwx------. 5 uscms4354 cms      4096 Aug  1 03:33 src
drwxr-xr-x. 3 uscms4354 cms      4096 Aug  1 03:33 test
drwxr-xr-x. 3 uscms4354 cms      4096 Aug  1 03:33 tmp
>>> current directory /wntmp/condor/compute-12-13/execute/dir_16100/glide_4pgT52/execute/dir_14981/cms_9lGHvUp0lSY1/CMSSW_7_1_0_pre8
>>> (SOFTWARE_DIR): /wntmp/condor/compute-12-13/execute/dir_16100/glide_4pgT52/execute/dir_14981/cms_9lGHvUp0lSY1/CMSSW_7_1_0_pre8
>>> (WORKING_DIR): /wntmp/condor/compute-12-13/execute/dir_16100/glide_4pgT52/execute/dir_14981/cms_9lGHvUp0lSY1
>>> current directory content:
total 468420
drwxr-xr-x. 3 uscms4354 cms      4096 Aug  1 03:33 .SCRAM
-rw-------. 1 uscms4354 cms    916533 Aug  1 03:33 CMSSW.py.pkl
-rw-------. 1 uscms4354 cms 477732017 Aug  1 04:39 L1SkimRun_50_1_Zfd.root
drwxr-xr-x. 3 uscms4354 cms      4096 Aug  1 03:33 bin
drwxr-xr-x. 3 uscms4354 cms      4096 Aug  1 03:33 cfipython
drwxr-xr-x. 4 uscms4354 cms      4096 Aug  1 03:33 config
-rw-------. 1 uscms4354 cms        18 Aug  1 04:39 cpu_timing.txt
drwxr-xr-x. 2 uscms4354 cms      4096 Aug  1 03:33 doc
-rw-------. 1 uscms4354 cms      7148 Aug  1 04:39 executable.out
drwxr-xr-x. 2 uscms4354 cms      4096 Aug  1 03:33 include
drwx------. 3 uscms4354 cms      4096 Aug  1 00:37 lib
drwxr-xr-x. 3 uscms4354 cms      4096 Aug  1 03:33 logs
drwxr-xr-x. 3 uscms4354 cms      4096 Aug  1 03:33 objs
-rw-------. 1 uscms4354 cms       104 Aug  1 03:34 pset.py
-rw-------. 1 uscms4354 cms    925761 Aug  1 03:34 pset.py.pkl
-rw-------. 1 uscms4354 cms       289 Aug  1 03:34 pset.pyc
drwxr-xr-x. 2 uscms4354 cms      4096 Aug  1 03:33 python
-rw-------. 1 uscms4354 cms       419 Aug  1 04:39 report.log
drwx------. 5 uscms4354 cms      4096 Aug  1 03:33 src
drwxr-xr-x. 3 uscms4354 cms      4096 Aug  1 03:33 test
drwxr-xr-x. 3 uscms4354 cms      4096 Aug  1 03:33 tmp
>>> current directory (RUNTIME_AREA):  /wntmp/condor/compute-12-13/execute/dir_16100/glide_4pgT52/execute/dir_14981
SE = srm-eoscms.cern.ch
SE_PATH = /srm/v2/server?SFN=/eos/cms/store/user/aelwood/140801_jJets_ngun_PU40bx25/
LFNBaseName = /store/user/aelwood/140801_jJets_ngun_PU40bx25/
USER = aelwood
endpoint = srm://srm-eoscms.cern.ch:8443/srm/v2/server?SFN=/eos/cms/store/user/aelwood/140801_jJets_ngun_PU40bx25/
>>> Copy output files from WN = compute-12-13.tier2 to /srm/v2/server?SFN=/eos/cms/store/user/aelwood/140801_jJets_ngun_PU40bx25/ :
python cmscp.py  --destination srm://srm-eoscms.cern.ch:8443/srm/v2/server?SFN=/eos/cms/store/user/aelwood/140801_jJets_ngun_PU40bx25/ --inputFileList /wntmp/condor/compute-12-13/execute/dir_16100/glide_4pgT52/execute/dir_14981/cms_9lGHvUp0lSY1/CMSSW_7_1_0_pre8/L1SkimRun_50_1_Zfd.root --middleware OSG --se_name srm-eoscms.cern.ch --for_lfn /store/user/aelwood/140801_jJets_ngun_PU40bx25/    
******************************************************
localSeName  =  cit-se.ultralight.org
remoteSeName =  srm-eoscms.cern.ch
******************************************************
{"/wntmp/condor/compute-12-13/execute/dir_16100/glide_4pgT52/execute/dir_14981/cms_9lGHvUp0lSY1/CMSSW_7_1_0_pre8/L1SkimRun_50_1_Zfd.root": {"endpoint": "srm://srm-eoscms.cern.ch:8443/srm/v2/server?SFN=/eos/cms/store/user/aelwood/140801_jJets_ngun_PU40bx25/", "surl_for_grid": "", "reason": "Copy succedeed with srm-lcg utils", "erCode": "0", "se_name": "srm-eoscms.cern.ch", "for_lfn": "/store/user/aelwood/140801_jJets_ngun_PU40bx25/"}}/wntmp/condor/compute-12-13/execute/dir_16100/glide_4pgT52/execute/dir_14981
-------- cat /wntmp/condor/compute-12-13/execute/dir_16100/glide_4pgT52/execute/dir_14981/cmscpReport.sh 
#!/bin/bash
echo "Report for File: /wntmp/condor/compute-12-13/execute/dir_16100/glide_4pgT52/execute/dir_14981/cms_9lGHvUp0lSY1/CMSSW_7_1_0_pre8/L1SkimRun_50_1_Zfd.root"
echo "LFN: /store/user/aelwood/140801_jJets_ngun_PU40bx25/L1SkimRun_50_1_Zfd.root"
echo "StorageElement: srm-eoscms.cern.ch"
echo "StageOutExitStatusReason = 'Copy succedeed with srm-lcg utils'" | tee -a $RUNTIME_AREA/$repo
echo "StageOutSE = srm-eoscms.cern.ch" >> $RUNTIME_AREA/$repo

export StageOutExitStatus=0
echo "StageOutExitStatus = 0" | tee -a $RUNTIME_AREA/$repo
-------- end of /wntmp/condor/compute-12-13/execute/dir_16100/glide_4pgT52/execute/dir_14981/cmscpReport.sh 
Report for File: /wntmp/condor/compute-12-13/execute/dir_16100/glide_4pgT52/execute/dir_14981/cms_9lGHvUp0lSY1/CMSSW_7_1_0_pre8/L1SkimRun_50_1_Zfd.root
LFN: /store/user/aelwood/140801_jJets_ngun_PU40bx25/L1SkimRun_50_1_Zfd.root
StorageElement: srm-eoscms.cern.ch
StageOutExitStatusReason = 'Copy succedeed with srm-lcg utils'
StageOutExitStatus = 0
>>> current dir: /wntmp/condor/compute-12-13/execute/dir_16100/glide_4pgT52/execute/dir_14981
>>> current dir content:
total 15140
-rw-------. 1 uscms4354 cms     4316 Aug  1 04:40 .SEinteraction.log
-rwx------. 1 uscms4354 cms     8576 Aug  1 03:32 .job.ad
-rwx------. 1 uscms4354 cms     9429 Aug  1 03:32 .machine.ad
-rw-------. 1 uscms4354 cms      105 Aug  1 02:57 CMSSW.py
-rw-------. 1 uscms4354 cms   916533 Aug  1 02:57 CMSSW.py.pkl
-rwx------. 1 uscms4354 cms    28576 Aug  1 03:32 CMSSW.sh
-rw-------. 1 uscms4354 cms      183 Aug  1 03:33 CacheEnv.sh
-rw-------. 1 uscms4354 cms     7291 Jul 12 08:18 DashboardAPI.py
-rw-------. 1 uscms4354 cms     6770 Aug  1 03:33 DashboardAPI.pyc
drwx------. 2 uscms4354 cms     4096 Aug  1 04:39 IMProv
lrwxrwxrwx. 1 uscms4354 cms      134 Aug  1 04:39 L1SkimRun.root -> /wntmp/condor/compute-12-13/execute/dir_16100/glide_4pgT52/execute/dir_14981/cms_9lGHvUp0lSY1/CMSSW_7_1_0_pre8/L1SkimRun_50_1_Zfd.root
-rw-------. 1 uscms4354 cms     2748 Jul 12 08:18 Logger.py
-rw-------. 1 uscms4354 cms     3332 Aug  1 03:33 Logger.pyc
-rw-------. 1 uscms4354 cms    24524 Jul 12 08:18 ProcInfo.py
-rw-------. 1 uscms4354 cms    23125 Aug  1 03:33 ProcInfo.pyc
drwx------. 7 uscms4354 cms     4096 Aug  1 03:33 ProdCommon
drwx------. 3 uscms4354 cms     4096 Aug  1 03:33 WMCore
-rw-------. 1 uscms4354 cms     7167 Aug  1 04:39 Watchdog_50.log
-rwx------. 1 uscms4354 cms        0 Aug  1 03:33 _condor_stderr
-rwx---r--. 1 uscms4354 cms    29750 Aug  1 04:40 _condor_stdout
-rw-------. 1 uscms4354 cms    32895 Jul 12 08:18 apmon.py
-rw-------. 1 uscms4354 cms    28538 Aug  1 03:33 apmon.pyc
-rwx------. 1 uscms4354 cms   240046 Aug  1 03:32 arguments.xml
drwx------. 3 uscms4354 cms     4096 Aug  1 03:33 cms_9lGHvUp0lSY1
-rwx------. 1 uscms4354 cms    38524 Jul 12 08:18 cmscp.py
-rw-------. 1 uscms4354 cms      545 Aug  1 04:40 cmscpReport.sh
-rwx------. 1 uscms4354 cms    28576 Aug  1 03:32 condor_exec.exe
-rw-------. 1 uscms4354 cms      759 Aug  1 02:56 crab.cfg
-rwx------. 1 uscms4354 cms     8610 Jul 12 08:18 crabWatchdog.sh
-rwx---r--. 1 uscms4354 cms    82366 Aug  1 04:39 crab_fjr_50.xml
-rwx------. 1 uscms4354 cms 13818897 Aug  1 03:32 default.tgz
-rwx------. 1 uscms4354 cms     4488 Jul 12 08:18 fillCrabFjr.py
-rw-------. 1 uscms4354 cms     6969 Aug  1 03:34 inputsReport.txt
-rw-------. 1 uscms4354 cms      261 Aug  1 04:40 jobreport.txt
-rw-------. 1 uscms4354 cms    17352 Jul 12 08:18 parseCrabFjr.py
-rw-------. 1 uscms4354 cms      334 Aug  1 03:33 report.log
-rwx--x--x. 1 uscms4354 cms     1497 Jul 12 08:18 report.py
-rw-------. 1 uscms4354 cms      437 Aug  1 04:40 resultCopyFile
-rwx------. 1 uscms4354 cms     8351 Jul 12 08:18 writeCfg.py
-rw-------. 1 uscms4354 cms     8083 Aug  1 04:23 x509up_u41660
>>> Modify Job Report:
CMSSW_VERSION = CMSSW_7_1_0_pre8
/wntmp/condor/compute-12-13/execute/dir_16100/glide_4pgT52/execute/dir_14981/ProdCommon/FwkJobRep/ModifyJobReport.py fjr /wntmp/condor/compute-12-13/execute/dir_16100/glide_4pgT52/execute/dir_14981/crab_fjr_50.xml json /wntmp/condor/compute-12-13/execute/dir_16100/glide_4pgT52/execute/dir_14981/resultCopyFile n_job 50_1_Zfd PrimaryDataset Neutrino_Pt-2to20_gun  ApplicationFamily cmsRun ApplicationName cmsRun cmssw_version CMSSW_7_1_0_pre8 psethash 951aa882d2ac167e3fe15038b4453880
inputDict =  {u'/wntmp/condor/compute-12-13/execute/dir_16100/glide_4pgT52/execute/dir_14981/cms_9lGHvUp0lSY1/CMSSW_7_1_0_pre8/L1SkimRun_50_1_Zfd.root': {u'endpoint': u'srm://srm-eoscms.cern.ch:8443/srm/v2/server?SFN=/eos/cms/store/user/aelwood/140801_jJets_ngun_PU40bx25/', u'surl_for_grid': u'', u'reason': u'Copy succedeed with srm-lcg utils', u'erCode': u'0', u'se_name': u'srm-eoscms.cern.ch', u'for_lfn': u'/store/user/aelwood/140801_jJets_ngun_PU40bx25/'}}
UserProcessedDataset =  
file_name in inputDict =  /wntmp/condor/compute-12-13/execute/dir_16100/glide_4pgT52/execute/dir_14981/cms_9lGHvUp0lSY1/CMSSW_7_1_0_pre8/L1SkimRun_50_1_Zfd.root
(size) os.stat(filename)[6] =  477732017
checksum =  2118979343
    file =  L1SkimRun_50_1_Zfd.root
    newPfn =  srm://srm-eoscms.cern.ch:8443/srm/v2/server?SFN=/eos/cms/store/user/aelwood/140801_jJets_ngun_PU40bx25/L1SkimRun_50_1_Zfd.root
    newLfn =  /store/user/aelwood/140801_jJets_ngun_PU40bx25/L1SkimRun_50_1_Zfd.root
>>> crab_fjr_*.xml  permission set to 0704
CrabWrapper EXIT_FUNC entered at Fri Aug  1 04:40:50 PDT 2014   -  Fri Aug  1 11:40:50 UTC 2014
Checking output files:  
will tar file crab_fjr_50.xml in  out_files_50
WARNING: output file CMSSW_50.stdout not found!
WARNING: output file CMSSW_50.stderr not found!
WARNING: output file Watchdog_50.log.gz not found!
>>> working dir = /wntmp/condor/compute-12-13/execute/dir_16100/glide_4pgT52/execute/dir_14981/cms_9lGHvUp0lSY1
>>> current directory (RUNTIME_AREA): /wntmp/condor/compute-12-13/execute/dir_16100/glide_4pgT52/execute/dir_14981
>>> Remove working directory: /wntmp/condor/compute-12-13/execute/dir_16100/glide_4pgT52/execute/dir_14981/cms_9lGHvUp0lSY1
/wntmp/condor/compute-12-13/execute/dir_16100/glide_4pgT52/execute/dir_14981/condor_exec.exe: line 140: symlinks: command not found
>>> padding time: Wrapper lasting more than 600 seconds. No sleep required.
STOPPING WATCHDOG. CrabWatchdog PID is 19537
********** LAST 50 LINES OF WATCHDOG LOG
 Aug 01 03:49:19 PDT	21424	692704	983148	182	578	932	cmsRun -j /wntmp/condor/compute-12-13/execute/dir_16100/glide_4pgT52/execute/dir_14981/crab_fjr_50.xml -p pset.py      
 Aug 01 03:49:19 PDT	---	692704	983148	192	----	----	----
# TIME			PID	RSS(KB)	VSZ(KB)	Dsk(MB)	tCPU(s)	tWALL(s)	COMMAND
 Aug 01 03:50:21 PDT	---	692704	983148	201	----	----	----
 Aug 01 03:51:22 PDT	---	692704	983148	205	----	----	----
 Aug 01 03:52:24 PDT	---	692704	983148	207	----	----	----
 Aug 01 03:53:26 PDT	---	692704	983148	216	----	----	----
 Aug 01 03:54:29 PDT	21424	692852	983148	216	760	1242	cmsRun -j /wntmp/condor/compute-12-13/execute/dir_16100/glide_4pgT52/execute/dir_14981/crab_fjr_50.xml -p pset.py      
 Aug 01 03:54:29 PDT	---	692852	983148	225	----	----	----
 Aug 01 03:55:31 PDT	21424	693036	983148	225	812	1304	cmsRun -j /wntmp/condor/compute-12-13/execute/dir_16100/glide_4pgT52/execute/dir_14981/crab_fjr_50.xml -p pset.py      
 Aug 01 03:55:31 PDT	---	693036	983148	234	----	----	----
 Aug 01 03:56:33 PDT	21424	693620	983148	234	860	1367	cmsRun -j /wntmp/condor/compute-12-13/execute/dir_16100/glide_4pgT52/execute/dir_14981/crab_fjr_50.xml -p pset.py      
 Aug 01 03:56:33 PDT	---	693620	983148	244	----	----	----
 Aug 01 03:57:35 PDT	---	693620	983148	252	----	----	----
 Aug 01 03:59:39 PDT	---	693620	983148	256	----	----	----
 Aug 01 04:00:41 PDT	21424	693628	983148	256	982	1615	cmsRun -j /wntmp/condor/compute-12-13/execute/dir_16100/glide_4pgT52/execute/dir_14981/crab_fjr_50.xml -p pset.py      
 Aug 01 04:00:41 PDT	---	693628	983148	267	----	----	----
 Aug 01 04:01:44 PDT	---	693628	983148	271	----	----	----
 Aug 01 04:08:01 PDT	---	693628	983148	273	----	----	----
 Aug 01 04:09:04 PDT	---	693628	983148	282	----	----	----
 Aug 01 04:10:07 PDT	---	693628	983148	290	----	----	----
 Aug 01 04:11:10 PDT	---	693628	983148	302	----	----	----
 Aug 01 04:12:13 PDT	---	693628	983148	311	----	----	----
 Aug 01 04:13:16 PDT	---	693628	983148	322	----	----	----
 Aug 01 04:14:22 PDT	---	693628	983148	332	----	----	----
 Aug 01 04:15:24 PDT	---	693628	983148	340	----	----	----
 Aug 01 04:16:27 PDT	---	693628	983148	350	----	----	----
 Aug 01 04:17:30 PDT	---	693628	983148	359	----	----	----
 Aug 01 04:18:32 PDT	---	693628	983148	366	----	----	----
 Aug 01 04:19:35 PDT	---	693628	983148	377	----	----	----
 Aug 01 04:20:37 PDT	---	693628	983148	386	----	----	----
 Aug 01 04:21:39 PDT	---	693628	983148	394	----	----	----
 Aug 01 04:22:42 PDT	---	693628	983148	403	----	----	----
# TIME			PID	RSS(KB)	VSZ(KB)	Dsk(MB)	tCPU(s)	tWALL(s)	COMMAND
 Aug 01 04:23:44 PDT	---	693628	983148	413	----	----	----
 Aug 01 04:24:46 PDT	---	693628	983148	421	----	----	----
 Aug 01 04:25:49 PDT	---	693628	983148	434	----	----	----
 Aug 01 04:26:57 PDT	---	693628	983148	442	----	----	----
 Aug 01 04:27:59 PDT	---	693628	983148	452	----	----	----
 Aug 01 04:29:02 PDT	---	693628	983148	461	----	----	----
 Aug 01 04:30:05 PDT	---	693628	983148	469	----	----	----
 Aug 01 04:31:07 PDT	---	693628	983148	479	----	----	----
 Aug 01 04:32:10 PDT	---	693628	983148	489	----	----	----
 Aug 01 04:33:13 PDT	---	693628	983148	498	----	----	----
 Aug 01 04:34:16 PDT	---	693628	983148	509	----	----	----
 Aug 01 04:35:18 PDT	---	693628	983148	518	----	----	----
 Aug 01 04:36:20 PDT	---	693628	983148	526	----	----	----
 Aug 01 04:37:22 PDT	---	693628	983148	531	----	----	----
 Aug 01 04:38:24 PDT	---	693628	983148	537	----	----	----
 Aug 01 04:39:27 PDT	---	693628	983148	544	----	----	----
********** WATCHDOG LOG ENDED
ZIPPING WATCHDOG LOG
Disk space used:
du -sh /wntmp/condor/compute-12-13/execute/dir_16100/glide_4pgT52/execute/dir_14981
17M	/wntmp/condor/compute-12-13/execute/dir_16100/glide_4pgT52/execute/dir_14981
Found unusual stdout, rename for OSB
`/wntmp/condor/compute-12-13/execute/dir_16100/glide_4pgT52/execute/dir_14981/_condor_stdout' -> `CMSSW_50.stdout'
Found unusual stderr, rename for OSB
`/wntmp/condor/compute-12-13/execute/dir_16100/glide_4pgT52/execute/dir_14981/_condor_stdout' -> `CMSSW_50.stderr'
crab_fjr_50.xml
CMSSW_50.stdout
CMSSW_50.stderr
Watchdog_50.log.gz
Total Output dimension: 21676
WARNING: output files size limit is set to: 50000000
Total Output dimension 21676 is fine.
JOB_EXIT_STATUS = 0
>>> info for dashboard:
***** Cat /wntmp/condor/compute-12-13/execute/dir_16100/glide_4pgT52/execute/dir_14981/jobreport.txt *****
MonitorJobID=50_https://submit-4.t2.ucsd.edu//140801//331280.49
MonitorID=aelwood_140801_jJets_ngun_PU40bx25_1c84ps
ExeTime=3898
ExeExitCode=0
StageOutExitStatusReason = 'Copy succedeed with srm-lcg utils'
StageOutSE = srm-eoscms.cern.ch
StageOutExitStatus = 0
CrabUserCpuTime=2425.74
CrabSysCpuTime=32.64
CrabCpuPercentage=63%
CrabWrapperTime=4069
CrabStageoutTime=93
JobExitCode=0
***** End Cat jobreport *****
Parameters sent to Dashboard.
EXITING at Fri Aug  1 04:40:54 PDT 2014  -  Fri Aug  1 11:40:54 UTC 2014
