This script was generated by crab (version 2.10.6).
Running /wntmp/condor/compute-21-26/execute/dir_17883/glide_bmQZx5/execute/dir_4638/condor_exec.exe with 2 positional parameters: 25 1
Today is Fri Aug  1 03:03:52 PDT 2014 - Fri Aug  1 10:03:52 UTC 2014
Job submitted on host compute-21-26.tier2
Linux compute-21-26.tier2 2.6.32-358.6.2.el6.x86_64 #1 SMP Thu May 16 20:59:36 UTC 2013 x86_64 x86_64 x86_64 GNU/Linux
>>> current directory (RUNTIME_AREA): /wntmp/condor/compute-21-26/execute/dir_17883/glide_bmQZx5/execute/dir_4638
>>> current user: uid=20804(uscms4354) gid=504(cms) groups=504(cms),65275(glexec65275) context=unconfined_u:system_r:condor_startd_t:s0
>>> directory permission set to 0700
>>> umask set to:  u=rwx,g=,o=
>>> stdout stderr permission set to 0704
>>> voms proxy information:
subject   : /C=UK/O=eScience/OU=Imperial/L=Physics/CN=adam elwood/CN=1171778048/CN=1697856682
issuer    : /C=UK/O=eScience/OU=Imperial/L=Physics/CN=adam elwood/CN=1171778048
identity  : /C=UK/O=eScience/OU=Imperial/L=Physics/CN=adam elwood/CN=1171778048
type      : RFC compliant proxy
strength  : 1024 bits
path      : /wntmp/condor/compute-21-26/execute/dir_17883/glide_bmQZx5/execute/dir_4638/x509up_u41660
timeleft  : 23:59:56
key usage : Digital Signature, Key Encipherment, Key Agreement
=== VO cms extension information ===
VO        : cms
subject   : /C=UK/O=eScience/OU=Imperial/L=Physics/CN=adam elwood
issuer    : /DC=ch/DC=cern/OU=computers/CN=lcg-voms.cern.ch
attribute : /cms/Role=NULL/Capability=NULL
timeleft  : 191:49:24
uri       : lcg-voms.cern.ch:15002
WNHostName=compute-21-26.tier2
>>> tar --no-same-permissions -xf /wntmp/condor/compute-21-26/execute/dir_17883/glide_bmQZx5/execute/dir_4638/default.tgz :
Successful untar
>>> Include /wntmp/condor/compute-21-26/execute/dir_17883/glide_bmQZx5/execute/dir_4638 in PYTHONPATH:
strip arguments
env var CRAB_UNIQUE_JOB_ID set to: aelwood_140801_jJets_ngun_PU40bx25_1c84ps_25_1_6Bw
out_files_25
>>> list of expected files on output sandbox
output files: crab_fjr_25.xml CMSSW_25.stdout CMSSW_25.stderr Watchdog_25.log.gz
>>> GridFlavour discovery: 
source OSG GRID setup script
GridFlavour=OSG
>>> SyncSite discovery: 
SyncSite=T2_US_Caltech
>>> SyncCE discovery: 
getting SyncCE from OSG_JOB_CONTACT
SyncCE=itb-ce.ultralight.org/jobmanager-condor
>>> info for dashboard:
***** Cat /wntmp/condor/compute-21-26/execute/dir_17883/glide_bmQZx5/execute/dir_4638/jobreport.txt *****
WNHostName=compute-21-26.tier2
MonitorJobID=25_https://submit-4.t2.ucsd.edu//140801//331280.24
SyncGridJobId=https://submit-4.t2.ucsd.edu//140801//331280.24
MonitorID=aelwood_140801_jJets_ngun_PU40bx25_1c84ps
GridFlavour=OSG
SyncSite=T2_US_Caltech
SyncCE=itb-ce.ultralight.org/jobmanager-condor
***** End Cat jobreport *****
Parameters sent to Dashboard.
>>> setup environment
set SCRAM ARCH to slc6_amd64_gcc481
SCRAM_ARCH = slc6_amd64_gcc481
>>> Created working directory: /wntmp/condor/compute-21-26/execute/dir_17883/glide_bmQZx5/execute/dir_4638/cms_dbrmJPmzPFU7
Change to working directory: /wntmp/condor/compute-21-26/execute/dir_17883/glide_bmQZx5/execute/dir_4638/cms_dbrmJPmzPFU7
>>> current directory (WORKING_DIR): /wntmp/condor/compute-21-26/execute/dir_17883/glide_bmQZx5/execute/dir_4638/cms_dbrmJPmzPFU7
>>> setup CMS OSG environment:
set SCRAM ARCH to slc6_amd64_gcc481
SCRAM_ARCH = slc6_amd64_gcc481
OSG_APP is /raid1/osg-app
sourcing /raid1/osg-app/cmssoft/cms/cmsset_default.sh ...
==> setup cms environment ok
SCRAM_ARCH = slc6_amd64_gcc481
>>> specific cmssw setup environment:
CMSSW_VERSION =  CMSSW_7_1_0_pre8
>>> current directory (SOFTWARE_DIR): /wntmp/condor/compute-21-26/execute/dir_17883/glide_bmQZx5/execute/dir_4638/cms_dbrmJPmzPFU7/CMSSW_7_1_0_pre8
PreserveSeeds: <>
IncrementSeeds:<>
>>> info for dashboard:
***** Cat /wntmp/condor/compute-21-26/execute/dir_17883/glide_bmQZx5/execute/dir_4638/jobreport.txt *****
MonitorJobID=25_https://submit-4.t2.ucsd.edu//140801//331280.24
MonitorID=aelwood_140801_jJets_ngun_PU40bx25_1c84ps
***** End Cat jobreport *****
Parameters sent to Dashboard.
crabWatchdog started as process 4820
>>> moving CMSSW software directories in /wntmp/condor/compute-21-26/execute/dir_17883/glide_bmQZx5/execute/dir_4638/cms_dbrmJPmzPFU7/CMSSW_7_1_0_pre8
mv: cannot stat `/wntmp/condor/compute-21-26/execute/dir_17883/glide_bmQZx5/execute/dir_4638/module/': No such file or directory
>>> Include /wntmp/condor/compute-21-26/execute/dir_17883/glide_bmQZx5/execute/dir_4638 in PYTHONPATH:
PYTHONPATH=/wntmp/condor/compute-21-26/execute/dir_17883/glide_bmQZx5/execute/dir_4638/:/wntmp/condor/compute-21-26/execute/dir_17883/glide_bmQZx5/execute/dir_4638/cms_dbrmJPmzPFU7/CMSSW_7_1_0_pre8/python:/wntmp/condor/compute-21-26/execute/dir_17883/glide_bmQZx5/execute/dir_4638/cms_dbrmJPmzPFU7/CMSSW_7_1_0_pre8/lib/slc6_amd64_gcc481:/cvmfs/cms.cern.ch/slc6_amd64_gcc481/cms/cmssw/CMSSW_7_1_0_pre8/python:/cvmfs/cms.cern.ch/slc6_amd64_gcc481/cms/cmssw/CMSSW_7_1_0_pre8/lib/slc6_amd64_gcc481:/cvmfs/cms.cern.ch/slc6_amd64_gcc481/cms/coral/CORAL_2_3_21-cms20/slc6_amd64_gcc481/python:/cvmfs/cms.cern.ch/slc6_amd64_gcc481/cms/coral/CORAL_2_3_21-cms20/slc6_amd64_gcc481/lib:/cvmfs/cms.cern.ch/slc6_amd64_gcc481/external/pyqt/4.8.1-cms/lib/python2.7/site-packages:/cvmfs/cms.cern.ch/slc6_amd64_gcc481/external/py2-scipy/0.8.0-cms/lib/python2.7/site-packages:/cvmfs/cms.cern.ch/slc6_amd64_gcc481/external/py2-matplotlib/1.2.1-cms/lib/python2.7/site-packages:/cvmfs/cms.cern.ch/slc6_amd64_gcc481/external/yoda/1.0.4/lib/python2.7/site-packages:/cvmfs/cms.cern.ch/slc6_amd64_gcc481/external/python-ldap/2.4.10-cms/lib/python2.7/site-packages:/cvmfs/cms.cern.ch/slc6_amd64_gcc481/external/sip/4.11.2-cms/lib/python2.7/site-packages:/cvmfs/cms.cern.ch/slc6_amd64_gcc481/external/llvm/3.4/lib/python2.7/site-packages:/cvmfs/cms.cern.ch/slc6_amd64_gcc481/external/py2-sqlalchemy/0.8.2-cms2/lib/python2.7/site-packages:/cvmfs/cms.cern.ch/slc6_amd64_gcc481/external/py2-pycurl/7.19.0-cms/lib/python2.7/site-packages:/cvmfs/cms.cern.ch/slc6_amd64_gcc481/external/py2-python-dateutil/1.1-cms/lib/python2.7/site-packages:/cvmfs/cms.cern.ch/slc6_amd64_gcc481/external/py2-numpy/1.6.1-cms/lib/python2.7/site-packages:/cvmfs/cms.cern.ch/slc6_amd64_gcc481/external/py2-lint/0.25.1-cms/lib/python2.7/site-packages:/cvmfs/cms.cern.ch/slc6_amd64_gcc481/external/py2-ipython/0.10-cms/lib/python2.7/site-packages:/cvmfs/cms.cern.ch/slc6_amd64_gcc481/external/py2-cx-oracle/5.1-cms2/lib/python2.7/site-packages:/cvmfs/cms.cern.ch/slc6_amd64_gcc481/external/py2-cjson/1.0.5-cms/lib/python2.7/site-packages:/cvmfs/cms.cern.ch/slc6_amd64_gcc481/external/frontier_client/2.8.10/python/lib:/cvmfs/cms.cern.ch/slc6_amd64_gcc481/cms/das-client/2.5.0/bin:/cvmfs/cms.cern.ch/slc6_amd64_gcc481/external/cython/0.19.1/lib/python2.7/site-packages:/cvmfs/cms.cern.ch/slc6_amd64_gcc481/external/rivet/1.8.2-cms4/lib/python2.7/site-packages:/cvmfs/cms.cern.ch/slc6_amd64_gcc481/external/pyminuit2/0.0.1-cms13/lib/python2.7/site-packages:/cvmfs/cms.cern.ch/slc6_amd64_gcc481/external/py2-pygithub/1.23.0/lib/python2.7/site-packages:/cvmfs/cms.cern.ch/slc6_amd64_gcc481/external/py2-networkx/1.8.1/lib/python2.7/site-packages:/cvmfs/cms.cern.ch/slc6_amd64_gcc481/external/professor/1.0.0-cms13/lib/python2.7/site-packages:/cvmfs/cms.cern.ch/slc6_amd64_gcc481/lcg/root/5.34.18/lib:/cvmfs/cms.cern.ch/slc6_amd64_gcc481/cms/dbs-client/DBS_2_1_9-cms/lib:/cvmfs/cms.cern.ch/slc6_amd64_gcc481/cms/dbs-client/DBS_2_1_9-cms/lib/DBSAPI:/cvmfs/cms.cern.ch/slc6_amd64_gcc481/external/cvs2git/5419-cms/lib:/wntmp/condor/compute-21-26/execute/dir_17883/glide_bmQZx5/execute/dir_4638/
 
# LIMITS USED BY CRAB WATCHDOG:
# RSS  (KBytes)   : 2300000
# VSZ  (KBytes)   : 100000000
# DISK (MBytes)   : 19000
# CPU TIME        : 720h:0m:0s
# WALL CLOCK TIME : 21h:50m:0s
 
951aa882d2ac167e3fe15038b4453880
PSETHASH = 951aa882d2ac167e3fe15038b4453880
/wntmp/condor/compute-21-26/execute/dir_17883/glide_bmQZx5/execute/dir_4638/writeCfg.py pset.py pset.py
Importing .py file
Setting parameters
RandomNumberGeneratorService found, will attempt to change seeds
inputBlocks=/Neutrino_Pt-2to20_gun/Fall13dr-tsg_PU40bx25_POSTLS162_V2-v1/GEN-SIM-RAW#09b9f490-7aa3-11e3-b1c2-003048f02d38
inputFiles=/store/mc/Fall13dr/Neutrino_Pt-2to20_gun/GEN-SIM-RAW/tsg_PU40bx25_POSTLS162_V2-v1/00002/B48C7781-017B-E311-91CD-0025905A60B0.root;/store/mc/Fall13dr/Neutrino_Pt-2to20_gun/GEN-SIM-RAW/tsg_PU40bx25_POSTLS162_V2-v1/00002/02CE3B79-017B-E311-99FC-003048678ED4.root;/store/mc/Fall13dr/Neutrino_Pt-2to20_gun/GEN-SIM-RAW/tsg_PU40bx25_POSTLS162_V2-v1/00002/50EB507B-017B-E311-B11B-002618943910.root;/store/mc/Fall13dr/Neutrino_Pt-2to20_gun/GEN-SIM-RAW/tsg_PU40bx25_POSTLS162_V2-v1/00002/C01EF975-017B-E311-A52E-003048FFCB84.root;/store/mc/Fall13dr/Neutrino_Pt-2to20_gun/GEN-SIM-RAW/tsg_PU40bx25_POSTLS162_V2-v1/00002/6882AF6D-017B-E311-81B1-00261894394B.root;/store/mc/Fall13dr/Neutrino_Pt-2to20_gun/GEN-SIM-RAW/tsg_PU40bx25_POSTLS162_V2-v1/00002/16D1ED73-017B-E311-85CE-0025905A60CE.root
parentFiles=/store/mc/Fall13/Neutrino_Pt-2to20_gun/GEN-SIM/POSTLS162_V1-v4/10000/6E4C50BF-AB68-E311-87EE-90B11C1DBFB4.root;/store/mc/Fall13/Neutrino_Pt-2to20_gun/GEN-SIM/POSTLS162_V1-v4/10000/1421B2BF-AB68-E311-A258-90B11C1DBFB4.root;/store/mc/Fall13/Neutrino_Pt-2to20_gun/GEN-SIM/POSTLS162_V1-v4/10000/6E4C50BF-AB68-E311-87EE-90B11C1DBFB4.root;/store/mc/Fall13/Neutrino_Pt-2to20_gun/GEN-SIM/POSTLS162_V1-v4/10000/6E4C50BF-AB68-E311-87EE-90B11C1DBFB4.root;/store/mc/Fall13/Neutrino_Pt-2to20_gun/GEN-SIM/POSTLS162_V1-v4/10000/6E4C50BF-AB68-E311-87EE-90B11C1DBFB4.root;/store/mc/Fall13/Neutrino_Pt-2to20_gun/GEN-SIM/POSTLS162_V1-v4/10000/567E60C2-AB68-E311-8B3A-90B11C1DBFB4.root;/store/mc/Fall13/Neutrino_Pt-2to20_gun/GEN-SIM/POSTLS162_V1-v4/10000/6E4C50BF-AB68-E311-87EE-90B11C1DBFB4.root;/store/mc/Fall13/Neutrino_Pt-2to20_gun/GEN-SIM/POSTLS162_V1-v4/10000/567E60C2-AB68-E311-8B3A-90B11C1DBFB4.root
lumisRange=
>>> Executable cmsRun
/cvmfs/cms.cern.ch/slc6_amd64_gcc481/cms/cmssw/CMSSW_7_1_0_pre8/bin/slc6_amd64_gcc481/cmsRun
ok executable found
>>> info for dashboard:
***** Cat /wntmp/condor/compute-21-26/execute/dir_17883/glide_bmQZx5/execute/dir_4638/jobreport.txt *****
MonitorJobID=25_https://submit-4.t2.ucsd.edu//140801//331280.24
MonitorID=aelwood_140801_jJets_ngun_PU40bx25_1c84ps
ExeStart=cmsRun
***** End Cat jobreport *****
Parameters sent to Dashboard.
>>> cmsRun started at Fri Aug  1 10:04:07 UTC 2014
>>> cmsRun ended at Fri Aug  1 11:28:49 UTC 2014
>>> crab_fjr_*.xml  permission set to 0704
>>> info for dashboard:
***** Cat /wntmp/condor/compute-21-26/execute/dir_17883/glide_bmQZx5/execute/dir_4638/jobreport.txt *****
MonitorJobID=25_https://submit-4.t2.ucsd.edu//140801//331280.24
MonitorID=aelwood_140801_jJets_ngun_PU40bx25_1c84ps
ExeEnd=cmsRun
***** End Cat jobreport *****
Parameters sent to Dashboard.
TIME_EXE = 5082 sec
>>> cmsRun wrote 57 lines of stdout+stderr
>>> START OF printout of 57 lines from stdout+stderr
==> using COND/Services/RelationalAuthenticationService for auth, sys 1
==> using COND/Services/RelationalAuthenticationService for auth, sys 1
01-Aug-2014 03:04:26 PDT  Initiating request to open file /mnt/hadoop/store/mc/Fall13dr/Neutrino_Pt-2to20_gun/GEN-SIM-RAW/tsg_PU40bx25_POSTLS162_V2-v1/00002/B48C7781-017B-E311-91CD-0025905A60B0.root
01-Aug-2014 03:04:27 PDT  Successfully opened file /mnt/hadoop/store/mc/Fall13dr/Neutrino_Pt-2to20_gun/GEN-SIM-RAW/tsg_PU40bx25_POSTLS162_V2-v1/00002/B48C7781-017B-E311-91CD-0025905A60B0.root
01-Aug-2014 03:04:29 PDT  Initiating request to open file /mnt/hadoop/store/mc/Fall13/Neutrino_Pt-2to20_gun/GEN-SIM/POSTLS162_V1-v4/10000/6E4C50BF-AB68-E311-87EE-90B11C1DBFB4.root
01-Aug-2014 03:04:29 PDT  Fallback request to file root://cmsxrootd.fnal.gov//store/mc/Fall13/Neutrino_Pt-2to20_gun/GEN-SIM/POSTLS162_V1-v4/10000/6E4C50BF-AB68-E311-87EE-90B11C1DBFB4.root
140801 03:04:32 5691 Xrd: CheckErrorStatus: Server [cmssrmdisk.fnal.gov:1095] declared: Request 3018 not supported(error code: 3013)
01-Aug-2014 03:04:32 PDT  Successfully opened file root://cmsxrootd.fnal.gov//store/mc/Fall13/Neutrino_Pt-2to20_gun/GEN-SIM/POSTLS162_V1-v4/10000/6E4C50BF-AB68-E311-87EE-90B11C1DBFB4.root
01-Aug-2014 03:04:41 PDT  Closed file root://cmsxrootd.fnal.gov//store/mc/Fall13/Neutrino_Pt-2to20_gun/GEN-SIM/POSTLS162_V1-v4/10000/6E4C50BF-AB68-E311-87EE-90B11C1DBFB4.root
Stage1Layer2Producer -- Running pp implementation


----------------------------------------
Begin: L1CaloTowerProducer
----------------------------------------

140801 03:10:00 6029 Xrd: XrdClientMessage::ReadRaw: Failed to read header (8 bytes).
140801 03:10:00 6034 Xrd: XrdClientMessage::ReadRaw: Failed to read header (8 bytes).
01-Aug-2014 03:14:10 PDT  Closed file /mnt/hadoop/store/mc/Fall13dr/Neutrino_Pt-2to20_gun/GEN-SIM-RAW/tsg_PU40bx25_POSTLS162_V2-v1/00002/B48C7781-017B-E311-91CD-0025905A60B0.root
01-Aug-2014 03:14:10 PDT  Initiating request to open file /mnt/hadoop/store/mc/Fall13dr/Neutrino_Pt-2to20_gun/GEN-SIM-RAW/tsg_PU40bx25_POSTLS162_V2-v1/00002/02CE3B79-017B-E311-99FC-003048678ED4.root
01-Aug-2014 03:14:10 PDT  Successfully opened file /mnt/hadoop/store/mc/Fall13dr/Neutrino_Pt-2to20_gun/GEN-SIM-RAW/tsg_PU40bx25_POSTLS162_V2-v1/00002/02CE3B79-017B-E311-99FC-003048678ED4.root
01-Aug-2014 03:24:53 PDT  Closed file /mnt/hadoop/store/mc/Fall13dr/Neutrino_Pt-2to20_gun/GEN-SIM-RAW/tsg_PU40bx25_POSTLS162_V2-v1/00002/02CE3B79-017B-E311-99FC-003048678ED4.root
01-Aug-2014 03:24:53 PDT  Initiating request to open file /mnt/hadoop/store/mc/Fall13dr/Neutrino_Pt-2to20_gun/GEN-SIM-RAW/tsg_PU40bx25_POSTLS162_V2-v1/00002/50EB507B-017B-E311-B11B-002618943910.root
01-Aug-2014 03:24:54 PDT  Successfully opened file /mnt/hadoop/store/mc/Fall13dr/Neutrino_Pt-2to20_gun/GEN-SIM-RAW/tsg_PU40bx25_POSTLS162_V2-v1/00002/50EB507B-017B-E311-B11B-002618943910.root
140801 03:24:59 6026 Xrd: XrdClientMessage::ReadRaw: Failed to read header (8 bytes).
140801 03:25:00 6032 Xrd: XrdClientMessage::ReadRaw: Failed to read header (8 bytes).
140801 03:25:00 6024 Xrd: XrdClientMessage::ReadRaw: Failed to read header (8 bytes).
01-Aug-2014 03:34:37 PDT  Closed file /mnt/hadoop/store/mc/Fall13dr/Neutrino_Pt-2to20_gun/GEN-SIM-RAW/tsg_PU40bx25_POSTLS162_V2-v1/00002/50EB507B-017B-E311-B11B-002618943910.root
01-Aug-2014 03:34:37 PDT  Initiating request to open file /mnt/hadoop/store/mc/Fall13dr/Neutrino_Pt-2to20_gun/GEN-SIM-RAW/tsg_PU40bx25_POSTLS162_V2-v1/00002/C01EF975-017B-E311-A52E-003048FFCB84.root
01-Aug-2014 03:34:38 PDT  Successfully opened file /mnt/hadoop/store/mc/Fall13dr/Neutrino_Pt-2to20_gun/GEN-SIM-RAW/tsg_PU40bx25_POSTLS162_V2-v1/00002/C01EF975-017B-E311-A52E-003048FFCB84.root
01-Aug-2014 04:15:00 PDT  Closed file /mnt/hadoop/store/mc/Fall13dr/Neutrino_Pt-2to20_gun/GEN-SIM-RAW/tsg_PU40bx25_POSTLS162_V2-v1/00002/C01EF975-017B-E311-A52E-003048FFCB84.root
01-Aug-2014 04:15:00 PDT  Initiating request to open file /mnt/hadoop/store/mc/Fall13dr/Neutrino_Pt-2to20_gun/GEN-SIM-RAW/tsg_PU40bx25_POSTLS162_V2-v1/00002/6882AF6D-017B-E311-81B1-00261894394B.root
01-Aug-2014 04:15:00 PDT  Successfully opened file /mnt/hadoop/store/mc/Fall13dr/Neutrino_Pt-2to20_gun/GEN-SIM-RAW/tsg_PU40bx25_POSTLS162_V2-v1/00002/6882AF6D-017B-E311-81B1-00261894394B.root
01-Aug-2014 04:24:02 PDT  Closed file /mnt/hadoop/store/mc/Fall13dr/Neutrino_Pt-2to20_gun/GEN-SIM-RAW/tsg_PU40bx25_POSTLS162_V2-v1/00002/6882AF6D-017B-E311-81B1-00261894394B.root
01-Aug-2014 04:24:02 PDT  Initiating request to open file /mnt/hadoop/store/mc/Fall13dr/Neutrino_Pt-2to20_gun/GEN-SIM-RAW/tsg_PU40bx25_POSTLS162_V2-v1/00002/16D1ED73-017B-E311-85CE-0025905A60CE.root
01-Aug-2014 04:24:02 PDT  Successfully opened file /mnt/hadoop/store/mc/Fall13dr/Neutrino_Pt-2to20_gun/GEN-SIM-RAW/tsg_PU40bx25_POSTLS162_V2-v1/00002/16D1ED73-017B-E311-85CE-0025905A60CE.root
01-Aug-2014 04:28:44 PDT  Closed file /mnt/hadoop/store/mc/Fall13dr/Neutrino_Pt-2to20_gun/GEN-SIM-RAW/tsg_PU40bx25_POSTLS162_V2-v1/00002/16D1ED73-017B-E311-85CE-0025905A60CE.root

=============================================

MessageLogger Summary

 type     category        sev    module        subroutine        count    total
 ---- -------------------- -- ---------------- ----------------  -----    -----
    1 fileAction           -s AfterFile                              4        4
    2 fileAction           -s file_close                             6        6
    3 fileAction           -s file_open                             12       12

 type    category    Examples: run/evt        run/evt          run/evt
 ---- -------------------- ---------------- ---------------- ----------------
    1 fileAction           pre-events       pre-events       pre-events
    2 fileAction           PostProcessEvent PostProcessEvent PostEndRun
    3 fileAction           pre-events       pre-events       PostProcessEvent

Severity    # Occurrences   Total Occurrences
--------    -------------   -----------------
System                 22                  22
>>> END OF printout of 57 lines from stdout+stderr
>>> Parse FrameworkJobReport crab_fjr.xml
Result of parsing the FrameworkJobReport crab_fjr.xml: 
Extracted ExitStatus from FrameworkJobReport parsing output: 0
>>> Executable succeded  0
ExeExitCode=0
EXECUTABLE_EXIT_STATUS = 0
>>> current directory /wntmp/condor/compute-21-26/execute/dir_17883/glide_bmQZx5/execute/dir_4638/cms_dbrmJPmzPFU7/CMSSW_7_1_0_pre8
>>>  (SOFTWARE_DIR): /wntmp/condor/compute-21-26/execute/dir_17883/glide_bmQZx5/execute/dir_4638/cms_dbrmJPmzPFU7/CMSSW_7_1_0_pre8
>>> (WORKING_DIR): /wntmp/condor/compute-21-26/execute/dir_17883/glide_bmQZx5/execute/dir_4638/cms_dbrmJPmzPFU7
>>> current directory content:
total 468580
drwxr-xr-x. 3 uscms4354 cms      4096 Aug  1 03:03 .SCRAM
-rw-------. 1 uscms4354 cms    916533 Aug  1 03:03 CMSSW.py.pkl
-rw-------. 1 uscms4354 cms 477901161 Aug  1 04:28 L1SkimRun.root
drwxr-xr-x. 3 uscms4354 cms      4096 Aug  1 03:03 bin
drwxr-xr-x. 3 uscms4354 cms      4096 Aug  1 03:03 cfipython
drwxr-xr-x. 4 uscms4354 cms      4096 Aug  1 03:03 config
-rw-------. 1 uscms4354 cms        18 Aug  1 04:28 cpu_timing.txt
drwxr-xr-x. 2 uscms4354 cms      4096 Aug  1 03:03 doc
-rw-------. 1 uscms4354 cms      6002 Aug  1 04:28 executable.out
drwxr-xr-x. 2 uscms4354 cms      4096 Aug  1 03:03 include
drwx------. 3 uscms4354 cms      4096 Aug  1 00:37 lib
drwxr-xr-x. 3 uscms4354 cms      4096 Aug  1 03:03 logs
drwxr-xr-x. 3 uscms4354 cms      4096 Aug  1 03:03 objs
-rw-------. 1 uscms4354 cms       104 Aug  1 03:04 pset.py
-rw-------. 1 uscms4354 cms    919978 Aug  1 03:04 pset.py.pkl
-rw-------. 1 uscms4354 cms       289 Aug  1 03:04 pset.pyc
drwxr-xr-x. 2 uscms4354 cms      4096 Aug  1 03:03 python
-rw-------. 1 uscms4354 cms       419 Aug  1 04:28 report.log
drwx------. 5 uscms4354 cms      4096 Aug  1 03:03 src
drwxr-xr-x. 3 uscms4354 cms      4096 Aug  1 03:03 test
drwxr-xr-x. 3 uscms4354 cms      4096 Aug  1 03:03 tmp
>>> current directory /wntmp/condor/compute-21-26/execute/dir_17883/glide_bmQZx5/execute/dir_4638/cms_dbrmJPmzPFU7/CMSSW_7_1_0_pre8
>>> (SOFTWARE_DIR): /wntmp/condor/compute-21-26/execute/dir_17883/glide_bmQZx5/execute/dir_4638/cms_dbrmJPmzPFU7/CMSSW_7_1_0_pre8
>>> (WORKING_DIR): /wntmp/condor/compute-21-26/execute/dir_17883/glide_bmQZx5/execute/dir_4638/cms_dbrmJPmzPFU7
>>> current directory content:
total 468580
drwxr-xr-x. 3 uscms4354 cms      4096 Aug  1 03:03 .SCRAM
-rw-------. 1 uscms4354 cms    916533 Aug  1 03:03 CMSSW.py.pkl
-rw-------. 1 uscms4354 cms 477901161 Aug  1 04:28 L1SkimRun_25_1_6Bw.root
drwxr-xr-x. 3 uscms4354 cms      4096 Aug  1 03:03 bin
drwxr-xr-x. 3 uscms4354 cms      4096 Aug  1 03:03 cfipython
drwxr-xr-x. 4 uscms4354 cms      4096 Aug  1 03:03 config
-rw-------. 1 uscms4354 cms        18 Aug  1 04:28 cpu_timing.txt
drwxr-xr-x. 2 uscms4354 cms      4096 Aug  1 03:03 doc
-rw-------. 1 uscms4354 cms      6002 Aug  1 04:28 executable.out
drwxr-xr-x. 2 uscms4354 cms      4096 Aug  1 03:03 include
drwx------. 3 uscms4354 cms      4096 Aug  1 00:37 lib
drwxr-xr-x. 3 uscms4354 cms      4096 Aug  1 03:03 logs
drwxr-xr-x. 3 uscms4354 cms      4096 Aug  1 03:03 objs
-rw-------. 1 uscms4354 cms       104 Aug  1 03:04 pset.py
-rw-------. 1 uscms4354 cms    919978 Aug  1 03:04 pset.py.pkl
-rw-------. 1 uscms4354 cms       289 Aug  1 03:04 pset.pyc
drwxr-xr-x. 2 uscms4354 cms      4096 Aug  1 03:03 python
-rw-------. 1 uscms4354 cms       419 Aug  1 04:28 report.log
drwx------. 5 uscms4354 cms      4096 Aug  1 03:03 src
drwxr-xr-x. 3 uscms4354 cms      4096 Aug  1 03:03 test
drwxr-xr-x. 3 uscms4354 cms      4096 Aug  1 03:03 tmp
>>> current directory (RUNTIME_AREA):  /wntmp/condor/compute-21-26/execute/dir_17883/glide_bmQZx5/execute/dir_4638
SE = srm-eoscms.cern.ch
SE_PATH = /srm/v2/server?SFN=/eos/cms/store/user/aelwood/140801_jJets_ngun_PU40bx25/
LFNBaseName = /store/user/aelwood/140801_jJets_ngun_PU40bx25/
USER = aelwood
endpoint = srm://srm-eoscms.cern.ch:8443/srm/v2/server?SFN=/eos/cms/store/user/aelwood/140801_jJets_ngun_PU40bx25/
>>> Copy output files from WN = compute-21-26.tier2 to /srm/v2/server?SFN=/eos/cms/store/user/aelwood/140801_jJets_ngun_PU40bx25/ :
python cmscp.py  --destination srm://srm-eoscms.cern.ch:8443/srm/v2/server?SFN=/eos/cms/store/user/aelwood/140801_jJets_ngun_PU40bx25/ --inputFileList /wntmp/condor/compute-21-26/execute/dir_17883/glide_bmQZx5/execute/dir_4638/cms_dbrmJPmzPFU7/CMSSW_7_1_0_pre8/L1SkimRun_25_1_6Bw.root --middleware OSG --se_name srm-eoscms.cern.ch --for_lfn /store/user/aelwood/140801_jJets_ngun_PU40bx25/    
******************************************************
localSeName  =  cit-se.ultralight.org
remoteSeName =  srm-eoscms.cern.ch
******************************************************
{"/wntmp/condor/compute-21-26/execute/dir_17883/glide_bmQZx5/execute/dir_4638/cms_dbrmJPmzPFU7/CMSSW_7_1_0_pre8/L1SkimRun_25_1_6Bw.root": {"endpoint": "srm://srm-eoscms.cern.ch:8443/srm/v2/server?SFN=/eos/cms/store/user/aelwood/140801_jJets_ngun_PU40bx25/", "surl_for_grid": "", "reason": "ERROR: problems checking if file /wntmp/condor/compute-21-26/execute/dir_17883/glide_bmQZx5/execute/dir_4638/cms_dbrmJPmzPFU7/CMSSW_7_1_0_pre8/L1SkimRun_25_1_6Bw.root already exist'Error checking [L1SkimRun_25_1_6Bw.root]'", "erCode": "60307", "se_name": "srm-eoscms.cern.ch", "for_lfn": "/copy_problem/"}}/wntmp/condor/compute-21-26/execute/dir_17883/glide_bmQZx5/execute/dir_4638
-------- cat /wntmp/condor/compute-21-26/execute/dir_17883/glide_bmQZx5/execute/dir_4638/cmscpReport.sh 
#!/bin/bash
echo "Report for File: /wntmp/condor/compute-21-26/execute/dir_17883/glide_bmQZx5/execute/dir_4638/cms_dbrmJPmzPFU7/CMSSW_7_1_0_pre8/L1SkimRun_25_1_6Bw.root"
echo "LFN: /copy_problem/L1SkimRun_25_1_6Bw.root"
echo "StorageElement: srm-eoscms.cern.ch"
echo "StageOutExitStatusReason = 'ERROR: problems checking if file /wntmp/condor/compute-21-26/execute/dir_17883/glide_bmQZx5/execute/dir_4638/cms_dbrmJPmzPFU7/CMSSW_7_1_0_pre8/L1SkimRun_25_1_6Bw.root already exist Error checking [L1SkimRun_25_1_6Bw.root] '" | tee -a $RUNTIME_AREA/$repo
echo "StageOutSE = srm-eoscms.cern.ch" >> $RUNTIME_AREA/$repo

export StageOutExitStatus=60307
echo "StageOutExitStatus = 60307" | tee -a $RUNTIME_AREA/$repo
-------- end of /wntmp/condor/compute-21-26/execute/dir_17883/glide_bmQZx5/execute/dir_4638/cmscpReport.sh 
Report for File: /wntmp/condor/compute-21-26/execute/dir_17883/glide_bmQZx5/execute/dir_4638/cms_dbrmJPmzPFU7/CMSSW_7_1_0_pre8/L1SkimRun_25_1_6Bw.root
LFN: /copy_problem/L1SkimRun_25_1_6Bw.root
StorageElement: srm-eoscms.cern.ch
StageOutExitStatusReason = 'ERROR: problems checking if file /wntmp/condor/compute-21-26/execute/dir_17883/glide_bmQZx5/execute/dir_4638/cms_dbrmJPmzPFU7/CMSSW_7_1_0_pre8/L1SkimRun_25_1_6Bw.root already exist Error checking [L1SkimRun_25_1_6Bw.root] '
StageOutExitStatus = 60307
Problem copying file to srm-eoscms.cern.ch /srm/v2/server?SFN=/eos/cms/store/user/aelwood/140801_jJets_ngun_PU40bx25/
########## contents of SE interaction
2014-08-01 04:29:12.404529:
Executed:	unset LD_LIBRARY_PATH; unset GLITE_ENV_SET; export PATH=/usr/bin:/bin; source /etc/profile; source /wntmp/condor/compute-21-26/execute/dir_17883/glide_bmQZx5/execute/dir_4638/CacheEnv.sh ; lcg-ls -b -D srmv2 --srm-timeout 2400 --sendreceive-timeout 2400 --connect-timeout 300 --verbose srm://srm-eoscms.cern.ch:8443/srm/v2/server?SFN=/eos/cms/store/user/aelwood/140801_jJets_ngun_PU40bx25/L1SkimRun_25_1_6Bw.root
Done with exit code:	1
and output:
SE type: SRMv2
[SE][Ls][] httpg://srm-eoscms.cern.ch:8443/srm/v2/server: CGSI-gSOAP running on compute-21-26.tier2 reports Error initializing context
GSS Major Status: Authentication Failed

GSS Minor Status Error Chain:
globus_gsi_gssapi: SSLv3 handshake problems
OpenSSL Error: s3_clnt.c:1168: in library: SSL routines, function SSL3_GET_SERVER_CERTIFICATE: certificate verify failed
globus_gsi_callback_module: Could not verify credential
globus_gsi_callback_module: Can't get the local trusted CA certificate: Cannot find trusted CA certificate with hash 5168735f in /etc/grid-security/certificates/



#####################################
>>> current dir: /wntmp/condor/compute-21-26/execute/dir_17883/glide_bmQZx5/execute/dir_4638
>>> current dir content:
total 15112
-rw-------. 1 uscms4354 cms     1093 Aug  1 04:29 .SEinteraction.log
-rwx------. 1 uscms4354 cms     6636 Aug  1 03:03 .job.ad
-rwx------. 1 uscms4354 cms     9439 Aug  1 03:03 .machine.ad
-rw-------. 1 uscms4354 cms      105 Aug  1 02:57 CMSSW.py
-rw-------. 1 uscms4354 cms   916533 Aug  1 02:57 CMSSW.py.pkl
-rwx------. 1 uscms4354 cms    28576 Aug  1 03:03 CMSSW.sh
-rw-------. 1 uscms4354 cms      182 Aug  1 03:03 CacheEnv.sh
-rw-------. 1 uscms4354 cms     7291 Jul 12 08:18 DashboardAPI.py
-rw-------. 1 uscms4354 cms     6755 Aug  1 03:03 DashboardAPI.pyc
drwx------. 2 uscms4354 cms     4096 Aug  1 04:28 IMProv
lrwxrwxrwx. 1 uscms4354 cms      133 Aug  1 04:28 L1SkimRun.root -> /wntmp/condor/compute-21-26/execute/dir_17883/glide_bmQZx5/execute/dir_4638/cms_dbrmJPmzPFU7/CMSSW_7_1_0_pre8/L1SkimRun_25_1_6Bw.root
-rw-------. 1 uscms4354 cms     2748 Jul 12 08:18 Logger.py
-rw-------. 1 uscms4354 cms     3327 Aug  1 03:03 Logger.pyc
-rw-------. 1 uscms4354 cms    24524 Jul 12 08:18 ProcInfo.py
-rw-------. 1 uscms4354 cms    23101 Aug  1 03:03 ProcInfo.pyc
drwx------. 7 uscms4354 cms     4096 Aug  1 03:04 ProdCommon
drwx------. 3 uscms4354 cms     4096 Aug  1 03:03 WMCore
-rw-------. 1 uscms4354 cms     6531 Aug  1 04:28 Watchdog_25.log
-rwx------. 1 uscms4354 cms        0 Aug  1 03:03 _condor_stderr
-rwx---r--. 1 uscms4354 cms    25195 Aug  1 04:30 _condor_stdout
-rw-------. 1 uscms4354 cms    32895 Jul 12 08:18 apmon.py
-rw-------. 1 uscms4354 cms    28509 Aug  1 03:03 apmon.pyc
-rwx------. 1 uscms4354 cms   240046 Aug  1 03:03 arguments.xml
drwx------. 3 uscms4354 cms     4096 Aug  1 03:03 cms_dbrmJPmzPFU7
-rwx------. 1 uscms4354 cms    38524 Jul 12 08:18 cmscp.py
-rw-------. 1 uscms4354 cms      708 Aug  1 04:30 cmscpReport.sh
-rwx------. 1 uscms4354 cms    28576 Aug  1 03:03 condor_exec.exe
-rw-------. 1 uscms4354 cms      759 Aug  1 02:56 crab.cfg
-rwx------. 1 uscms4354 cms     8610 Jul 12 08:18 crabWatchdog.sh
-rwx---r--. 1 uscms4354 cms    71082 Aug  1 04:28 crab_fjr_25.xml
-rwx------. 1 uscms4354 cms 13818897 Aug  1 03:03 default.tgz
-rwx------. 1 uscms4354 cms     4488 Jul 12 08:18 fillCrabFjr.py
-rw-------. 1 uscms4354 cms     1825 Aug  1 03:04 inputsReport.txt
-rw-------. 1 uscms4354 cms      454 Aug  1 04:30 jobreport.txt
-rw-------. 1 uscms4354 cms    17352 Jul 12 08:18 parseCrabFjr.py
-rw-------. 1 uscms4354 cms      334 Aug  1 03:03 report.log
-rwx--x--x. 1 uscms4354 cms     1497 Jul 12 08:18 report.py
-rw-------. 1 uscms4354 cms      596 Aug  1 04:30 resultCopyFile
-rwx------. 1 uscms4354 cms     8351 Jul 12 08:18 writeCfg.py
-rw-------. 1 uscms4354 cms     8083 Aug  1 04:23 x509up_u41660
>>> Modify Job Report:
CMSSW_VERSION = CMSSW_7_1_0_pre8
/wntmp/condor/compute-21-26/execute/dir_17883/glide_bmQZx5/execute/dir_4638/ProdCommon/FwkJobRep/ModifyJobReport.py fjr /wntmp/condor/compute-21-26/execute/dir_17883/glide_bmQZx5/execute/dir_4638/crab_fjr_25.xml json /wntmp/condor/compute-21-26/execute/dir_17883/glide_bmQZx5/execute/dir_4638/resultCopyFile n_job 25_1_6Bw PrimaryDataset Neutrino_Pt-2to20_gun  ApplicationFamily cmsRun ApplicationName cmsRun cmssw_version CMSSW_7_1_0_pre8 psethash 951aa882d2ac167e3fe15038b4453880
inputDict =  {u'/wntmp/condor/compute-21-26/execute/dir_17883/glide_bmQZx5/execute/dir_4638/cms_dbrmJPmzPFU7/CMSSW_7_1_0_pre8/L1SkimRun_25_1_6Bw.root': {u'endpoint': u'srm://srm-eoscms.cern.ch:8443/srm/v2/server?SFN=/eos/cms/store/user/aelwood/140801_jJets_ngun_PU40bx25/', u'surl_for_grid': u'', u'reason': u"ERROR: problems checking if file /wntmp/condor/compute-21-26/execute/dir_17883/glide_bmQZx5/execute/dir_4638/cms_dbrmJPmzPFU7/CMSSW_7_1_0_pre8/L1SkimRun_25_1_6Bw.root already exist'Error checking [L1SkimRun_25_1_6Bw.root]'", u'erCode': u'60307', u'se_name': u'srm-eoscms.cern.ch', u'for_lfn': u'/copy_problem/'}}
UserProcessedDataset =  
file_name in inputDict =  /wntmp/condor/compute-21-26/execute/dir_17883/glide_bmQZx5/execute/dir_4638/cms_dbrmJPmzPFU7/CMSSW_7_1_0_pre8/L1SkimRun_25_1_6Bw.root
(size) os.stat(filename)[6] =  477901161
checksum =  1173239818
    file =  L1SkimRun_25_1_6Bw.root
    newPfn =  srm://srm-eoscms.cern.ch:8443/srm/v2/server?SFN=/eos/cms/store/user/aelwood/140801_jJets_ngun_PU40bx25/L1SkimRun_25_1_6Bw.root
    newLfn =  /copy_problem/L1SkimRun_25_1_6Bw.root
>>> crab_fjr_*.xml  permission set to 0704
CrabWrapper EXIT_FUNC entered at Fri Aug  1 04:30:31 PDT 2014   -  Fri Aug  1 11:30:31 UTC 2014
Checking output files:  
will tar file crab_fjr_25.xml in  out_files_25
WARNING: output file CMSSW_25.stdout not found!
WARNING: output file CMSSW_25.stderr not found!
WARNING: output file Watchdog_25.log.gz not found!
>>> working dir = /wntmp/condor/compute-21-26/execute/dir_17883/glide_bmQZx5/execute/dir_4638/cms_dbrmJPmzPFU7
>>> current directory (RUNTIME_AREA): /wntmp/condor/compute-21-26/execute/dir_17883/glide_bmQZx5/execute/dir_4638
>>> Remove working directory: /wntmp/condor/compute-21-26/execute/dir_17883/glide_bmQZx5/execute/dir_4638/cms_dbrmJPmzPFU7
/wntmp/condor/compute-21-26/execute/dir_17883/glide_bmQZx5/execute/dir_4638/condor_exec.exe: line 140: symlinks: command not found
>>> padding time: Wrapper lasting more than 600 seconds. No sleep required.
STOPPING WATCHDOG. CrabWatchdog PID is 4820
********** LAST 50 LINES OF WATCHDOG LOG
 Aug 01 03:14:27 PDT	---	701880	932460	157	----	----	----
 Aug 01 03:15:29 PDT	---	701880	932460	167	----	----	----
 Aug 01 03:16:31 PDT	---	701880	932460	172	----	----	----
 Aug 01 03:17:33 PDT	---	701880	932460	179	----	----	----
 Aug 01 03:18:37 PDT	---	701880	932460	189	----	----	----
 Aug 01 03:19:40 PDT	---	701880	932460	199	----	----	----
 Aug 01 03:20:43 PDT	---	701880	932460	206	----	----	----
# TIME			PID	RSS(KB)	VSZ(KB)	Dsk(MB)	tCPU(s)	tWALL(s)	COMMAND
 Aug 01 03:21:45 PDT	---	701880	932460	216	----	----	----
 Aug 01 03:22:48 PDT	---	701880	932460	225	----	----	----
 Aug 01 03:23:51 PDT	---	701880	932460	233	----	----	----
 Aug 01 03:24:54 PDT	---	701880	932460	243	----	----	----
 Aug 01 03:25:57 PDT	---	701880	932460	252	----	----	----
 Aug 01 03:26:59 PDT	---	701880	932460	260	----	----	----
 Aug 01 03:28:02 PDT	---	701880	932460	269	----	----	----
 Aug 01 03:29:05 PDT	---	701880	932460	279	----	----	----
 Aug 01 03:30:08 PDT	---	701880	932460	287	----	----	----
 Aug 01 03:31:11 PDT	---	701880	932460	297	----	----	----
 Aug 01 03:32:14 PDT	---	701880	932460	306	----	----	----
 Aug 01 03:33:17 PDT	---	701880	932460	315	----	----	----
 Aug 01 03:34:19 PDT	---	701880	932460	325	----	----	----
 Aug 01 03:35:21 PDT	5691	701880	934252	325	1403	1882	cmsRun -j /wntmp/condor/compute-21-26/execute/dir_17883/glide_bmQZx5/execute/dir_4638/crab_fjr_25.xml -p pset.py      
 Aug 01 03:35:21 PDT	---	701880	934252	334	----	----	----
 Aug 01 03:36:24 PDT	---	701880	934252	342	----	----	----
 Aug 01 03:37:26 PDT	---	701880	934252	346	----	----	----
 Aug 01 03:58:04 PDT	---	701880	934252	347	----	----	----
 Aug 01 04:08:20 PDT	---	701880	934252	355	----	----	----
 Aug 01 04:09:22 PDT	---	701880	934252	361	----	----	----
 Aug 01 04:10:24 PDT	---	701880	934252	371	----	----	----
 Aug 01 04:11:26 PDT	---	701880	934252	379	----	----	----
 Aug 01 04:12:27 PDT	---	701880	934252	389	----	----	----
 Aug 01 04:13:29 PDT	---	701880	934252	399	----	----	----
 Aug 01 04:14:31 PDT	---	701880	934252	410	----	----	----
 Aug 01 04:15:33 PDT	---	701880	934252	418	----	----	----
 Aug 01 04:16:34 PDT	---	701880	934252	428	----	----	----
 Aug 01 04:17:36 PDT	---	701880	934252	438	----	----	----
 Aug 01 04:18:37 PDT	---	701880	934252	446	----	----	----
 Aug 01 04:19:39 PDT	---	701880	934252	456	----	----	----
# TIME			PID	RSS(KB)	VSZ(KB)	Dsk(MB)	tCPU(s)	tWALL(s)	COMMAND
 Aug 01 04:20:40 PDT	---	701880	934252	466	----	----	----
 Aug 01 04:21:42 PDT	5691	711052	984428	466	2188	4663	cmsRun -j /wntmp/condor/compute-21-26/execute/dir_17883/glide_bmQZx5/execute/dir_4638/crab_fjr_25.xml -p pset.py      
 Aug 01 04:21:42 PDT	---	711052	984428	475	----	----	----
 Aug 01 04:22:44 PDT	---	711052	984428	487	----	----	----
 Aug 01 04:23:45 PDT	---	711052	984428	495	----	----	----
 Aug 01 04:24:47 PDT	---	711052	984428	504	----	----	----
 Aug 01 04:25:48 PDT	5691	711096	984428	504	2403	4909	cmsRun -j /wntmp/condor/compute-21-26/execute/dir_17883/glide_bmQZx5/execute/dir_4638/crab_fjr_25.xml -p pset.py      
 Aug 01 04:25:48 PDT	---	711096	984428	515	----	----	----
 Aug 01 04:26:50 PDT	---	711096	984428	523	----	----	----
 Aug 01 04:27:51 PDT	---	711096	984428	533	----	----	----
 Aug 01 04:28:53 PDT	---	711096	984428	545	----	----	----
********** WATCHDOG LOG ENDED
ZIPPING WATCHDOG LOG
Disk space used:
du -sh /wntmp/condor/compute-21-26/execute/dir_17883/glide_bmQZx5/execute/dir_4638
17M	/wntmp/condor/compute-21-26/execute/dir_17883/glide_bmQZx5/execute/dir_4638
Found unusual stdout, rename for OSB
`/wntmp/condor/compute-21-26/execute/dir_17883/glide_bmQZx5/execute/dir_4638/_condor_stdout' -> `CMSSW_25.stdout'
Found unusual stderr, rename for OSB
`/wntmp/condor/compute-21-26/execute/dir_17883/glide_bmQZx5/execute/dir_4638/_condor_stdout' -> `CMSSW_25.stderr'
crab_fjr_25.xml
CMSSW_25.stdout
CMSSW_25.stderr
Watchdog_25.log.gz
Total Output dimension: 20748
WARNING: output files size limit is set to: 50000000
Total Output dimension 20748 is fine.
JOB_EXIT_STATUS = 60307
>>> info for dashboard:
***** Cat /wntmp/condor/compute-21-26/execute/dir_17883/glide_bmQZx5/execute/dir_4638/jobreport.txt *****
MonitorJobID=25_https://submit-4.t2.ucsd.edu//140801//331280.24
MonitorID=aelwood_140801_jJets_ngun_PU40bx25_1c84ps
ExeTime=5082
ExeExitCode=0
StageOutExitStatusReason = 'ERROR: problems checking if file /wntmp/condor/compute-21-26/execute/dir_17883/glide_bmQZx5/execute/dir_4638/cms_dbrmJPmzPFU7/CMSSW_7_1_0_pre8/L1SkimRun_25_1_6Bw.root already exist Error checking [L1SkimRun_25_1_6Bw.root] '
StageOutSE = srm-eoscms.cern.ch
StageOutExitStatus = 60307
CrabUserCpuTime=2529.15
CrabSysCpuTime=30.46
CrabCpuPercentage=50%
CrabWrapperTime=5199
CrabStageoutTime=89
JobExitCode=60307
***** End Cat jobreport *****
Parameters sent to Dashboard.
EXITING at Fri Aug  1 04:30:39 PDT 2014  -  Fri Aug  1 11:30:39 UTC 2014
