This script was generated by crab (version 2.10.6).
Running /wntmp/condor/compute-14-48/execute/dir_1782/glide_eoF6mW/execute/dir_467/condor_exec.exe with 2 positional parameters: 34 1
Today is Fri Aug  1 03:05:48 PDT 2014 - Fri Aug  1 10:05:48 UTC 2014
Job submitted on host compute-14-48.tier2
Linux compute-14-48.tier2 2.6.32-358.11.1.el6.x86_64 #1 SMP Wed Jun 12 03:34:52 UTC 2013 x86_64 x86_64 x86_64 GNU/Linux
>>> current directory (RUNTIME_AREA): /wntmp/condor/compute-14-48/execute/dir_1782/glide_eoF6mW/execute/dir_467
>>> current user: uid=20804(uscms4354) gid=504(cms) groups=504(cms),65004(glexec65004) context=unconfined_u:system_r:condor_startd_t:s0
>>> directory permission set to 0700
>>> umask set to:  u=rwx,g=,o=
>>> stdout stderr permission set to 0704
>>> voms proxy information:
subject   : /C=UK/O=eScience/OU=Imperial/L=Physics/CN=adam elwood/CN=1171778048/CN=811201202
issuer    : /C=UK/O=eScience/OU=Imperial/L=Physics/CN=adam elwood/CN=1171778048
identity  : /C=UK/O=eScience/OU=Imperial/L=Physics/CN=adam elwood/CN=1171778048
type      : RFC compliant proxy
strength  : 1024 bits
path      : /wntmp/condor/compute-14-48/execute/dir_1782/glide_eoF6mW/execute/dir_467/x509up_u41660
timeleft  : 23:59:58
key usage : Digital Signature, Key Encipherment, Key Agreement
=== VO cms extension information ===
VO        : cms
subject   : /C=UK/O=eScience/OU=Imperial/L=Physics/CN=adam elwood
issuer    : /DC=ch/DC=cern/OU=computers/CN=lcg-voms.cern.ch
attribute : /cms/Role=NULL/Capability=NULL
timeleft  : 191:47:28
uri       : lcg-voms.cern.ch:15002
WNHostName=compute-14-48.tier2
>>> tar --no-same-permissions -xf /wntmp/condor/compute-14-48/execute/dir_1782/glide_eoF6mW/execute/dir_467/default.tgz :
Successful untar
>>> Include /wntmp/condor/compute-14-48/execute/dir_1782/glide_eoF6mW/execute/dir_467 in PYTHONPATH:
strip arguments
env var CRAB_UNIQUE_JOB_ID set to: aelwood_140801_jJets_ngun_PU40bx25_1c84ps_34_1_vhU
out_files_34
>>> list of expected files on output sandbox
output files: crab_fjr_34.xml CMSSW_34.stdout CMSSW_34.stderr Watchdog_34.log.gz
>>> GridFlavour discovery: 
source OSG GRID setup script
GridFlavour=OSG
>>> SyncSite discovery: 
SyncSite=T2_US_Caltech
>>> SyncCE discovery: 
getting SyncCE from OSG_JOB_CONTACT
SyncCE=cit-gatekeeper.ultralight.org/jobmanager-condor
>>> info for dashboard:
***** Cat /wntmp/condor/compute-14-48/execute/dir_1782/glide_eoF6mW/execute/dir_467/jobreport.txt *****
WNHostName=compute-14-48.tier2
MonitorJobID=34_https://submit-4.t2.ucsd.edu//140801//331280.33
SyncGridJobId=https://submit-4.t2.ucsd.edu//140801//331280.33
MonitorID=aelwood_140801_jJets_ngun_PU40bx25_1c84ps
GridFlavour=OSG
SyncSite=T2_US_Caltech
SyncCE=cit-gatekeeper.ultralight.org/jobmanager-condor
***** End Cat jobreport *****
Parameters sent to Dashboard.
>>> setup environment
set SCRAM ARCH to slc6_amd64_gcc481
SCRAM_ARCH = slc6_amd64_gcc481
>>> Created working directory: /wntmp/condor/compute-14-48/execute/dir_1782/glide_eoF6mW/execute/dir_467/cms_biGyJK5ObuJy
Change to working directory: /wntmp/condor/compute-14-48/execute/dir_1782/glide_eoF6mW/execute/dir_467/cms_biGyJK5ObuJy
>>> current directory (WORKING_DIR): /wntmp/condor/compute-14-48/execute/dir_1782/glide_eoF6mW/execute/dir_467/cms_biGyJK5ObuJy
>>> setup CMS OSG environment:
set SCRAM ARCH to slc6_amd64_gcc481
SCRAM_ARCH = slc6_amd64_gcc481
OSG_APP is /raid1/osg-app
sourcing /raid1/osg-app/cmssoft/cms/cmsset_default.sh ...
==> setup cms environment ok
SCRAM_ARCH = slc6_amd64_gcc481
>>> specific cmssw setup environment:
CMSSW_VERSION =  CMSSW_7_1_0_pre8
>>> current directory (SOFTWARE_DIR): /wntmp/condor/compute-14-48/execute/dir_1782/glide_eoF6mW/execute/dir_467/cms_biGyJK5ObuJy/CMSSW_7_1_0_pre8
PreserveSeeds: <>
IncrementSeeds:<>
>>> info for dashboard:
***** Cat /wntmp/condor/compute-14-48/execute/dir_1782/glide_eoF6mW/execute/dir_467/jobreport.txt *****
MonitorJobID=34_https://submit-4.t2.ucsd.edu//140801//331280.33
MonitorID=aelwood_140801_jJets_ngun_PU40bx25_1c84ps
***** End Cat jobreport *****
Parameters sent to Dashboard.
crabWatchdog started as process 1570
>>> moving CMSSW software directories in /wntmp/condor/compute-14-48/execute/dir_1782/glide_eoF6mW/execute/dir_467/cms_biGyJK5ObuJy/CMSSW_7_1_0_pre8
mv: cannot stat `/wntmp/condor/compute-14-48/execute/dir_1782/glide_eoF6mW/execute/dir_467/module/': No such file or directory
>>> Include /wntmp/condor/compute-14-48/execute/dir_1782/glide_eoF6mW/execute/dir_467 in PYTHONPATH:
PYTHONPATH=/wntmp/condor/compute-14-48/execute/dir_1782/glide_eoF6mW/execute/dir_467/:/wntmp/condor/compute-14-48/execute/dir_1782/glide_eoF6mW/execute/dir_467/cms_biGyJK5ObuJy/CMSSW_7_1_0_pre8/python:/wntmp/condor/compute-14-48/execute/dir_1782/glide_eoF6mW/execute/dir_467/cms_biGyJK5ObuJy/CMSSW_7_1_0_pre8/lib/slc6_amd64_gcc481:/cvmfs/cms.cern.ch/slc6_amd64_gcc481/cms/cmssw/CMSSW_7_1_0_pre8/python:/cvmfs/cms.cern.ch/slc6_amd64_gcc481/cms/cmssw/CMSSW_7_1_0_pre8/lib/slc6_amd64_gcc481:/cvmfs/cms.cern.ch/slc6_amd64_gcc481/cms/coral/CORAL_2_3_21-cms20/slc6_amd64_gcc481/python:/cvmfs/cms.cern.ch/slc6_amd64_gcc481/cms/coral/CORAL_2_3_21-cms20/slc6_amd64_gcc481/lib:/cvmfs/cms.cern.ch/slc6_amd64_gcc481/external/pyqt/4.8.1-cms/lib/python2.7/site-packages:/cvmfs/cms.cern.ch/slc6_amd64_gcc481/external/py2-scipy/0.8.0-cms/lib/python2.7/site-packages:/cvmfs/cms.cern.ch/slc6_amd64_gcc481/external/py2-matplotlib/1.2.1-cms/lib/python2.7/site-packages:/cvmfs/cms.cern.ch/slc6_amd64_gcc481/external/yoda/1.0.4/lib/python2.7/site-packages:/cvmfs/cms.cern.ch/slc6_amd64_gcc481/external/python-ldap/2.4.10-cms/lib/python2.7/site-packages:/cvmfs/cms.cern.ch/slc6_amd64_gcc481/external/sip/4.11.2-cms/lib/python2.7/site-packages:/cvmfs/cms.cern.ch/slc6_amd64_gcc481/external/llvm/3.4/lib/python2.7/site-packages:/cvmfs/cms.cern.ch/slc6_amd64_gcc481/external/py2-sqlalchemy/0.8.2-cms2/lib/python2.7/site-packages:/cvmfs/cms.cern.ch/slc6_amd64_gcc481/external/py2-pycurl/7.19.0-cms/lib/python2.7/site-packages:/cvmfs/cms.cern.ch/slc6_amd64_gcc481/external/py2-python-dateutil/1.1-cms/lib/python2.7/site-packages:/cvmfs/cms.cern.ch/slc6_amd64_gcc481/external/py2-numpy/1.6.1-cms/lib/python2.7/site-packages:/cvmfs/cms.cern.ch/slc6_amd64_gcc481/external/py2-lint/0.25.1-cms/lib/python2.7/site-packages:/cvmfs/cms.cern.ch/slc6_amd64_gcc481/external/py2-ipython/0.10-cms/lib/python2.7/site-packages:/cvmfs/cms.cern.ch/slc6_amd64_gcc481/external/py2-cx-oracle/5.1-cms2/lib/python2.7/site-packages:/cvmfs/cms.cern.ch/slc6_amd64_gcc481/external/py2-cjson/1.0.5-cms/lib/python2.7/site-packages:/cvmfs/cms.cern.ch/slc6_amd64_gcc481/external/frontier_client/2.8.10/python/lib:/cvmfs/cms.cern.ch/slc6_amd64_gcc481/cms/das-client/2.5.0/bin:/cvmfs/cms.cern.ch/slc6_amd64_gcc481/external/cython/0.19.1/lib/python2.7/site-packages:/cvmfs/cms.cern.ch/slc6_amd64_gcc481/external/rivet/1.8.2-cms4/lib/python2.7/site-packages:/cvmfs/cms.cern.ch/slc6_amd64_gcc481/external/pyminuit2/0.0.1-cms13/lib/python2.7/site-packages:/cvmfs/cms.cern.ch/slc6_amd64_gcc481/external/py2-pygithub/1.23.0/lib/python2.7/site-packages:/cvmfs/cms.cern.ch/slc6_amd64_gcc481/external/py2-networkx/1.8.1/lib/python2.7/site-packages:/cvmfs/cms.cern.ch/slc6_amd64_gcc481/external/professor/1.0.0-cms13/lib/python2.7/site-packages:/cvmfs/cms.cern.ch/slc6_amd64_gcc481/lcg/root/5.34.18/lib:/cvmfs/cms.cern.ch/slc6_amd64_gcc481/cms/dbs-client/DBS_2_1_9-cms/lib:/cvmfs/cms.cern.ch/slc6_amd64_gcc481/cms/dbs-client/DBS_2_1_9-cms/lib/DBSAPI:/cvmfs/cms.cern.ch/slc6_amd64_gcc481/external/cvs2git/5419-cms/lib:/wntmp/condor/compute-14-48/execute/dir_1782/glide_eoF6mW/execute/dir_467/
 
# LIMITS USED BY CRAB WATCHDOG:
# RSS  (KBytes)   : 2300000
# VSZ  (KBytes)   : 100000000
# DISK (MBytes)   : 19000
# CPU TIME        : 720h:0m:0s
# WALL CLOCK TIME : 21h:50m:0s
 
951aa882d2ac167e3fe15038b4453880
PSETHASH = 951aa882d2ac167e3fe15038b4453880
/wntmp/condor/compute-14-48/execute/dir_1782/glide_eoF6mW/execute/dir_467/writeCfg.py pset.py pset.py
Importing .py file
Setting parameters
RandomNumberGeneratorService found, will attempt to change seeds
inputBlocks=/Neutrino_Pt-2to20_gun/Fall13dr-tsg_PU40bx25_POSTLS162_V2-v1/GEN-SIM-RAW#09b9f490-7aa3-11e3-b1c2-003048f02d38
inputFiles=/store/mc/Fall13dr/Neutrino_Pt-2to20_gun/GEN-SIM-RAW/tsg_PU40bx25_POSTLS162_V2-v1/00002/649ED0A4-227B-E311-B865-003048FFCC18.root;/store/mc/Fall13dr/Neutrino_Pt-2to20_gun/GEN-SIM-RAW/tsg_PU40bx25_POSTLS162_V2-v1/00002/8CF997C9-217B-E311-BF78-0025905938A8.root;/store/mc/Fall13dr/Neutrino_Pt-2to20_gun/GEN-SIM-RAW/tsg_PU40bx25_POSTLS162_V2-v1/00002/840FD6EA-227B-E311-854F-002618943882.root;/store/mc/Fall13dr/Neutrino_Pt-2to20_gun/GEN-SIM-RAW/tsg_PU40bx25_POSTLS162_V2-v1/00002/9EDE5AE5-1E7B-E311-AC22-0025905A48E4.root;/store/mc/Fall13dr/Neutrino_Pt-2to20_gun/GEN-SIM-RAW/tsg_PU40bx25_POSTLS162_V2-v1/00002/C4CC7EA8-1E7B-E311-8AF0-0025905A612E.root;/store/mc/Fall13dr/Neutrino_Pt-2to20_gun/GEN-SIM-RAW/tsg_PU40bx25_POSTLS162_V2-v1/00002/DADDDF79-1F7B-E311-9DAA-0025905A6110.root
parentFiles=/store/mc/Fall13/Neutrino_Pt-2to20_gun/GEN-SIM/POSTLS162_V1-v4/10000/0E75F3DF-AB68-E311-8BA9-003048F5B5F4.root;/store/mc/Fall13/Neutrino_Pt-2to20_gun/GEN-SIM/POSTLS162_V1-v4/10000/3228DBE4-AB68-E311-AFE5-0025904A91F6.root;/store/mc/Fall13/Neutrino_Pt-2to20_gun/GEN-SIM/POSTLS162_V1-v4/10000/243B2096-AB68-E311-B873-90B11C1DBFB4.root;/store/mc/Fall13/Neutrino_Pt-2to20_gun/GEN-SIM/POSTLS162_V1-v4/10000/6E4C50BF-AB68-E311-87EE-90B11C1DBFB4.root;/store/mc/Fall13/Neutrino_Pt-2to20_gun/GEN-SIM/POSTLS162_V1-v4/10000/40AEBFC1-AB68-E311-A9EA-90B11C2AA388.root;/store/mc/Fall13/Neutrino_Pt-2to20_gun/GEN-SIM/POSTLS162_V1-v4/10000/E49353C7-AB68-E311-A298-003048F5ADEA.root;/store/mc/Fall13/Neutrino_Pt-2to20_gun/GEN-SIM/POSTLS162_V1-v4/10000/9E6407D4-AB68-E311-8011-C860001BD944.root;/store/mc/Fall13/Neutrino_Pt-2to20_gun/GEN-SIM/POSTLS162_V1-v4/10000/8E0B195E-AB68-E311-A174-0025904AC2CA.root;/store/mc/Fall13/Neutrino_Pt-2to20_gun/GEN-SIM/POSTLS162_V1-v4/10000/C24871F4-AA68-E311-9366-90B11C1DBFB4.root;/store/mc/Fall13/Neutrino_Pt-2to20_gun/GEN-SIM/POSTLS162_V1-v4/10000/8C0E4E91-AB68-E311-AF2C-0025901D08DE.root;/store/mc/Fall13/Neutrino_Pt-2to20_gun/GEN-SIM/POSTLS162_V1-v4/10000/32B45302-AD68-E311-978B-003048F5B300.root;/store/mc/Fall13/Neutrino_Pt-2to20_gun/GEN-SIM/POSTLS162_V1-v4/10000/8C0E4E91-AB68-E311-AF2C-0025901D08DE.root;/store/mc/Fall13/Neutrino_Pt-2to20_gun/GEN-SIM/POSTLS162_V1-v4/10000/869E6491-AB68-E311-8C53-0025901D08BE.root;/store/mc/Fall13/Neutrino_Pt-2to20_gun/GEN-SIM/POSTLS162_V1-v4/10000/C6C095E4-AB68-E311-B31F-0025904B11AA.root;/store/mc/Fall13/Neutrino_Pt-2to20_gun/GEN-SIM/POSTLS162_V1-v4/10000/3228DBE4-AB68-E311-AFE5-0025904A91F6.root;/store/mc/Fall13/Neutrino_Pt-2to20_gun/GEN-SIM/POSTLS162_V1-v4/10000/0CD6C959-AC68-E311-8933-003048F5ADEA.root;/store/mc/Fall13/Neutrino_Pt-2to20_gun/GEN-SIM/POSTLS162_V1-v4/10000/58C8B605-AD68-E311-A91D-003048F5B69A.root;/store/mc/Fall13/Neutrino_Pt-2to20_gun/GEN-SIM/POSTLS162_V1-v4/10000/F805F57C-AB68-E311-9B93-90B11C1DBFB4.root;/store/mc/Fall13/Neutrino_Pt-2to20_gun/GEN-SIM/POSTLS162_V1-v4/10000/8C0E4E91-AB68-E311-AF2C-0025901D08DE.root;/store/mc/Fall13/Neutrino_Pt-2to20_gun/GEN-SIM/POSTLS162_V1-v4/10000/243B2096-AB68-E311-B873-90B11C1DBFB4.root;/store/mc/Fall13/Neutrino_Pt-2to20_gun/GEN-SIM/POSTLS162_V1-v4/10000/E49353C7-AB68-E311-A298-003048F5ADEA.root;/store/mc/Fall13/Neutrino_Pt-2to20_gun/GEN-SIM/POSTLS162_V1-v4/10000/C24871F4-AA68-E311-9366-90B11C1DBFB4.root;/store/mc/Fall13/Neutrino_Pt-2to20_gun/GEN-SIM/POSTLS162_V1-v4/10000/F805F57C-AB68-E311-9B93-90B11C1DBFB4.root;/store/mc/Fall13/Neutrino_Pt-2to20_gun/GEN-SIM/POSTLS162_V1-v4/10000/8C0E4E91-AB68-E311-AF2C-0025901D08DE.root;/store/mc/Fall13/Neutrino_Pt-2to20_gun/GEN-SIM/POSTLS162_V1-v4/10000/243B2096-AB68-E311-B873-90B11C1DBFB4.root;/store/mc/Fall13/Neutrino_Pt-2to20_gun/GEN-SIM/POSTLS162_V1-v4/10000/6E4C50BF-AB68-E311-87EE-90B11C1DBFB4.root;/store/mc/Fall13/Neutrino_Pt-2to20_gun/GEN-SIM/POSTLS162_V1-v4/10000/E49353C7-AB68-E311-A298-003048F5ADEA.root;/store/mc/Fall13/Neutrino_Pt-2to20_gun/GEN-SIM/POSTLS162_V1-v4/10000/32F7F53B-AC68-E311-AE43-003048F5B6A9.root;/store/mc/Fall13/Neutrino_Pt-2to20_gun/GEN-SIM/POSTLS162_V1-v4/10000/243B2096-AB68-E311-B873-90B11C1DBFB4.root;/store/mc/Fall13/Neutrino_Pt-2to20_gun/GEN-SIM/POSTLS162_V1-v4/10000/1421B2BF-AB68-E311-A258-90B11C1DBFB4.root;/store/mc/Fall13/Neutrino_Pt-2to20_gun/GEN-SIM/POSTLS162_V1-v4/10000/40AEBFC1-AB68-E311-A9EA-90B11C2AA388.root;/store/mc/Fall13/Neutrino_Pt-2to20_gun/GEN-SIM/POSTLS162_V1-v4/10000/1A5080F4-AA68-E311-BFFB-90B11C1DBFB4.root;/store/mc/Fall13/Neutrino_Pt-2to20_gun/GEN-SIM/POSTLS162_V1-v4/10000/1433FB5A-AB68-E311-9ADF-002590491AE4.root
lumisRange=
>>> Executable cmsRun
/cvmfs/cms.cern.ch/slc6_amd64_gcc481/cms/cmssw/CMSSW_7_1_0_pre8/bin/slc6_amd64_gcc481/cmsRun
ok executable found
>>> info for dashboard:
***** Cat /wntmp/condor/compute-14-48/execute/dir_1782/glide_eoF6mW/execute/dir_467/jobreport.txt *****
MonitorJobID=34_https://submit-4.t2.ucsd.edu//140801//331280.33
MonitorID=aelwood_140801_jJets_ngun_PU40bx25_1c84ps
ExeStart=cmsRun
***** End Cat jobreport *****
Parameters sent to Dashboard.
>>> cmsRun started at Fri Aug  1 10:07:02 UTC 2014
>>> cmsRun ended at Fri Aug  1 10:52:53 UTC 2014
>>> crab_fjr_*.xml  permission set to 0704
>>> info for dashboard:
***** Cat /wntmp/condor/compute-14-48/execute/dir_1782/glide_eoF6mW/execute/dir_467/jobreport.txt *****
MonitorJobID=34_https://submit-4.t2.ucsd.edu//140801//331280.33
MonitorID=aelwood_140801_jJets_ngun_PU40bx25_1c84ps
ExeEnd=cmsRun
***** End Cat jobreport *****
Parameters sent to Dashboard.
TIME_EXE = 2751 sec
>>> cmsRun wrote 57 lines of stdout+stderr
>>> START OF printout of 57 lines from stdout+stderr
==> using COND/Services/RelationalAuthenticationService for auth, sys 1
==> using COND/Services/RelationalAuthenticationService for auth, sys 1
01-Aug-2014 03:07:25 PDT  Initiating request to open file /mnt/hadoop/store/mc/Fall13dr/Neutrino_Pt-2to20_gun/GEN-SIM-RAW/tsg_PU40bx25_POSTLS162_V2-v1/00002/649ED0A4-227B-E311-B865-003048FFCC18.root
01-Aug-2014 03:07:26 PDT  Successfully opened file /mnt/hadoop/store/mc/Fall13dr/Neutrino_Pt-2to20_gun/GEN-SIM-RAW/tsg_PU40bx25_POSTLS162_V2-v1/00002/649ED0A4-227B-E311-B865-003048FFCC18.root
01-Aug-2014 03:07:33 PDT  Initiating request to open file /mnt/hadoop/store/mc/Fall13/Neutrino_Pt-2to20_gun/GEN-SIM/POSTLS162_V1-v4/10000/0E75F3DF-AB68-E311-8BA9-003048F5B5F4.root
01-Aug-2014 03:07:33 PDT  Fallback request to file root://cmsxrootd.fnal.gov//store/mc/Fall13/Neutrino_Pt-2to20_gun/GEN-SIM/POSTLS162_V1-v4/10000/0E75F3DF-AB68-E311-8BA9-003048F5B5F4.root
140801 03:07:36 2773 Xrd: CheckErrorStatus: Server [cmssrmdisk.fnal.gov:1095] declared: Request 3018 not supported(error code: 3013)
01-Aug-2014 03:07:37 PDT  Successfully opened file root://cmsxrootd.fnal.gov//store/mc/Fall13/Neutrino_Pt-2to20_gun/GEN-SIM/POSTLS162_V1-v4/10000/0E75F3DF-AB68-E311-8BA9-003048F5B5F4.root
01-Aug-2014 03:07:45 PDT  Closed file root://cmsxrootd.fnal.gov//store/mc/Fall13/Neutrino_Pt-2to20_gun/GEN-SIM/POSTLS162_V1-v4/10000/0E75F3DF-AB68-E311-8BA9-003048F5B5F4.root
Stage1Layer2Producer -- Running pp implementation


----------------------------------------
Begin: L1CaloTowerProducer
----------------------------------------

140801 03:13:04 2802 Xrd: XrdClientMessage::ReadRaw: Failed to read header (8 bytes).
140801 03:13:04 2804 Xrd: XrdClientMessage::ReadRaw: Failed to read header (8 bytes).
01-Aug-2014 03:13:59 PDT  Closed file /mnt/hadoop/store/mc/Fall13dr/Neutrino_Pt-2to20_gun/GEN-SIM-RAW/tsg_PU40bx25_POSTLS162_V2-v1/00002/649ED0A4-227B-E311-B865-003048FFCC18.root
01-Aug-2014 03:13:59 PDT  Initiating request to open file /mnt/hadoop/store/mc/Fall13dr/Neutrino_Pt-2to20_gun/GEN-SIM-RAW/tsg_PU40bx25_POSTLS162_V2-v1/00002/8CF997C9-217B-E311-BF78-0025905938A8.root
01-Aug-2014 03:13:59 PDT  Successfully opened file /mnt/hadoop/store/mc/Fall13dr/Neutrino_Pt-2to20_gun/GEN-SIM-RAW/tsg_PU40bx25_POSTLS162_V2-v1/00002/8CF997C9-217B-E311-BF78-0025905938A8.root
01-Aug-2014 03:22:26 PDT  Closed file /mnt/hadoop/store/mc/Fall13dr/Neutrino_Pt-2to20_gun/GEN-SIM-RAW/tsg_PU40bx25_POSTLS162_V2-v1/00002/8CF997C9-217B-E311-BF78-0025905938A8.root
01-Aug-2014 03:22:26 PDT  Initiating request to open file /mnt/hadoop/store/mc/Fall13dr/Neutrino_Pt-2to20_gun/GEN-SIM-RAW/tsg_PU40bx25_POSTLS162_V2-v1/00002/840FD6EA-227B-E311-854F-002618943882.root
01-Aug-2014 03:22:26 PDT  Successfully opened file /mnt/hadoop/store/mc/Fall13dr/Neutrino_Pt-2to20_gun/GEN-SIM-RAW/tsg_PU40bx25_POSTLS162_V2-v1/00002/840FD6EA-227B-E311-854F-002618943882.root
140801 03:28:04 2801 Xrd: XrdClientMessage::ReadRaw: Failed to read header (8 bytes).
140801 03:28:04 2803 Xrd: XrdClientMessage::ReadRaw: Failed to read header (8 bytes).
140801 03:28:04 2799 Xrd: XrdClientMessage::ReadRaw: Failed to read header (8 bytes).
01-Aug-2014 03:30:21 PDT  Closed file /mnt/hadoop/store/mc/Fall13dr/Neutrino_Pt-2to20_gun/GEN-SIM-RAW/tsg_PU40bx25_POSTLS162_V2-v1/00002/840FD6EA-227B-E311-854F-002618943882.root
01-Aug-2014 03:30:21 PDT  Initiating request to open file /mnt/hadoop/store/mc/Fall13dr/Neutrino_Pt-2to20_gun/GEN-SIM-RAW/tsg_PU40bx25_POSTLS162_V2-v1/00002/9EDE5AE5-1E7B-E311-AC22-0025905A48E4.root
01-Aug-2014 03:30:21 PDT  Successfully opened file /mnt/hadoop/store/mc/Fall13dr/Neutrino_Pt-2to20_gun/GEN-SIM-RAW/tsg_PU40bx25_POSTLS162_V2-v1/00002/9EDE5AE5-1E7B-E311-AC22-0025905A48E4.root
01-Aug-2014 03:39:02 PDT  Closed file /mnt/hadoop/store/mc/Fall13dr/Neutrino_Pt-2to20_gun/GEN-SIM-RAW/tsg_PU40bx25_POSTLS162_V2-v1/00002/9EDE5AE5-1E7B-E311-AC22-0025905A48E4.root
01-Aug-2014 03:39:02 PDT  Initiating request to open file /mnt/hadoop/store/mc/Fall13dr/Neutrino_Pt-2to20_gun/GEN-SIM-RAW/tsg_PU40bx25_POSTLS162_V2-v1/00002/C4CC7EA8-1E7B-E311-8AF0-0025905A612E.root
01-Aug-2014 03:39:02 PDT  Successfully opened file /mnt/hadoop/store/mc/Fall13dr/Neutrino_Pt-2to20_gun/GEN-SIM-RAW/tsg_PU40bx25_POSTLS162_V2-v1/00002/C4CC7EA8-1E7B-E311-8AF0-0025905A612E.root
01-Aug-2014 03:46:48 PDT  Closed file /mnt/hadoop/store/mc/Fall13dr/Neutrino_Pt-2to20_gun/GEN-SIM-RAW/tsg_PU40bx25_POSTLS162_V2-v1/00002/C4CC7EA8-1E7B-E311-8AF0-0025905A612E.root
01-Aug-2014 03:46:48 PDT  Initiating request to open file /mnt/hadoop/store/mc/Fall13dr/Neutrino_Pt-2to20_gun/GEN-SIM-RAW/tsg_PU40bx25_POSTLS162_V2-v1/00002/DADDDF79-1F7B-E311-9DAA-0025905A6110.root
01-Aug-2014 03:46:48 PDT  Successfully opened file /mnt/hadoop/store/mc/Fall13dr/Neutrino_Pt-2to20_gun/GEN-SIM-RAW/tsg_PU40bx25_POSTLS162_V2-v1/00002/DADDDF79-1F7B-E311-9DAA-0025905A6110.root
01-Aug-2014 03:52:47 PDT  Closed file /mnt/hadoop/store/mc/Fall13dr/Neutrino_Pt-2to20_gun/GEN-SIM-RAW/tsg_PU40bx25_POSTLS162_V2-v1/00002/DADDDF79-1F7B-E311-9DAA-0025905A6110.root

=============================================

MessageLogger Summary

 type     category        sev    module        subroutine        count    total
 ---- -------------------- -- ---------------- ----------------  -----    -----
    1 fileAction           -s AfterFile                              4        4
    2 fileAction           -s file_close                             6        6
    3 fileAction           -s file_open                             12       12

 type    category    Examples: run/evt        run/evt          run/evt
 ---- -------------------- ---------------- ---------------- ----------------
    1 fileAction           pre-events       pre-events       pre-events
    2 fileAction           PostProcessEvent PostProcessEvent PostEndRun
    3 fileAction           pre-events       pre-events       PostProcessEvent

Severity    # Occurrences   Total Occurrences
--------    -------------   -----------------
System                 22                  22
>>> END OF printout of 57 lines from stdout+stderr
>>> Parse FrameworkJobReport crab_fjr.xml
Result of parsing the FrameworkJobReport crab_fjr.xml: 
Extracted ExitStatus from FrameworkJobReport parsing output: 0
>>> Executable succeded  0
ExeExitCode=0
EXECUTABLE_EXIT_STATUS = 0
>>> current directory /wntmp/condor/compute-14-48/execute/dir_1782/glide_eoF6mW/execute/dir_467/cms_biGyJK5ObuJy/CMSSW_7_1_0_pre8
>>>  (SOFTWARE_DIR): /wntmp/condor/compute-14-48/execute/dir_1782/glide_eoF6mW/execute/dir_467/cms_biGyJK5ObuJy/CMSSW_7_1_0_pre8
>>> (WORKING_DIR): /wntmp/condor/compute-14-48/execute/dir_1782/glide_eoF6mW/execute/dir_467/cms_biGyJK5ObuJy
>>> current directory content:
total 468404
drwxr-xr-x. 3 uscms4354 cms      4096 Aug  1 03:05 .SCRAM
-rw-------. 1 uscms4354 cms    916533 Aug  1 03:06 CMSSW.py.pkl
-rw-------. 1 uscms4354 cms 477717366 Aug  1 03:52 L1SkimRun.root
drwxr-xr-x. 3 uscms4354 cms      4096 Aug  1 03:05 bin
drwxr-xr-x. 3 uscms4354 cms      4096 Aug  1 03:05 cfipython
drwxr-xr-x. 4 uscms4354 cms      4096 Aug  1 03:05 config
-rw-------. 1 uscms4354 cms        18 Aug  1 03:52 cpu_timing.txt
drwxr-xr-x. 2 uscms4354 cms      4096 Aug  1 03:05 doc
-rw-------. 1 uscms4354 cms      6002 Aug  1 03:52 executable.out
drwxr-xr-x. 2 uscms4354 cms      4096 Aug  1 03:05 include
drwx------. 3 uscms4354 cms      4096 Aug  1 00:37 lib
drwxr-xr-x. 3 uscms4354 cms      4096 Aug  1 03:05 logs
drwxr-xr-x. 3 uscms4354 cms      4096 Aug  1 03:05 objs
-rw-------. 1 uscms4354 cms       104 Aug  1 03:07 pset.py
-rw-------. 1 uscms4354 cms    923104 Aug  1 03:07 pset.py.pkl
-rw-------. 1 uscms4354 cms       289 Aug  1 03:07 pset.pyc
drwxr-xr-x. 2 uscms4354 cms      4096 Aug  1 03:05 python
-rw-------. 1 uscms4354 cms       419 Aug  1 03:52 report.log
drwx------. 5 uscms4354 cms      4096 Aug  1 03:05 src
drwxr-xr-x. 3 uscms4354 cms      4096 Aug  1 03:05 test
drwxr-xr-x. 3 uscms4354 cms      4096 Aug  1 03:05 tmp
>>> current directory /wntmp/condor/compute-14-48/execute/dir_1782/glide_eoF6mW/execute/dir_467/cms_biGyJK5ObuJy/CMSSW_7_1_0_pre8
>>> (SOFTWARE_DIR): /wntmp/condor/compute-14-48/execute/dir_1782/glide_eoF6mW/execute/dir_467/cms_biGyJK5ObuJy/CMSSW_7_1_0_pre8
>>> (WORKING_DIR): /wntmp/condor/compute-14-48/execute/dir_1782/glide_eoF6mW/execute/dir_467/cms_biGyJK5ObuJy
>>> current directory content:
total 468404
drwxr-xr-x. 3 uscms4354 cms      4096 Aug  1 03:05 .SCRAM
-rw-------. 1 uscms4354 cms    916533 Aug  1 03:06 CMSSW.py.pkl
-rw-------. 1 uscms4354 cms 477717366 Aug  1 03:52 L1SkimRun_34_1_vhU.root
drwxr-xr-x. 3 uscms4354 cms      4096 Aug  1 03:05 bin
drwxr-xr-x. 3 uscms4354 cms      4096 Aug  1 03:05 cfipython
drwxr-xr-x. 4 uscms4354 cms      4096 Aug  1 03:05 config
-rw-------. 1 uscms4354 cms        18 Aug  1 03:52 cpu_timing.txt
drwxr-xr-x. 2 uscms4354 cms      4096 Aug  1 03:05 doc
-rw-------. 1 uscms4354 cms      6002 Aug  1 03:52 executable.out
drwxr-xr-x. 2 uscms4354 cms      4096 Aug  1 03:05 include
drwx------. 3 uscms4354 cms      4096 Aug  1 00:37 lib
drwxr-xr-x. 3 uscms4354 cms      4096 Aug  1 03:05 logs
drwxr-xr-x. 3 uscms4354 cms      4096 Aug  1 03:05 objs
-rw-------. 1 uscms4354 cms       104 Aug  1 03:07 pset.py
-rw-------. 1 uscms4354 cms    923104 Aug  1 03:07 pset.py.pkl
-rw-------. 1 uscms4354 cms       289 Aug  1 03:07 pset.pyc
drwxr-xr-x. 2 uscms4354 cms      4096 Aug  1 03:05 python
-rw-------. 1 uscms4354 cms       419 Aug  1 03:52 report.log
drwx------. 5 uscms4354 cms      4096 Aug  1 03:05 src
drwxr-xr-x. 3 uscms4354 cms      4096 Aug  1 03:05 test
drwxr-xr-x. 3 uscms4354 cms      4096 Aug  1 03:05 tmp
>>> current directory (RUNTIME_AREA):  /wntmp/condor/compute-14-48/execute/dir_1782/glide_eoF6mW/execute/dir_467
SE = srm-eoscms.cern.ch
SE_PATH = /srm/v2/server?SFN=/eos/cms/store/user/aelwood/140801_jJets_ngun_PU40bx25/
LFNBaseName = /store/user/aelwood/140801_jJets_ngun_PU40bx25/
USER = aelwood
endpoint = srm://srm-eoscms.cern.ch:8443/srm/v2/server?SFN=/eos/cms/store/user/aelwood/140801_jJets_ngun_PU40bx25/
>>> Copy output files from WN = compute-14-48.tier2 to /srm/v2/server?SFN=/eos/cms/store/user/aelwood/140801_jJets_ngun_PU40bx25/ :
python cmscp.py  --destination srm://srm-eoscms.cern.ch:8443/srm/v2/server?SFN=/eos/cms/store/user/aelwood/140801_jJets_ngun_PU40bx25/ --inputFileList /wntmp/condor/compute-14-48/execute/dir_1782/glide_eoF6mW/execute/dir_467/cms_biGyJK5ObuJy/CMSSW_7_1_0_pre8/L1SkimRun_34_1_vhU.root --middleware OSG --se_name srm-eoscms.cern.ch --for_lfn /store/user/aelwood/140801_jJets_ngun_PU40bx25/    
******************************************************
localSeName  =  cit-se.ultralight.org
remoteSeName =  srm-eoscms.cern.ch
******************************************************
{"/wntmp/condor/compute-14-48/execute/dir_1782/glide_eoF6mW/execute/dir_467/cms_biGyJK5ObuJy/CMSSW_7_1_0_pre8/L1SkimRun_34_1_vhU.root": {"endpoint": "srm://srm-eoscms.cern.ch:8443/srm/v2/server?SFN=/eos/cms/store/user/aelwood/140801_jJets_ngun_PU40bx25/", "surl_for_grid": "", "reason": "ERROR: problems checking if file /wntmp/condor/compute-14-48/execute/dir_1782/glide_eoF6mW/execute/dir_467/cms_biGyJK5ObuJy/CMSSW_7_1_0_pre8/L1SkimRun_34_1_vhU.root already exist'Error checking [L1SkimRun_34_1_vhU.root]'", "erCode": "60307", "se_name": "srm-eoscms.cern.ch", "for_lfn": "/copy_problem/"}}/wntmp/condor/compute-14-48/execute/dir_1782/glide_eoF6mW/execute/dir_467
-------- cat /wntmp/condor/compute-14-48/execute/dir_1782/glide_eoF6mW/execute/dir_467/cmscpReport.sh 
#!/bin/bash
echo "Report for File: /wntmp/condor/compute-14-48/execute/dir_1782/glide_eoF6mW/execute/dir_467/cms_biGyJK5ObuJy/CMSSW_7_1_0_pre8/L1SkimRun_34_1_vhU.root"
echo "LFN: /copy_problem/L1SkimRun_34_1_vhU.root"
echo "StorageElement: srm-eoscms.cern.ch"
echo "StageOutExitStatusReason = 'ERROR: problems checking if file /wntmp/condor/compute-14-48/execute/dir_1782/glide_eoF6mW/execute/dir_467/cms_biGyJK5ObuJy/CMSSW_7_1_0_pre8/L1SkimRun_34_1_vhU.root already exist Error checking [L1SkimRun_34_1_vhU.root] '" | tee -a $RUNTIME_AREA/$repo
echo "StageOutSE = srm-eoscms.cern.ch" >> $RUNTIME_AREA/$repo

export StageOutExitStatus=60307
echo "StageOutExitStatus = 60307" | tee -a $RUNTIME_AREA/$repo
-------- end of /wntmp/condor/compute-14-48/execute/dir_1782/glide_eoF6mW/execute/dir_467/cmscpReport.sh 
Report for File: /wntmp/condor/compute-14-48/execute/dir_1782/glide_eoF6mW/execute/dir_467/cms_biGyJK5ObuJy/CMSSW_7_1_0_pre8/L1SkimRun_34_1_vhU.root
LFN: /copy_problem/L1SkimRun_34_1_vhU.root
StorageElement: srm-eoscms.cern.ch
StageOutExitStatusReason = 'ERROR: problems checking if file /wntmp/condor/compute-14-48/execute/dir_1782/glide_eoF6mW/execute/dir_467/cms_biGyJK5ObuJy/CMSSW_7_1_0_pre8/L1SkimRun_34_1_vhU.root already exist Error checking [L1SkimRun_34_1_vhU.root] '
StageOutExitStatus = 60307
Problem copying file to srm-eoscms.cern.ch /srm/v2/server?SFN=/eos/cms/store/user/aelwood/140801_jJets_ngun_PU40bx25/
########## contents of SE interaction
2014-08-01 03:53:31.328925:
Executed:	unset LD_LIBRARY_PATH; unset GLITE_ENV_SET; export PATH=/usr/bin:/bin; source /etc/profile; source /wntmp/condor/compute-14-48/execute/dir_1782/glide_eoF6mW/execute/dir_467/CacheEnv.sh ; lcg-ls -b -D srmv2 --srm-timeout 2400 --sendreceive-timeout 2400 --connect-timeout 300 --verbose srm://srm-eoscms.cern.ch:8443/srm/v2/server?SFN=/eos/cms/store/user/aelwood/140801_jJets_ngun_PU40bx25/L1SkimRun_34_1_vhU.root
Done with exit code:	1
and output:
SE type: SRMv2
[SE][Ls][] httpg://srm-eoscms.cern.ch:8443/srm/v2/server: CGSI-gSOAP running on compute-14-48.tier2 reports Error initializing context
GSS Major Status: Authentication Failed

GSS Minor Status Error Chain:
globus_gsi_gssapi: SSLv3 handshake problems
OpenSSL Error: s3_clnt.c:1168: in library: SSL routines, function SSL3_GET_SERVER_CERTIFICATE: certificate verify failed
globus_gsi_callback_module: Could not verify credential
globus_gsi_callback_module: Can't get the local trusted CA certificate: Cannot find trusted CA certificate with hash 5168735f in /etc/grid-security/certificates/



#####################################
>>> current dir: /wntmp/condor/compute-14-48/execute/dir_1782/glide_eoF6mW/execute/dir_467
>>> current dir content:
total 15116
-rw-------. 1 uscms4354 cms     1091 Aug  1 03:53 .SEinteraction.log
-rwx------. 1 uscms4354 cms     6632 Aug  1 03:05 .job.ad
-rwx------. 1 uscms4354 cms     9629 Aug  1 03:05 .machine.ad
-rw-------. 1 uscms4354 cms      105 Aug  1 02:57 CMSSW.py
-rw-------. 1 uscms4354 cms   916533 Aug  1 02:57 CMSSW.py.pkl
-rwx------. 1 uscms4354 cms    28576 Aug  1 03:05 CMSSW.sh
-rw-------. 1 uscms4354 cms      167 Aug  1 03:05 CacheEnv.sh
-rw-------. 1 uscms4354 cms     7291 Jul 12 08:18 DashboardAPI.py
-rw-------. 1 uscms4354 cms     6725 Aug  1 03:06 DashboardAPI.pyc
drwx------. 2 uscms4354 cms     4096 Aug  1 03:52 IMProv
lrwxrwxrwx. 1 uscms4354 cms      131 Aug  1 03:53 L1SkimRun.root -> /wntmp/condor/compute-14-48/execute/dir_1782/glide_eoF6mW/execute/dir_467/cms_biGyJK5ObuJy/CMSSW_7_1_0_pre8/L1SkimRun_34_1_vhU.root
-rw-------. 1 uscms4354 cms     2748 Jul 12 08:18 Logger.py
-rw-------. 1 uscms4354 cms     3317 Aug  1 03:06 Logger.pyc
-rw-------. 1 uscms4354 cms    24524 Jul 12 08:18 ProcInfo.py
-rw-------. 1 uscms4354 cms    23053 Aug  1 03:06 ProcInfo.pyc
drwx------. 7 uscms4354 cms     4096 Aug  1 03:06 ProdCommon
drwx------. 3 uscms4354 cms     4096 Aug  1 03:05 WMCore
-rw-------. 1 uscms4354 cms     5497 Aug  1 03:53 Watchdog_34.log
-rwx------. 1 uscms4354 cms        0 Aug  1 03:05 _condor_stderr
-rwx---r--. 1 uscms4354 cms    27906 Aug  1 03:57 _condor_stdout
-rw-------. 1 uscms4354 cms    32895 Jul 12 08:18 apmon.py
-rw-------. 1 uscms4354 cms    28451 Aug  1 03:06 apmon.pyc
-rwx------. 1 uscms4354 cms   240046 Aug  1 03:05 arguments.xml
drwx------. 3 uscms4354 cms     4096 Aug  1 03:05 cms_biGyJK5ObuJy
-rwx------. 1 uscms4354 cms    38524 Jul 12 08:18 cmscp.py
-rw-------. 1 uscms4354 cms      704 Aug  1 03:57 cmscpReport.sh
-rwx------. 1 uscms4354 cms    28576 Aug  1 03:05 condor_exec.exe
-rw-------. 1 uscms4354 cms      759 Aug  1 02:56 crab.cfg
-rwx------. 1 uscms4354 cms     8610 Jul 12 08:18 crabWatchdog.sh
-rwx---r--. 1 uscms4354 cms    70894 Aug  1 03:52 crab_fjr_34.xml
-rwx------. 1 uscms4354 cms 13818897 Aug  1 03:05 default.tgz
-rwx------. 1 uscms4354 cms     4488 Jul 12 08:18 fillCrabFjr.py
-rw-------. 1 uscms4354 cms     4600 Aug  1 03:07 inputsReport.txt
-rw-------. 1 uscms4354 cms      452 Aug  1 03:57 jobreport.txt
-rw-------. 1 uscms4354 cms    17352 Jul 12 08:18 parseCrabFjr.py
-rw-------. 1 uscms4354 cms      342 Aug  1 03:05 report.log
-rwx--x--x. 1 uscms4354 cms     1497 Jul 12 08:18 report.py
-rw-------. 1 uscms4354 cms      592 Aug  1 03:57 resultCopyFile
-rwx------. 1 uscms4354 cms     8351 Jul 12 08:18 writeCfg.py
-rw-------. 1 uscms4354 cms     8083 Aug  1 03:05 x509up_u41660
>>> Modify Job Report:
CMSSW_VERSION = CMSSW_7_1_0_pre8
/wntmp/condor/compute-14-48/execute/dir_1782/glide_eoF6mW/execute/dir_467/ProdCommon/FwkJobRep/ModifyJobReport.py fjr /wntmp/condor/compute-14-48/execute/dir_1782/glide_eoF6mW/execute/dir_467/crab_fjr_34.xml json /wntmp/condor/compute-14-48/execute/dir_1782/glide_eoF6mW/execute/dir_467/resultCopyFile n_job 34_1_vhU PrimaryDataset Neutrino_Pt-2to20_gun  ApplicationFamily cmsRun ApplicationName cmsRun cmssw_version CMSSW_7_1_0_pre8 psethash 951aa882d2ac167e3fe15038b4453880
inputDict =  {u'/wntmp/condor/compute-14-48/execute/dir_1782/glide_eoF6mW/execute/dir_467/cms_biGyJK5ObuJy/CMSSW_7_1_0_pre8/L1SkimRun_34_1_vhU.root': {u'endpoint': u'srm://srm-eoscms.cern.ch:8443/srm/v2/server?SFN=/eos/cms/store/user/aelwood/140801_jJets_ngun_PU40bx25/', u'surl_for_grid': u'', u'reason': u"ERROR: problems checking if file /wntmp/condor/compute-14-48/execute/dir_1782/glide_eoF6mW/execute/dir_467/cms_biGyJK5ObuJy/CMSSW_7_1_0_pre8/L1SkimRun_34_1_vhU.root already exist'Error checking [L1SkimRun_34_1_vhU.root]'", u'erCode': u'60307', u'se_name': u'srm-eoscms.cern.ch', u'for_lfn': u'/copy_problem/'}}
UserProcessedDataset =  
file_name in inputDict =  /wntmp/condor/compute-14-48/execute/dir_1782/glide_eoF6mW/execute/dir_467/cms_biGyJK5ObuJy/CMSSW_7_1_0_pre8/L1SkimRun_34_1_vhU.root
(size) os.stat(filename)[6] =  477717366
checksum =  1312189011
    file =  L1SkimRun_34_1_vhU.root
    newPfn =  srm://srm-eoscms.cern.ch:8443/srm/v2/server?SFN=/eos/cms/store/user/aelwood/140801_jJets_ngun_PU40bx25/L1SkimRun_34_1_vhU.root
    newLfn =  /copy_problem/L1SkimRun_34_1_vhU.root
>>> crab_fjr_*.xml  permission set to 0704
CrabWrapper EXIT_FUNC entered at Fri Aug  1 03:57:46 PDT 2014   -  Fri Aug  1 10:57:46 UTC 2014
Checking output files:  
will tar file crab_fjr_34.xml in  out_files_34
WARNING: output file CMSSW_34.stdout not found!
WARNING: output file CMSSW_34.stderr not found!
WARNING: output file Watchdog_34.log.gz not found!
>>> working dir = /wntmp/condor/compute-14-48/execute/dir_1782/glide_eoF6mW/execute/dir_467/cms_biGyJK5ObuJy
>>> current directory (RUNTIME_AREA): /wntmp/condor/compute-14-48/execute/dir_1782/glide_eoF6mW/execute/dir_467
>>> Remove working directory: /wntmp/condor/compute-14-48/execute/dir_1782/glide_eoF6mW/execute/dir_467/cms_biGyJK5ObuJy
/wntmp/condor/compute-14-48/execute/dir_1782/glide_eoF6mW/execute/dir_467/condor_exec.exe: line 140: symlinks: command not found
>>> padding time: Wrapper lasting more than 600 seconds. No sleep required.
STOPPING WATCHDOG. CrabWatchdog PID is 1570
********** LAST 50 LINES OF WATCHDOG LOG
 Aug 01 03:10:51 PDT	---	637804	885360	118	----	----	----
 Aug 01 03:11:52 PDT	2773	663904	911728	118	138	306	cmsRun -j /wntmp/condor/compute-14-48/execute/dir_1782/glide_eoF6mW/execute/dir_467/crab_fjr_34.xml -p pset.py      
 Aug 01 03:11:52 PDT	---	663904	911728	122	----	----	----
 Aug 01 03:12:52 PDT	2773	663928	911728	122	140	367	cmsRun -j /wntmp/condor/compute-14-48/execute/dir_1782/glide_eoF6mW/execute/dir_467/crab_fjr_34.xml -p pset.py      
 Aug 01 03:13:53 PDT	2773	664760	915056	122	181	428	cmsRun -j /wntmp/condor/compute-14-48/execute/dir_1782/glide_eoF6mW/execute/dir_467/crab_fjr_34.xml -p pset.py      
 Aug 01 03:13:53 PDT	---	664760	915056	131	----	----	----
 Aug 01 03:14:55 PDT	2773	667232	935536	131	212	490	cmsRun -j /wntmp/condor/compute-14-48/execute/dir_1782/glide_eoF6mW/execute/dir_467/crab_fjr_34.xml -p pset.py      
 Aug 01 03:14:55 PDT	---	667232	935536	139	----	----	----
 Aug 01 03:15:57 PDT	2773	667248	935536	139	259	552	cmsRun -j /wntmp/condor/compute-14-48/execute/dir_1782/glide_eoF6mW/execute/dir_467/crab_fjr_34.xml -p pset.py      
 Aug 01 03:15:57 PDT	---	667248	935536	151	----	----	----
 Aug 01 03:16:58 PDT	2773	667704	935536	151	310	613	cmsRun -j /wntmp/condor/compute-14-48/execute/dir_1782/glide_eoF6mW/execute/dir_467/crab_fjr_34.xml -p pset.py      
 Aug 01 03:16:58 PDT	---	667704	935536	166	----	----	----
 Aug 01 03:18:00 PDT	---	667704	935536	178	----	----	----
 Aug 01 03:19:01 PDT	---	667704	935536	188	----	----	----
 Aug 01 03:20:02 PDT	---	667704	935536	201	----	----	----
 Aug 01 03:21:03 PDT	---	667704	935536	207	----	----	----
 Aug 01 03:22:03 PDT	---	667704	935536	209	----	----	----
 Aug 01 03:23:04 PDT	---	667704	935536	220	----	----	----
 Aug 01 03:24:06 PDT	---	667704	935536	233	----	----	----
 Aug 01 03:25:07 PDT	---	667704	935536	245	----	----	----
# TIME			PID	RSS(KB)	VSZ(KB)	Dsk(MB)	tCPU(s)	tWALL(s)	COMMAND
 Aug 01 03:26:08 PDT	---	667704	935536	247	----	----	----
 Aug 01 03:27:09 PDT	---	667704	935536	258	----	----	----
 Aug 01 03:28:10 PDT	---	667704	935536	271	----	----	----
 Aug 01 03:29:11 PDT	---	667704	935536	284	----	----	----
 Aug 01 03:30:14 PDT	---	667704	935536	298	----	----	----
 Aug 01 03:31:15 PDT	---	667704	935536	303	----	----	----
 Aug 01 03:32:16 PDT	---	667704	935536	304	----	----	----
 Aug 01 03:33:16 PDT	---	667704	935536	312	----	----	----
 Aug 01 03:34:17 PDT	---	667704	935536	325	----	----	----
 Aug 01 03:35:18 PDT	---	667704	935536	337	----	----	----
 Aug 01 03:36:20 PDT	---	667704	935536	351	----	----	----
 Aug 01 03:37:22 PDT	---	667704	935536	363	----	----	----
 Aug 01 03:38:23 PDT	2773	667704	985712	363	1127	1898	cmsRun -j /wntmp/condor/compute-14-48/execute/dir_1782/glide_eoF6mW/execute/dir_467/crab_fjr_34.xml -p pset.py      
 Aug 01 03:38:23 PDT	---	667704	985712	377	----	----	----
 Aug 01 03:39:25 PDT	---	667704	985712	389	----	----	----
 Aug 01 03:40:26 PDT	---	667704	985712	403	----	----	----
 Aug 01 03:41:28 PDT	---	667704	985712	416	----	----	----
 Aug 01 03:42:30 PDT	---	667704	985712	429	----	----	----
 Aug 01 03:43:31 PDT	---	667704	985712	441	----	----	----
 Aug 01 03:44:32 PDT	---	667704	985712	448	----	----	----
 Aug 01 03:45:32 PDT	---	667704	985712	454	----	----	----
 Aug 01 03:46:34 PDT	---	667704	985712	466	----	----	----
 Aug 01 03:47:36 PDT	---	667704	985712	479	----	----	----
 Aug 01 03:48:37 PDT	---	667704	985712	492	----	----	----
 Aug 01 03:49:39 PDT	---	667704	985712	505	----	----	----
 Aug 01 03:50:40 PDT	---	667704	985712	516	----	----	----
 Aug 01 03:51:42 PDT	---	667704	985712	528	----	----	----
 Aug 01 03:52:42 PDT	---	667704	985712	541	----	----	----
 Aug 01 03:53:44 PDT	---	667704	985712	544	----	----	----
********** WATCHDOG LOG ENDED
ZIPPING WATCHDOG LOG
Disk space used:
du -sh /wntmp/condor/compute-14-48/execute/dir_1782/glide_eoF6mW/execute/dir_467
17M	/wntmp/condor/compute-14-48/execute/dir_1782/glide_eoF6mW/execute/dir_467
Found unusual stdout, rename for OSB
`/wntmp/condor/compute-14-48/execute/dir_1782/glide_eoF6mW/execute/dir_467/_condor_stdout' -> `CMSSW_34.stdout'
Found unusual stderr, rename for OSB
`/wntmp/condor/compute-14-48/execute/dir_1782/glide_eoF6mW/execute/dir_467/_condor_stdout' -> `CMSSW_34.stderr'
crab_fjr_34.xml
CMSSW_34.stdout
CMSSW_34.stderr
Watchdog_34.log.gz
Total Output dimension: 21827
WARNING: output files size limit is set to: 50000000
Total Output dimension 21827 is fine.
JOB_EXIT_STATUS = 60307
>>> info for dashboard:
***** Cat /wntmp/condor/compute-14-48/execute/dir_1782/glide_eoF6mW/execute/dir_467/jobreport.txt *****
MonitorJobID=34_https://submit-4.t2.ucsd.edu//140801//331280.33
MonitorID=aelwood_140801_jJets_ngun_PU40bx25_1c84ps
ExeTime=2751
ExeExitCode=0
StageOutExitStatusReason = 'ERROR: problems checking if file /wntmp/condor/compute-14-48/execute/dir_1782/glide_eoF6mW/execute/dir_467/cms_biGyJK5ObuJy/CMSSW_7_1_0_pre8/L1SkimRun_34_1_vhU.root already exist Error checking [L1SkimRun_34_1_vhU.root] '
StageOutSE = srm-eoscms.cern.ch
StageOutExitStatus = 60307
CrabUserCpuTime=1734.68
CrabSysCpuTime=37.24
CrabCpuPercentage=64%
CrabWrapperTime=3118
CrabStageoutTime=275
JobExitCode=60307
***** End Cat jobreport *****
Parameters sent to Dashboard.
EXITING at Fri Aug  1 03:57:49 PDT 2014  -  Fri Aug  1 10:57:49 UTC 2014
