This script was generated by crab (version 2.10.6).
Running /wntmp/condor/compute-16-9/execute/dir_14765/glide_W04nee/execute/dir_6128/condor_exec.exe with 2 positional parameters: 5 1
Today is Fri Aug  1 03:01:39 PDT 2014 - Fri Aug  1 10:01:39 UTC 2014
Job submitted on host compute-16-9.tier2
Linux compute-16-9.tier2 2.6.32-358.18.1.el6.x86_64 #1 SMP Wed Aug 28 17:19:38 UTC 2013 x86_64 x86_64 x86_64 GNU/Linux
>>> current directory (RUNTIME_AREA): /wntmp/condor/compute-16-9/execute/dir_14765/glide_W04nee/execute/dir_6128
>>> current user: uid=20804(uscms4354) gid=504(cms) groups=504(cms),65002(glexec65002) context=unconfined_u:system_r:condor_startd_t:s0
>>> directory permission set to 0700
>>> umask set to:  u=rwx,g=,o=
>>> stdout stderr permission set to 0704
>>> voms proxy information:
subject   : /C=UK/O=eScience/OU=Imperial/L=Physics/CN=adam elwood/CN=1171778048/CN=1140534954
issuer    : /C=UK/O=eScience/OU=Imperial/L=Physics/CN=adam elwood/CN=1171778048
identity  : /C=UK/O=eScience/OU=Imperial/L=Physics/CN=adam elwood/CN=1171778048
type      : RFC compliant proxy
strength  : 1024 bits
path      : /wntmp/condor/compute-16-9/execute/dir_14765/glide_W04nee/execute/dir_6128/x509up_u41660
timeleft  : 23:59:59
key usage : Digital Signature, Key Encipherment, Key Agreement
=== VO cms extension information ===
VO        : cms
subject   : /C=UK/O=eScience/OU=Imperial/L=Physics/CN=adam elwood
issuer    : /DC=ch/DC=cern/OU=computers/CN=lcg-voms.cern.ch
attribute : /cms/Role=NULL/Capability=NULL
timeleft  : 191:51:37
uri       : lcg-voms.cern.ch:15002
WNHostName=compute-16-9.tier2
>>> tar --no-same-permissions -xf /wntmp/condor/compute-16-9/execute/dir_14765/glide_W04nee/execute/dir_6128/default.tgz :
Successful untar
>>> Include /wntmp/condor/compute-16-9/execute/dir_14765/glide_W04nee/execute/dir_6128 in PYTHONPATH:
strip arguments
env var CRAB_UNIQUE_JOB_ID set to: aelwood_140801_jJets_ngun_PU40bx25_1c84ps_5_1_hZn
out_files_5
>>> list of expected files on output sandbox
output files: crab_fjr_5.xml CMSSW_5.stdout CMSSW_5.stderr Watchdog_5.log.gz
>>> GridFlavour discovery: 
source OSG GRID setup script
GridFlavour=OSG
>>> SyncSite discovery: 
SyncSite=T2_US_Caltech
>>> SyncCE discovery: 
getting SyncCE from OSG_JOB_CONTACT
SyncCE=itb-ce.ultralight.org/jobmanager-condor
>>> info for dashboard:
***** Cat /wntmp/condor/compute-16-9/execute/dir_14765/glide_W04nee/execute/dir_6128/jobreport.txt *****
WNHostName=compute-16-9.tier2
MonitorJobID=5_https://submit-4.t2.ucsd.edu//140801//331280.4
SyncGridJobId=https://submit-4.t2.ucsd.edu//140801//331280.4
MonitorID=aelwood_140801_jJets_ngun_PU40bx25_1c84ps
GridFlavour=OSG
SyncSite=T2_US_Caltech
SyncCE=itb-ce.ultralight.org/jobmanager-condor
***** End Cat jobreport *****
Parameters sent to Dashboard.
>>> setup environment
set SCRAM ARCH to slc6_amd64_gcc481
SCRAM_ARCH = slc6_amd64_gcc481
>>> Created working directory: /wntmp/condor/compute-16-9/execute/dir_14765/glide_W04nee/execute/dir_6128/cms_uLylkmp2xHVK
Change to working directory: /wntmp/condor/compute-16-9/execute/dir_14765/glide_W04nee/execute/dir_6128/cms_uLylkmp2xHVK
>>> current directory (WORKING_DIR): /wntmp/condor/compute-16-9/execute/dir_14765/glide_W04nee/execute/dir_6128/cms_uLylkmp2xHVK
>>> setup CMS OSG environment:
set SCRAM ARCH to slc6_amd64_gcc481
SCRAM_ARCH = slc6_amd64_gcc481
OSG_APP is /raid1/osg-app
sourcing /raid1/osg-app/cmssoft/cms/cmsset_default.sh ...
==> setup cms environment ok
SCRAM_ARCH = slc6_amd64_gcc481
>>> specific cmssw setup environment:
CMSSW_VERSION =  CMSSW_7_1_0_pre8
>>> current directory (SOFTWARE_DIR): /wntmp/condor/compute-16-9/execute/dir_14765/glide_W04nee/execute/dir_6128/cms_uLylkmp2xHVK/CMSSW_7_1_0_pre8
PreserveSeeds: <>
IncrementSeeds:<>
>>> info for dashboard:
***** Cat /wntmp/condor/compute-16-9/execute/dir_14765/glide_W04nee/execute/dir_6128/jobreport.txt *****
MonitorJobID=5_https://submit-4.t2.ucsd.edu//140801//331280.4
MonitorID=aelwood_140801_jJets_ngun_PU40bx25_1c84ps
***** End Cat jobreport *****
Parameters sent to Dashboard.
crabWatchdog started as process 7479
>>> moving CMSSW software directories in /wntmp/condor/compute-16-9/execute/dir_14765/glide_W04nee/execute/dir_6128/cms_uLylkmp2xHVK/CMSSW_7_1_0_pre8
mv: cannot stat `/wntmp/condor/compute-16-9/execute/dir_14765/glide_W04nee/execute/dir_6128/module/': No such file or directory
>>> Include /wntmp/condor/compute-16-9/execute/dir_14765/glide_W04nee/execute/dir_6128 in PYTHONPATH:
PYTHONPATH=/wntmp/condor/compute-16-9/execute/dir_14765/glide_W04nee/execute/dir_6128/:/wntmp/condor/compute-16-9/execute/dir_14765/glide_W04nee/execute/dir_6128/cms_uLylkmp2xHVK/CMSSW_7_1_0_pre8/python:/wntmp/condor/compute-16-9/execute/dir_14765/glide_W04nee/execute/dir_6128/cms_uLylkmp2xHVK/CMSSW_7_1_0_pre8/lib/slc6_amd64_gcc481:/cvmfs/cms.cern.ch/slc6_amd64_gcc481/cms/cmssw/CMSSW_7_1_0_pre8/python:/cvmfs/cms.cern.ch/slc6_amd64_gcc481/cms/cmssw/CMSSW_7_1_0_pre8/lib/slc6_amd64_gcc481:/cvmfs/cms.cern.ch/slc6_amd64_gcc481/cms/coral/CORAL_2_3_21-cms20/slc6_amd64_gcc481/python:/cvmfs/cms.cern.ch/slc6_amd64_gcc481/cms/coral/CORAL_2_3_21-cms20/slc6_amd64_gcc481/lib:/cvmfs/cms.cern.ch/slc6_amd64_gcc481/external/pyqt/4.8.1-cms/lib/python2.7/site-packages:/cvmfs/cms.cern.ch/slc6_amd64_gcc481/external/py2-scipy/0.8.0-cms/lib/python2.7/site-packages:/cvmfs/cms.cern.ch/slc6_amd64_gcc481/external/py2-matplotlib/1.2.1-cms/lib/python2.7/site-packages:/cvmfs/cms.cern.ch/slc6_amd64_gcc481/external/yoda/1.0.4/lib/python2.7/site-packages:/cvmfs/cms.cern.ch/slc6_amd64_gcc481/external/python-ldap/2.4.10-cms/lib/python2.7/site-packages:/cvmfs/cms.cern.ch/slc6_amd64_gcc481/external/sip/4.11.2-cms/lib/python2.7/site-packages:/cvmfs/cms.cern.ch/slc6_amd64_gcc481/external/llvm/3.4/lib/python2.7/site-packages:/cvmfs/cms.cern.ch/slc6_amd64_gcc481/external/py2-sqlalchemy/0.8.2-cms2/lib/python2.7/site-packages:/cvmfs/cms.cern.ch/slc6_amd64_gcc481/external/py2-pycurl/7.19.0-cms/lib/python2.7/site-packages:/cvmfs/cms.cern.ch/slc6_amd64_gcc481/external/py2-python-dateutil/1.1-cms/lib/python2.7/site-packages:/cvmfs/cms.cern.ch/slc6_amd64_gcc481/external/py2-numpy/1.6.1-cms/lib/python2.7/site-packages:/cvmfs/cms.cern.ch/slc6_amd64_gcc481/external/py2-lint/0.25.1-cms/lib/python2.7/site-packages:/cvmfs/cms.cern.ch/slc6_amd64_gcc481/external/py2-ipython/0.10-cms/lib/python2.7/site-packages:/cvmfs/cms.cern.ch/slc6_amd64_gcc481/external/py2-cx-oracle/5.1-cms2/lib/python2.7/site-packages:/cvmfs/cms.cern.ch/slc6_amd64_gcc481/external/py2-cjson/1.0.5-cms/lib/python2.7/site-packages:/cvmfs/cms.cern.ch/slc6_amd64_gcc481/external/frontier_client/2.8.10/python/lib:/cvmfs/cms.cern.ch/slc6_amd64_gcc481/cms/das-client/2.5.0/bin:/cvmfs/cms.cern.ch/slc6_amd64_gcc481/external/cython/0.19.1/lib/python2.7/site-packages:/cvmfs/cms.cern.ch/slc6_amd64_gcc481/external/rivet/1.8.2-cms4/lib/python2.7/site-packages:/cvmfs/cms.cern.ch/slc6_amd64_gcc481/external/pyminuit2/0.0.1-cms13/lib/python2.7/site-packages:/cvmfs/cms.cern.ch/slc6_amd64_gcc481/external/py2-pygithub/1.23.0/lib/python2.7/site-packages:/cvmfs/cms.cern.ch/slc6_amd64_gcc481/external/py2-networkx/1.8.1/lib/python2.7/site-packages:/cvmfs/cms.cern.ch/slc6_amd64_gcc481/external/professor/1.0.0-cms13/lib/python2.7/site-packages:/cvmfs/cms.cern.ch/slc6_amd64_gcc481/lcg/root/5.34.18/lib:/cvmfs/cms.cern.ch/slc6_amd64_gcc481/cms/dbs-client/DBS_2_1_9-cms/lib:/cvmfs/cms.cern.ch/slc6_amd64_gcc481/cms/dbs-client/DBS_2_1_9-cms/lib/DBSAPI:/cvmfs/cms.cern.ch/slc6_amd64_gcc481/external/cvs2git/5419-cms/lib:/wntmp/condor/compute-16-9/execute/dir_14765/glide_W04nee/execute/dir_6128/
 
# LIMITS USED BY CRAB WATCHDOG:
# RSS  (KBytes)   : 2300000
# VSZ  (KBytes)   : 100000000
# DISK (MBytes)   : 19000
# CPU TIME        : 720h:0m:0s
# WALL CLOCK TIME : 21h:50m:0s
 
951aa882d2ac167e3fe15038b4453880
PSETHASH = 951aa882d2ac167e3fe15038b4453880
/wntmp/condor/compute-16-9/execute/dir_14765/glide_W04nee/execute/dir_6128/writeCfg.py pset.py pset.py
Importing .py file
Setting parameters
RandomNumberGeneratorService found, will attempt to change seeds
inputBlocks=/Neutrino_Pt-2to20_gun/Fall13dr-tsg_PU40bx25_POSTLS162_V2-v1/GEN-SIM-RAW#09b9f490-7aa3-11e3-b1c2-003048f02d38
inputFiles=/store/mc/Fall13dr/Neutrino_Pt-2to20_gun/GEN-SIM-RAW/tsg_PU40bx25_POSTLS162_V2-v1/00002/84C83549-BB7A-E311-8CE1-002618FDA28E.root;/store/mc/Fall13dr/Neutrino_Pt-2to20_gun/GEN-SIM-RAW/tsg_PU40bx25_POSTLS162_V2-v1/00002/DC1E9FA7-307B-E311-BCA8-003048679236.root;/store/mc/Fall13dr/Neutrino_Pt-2to20_gun/GEN-SIM-RAW/tsg_PU40bx25_POSTLS162_V2-v1/00002/A2E5BFBA-2E7B-E311-837F-0025905964C4.root;/store/mc/Fall13dr/Neutrino_Pt-2to20_gun/GEN-SIM-RAW/tsg_PU40bx25_POSTLS162_V2-v1/00002/42C553D7-267B-E311-B3CA-0025905A48E4.root;/store/mc/Fall13dr/Neutrino_Pt-2to20_gun/GEN-SIM-RAW/tsg_PU40bx25_POSTLS162_V2-v1/00002/DECEF6AC-F97A-E311-9649-0025905A60E4.root;/store/mc/Fall13dr/Neutrino_Pt-2to20_gun/GEN-SIM-RAW/tsg_PU40bx25_POSTLS162_V2-v1/00002/F42171A6-F97A-E311-AA71-0025905A60A0.root;/store/mc/Fall13dr/Neutrino_Pt-2to20_gun/GEN-SIM-RAW/tsg_PU40bx25_POSTLS162_V2-v1/00002/84BCF790-F97A-E311-A1EC-0026189438FE.root
parentFiles=/store/mc/Fall13/Neutrino_Pt-2to20_gun/GEN-SIM/POSTLS162_V1-v4/10000/0E75F3DF-AB68-E311-8BA9-003048F5B5F4.root;/store/mc/Fall13/Neutrino_Pt-2to20_gun/GEN-SIM/POSTLS162_V1-v4/10000/3228DBE4-AB68-E311-AFE5-0025904A91F6.root;/store/mc/Fall13/Neutrino_Pt-2to20_gun/GEN-SIM/POSTLS162_V1-v4/10000/08BDA2EE-AB68-E311-BD33-0025904AC2CA.root;/store/mc/Fall13/Neutrino_Pt-2to20_gun/GEN-SIM/POSTLS162_V1-v4/10000/32F7F53B-AC68-E311-AE43-003048F5B6A9.root;/store/mc/Fall13/Neutrino_Pt-2to20_gun/GEN-SIM/POSTLS162_V1-v4/10000/D88E20AB-AC68-E311-8CB4-0025901D08BE.root;/store/mc/Fall13/Neutrino_Pt-2to20_gun/GEN-SIM/POSTLS162_V1-v4/10000/70739AE1-AC68-E311-B2F9-003048F5B69A.root;/store/mc/Fall13/Neutrino_Pt-2to20_gun/GEN-SIM/POSTLS162_V1-v4/10000/C004547E-AC68-E311-9972-003048F5B2A0.root;/store/mc/Fall13/Neutrino_Pt-2to20_gun/GEN-SIM/POSTLS162_V1-v4/10000/00ED2FEA-AA68-E311-BEEE-003048F5B2A0.root;/store/mc/Fall13/Neutrino_Pt-2to20_gun/GEN-SIM/POSTLS162_V1-v4/10000/12FEE907-AB68-E311-A9B9-90B11C27EA38.root;/store/mc/Fall13/Neutrino_Pt-2to20_gun/GEN-SIM/POSTLS162_V1-v4/10000/5ED692F4-AA68-E311-85A2-90B11C1DBFB4.root;/store/mc/Fall13/Neutrino_Pt-2to20_gun/GEN-SIM/POSTLS162_V1-v4/10000/8C0E4E91-AB68-E311-AF2C-0025901D08DE.root;/store/mc/Fall13/Neutrino_Pt-2to20_gun/GEN-SIM/POSTLS162_V1-v4/10000/869E6491-AB68-E311-8C53-0025901D08BE.root;/store/mc/Fall13/Neutrino_Pt-2to20_gun/GEN-SIM/POSTLS162_V1-v4/10000/7C87B9B2-AB68-E311-BDCF-003048F5B5F4.root;/store/mc/Fall13/Neutrino_Pt-2to20_gun/GEN-SIM/POSTLS162_V1-v4/10000/5ED692F4-AA68-E311-85A2-90B11C1DBFB4.root;/store/mc/Fall13/Neutrino_Pt-2to20_gun/GEN-SIM/POSTLS162_V1-v4/10000/5C0B7CF6-AA68-E311-BA32-003048F59754.root;/store/mc/Fall13/Neutrino_Pt-2to20_gun/GEN-SIM/POSTLS162_V1-v4/10000/14465A61-AB68-E311-83F0-90B11C2ACF20.root;/store/mc/Fall13/Neutrino_Pt-2to20_gun/GEN-SIM/POSTLS162_V1-v4/10000/8C0E4E91-AB68-E311-AF2C-0025901D08DE.root;/store/mc/Fall13/Neutrino_Pt-2to20_gun/GEN-SIM/POSTLS162_V1-v4/10000/00ED2FEA-AA68-E311-BEEE-003048F5B2A0.root;/store/mc/Fall13/Neutrino_Pt-2to20_gun/GEN-SIM/POSTLS162_V1-v4/10000/5ED692F4-AA68-E311-85A2-90B11C1DBFB4.root;/store/mc/Fall13/Neutrino_Pt-2to20_gun/GEN-SIM/POSTLS162_V1-v4/10000/5C0B7CF6-AA68-E311-BA32-003048F59754.root;/store/mc/Fall13/Neutrino_Pt-2to20_gun/GEN-SIM/POSTLS162_V1-v4/10000/F805F57C-AB68-E311-9B93-90B11C1DBFB4.root;/store/mc/Fall13/Neutrino_Pt-2to20_gun/GEN-SIM/POSTLS162_V1-v4/10000/8C0E4E91-AB68-E311-AF2C-0025901D08DE.root;/store/mc/Fall13/Neutrino_Pt-2to20_gun/GEN-SIM/POSTLS162_V1-v4/10000/869E6491-AB68-E311-8C53-0025901D08BE.root;/store/mc/Fall13/Neutrino_Pt-2to20_gun/GEN-SIM/POSTLS162_V1-v4/10000/243B2096-AB68-E311-B873-90B11C1DBFB4.root;/store/mc/Fall13/Neutrino_Pt-2to20_gun/GEN-SIM/POSTLS162_V1-v4/10000/1A5080F4-AA68-E311-BFFB-90B11C1DBFB4.root;/store/mc/Fall13/Neutrino_Pt-2to20_gun/GEN-SIM/POSTLS162_V1-v4/10000/A827F1D6-AB68-E311-8DBB-90B11C2ACF20.root;/store/mc/Fall13/Neutrino_Pt-2to20_gun/GEN-SIM/POSTLS162_V1-v4/10000/0E6630EA-AA68-E311-9082-003048F5B2A0.root;/store/mc/Fall13/Neutrino_Pt-2to20_gun/GEN-SIM/POSTLS162_V1-v4/10000/0A8C8CED-AB68-E311-80BE-90B11C27F89E.root;/store/mc/Fall13/Neutrino_Pt-2to20_gun/GEN-SIM/POSTLS162_V1-v4/10000/A827F1D6-AB68-E311-8DBB-90B11C2ACF20.root;/store/mc/Fall13/Neutrino_Pt-2to20_gun/GEN-SIM/POSTLS162_V1-v4/10000/5E069FF4-AA68-E311-8232-90B11C1DBFB4.root;/store/mc/Fall13/Neutrino_Pt-2to20_gun/GEN-SIM/POSTLS162_V1-v4/10000/DEB470F4-AA68-E311-A5EC-90B11C1DBFB4.root;/store/mc/Fall13/Neutrino_Pt-2to20_gun/GEN-SIM/POSTLS162_V1-v4/10000/5E069FF4-AA68-E311-8232-90B11C1DBFB4.root
lumisRange=
>>> Executable cmsRun
/cvmfs/cms.cern.ch/slc6_amd64_gcc481/cms/cmssw/CMSSW_7_1_0_pre8/bin/slc6_amd64_gcc481/cmsRun
ok executable found
>>> info for dashboard:
***** Cat /wntmp/condor/compute-16-9/execute/dir_14765/glide_W04nee/execute/dir_6128/jobreport.txt *****
MonitorJobID=5_https://submit-4.t2.ucsd.edu//140801//331280.4
MonitorID=aelwood_140801_jJets_ngun_PU40bx25_1c84ps
ExeStart=cmsRun
***** End Cat jobreport *****
Parameters sent to Dashboard.
>>> cmsRun started at Fri Aug  1 10:02:42 UTC 2014
>>> cmsRun ended at Fri Aug  1 11:45:20 UTC 2014
>>> crab_fjr_*.xml  permission set to 0704
>>> info for dashboard:
***** Cat /wntmp/condor/compute-16-9/execute/dir_14765/glide_W04nee/execute/dir_6128/jobreport.txt *****
MonitorJobID=5_https://submit-4.t2.ucsd.edu//140801//331280.4
MonitorID=aelwood_140801_jJets_ngun_PU40bx25_1c84ps
ExeEnd=cmsRun
***** End Cat jobreport *****
Parameters sent to Dashboard.
TIME_EXE = 6158 sec
>>> cmsRun wrote 60 lines of stdout+stderr
>>> START OF printout of 60 lines from stdout+stderr
==> using COND/Services/RelationalAuthenticationService for auth, sys 1
==> using COND/Services/RelationalAuthenticationService for auth, sys 1
01-Aug-2014 03:03:26 PDT  Initiating request to open file /mnt/hadoop/store/mc/Fall13dr/Neutrino_Pt-2to20_gun/GEN-SIM-RAW/tsg_PU40bx25_POSTLS162_V2-v1/00002/84C83549-BB7A-E311-8CE1-002618FDA28E.root
01-Aug-2014 03:03:27 PDT  Successfully opened file /mnt/hadoop/store/mc/Fall13dr/Neutrino_Pt-2to20_gun/GEN-SIM-RAW/tsg_PU40bx25_POSTLS162_V2-v1/00002/84C83549-BB7A-E311-8CE1-002618FDA28E.root
01-Aug-2014 03:03:35 PDT  Initiating request to open file /mnt/hadoop/store/mc/Fall13/Neutrino_Pt-2to20_gun/GEN-SIM/POSTLS162_V1-v4/10000/0E75F3DF-AB68-E311-8BA9-003048F5B5F4.root
01-Aug-2014 03:03:35 PDT  Fallback request to file root://cmsxrootd.fnal.gov//store/mc/Fall13/Neutrino_Pt-2to20_gun/GEN-SIM/POSTLS162_V1-v4/10000/0E75F3DF-AB68-E311-8BA9-003048F5B5F4.root
140801 03:03:38 7797 Xrd: CheckErrorStatus: Server [cmssrmdisk.fnal.gov:1095] declared: Request 3018 not supported(error code: 3013)
01-Aug-2014 03:03:39 PDT  Successfully opened file root://cmsxrootd.fnal.gov//store/mc/Fall13/Neutrino_Pt-2to20_gun/GEN-SIM/POSTLS162_V1-v4/10000/0E75F3DF-AB68-E311-8BA9-003048F5B5F4.root
01-Aug-2014 03:03:47 PDT  Closed file root://cmsxrootd.fnal.gov//store/mc/Fall13/Neutrino_Pt-2to20_gun/GEN-SIM/POSTLS162_V1-v4/10000/0E75F3DF-AB68-E311-8BA9-003048F5B5F4.root
Stage1Layer2Producer -- Running pp implementation


----------------------------------------
Begin: L1CaloTowerProducer
----------------------------------------

01-Aug-2014 03:05:09 PDT  Closed file /mnt/hadoop/store/mc/Fall13dr/Neutrino_Pt-2to20_gun/GEN-SIM-RAW/tsg_PU40bx25_POSTLS162_V2-v1/00002/84C83549-BB7A-E311-8CE1-002618FDA28E.root
01-Aug-2014 03:05:09 PDT  Initiating request to open file /mnt/hadoop/store/mc/Fall13dr/Neutrino_Pt-2to20_gun/GEN-SIM-RAW/tsg_PU40bx25_POSTLS162_V2-v1/00002/DC1E9FA7-307B-E311-BCA8-003048679236.root
01-Aug-2014 03:05:09 PDT  Successfully opened file /mnt/hadoop/store/mc/Fall13dr/Neutrino_Pt-2to20_gun/GEN-SIM-RAW/tsg_PU40bx25_POSTLS162_V2-v1/00002/DC1E9FA7-307B-E311-BCA8-003048679236.root
140801 03:09:06 9242 Xrd: XrdClientMessage::ReadRaw: Failed to read header (8 bytes).
140801 03:09:06 9245 Xrd: XrdClientMessage::ReadRaw: Failed to read header (8 bytes).
01-Aug-2014 03:11:00 PDT  Closed file /mnt/hadoop/store/mc/Fall13dr/Neutrino_Pt-2to20_gun/GEN-SIM-RAW/tsg_PU40bx25_POSTLS162_V2-v1/00002/DC1E9FA7-307B-E311-BCA8-003048679236.root
01-Aug-2014 03:11:00 PDT  Initiating request to open file /mnt/hadoop/store/mc/Fall13dr/Neutrino_Pt-2to20_gun/GEN-SIM-RAW/tsg_PU40bx25_POSTLS162_V2-v1/00002/A2E5BFBA-2E7B-E311-837F-0025905964C4.root
01-Aug-2014 03:11:00 PDT  Successfully opened file /mnt/hadoop/store/mc/Fall13dr/Neutrino_Pt-2to20_gun/GEN-SIM-RAW/tsg_PU40bx25_POSTLS162_V2-v1/00002/A2E5BFBA-2E7B-E311-837F-0025905964C4.root
01-Aug-2014 03:19:34 PDT  Closed file /mnt/hadoop/store/mc/Fall13dr/Neutrino_Pt-2to20_gun/GEN-SIM-RAW/tsg_PU40bx25_POSTLS162_V2-v1/00002/A2E5BFBA-2E7B-E311-837F-0025905964C4.root
01-Aug-2014 03:19:34 PDT  Initiating request to open file /mnt/hadoop/store/mc/Fall13dr/Neutrino_Pt-2to20_gun/GEN-SIM-RAW/tsg_PU40bx25_POSTLS162_V2-v1/00002/42C553D7-267B-E311-B3CA-0025905A48E4.root
01-Aug-2014 03:19:34 PDT  Successfully opened file /mnt/hadoop/store/mc/Fall13dr/Neutrino_Pt-2to20_gun/GEN-SIM-RAW/tsg_PU40bx25_POSTLS162_V2-v1/00002/42C553D7-267B-E311-B3CA-0025905A48E4.root
140801 03:24:06 9240 Xrd: XrdClientMessage::ReadRaw: Failed to read header (8 bytes).
140801 03:24:06 9244 Xrd: XrdClientMessage::ReadRaw: Failed to read header (8 bytes).
140801 03:24:06 9235 Xrd: XrdClientMessage::ReadRaw: Failed to read header (8 bytes).
01-Aug-2014 03:26:23 PDT  Closed file /mnt/hadoop/store/mc/Fall13dr/Neutrino_Pt-2to20_gun/GEN-SIM-RAW/tsg_PU40bx25_POSTLS162_V2-v1/00002/42C553D7-267B-E311-B3CA-0025905A48E4.root
01-Aug-2014 03:26:23 PDT  Initiating request to open file /mnt/hadoop/store/mc/Fall13dr/Neutrino_Pt-2to20_gun/GEN-SIM-RAW/tsg_PU40bx25_POSTLS162_V2-v1/00002/DECEF6AC-F97A-E311-9649-0025905A60E4.root
01-Aug-2014 03:26:23 PDT  Successfully opened file /mnt/hadoop/store/mc/Fall13dr/Neutrino_Pt-2to20_gun/GEN-SIM-RAW/tsg_PU40bx25_POSTLS162_V2-v1/00002/DECEF6AC-F97A-E311-9649-0025905A60E4.root
01-Aug-2014 03:34:20 PDT  Closed file /mnt/hadoop/store/mc/Fall13dr/Neutrino_Pt-2to20_gun/GEN-SIM-RAW/tsg_PU40bx25_POSTLS162_V2-v1/00002/DECEF6AC-F97A-E311-9649-0025905A60E4.root
01-Aug-2014 03:34:20 PDT  Initiating request to open file /mnt/hadoop/store/mc/Fall13dr/Neutrino_Pt-2to20_gun/GEN-SIM-RAW/tsg_PU40bx25_POSTLS162_V2-v1/00002/F42171A6-F97A-E311-AA71-0025905A60A0.root
01-Aug-2014 03:34:21 PDT  Successfully opened file /mnt/hadoop/store/mc/Fall13dr/Neutrino_Pt-2to20_gun/GEN-SIM-RAW/tsg_PU40bx25_POSTLS162_V2-v1/00002/F42171A6-F97A-E311-AA71-0025905A60A0.root
01-Aug-2014 04:11:10 PDT  Closed file /mnt/hadoop/store/mc/Fall13dr/Neutrino_Pt-2to20_gun/GEN-SIM-RAW/tsg_PU40bx25_POSTLS162_V2-v1/00002/F42171A6-F97A-E311-AA71-0025905A60A0.root
01-Aug-2014 04:11:10 PDT  Initiating request to open file /mnt/hadoop/store/mc/Fall13dr/Neutrino_Pt-2to20_gun/GEN-SIM-RAW/tsg_PU40bx25_POSTLS162_V2-v1/00002/84BCF790-F97A-E311-A1EC-0026189438FE.root
01-Aug-2014 04:11:11 PDT  Successfully opened file /mnt/hadoop/store/mc/Fall13dr/Neutrino_Pt-2to20_gun/GEN-SIM-RAW/tsg_PU40bx25_POSTLS162_V2-v1/00002/84BCF790-F97A-E311-A1EC-0026189438FE.root
01-Aug-2014 04:45:10 PDT  Closed file /mnt/hadoop/store/mc/Fall13dr/Neutrino_Pt-2to20_gun/GEN-SIM-RAW/tsg_PU40bx25_POSTLS162_V2-v1/00002/84BCF790-F97A-E311-A1EC-0026189438FE.root

=============================================

MessageLogger Summary

 type     category        sev    module        subroutine        count    total
 ---- -------------------- -- ---------------- ----------------  -----    -----
    1 fileAction           -s AfterFile                              4        4
    2 fileAction           -s file_close                             7        7
    3 fileAction           -s file_open                             14       14

 type    category    Examples: run/evt        run/evt          run/evt
 ---- -------------------- ---------------- ---------------- ----------------
    1 fileAction           pre-events       pre-events       pre-events
    2 fileAction           PostProcessEvent PostProcessEvent PostEndRun
    3 fileAction           pre-events       pre-events       PostProcessEvent

Severity    # Occurrences   Total Occurrences
--------    -------------   -----------------
System                 25                  25
>>> END OF printout of 60 lines from stdout+stderr
>>> Parse FrameworkJobReport crab_fjr.xml
Result of parsing the FrameworkJobReport crab_fjr.xml: 
Extracted ExitStatus from FrameworkJobReport parsing output: 0
>>> Executable succeded  0
ExeExitCode=0
EXECUTABLE_EXIT_STATUS = 0
>>> current directory /wntmp/condor/compute-16-9/execute/dir_14765/glide_W04nee/execute/dir_6128/cms_uLylkmp2xHVK/CMSSW_7_1_0_pre8
>>>  (SOFTWARE_DIR): /wntmp/condor/compute-16-9/execute/dir_14765/glide_W04nee/execute/dir_6128/cms_uLylkmp2xHVK/CMSSW_7_1_0_pre8
>>> (WORKING_DIR): /wntmp/condor/compute-16-9/execute/dir_14765/glide_W04nee/execute/dir_6128/cms_uLylkmp2xHVK
>>> current directory content:
total 468556
drwxr-xr-x. 3 uscms4354 cms      4096 Aug  1 03:01 .SCRAM
-rw-------. 1 uscms4354 cms    916533 Aug  1 03:01 CMSSW.py.pkl
-rw-------. 1 uscms4354 cms 477875199 Aug  1 04:45 L1SkimRun.root
drwxr-xr-x. 3 uscms4354 cms      4096 Aug  1 03:01 bin
drwxr-xr-x. 3 uscms4354 cms      4096 Aug  1 03:01 cfipython
drwxr-xr-x. 4 uscms4354 cms      4096 Aug  1 03:01 config
-rw-------. 1 uscms4354 cms        18 Aug  1 04:45 cpu_timing.txt
drwxr-xr-x. 2 uscms4354 cms      4096 Aug  1 03:01 doc
-rw-------. 1 uscms4354 cms      6572 Aug  1 04:45 executable.out
drwxr-xr-x. 2 uscms4354 cms      4096 Aug  1 03:01 include
drwx------. 3 uscms4354 cms      4096 Aug  1 00:37 lib
drwxr-xr-x. 3 uscms4354 cms      4096 Aug  1 03:01 logs
drwxr-xr-x. 3 uscms4354 cms      4096 Aug  1 03:01 objs
-rw-------. 1 uscms4354 cms       104 Aug  1 03:02 pset.py
-rw-------. 1 uscms4354 cms    923121 Aug  1 03:02 pset.py.pkl
-rw-------. 1 uscms4354 cms       289 Aug  1 03:02 pset.pyc
drwxr-xr-x. 2 uscms4354 cms      4096 Aug  1 03:01 python
-rw-------. 1 uscms4354 cms       413 Aug  1 04:45 report.log
drwx------. 5 uscms4354 cms      4096 Aug  1 03:01 src
drwxr-xr-x. 3 uscms4354 cms      4096 Aug  1 03:01 test
drwxr-xr-x. 3 uscms4354 cms      4096 Aug  1 03:01 tmp
>>> current directory /wntmp/condor/compute-16-9/execute/dir_14765/glide_W04nee/execute/dir_6128/cms_uLylkmp2xHVK/CMSSW_7_1_0_pre8
>>> (SOFTWARE_DIR): /wntmp/condor/compute-16-9/execute/dir_14765/glide_W04nee/execute/dir_6128/cms_uLylkmp2xHVK/CMSSW_7_1_0_pre8
>>> (WORKING_DIR): /wntmp/condor/compute-16-9/execute/dir_14765/glide_W04nee/execute/dir_6128/cms_uLylkmp2xHVK
>>> current directory content:
total 468556
drwxr-xr-x. 3 uscms4354 cms      4096 Aug  1 03:01 .SCRAM
-rw-------. 1 uscms4354 cms    916533 Aug  1 03:01 CMSSW.py.pkl
-rw-------. 1 uscms4354 cms 477875199 Aug  1 04:45 L1SkimRun_5_1_hZn.root
drwxr-xr-x. 3 uscms4354 cms      4096 Aug  1 03:01 bin
drwxr-xr-x. 3 uscms4354 cms      4096 Aug  1 03:01 cfipython
drwxr-xr-x. 4 uscms4354 cms      4096 Aug  1 03:01 config
-rw-------. 1 uscms4354 cms        18 Aug  1 04:45 cpu_timing.txt
drwxr-xr-x. 2 uscms4354 cms      4096 Aug  1 03:01 doc
-rw-------. 1 uscms4354 cms      6572 Aug  1 04:45 executable.out
drwxr-xr-x. 2 uscms4354 cms      4096 Aug  1 03:01 include
drwx------. 3 uscms4354 cms      4096 Aug  1 00:37 lib
drwxr-xr-x. 3 uscms4354 cms      4096 Aug  1 03:01 logs
drwxr-xr-x. 3 uscms4354 cms      4096 Aug  1 03:01 objs
-rw-------. 1 uscms4354 cms       104 Aug  1 03:02 pset.py
-rw-------. 1 uscms4354 cms    923121 Aug  1 03:02 pset.py.pkl
-rw-------. 1 uscms4354 cms       289 Aug  1 03:02 pset.pyc
drwxr-xr-x. 2 uscms4354 cms      4096 Aug  1 03:01 python
-rw-------. 1 uscms4354 cms       413 Aug  1 04:45 report.log
drwx------. 5 uscms4354 cms      4096 Aug  1 03:01 src
drwxr-xr-x. 3 uscms4354 cms      4096 Aug  1 03:01 test
drwxr-xr-x. 3 uscms4354 cms      4096 Aug  1 03:01 tmp
>>> current directory (RUNTIME_AREA):  /wntmp/condor/compute-16-9/execute/dir_14765/glide_W04nee/execute/dir_6128
SE = srm-eoscms.cern.ch
SE_PATH = /srm/v2/server?SFN=/eos/cms/store/user/aelwood/140801_jJets_ngun_PU40bx25/
LFNBaseName = /store/user/aelwood/140801_jJets_ngun_PU40bx25/
USER = aelwood
endpoint = srm://srm-eoscms.cern.ch:8443/srm/v2/server?SFN=/eos/cms/store/user/aelwood/140801_jJets_ngun_PU40bx25/
>>> Copy output files from WN = compute-16-9.tier2 to /srm/v2/server?SFN=/eos/cms/store/user/aelwood/140801_jJets_ngun_PU40bx25/ :
python cmscp.py  --destination srm://srm-eoscms.cern.ch:8443/srm/v2/server?SFN=/eos/cms/store/user/aelwood/140801_jJets_ngun_PU40bx25/ --inputFileList /wntmp/condor/compute-16-9/execute/dir_14765/glide_W04nee/execute/dir_6128/cms_uLylkmp2xHVK/CMSSW_7_1_0_pre8/L1SkimRun_5_1_hZn.root --middleware OSG --se_name srm-eoscms.cern.ch --for_lfn /store/user/aelwood/140801_jJets_ngun_PU40bx25/    
******************************************************
localSeName  =  cit-se.ultralight.org
remoteSeName =  srm-eoscms.cern.ch
******************************************************
{"/wntmp/condor/compute-16-9/execute/dir_14765/glide_W04nee/execute/dir_6128/cms_uLylkmp2xHVK/CMSSW_7_1_0_pre8/L1SkimRun_5_1_hZn.root": {"endpoint": "srm://srm-eoscms.cern.ch:8443/srm/v2/server?SFN=/eos/cms/store/user/aelwood/140801_jJets_ngun_PU40bx25/", "surl_for_grid": "", "reason": "Copy succedeed with srm-lcg utils", "erCode": "0", "se_name": "srm-eoscms.cern.ch", "for_lfn": "/store/user/aelwood/140801_jJets_ngun_PU40bx25/"}}/wntmp/condor/compute-16-9/execute/dir_14765/glide_W04nee/execute/dir_6128
-------- cat /wntmp/condor/compute-16-9/execute/dir_14765/glide_W04nee/execute/dir_6128/cmscpReport.sh 
#!/bin/bash
echo "Report for File: /wntmp/condor/compute-16-9/execute/dir_14765/glide_W04nee/execute/dir_6128/cms_uLylkmp2xHVK/CMSSW_7_1_0_pre8/L1SkimRun_5_1_hZn.root"
echo "LFN: /store/user/aelwood/140801_jJets_ngun_PU40bx25/L1SkimRun_5_1_hZn.root"
echo "StorageElement: srm-eoscms.cern.ch"
echo "StageOutExitStatusReason = 'Copy succedeed with srm-lcg utils'" | tee -a $RUNTIME_AREA/$repo
echo "StageOutSE = srm-eoscms.cern.ch" >> $RUNTIME_AREA/$repo

export StageOutExitStatus=0
echo "StageOutExitStatus = 0" | tee -a $RUNTIME_AREA/$repo
-------- end of /wntmp/condor/compute-16-9/execute/dir_14765/glide_W04nee/execute/dir_6128/cmscpReport.sh 
Report for File: /wntmp/condor/compute-16-9/execute/dir_14765/glide_W04nee/execute/dir_6128/cms_uLylkmp2xHVK/CMSSW_7_1_0_pre8/L1SkimRun_5_1_hZn.root
LFN: /store/user/aelwood/140801_jJets_ngun_PU40bx25/L1SkimRun_5_1_hZn.root
StorageElement: srm-eoscms.cern.ch
StageOutExitStatusReason = 'Copy succedeed with srm-lcg utils'
StageOutExitStatus = 0
>>> current dir: /wntmp/condor/compute-16-9/execute/dir_14765/glide_W04nee/execute/dir_6128
>>> current dir content:
total 15124
-rw-------. 1 uscms4354 cms     4171 Aug  1 04:47 .SEinteraction.log
-rwx------. 1 uscms4354 cms     6626 Aug  1 03:01 .job.ad
-rwx------. 1 uscms4354 cms     9426 Aug  1 03:01 .machine.ad
-rw-------. 1 uscms4354 cms      105 Aug  1 02:57 CMSSW.py
-rw-------. 1 uscms4354 cms   916533 Aug  1 02:57 CMSSW.py.pkl
-rwx------. 1 uscms4354 cms    28576 Aug  1 03:01 CMSSW.sh
-rw-------. 1 uscms4354 cms      181 Aug  1 03:01 CacheEnv.sh
-rw-------. 1 uscms4354 cms     7291 Jul 12 08:18 DashboardAPI.py
-rw-------. 1 uscms4354 cms     6740 Aug  1 03:02 DashboardAPI.pyc
drwx------. 2 uscms4354 cms     4096 Aug  1 04:45 IMProv
lrwxrwxrwx. 1 uscms4354 cms      131 Aug  1 04:45 L1SkimRun.root -> /wntmp/condor/compute-16-9/execute/dir_14765/glide_W04nee/execute/dir_6128/cms_uLylkmp2xHVK/CMSSW_7_1_0_pre8/L1SkimRun_5_1_hZn.root
-rw-------. 1 uscms4354 cms     2748 Jul 12 08:18 Logger.py
-rw-------. 1 uscms4354 cms     3322 Aug  1 03:02 Logger.pyc
-rw-------. 1 uscms4354 cms    24524 Jul 12 08:18 ProcInfo.py
-rw-------. 1 uscms4354 cms    23077 Aug  1 03:02 ProcInfo.pyc
drwx------. 7 uscms4354 cms     4096 Aug  1 03:02 ProdCommon
drwx------. 3 uscms4354 cms     4096 Aug  1 03:01 WMCore
-rw-------. 1 uscms4354 cms     5496 Aug  1 04:45 Watchdog_5.log
-rwx------. 1 uscms4354 cms        0 Aug  1 03:01 _condor_stderr
-rwx---r--. 1 uscms4354 cms    26725 Aug  1 04:47 _condor_stdout
-rw-------. 1 uscms4354 cms    32895 Jul 12 08:18 apmon.py
-rw-------. 1 uscms4354 cms    28480 Aug  1 03:02 apmon.pyc
-rwx------. 1 uscms4354 cms   240046 Aug  1 03:01 arguments.xml
drwx------. 3 uscms4354 cms     4096 Aug  1 03:01 cms_uLylkmp2xHVK
-rwx------. 1 uscms4354 cms    38524 Jul 12 08:18 cmscp.py
-rw-------. 1 uscms4354 cms      541 Aug  1 04:47 cmscpReport.sh
-rwx------. 1 uscms4354 cms    28576 Aug  1 03:01 condor_exec.exe
-rw-------. 1 uscms4354 cms      759 Aug  1 02:56 crab.cfg
-rwx------. 1 uscms4354 cms     8610 Jul 12 08:18 crabWatchdog.sh
-rwx---r--. 1 uscms4354 cms    76807 Aug  1 04:45 crab_fjr_5.xml
-rwx------. 1 uscms4354 cms 13818897 Aug  1 03:01 default.tgz
-rwx------. 1 uscms4354 cms     4488 Jul 12 08:18 fillCrabFjr.py
-rw-------. 1 uscms4354 cms     4619 Aug  1 03:02 inputsReport.txt
-rw-------. 1 uscms4354 cms      259 Aug  1 04:47 jobreport.txt
-rw-------. 1 uscms4354 cms    17352 Jul 12 08:18 parseCrabFjr.py
-rw-------. 1 uscms4354 cms      330 Aug  1 03:01 report.log
-rwx--x--x. 1 uscms4354 cms     1497 Jul 12 08:18 report.py
-rw-------. 1 uscms4354 cms      434 Aug  1 04:47 resultCopyFile
-rwx------. 1 uscms4354 cms     8351 Jul 12 08:18 writeCfg.py
-rw-------. 1 uscms4354 cms     8083 Aug  1 04:21 x509up_u41660
>>> Modify Job Report:
CMSSW_VERSION = CMSSW_7_1_0_pre8
/wntmp/condor/compute-16-9/execute/dir_14765/glide_W04nee/execute/dir_6128/ProdCommon/FwkJobRep/ModifyJobReport.py fjr /wntmp/condor/compute-16-9/execute/dir_14765/glide_W04nee/execute/dir_6128/crab_fjr_5.xml json /wntmp/condor/compute-16-9/execute/dir_14765/glide_W04nee/execute/dir_6128/resultCopyFile n_job 5_1_hZn PrimaryDataset Neutrino_Pt-2to20_gun  ApplicationFamily cmsRun ApplicationName cmsRun cmssw_version CMSSW_7_1_0_pre8 psethash 951aa882d2ac167e3fe15038b4453880
inputDict =  {u'/wntmp/condor/compute-16-9/execute/dir_14765/glide_W04nee/execute/dir_6128/cms_uLylkmp2xHVK/CMSSW_7_1_0_pre8/L1SkimRun_5_1_hZn.root': {u'endpoint': u'srm://srm-eoscms.cern.ch:8443/srm/v2/server?SFN=/eos/cms/store/user/aelwood/140801_jJets_ngun_PU40bx25/', u'surl_for_grid': u'', u'reason': u'Copy succedeed with srm-lcg utils', u'erCode': u'0', u'se_name': u'srm-eoscms.cern.ch', u'for_lfn': u'/store/user/aelwood/140801_jJets_ngun_PU40bx25/'}}
UserProcessedDataset =  
file_name in inputDict =  /wntmp/condor/compute-16-9/execute/dir_14765/glide_W04nee/execute/dir_6128/cms_uLylkmp2xHVK/CMSSW_7_1_0_pre8/L1SkimRun_5_1_hZn.root
(size) os.stat(filename)[6] =  477875199
checksum =  1372481887
    file =  L1SkimRun_5_1_hZn.root
    newPfn =  srm://srm-eoscms.cern.ch:8443/srm/v2/server?SFN=/eos/cms/store/user/aelwood/140801_jJets_ngun_PU40bx25/L1SkimRun_5_1_hZn.root
    newLfn =  /store/user/aelwood/140801_jJets_ngun_PU40bx25/L1SkimRun_5_1_hZn.root
>>> crab_fjr_*.xml  permission set to 0704
CrabWrapper EXIT_FUNC entered at Fri Aug  1 04:47:29 PDT 2014   -  Fri Aug  1 11:47:29 UTC 2014
Checking output files:  
will tar file crab_fjr_5.xml in  out_files_5
WARNING: output file CMSSW_5.stdout not found!
WARNING: output file CMSSW_5.stderr not found!
WARNING: output file Watchdog_5.log.gz not found!
>>> working dir = /wntmp/condor/compute-16-9/execute/dir_14765/glide_W04nee/execute/dir_6128/cms_uLylkmp2xHVK
>>> current directory (RUNTIME_AREA): /wntmp/condor/compute-16-9/execute/dir_14765/glide_W04nee/execute/dir_6128
>>> Remove working directory: /wntmp/condor/compute-16-9/execute/dir_14765/glide_W04nee/execute/dir_6128/cms_uLylkmp2xHVK
/wntmp/condor/compute-16-9/execute/dir_14765/glide_W04nee/execute/dir_6128/condor_exec.exe: line 140: symlinks: command not found
>>> padding time: Wrapper lasting more than 600 seconds. No sleep required.
STOPPING WATCHDOG. CrabWatchdog PID is 7479
********** LAST 50 LINES OF WATCHDOG LOG
 Aug 01 03:06:31 PDT	---	545880	813420	115	----	----	----
 Aug 01 03:07:32 PDT	7797	696908	965228	115	161	304	cmsRun -j /wntmp/condor/compute-16-9/execute/dir_14765/glide_W04nee/execute/dir_6128/crab_fjr_5.xml -p pset.py      
 Aug 01 03:07:32 PDT	---	696908	965228	126	----	----	----
 Aug 01 03:08:32 PDT	7797	697332	965228	126	212	364	cmsRun -j /wntmp/condor/compute-16-9/execute/dir_14765/glide_W04nee/execute/dir_6128/crab_fjr_5.xml -p pset.py      
 Aug 01 03:08:32 PDT	---	697332	965228	139	----	----	----
 Aug 01 03:09:33 PDT	7797	697524	965228	139	262	425	cmsRun -j /wntmp/condor/compute-16-9/execute/dir_14765/glide_W04nee/execute/dir_6128/crab_fjr_5.xml -p pset.py      
 Aug 01 03:09:33 PDT	---	697524	965228	152	----	----	----
 Aug 01 03:10:33 PDT	7797	697528	965228	152	312	485	cmsRun -j /wntmp/condor/compute-16-9/execute/dir_14765/glide_W04nee/execute/dir_6128/crab_fjr_5.xml -p pset.py      
 Aug 01 03:10:33 PDT	---	697528	965228	166	----	----	----
 Aug 01 03:11:34 PDT	---	697528	965228	170	----	----	----
 Aug 01 03:12:34 PDT	---	697528	965228	183	----	----	----
 Aug 01 03:13:35 PDT	7797	697896	965228	183	433	667	cmsRun -j /wntmp/condor/compute-16-9/execute/dir_14765/glide_W04nee/execute/dir_6128/crab_fjr_5.xml -p pset.py      
 Aug 01 03:13:35 PDT	---	697896	965228	197	----	----	----
 Aug 01 03:14:35 PDT	7797	697912	965228	197	471	727	cmsRun -j /wntmp/condor/compute-16-9/execute/dir_14765/glide_W04nee/execute/dir_6128/crab_fjr_5.xml -p pset.py      
 Aug 01 03:14:35 PDT	---	697912	965228	205	----	----	----
 Aug 01 03:15:35 PDT	7797	697960	965228	205	520	788	cmsRun -j /wntmp/condor/compute-16-9/execute/dir_14765/glide_W04nee/execute/dir_6128/crab_fjr_5.xml -p pset.py      
 Aug 01 03:15:35 PDT	---	697960	965228	218	----	----	----
 Aug 01 03:16:36 PDT	---	697960	965228	223	----	----	----
 Aug 01 03:17:36 PDT	---	697960	965228	232	----	----	----
 Aug 01 03:18:37 PDT	---	697960	965228	245	----	----	----
# TIME			PID	RSS(KB)	VSZ(KB)	Dsk(MB)	tCPU(s)	tWALL(s)	COMMAND
 Aug 01 03:19:37 PDT	---	697960	965228	256	----	----	----
 Aug 01 03:20:38 PDT	---	697960	965228	269	----	----	----
 Aug 01 03:21:38 PDT	---	697960	965228	283	----	----	----
 Aug 01 03:22:39 PDT	---	697960	965228	296	----	----	----
 Aug 01 03:23:39 PDT	---	697960	965228	308	----	----	----
 Aug 01 03:24:39 PDT	---	697960	965228	320	----	----	----
 Aug 01 03:25:40 PDT	---	697960	965228	332	----	----	----
 Aug 01 03:26:40 PDT	---	697960	965228	342	----	----	----
 Aug 01 03:27:41 PDT	---	697960	965228	358	----	----	----
 Aug 01 03:28:41 PDT	---	697960	965228	369	----	----	----
 Aug 01 03:29:42 PDT	---	697960	965228	384	----	----	----
 Aug 01 03:30:42 PDT	---	697960	965228	393	----	----	----
 Aug 01 03:32:43 PDT	---	697960	965228	394	----	----	----
 Aug 01 03:33:44 PDT	---	697960	965228	406	----	----	----
 Aug 01 03:34:44 PDT	---	697960	965228	418	----	----	----
 Aug 01 03:35:44 PDT	---	697960	965228	430	----	----	----
 Aug 01 03:36:45 PDT	---	697960	965228	443	----	----	----
 Aug 01 03:37:45 PDT	---	697960	965228	456	----	----	----
 Aug 01 03:38:46 PDT	---	697960	965228	463	----	----	----
 Aug 01 04:09:00 PDT	---	697960	965228	475	----	----	----
 Aug 01 04:10:02 PDT	---	697960	965228	488	----	----	----
 Aug 01 04:11:03 PDT	---	697960	965228	496	----	----	----
 Aug 01 04:12:05 PDT	---	697960	965228	497	----	----	----
 Aug 01 04:14:06 PDT	---	697960	965228	499	----	----	----
 Aug 01 04:26:12 PDT	---	697960	965228	500	----	----	----
 Aug 01 04:42:19 PDT	---	697960	965228	507	----	----	----
 Aug 01 04:43:22 PDT	---	697960	965228	520	----	----	----
 Aug 01 04:44:24 PDT	---	697960	965228	532	----	----	----
 Aug 01 04:45:25 PDT	---	697960	965228	545	----	----	----
********** WATCHDOG LOG ENDED
ZIPPING WATCHDOG LOG
Disk space used:
du -sh /wntmp/condor/compute-16-9/execute/dir_14765/glide_W04nee/execute/dir_6128
17M	/wntmp/condor/compute-16-9/execute/dir_14765/glide_W04nee/execute/dir_6128
Found unusual stdout, rename for OSB
`/wntmp/condor/compute-16-9/execute/dir_14765/glide_W04nee/execute/dir_6128/_condor_stdout' -> `CMSSW_5.stdout'
Found unusual stderr, rename for OSB
`/wntmp/condor/compute-16-9/execute/dir_14765/glide_W04nee/execute/dir_6128/_condor_stdout' -> `CMSSW_5.stderr'
crab_fjr_5.xml
CMSSW_5.stdout
CMSSW_5.stderr
Watchdog_5.log.gz
Total Output dimension: 20894
WARNING: output files size limit is set to: 50000000
Total Output dimension 20894 is fine.
JOB_EXIT_STATUS = 0
>>> info for dashboard:
***** Cat /wntmp/condor/compute-16-9/execute/dir_14765/glide_W04nee/execute/dir_6128/jobreport.txt *****
MonitorJobID=5_https://submit-4.t2.ucsd.edu//140801//331280.4
MonitorID=aelwood_140801_jJets_ngun_PU40bx25_1c84ps
ExeTime=6158
ExeExitCode=0
StageOutExitStatusReason = 'Copy succedeed with srm-lcg utils'
StageOutSE = srm-eoscms.cern.ch
StageOutExitStatus = 0
CrabUserCpuTime=1739.47
CrabSysCpuTime=27.90
CrabCpuPercentage=28%
CrabWrapperTime=6349
CrabStageoutTime=90
JobExitCode=0
***** End Cat jobreport *****
Parameters sent to Dashboard.
EXITING at Fri Aug  1 04:47:31 PDT 2014  -  Fri Aug  1 11:47:31 UTC 2014
