This script was generated by crab (version 2.10.6).
Running /wntmp/condor/compute-22-18/execute/dir_698/glide_Z9NGwr/execute/dir_4946/condor_exec.exe with 2 positional parameters: 29 1
Today is Fri Aug  1 03:04:59 PDT 2014 - Fri Aug  1 10:04:59 UTC 2014
Job submitted on host compute-22-18.tier2
Linux compute-22-18.tier2 2.6.32-358.6.2.el6.x86_64 #1 SMP Thu May 16 20:59:36 UTC 2013 x86_64 x86_64 x86_64 GNU/Linux
>>> current directory (RUNTIME_AREA): /wntmp/condor/compute-22-18/execute/dir_698/glide_Z9NGwr/execute/dir_4946
>>> current user: uid=20804(uscms4354) gid=504(cms) groups=504(cms),65265(glexec65265) context=unconfined_u:system_r:condor_startd_t:s0
>>> directory permission set to 0700
>>> umask set to:  u=rwx,g=,o=
>>> stdout stderr permission set to 0704
>>> voms proxy information:
subject   : /C=UK/O=eScience/OU=Imperial/L=Physics/CN=adam elwood/CN=1171778048/CN=593264608
issuer    : /C=UK/O=eScience/OU=Imperial/L=Physics/CN=adam elwood/CN=1171778048
identity  : /C=UK/O=eScience/OU=Imperial/L=Physics/CN=adam elwood/CN=1171778048
type      : RFC compliant proxy
strength  : 1024 bits
path      : /wntmp/condor/compute-22-18/execute/dir_698/glide_Z9NGwr/execute/dir_4946/x509up_u41660
timeleft  : 23:59:53
key usage : Digital Signature, Key Encipherment, Key Agreement
=== VO cms extension information ===
VO        : cms
subject   : /C=UK/O=eScience/OU=Imperial/L=Physics/CN=adam elwood
issuer    : /DC=ch/DC=cern/OU=computers/CN=lcg-voms.cern.ch
attribute : /cms/Role=NULL/Capability=NULL
timeleft  : 191:48:17
uri       : lcg-voms.cern.ch:15002
WNHostName=compute-22-18.tier2
>>> tar --no-same-permissions -xf /wntmp/condor/compute-22-18/execute/dir_698/glide_Z9NGwr/execute/dir_4946/default.tgz :
Successful untar
>>> Include /wntmp/condor/compute-22-18/execute/dir_698/glide_Z9NGwr/execute/dir_4946 in PYTHONPATH:
strip arguments
env var CRAB_UNIQUE_JOB_ID set to: aelwood_140801_jJets_ngun_PU40bx25_1c84ps_29_1_l3f
out_files_29
>>> list of expected files on output sandbox
output files: crab_fjr_29.xml CMSSW_29.stdout CMSSW_29.stderr Watchdog_29.log.gz
>>> GridFlavour discovery: 
source OSG GRID setup script
GridFlavour=OSG
>>> SyncSite discovery: 
SyncSite=T2_US_Caltech
>>> SyncCE discovery: 
getting SyncCE from OSG_JOB_CONTACT
SyncCE=cit-gatekeeper.ultralight.org/jobmanager-condor
>>> info for dashboard:
***** Cat /wntmp/condor/compute-22-18/execute/dir_698/glide_Z9NGwr/execute/dir_4946/jobreport.txt *****
WNHostName=compute-22-18.tier2
MonitorJobID=29_https://submit-4.t2.ucsd.edu//140801//331280.28
SyncGridJobId=https://submit-4.t2.ucsd.edu//140801//331280.28
MonitorID=aelwood_140801_jJets_ngun_PU40bx25_1c84ps
GridFlavour=OSG
SyncSite=T2_US_Caltech
SyncCE=cit-gatekeeper.ultralight.org/jobmanager-condor
***** End Cat jobreport *****
Parameters sent to Dashboard.
>>> setup environment
set SCRAM ARCH to slc6_amd64_gcc481
SCRAM_ARCH = slc6_amd64_gcc481
>>> Created working directory: /wntmp/condor/compute-22-18/execute/dir_698/glide_Z9NGwr/execute/dir_4946/cms_E63wuOfJcYuv
Change to working directory: /wntmp/condor/compute-22-18/execute/dir_698/glide_Z9NGwr/execute/dir_4946/cms_E63wuOfJcYuv
>>> current directory (WORKING_DIR): /wntmp/condor/compute-22-18/execute/dir_698/glide_Z9NGwr/execute/dir_4946/cms_E63wuOfJcYuv
>>> setup CMS OSG environment:
set SCRAM ARCH to slc6_amd64_gcc481
SCRAM_ARCH = slc6_amd64_gcc481
OSG_APP is /raid1/osg-app
sourcing /raid1/osg-app/cmssoft/cms/cmsset_default.sh ...
==> setup cms environment ok
SCRAM_ARCH = slc6_amd64_gcc481
>>> specific cmssw setup environment:
CMSSW_VERSION =  CMSSW_7_1_0_pre8
>>> current directory (SOFTWARE_DIR): /wntmp/condor/compute-22-18/execute/dir_698/glide_Z9NGwr/execute/dir_4946/cms_E63wuOfJcYuv/CMSSW_7_1_0_pre8
PreserveSeeds: <>
IncrementSeeds:<>
>>> info for dashboard:
***** Cat /wntmp/condor/compute-22-18/execute/dir_698/glide_Z9NGwr/execute/dir_4946/jobreport.txt *****
MonitorJobID=29_https://submit-4.t2.ucsd.edu//140801//331280.28
MonitorID=aelwood_140801_jJets_ngun_PU40bx25_1c84ps
***** End Cat jobreport *****
Parameters sent to Dashboard.
crabWatchdog started as process 5778
>>> moving CMSSW software directories in /wntmp/condor/compute-22-18/execute/dir_698/glide_Z9NGwr/execute/dir_4946/cms_E63wuOfJcYuv/CMSSW_7_1_0_pre8
mv: cannot stat `/wntmp/condor/compute-22-18/execute/dir_698/glide_Z9NGwr/execute/dir_4946/module/': No such file or directory
>>> Include /wntmp/condor/compute-22-18/execute/dir_698/glide_Z9NGwr/execute/dir_4946 in PYTHONPATH:
PYTHONPATH=/wntmp/condor/compute-22-18/execute/dir_698/glide_Z9NGwr/execute/dir_4946/:/wntmp/condor/compute-22-18/execute/dir_698/glide_Z9NGwr/execute/dir_4946/cms_E63wuOfJcYuv/CMSSW_7_1_0_pre8/python:/wntmp/condor/compute-22-18/execute/dir_698/glide_Z9NGwr/execute/dir_4946/cms_E63wuOfJcYuv/CMSSW_7_1_0_pre8/lib/slc6_amd64_gcc481:/cvmfs/cms.cern.ch/slc6_amd64_gcc481/cms/cmssw/CMSSW_7_1_0_pre8/python:/cvmfs/cms.cern.ch/slc6_amd64_gcc481/cms/cmssw/CMSSW_7_1_0_pre8/lib/slc6_amd64_gcc481:/cvmfs/cms.cern.ch/slc6_amd64_gcc481/cms/coral/CORAL_2_3_21-cms20/slc6_amd64_gcc481/python:/cvmfs/cms.cern.ch/slc6_amd64_gcc481/cms/coral/CORAL_2_3_21-cms20/slc6_amd64_gcc481/lib:/cvmfs/cms.cern.ch/slc6_amd64_gcc481/external/pyqt/4.8.1-cms/lib/python2.7/site-packages:/cvmfs/cms.cern.ch/slc6_amd64_gcc481/external/py2-scipy/0.8.0-cms/lib/python2.7/site-packages:/cvmfs/cms.cern.ch/slc6_amd64_gcc481/external/py2-matplotlib/1.2.1-cms/lib/python2.7/site-packages:/cvmfs/cms.cern.ch/slc6_amd64_gcc481/external/yoda/1.0.4/lib/python2.7/site-packages:/cvmfs/cms.cern.ch/slc6_amd64_gcc481/external/python-ldap/2.4.10-cms/lib/python2.7/site-packages:/cvmfs/cms.cern.ch/slc6_amd64_gcc481/external/sip/4.11.2-cms/lib/python2.7/site-packages:/cvmfs/cms.cern.ch/slc6_amd64_gcc481/external/llvm/3.4/lib/python2.7/site-packages:/cvmfs/cms.cern.ch/slc6_amd64_gcc481/external/py2-sqlalchemy/0.8.2-cms2/lib/python2.7/site-packages:/cvmfs/cms.cern.ch/slc6_amd64_gcc481/external/py2-pycurl/7.19.0-cms/lib/python2.7/site-packages:/cvmfs/cms.cern.ch/slc6_amd64_gcc481/external/py2-python-dateutil/1.1-cms/lib/python2.7/site-packages:/cvmfs/cms.cern.ch/slc6_amd64_gcc481/external/py2-numpy/1.6.1-cms/lib/python2.7/site-packages:/cvmfs/cms.cern.ch/slc6_amd64_gcc481/external/py2-lint/0.25.1-cms/lib/python2.7/site-packages:/cvmfs/cms.cern.ch/slc6_amd64_gcc481/external/py2-ipython/0.10-cms/lib/python2.7/site-packages:/cvmfs/cms.cern.ch/slc6_amd64_gcc481/external/py2-cx-oracle/5.1-cms2/lib/python2.7/site-packages:/cvmfs/cms.cern.ch/slc6_amd64_gcc481/external/py2-cjson/1.0.5-cms/lib/python2.7/site-packages:/cvmfs/cms.cern.ch/slc6_amd64_gcc481/external/frontier_client/2.8.10/python/lib:/cvmfs/cms.cern.ch/slc6_amd64_gcc481/cms/das-client/2.5.0/bin:/cvmfs/cms.cern.ch/slc6_amd64_gcc481/external/cython/0.19.1/lib/python2.7/site-packages:/cvmfs/cms.cern.ch/slc6_amd64_gcc481/external/rivet/1.8.2-cms4/lib/python2.7/site-packages:/cvmfs/cms.cern.ch/slc6_amd64_gcc481/external/pyminuit2/0.0.1-cms13/lib/python2.7/site-packages:/cvmfs/cms.cern.ch/slc6_amd64_gcc481/external/py2-pygithub/1.23.0/lib/python2.7/site-packages:/cvmfs/cms.cern.ch/slc6_amd64_gcc481/external/py2-networkx/1.8.1/lib/python2.7/site-packages:/cvmfs/cms.cern.ch/slc6_amd64_gcc481/external/professor/1.0.0-cms13/lib/python2.7/site-packages:/cvmfs/cms.cern.ch/slc6_amd64_gcc481/lcg/root/5.34.18/lib:/cvmfs/cms.cern.ch/slc6_amd64_gcc481/cms/dbs-client/DBS_2_1_9-cms/lib:/cvmfs/cms.cern.ch/slc6_amd64_gcc481/cms/dbs-client/DBS_2_1_9-cms/lib/DBSAPI:/cvmfs/cms.cern.ch/slc6_amd64_gcc481/external/cvs2git/5419-cms/lib:/wntmp/condor/compute-22-18/execute/dir_698/glide_Z9NGwr/execute/dir_4946/
 
# LIMITS USED BY CRAB WATCHDOG:
# RSS  (KBytes)   : 2300000
# VSZ  (KBytes)   : 100000000
# DISK (MBytes)   : 19000
# CPU TIME        : 720h:0m:0s
# WALL CLOCK TIME : 21h:50m:0s
 
951aa882d2ac167e3fe15038b4453880
PSETHASH = 951aa882d2ac167e3fe15038b4453880
/wntmp/condor/compute-22-18/execute/dir_698/glide_Z9NGwr/execute/dir_4946/writeCfg.py pset.py pset.py
Importing .py file
Setting parameters
RandomNumberGeneratorService found, will attempt to change seeds
inputBlocks=/Neutrino_Pt-2to20_gun/Fall13dr-tsg_PU40bx25_POSTLS162_V2-v1/GEN-SIM-RAW#09b9f490-7aa3-11e3-b1c2-003048f02d38
inputFiles=/store/mc/Fall13dr/Neutrino_Pt-2to20_gun/GEN-SIM-RAW/tsg_PU40bx25_POSTLS162_V2-v1/00002/2E5D5426-BD7A-E311-B226-0025905A6056.root;/store/mc/Fall13dr/Neutrino_Pt-2to20_gun/GEN-SIM-RAW/tsg_PU40bx25_POSTLS162_V2-v1/00002/BE8FC075-BC7A-E311-8B1E-0025905A60BE.root;/store/mc/Fall13dr/Neutrino_Pt-2to20_gun/GEN-SIM-RAW/tsg_PU40bx25_POSTLS162_V2-v1/00002/3CE8D3F3-C27A-E311-8E6C-00261894398A.root;/store/mc/Fall13dr/Neutrino_Pt-2to20_gun/GEN-SIM-RAW/tsg_PU40bx25_POSTLS162_V2-v1/00002/582A5049-BB7A-E311-A363-0025905A48F2.root;/store/mc/Fall13dr/Neutrino_Pt-2to20_gun/GEN-SIM-RAW/tsg_PU40bx25_POSTLS162_V2-v1/00002/D2E5EF3E-C37A-E311-AE46-00261894387E.root;/store/mc/Fall13dr/Neutrino_Pt-2to20_gun/GEN-SIM-RAW/tsg_PU40bx25_POSTLS162_V2-v1/00002/A4768478-BA7A-E311-88AE-0025905A60A0.root;/store/mc/Fall13dr/Neutrino_Pt-2to20_gun/GEN-SIM-RAW/tsg_PU40bx25_POSTLS162_V2-v1/00002/C464D421-C27A-E311-95C3-0025905A48F0.root
parentFiles=/store/mc/Fall13/Neutrino_Pt-2to20_gun/GEN-SIM/POSTLS162_V1-v4/10000/E041DDFB-AC68-E311-AAA4-003048F5B2A0.root;/store/mc/Fall13/Neutrino_Pt-2to20_gun/GEN-SIM/POSTLS162_V1-v4/10000/F4012258-AB68-E311-8717-0025904AC2CA.root;/store/mc/Fall13/Neutrino_Pt-2to20_gun/GEN-SIM/POSTLS162_V1-v4/10000/FC1650F9-AA68-E311-99DF-782BCB20EBA4.root;/store/mc/Fall13/Neutrino_Pt-2to20_gun/GEN-SIM/POSTLS162_V1-v4/10000/0E75F3DF-AB68-E311-8BA9-003048F5B5F4.root;/store/mc/Fall13/Neutrino_Pt-2to20_gun/GEN-SIM/POSTLS162_V1-v4/10000/3228DBE4-AB68-E311-AFE5-0025904A91F6.root;/store/mc/Fall13/Neutrino_Pt-2to20_gun/GEN-SIM/POSTLS162_V1-v4/10000/0A8C8CED-AB68-E311-80BE-90B11C27F89E.root;/store/mc/Fall13/Neutrino_Pt-2to20_gun/GEN-SIM/POSTLS162_V1-v4/10000/10CAFE4F-AC68-E311-95FB-002590821320.root;/store/mc/Fall13/Neutrino_Pt-2to20_gun/GEN-SIM/POSTLS162_V1-v4/10000/0CD6C959-AC68-E311-8933-003048F5ADEA.root;/store/mc/Fall13/Neutrino_Pt-2to20_gun/GEN-SIM/POSTLS162_V1-v4/10000/32F7F53B-AC68-E311-AE43-003048F5B6A9.root;/store/mc/Fall13/Neutrino_Pt-2to20_gun/GEN-SIM/POSTLS162_V1-v4/10000/D88E20AB-AC68-E311-8CB4-0025901D08BE.root;/store/mc/Fall13/Neutrino_Pt-2to20_gun/GEN-SIM/POSTLS162_V1-v4/10000/3228DBE4-AB68-E311-AFE5-0025904A91F6.root;/store/mc/Fall13/Neutrino_Pt-2to20_gun/GEN-SIM/POSTLS162_V1-v4/10000/08BDA2EE-AB68-E311-BD33-0025904AC2CA.root;/store/mc/Fall13/Neutrino_Pt-2to20_gun/GEN-SIM/POSTLS162_V1-v4/10000/10CAFE4F-AC68-E311-95FB-002590821320.root;/store/mc/Fall13/Neutrino_Pt-2to20_gun/GEN-SIM/POSTLS162_V1-v4/10000/F4012258-AB68-E311-8717-0025904AC2CA.root;/store/mc/Fall13/Neutrino_Pt-2to20_gun/GEN-SIM/POSTLS162_V1-v4/10000/1433FB5A-AB68-E311-9ADF-002590491AE4.root;/store/mc/Fall13/Neutrino_Pt-2to20_gun/GEN-SIM/POSTLS162_V1-v4/10000/8E0B195E-AB68-E311-A174-0025904AC2CA.root;/store/mc/Fall13/Neutrino_Pt-2to20_gun/GEN-SIM/POSTLS162_V1-v4/10000/0CD6C959-AC68-E311-8933-003048F5ADEA.root;/store/mc/Fall13/Neutrino_Pt-2to20_gun/GEN-SIM/POSTLS162_V1-v4/10000/C05AB95E-AC68-E311-9422-003048F5B69A.root;/store/mc/Fall13/Neutrino_Pt-2to20_gun/GEN-SIM/POSTLS162_V1-v4/10000/C004547E-AC68-E311-9972-003048F5B2A0.root;/store/mc/Fall13/Neutrino_Pt-2to20_gun/GEN-SIM/POSTLS162_V1-v4/10000/F4012258-AB68-E311-8717-0025904AC2CA.root;/store/mc/Fall13/Neutrino_Pt-2to20_gun/GEN-SIM/POSTLS162_V1-v4/10000/1433FB5A-AB68-E311-9ADF-002590491AE4.root;/store/mc/Fall13/Neutrino_Pt-2to20_gun/GEN-SIM/POSTLS162_V1-v4/10000/8E0B195E-AB68-E311-A174-0025904AC2CA.root;/store/mc/Fall13/Neutrino_Pt-2to20_gun/GEN-SIM/POSTLS162_V1-v4/10000/7632CAE8-AB68-E311-AA1C-90B11C27EA38.root;/store/mc/Fall13/Neutrino_Pt-2to20_gun/GEN-SIM/POSTLS162_V1-v4/10000/0A8C8CED-AB68-E311-80BE-90B11C27F89E.root;/store/mc/Fall13/Neutrino_Pt-2to20_gun/GEN-SIM/POSTLS162_V1-v4/10000/10CAFE4F-AC68-E311-95FB-002590821320.root;/store/mc/Fall13/Neutrino_Pt-2to20_gun/GEN-SIM/POSTLS162_V1-v4/10000/0CD6C959-AC68-E311-8933-003048F5ADEA.root;/store/mc/Fall13/Neutrino_Pt-2to20_gun/GEN-SIM/POSTLS162_V1-v4/10000/54B76B39-AC68-E311-88C6-003048F5ADEA.root;/store/mc/Fall13/Neutrino_Pt-2to20_gun/GEN-SIM/POSTLS162_V1-v4/10000/7AF65AFD-AC68-E311-80E9-90B11C1DBFB4.root;/store/mc/Fall13/Neutrino_Pt-2to20_gun/GEN-SIM/POSTLS162_V1-v4/10000/F4012258-AB68-E311-8717-0025904AC2CA.root;/store/mc/Fall13/Neutrino_Pt-2to20_gun/GEN-SIM/POSTLS162_V1-v4/10000/1433FB5A-AB68-E311-9ADF-002590491AE4.root
lumisRange=
>>> Executable cmsRun
/cvmfs/cms.cern.ch/slc6_amd64_gcc481/cms/cmssw/CMSSW_7_1_0_pre8/bin/slc6_amd64_gcc481/cmsRun
ok executable found
>>> info for dashboard:
***** Cat /wntmp/condor/compute-22-18/execute/dir_698/glide_Z9NGwr/execute/dir_4946/jobreport.txt *****
MonitorJobID=29_https://submit-4.t2.ucsd.edu//140801//331280.28
MonitorID=aelwood_140801_jJets_ngun_PU40bx25_1c84ps
ExeStart=cmsRun
***** End Cat jobreport *****
Parameters sent to Dashboard.
>>> cmsRun started at Fri Aug  1 10:06:13 UTC 2014
>>> cmsRun ended at Fri Aug  1 11:44:01 UTC 2014
>>> crab_fjr_*.xml  permission set to 0704
>>> info for dashboard:
***** Cat /wntmp/condor/compute-22-18/execute/dir_698/glide_Z9NGwr/execute/dir_4946/jobreport.txt *****
MonitorJobID=29_https://submit-4.t2.ucsd.edu//140801//331280.28
MonitorID=aelwood_140801_jJets_ngun_PU40bx25_1c84ps
ExeEnd=cmsRun
***** End Cat jobreport *****
Parameters sent to Dashboard.
TIME_EXE = 5868 sec
>>> cmsRun wrote 60 lines of stdout+stderr
>>> START OF printout of 60 lines from stdout+stderr
==> using COND/Services/RelationalAuthenticationService for auth, sys 1
==> using COND/Services/RelationalAuthenticationService for auth, sys 1
01-Aug-2014 03:06:34 PDT  Initiating request to open file /mnt/hadoop/store/mc/Fall13dr/Neutrino_Pt-2to20_gun/GEN-SIM-RAW/tsg_PU40bx25_POSTLS162_V2-v1/00002/2E5D5426-BD7A-E311-B226-0025905A6056.root
01-Aug-2014 03:06:37 PDT  Successfully opened file /mnt/hadoop/store/mc/Fall13dr/Neutrino_Pt-2to20_gun/GEN-SIM-RAW/tsg_PU40bx25_POSTLS162_V2-v1/00002/2E5D5426-BD7A-E311-B226-0025905A6056.root
01-Aug-2014 03:06:39 PDT  Initiating request to open file /mnt/hadoop/store/mc/Fall13/Neutrino_Pt-2to20_gun/GEN-SIM/POSTLS162_V1-v4/10000/E041DDFB-AC68-E311-AAA4-003048F5B2A0.root
01-Aug-2014 03:06:39 PDT  Fallback request to file root://cmsxrootd.fnal.gov//store/mc/Fall13/Neutrino_Pt-2to20_gun/GEN-SIM/POSTLS162_V1-v4/10000/E041DDFB-AC68-E311-AAA4-003048F5B2A0.root
140801 03:06:42 6098 Xrd: CheckErrorStatus: Server [cmssrmdisk.fnal.gov:1095] declared: Request 3018 not supported(error code: 3013)
01-Aug-2014 03:06:42 PDT  Successfully opened file root://cmsxrootd.fnal.gov//store/mc/Fall13/Neutrino_Pt-2to20_gun/GEN-SIM/POSTLS162_V1-v4/10000/E041DDFB-AC68-E311-AAA4-003048F5B2A0.root
01-Aug-2014 03:06:51 PDT  Closed file root://cmsxrootd.fnal.gov//store/mc/Fall13/Neutrino_Pt-2to20_gun/GEN-SIM/POSTLS162_V1-v4/10000/E041DDFB-AC68-E311-AAA4-003048F5B2A0.root
Stage1Layer2Producer -- Running pp implementation


----------------------------------------
Begin: L1CaloTowerProducer
----------------------------------------

140801 03:12:09 6714 Xrd: XrdClientMessage::ReadRaw: Failed to read header (8 bytes).
140801 03:12:10 6708 Xrd: XrdClientMessage::ReadRaw: Failed to read header (8 bytes).
01-Aug-2014 03:15:37 PDT  Closed file /mnt/hadoop/store/mc/Fall13dr/Neutrino_Pt-2to20_gun/GEN-SIM-RAW/tsg_PU40bx25_POSTLS162_V2-v1/00002/2E5D5426-BD7A-E311-B226-0025905A6056.root
01-Aug-2014 03:15:37 PDT  Initiating request to open file /mnt/hadoop/store/mc/Fall13dr/Neutrino_Pt-2to20_gun/GEN-SIM-RAW/tsg_PU40bx25_POSTLS162_V2-v1/00002/BE8FC075-BC7A-E311-8B1E-0025905A60BE.root
01-Aug-2014 03:15:37 PDT  Successfully opened file /mnt/hadoop/store/mc/Fall13dr/Neutrino_Pt-2to20_gun/GEN-SIM-RAW/tsg_PU40bx25_POSTLS162_V2-v1/00002/BE8FC075-BC7A-E311-8B1E-0025905A60BE.root
01-Aug-2014 03:26:57 PDT  Closed file /mnt/hadoop/store/mc/Fall13dr/Neutrino_Pt-2to20_gun/GEN-SIM-RAW/tsg_PU40bx25_POSTLS162_V2-v1/00002/BE8FC075-BC7A-E311-8B1E-0025905A60BE.root
01-Aug-2014 03:26:57 PDT  Initiating request to open file /mnt/hadoop/store/mc/Fall13dr/Neutrino_Pt-2to20_gun/GEN-SIM-RAW/tsg_PU40bx25_POSTLS162_V2-v1/00002/3CE8D3F3-C27A-E311-8E6C-00261894398A.root
01-Aug-2014 03:26:57 PDT  Successfully opened file /mnt/hadoop/store/mc/Fall13dr/Neutrino_Pt-2to20_gun/GEN-SIM-RAW/tsg_PU40bx25_POSTLS162_V2-v1/00002/3CE8D3F3-C27A-E311-8E6C-00261894398A.root
140801 03:27:09 6706 Xrd: XrdClientMessage::ReadRaw: Failed to read header (8 bytes).
140801 03:27:10 6711 Xrd: XrdClientMessage::ReadRaw: Failed to read header (8 bytes).
140801 03:27:10 6704 Xrd: XrdClientMessage::ReadRaw: Failed to read header (8 bytes).
01-Aug-2014 03:39:11 PDT  Closed file /mnt/hadoop/store/mc/Fall13dr/Neutrino_Pt-2to20_gun/GEN-SIM-RAW/tsg_PU40bx25_POSTLS162_V2-v1/00002/3CE8D3F3-C27A-E311-8E6C-00261894398A.root
01-Aug-2014 03:39:11 PDT  Initiating request to open file /mnt/hadoop/store/mc/Fall13dr/Neutrino_Pt-2to20_gun/GEN-SIM-RAW/tsg_PU40bx25_POSTLS162_V2-v1/00002/582A5049-BB7A-E311-A363-0025905A48F2.root
01-Aug-2014 03:39:11 PDT  Successfully opened file /mnt/hadoop/store/mc/Fall13dr/Neutrino_Pt-2to20_gun/GEN-SIM-RAW/tsg_PU40bx25_POSTLS162_V2-v1/00002/582A5049-BB7A-E311-A363-0025905A48F2.root
01-Aug-2014 03:46:59 PDT  Closed file /mnt/hadoop/store/mc/Fall13dr/Neutrino_Pt-2to20_gun/GEN-SIM-RAW/tsg_PU40bx25_POSTLS162_V2-v1/00002/582A5049-BB7A-E311-A363-0025905A48F2.root
01-Aug-2014 03:46:59 PDT  Initiating request to open file /mnt/hadoop/store/mc/Fall13dr/Neutrino_Pt-2to20_gun/GEN-SIM-RAW/tsg_PU40bx25_POSTLS162_V2-v1/00002/D2E5EF3E-C37A-E311-AE46-00261894387E.root
01-Aug-2014 03:47:00 PDT  Successfully opened file /mnt/hadoop/store/mc/Fall13dr/Neutrino_Pt-2to20_gun/GEN-SIM-RAW/tsg_PU40bx25_POSTLS162_V2-v1/00002/D2E5EF3E-C37A-E311-AE46-00261894387E.root
01-Aug-2014 03:54:21 PDT  Closed file /mnt/hadoop/store/mc/Fall13dr/Neutrino_Pt-2to20_gun/GEN-SIM-RAW/tsg_PU40bx25_POSTLS162_V2-v1/00002/D2E5EF3E-C37A-E311-AE46-00261894387E.root
01-Aug-2014 03:54:21 PDT  Initiating request to open file /mnt/hadoop/store/mc/Fall13dr/Neutrino_Pt-2to20_gun/GEN-SIM-RAW/tsg_PU40bx25_POSTLS162_V2-v1/00002/A4768478-BA7A-E311-88AE-0025905A60A0.root
01-Aug-2014 03:54:21 PDT  Successfully opened file /mnt/hadoop/store/mc/Fall13dr/Neutrino_Pt-2to20_gun/GEN-SIM-RAW/tsg_PU40bx25_POSTLS162_V2-v1/00002/A4768478-BA7A-E311-88AE-0025905A60A0.root
01-Aug-2014 04:42:27 PDT  Closed file /mnt/hadoop/store/mc/Fall13dr/Neutrino_Pt-2to20_gun/GEN-SIM-RAW/tsg_PU40bx25_POSTLS162_V2-v1/00002/A4768478-BA7A-E311-88AE-0025905A60A0.root
01-Aug-2014 04:42:27 PDT  Initiating request to open file /mnt/hadoop/store/mc/Fall13dr/Neutrino_Pt-2to20_gun/GEN-SIM-RAW/tsg_PU40bx25_POSTLS162_V2-v1/00002/C464D421-C27A-E311-95C3-0025905A48F0.root
01-Aug-2014 04:42:27 PDT  Successfully opened file /mnt/hadoop/store/mc/Fall13dr/Neutrino_Pt-2to20_gun/GEN-SIM-RAW/tsg_PU40bx25_POSTLS162_V2-v1/00002/C464D421-C27A-E311-95C3-0025905A48F0.root
01-Aug-2014 04:43:56 PDT  Closed file /mnt/hadoop/store/mc/Fall13dr/Neutrino_Pt-2to20_gun/GEN-SIM-RAW/tsg_PU40bx25_POSTLS162_V2-v1/00002/C464D421-C27A-E311-95C3-0025905A48F0.root

=============================================

MessageLogger Summary

 type     category        sev    module        subroutine        count    total
 ---- -------------------- -- ---------------- ----------------  -----    -----
    1 fileAction           -s AfterFile                              4        4
    2 fileAction           -s file_close                             7        7
    3 fileAction           -s file_open                             14       14

 type    category    Examples: run/evt        run/evt          run/evt
 ---- -------------------- ---------------- ---------------- ----------------
    1 fileAction           pre-events       pre-events       pre-events
    2 fileAction           PostProcessEvent PostProcessEvent PostEndRun
    3 fileAction           pre-events       pre-events       PostProcessEvent

Severity    # Occurrences   Total Occurrences
--------    -------------   -----------------
System                 25                  25
>>> END OF printout of 60 lines from stdout+stderr
>>> Parse FrameworkJobReport crab_fjr.xml
Result of parsing the FrameworkJobReport crab_fjr.xml: 
Extracted ExitStatus from FrameworkJobReport parsing output: 0
>>> Executable succeded  0
ExeExitCode=0
EXECUTABLE_EXIT_STATUS = 0
>>> current directory /wntmp/condor/compute-22-18/execute/dir_698/glide_Z9NGwr/execute/dir_4946/cms_E63wuOfJcYuv/CMSSW_7_1_0_pre8
>>>  (SOFTWARE_DIR): /wntmp/condor/compute-22-18/execute/dir_698/glide_Z9NGwr/execute/dir_4946/cms_E63wuOfJcYuv/CMSSW_7_1_0_pre8
>>> (WORKING_DIR): /wntmp/condor/compute-22-18/execute/dir_698/glide_Z9NGwr/execute/dir_4946/cms_E63wuOfJcYuv
>>> current directory content:
total 468376
drwxr-xr-x. 3 uscms4354 cms      4096 Aug  1 03:05 .SCRAM
-rw-------. 1 uscms4354 cms    916533 Aug  1 03:05 CMSSW.py.pkl
-rw-------. 1 uscms4354 cms 477691641 Aug  1 04:44 L1SkimRun.root
drwxr-xr-x. 3 uscms4354 cms      4096 Aug  1 03:05 bin
drwxr-xr-x. 3 uscms4354 cms      4096 Aug  1 03:05 cfipython
drwxr-xr-x. 4 uscms4354 cms      4096 Aug  1 03:05 config
-rw-------. 1 uscms4354 cms        18 Aug  1 04:44 cpu_timing.txt
drwxr-xr-x. 2 uscms4354 cms      4096 Aug  1 03:05 doc
-rw-------. 1 uscms4354 cms      6572 Aug  1 04:44 executable.out
drwxr-xr-x. 2 uscms4354 cms      4096 Aug  1 03:05 include
drwx------. 3 uscms4354 cms      4096 Aug  1 00:37 lib
drwxr-xr-x. 3 uscms4354 cms      4096 Aug  1 03:05 logs
drwxr-xr-x. 3 uscms4354 cms      4096 Aug  1 03:05 objs
-rw-------. 1 uscms4354 cms       104 Aug  1 03:06 pset.py
-rw-------. 1 uscms4354 cms    922873 Aug  1 03:06 pset.py.pkl
-rw-------. 1 uscms4354 cms       289 Aug  1 03:06 pset.pyc
drwxr-xr-x. 2 uscms4354 cms      4096 Aug  1 03:05 python
-rw-------. 1 uscms4354 cms       419 Aug  1 04:44 report.log
drwx------. 5 uscms4354 cms      4096 Aug  1 03:05 src
drwxr-xr-x. 3 uscms4354 cms      4096 Aug  1 03:05 test
drwxr-xr-x. 3 uscms4354 cms      4096 Aug  1 03:05 tmp
>>> current directory /wntmp/condor/compute-22-18/execute/dir_698/glide_Z9NGwr/execute/dir_4946/cms_E63wuOfJcYuv/CMSSW_7_1_0_pre8
>>> (SOFTWARE_DIR): /wntmp/condor/compute-22-18/execute/dir_698/glide_Z9NGwr/execute/dir_4946/cms_E63wuOfJcYuv/CMSSW_7_1_0_pre8
>>> (WORKING_DIR): /wntmp/condor/compute-22-18/execute/dir_698/glide_Z9NGwr/execute/dir_4946/cms_E63wuOfJcYuv
>>> current directory content:
total 468376
drwxr-xr-x. 3 uscms4354 cms      4096 Aug  1 03:05 .SCRAM
-rw-------. 1 uscms4354 cms    916533 Aug  1 03:05 CMSSW.py.pkl
-rw-------. 1 uscms4354 cms 477691641 Aug  1 04:44 L1SkimRun_29_1_l3f.root
drwxr-xr-x. 3 uscms4354 cms      4096 Aug  1 03:05 bin
drwxr-xr-x. 3 uscms4354 cms      4096 Aug  1 03:05 cfipython
drwxr-xr-x. 4 uscms4354 cms      4096 Aug  1 03:05 config
-rw-------. 1 uscms4354 cms        18 Aug  1 04:44 cpu_timing.txt
drwxr-xr-x. 2 uscms4354 cms      4096 Aug  1 03:05 doc
-rw-------. 1 uscms4354 cms      6572 Aug  1 04:44 executable.out
drwxr-xr-x. 2 uscms4354 cms      4096 Aug  1 03:05 include
drwx------. 3 uscms4354 cms      4096 Aug  1 00:37 lib
drwxr-xr-x. 3 uscms4354 cms      4096 Aug  1 03:05 logs
drwxr-xr-x. 3 uscms4354 cms      4096 Aug  1 03:05 objs
-rw-------. 1 uscms4354 cms       104 Aug  1 03:06 pset.py
-rw-------. 1 uscms4354 cms    922873 Aug  1 03:06 pset.py.pkl
-rw-------. 1 uscms4354 cms       289 Aug  1 03:06 pset.pyc
drwxr-xr-x. 2 uscms4354 cms      4096 Aug  1 03:05 python
-rw-------. 1 uscms4354 cms       419 Aug  1 04:44 report.log
drwx------. 5 uscms4354 cms      4096 Aug  1 03:05 src
drwxr-xr-x. 3 uscms4354 cms      4096 Aug  1 03:05 test
drwxr-xr-x. 3 uscms4354 cms      4096 Aug  1 03:05 tmp
>>> current directory (RUNTIME_AREA):  /wntmp/condor/compute-22-18/execute/dir_698/glide_Z9NGwr/execute/dir_4946
SE = srm-eoscms.cern.ch
SE_PATH = /srm/v2/server?SFN=/eos/cms/store/user/aelwood/140801_jJets_ngun_PU40bx25/
LFNBaseName = /store/user/aelwood/140801_jJets_ngun_PU40bx25/
USER = aelwood
endpoint = srm://srm-eoscms.cern.ch:8443/srm/v2/server?SFN=/eos/cms/store/user/aelwood/140801_jJets_ngun_PU40bx25/
>>> Copy output files from WN = compute-22-18.tier2 to /srm/v2/server?SFN=/eos/cms/store/user/aelwood/140801_jJets_ngun_PU40bx25/ :
python cmscp.py  --destination srm://srm-eoscms.cern.ch:8443/srm/v2/server?SFN=/eos/cms/store/user/aelwood/140801_jJets_ngun_PU40bx25/ --inputFileList /wntmp/condor/compute-22-18/execute/dir_698/glide_Z9NGwr/execute/dir_4946/cms_E63wuOfJcYuv/CMSSW_7_1_0_pre8/L1SkimRun_29_1_l3f.root --middleware OSG --se_name srm-eoscms.cern.ch --for_lfn /store/user/aelwood/140801_jJets_ngun_PU40bx25/    
******************************************************
localSeName  =  cit-se.ultralight.org
remoteSeName =  srm-eoscms.cern.ch
******************************************************
{"/wntmp/condor/compute-22-18/execute/dir_698/glide_Z9NGwr/execute/dir_4946/cms_E63wuOfJcYuv/CMSSW_7_1_0_pre8/L1SkimRun_29_1_l3f.root": {"endpoint": "srm://srm-eoscms.cern.ch:8443/srm/v2/server?SFN=/eos/cms/store/user/aelwood/140801_jJets_ngun_PU40bx25/", "surl_for_grid": "", "reason": "ERROR: problems checking if file /wntmp/condor/compute-22-18/execute/dir_698/glide_Z9NGwr/execute/dir_4946/cms_E63wuOfJcYuv/CMSSW_7_1_0_pre8/L1SkimRun_29_1_l3f.root already exist'Error checking [L1SkimRun_29_1_l3f.root]'", "erCode": "60307", "se_name": "srm-eoscms.cern.ch", "for_lfn": "/copy_problem/"}}/wntmp/condor/compute-22-18/execute/dir_698/glide_Z9NGwr/execute/dir_4946
-------- cat /wntmp/condor/compute-22-18/execute/dir_698/glide_Z9NGwr/execute/dir_4946/cmscpReport.sh 
#!/bin/bash
echo "Report for File: /wntmp/condor/compute-22-18/execute/dir_698/glide_Z9NGwr/execute/dir_4946/cms_E63wuOfJcYuv/CMSSW_7_1_0_pre8/L1SkimRun_29_1_l3f.root"
echo "LFN: /copy_problem/L1SkimRun_29_1_l3f.root"
echo "StorageElement: srm-eoscms.cern.ch"
echo "StageOutExitStatusReason = 'ERROR: problems checking if file /wntmp/condor/compute-22-18/execute/dir_698/glide_Z9NGwr/execute/dir_4946/cms_E63wuOfJcYuv/CMSSW_7_1_0_pre8/L1SkimRun_29_1_l3f.root already exist Error checking [L1SkimRun_29_1_l3f.root] '" | tee -a $RUNTIME_AREA/$repo
echo "StageOutSE = srm-eoscms.cern.ch" >> $RUNTIME_AREA/$repo

export StageOutExitStatus=60307
echo "StageOutExitStatus = 60307" | tee -a $RUNTIME_AREA/$repo
-------- end of /wntmp/condor/compute-22-18/execute/dir_698/glide_Z9NGwr/execute/dir_4946/cmscpReport.sh 
Report for File: /wntmp/condor/compute-22-18/execute/dir_698/glide_Z9NGwr/execute/dir_4946/cms_E63wuOfJcYuv/CMSSW_7_1_0_pre8/L1SkimRun_29_1_l3f.root
LFN: /copy_problem/L1SkimRun_29_1_l3f.root
StorageElement: srm-eoscms.cern.ch
StageOutExitStatusReason = 'ERROR: problems checking if file /wntmp/condor/compute-22-18/execute/dir_698/glide_Z9NGwr/execute/dir_4946/cms_E63wuOfJcYuv/CMSSW_7_1_0_pre8/L1SkimRun_29_1_l3f.root already exist Error checking [L1SkimRun_29_1_l3f.root] '
StageOutExitStatus = 60307
Problem copying file to srm-eoscms.cern.ch /srm/v2/server?SFN=/eos/cms/store/user/aelwood/140801_jJets_ngun_PU40bx25/
########## contents of SE interaction
2014-08-01 04:44:24.797040:
Executed:	unset LD_LIBRARY_PATH; unset GLITE_ENV_SET; export PATH=/usr/bin:/bin; source /etc/profile; source /wntmp/condor/compute-22-18/execute/dir_698/glide_Z9NGwr/execute/dir_4946/CacheEnv.sh ; lcg-ls -b -D srmv2 --srm-timeout 2400 --sendreceive-timeout 2400 --connect-timeout 300 --verbose srm://srm-eoscms.cern.ch:8443/srm/v2/server?SFN=/eos/cms/store/user/aelwood/140801_jJets_ngun_PU40bx25/L1SkimRun_29_1_l3f.root
Done with exit code:	1
and output:
SE type: SRMv2
[SE][Ls][] httpg://srm-eoscms.cern.ch:8443/srm/v2/server: CGSI-gSOAP running on compute-22-18.tier2 reports Error initializing context
GSS Major Status: Authentication Failed

GSS Minor Status Error Chain:
globus_gsi_gssapi: SSLv3 handshake problems
OpenSSL Error: s3_clnt.c:1168: in library: SSL routines, function SSL3_GET_SERVER_CERTIFICATE: certificate verify failed
globus_gsi_callback_module: Could not verify credential
globus_gsi_callback_module: Can't get the local trusted CA certificate: Cannot find trusted CA certificate with hash 5168735f in /etc/grid-security/certificates/



#####################################
>>> current dir: /wntmp/condor/compute-22-18/execute/dir_698/glide_Z9NGwr/execute/dir_4946
>>> current dir content:
total 15124
-rw-------. 1 uscms4354 cms     1091 Aug  1 04:44 .SEinteraction.log
-rwx------. 1 uscms4354 cms     6696 Aug  1 03:04 .job.ad
-rwx------. 1 uscms4354 cms     9652 Aug  1 03:04 .machine.ad
-rw-------. 1 uscms4354 cms      105 Aug  1 02:57 CMSSW.py
-rw-------. 1 uscms4354 cms   916533 Aug  1 02:57 CMSSW.py.pkl
-rwx------. 1 uscms4354 cms    28576 Aug  1 03:04 CMSSW.sh
-rw-------. 1 uscms4354 cms      167 Aug  1 03:05 CacheEnv.sh
-rw-------. 1 uscms4354 cms     7291 Jul 12 08:18 DashboardAPI.py
-rw-------. 1 uscms4354 cms     6725 Aug  1 03:05 DashboardAPI.pyc
drwx------. 2 uscms4354 cms     4096 Aug  1 04:44 IMProv
lrwxrwxrwx. 1 uscms4354 cms      131 Aug  1 04:44 L1SkimRun.root -> /wntmp/condor/compute-22-18/execute/dir_698/glide_Z9NGwr/execute/dir_4946/cms_E63wuOfJcYuv/CMSSW_7_1_0_pre8/L1SkimRun_29_1_l3f.root
-rw-------. 1 uscms4354 cms     2748 Jul 12 08:18 Logger.py
-rw-------. 1 uscms4354 cms     3317 Aug  1 03:05 Logger.pyc
-rw-------. 1 uscms4354 cms    24524 Jul 12 08:18 ProcInfo.py
-rw-------. 1 uscms4354 cms    23053 Aug  1 03:05 ProcInfo.pyc
drwx------. 7 uscms4354 cms     4096 Aug  1 03:06 ProdCommon
drwx------. 3 uscms4354 cms     4096 Aug  1 03:05 WMCore
-rw-------. 1 uscms4354 cms     9984 Aug  1 04:44 Watchdog_29.log
-rwx------. 1 uscms4354 cms        0 Aug  1 03:04 _condor_stderr
-rwx---r--. 1 uscms4354 cms    28272 Aug  1 04:48 _condor_stdout
-rw-------. 1 uscms4354 cms    32895 Jul 12 08:18 apmon.py
-rw-------. 1 uscms4354 cms    28451 Aug  1 03:05 apmon.pyc
-rwx------. 1 uscms4354 cms   240046 Aug  1 03:04 arguments.xml
drwx------. 3 uscms4354 cms     4096 Aug  1 03:05 cms_E63wuOfJcYuv
-rwx------. 1 uscms4354 cms    38524 Jul 12 08:18 cmscp.py
-rw-------. 1 uscms4354 cms      704 Aug  1 04:48 cmscpReport.sh
-rwx------. 1 uscms4354 cms    28576 Aug  1 03:04 condor_exec.exe
-rw-------. 1 uscms4354 cms      759 Aug  1 02:56 crab.cfg
-rwx------. 1 uscms4354 cms     8610 Jul 12 08:18 crabWatchdog.sh
-rwx---r--. 1 uscms4354 cms    76750 Aug  1 04:44 crab_fjr_29.xml
-rwx------. 1 uscms4354 cms 13818897 Aug  1 03:04 default.tgz
-rwx------. 1 uscms4354 cms     4488 Jul 12 08:18 fillCrabFjr.py
-rw-------. 1 uscms4354 cms     4397 Aug  1 03:06 inputsReport.txt
-rw-------. 1 uscms4354 cms      452 Aug  1 04:48 jobreport.txt
-rw-------. 1 uscms4354 cms    17352 Jul 12 08:18 parseCrabFjr.py
-rw-------. 1 uscms4354 cms      342 Aug  1 03:05 report.log
-rwx--x--x. 1 uscms4354 cms     1497 Jul 12 08:18 report.py
-rw-------. 1 uscms4354 cms      592 Aug  1 04:48 resultCopyFile
-rwx------. 1 uscms4354 cms     8351 Jul 12 08:18 writeCfg.py
-rw-------. 1 uscms4354 cms     8083 Aug  1 04:14 x509up_u41660
>>> Modify Job Report:
CMSSW_VERSION = CMSSW_7_1_0_pre8
/wntmp/condor/compute-22-18/execute/dir_698/glide_Z9NGwr/execute/dir_4946/ProdCommon/FwkJobRep/ModifyJobReport.py fjr /wntmp/condor/compute-22-18/execute/dir_698/glide_Z9NGwr/execute/dir_4946/crab_fjr_29.xml json /wntmp/condor/compute-22-18/execute/dir_698/glide_Z9NGwr/execute/dir_4946/resultCopyFile n_job 29_1_l3f PrimaryDataset Neutrino_Pt-2to20_gun  ApplicationFamily cmsRun ApplicationName cmsRun cmssw_version CMSSW_7_1_0_pre8 psethash 951aa882d2ac167e3fe15038b4453880
inputDict =  {u'/wntmp/condor/compute-22-18/execute/dir_698/glide_Z9NGwr/execute/dir_4946/cms_E63wuOfJcYuv/CMSSW_7_1_0_pre8/L1SkimRun_29_1_l3f.root': {u'endpoint': u'srm://srm-eoscms.cern.ch:8443/srm/v2/server?SFN=/eos/cms/store/user/aelwood/140801_jJets_ngun_PU40bx25/', u'surl_for_grid': u'', u'reason': u"ERROR: problems checking if file /wntmp/condor/compute-22-18/execute/dir_698/glide_Z9NGwr/execute/dir_4946/cms_E63wuOfJcYuv/CMSSW_7_1_0_pre8/L1SkimRun_29_1_l3f.root already exist'Error checking [L1SkimRun_29_1_l3f.root]'", u'erCode': u'60307', u'se_name': u'srm-eoscms.cern.ch', u'for_lfn': u'/copy_problem/'}}
UserProcessedDataset =  
file_name in inputDict =  /wntmp/condor/compute-22-18/execute/dir_698/glide_Z9NGwr/execute/dir_4946/cms_E63wuOfJcYuv/CMSSW_7_1_0_pre8/L1SkimRun_29_1_l3f.root
(size) os.stat(filename)[6] =  477691641
checksum =  4170534498
    file =  L1SkimRun_29_1_l3f.root
    newPfn =  srm://srm-eoscms.cern.ch:8443/srm/v2/server?SFN=/eos/cms/store/user/aelwood/140801_jJets_ngun_PU40bx25/L1SkimRun_29_1_l3f.root
    newLfn =  /copy_problem/L1SkimRun_29_1_l3f.root
>>> crab_fjr_*.xml  permission set to 0704
CrabWrapper EXIT_FUNC entered at Fri Aug  1 04:48:36 PDT 2014   -  Fri Aug  1 11:48:36 UTC 2014
Checking output files:  
will tar file crab_fjr_29.xml in  out_files_29
WARNING: output file CMSSW_29.stdout not found!
WARNING: output file CMSSW_29.stderr not found!
WARNING: output file Watchdog_29.log.gz not found!
>>> working dir = /wntmp/condor/compute-22-18/execute/dir_698/glide_Z9NGwr/execute/dir_4946/cms_E63wuOfJcYuv
>>> current directory (RUNTIME_AREA): /wntmp/condor/compute-22-18/execute/dir_698/glide_Z9NGwr/execute/dir_4946
>>> Remove working directory: /wntmp/condor/compute-22-18/execute/dir_698/glide_Z9NGwr/execute/dir_4946/cms_E63wuOfJcYuv
/wntmp/condor/compute-22-18/execute/dir_698/glide_Z9NGwr/execute/dir_4946/condor_exec.exe: line 140: symlinks: command not found
>>> padding time: Wrapper lasting more than 600 seconds. No sleep required.
STOPPING WATCHDOG. CrabWatchdog PID is 5778
********** LAST 50 LINES OF WATCHDOG LOG
 Aug 01 03:31:38 PDT	---	669148	932460	256	----	----	----
 Aug 01 03:32:40 PDT	6098	669404	932460	256	813	1607	cmsRun -j /wntmp/condor/compute-22-18/execute/dir_698/glide_Z9NGwr/execute/dir_4946/crab_fjr_29.xml -p pset.py      
 Aug 01 03:32:40 PDT	---	669404	932460	258	----	----	----
 Aug 01 03:33:42 PDT	---	669404	932460	260	----	----	----
 Aug 01 03:34:43 PDT	6098	694148	982636	260	873	1730	cmsRun -j /wntmp/condor/compute-22-18/execute/dir_698/glide_Z9NGwr/execute/dir_4946/crab_fjr_29.xml -p pset.py      
 Aug 01 03:34:43 PDT	---	694148	982636	271	----	----	----
 Aug 01 03:35:45 PDT	6098	694432	982636	271	924	1792	cmsRun -j /wntmp/condor/compute-22-18/execute/dir_698/glide_Z9NGwr/execute/dir_4946/crab_fjr_29.xml -p pset.py      
 Aug 01 03:35:45 PDT	---	694432	982636	281	----	----	----
 Aug 01 03:36:47 PDT	---	694432	982636	293	----	----	----
 Aug 01 03:37:49 PDT	---	694432	982636	304	----	----	----
 Aug 01 03:38:51 PDT	6098	694632	982636	304	1079	1978	cmsRun -j /wntmp/condor/compute-22-18/execute/dir_698/glide_Z9NGwr/execute/dir_4946/crab_fjr_29.xml -p pset.py      
 Aug 01 03:38:51 PDT	---	694632	982636	314	----	----	----
 Aug 01 03:39:52 PDT	---	694632	982636	324	----	----	----
 Aug 01 03:40:54 PDT	6098	694652	982636	324	1173	2102	cmsRun -j /wntmp/condor/compute-22-18/execute/dir_698/glide_Z9NGwr/execute/dir_4946/crab_fjr_29.xml -p pset.py      
 Aug 01 03:40:54 PDT	---	694652	982636	335	----	----	----
 Aug 01 03:41:57 PDT	---	694652	982636	337	----	----	----
# TIME			PID	RSS(KB)	VSZ(KB)	Dsk(MB)	tCPU(s)	tWALL(s)	COMMAND
 Aug 01 03:42:58 PDT	---	694652	982636	338	----	----	----
 Aug 01 03:44:00 PDT	6098	694724	982636	338	1225	2287	cmsRun -j /wntmp/condor/compute-22-18/execute/dir_698/glide_Z9NGwr/execute/dir_4946/crab_fjr_29.xml -p pset.py      
 Aug 01 03:44:00 PDT	---	694724	982636	346	----	----	----
 Aug 01 03:45:02 PDT	---	694724	982636	350	----	----	----
 Aug 01 03:46:04 PDT	6098	695172	982636	350	1295	2411	cmsRun -j /wntmp/condor/compute-22-18/execute/dir_698/glide_Z9NGwr/execute/dir_4946/crab_fjr_29.xml -p pset.py      
 Aug 01 03:46:04 PDT	---	695172	982636	361	----	----	----
 Aug 01 03:47:05 PDT	---	695172	982636	372	----	----	----
 Aug 01 03:48:08 PDT	6098	695192	982636	372	1397	2535	cmsRun -j /wntmp/condor/compute-22-18/execute/dir_698/glide_Z9NGwr/execute/dir_4946/crab_fjr_29.xml -p pset.py      
 Aug 01 03:48:08 PDT	---	695192	982636	383	----	----	----
 Aug 01 03:49:10 PDT	6098	695356	982636	383	1441	2596	cmsRun -j /wntmp/condor/compute-22-18/execute/dir_698/glide_Z9NGwr/execute/dir_4946/crab_fjr_29.xml -p pset.py      
 Aug 01 03:49:10 PDT	---	695356	982636	391	----	----	----
 Aug 01 03:50:11 PDT	---	695356	982636	399	----	----	----
 Aug 01 03:51:13 PDT	6098	695360	982636	399	1526	2720	cmsRun -j /wntmp/condor/compute-22-18/execute/dir_698/glide_Z9NGwr/execute/dir_4946/crab_fjr_29.xml -p pset.py      
 Aug 01 03:51:13 PDT	---	695360	982636	410	----	----	----
 Aug 01 03:52:15 PDT	---	695360	982636	419	----	----	----
 Aug 01 03:53:17 PDT	6098	695844	982636	419	1629	2844	cmsRun -j /wntmp/condor/compute-22-18/execute/dir_698/glide_Z9NGwr/execute/dir_4946/crab_fjr_29.xml -p pset.py      
 Aug 01 03:53:17 PDT	---	695844	982636	431	----	----	----
 Aug 01 03:54:18 PDT	6098	695968	982636	431	1674	2906	cmsRun -j /wntmp/condor/compute-22-18/execute/dir_698/glide_Z9NGwr/execute/dir_4946/crab_fjr_29.xml -p pset.py      
 Aug 01 03:54:18 PDT	---	695968	982636	441	----	----	----
 Aug 01 03:55:20 PDT	---	695968	982636	452	----	----	----
 Aug 01 03:56:22 PDT	---	695968	982636	463	----	----	----
 Aug 01 03:57:24 PDT	6098	696100	982636	463	1815	3091	cmsRun -j /wntmp/condor/compute-22-18/execute/dir_698/glide_Z9NGwr/execute/dir_4946/crab_fjr_29.xml -p pset.py      
 Aug 01 03:57:24 PDT	---	696100	982636	471	----	----	----
 Aug 01 03:58:25 PDT	6098	696212	982636	471	1863	3153	cmsRun -j /wntmp/condor/compute-22-18/execute/dir_698/glide_Z9NGwr/execute/dir_4946/crab_fjr_29.xml -p pset.py      
 Aug 01 03:58:25 PDT	---	696212	982636	482	----	----	----
 Aug 01 03:59:27 PDT	---	696212	982636	491	----	----	----
 Aug 01 04:00:29 PDT	---	696212	982636	500	----	----	----
 Aug 01 04:01:31 PDT	---	696212	982636	513	----	----	----
 Aug 01 04:02:33 PDT	---	696212	982636	520	----	----	----
 Aug 01 04:42:30 PDT	---	696212	982636	527	----	----	----
# TIME			PID	RSS(KB)	VSZ(KB)	Dsk(MB)	tCPU(s)	tWALL(s)	COMMAND
 Aug 01 04:43:31 PDT	---	696212	982636	537	----	----	----
 Aug 01 04:44:33 PDT	---	696212	982636	544	----	----	----
********** WATCHDOG LOG ENDED
ZIPPING WATCHDOG LOG
Disk space used:
du -sh /wntmp/condor/compute-22-18/execute/dir_698/glide_Z9NGwr/execute/dir_4946
17M	/wntmp/condor/compute-22-18/execute/dir_698/glide_Z9NGwr/execute/dir_4946
Found unusual stdout, rename for OSB
`/wntmp/condor/compute-22-18/execute/dir_698/glide_Z9NGwr/execute/dir_4946/_condor_stdout' -> `CMSSW_29.stdout'
Found unusual stderr, rename for OSB
`/wntmp/condor/compute-22-18/execute/dir_698/glide_Z9NGwr/execute/dir_4946/_condor_stdout' -> `CMSSW_29.stderr'
crab_fjr_29.xml
CMSSW_29.stdout
CMSSW_29.stderr
Watchdog_29.log.gz
Total Output dimension: 22931
WARNING: output files size limit is set to: 50000000
Total Output dimension 22931 is fine.
JOB_EXIT_STATUS = 60307
>>> info for dashboard:
***** Cat /wntmp/condor/compute-22-18/execute/dir_698/glide_Z9NGwr/execute/dir_4946/jobreport.txt *****
MonitorJobID=29_https://submit-4.t2.ucsd.edu//140801//331280.28
MonitorID=aelwood_140801_jJets_ngun_PU40bx25_1c84ps
ExeTime=5868
ExeExitCode=0
StageOutExitStatusReason = 'ERROR: problems checking if file /wntmp/condor/compute-22-18/execute/dir_698/glide_Z9NGwr/execute/dir_4946/cms_E63wuOfJcYuv/CMSSW_7_1_0_pre8/L1SkimRun_29_1_l3f.root already exist Error checking [L1SkimRun_29_1_l3f.root] '
StageOutSE = srm-eoscms.cern.ch
StageOutExitStatus = 60307
CrabUserCpuTime=2124.02
CrabSysCpuTime=30.35
CrabCpuPercentage=36%
CrabWrapperTime=6217
CrabStageoutTime=262
JobExitCode=60307
***** End Cat jobreport *****
Parameters sent to Dashboard.
EXITING at Fri Aug  1 04:48:39 PDT 2014  -  Fri Aug  1 11:48:39 UTC 2014
