This script was generated by crab (version 2.10.6).
Running /wntmp/condor/compute-21-26/execute/dir_20384/glide_rnxuEM/execute/dir_32341/condor_exec.exe with 2 positional parameters: 4 1
Today is Fri Aug  1 03:01:39 PDT 2014 - Fri Aug  1 10:01:39 UTC 2014
Job submitted on host compute-21-26.tier2
Linux compute-21-26.tier2 2.6.32-358.6.2.el6.x86_64 #1 SMP Thu May 16 20:59:36 UTC 2013 x86_64 x86_64 x86_64 GNU/Linux
>>> current directory (RUNTIME_AREA): /wntmp/condor/compute-21-26/execute/dir_20384/glide_rnxuEM/execute/dir_32341
>>> current user: uid=20804(uscms4354) gid=504(cms) groups=504(cms),65273(glexec65273) context=unconfined_u:system_r:condor_startd_t:s0
>>> directory permission set to 0700
>>> umask set to:  u=rwx,g=,o=
>>> stdout stderr permission set to 0704
>>> voms proxy information:
subject   : /C=UK/O=eScience/OU=Imperial/L=Physics/CN=adam elwood/CN=1171778048/CN=1250517071
issuer    : /C=UK/O=eScience/OU=Imperial/L=Physics/CN=adam elwood/CN=1171778048
identity  : /C=UK/O=eScience/OU=Imperial/L=Physics/CN=adam elwood/CN=1171778048
type      : RFC compliant proxy
strength  : 1024 bits
path      : /wntmp/condor/compute-21-26/execute/dir_20384/glide_rnxuEM/execute/dir_32341/x509up_u41660
timeleft  : 23:59:57
key usage : Digital Signature, Key Encipherment, Key Agreement
=== VO cms extension information ===
VO        : cms
subject   : /C=UK/O=eScience/OU=Imperial/L=Physics/CN=adam elwood
issuer    : /DC=ch/DC=cern/OU=computers/CN=lcg-voms.cern.ch
attribute : /cms/Role=NULL/Capability=NULL
timeleft  : 191:51:36
uri       : lcg-voms.cern.ch:15002
WNHostName=compute-21-26.tier2
>>> tar --no-same-permissions -xf /wntmp/condor/compute-21-26/execute/dir_20384/glide_rnxuEM/execute/dir_32341/default.tgz :
Successful untar
>>> Include /wntmp/condor/compute-21-26/execute/dir_20384/glide_rnxuEM/execute/dir_32341 in PYTHONPATH:
strip arguments
env var CRAB_UNIQUE_JOB_ID set to: aelwood_140801_jJets_ngun_PU40bx25_1c84ps_4_1_EM0
out_files_4
>>> list of expected files on output sandbox
output files: crab_fjr_4.xml CMSSW_4.stdout CMSSW_4.stderr Watchdog_4.log.gz
>>> GridFlavour discovery: 
source OSG GRID setup script
GridFlavour=OSG
>>> SyncSite discovery: 
SyncSite=T2_US_Caltech
>>> SyncCE discovery: 
getting SyncCE from OSG_JOB_CONTACT
SyncCE=itb-ce.ultralight.org/jobmanager-condor
>>> info for dashboard:
***** Cat /wntmp/condor/compute-21-26/execute/dir_20384/glide_rnxuEM/execute/dir_32341/jobreport.txt *****
WNHostName=compute-21-26.tier2
MonitorJobID=4_https://submit-4.t2.ucsd.edu//140801//331280.3
SyncGridJobId=https://submit-4.t2.ucsd.edu//140801//331280.3
MonitorID=aelwood_140801_jJets_ngun_PU40bx25_1c84ps
GridFlavour=OSG
SyncSite=T2_US_Caltech
SyncCE=itb-ce.ultralight.org/jobmanager-condor
***** End Cat jobreport *****
Parameters sent to Dashboard.
>>> setup environment
set SCRAM ARCH to slc6_amd64_gcc481
SCRAM_ARCH = slc6_amd64_gcc481
>>> Created working directory: /wntmp/condor/compute-21-26/execute/dir_20384/glide_rnxuEM/execute/dir_32341/cms_RVODn9DWGErI
Change to working directory: /wntmp/condor/compute-21-26/execute/dir_20384/glide_rnxuEM/execute/dir_32341/cms_RVODn9DWGErI
>>> current directory (WORKING_DIR): /wntmp/condor/compute-21-26/execute/dir_20384/glide_rnxuEM/execute/dir_32341/cms_RVODn9DWGErI
>>> setup CMS OSG environment:
set SCRAM ARCH to slc6_amd64_gcc481
SCRAM_ARCH = slc6_amd64_gcc481
OSG_APP is /raid1/osg-app
sourcing /raid1/osg-app/cmssoft/cms/cmsset_default.sh ...
==> setup cms environment ok
SCRAM_ARCH = slc6_amd64_gcc481
>>> specific cmssw setup environment:
CMSSW_VERSION =  CMSSW_7_1_0_pre8
>>> current directory (SOFTWARE_DIR): /wntmp/condor/compute-21-26/execute/dir_20384/glide_rnxuEM/execute/dir_32341/cms_RVODn9DWGErI/CMSSW_7_1_0_pre8
PreserveSeeds: <>
IncrementSeeds:<>
>>> info for dashboard:
***** Cat /wntmp/condor/compute-21-26/execute/dir_20384/glide_rnxuEM/execute/dir_32341/jobreport.txt *****
MonitorJobID=4_https://submit-4.t2.ucsd.edu//140801//331280.3
MonitorID=aelwood_140801_jJets_ngun_PU40bx25_1c84ps
***** End Cat jobreport *****
Parameters sent to Dashboard.
crabWatchdog started as process 2212
>>> moving CMSSW software directories in /wntmp/condor/compute-21-26/execute/dir_20384/glide_rnxuEM/execute/dir_32341/cms_RVODn9DWGErI/CMSSW_7_1_0_pre8
mv: cannot stat `/wntmp/condor/compute-21-26/execute/dir_20384/glide_rnxuEM/execute/dir_32341/module/': No such file or directory
>>> Include /wntmp/condor/compute-21-26/execute/dir_20384/glide_rnxuEM/execute/dir_32341 in PYTHONPATH:
PYTHONPATH=/wntmp/condor/compute-21-26/execute/dir_20384/glide_rnxuEM/execute/dir_32341/:/wntmp/condor/compute-21-26/execute/dir_20384/glide_rnxuEM/execute/dir_32341/cms_RVODn9DWGErI/CMSSW_7_1_0_pre8/python:/wntmp/condor/compute-21-26/execute/dir_20384/glide_rnxuEM/execute/dir_32341/cms_RVODn9DWGErI/CMSSW_7_1_0_pre8/lib/slc6_amd64_gcc481:/cvmfs/cms.cern.ch/slc6_amd64_gcc481/cms/cmssw/CMSSW_7_1_0_pre8/python:/cvmfs/cms.cern.ch/slc6_amd64_gcc481/cms/cmssw/CMSSW_7_1_0_pre8/lib/slc6_amd64_gcc481:/cvmfs/cms.cern.ch/slc6_amd64_gcc481/cms/coral/CORAL_2_3_21-cms20/slc6_amd64_gcc481/python:/cvmfs/cms.cern.ch/slc6_amd64_gcc481/cms/coral/CORAL_2_3_21-cms20/slc6_amd64_gcc481/lib:/cvmfs/cms.cern.ch/slc6_amd64_gcc481/external/pyqt/4.8.1-cms/lib/python2.7/site-packages:/cvmfs/cms.cern.ch/slc6_amd64_gcc481/external/py2-scipy/0.8.0-cms/lib/python2.7/site-packages:/cvmfs/cms.cern.ch/slc6_amd64_gcc481/external/py2-matplotlib/1.2.1-cms/lib/python2.7/site-packages:/cvmfs/cms.cern.ch/slc6_amd64_gcc481/external/yoda/1.0.4/lib/python2.7/site-packages:/cvmfs/cms.cern.ch/slc6_amd64_gcc481/external/python-ldap/2.4.10-cms/lib/python2.7/site-packages:/cvmfs/cms.cern.ch/slc6_amd64_gcc481/external/sip/4.11.2-cms/lib/python2.7/site-packages:/cvmfs/cms.cern.ch/slc6_amd64_gcc481/external/llvm/3.4/lib/python2.7/site-packages:/cvmfs/cms.cern.ch/slc6_amd64_gcc481/external/py2-sqlalchemy/0.8.2-cms2/lib/python2.7/site-packages:/cvmfs/cms.cern.ch/slc6_amd64_gcc481/external/py2-pycurl/7.19.0-cms/lib/python2.7/site-packages:/cvmfs/cms.cern.ch/slc6_amd64_gcc481/external/py2-python-dateutil/1.1-cms/lib/python2.7/site-packages:/cvmfs/cms.cern.ch/slc6_amd64_gcc481/external/py2-numpy/1.6.1-cms/lib/python2.7/site-packages:/cvmfs/cms.cern.ch/slc6_amd64_gcc481/external/py2-lint/0.25.1-cms/lib/python2.7/site-packages:/cvmfs/cms.cern.ch/slc6_amd64_gcc481/external/py2-ipython/0.10-cms/lib/python2.7/site-packages:/cvmfs/cms.cern.ch/slc6_amd64_gcc481/external/py2-cx-oracle/5.1-cms2/lib/python2.7/site-packages:/cvmfs/cms.cern.ch/slc6_amd64_gcc481/external/py2-cjson/1.0.5-cms/lib/python2.7/site-packages:/cvmfs/cms.cern.ch/slc6_amd64_gcc481/external/frontier_client/2.8.10/python/lib:/cvmfs/cms.cern.ch/slc6_amd64_gcc481/cms/das-client/2.5.0/bin:/cvmfs/cms.cern.ch/slc6_amd64_gcc481/external/cython/0.19.1/lib/python2.7/site-packages:/cvmfs/cms.cern.ch/slc6_amd64_gcc481/external/rivet/1.8.2-cms4/lib/python2.7/site-packages:/cvmfs/cms.cern.ch/slc6_amd64_gcc481/external/pyminuit2/0.0.1-cms13/lib/python2.7/site-packages:/cvmfs/cms.cern.ch/slc6_amd64_gcc481/external/py2-pygithub/1.23.0/lib/python2.7/site-packages:/cvmfs/cms.cern.ch/slc6_amd64_gcc481/external/py2-networkx/1.8.1/lib/python2.7/site-packages:/cvmfs/cms.cern.ch/slc6_amd64_gcc481/external/professor/1.0.0-cms13/lib/python2.7/site-packages:/cvmfs/cms.cern.ch/slc6_amd64_gcc481/lcg/root/5.34.18/lib:/cvmfs/cms.cern.ch/slc6_amd64_gcc481/cms/dbs-client/DBS_2_1_9-cms/lib:/cvmfs/cms.cern.ch/slc6_amd64_gcc481/cms/dbs-client/DBS_2_1_9-cms/lib/DBSAPI:/cvmfs/cms.cern.ch/slc6_amd64_gcc481/external/cvs2git/5419-cms/lib:/wntmp/condor/compute-21-26/execute/dir_20384/glide_rnxuEM/execute/dir_32341/
 
# LIMITS USED BY CRAB WATCHDOG:
# RSS  (KBytes)   : 2300000
# VSZ  (KBytes)   : 100000000
# DISK (MBytes)   : 19000
# CPU TIME        : 720h:0m:0s
# WALL CLOCK TIME : 21h:50m:0s
 
951aa882d2ac167e3fe15038b4453880
PSETHASH = 951aa882d2ac167e3fe15038b4453880
/wntmp/condor/compute-21-26/execute/dir_20384/glide_rnxuEM/execute/dir_32341/writeCfg.py pset.py pset.py
Importing .py file
Setting parameters
RandomNumberGeneratorService found, will attempt to change seeds
inputBlocks=/Neutrino_Pt-2to20_gun/Fall13dr-tsg_PU40bx25_POSTLS162_V2-v1/GEN-SIM-RAW#09b9f490-7aa3-11e3-b1c2-003048f02d38
inputFiles=/store/mc/Fall13dr/Neutrino_Pt-2to20_gun/GEN-SIM-RAW/tsg_PU40bx25_POSTLS162_V2-v1/00002/A82A4CAA-A97A-E311-B453-002618FDA277.root;/store/mc/Fall13dr/Neutrino_Pt-2to20_gun/GEN-SIM-RAW/tsg_PU40bx25_POSTLS162_V2-v1/00002/D6A8FDDF-A77A-E311-9747-00304867C0EA.root;/store/mc/Fall13dr/Neutrino_Pt-2to20_gun/GEN-SIM-RAW/tsg_PU40bx25_POSTLS162_V2-v1/00002/54E6A83B-9A7A-E311-86D0-0025905A60E0.root;/store/mc/Fall13dr/Neutrino_Pt-2to20_gun/GEN-SIM-RAW/tsg_PU40bx25_POSTLS162_V2-v1/00002/3C5F4EF8-B87A-E311-AFB6-0025905A611C.root;/store/mc/Fall13dr/Neutrino_Pt-2to20_gun/GEN-SIM-RAW/tsg_PU40bx25_POSTLS162_V2-v1/00002/B04152B5-BA7A-E311-82BC-002618943945.root;/store/mc/Fall13dr/Neutrino_Pt-2to20_gun/GEN-SIM-RAW/tsg_PU40bx25_POSTLS162_V2-v1/00002/84C83549-BB7A-E311-8CE1-002618FDA28E.root
parentFiles=/store/mc/Fall13/Neutrino_Pt-2to20_gun/GEN-SIM/POSTLS162_V1-v4/10000/0E75F3DF-AB68-E311-8BA9-003048F5B5F4.root;/store/mc/Fall13/Neutrino_Pt-2to20_gun/GEN-SIM/POSTLS162_V1-v4/10000/3228DBE4-AB68-E311-AFE5-0025904A91F6.root;/store/mc/Fall13/Neutrino_Pt-2to20_gun/GEN-SIM/POSTLS162_V1-v4/10000/0E75F3DF-AB68-E311-8BA9-003048F5B5F4.root;/store/mc/Fall13/Neutrino_Pt-2to20_gun/GEN-SIM/POSTLS162_V1-v4/10000/10CAFE4F-AC68-E311-95FB-002590821320.root;/store/mc/Fall13/Neutrino_Pt-2to20_gun/GEN-SIM/POSTLS162_V1-v4/10000/0CD6C959-AC68-E311-8933-003048F5ADEA.root;/store/mc/Fall13/Neutrino_Pt-2to20_gun/GEN-SIM/POSTLS162_V1-v4/10000/D88E20AB-AC68-E311-8CB4-0025901D08BE.root;/store/mc/Fall13/Neutrino_Pt-2to20_gun/GEN-SIM/POSTLS162_V1-v4/10000/54B76B39-AC68-E311-88C6-003048F5ADEA.root;/store/mc/Fall13/Neutrino_Pt-2to20_gun/GEN-SIM/POSTLS162_V1-v4/10000/D4EE37FB-AC68-E311-B870-003048F5B2F0.root;/store/mc/Fall13/Neutrino_Pt-2to20_gun/GEN-SIM/POSTLS162_V1-v4/10000/542C6E62-AC68-E311-8B06-0025904AC2CA.root;/store/mc/Fall13/Neutrino_Pt-2to20_gun/GEN-SIM/POSTLS162_V1-v4/10000/C05AB95E-AC68-E311-9422-003048F5B69A.root;/store/mc/Fall13/Neutrino_Pt-2to20_gun/GEN-SIM/POSTLS162_V1-v4/10000/10CAFE4F-AC68-E311-95FB-002590821320.root;/store/mc/Fall13/Neutrino_Pt-2to20_gun/GEN-SIM/POSTLS162_V1-v4/10000/0CD6C959-AC68-E311-8933-003048F5ADEA.root;/store/mc/Fall13/Neutrino_Pt-2to20_gun/GEN-SIM/POSTLS162_V1-v4/10000/C05AB95E-AC68-E311-9422-003048F5B69A.root;/store/mc/Fall13/Neutrino_Pt-2to20_gun/GEN-SIM/POSTLS162_V1-v4/10000/C004547E-AC68-E311-9972-003048F5B2A0.root;/store/mc/Fall13/Neutrino_Pt-2to20_gun/GEN-SIM/POSTLS162_V1-v4/10000/0A072A01-AD68-E311-BA28-003048F5B300.root;/store/mc/Fall13/Neutrino_Pt-2to20_gun/GEN-SIM/POSTLS162_V1-v4/10000/F4012258-AB68-E311-8717-0025904AC2CA.root;/store/mc/Fall13/Neutrino_Pt-2to20_gun/GEN-SIM/POSTLS162_V1-v4/10000/0E75F3DF-AB68-E311-8BA9-003048F5B5F4.root;/store/mc/Fall13/Neutrino_Pt-2to20_gun/GEN-SIM/POSTLS162_V1-v4/10000/3228DBE4-AB68-E311-AFE5-0025904A91F6.root;/store/mc/Fall13/Neutrino_Pt-2to20_gun/GEN-SIM/POSTLS162_V1-v4/10000/08BDA2EE-AB68-E311-BD33-0025904AC2CA.root;/store/mc/Fall13/Neutrino_Pt-2to20_gun/GEN-SIM/POSTLS162_V1-v4/10000/7632CAE8-AB68-E311-AA1C-90B11C27EA38.root;/store/mc/Fall13/Neutrino_Pt-2to20_gun/GEN-SIM/POSTLS162_V1-v4/10000/10CAFE4F-AC68-E311-95FB-002590821320.root;/store/mc/Fall13/Neutrino_Pt-2to20_gun/GEN-SIM/POSTLS162_V1-v4/10000/32F7F53B-AC68-E311-AE43-003048F5B6A9.root;/store/mc/Fall13/Neutrino_Pt-2to20_gun/GEN-SIM/POSTLS162_V1-v4/10000/D88E20AB-AC68-E311-8CB4-0025901D08BE.root;/store/mc/Fall13/Neutrino_Pt-2to20_gun/GEN-SIM/POSTLS162_V1-v4/10000/54B76B39-AC68-E311-88C6-003048F5ADEA.root;/store/mc/Fall13/Neutrino_Pt-2to20_gun/GEN-SIM/POSTLS162_V1-v4/10000/0E75F3DF-AB68-E311-8BA9-003048F5B5F4.root;/store/mc/Fall13/Neutrino_Pt-2to20_gun/GEN-SIM/POSTLS162_V1-v4/10000/3228DBE4-AB68-E311-AFE5-0025904A91F6.root;/store/mc/Fall13/Neutrino_Pt-2to20_gun/GEN-SIM/POSTLS162_V1-v4/10000/08BDA2EE-AB68-E311-BD33-0025904AC2CA.root;/store/mc/Fall13/Neutrino_Pt-2to20_gun/GEN-SIM/POSTLS162_V1-v4/10000/32F7F53B-AC68-E311-AE43-003048F5B6A9.root;/store/mc/Fall13/Neutrino_Pt-2to20_gun/GEN-SIM/POSTLS162_V1-v4/10000/D88E20AB-AC68-E311-8CB4-0025901D08BE.root;/store/mc/Fall13/Neutrino_Pt-2to20_gun/GEN-SIM/POSTLS162_V1-v4/10000/70739AE1-AC68-E311-B2F9-003048F5B69A.root
lumisRange=
>>> Executable cmsRun
/cvmfs/cms.cern.ch/slc6_amd64_gcc481/cms/cmssw/CMSSW_7_1_0_pre8/bin/slc6_amd64_gcc481/cmsRun
ok executable found
>>> info for dashboard:
***** Cat /wntmp/condor/compute-21-26/execute/dir_20384/glide_rnxuEM/execute/dir_32341/jobreport.txt *****
MonitorJobID=4_https://submit-4.t2.ucsd.edu//140801//331280.3
MonitorID=aelwood_140801_jJets_ngun_PU40bx25_1c84ps
ExeStart=cmsRun
***** End Cat jobreport *****
Parameters sent to Dashboard.
>>> cmsRun started at Fri Aug  1 10:02:57 UTC 2014
>>> cmsRun ended at Fri Aug  1 12:44:25 UTC 2014
>>> crab_fjr_*.xml  permission set to 0704
>>> info for dashboard:
***** Cat /wntmp/condor/compute-21-26/execute/dir_20384/glide_rnxuEM/execute/dir_32341/jobreport.txt *****
MonitorJobID=4_https://submit-4.t2.ucsd.edu//140801//331280.3
MonitorID=aelwood_140801_jJets_ngun_PU40bx25_1c84ps
ExeEnd=cmsRun
***** End Cat jobreport *****
Parameters sent to Dashboard.
TIME_EXE = 9688 sec
>>> cmsRun wrote 57 lines of stdout+stderr
>>> START OF printout of 57 lines from stdout+stderr
==> using COND/Services/RelationalAuthenticationService for auth, sys 1
==> using COND/Services/RelationalAuthenticationService for auth, sys 1
01-Aug-2014 03:03:30 PDT  Initiating request to open file /mnt/hadoop/store/mc/Fall13dr/Neutrino_Pt-2to20_gun/GEN-SIM-RAW/tsg_PU40bx25_POSTLS162_V2-v1/00002/A82A4CAA-A97A-E311-B453-002618FDA277.root
01-Aug-2014 03:03:35 PDT  Successfully opened file /mnt/hadoop/store/mc/Fall13dr/Neutrino_Pt-2to20_gun/GEN-SIM-RAW/tsg_PU40bx25_POSTLS162_V2-v1/00002/A82A4CAA-A97A-E311-B453-002618FDA277.root
01-Aug-2014 03:03:36 PDT  Initiating request to open file /mnt/hadoop/store/mc/Fall13/Neutrino_Pt-2to20_gun/GEN-SIM/POSTLS162_V1-v4/10000/0E75F3DF-AB68-E311-8BA9-003048F5B5F4.root
01-Aug-2014 03:03:37 PDT  Fallback request to file root://cmsxrootd.fnal.gov//store/mc/Fall13/Neutrino_Pt-2to20_gun/GEN-SIM/POSTLS162_V1-v4/10000/0E75F3DF-AB68-E311-8BA9-003048F5B5F4.root
140801 03:03:41 2857 Xrd: CheckErrorStatus: Server [cmssrmdisk.fnal.gov:1095] declared: Request 3018 not supported(error code: 3013)
01-Aug-2014 03:03:41 PDT  Successfully opened file root://cmsxrootd.fnal.gov//store/mc/Fall13/Neutrino_Pt-2to20_gun/GEN-SIM/POSTLS162_V1-v4/10000/0E75F3DF-AB68-E311-8BA9-003048F5B5F4.root
01-Aug-2014 03:03:50 PDT  Closed file root://cmsxrootd.fnal.gov//store/mc/Fall13/Neutrino_Pt-2to20_gun/GEN-SIM/POSTLS162_V1-v4/10000/0E75F3DF-AB68-E311-8BA9-003048F5B5F4.root
Stage1Layer2Producer -- Running pp implementation


----------------------------------------
Begin: L1CaloTowerProducer
----------------------------------------

140801 03:09:08 4074 Xrd: XrdClientMessage::ReadRaw: Failed to read header (8 bytes).
140801 03:09:09 3995 Xrd: XrdClientMessage::ReadRaw: Failed to read header (8 bytes).
01-Aug-2014 03:11:22 PDT  Closed file /mnt/hadoop/store/mc/Fall13dr/Neutrino_Pt-2to20_gun/GEN-SIM-RAW/tsg_PU40bx25_POSTLS162_V2-v1/00002/A82A4CAA-A97A-E311-B453-002618FDA277.root
01-Aug-2014 03:11:22 PDT  Initiating request to open file /mnt/hadoop/store/mc/Fall13dr/Neutrino_Pt-2to20_gun/GEN-SIM-RAW/tsg_PU40bx25_POSTLS162_V2-v1/00002/D6A8FDDF-A77A-E311-9747-00304867C0EA.root
01-Aug-2014 03:11:22 PDT  Successfully opened file /mnt/hadoop/store/mc/Fall13dr/Neutrino_Pt-2to20_gun/GEN-SIM-RAW/tsg_PU40bx25_POSTLS162_V2-v1/00002/D6A8FDDF-A77A-E311-9747-00304867C0EA.root
140801 03:24:08 3779 Xrd: XrdClientMessage::ReadRaw: Failed to read header (8 bytes).
140801 03:24:09 3788 Xrd: XrdClientMessage::ReadRaw: Failed to read header (8 bytes).
140801 03:24:09 4071 Xrd: XrdClientMessage::ReadRaw: Failed to read header (8 bytes).
01-Aug-2014 03:25:46 PDT  Closed file /mnt/hadoop/store/mc/Fall13dr/Neutrino_Pt-2to20_gun/GEN-SIM-RAW/tsg_PU40bx25_POSTLS162_V2-v1/00002/D6A8FDDF-A77A-E311-9747-00304867C0EA.root
01-Aug-2014 03:25:46 PDT  Initiating request to open file /mnt/hadoop/store/mc/Fall13dr/Neutrino_Pt-2to20_gun/GEN-SIM-RAW/tsg_PU40bx25_POSTLS162_V2-v1/00002/54E6A83B-9A7A-E311-86D0-0025905A60E0.root
01-Aug-2014 03:25:46 PDT  Successfully opened file /mnt/hadoop/store/mc/Fall13dr/Neutrino_Pt-2to20_gun/GEN-SIM-RAW/tsg_PU40bx25_POSTLS162_V2-v1/00002/54E6A83B-9A7A-E311-86D0-0025905A60E0.root
01-Aug-2014 03:38:22 PDT  Closed file /mnt/hadoop/store/mc/Fall13dr/Neutrino_Pt-2to20_gun/GEN-SIM-RAW/tsg_PU40bx25_POSTLS162_V2-v1/00002/54E6A83B-9A7A-E311-86D0-0025905A60E0.root
01-Aug-2014 03:38:22 PDT  Initiating request to open file /mnt/hadoop/store/mc/Fall13dr/Neutrino_Pt-2to20_gun/GEN-SIM-RAW/tsg_PU40bx25_POSTLS162_V2-v1/00002/3C5F4EF8-B87A-E311-AFB6-0025905A611C.root
01-Aug-2014 03:38:22 PDT  Successfully opened file /mnt/hadoop/store/mc/Fall13dr/Neutrino_Pt-2to20_gun/GEN-SIM-RAW/tsg_PU40bx25_POSTLS162_V2-v1/00002/3C5F4EF8-B87A-E311-AFB6-0025905A611C.root
01-Aug-2014 05:26:53 PDT  Closed file /mnt/hadoop/store/mc/Fall13dr/Neutrino_Pt-2to20_gun/GEN-SIM-RAW/tsg_PU40bx25_POSTLS162_V2-v1/00002/3C5F4EF8-B87A-E311-AFB6-0025905A611C.root
01-Aug-2014 05:26:53 PDT  Initiating request to open file /mnt/hadoop/store/mc/Fall13dr/Neutrino_Pt-2to20_gun/GEN-SIM-RAW/tsg_PU40bx25_POSTLS162_V2-v1/00002/B04152B5-BA7A-E311-82BC-002618943945.root
01-Aug-2014 05:26:56 PDT  Successfully opened file /mnt/hadoop/store/mc/Fall13dr/Neutrino_Pt-2to20_gun/GEN-SIM-RAW/tsg_PU40bx25_POSTLS162_V2-v1/00002/B04152B5-BA7A-E311-82BC-002618943945.root
01-Aug-2014 05:36:34 PDT  Closed file /mnt/hadoop/store/mc/Fall13dr/Neutrino_Pt-2to20_gun/GEN-SIM-RAW/tsg_PU40bx25_POSTLS162_V2-v1/00002/B04152B5-BA7A-E311-82BC-002618943945.root
01-Aug-2014 05:36:34 PDT  Initiating request to open file /mnt/hadoop/store/mc/Fall13dr/Neutrino_Pt-2to20_gun/GEN-SIM-RAW/tsg_PU40bx25_POSTLS162_V2-v1/00002/84C83549-BB7A-E311-8CE1-002618FDA28E.root
01-Aug-2014 05:36:35 PDT  Successfully opened file /mnt/hadoop/store/mc/Fall13dr/Neutrino_Pt-2to20_gun/GEN-SIM-RAW/tsg_PU40bx25_POSTLS162_V2-v1/00002/84C83549-BB7A-E311-8CE1-002618FDA28E.root
01-Aug-2014 05:44:20 PDT  Closed file /mnt/hadoop/store/mc/Fall13dr/Neutrino_Pt-2to20_gun/GEN-SIM-RAW/tsg_PU40bx25_POSTLS162_V2-v1/00002/84C83549-BB7A-E311-8CE1-002618FDA28E.root

=============================================

MessageLogger Summary

 type     category        sev    module        subroutine        count    total
 ---- -------------------- -- ---------------- ----------------  -----    -----
    1 fileAction           -s AfterFile                              4        4
    2 fileAction           -s file_close                             6        6
    3 fileAction           -s file_open                             12       12

 type    category    Examples: run/evt        run/evt          run/evt
 ---- -------------------- ---------------- ---------------- ----------------
    1 fileAction           pre-events       pre-events       pre-events
    2 fileAction           PostProcessEvent PostProcessEvent PostEndRun
    3 fileAction           pre-events       pre-events       PostProcessEvent

Severity    # Occurrences   Total Occurrences
--------    -------------   -----------------
System                 22                  22
>>> END OF printout of 57 lines from stdout+stderr
>>> Parse FrameworkJobReport crab_fjr.xml
Result of parsing the FrameworkJobReport crab_fjr.xml: 
Extracted ExitStatus from FrameworkJobReport parsing output: 0
>>> Executable succeded  0
ExeExitCode=0
EXECUTABLE_EXIT_STATUS = 0
>>> current directory /wntmp/condor/compute-21-26/execute/dir_20384/glide_rnxuEM/execute/dir_32341/cms_RVODn9DWGErI/CMSSW_7_1_0_pre8
>>>  (SOFTWARE_DIR): /wntmp/condor/compute-21-26/execute/dir_20384/glide_rnxuEM/execute/dir_32341/cms_RVODn9DWGErI/CMSSW_7_1_0_pre8
>>> (WORKING_DIR): /wntmp/condor/compute-21-26/execute/dir_20384/glide_rnxuEM/execute/dir_32341/cms_RVODn9DWGErI
>>> current directory content:
total 468544
drwxr-xr-x. 3 uscms4354 cms      4096 Aug  1 03:01 .SCRAM
-rw-------. 1 uscms4354 cms    916533 Aug  1 03:01 CMSSW.py.pkl
-rw-------. 1 uscms4354 cms 477861971 Aug  1 05:44 L1SkimRun.root
drwxr-xr-x. 3 uscms4354 cms      4096 Aug  1 03:01 bin
drwxr-xr-x. 3 uscms4354 cms      4096 Aug  1 03:01 cfipython
drwxr-xr-x. 4 uscms4354 cms      4096 Aug  1 03:01 config
-rw-------. 1 uscms4354 cms        18 Aug  1 05:44 cpu_timing.txt
drwxr-xr-x. 2 uscms4354 cms      4096 Aug  1 03:01 doc
-rw-------. 1 uscms4354 cms      6002 Aug  1 05:44 executable.out
drwxr-xr-x. 2 uscms4354 cms      4096 Aug  1 03:01 include
drwx------. 3 uscms4354 cms      4096 Aug  1 00:37 lib
drwxr-xr-x. 3 uscms4354 cms      4096 Aug  1 03:01 logs
drwxr-xr-x. 3 uscms4354 cms      4096 Aug  1 03:01 objs
-rw-------. 1 uscms4354 cms       104 Aug  1 03:02 pset.py
-rw-------. 1 uscms4354 cms    922728 Aug  1 03:02 pset.py.pkl
-rw-------. 1 uscms4354 cms       289 Aug  1 03:02 pset.pyc
drwxr-xr-x. 2 uscms4354 cms      4096 Aug  1 03:01 python
-rw-------. 1 uscms4354 cms       413 Aug  1 05:44 report.log
drwx------. 5 uscms4354 cms      4096 Aug  1 03:01 src
drwxr-xr-x. 3 uscms4354 cms      4096 Aug  1 03:01 test
drwxr-xr-x. 3 uscms4354 cms      4096 Aug  1 03:01 tmp
>>> current directory /wntmp/condor/compute-21-26/execute/dir_20384/glide_rnxuEM/execute/dir_32341/cms_RVODn9DWGErI/CMSSW_7_1_0_pre8
>>> (SOFTWARE_DIR): /wntmp/condor/compute-21-26/execute/dir_20384/glide_rnxuEM/execute/dir_32341/cms_RVODn9DWGErI/CMSSW_7_1_0_pre8
>>> (WORKING_DIR): /wntmp/condor/compute-21-26/execute/dir_20384/glide_rnxuEM/execute/dir_32341/cms_RVODn9DWGErI
>>> current directory content:
total 468544
drwxr-xr-x. 3 uscms4354 cms      4096 Aug  1 03:01 .SCRAM
-rw-------. 1 uscms4354 cms    916533 Aug  1 03:01 CMSSW.py.pkl
-rw-------. 1 uscms4354 cms 477861971 Aug  1 05:44 L1SkimRun_4_1_EM0.root
drwxr-xr-x. 3 uscms4354 cms      4096 Aug  1 03:01 bin
drwxr-xr-x. 3 uscms4354 cms      4096 Aug  1 03:01 cfipython
drwxr-xr-x. 4 uscms4354 cms      4096 Aug  1 03:01 config
-rw-------. 1 uscms4354 cms        18 Aug  1 05:44 cpu_timing.txt
drwxr-xr-x. 2 uscms4354 cms      4096 Aug  1 03:01 doc
-rw-------. 1 uscms4354 cms      6002 Aug  1 05:44 executable.out
drwxr-xr-x. 2 uscms4354 cms      4096 Aug  1 03:01 include
drwx------. 3 uscms4354 cms      4096 Aug  1 00:37 lib
drwxr-xr-x. 3 uscms4354 cms      4096 Aug  1 03:01 logs
drwxr-xr-x. 3 uscms4354 cms      4096 Aug  1 03:01 objs
-rw-------. 1 uscms4354 cms       104 Aug  1 03:02 pset.py
-rw-------. 1 uscms4354 cms    922728 Aug  1 03:02 pset.py.pkl
-rw-------. 1 uscms4354 cms       289 Aug  1 03:02 pset.pyc
drwxr-xr-x. 2 uscms4354 cms      4096 Aug  1 03:01 python
-rw-------. 1 uscms4354 cms       413 Aug  1 05:44 report.log
drwx------. 5 uscms4354 cms      4096 Aug  1 03:01 src
drwxr-xr-x. 3 uscms4354 cms      4096 Aug  1 03:01 test
drwxr-xr-x. 3 uscms4354 cms      4096 Aug  1 03:01 tmp
>>> current directory (RUNTIME_AREA):  /wntmp/condor/compute-21-26/execute/dir_20384/glide_rnxuEM/execute/dir_32341
SE = srm-eoscms.cern.ch
SE_PATH = /srm/v2/server?SFN=/eos/cms/store/user/aelwood/140801_jJets_ngun_PU40bx25/
LFNBaseName = /store/user/aelwood/140801_jJets_ngun_PU40bx25/
USER = aelwood
endpoint = srm://srm-eoscms.cern.ch:8443/srm/v2/server?SFN=/eos/cms/store/user/aelwood/140801_jJets_ngun_PU40bx25/
>>> Copy output files from WN = compute-21-26.tier2 to /srm/v2/server?SFN=/eos/cms/store/user/aelwood/140801_jJets_ngun_PU40bx25/ :
python cmscp.py  --destination srm://srm-eoscms.cern.ch:8443/srm/v2/server?SFN=/eos/cms/store/user/aelwood/140801_jJets_ngun_PU40bx25/ --inputFileList /wntmp/condor/compute-21-26/execute/dir_20384/glide_rnxuEM/execute/dir_32341/cms_RVODn9DWGErI/CMSSW_7_1_0_pre8/L1SkimRun_4_1_EM0.root --middleware OSG --se_name srm-eoscms.cern.ch --for_lfn /store/user/aelwood/140801_jJets_ngun_PU40bx25/    
******************************************************
localSeName  =  cit-se.ultralight.org
remoteSeName =  srm-eoscms.cern.ch
******************************************************
{"/wntmp/condor/compute-21-26/execute/dir_20384/glide_rnxuEM/execute/dir_32341/cms_RVODn9DWGErI/CMSSW_7_1_0_pre8/L1SkimRun_4_1_EM0.root": {"endpoint": "srm://srm-eoscms.cern.ch:8443/srm/v2/server?SFN=/eos/cms/store/user/aelwood/140801_jJets_ngun_PU40bx25/", "surl_for_grid": "", "reason": "ERROR: problems checking if file /wntmp/condor/compute-21-26/execute/dir_20384/glide_rnxuEM/execute/dir_32341/cms_RVODn9DWGErI/CMSSW_7_1_0_pre8/L1SkimRun_4_1_EM0.root already exist'Error checking [L1SkimRun_4_1_EM0.root]'", "erCode": "60307", "se_name": "srm-eoscms.cern.ch", "for_lfn": "/copy_problem/"}}/wntmp/condor/compute-21-26/execute/dir_20384/glide_rnxuEM/execute/dir_32341
-------- cat /wntmp/condor/compute-21-26/execute/dir_20384/glide_rnxuEM/execute/dir_32341/cmscpReport.sh 
#!/bin/bash
echo "Report for File: /wntmp/condor/compute-21-26/execute/dir_20384/glide_rnxuEM/execute/dir_32341/cms_RVODn9DWGErI/CMSSW_7_1_0_pre8/L1SkimRun_4_1_EM0.root"
echo "LFN: /copy_problem/L1SkimRun_4_1_EM0.root"
echo "StorageElement: srm-eoscms.cern.ch"
echo "StageOutExitStatusReason = 'ERROR: problems checking if file /wntmp/condor/compute-21-26/execute/dir_20384/glide_rnxuEM/execute/dir_32341/cms_RVODn9DWGErI/CMSSW_7_1_0_pre8/L1SkimRun_4_1_EM0.root already exist Error checking [L1SkimRun_4_1_EM0.root] '" | tee -a $RUNTIME_AREA/$repo
echo "StageOutSE = srm-eoscms.cern.ch" >> $RUNTIME_AREA/$repo

export StageOutExitStatus=60307
echo "StageOutExitStatus = 60307" | tee -a $RUNTIME_AREA/$repo
-------- end of /wntmp/condor/compute-21-26/execute/dir_20384/glide_rnxuEM/execute/dir_32341/cmscpReport.sh 
Report for File: /wntmp/condor/compute-21-26/execute/dir_20384/glide_rnxuEM/execute/dir_32341/cms_RVODn9DWGErI/CMSSW_7_1_0_pre8/L1SkimRun_4_1_EM0.root
LFN: /copy_problem/L1SkimRun_4_1_EM0.root
StorageElement: srm-eoscms.cern.ch
StageOutExitStatusReason = 'ERROR: problems checking if file /wntmp/condor/compute-21-26/execute/dir_20384/glide_rnxuEM/execute/dir_32341/cms_RVODn9DWGErI/CMSSW_7_1_0_pre8/L1SkimRun_4_1_EM0.root already exist Error checking [L1SkimRun_4_1_EM0.root] '
StageOutExitStatus = 60307
Problem copying file to srm-eoscms.cern.ch /srm/v2/server?SFN=/eos/cms/store/user/aelwood/140801_jJets_ngun_PU40bx25/
########## contents of SE interaction
2014-08-01 05:44:41.368218:
Executed:	unset LD_LIBRARY_PATH; unset GLITE_ENV_SET; export PATH=/usr/bin:/bin; source /etc/profile; source /wntmp/condor/compute-21-26/execute/dir_20384/glide_rnxuEM/execute/dir_32341/CacheEnv.sh ; lcg-ls -b -D srmv2 --srm-timeout 2400 --sendreceive-timeout 2400 --connect-timeout 300 --verbose srm://srm-eoscms.cern.ch:8443/srm/v2/server?SFN=/eos/cms/store/user/aelwood/140801_jJets_ngun_PU40bx25/L1SkimRun_4_1_EM0.root
Done with exit code:	1
and output:
SE type: SRMv2
[SE][Ls][] httpg://srm-eoscms.cern.ch:8443/srm/v2/server: CGSI-gSOAP running on compute-21-26.tier2 reports Error initializing context
GSS Major Status: Authentication Failed

GSS Minor Status Error Chain:
globus_gsi_gssapi: SSLv3 handshake problems
OpenSSL Error: s3_clnt.c:1168: in library: SSL routines, function SSL3_GET_SERVER_CERTIFICATE: certificate verify failed
globus_gsi_callback_module: Could not verify credential
globus_gsi_callback_module: Can't get the local trusted CA certificate: Cannot find trusted CA certificate with hash 5168735f in /etc/grid-security/certificates/



#####################################
>>> current dir: /wntmp/condor/compute-21-26/execute/dir_20384/glide_rnxuEM/execute/dir_32341
>>> current dir content:
total 15120
-rw-------. 1 uscms4354 cms     1093 Aug  1 05:44 .SEinteraction.log
-rwx------. 1 uscms4354 cms     6626 Aug  1 03:01 .job.ad
-rwx------. 1 uscms4354 cms     9435 Aug  1 03:01 .machine.ad
-rw-------. 1 uscms4354 cms      105 Aug  1 02:57 CMSSW.py
-rw-------. 1 uscms4354 cms   916533 Aug  1 02:57 CMSSW.py.pkl
-rwx------. 1 uscms4354 cms    28576 Aug  1 03:01 CMSSW.sh
-rw-------. 1 uscms4354 cms      183 Aug  1 03:01 CacheEnv.sh
-rw-------. 1 uscms4354 cms     7291 Jul 12 08:18 DashboardAPI.py
-rw-------. 1 uscms4354 cms     6770 Aug  1 03:02 DashboardAPI.pyc
drwx------. 2 uscms4354 cms     4096 Aug  1 05:44 IMProv
lrwxrwxrwx. 1 uscms4354 cms      133 Aug  1 05:44 L1SkimRun.root -> /wntmp/condor/compute-21-26/execute/dir_20384/glide_rnxuEM/execute/dir_32341/cms_RVODn9DWGErI/CMSSW_7_1_0_pre8/L1SkimRun_4_1_EM0.root
-rw-------. 1 uscms4354 cms     2748 Jul 12 08:18 Logger.py
-rw-------. 1 uscms4354 cms     3332 Aug  1 03:02 Logger.pyc
-rw-------. 1 uscms4354 cms    24524 Jul 12 08:18 ProcInfo.py
-rw-------. 1 uscms4354 cms    23125 Aug  1 03:02 ProcInfo.pyc
drwx------. 7 uscms4354 cms     4096 Aug  1 03:02 ProdCommon
drwx------. 3 uscms4354 cms     4096 Aug  1 03:01 WMCore
-rw-------. 1 uscms4354 cms     8636 Aug  1 05:45 Watchdog_4.log
-rwx------. 1 uscms4354 cms        0 Aug  1 03:01 _condor_stderr
-rwx---r--. 1 uscms4354 cms    27647 Aug  1 05:48 _condor_stdout
-rw-------. 1 uscms4354 cms    32895 Jul 12 08:18 apmon.py
-rw-------. 1 uscms4354 cms    28538 Aug  1 03:02 apmon.pyc
-rwx------. 1 uscms4354 cms   240046 Aug  1 03:01 arguments.xml
drwx------. 3 uscms4354 cms     4096 Aug  1 03:01 cms_RVODn9DWGErI
-rwx------. 1 uscms4354 cms    38524 Jul 12 08:18 cmscp.py
-rw-------. 1 uscms4354 cms      706 Aug  1 05:48 cmscpReport.sh
-rwx------. 1 uscms4354 cms    28576 Aug  1 03:01 condor_exec.exe
-rw-------. 1 uscms4354 cms      759 Aug  1 02:56 crab.cfg
-rwx------. 1 uscms4354 cms     8610 Jul 12 08:18 crabWatchdog.sh
-rwx---r--. 1 uscms4354 cms    70870 Aug  1 05:44 crab_fjr_4.xml
-rwx------. 1 uscms4354 cms 13818897 Aug  1 03:01 default.tgz
-rwx------. 1 uscms4354 cms     4488 Jul 12 08:18 fillCrabFjr.py
-rw-------. 1 uscms4354 cms     4267 Aug  1 03:02 inputsReport.txt
-rw-------. 1 uscms4354 cms      451 Aug  1 05:48 jobreport.txt
-rw-------. 1 uscms4354 cms    17352 Jul 12 08:18 parseCrabFjr.py
-rw-------. 1 uscms4354 cms      331 Aug  1 03:01 report.log
-rwx--x--x. 1 uscms4354 cms     1497 Jul 12 08:18 report.py
-rw-------. 1 uscms4354 cms      595 Aug  1 05:48 resultCopyFile
-rwx------. 1 uscms4354 cms     8351 Jul 12 08:18 writeCfg.py
-rw-------. 1 uscms4354 cms     8079 Aug  1 05:21 x509up_u41660
>>> Modify Job Report:
CMSSW_VERSION = CMSSW_7_1_0_pre8
/wntmp/condor/compute-21-26/execute/dir_20384/glide_rnxuEM/execute/dir_32341/ProdCommon/FwkJobRep/ModifyJobReport.py fjr /wntmp/condor/compute-21-26/execute/dir_20384/glide_rnxuEM/execute/dir_32341/crab_fjr_4.xml json /wntmp/condor/compute-21-26/execute/dir_20384/glide_rnxuEM/execute/dir_32341/resultCopyFile n_job 4_1_EM0 PrimaryDataset Neutrino_Pt-2to20_gun  ApplicationFamily cmsRun ApplicationName cmsRun cmssw_version CMSSW_7_1_0_pre8 psethash 951aa882d2ac167e3fe15038b4453880
inputDict =  {u'/wntmp/condor/compute-21-26/execute/dir_20384/glide_rnxuEM/execute/dir_32341/cms_RVODn9DWGErI/CMSSW_7_1_0_pre8/L1SkimRun_4_1_EM0.root': {u'endpoint': u'srm://srm-eoscms.cern.ch:8443/srm/v2/server?SFN=/eos/cms/store/user/aelwood/140801_jJets_ngun_PU40bx25/', u'surl_for_grid': u'', u'reason': u"ERROR: problems checking if file /wntmp/condor/compute-21-26/execute/dir_20384/glide_rnxuEM/execute/dir_32341/cms_RVODn9DWGErI/CMSSW_7_1_0_pre8/L1SkimRun_4_1_EM0.root already exist'Error checking [L1SkimRun_4_1_EM0.root]'", u'erCode': u'60307', u'se_name': u'srm-eoscms.cern.ch', u'for_lfn': u'/copy_problem/'}}
UserProcessedDataset =  
file_name in inputDict =  /wntmp/condor/compute-21-26/execute/dir_20384/glide_rnxuEM/execute/dir_32341/cms_RVODn9DWGErI/CMSSW_7_1_0_pre8/L1SkimRun_4_1_EM0.root
(size) os.stat(filename)[6] =  477861971
checksum =  2563746549
    file =  L1SkimRun_4_1_EM0.root
    newPfn =  srm://srm-eoscms.cern.ch:8443/srm/v2/server?SFN=/eos/cms/store/user/aelwood/140801_jJets_ngun_PU40bx25/L1SkimRun_4_1_EM0.root
    newLfn =  /copy_problem/L1SkimRun_4_1_EM0.root
>>> crab_fjr_*.xml  permission set to 0704
CrabWrapper EXIT_FUNC entered at Fri Aug  1 05:48:31 PDT 2014   -  Fri Aug  1 12:48:31 UTC 2014
Checking output files:  
will tar file crab_fjr_4.xml in  out_files_4
WARNING: output file CMSSW_4.stdout not found!
WARNING: output file CMSSW_4.stderr not found!
WARNING: output file Watchdog_4.log.gz not found!
>>> working dir = /wntmp/condor/compute-21-26/execute/dir_20384/glide_rnxuEM/execute/dir_32341/cms_RVODn9DWGErI
>>> current directory (RUNTIME_AREA): /wntmp/condor/compute-21-26/execute/dir_20384/glide_rnxuEM/execute/dir_32341
>>> Remove working directory: /wntmp/condor/compute-21-26/execute/dir_20384/glide_rnxuEM/execute/dir_32341/cms_RVODn9DWGErI
/wntmp/condor/compute-21-26/execute/dir_20384/glide_rnxuEM/execute/dir_32341/condor_exec.exe: line 140: symlinks: command not found
>>> padding time: Wrapper lasting more than 600 seconds. No sleep required.
STOPPING WATCHDOG. CrabWatchdog PID is 2212
********** LAST 50 LINES OF WATCHDOG LOG
 Aug 01 03:21:27 PDT	---	622472	990572	190	----	----	----
 Aug 01 03:22:30 PDT	---	622472	990572	199	----	----	----
 Aug 01 03:23:32 PDT	---	622472	990572	207	----	----	----
 Aug 01 03:24:35 PDT	---	622472	990572	216	----	----	----
 Aug 01 03:25:38 PDT	---	622472	990572	226	----	----	----
 Aug 01 03:26:40 PDT	---	622472	990572	233	----	----	----
 Aug 01 03:27:43 PDT	---	622472	990572	243	----	----	----
 Aug 01 03:28:46 PDT	---	622472	990572	252	----	----	----
 Aug 01 03:29:48 PDT	---	622472	990572	260	----	----	----
 Aug 01 03:30:51 PDT	---	622472	990572	269	----	----	----
 Aug 01 03:31:53 PDT	---	622472	990572	278	----	----	----
 Aug 01 03:32:56 PDT	---	622472	990572	286	----	----	----
 Aug 01 03:33:59 PDT	---	622472	990572	296	----	----	----
 Aug 01 03:35:01 PDT	---	622472	990572	303	----	----	----
 Aug 01 03:37:04 PDT	---	622472	990572	305	----	----	----
 Aug 01 03:38:06 PDT	---	622472	990572	311	----	----	----
 Aug 01 03:39:08 PDT	---	622472	990572	320	----	----	----
 Aug 01 03:40:10 PDT	---	622472	990572	331	----	----	----
 Aug 01 03:41:12 PDT	---	622472	990572	338	----	----	----
 Aug 01 03:42:14 PDT	2857	623848	990572	338	1483	2372	cmsRun -j /wntmp/condor/compute-21-26/execute/dir_20384/glide_rnxuEM/execute/dir_32341/crab_fjr_4.xml -p pset.py      
 Aug 01 03:42:14 PDT	---	623848	990572	348	----	----	----
 Aug 01 03:43:15 PDT	---	623848	990572	357	----	----	----
 Aug 01 03:44:17 PDT	2857	623896	990572	357	1584	2496	cmsRun -j /wntmp/condor/compute-21-26/execute/dir_20384/glide_rnxuEM/execute/dir_32341/crab_fjr_4.xml -p pset.py      
 Aug 01 03:44:17 PDT	---	623896	990572	367	----	----	----
 Aug 01 03:45:20 PDT	2857	624120	990572	367	1639	2559	cmsRun -j /wntmp/condor/compute-21-26/execute/dir_20384/glide_rnxuEM/execute/dir_32341/crab_fjr_4.xml -p pset.py      
 Aug 01 03:45:20 PDT	---	624120	990572	377	----	----	----
 Aug 01 04:50:58 PDT	2857	626308	990572	377	1642	6497	cmsRun -j /wntmp/condor/compute-21-26/execute/dir_20384/glide_rnxuEM/execute/dir_32341/crab_fjr_4.xml -p pset.py      
 Aug 01 04:52:00 PDT	2857	638336	990572	377	1642	6558	cmsRun -j /wntmp/condor/compute-21-26/execute/dir_20384/glide_rnxuEM/execute/dir_32341/crab_fjr_4.xml -p pset.py      
 Aug 01 04:53:01 PDT	2857	642616	990572	377	1642	6620	cmsRun -j /wntmp/condor/compute-21-26/execute/dir_20384/glide_rnxuEM/execute/dir_32341/crab_fjr_4.xml -p pset.py      
 Aug 01 04:54:03 PDT	2857	646712	990572	377	1642	6681	cmsRun -j /wntmp/condor/compute-21-26/execute/dir_20384/glide_rnxuEM/execute/dir_32341/crab_fjr_4.xml -p pset.py      
 Aug 01 05:02:15 PDT	---	646712	990572	378	----	----	----
 Aug 01 05:26:51 PDT	---	646712	990572	386	----	----	----
 Aug 01 05:27:53 PDT	---	646712	990572	390	----	----	----
 Aug 01 05:28:54 PDT	---	646712	990572	401	----	----	----
 Aug 01 05:29:56 PDT	---	646712	990572	410	----	----	----
 Aug 01 05:30:57 PDT	---	646712	990572	419	----	----	----
 Aug 01 05:31:59 PDT	---	646712	990572	430	----	----	----
 Aug 01 05:33:00 PDT	---	646712	990572	439	----	----	----
 Aug 01 05:34:02 PDT	---	646712	990572	446	----	----	----
 Aug 01 05:35:04 PDT	---	646712	990572	457	----	----	----
 Aug 01 05:36:05 PDT	---	646712	990572	467	----	----	----
 Aug 01 05:37:07 PDT	---	646712	990572	476	----	----	----
 Aug 01 05:38:09 PDT	---	646712	990572	485	----	----	----
 Aug 01 05:39:10 PDT	---	646712	990572	494	----	----	----
 Aug 01 05:40:12 PDT	---	646712	990572	505	----	----	----
 Aug 01 05:41:13 PDT	---	646712	990572	514	----	----	----
 Aug 01 05:42:15 PDT	---	646712	990572	522	----	----	----
 Aug 01 05:43:16 PDT	---	646712	990572	532	----	----	----
 Aug 01 05:44:18 PDT	---	646712	990572	543	----	----	----
 Aug 01 05:45:19 PDT	---	646712	990572	545	----	----	----
********** WATCHDOG LOG ENDED
ZIPPING WATCHDOG LOG
Disk space used:
du -sh /wntmp/condor/compute-21-26/execute/dir_20384/glide_rnxuEM/execute/dir_32341
17M	/wntmp/condor/compute-21-26/execute/dir_20384/glide_rnxuEM/execute/dir_32341
Found unusual stdout, rename for OSB
`/wntmp/condor/compute-21-26/execute/dir_20384/glide_rnxuEM/execute/dir_32341/_condor_stdout' -> `CMSSW_4.stdout'
Found unusual stderr, rename for OSB
`/wntmp/condor/compute-21-26/execute/dir_20384/glide_rnxuEM/execute/dir_32341/_condor_stdout' -> `CMSSW_4.stderr'
crab_fjr_4.xml
CMSSW_4.stdout
CMSSW_4.stderr
Watchdog_4.log.gz
Total Output dimension: 22079
WARNING: output files size limit is set to: 50000000
Total Output dimension 22079 is fine.
JOB_EXIT_STATUS = 60307
>>> info for dashboard:
***** Cat /wntmp/condor/compute-21-26/execute/dir_20384/glide_rnxuEM/execute/dir_32341/jobreport.txt *****
MonitorJobID=4_https://submit-4.t2.ucsd.edu//140801//331280.3
MonitorID=aelwood_140801_jJets_ngun_PU40bx25_1c84ps
ExeTime=9688
ExeExitCode=0
StageOutExitStatusReason = 'ERROR: problems checking if file /wntmp/condor/compute-21-26/execute/dir_20384/glide_rnxuEM/execute/dir_32341/cms_RVODn9DWGErI/CMSSW_7_1_0_pre8/L1SkimRun_4_1_EM0.root already exist Error checking [L1SkimRun_4_1_EM0.root] '
StageOutSE = srm-eoscms.cern.ch
StageOutExitStatus = 60307
CrabUserCpuTime=2510.65
CrabSysCpuTime=30.20
CrabCpuPercentage=26%
CrabWrapperTime=10011
CrabStageoutTime=237
JobExitCode=60307
***** End Cat jobreport *****
Parameters sent to Dashboard.
EXITING at Fri Aug  1 05:48:34 PDT 2014  -  Fri Aug  1 12:48:34 UTC 2014
