This script was generated by crab (version 2.10.6).
Running /wntmp/condor/compute-6-15/execute/dir_25200/glide_ckQx3q/execute/dir_15296/condor_exec.exe with 2 positional parameters: 23 1
Today is Fri Aug  1 03:03:53 PDT 2014 - Fri Aug  1 10:03:53 UTC 2014
Job submitted on host compute-6-15.tier2
Linux compute-6-15.tier2 2.6.32-431.5.1.el6.x86_64 #1 SMP Wed Feb 12 00:41:43 UTC 2014 x86_64 x86_64 x86_64 GNU/Linux
>>> current directory (RUNTIME_AREA): /wntmp/condor/compute-6-15/execute/dir_25200/glide_ckQx3q/execute/dir_15296
>>> current user: uid=20804(uscms4354) gid=504(cms) groups=504(cms),65020(glexec65020) context=unconfined_u:system_r:condor_startd_t:s0
>>> directory permission set to 0700
>>> umask set to:  u=rwx,g=,o=
>>> stdout stderr permission set to 0704
>>> voms proxy information:
subject   : /C=UK/O=eScience/OU=Imperial/L=Physics/CN=adam elwood/CN=1171778048/CN=1311469498
issuer    : /C=UK/O=eScience/OU=Imperial/L=Physics/CN=adam elwood/CN=1171778048
identity  : /C=UK/O=eScience/OU=Imperial/L=Physics/CN=adam elwood/CN=1171778048
type      : RFC compliant proxy
strength  : 1024 bits
path      : /wntmp/condor/compute-6-15/execute/dir_25200/glide_ckQx3q/execute/dir_15296/x509up_u41660
timeleft  : 23:59:56
key usage : Digital Signature, Key Encipherment, Key Agreement
=== VO cms extension information ===
VO        : cms
subject   : /C=UK/O=eScience/OU=Imperial/L=Physics/CN=adam elwood
issuer    : /DC=ch/DC=cern/OU=computers/CN=lcg-voms.cern.ch
attribute : /cms/Role=NULL/Capability=NULL
timeleft  : 191:49:23
uri       : lcg-voms.cern.ch:15002
WNHostName=compute-6-15.tier2
>>> tar --no-same-permissions -xf /wntmp/condor/compute-6-15/execute/dir_25200/glide_ckQx3q/execute/dir_15296/default.tgz :
Successful untar
>>> Include /wntmp/condor/compute-6-15/execute/dir_25200/glide_ckQx3q/execute/dir_15296 in PYTHONPATH:
strip arguments
env var CRAB_UNIQUE_JOB_ID set to: aelwood_140801_jJets_ngun_PU40bx25_1c84ps_23_1_qgb
out_files_23
>>> list of expected files on output sandbox
output files: crab_fjr_23.xml CMSSW_23.stdout CMSSW_23.stderr Watchdog_23.log.gz
>>> GridFlavour discovery: 
source OSG GRID setup script
GridFlavour=OSG
>>> SyncSite discovery: 
SyncSite=T2_US_Caltech
>>> SyncCE discovery: 
getting SyncCE from OSG_JOB_CONTACT
SyncCE=itb-ce.ultralight.org/jobmanager-condor
>>> info for dashboard:
***** Cat /wntmp/condor/compute-6-15/execute/dir_25200/glide_ckQx3q/execute/dir_15296/jobreport.txt *****
WNHostName=compute-6-15.tier2
MonitorJobID=23_https://submit-4.t2.ucsd.edu//140801//331280.22
SyncGridJobId=https://submit-4.t2.ucsd.edu//140801//331280.22
MonitorID=aelwood_140801_jJets_ngun_PU40bx25_1c84ps
GridFlavour=OSG
SyncSite=T2_US_Caltech
SyncCE=itb-ce.ultralight.org/jobmanager-condor
***** End Cat jobreport *****
Parameters sent to Dashboard.
>>> setup environment
set SCRAM ARCH to slc6_amd64_gcc481
SCRAM_ARCH = slc6_amd64_gcc481
>>> Created working directory: /wntmp/condor/compute-6-15/execute/dir_25200/glide_ckQx3q/execute/dir_15296/cms_WLtzHF6ZL9eZ
Change to working directory: /wntmp/condor/compute-6-15/execute/dir_25200/glide_ckQx3q/execute/dir_15296/cms_WLtzHF6ZL9eZ
>>> current directory (WORKING_DIR): /wntmp/condor/compute-6-15/execute/dir_25200/glide_ckQx3q/execute/dir_15296/cms_WLtzHF6ZL9eZ
>>> setup CMS OSG environment:
set SCRAM ARCH to slc6_amd64_gcc481
SCRAM_ARCH = slc6_amd64_gcc481
OSG_APP is /raid1/osg-app
sourcing /raid1/osg-app/cmssoft/cms/cmsset_default.sh ...
==> setup cms environment ok
SCRAM_ARCH = slc6_amd64_gcc481
>>> specific cmssw setup environment:
CMSSW_VERSION =  CMSSW_7_1_0_pre8
>>> current directory (SOFTWARE_DIR): /wntmp/condor/compute-6-15/execute/dir_25200/glide_ckQx3q/execute/dir_15296/cms_WLtzHF6ZL9eZ/CMSSW_7_1_0_pre8
PreserveSeeds: <>
IncrementSeeds:<>
>>> info for dashboard:
***** Cat /wntmp/condor/compute-6-15/execute/dir_25200/glide_ckQx3q/execute/dir_15296/jobreport.txt *****
MonitorJobID=23_https://submit-4.t2.ucsd.edu//140801//331280.22
MonitorID=aelwood_140801_jJets_ngun_PU40bx25_1c84ps
***** End Cat jobreport *****
Parameters sent to Dashboard.
crabWatchdog started as process 17572
>>> moving CMSSW software directories in /wntmp/condor/compute-6-15/execute/dir_25200/glide_ckQx3q/execute/dir_15296/cms_WLtzHF6ZL9eZ/CMSSW_7_1_0_pre8
mv: cannot stat `/wntmp/condor/compute-6-15/execute/dir_25200/glide_ckQx3q/execute/dir_15296/module/': No such file or directory
>>> Include /wntmp/condor/compute-6-15/execute/dir_25200/glide_ckQx3q/execute/dir_15296 in PYTHONPATH:
PYTHONPATH=/wntmp/condor/compute-6-15/execute/dir_25200/glide_ckQx3q/execute/dir_15296/:/wntmp/condor/compute-6-15/execute/dir_25200/glide_ckQx3q/execute/dir_15296/cms_WLtzHF6ZL9eZ/CMSSW_7_1_0_pre8/python:/wntmp/condor/compute-6-15/execute/dir_25200/glide_ckQx3q/execute/dir_15296/cms_WLtzHF6ZL9eZ/CMSSW_7_1_0_pre8/lib/slc6_amd64_gcc481:/cvmfs/cms.cern.ch/slc6_amd64_gcc481/cms/cmssw/CMSSW_7_1_0_pre8/python:/cvmfs/cms.cern.ch/slc6_amd64_gcc481/cms/cmssw/CMSSW_7_1_0_pre8/lib/slc6_amd64_gcc481:/cvmfs/cms.cern.ch/slc6_amd64_gcc481/cms/coral/CORAL_2_3_21-cms20/slc6_amd64_gcc481/python:/cvmfs/cms.cern.ch/slc6_amd64_gcc481/cms/coral/CORAL_2_3_21-cms20/slc6_amd64_gcc481/lib:/cvmfs/cms.cern.ch/slc6_amd64_gcc481/external/pyqt/4.8.1-cms/lib/python2.7/site-packages:/cvmfs/cms.cern.ch/slc6_amd64_gcc481/external/py2-scipy/0.8.0-cms/lib/python2.7/site-packages:/cvmfs/cms.cern.ch/slc6_amd64_gcc481/external/py2-matplotlib/1.2.1-cms/lib/python2.7/site-packages:/cvmfs/cms.cern.ch/slc6_amd64_gcc481/external/yoda/1.0.4/lib/python2.7/site-packages:/cvmfs/cms.cern.ch/slc6_amd64_gcc481/external/python-ldap/2.4.10-cms/lib/python2.7/site-packages:/cvmfs/cms.cern.ch/slc6_amd64_gcc481/external/sip/4.11.2-cms/lib/python2.7/site-packages:/cvmfs/cms.cern.ch/slc6_amd64_gcc481/external/llvm/3.4/lib/python2.7/site-packages:/cvmfs/cms.cern.ch/slc6_amd64_gcc481/external/py2-sqlalchemy/0.8.2-cms2/lib/python2.7/site-packages:/cvmfs/cms.cern.ch/slc6_amd64_gcc481/external/py2-pycurl/7.19.0-cms/lib/python2.7/site-packages:/cvmfs/cms.cern.ch/slc6_amd64_gcc481/external/py2-python-dateutil/1.1-cms/lib/python2.7/site-packages:/cvmfs/cms.cern.ch/slc6_amd64_gcc481/external/py2-numpy/1.6.1-cms/lib/python2.7/site-packages:/cvmfs/cms.cern.ch/slc6_amd64_gcc481/external/py2-lint/0.25.1-cms/lib/python2.7/site-packages:/cvmfs/cms.cern.ch/slc6_amd64_gcc481/external/py2-ipython/0.10-cms/lib/python2.7/site-packages:/cvmfs/cms.cern.ch/slc6_amd64_gcc481/external/py2-cx-oracle/5.1-cms2/lib/python2.7/site-packages:/cvmfs/cms.cern.ch/slc6_amd64_gcc481/external/py2-cjson/1.0.5-cms/lib/python2.7/site-packages:/cvmfs/cms.cern.ch/slc6_amd64_gcc481/external/frontier_client/2.8.10/python/lib:/cvmfs/cms.cern.ch/slc6_amd64_gcc481/cms/das-client/2.5.0/bin:/cvmfs/cms.cern.ch/slc6_amd64_gcc481/external/cython/0.19.1/lib/python2.7/site-packages:/cvmfs/cms.cern.ch/slc6_amd64_gcc481/external/rivet/1.8.2-cms4/lib/python2.7/site-packages:/cvmfs/cms.cern.ch/slc6_amd64_gcc481/external/pyminuit2/0.0.1-cms13/lib/python2.7/site-packages:/cvmfs/cms.cern.ch/slc6_amd64_gcc481/external/py2-pygithub/1.23.0/lib/python2.7/site-packages:/cvmfs/cms.cern.ch/slc6_amd64_gcc481/external/py2-networkx/1.8.1/lib/python2.7/site-packages:/cvmfs/cms.cern.ch/slc6_amd64_gcc481/external/professor/1.0.0-cms13/lib/python2.7/site-packages:/cvmfs/cms.cern.ch/slc6_amd64_gcc481/lcg/root/5.34.18/lib:/cvmfs/cms.cern.ch/slc6_amd64_gcc481/cms/dbs-client/DBS_2_1_9-cms/lib:/cvmfs/cms.cern.ch/slc6_amd64_gcc481/cms/dbs-client/DBS_2_1_9-cms/lib/DBSAPI:/cvmfs/cms.cern.ch/slc6_amd64_gcc481/external/cvs2git/5419-cms/lib:/wntmp/condor/compute-6-15/execute/dir_25200/glide_ckQx3q/execute/dir_15296/
 
# LIMITS USED BY CRAB WATCHDOG:
# RSS  (KBytes)   : 2300000
# VSZ  (KBytes)   : 100000000
# DISK (MBytes)   : 19000
# CPU TIME        : 720h:0m:0s
# WALL CLOCK TIME : 21h:50m:0s
 
951aa882d2ac167e3fe15038b4453880
PSETHASH = 951aa882d2ac167e3fe15038b4453880
/wntmp/condor/compute-6-15/execute/dir_25200/glide_ckQx3q/execute/dir_15296/writeCfg.py pset.py pset.py
Importing .py file
Setting parameters
RandomNumberGeneratorService found, will attempt to change seeds
inputBlocks=/Neutrino_Pt-2to20_gun/Fall13dr-tsg_PU40bx25_POSTLS162_V2-v1/GEN-SIM-RAW#09b9f490-7aa3-11e3-b1c2-003048f02d38
inputFiles=/store/mc/Fall13dr/Neutrino_Pt-2to20_gun/GEN-SIM-RAW/tsg_PU40bx25_POSTLS162_V2-v1/00002/8A09B942-0B7B-E311-A405-002618FDA287.root;/store/mc/Fall13dr/Neutrino_Pt-2to20_gun/GEN-SIM-RAW/tsg_PU40bx25_POSTLS162_V2-v1/00002/34ACAA4A-0B7B-E311-9EC8-0026189438F3.root;/store/mc/Fall13dr/Neutrino_Pt-2to20_gun/GEN-SIM-RAW/tsg_PU40bx25_POSTLS162_V2-v1/00002/B021E898-017B-E311-AB84-0025905A6104.root;/store/mc/Fall13dr/Neutrino_Pt-2to20_gun/GEN-SIM-RAW/tsg_PU40bx25_POSTLS162_V2-v1/00002/AE5B6D72-017B-E311-80EC-0025905A608E.root;/store/mc/Fall13dr/Neutrino_Pt-2to20_gun/GEN-SIM-RAW/tsg_PU40bx25_POSTLS162_V2-v1/00002/A2902948-007B-E311-985B-0025905A48E4.root;/store/mc/Fall13dr/Neutrino_Pt-2to20_gun/GEN-SIM-RAW/tsg_PU40bx25_POSTLS162_V2-v1/00002/0AACD531-007B-E311-B1F5-0025905A60EE.root
parentFiles=/store/mc/Fall13/Neutrino_Pt-2to20_gun/GEN-SIM/POSTLS162_V1-v4/10000/1421B2BF-AB68-E311-A258-90B11C1DBFB4.root;/store/mc/Fall13/Neutrino_Pt-2to20_gun/GEN-SIM/POSTLS162_V1-v4/10000/40AEBFC1-AB68-E311-A9EA-90B11C2AA388.root;/store/mc/Fall13/Neutrino_Pt-2to20_gun/GEN-SIM/POSTLS162_V1-v4/10000/0E75F3DF-AB68-E311-8BA9-003048F5B5F4.root;/store/mc/Fall13/Neutrino_Pt-2to20_gun/GEN-SIM/POSTLS162_V1-v4/10000/3228DBE4-AB68-E311-AFE5-0025904A91F6.root;/store/mc/Fall13/Neutrino_Pt-2to20_gun/GEN-SIM/POSTLS162_V1-v4/10000/30C8867C-AC68-E311-9D94-003048F5B69A.root;/store/mc/Fall13/Neutrino_Pt-2to20_gun/GEN-SIM/POSTLS162_V1-v4/10000/567E60C2-AB68-E311-8B3A-90B11C1DBFB4.root;/store/mc/Fall13/Neutrino_Pt-2to20_gun/GEN-SIM/POSTLS162_V1-v4/10000/6E4C50BF-AB68-E311-87EE-90B11C1DBFB4.root;/store/mc/Fall13/Neutrino_Pt-2to20_gun/GEN-SIM/POSTLS162_V1-v4/10000/1421B2BF-AB68-E311-A258-90B11C1DBFB4.root;/store/mc/Fall13/Neutrino_Pt-2to20_gun/GEN-SIM/POSTLS162_V1-v4/10000/40AEBFC1-AB68-E311-A9EA-90B11C2AA388.root;/store/mc/Fall13/Neutrino_Pt-2to20_gun/GEN-SIM/POSTLS162_V1-v4/10000/E49353C7-AB68-E311-A298-003048F5ADEA.root;/store/mc/Fall13/Neutrino_Pt-2to20_gun/GEN-SIM/POSTLS162_V1-v4/10000/A827F1D6-AB68-E311-8DBB-90B11C2ACF20.root;/store/mc/Fall13/Neutrino_Pt-2to20_gun/GEN-SIM/POSTLS162_V1-v4/10000/567E60C2-AB68-E311-8B3A-90B11C1DBFB4.root;/store/mc/Fall13/Neutrino_Pt-2to20_gun/GEN-SIM/POSTLS162_V1-v4/10000/542C6E62-AC68-E311-8B06-0025904AC2CA.root;/store/mc/Fall13/Neutrino_Pt-2to20_gun/GEN-SIM/POSTLS162_V1-v4/10000/C004547E-AC68-E311-9972-003048F5B2A0.root;/store/mc/Fall13/Neutrino_Pt-2to20_gun/GEN-SIM/POSTLS162_V1-v4/10000/A0819002-AD68-E311-A662-003048F59754.root;/store/mc/Fall13/Neutrino_Pt-2to20_gun/GEN-SIM/POSTLS162_V1-v4/10000/567E60C2-AB68-E311-8B3A-90B11C1DBFB4.root;/store/mc/Fall13/Neutrino_Pt-2to20_gun/GEN-SIM/POSTLS162_V1-v4/10000/A827F1D6-AB68-E311-8DBB-90B11C2ACF20.root
lumisRange=
>>> Executable cmsRun
/cvmfs/cms.cern.ch/slc6_amd64_gcc481/cms/cmssw/CMSSW_7_1_0_pre8/bin/slc6_amd64_gcc481/cmsRun
ok executable found
>>> info for dashboard:
***** Cat /wntmp/condor/compute-6-15/execute/dir_25200/glide_ckQx3q/execute/dir_15296/jobreport.txt *****
MonitorJobID=23_https://submit-4.t2.ucsd.edu//140801//331280.22
MonitorID=aelwood_140801_jJets_ngun_PU40bx25_1c84ps
ExeStart=cmsRun
***** End Cat jobreport *****
Parameters sent to Dashboard.
>>> cmsRun started at Fri Aug  1 10:05:16 UTC 2014
>>> cmsRun ended at Fri Aug  1 11:42:13 UTC 2014
>>> crab_fjr_*.xml  permission set to 0704
>>> info for dashboard:
***** Cat /wntmp/condor/compute-6-15/execute/dir_25200/glide_ckQx3q/execute/dir_15296/jobreport.txt *****
MonitorJobID=23_https://submit-4.t2.ucsd.edu//140801//331280.22
MonitorID=aelwood_140801_jJets_ngun_PU40bx25_1c84ps
ExeEnd=cmsRun
***** End Cat jobreport *****
Parameters sent to Dashboard.
TIME_EXE = 5817 sec
>>> cmsRun wrote 57 lines of stdout+stderr
>>> START OF printout of 57 lines from stdout+stderr
==> using COND/Services/RelationalAuthenticationService for auth, sys 1
==> using COND/Services/RelationalAuthenticationService for auth, sys 1
01-Aug-2014 03:05:48 PDT  Initiating request to open file /mnt/hadoop/store/mc/Fall13dr/Neutrino_Pt-2to20_gun/GEN-SIM-RAW/tsg_PU40bx25_POSTLS162_V2-v1/00002/8A09B942-0B7B-E311-A405-002618FDA287.root
01-Aug-2014 03:05:51 PDT  Successfully opened file /mnt/hadoop/store/mc/Fall13dr/Neutrino_Pt-2to20_gun/GEN-SIM-RAW/tsg_PU40bx25_POSTLS162_V2-v1/00002/8A09B942-0B7B-E311-A405-002618FDA287.root
01-Aug-2014 03:05:55 PDT  Initiating request to open file /mnt/hadoop/store/mc/Fall13/Neutrino_Pt-2to20_gun/GEN-SIM/POSTLS162_V1-v4/10000/1421B2BF-AB68-E311-A258-90B11C1DBFB4.root
01-Aug-2014 03:05:55 PDT  Fallback request to file root://cmsxrootd.fnal.gov//store/mc/Fall13/Neutrino_Pt-2to20_gun/GEN-SIM/POSTLS162_V1-v4/10000/1421B2BF-AB68-E311-A258-90B11C1DBFB4.root
140801 03:06:00 17912 Xrd: CheckErrorStatus: Server [cmssrmdisk.fnal.gov:1095] declared: Request 3018 not supported(error code: 3013)
01-Aug-2014 03:06:01 PDT  Successfully opened file root://cmsxrootd.fnal.gov//store/mc/Fall13/Neutrino_Pt-2to20_gun/GEN-SIM/POSTLS162_V1-v4/10000/1421B2BF-AB68-E311-A258-90B11C1DBFB4.root
01-Aug-2014 03:06:10 PDT  Closed file root://cmsxrootd.fnal.gov//store/mc/Fall13/Neutrino_Pt-2to20_gun/GEN-SIM/POSTLS162_V1-v4/10000/1421B2BF-AB68-E311-A258-90B11C1DBFB4.root
Stage1Layer2Producer -- Running pp implementation


----------------------------------------
Begin: L1CaloTowerProducer
----------------------------------------

140801 03:11:26 20201 Xrd: XrdClientMessage::ReadRaw: Failed to read header (8 bytes).
140801 03:11:26 20205 Xrd: XrdClientMessage::ReadRaw: Failed to read header (8 bytes).
01-Aug-2014 03:13:22 PDT  Closed file /mnt/hadoop/store/mc/Fall13dr/Neutrino_Pt-2to20_gun/GEN-SIM-RAW/tsg_PU40bx25_POSTLS162_V2-v1/00002/8A09B942-0B7B-E311-A405-002618FDA287.root
01-Aug-2014 03:13:22 PDT  Initiating request to open file /mnt/hadoop/store/mc/Fall13dr/Neutrino_Pt-2to20_gun/GEN-SIM-RAW/tsg_PU40bx25_POSTLS162_V2-v1/00002/34ACAA4A-0B7B-E311-9EC8-0026189438F3.root
01-Aug-2014 03:13:22 PDT  Successfully opened file /mnt/hadoop/store/mc/Fall13dr/Neutrino_Pt-2to20_gun/GEN-SIM-RAW/tsg_PU40bx25_POSTLS162_V2-v1/00002/34ACAA4A-0B7B-E311-9EC8-0026189438F3.root
140801 03:26:26 20118 Xrd: XrdClientMessage::ReadRaw: Failed to read header (8 bytes).
140801 03:26:26 20152 Xrd: XrdClientMessage::ReadRaw: Failed to read header (8 bytes).
140801 03:26:26 20204 Xrd: XrdClientMessage::ReadRaw: Failed to read header (8 bytes).
01-Aug-2014 03:58:18 PDT  Closed file /mnt/hadoop/store/mc/Fall13dr/Neutrino_Pt-2to20_gun/GEN-SIM-RAW/tsg_PU40bx25_POSTLS162_V2-v1/00002/34ACAA4A-0B7B-E311-9EC8-0026189438F3.root
01-Aug-2014 03:58:18 PDT  Initiating request to open file /mnt/hadoop/store/mc/Fall13dr/Neutrino_Pt-2to20_gun/GEN-SIM-RAW/tsg_PU40bx25_POSTLS162_V2-v1/00002/B021E898-017B-E311-AB84-0025905A6104.root
01-Aug-2014 03:58:18 PDT  Successfully opened file /mnt/hadoop/store/mc/Fall13dr/Neutrino_Pt-2to20_gun/GEN-SIM-RAW/tsg_PU40bx25_POSTLS162_V2-v1/00002/B021E898-017B-E311-AB84-0025905A6104.root
01-Aug-2014 04:08:32 PDT  Closed file /mnt/hadoop/store/mc/Fall13dr/Neutrino_Pt-2to20_gun/GEN-SIM-RAW/tsg_PU40bx25_POSTLS162_V2-v1/00002/B021E898-017B-E311-AB84-0025905A6104.root
01-Aug-2014 04:08:32 PDT  Initiating request to open file /mnt/hadoop/store/mc/Fall13dr/Neutrino_Pt-2to20_gun/GEN-SIM-RAW/tsg_PU40bx25_POSTLS162_V2-v1/00002/AE5B6D72-017B-E311-80EC-0025905A608E.root
01-Aug-2014 04:08:32 PDT  Successfully opened file /mnt/hadoop/store/mc/Fall13dr/Neutrino_Pt-2to20_gun/GEN-SIM-RAW/tsg_PU40bx25_POSTLS162_V2-v1/00002/AE5B6D72-017B-E311-80EC-0025905A608E.root
01-Aug-2014 04:19:44 PDT  Closed file /mnt/hadoop/store/mc/Fall13dr/Neutrino_Pt-2to20_gun/GEN-SIM-RAW/tsg_PU40bx25_POSTLS162_V2-v1/00002/AE5B6D72-017B-E311-80EC-0025905A608E.root
01-Aug-2014 04:19:44 PDT  Initiating request to open file /mnt/hadoop/store/mc/Fall13dr/Neutrino_Pt-2to20_gun/GEN-SIM-RAW/tsg_PU40bx25_POSTLS162_V2-v1/00002/A2902948-007B-E311-985B-0025905A48E4.root
01-Aug-2014 04:19:49 PDT  Successfully opened file /mnt/hadoop/store/mc/Fall13dr/Neutrino_Pt-2to20_gun/GEN-SIM-RAW/tsg_PU40bx25_POSTLS162_V2-v1/00002/A2902948-007B-E311-985B-0025905A48E4.root
01-Aug-2014 04:35:57 PDT  Closed file /mnt/hadoop/store/mc/Fall13dr/Neutrino_Pt-2to20_gun/GEN-SIM-RAW/tsg_PU40bx25_POSTLS162_V2-v1/00002/A2902948-007B-E311-985B-0025905A48E4.root
01-Aug-2014 04:35:57 PDT  Initiating request to open file /mnt/hadoop/store/mc/Fall13dr/Neutrino_Pt-2to20_gun/GEN-SIM-RAW/tsg_PU40bx25_POSTLS162_V2-v1/00002/0AACD531-007B-E311-B1F5-0025905A60EE.root
01-Aug-2014 04:35:57 PDT  Successfully opened file /mnt/hadoop/store/mc/Fall13dr/Neutrino_Pt-2to20_gun/GEN-SIM-RAW/tsg_PU40bx25_POSTLS162_V2-v1/00002/0AACD531-007B-E311-B1F5-0025905A60EE.root
01-Aug-2014 04:42:03 PDT  Closed file /mnt/hadoop/store/mc/Fall13dr/Neutrino_Pt-2to20_gun/GEN-SIM-RAW/tsg_PU40bx25_POSTLS162_V2-v1/00002/0AACD531-007B-E311-B1F5-0025905A60EE.root

=============================================

MessageLogger Summary

 type     category        sev    module        subroutine        count    total
 ---- -------------------- -- ---------------- ----------------  -----    -----
    1 fileAction           -s AfterFile                              4        4
    2 fileAction           -s file_close                             6        6
    3 fileAction           -s file_open                             12       12

 type    category    Examples: run/evt        run/evt          run/evt
 ---- -------------------- ---------------- ---------------- ----------------
    1 fileAction           pre-events       pre-events       pre-events
    2 fileAction           PostProcessEvent PostProcessEvent PostEndRun
    3 fileAction           pre-events       pre-events       PostProcessEvent

Severity    # Occurrences   Total Occurrences
--------    -------------   -----------------
System                 22                  22
>>> END OF printout of 57 lines from stdout+stderr
>>> Parse FrameworkJobReport crab_fjr.xml
Result of parsing the FrameworkJobReport crab_fjr.xml: 
Extracted ExitStatus from FrameworkJobReport parsing output: 0
>>> Executable succeded  0
ExeExitCode=0
EXECUTABLE_EXIT_STATUS = 0
>>> current directory /wntmp/condor/compute-6-15/execute/dir_25200/glide_ckQx3q/execute/dir_15296/cms_WLtzHF6ZL9eZ/CMSSW_7_1_0_pre8
>>>  (SOFTWARE_DIR): /wntmp/condor/compute-6-15/execute/dir_25200/glide_ckQx3q/execute/dir_15296/cms_WLtzHF6ZL9eZ/CMSSW_7_1_0_pre8
>>> (WORKING_DIR): /wntmp/condor/compute-6-15/execute/dir_25200/glide_ckQx3q/execute/dir_15296/cms_WLtzHF6ZL9eZ
>>> current directory content:
total 468288
drwxr-xr-x. 3 uscms4354 cms      4096 Aug  1 03:04 .SCRAM
-rw-------. 1 uscms4354 cms    916533 Aug  1 03:04 CMSSW.py.pkl
-rw-------. 1 uscms4354 cms 477604706 Aug  1 04:42 L1SkimRun.root
drwxr-xr-x. 3 uscms4354 cms      4096 Aug  1 03:04 bin
drwxr-xr-x. 3 uscms4354 cms      4096 Aug  1 03:04 cfipython
drwxr-xr-x. 4 uscms4354 cms      4096 Aug  1 03:03 config
-rw-------. 1 uscms4354 cms        18 Aug  1 04:42 cpu_timing.txt
drwxr-xr-x. 2 uscms4354 cms      4096 Aug  1 03:04 doc
-rw-------. 1 uscms4354 cms      6008 Aug  1 04:42 executable.out
drwxr-xr-x. 2 uscms4354 cms      4096 Aug  1 03:04 include
drwx------. 3 uscms4354 cms      4096 Aug  1 00:37 lib
drwxr-xr-x. 3 uscms4354 cms      4096 Aug  1 03:04 logs
drwxr-xr-x. 3 uscms4354 cms      4096 Aug  1 03:04 objs
-rw-------. 1 uscms4354 cms       104 Aug  1 03:05 pset.py
-rw-------. 1 uscms4354 cms    921105 Aug  1 03:05 pset.py.pkl
-rw-------. 1 uscms4354 cms       289 Aug  1 03:05 pset.pyc
drwxr-xr-x. 2 uscms4354 cms      4096 Aug  1 03:04 python
-rw-------. 1 uscms4354 cms       419 Aug  1 04:42 report.log
drwx------. 5 uscms4354 cms      4096 Aug  1 03:03 src
drwxr-xr-x. 3 uscms4354 cms      4096 Aug  1 03:04 test
drwxr-xr-x. 3 uscms4354 cms      4096 Aug  1 03:04 tmp
>>> current directory /wntmp/condor/compute-6-15/execute/dir_25200/glide_ckQx3q/execute/dir_15296/cms_WLtzHF6ZL9eZ/CMSSW_7_1_0_pre8
>>> (SOFTWARE_DIR): /wntmp/condor/compute-6-15/execute/dir_25200/glide_ckQx3q/execute/dir_15296/cms_WLtzHF6ZL9eZ/CMSSW_7_1_0_pre8
>>> (WORKING_DIR): /wntmp/condor/compute-6-15/execute/dir_25200/glide_ckQx3q/execute/dir_15296/cms_WLtzHF6ZL9eZ
>>> current directory content:
total 468288
drwxr-xr-x. 3 uscms4354 cms      4096 Aug  1 03:04 .SCRAM
-rw-------. 1 uscms4354 cms    916533 Aug  1 03:04 CMSSW.py.pkl
-rw-------. 1 uscms4354 cms 477604706 Aug  1 04:42 L1SkimRun_23_1_qgb.root
drwxr-xr-x. 3 uscms4354 cms      4096 Aug  1 03:04 bin
drwxr-xr-x. 3 uscms4354 cms      4096 Aug  1 03:04 cfipython
drwxr-xr-x. 4 uscms4354 cms      4096 Aug  1 03:03 config
-rw-------. 1 uscms4354 cms        18 Aug  1 04:42 cpu_timing.txt
drwxr-xr-x. 2 uscms4354 cms      4096 Aug  1 03:04 doc
-rw-------. 1 uscms4354 cms      6008 Aug  1 04:42 executable.out
drwxr-xr-x. 2 uscms4354 cms      4096 Aug  1 03:04 include
drwx------. 3 uscms4354 cms      4096 Aug  1 00:37 lib
drwxr-xr-x. 3 uscms4354 cms      4096 Aug  1 03:04 logs
drwxr-xr-x. 3 uscms4354 cms      4096 Aug  1 03:04 objs
-rw-------. 1 uscms4354 cms       104 Aug  1 03:05 pset.py
-rw-------. 1 uscms4354 cms    921105 Aug  1 03:05 pset.py.pkl
-rw-------. 1 uscms4354 cms       289 Aug  1 03:05 pset.pyc
drwxr-xr-x. 2 uscms4354 cms      4096 Aug  1 03:04 python
-rw-------. 1 uscms4354 cms       419 Aug  1 04:42 report.log
drwx------. 5 uscms4354 cms      4096 Aug  1 03:03 src
drwxr-xr-x. 3 uscms4354 cms      4096 Aug  1 03:04 test
drwxr-xr-x. 3 uscms4354 cms      4096 Aug  1 03:04 tmp
>>> current directory (RUNTIME_AREA):  /wntmp/condor/compute-6-15/execute/dir_25200/glide_ckQx3q/execute/dir_15296
SE = srm-eoscms.cern.ch
SE_PATH = /srm/v2/server?SFN=/eos/cms/store/user/aelwood/140801_jJets_ngun_PU40bx25/
LFNBaseName = /store/user/aelwood/140801_jJets_ngun_PU40bx25/
USER = aelwood
endpoint = srm://srm-eoscms.cern.ch:8443/srm/v2/server?SFN=/eos/cms/store/user/aelwood/140801_jJets_ngun_PU40bx25/
>>> Copy output files from WN = compute-6-15.tier2 to /srm/v2/server?SFN=/eos/cms/store/user/aelwood/140801_jJets_ngun_PU40bx25/ :
python cmscp.py  --destination srm://srm-eoscms.cern.ch:8443/srm/v2/server?SFN=/eos/cms/store/user/aelwood/140801_jJets_ngun_PU40bx25/ --inputFileList /wntmp/condor/compute-6-15/execute/dir_25200/glide_ckQx3q/execute/dir_15296/cms_WLtzHF6ZL9eZ/CMSSW_7_1_0_pre8/L1SkimRun_23_1_qgb.root --middleware OSG --se_name srm-eoscms.cern.ch --for_lfn /store/user/aelwood/140801_jJets_ngun_PU40bx25/    
******************************************************
localSeName  =  cit-se.ultralight.org
remoteSeName =  srm-eoscms.cern.ch
******************************************************
{"/wntmp/condor/compute-6-15/execute/dir_25200/glide_ckQx3q/execute/dir_15296/cms_WLtzHF6ZL9eZ/CMSSW_7_1_0_pre8/L1SkimRun_23_1_qgb.root": {"endpoint": "srm://srm-eoscms.cern.ch:8443/srm/v2/server?SFN=/eos/cms/store/user/aelwood/140801_jJets_ngun_PU40bx25/", "surl_for_grid": "", "reason": "Copy succedeed with srm-lcg utils", "erCode": "0", "se_name": "srm-eoscms.cern.ch", "for_lfn": "/store/user/aelwood/140801_jJets_ngun_PU40bx25/"}}/wntmp/condor/compute-6-15/execute/dir_25200/glide_ckQx3q/execute/dir_15296
-------- cat /wntmp/condor/compute-6-15/execute/dir_25200/glide_ckQx3q/execute/dir_15296/cmscpReport.sh 
#!/bin/bash
echo "Report for File: /wntmp/condor/compute-6-15/execute/dir_25200/glide_ckQx3q/execute/dir_15296/cms_WLtzHF6ZL9eZ/CMSSW_7_1_0_pre8/L1SkimRun_23_1_qgb.root"
echo "LFN: /store/user/aelwood/140801_jJets_ngun_PU40bx25/L1SkimRun_23_1_qgb.root"
echo "StorageElement: srm-eoscms.cern.ch"
echo "StageOutExitStatusReason = 'Copy succedeed with srm-lcg utils'" | tee -a $RUNTIME_AREA/$repo
echo "StageOutSE = srm-eoscms.cern.ch" >> $RUNTIME_AREA/$repo

export StageOutExitStatus=0
echo "StageOutExitStatus = 0" | tee -a $RUNTIME_AREA/$repo
-------- end of /wntmp/condor/compute-6-15/execute/dir_25200/glide_ckQx3q/execute/dir_15296/cmscpReport.sh 
Report for File: /wntmp/condor/compute-6-15/execute/dir_25200/glide_ckQx3q/execute/dir_15296/cms_WLtzHF6ZL9eZ/CMSSW_7_1_0_pre8/L1SkimRun_23_1_qgb.root
LFN: /store/user/aelwood/140801_jJets_ngun_PU40bx25/L1SkimRun_23_1_qgb.root
StorageElement: srm-eoscms.cern.ch
StageOutExitStatusReason = 'Copy succedeed with srm-lcg utils'
StageOutExitStatus = 0
>>> current dir: /wntmp/condor/compute-6-15/execute/dir_25200/glide_ckQx3q/execute/dir_15296
>>> current dir content:
total 15116
-rw-------. 1 uscms4354 cms     6231 Aug  1 04:44 .SEinteraction.log
-rwx------. 1 uscms4354 cms     6632 Aug  1 03:03 .job.ad
-rwx------. 1 uscms4354 cms     9419 Aug  1 03:03 .machine.ad
-rw-------. 1 uscms4354 cms      105 Aug  1 02:57 CMSSW.py
-rw-------. 1 uscms4354 cms   916533 Aug  1 02:57 CMSSW.py.pkl
-rwx------. 1 uscms4354 cms    28576 Aug  1 03:03 CMSSW.sh
-rw-------. 1 uscms4354 cms      182 Aug  1 03:03 CacheEnv.sh
-rw-------. 1 uscms4354 cms     7291 Jul 12 08:18 DashboardAPI.py
-rw-------. 1 uscms4354 cms     6755 Aug  1 03:04 DashboardAPI.pyc
drwx------. 2 uscms4354 cms     4096 Aug  1 04:42 IMProv
lrwxrwxrwx. 1 uscms4354 cms      133 Aug  1 04:42 L1SkimRun.root -> /wntmp/condor/compute-6-15/execute/dir_25200/glide_ckQx3q/execute/dir_15296/cms_WLtzHF6ZL9eZ/CMSSW_7_1_0_pre8/L1SkimRun_23_1_qgb.root
-rw-------. 1 uscms4354 cms     2748 Jul 12 08:18 Logger.py
-rw-------. 1 uscms4354 cms     3327 Aug  1 03:04 Logger.pyc
-rw-------. 1 uscms4354 cms    24524 Jul 12 08:18 ProcInfo.py
-rw-------. 1 uscms4354 cms    23101 Aug  1 03:04 ProcInfo.pyc
drwx------. 7 uscms4354 cms     4096 Aug  1 03:05 ProdCommon
drwx------. 3 uscms4354 cms     4096 Aug  1 03:03 WMCore
-rw-------. 1 uscms4354 cms     8968 Aug  1 04:42 Watchdog_23.log
-rwx------. 1 uscms4354 cms        0 Aug  1 03:03 _condor_stderr
-rwx---r--. 1 uscms4354 cms    24425 Aug  1 04:44 _condor_stdout
-rw-------. 1 uscms4354 cms    32895 Jul 12 08:18 apmon.py
-rw-------. 1 uscms4354 cms    28509 Aug  1 03:04 apmon.pyc
-rwx------. 1 uscms4354 cms   240046 Aug  1 03:03 arguments.xml
drwx------. 3 uscms4354 cms     4096 Aug  1 03:03 cms_WLtzHF6ZL9eZ
-rwx------. 1 uscms4354 cms    38524 Jul 12 08:18 cmscp.py
-rw-------. 1 uscms4354 cms      544 Aug  1 04:44 cmscpReport.sh
-rwx------. 1 uscms4354 cms    28576 Aug  1 03:03 condor_exec.exe
-rw-------. 1 uscms4354 cms      759 Aug  1 02:56 crab.cfg
-rwx------. 1 uscms4354 cms     8610 Jul 12 08:18 crabWatchdog.sh
-rwx---r--. 1 uscms4354 cms    71022 Aug  1 04:42 crab_fjr_23.xml
-rwx------. 1 uscms4354 cms 13818897 Aug  1 03:03 default.tgz
-rwx------. 1 uscms4354 cms     4488 Jul 12 08:18 fillCrabFjr.py
-rw-------. 1 uscms4354 cms     2824 Aug  1 03:05 inputsReport.txt
-rw-------. 1 uscms4354 cms      261 Aug  1 04:44 jobreport.txt
-rw-------. 1 uscms4354 cms    17352 Jul 12 08:18 parseCrabFjr.py
-rw-------. 1 uscms4354 cms      333 Aug  1 03:03 report.log
-rwx--x--x. 1 uscms4354 cms     1497 Jul 12 08:18 report.py
-rw-------. 1 uscms4354 cms      436 Aug  1 04:44 resultCopyFile
-rwx------. 1 uscms4354 cms     8351 Jul 12 08:18 writeCfg.py
-rw-------. 1 uscms4354 cms     8083 Aug  1 04:23 x509up_u41660
>>> Modify Job Report:
CMSSW_VERSION = CMSSW_7_1_0_pre8
/wntmp/condor/compute-6-15/execute/dir_25200/glide_ckQx3q/execute/dir_15296/ProdCommon/FwkJobRep/ModifyJobReport.py fjr /wntmp/condor/compute-6-15/execute/dir_25200/glide_ckQx3q/execute/dir_15296/crab_fjr_23.xml json /wntmp/condor/compute-6-15/execute/dir_25200/glide_ckQx3q/execute/dir_15296/resultCopyFile n_job 23_1_qgb PrimaryDataset Neutrino_Pt-2to20_gun  ApplicationFamily cmsRun ApplicationName cmsRun cmssw_version CMSSW_7_1_0_pre8 psethash 951aa882d2ac167e3fe15038b4453880
inputDict =  {u'/wntmp/condor/compute-6-15/execute/dir_25200/glide_ckQx3q/execute/dir_15296/cms_WLtzHF6ZL9eZ/CMSSW_7_1_0_pre8/L1SkimRun_23_1_qgb.root': {u'endpoint': u'srm://srm-eoscms.cern.ch:8443/srm/v2/server?SFN=/eos/cms/store/user/aelwood/140801_jJets_ngun_PU40bx25/', u'surl_for_grid': u'', u'reason': u'Copy succedeed with srm-lcg utils', u'erCode': u'0', u'se_name': u'srm-eoscms.cern.ch', u'for_lfn': u'/store/user/aelwood/140801_jJets_ngun_PU40bx25/'}}
UserProcessedDataset =  
file_name in inputDict =  /wntmp/condor/compute-6-15/execute/dir_25200/glide_ckQx3q/execute/dir_15296/cms_WLtzHF6ZL9eZ/CMSSW_7_1_0_pre8/L1SkimRun_23_1_qgb.root
(size) os.stat(filename)[6] =  477604706
checksum =  2301703651
    file =  L1SkimRun_23_1_qgb.root
    newPfn =  srm://srm-eoscms.cern.ch:8443/srm/v2/server?SFN=/eos/cms/store/user/aelwood/140801_jJets_ngun_PU40bx25/L1SkimRun_23_1_qgb.root
    newLfn =  /store/user/aelwood/140801_jJets_ngun_PU40bx25/L1SkimRun_23_1_qgb.root
>>> crab_fjr_*.xml  permission set to 0704
CrabWrapper EXIT_FUNC entered at Fri Aug  1 04:44:26 PDT 2014   -  Fri Aug  1 11:44:26 UTC 2014
Checking output files:  
will tar file crab_fjr_23.xml in  out_files_23
WARNING: output file CMSSW_23.stdout not found!
WARNING: output file CMSSW_23.stderr not found!
WARNING: output file Watchdog_23.log.gz not found!
>>> working dir = /wntmp/condor/compute-6-15/execute/dir_25200/glide_ckQx3q/execute/dir_15296/cms_WLtzHF6ZL9eZ
>>> current directory (RUNTIME_AREA): /wntmp/condor/compute-6-15/execute/dir_25200/glide_ckQx3q/execute/dir_15296
>>> Remove working directory: /wntmp/condor/compute-6-15/execute/dir_25200/glide_ckQx3q/execute/dir_15296/cms_WLtzHF6ZL9eZ
/wntmp/condor/compute-6-15/execute/dir_25200/glide_ckQx3q/execute/dir_15296/condor_exec.exe: line 140: symlinks: command not found
>>> padding time: Wrapper lasting more than 600 seconds. No sleep required.
STOPPING WATCHDOG. CrabWatchdog PID is 17572
********** LAST 50 LINES OF WATCHDOG LOG
 Aug 01 03:45:47 PDT	---	689588	962672	182	----	----	----
 Aug 01 03:52:03 PDT	17912	689920	962672	182	522	2833	cmsRun -j /wntmp/condor/compute-6-15/execute/dir_25200/glide_ckQx3q/execute/dir_15296/crab_fjr_23.xml -p pset.py      
 Aug 01 03:52:03 PDT	---	689920	962672	188	----	----	----
 Aug 01 03:53:05 PDT	---	689920	962672	197	----	----	----
 Aug 01 03:54:08 PDT	---	689920	962672	205	----	----	----
 Aug 01 03:55:11 PDT	17912	689968	962672	205	664	3021	cmsRun -j /wntmp/condor/compute-6-15/execute/dir_25200/glide_ckQx3q/execute/dir_15296/crab_fjr_23.xml -p pset.py      
 Aug 01 03:55:11 PDT	---	689968	962672	215	----	----	----
 Aug 01 03:56:13 PDT	---	689968	962672	225	----	----	----
 Aug 01 03:57:16 PDT	---	689968	962672	227	----	----	----
 Aug 01 03:58:19 PDT	---	689968	962672	233	----	----	----
 Aug 01 03:59:22 PDT	---	689968	962672	236	----	----	----
 Aug 01 04:00:24 PDT	---	689968	962672	245	----	----	----
 Aug 01 04:01:27 PDT	---	689968	962672	253	----	----	----
 Aug 01 04:02:29 PDT	---	689968	962672	262	----	----	----
 Aug 01 04:03:32 PDT	---	689968	962672	271	----	----	----
 Aug 01 04:04:35 PDT	---	689968	962672	281	----	----	----
 Aug 01 04:05:37 PDT	---	689968	962672	289	----	----	----
 Aug 01 04:06:40 PDT	---	689968	962672	300	----	----	----
 Aug 01 04:07:43 PDT	---	689968	962672	311	----	----	----
 Aug 01 04:08:45 PDT	---	689968	962672	320	----	----	----
 Aug 01 04:09:48 PDT	---	689968	962672	331	----	----	----
 Aug 01 04:10:51 PDT	---	689968	962672	340	----	----	----
 Aug 01 04:11:54 PDT	---	689968	962672	351	----	----	----
 Aug 01 04:12:57 PDT	---	689968	962672	361	----	----	----
 Aug 01 04:14:00 PDT	---	689968	962672	370	----	----	----
 Aug 01 04:15:03 PDT	---	689968	962672	382	----	----	----
 Aug 01 04:16:05 PDT	---	689968	962672	390	----	----	----
 Aug 01 04:17:08 PDT	---	689968	962672	393	----	----	----
 Aug 01 04:18:10 PDT	---	689968	962672	394	----	----	----
 Aug 01 04:19:13 PDT	---	689968	962672	399	----	----	----
# TIME			PID	RSS(KB)	VSZ(KB)	Dsk(MB)	tCPU(s)	tWALL(s)	COMMAND
 Aug 01 04:20:16 PDT	---	689968	962672	408	----	----	----
 Aug 01 04:21:19 PDT	---	689968	962672	417	----	----	----
 Aug 01 04:22:22 PDT	---	689968	962672	426	----	----	----
 Aug 01 04:23:24 PDT	---	689968	962672	430	----	----	----
 Aug 01 04:25:29 PDT	---	689968	962672	439	----	----	----
 Aug 01 04:26:32 PDT	---	689968	962672	443	----	----	----
 Aug 01 04:28:37 PDT	---	689968	962672	444	----	----	----
 Aug 01 04:30:42 PDT	---	689968	962672	445	----	----	----
 Aug 01 04:31:45 PDT	---	689968	962672	454	----	----	----
 Aug 01 04:32:48 PDT	---	689968	962672	463	----	----	----
 Aug 01 04:33:51 PDT	---	689968	962672	473	----	----	----
 Aug 01 04:34:53 PDT	---	689968	962672	482	----	----	----
 Aug 01 04:35:56 PDT	---	689968	962672	492	----	----	----
 Aug 01 04:37:06 PDT	---	689968	962672	499	----	----	----
 Aug 01 04:38:09 PDT	---	689968	962672	508	----	----	----
 Aug 01 04:39:12 PDT	---	689968	962672	517	----	----	----
 Aug 01 04:40:14 PDT	---	689968	962672	525	----	----	----
 Aug 01 04:41:17 PDT	---	689968	962672	536	----	----	----
 Aug 01 04:42:20 PDT	---	689968	962672	544	----	----	----
********** WATCHDOG LOG ENDED
ZIPPING WATCHDOG LOG
Disk space used:
du -sh /wntmp/condor/compute-6-15/execute/dir_25200/glide_ckQx3q/execute/dir_15296
17M	/wntmp/condor/compute-6-15/execute/dir_25200/glide_ckQx3q/execute/dir_15296
Found unusual stdout, rename for OSB
`/wntmp/condor/compute-6-15/execute/dir_25200/glide_ckQx3q/execute/dir_15296/_condor_stdout' -> `CMSSW_23.stdout'
Found unusual stderr, rename for OSB
`/wntmp/condor/compute-6-15/execute/dir_25200/glide_ckQx3q/execute/dir_15296/_condor_stdout' -> `CMSSW_23.stderr'
crab_fjr_23.xml
CMSSW_23.stdout
CMSSW_23.stderr
Watchdog_23.log.gz
Total Output dimension: 19976
WARNING: output files size limit is set to: 50000000
Total Output dimension 19976 is fine.
JOB_EXIT_STATUS = 0
>>> info for dashboard:
***** Cat /wntmp/condor/compute-6-15/execute/dir_25200/glide_ckQx3q/execute/dir_15296/jobreport.txt *****
MonitorJobID=23_https://submit-4.t2.ucsd.edu//140801//331280.22
MonitorID=aelwood_140801_jJets_ngun_PU40bx25_1c84ps
ExeTime=5817
ExeExitCode=0
StageOutExitStatusReason = 'Copy succedeed with srm-lcg utils'
StageOutSE = srm-eoscms.cern.ch
StageOutExitStatus = 0
CrabUserCpuTime=2252.87
CrabSysCpuTime=49.05
CrabCpuPercentage=39%
CrabWrapperTime=6033
CrabStageoutTime=99
JobExitCode=0
***** End Cat jobreport *****
Parameters sent to Dashboard.
EXITING at Fri Aug  1 04:44:29 PDT 2014  -  Fri Aug  1 11:44:29 UTC 2014
