This script was generated by crab (version 2.10.6).
Running /wntmp/condor/compute-31-4/execute/dir_26319/glide_0nuFaa/execute/dir_32644/condor_exec.exe with 2 positional parameters: 13 1
Today is Fri Aug  1 03:03:01 PDT 2014 - Fri Aug  1 10:03:01 UTC 2014
Job submitted on host compute-31-4.tier2
Linux compute-31-4.tier2 2.6.32-358.14.1.el6.x86_64 #1 SMP Tue Jul 16 23:51:20 UTC 2013 x86_64 x86_64 x86_64 GNU/Linux
>>> current directory (RUNTIME_AREA): /wntmp/condor/compute-31-4/execute/dir_26319/glide_0nuFaa/execute/dir_32644
>>> current user: uid=20804(uscms4354) gid=504(cms) groups=504(cms),65205(glexec65205) context=unconfined_u:system_r:condor_startd_t:s0
>>> directory permission set to 0700
>>> umask set to:  u=rwx,g=,o=
>>> stdout stderr permission set to 0704
>>> voms proxy information:
subject   : /C=UK/O=eScience/OU=Imperial/L=Physics/CN=adam elwood/CN=1171778048/CN=1335003115
issuer    : /C=UK/O=eScience/OU=Imperial/L=Physics/CN=adam elwood/CN=1171778048
identity  : /C=UK/O=eScience/OU=Imperial/L=Physics/CN=adam elwood/CN=1171778048
type      : RFC compliant proxy
strength  : 1024 bits
path      : /wntmp/condor/compute-31-4/execute/dir_26319/glide_0nuFaa/execute/dir_32644/x509up_u41660
timeleft  : 23:59:48
key usage : Digital Signature, Key Encipherment, Key Agreement
=== VO cms extension information ===
VO        : cms
subject   : /C=UK/O=eScience/OU=Imperial/L=Physics/CN=adam elwood
issuer    : /DC=ch/DC=cern/OU=computers/CN=lcg-voms.cern.ch
attribute : /cms/Role=NULL/Capability=NULL
timeleft  : 191:50:15
uri       : lcg-voms.cern.ch:15002
WNHostName=compute-31-4.tier2
>>> tar --no-same-permissions -xf /wntmp/condor/compute-31-4/execute/dir_26319/glide_0nuFaa/execute/dir_32644/default.tgz :
Successful untar
>>> Include /wntmp/condor/compute-31-4/execute/dir_26319/glide_0nuFaa/execute/dir_32644 in PYTHONPATH:
strip arguments
env var CRAB_UNIQUE_JOB_ID set to: aelwood_140801_jJets_ngun_PU40bx25_1c84ps_13_1_KSJ
out_files_13
>>> list of expected files on output sandbox
output files: crab_fjr_13.xml CMSSW_13.stdout CMSSW_13.stderr Watchdog_13.log.gz
>>> GridFlavour discovery: 
source OSG GRID setup script
GridFlavour=OSG
>>> SyncSite discovery: 
SyncSite=T2_US_Caltech
>>> SyncCE discovery: 
getting SyncCE from OSG_JOB_CONTACT
SyncCE=cit-gatekeeper.ultralight.org/jobmanager-condor
>>> info for dashboard:
***** Cat /wntmp/condor/compute-31-4/execute/dir_26319/glide_0nuFaa/execute/dir_32644/jobreport.txt *****
WNHostName=compute-31-4.tier2
MonitorJobID=13_https://submit-4.t2.ucsd.edu//140801//331280.12
SyncGridJobId=https://submit-4.t2.ucsd.edu//140801//331280.12
MonitorID=aelwood_140801_jJets_ngun_PU40bx25_1c84ps
GridFlavour=OSG
SyncSite=T2_US_Caltech
SyncCE=cit-gatekeeper.ultralight.org/jobmanager-condor
***** End Cat jobreport *****
Parameters sent to Dashboard.
>>> setup environment
set SCRAM ARCH to slc6_amd64_gcc481
SCRAM_ARCH = slc6_amd64_gcc481
>>> Created working directory: /wntmp/condor/compute-31-4/execute/dir_26319/glide_0nuFaa/execute/dir_32644/cms_h0jAvduZHFTs
Change to working directory: /wntmp/condor/compute-31-4/execute/dir_26319/glide_0nuFaa/execute/dir_32644/cms_h0jAvduZHFTs
>>> current directory (WORKING_DIR): /wntmp/condor/compute-31-4/execute/dir_26319/glide_0nuFaa/execute/dir_32644/cms_h0jAvduZHFTs
>>> setup CMS OSG environment:
set SCRAM ARCH to slc6_amd64_gcc481
SCRAM_ARCH = slc6_amd64_gcc481
OSG_APP is /raid1/osg-app
sourcing /raid1/osg-app/cmssoft/cms/cmsset_default.sh ...
==> setup cms environment ok
SCRAM_ARCH = slc6_amd64_gcc481
>>> specific cmssw setup environment:
CMSSW_VERSION =  CMSSW_7_1_0_pre8
>>> current directory (SOFTWARE_DIR): /wntmp/condor/compute-31-4/execute/dir_26319/glide_0nuFaa/execute/dir_32644/cms_h0jAvduZHFTs/CMSSW_7_1_0_pre8
PreserveSeeds: <>
IncrementSeeds:<>
>>> info for dashboard:
***** Cat /wntmp/condor/compute-31-4/execute/dir_26319/glide_0nuFaa/execute/dir_32644/jobreport.txt *****
MonitorJobID=13_https://submit-4.t2.ucsd.edu//140801//331280.12
MonitorID=aelwood_140801_jJets_ngun_PU40bx25_1c84ps
***** End Cat jobreport *****
Parameters sent to Dashboard.
crabWatchdog started as process 362
>>> moving CMSSW software directories in /wntmp/condor/compute-31-4/execute/dir_26319/glide_0nuFaa/execute/dir_32644/cms_h0jAvduZHFTs/CMSSW_7_1_0_pre8
mv: cannot stat `/wntmp/condor/compute-31-4/execute/dir_26319/glide_0nuFaa/execute/dir_32644/module/': No such file or directory
>>> Include /wntmp/condor/compute-31-4/execute/dir_26319/glide_0nuFaa/execute/dir_32644 in PYTHONPATH:
PYTHONPATH=/wntmp/condor/compute-31-4/execute/dir_26319/glide_0nuFaa/execute/dir_32644/:/wntmp/condor/compute-31-4/execute/dir_26319/glide_0nuFaa/execute/dir_32644/cms_h0jAvduZHFTs/CMSSW_7_1_0_pre8/python:/wntmp/condor/compute-31-4/execute/dir_26319/glide_0nuFaa/execute/dir_32644/cms_h0jAvduZHFTs/CMSSW_7_1_0_pre8/lib/slc6_amd64_gcc481:/cvmfs/cms.cern.ch/slc6_amd64_gcc481/cms/cmssw/CMSSW_7_1_0_pre8/python:/cvmfs/cms.cern.ch/slc6_amd64_gcc481/cms/cmssw/CMSSW_7_1_0_pre8/lib/slc6_amd64_gcc481:/cvmfs/cms.cern.ch/slc6_amd64_gcc481/cms/coral/CORAL_2_3_21-cms20/slc6_amd64_gcc481/python:/cvmfs/cms.cern.ch/slc6_amd64_gcc481/cms/coral/CORAL_2_3_21-cms20/slc6_amd64_gcc481/lib:/cvmfs/cms.cern.ch/slc6_amd64_gcc481/external/pyqt/4.8.1-cms/lib/python2.7/site-packages:/cvmfs/cms.cern.ch/slc6_amd64_gcc481/external/py2-scipy/0.8.0-cms/lib/python2.7/site-packages:/cvmfs/cms.cern.ch/slc6_amd64_gcc481/external/py2-matplotlib/1.2.1-cms/lib/python2.7/site-packages:/cvmfs/cms.cern.ch/slc6_amd64_gcc481/external/yoda/1.0.4/lib/python2.7/site-packages:/cvmfs/cms.cern.ch/slc6_amd64_gcc481/external/python-ldap/2.4.10-cms/lib/python2.7/site-packages:/cvmfs/cms.cern.ch/slc6_amd64_gcc481/external/sip/4.11.2-cms/lib/python2.7/site-packages:/cvmfs/cms.cern.ch/slc6_amd64_gcc481/external/llvm/3.4/lib/python2.7/site-packages:/cvmfs/cms.cern.ch/slc6_amd64_gcc481/external/py2-sqlalchemy/0.8.2-cms2/lib/python2.7/site-packages:/cvmfs/cms.cern.ch/slc6_amd64_gcc481/external/py2-pycurl/7.19.0-cms/lib/python2.7/site-packages:/cvmfs/cms.cern.ch/slc6_amd64_gcc481/external/py2-python-dateutil/1.1-cms/lib/python2.7/site-packages:/cvmfs/cms.cern.ch/slc6_amd64_gcc481/external/py2-numpy/1.6.1-cms/lib/python2.7/site-packages:/cvmfs/cms.cern.ch/slc6_amd64_gcc481/external/py2-lint/0.25.1-cms/lib/python2.7/site-packages:/cvmfs/cms.cern.ch/slc6_amd64_gcc481/external/py2-ipython/0.10-cms/lib/python2.7/site-packages:/cvmfs/cms.cern.ch/slc6_amd64_gcc481/external/py2-cx-oracle/5.1-cms2/lib/python2.7/site-packages:/cvmfs/cms.cern.ch/slc6_amd64_gcc481/external/py2-cjson/1.0.5-cms/lib/python2.7/site-packages:/cvmfs/cms.cern.ch/slc6_amd64_gcc481/external/frontier_client/2.8.10/python/lib:/cvmfs/cms.cern.ch/slc6_amd64_gcc481/cms/das-client/2.5.0/bin:/cvmfs/cms.cern.ch/slc6_amd64_gcc481/external/cython/0.19.1/lib/python2.7/site-packages:/cvmfs/cms.cern.ch/slc6_amd64_gcc481/external/rivet/1.8.2-cms4/lib/python2.7/site-packages:/cvmfs/cms.cern.ch/slc6_amd64_gcc481/external/pyminuit2/0.0.1-cms13/lib/python2.7/site-packages:/cvmfs/cms.cern.ch/slc6_amd64_gcc481/external/py2-pygithub/1.23.0/lib/python2.7/site-packages:/cvmfs/cms.cern.ch/slc6_amd64_gcc481/external/py2-networkx/1.8.1/lib/python2.7/site-packages:/cvmfs/cms.cern.ch/slc6_amd64_gcc481/external/professor/1.0.0-cms13/lib/python2.7/site-packages:/cvmfs/cms.cern.ch/slc6_amd64_gcc481/lcg/root/5.34.18/lib:/cvmfs/cms.cern.ch/slc6_amd64_gcc481/cms/dbs-client/DBS_2_1_9-cms/lib:/cvmfs/cms.cern.ch/slc6_amd64_gcc481/cms/dbs-client/DBS_2_1_9-cms/lib/DBSAPI:/cvmfs/cms.cern.ch/slc6_amd64_gcc481/external/cvs2git/5419-cms/lib:/wntmp/condor/compute-31-4/execute/dir_26319/glide_0nuFaa/execute/dir_32644/
 
# LIMITS USED BY CRAB WATCHDOG:
# RSS  (KBytes)   : 2300000
# VSZ  (KBytes)   : 100000000
# DISK (MBytes)   : 19000
# CPU TIME        : 720h:0m:0s
# WALL CLOCK TIME : 21h:50m:0s
 
951aa882d2ac167e3fe15038b4453880
PSETHASH = 951aa882d2ac167e3fe15038b4453880
/wntmp/condor/compute-31-4/execute/dir_26319/glide_0nuFaa/execute/dir_32644/writeCfg.py pset.py pset.py
Importing .py file
Setting parameters
RandomNumberGeneratorService found, will attempt to change seeds
inputBlocks=/Neutrino_Pt-2to20_gun/Fall13dr-tsg_PU40bx25_POSTLS162_V2-v1/GEN-SIM-RAW#09b9f490-7aa3-11e3-b1c2-003048f02d38
inputFiles=/store/mc/Fall13dr/Neutrino_Pt-2to20_gun/GEN-SIM-RAW/tsg_PU40bx25_POSTLS162_V2-v1/00002/9E64C99F-0B7B-E311-9432-0025905A611C.root;/store/mc/Fall13dr/Neutrino_Pt-2to20_gun/GEN-SIM-RAW/tsg_PU40bx25_POSTLS162_V2-v1/00002/36691AB7-0B7B-E311-93B7-0025905A611C.root;/store/mc/Fall13dr/Neutrino_Pt-2to20_gun/GEN-SIM-RAW/tsg_PU40bx25_POSTLS162_V2-v1/00002/0E57689E-0B7B-E311-9AE7-0025905A6118.root;/store/mc/Fall13dr/Neutrino_Pt-2to20_gun/GEN-SIM-RAW/tsg_PU40bx25_POSTLS162_V2-v1/00002/2CA2B3B4-2C7B-E311-8C03-0025905A6068.root;/store/mc/Fall13dr/Neutrino_Pt-2to20_gun/GEN-SIM-RAW/tsg_PU40bx25_POSTLS162_V2-v1/00002/5C2E5255-2C7B-E311-BE7F-002590593872.root;/store/mc/Fall13dr/Neutrino_Pt-2to20_gun/GEN-SIM-RAW/tsg_PU40bx25_POSTLS162_V2-v1/00002/A800726F-017B-E311-B5A1-003048FFD76E.root
parentFiles=/store/mc/Fall13/Neutrino_Pt-2to20_gun/GEN-SIM/POSTLS162_V1-v4/10000/6E4C50BF-AB68-E311-87EE-90B11C1DBFB4.root;/store/mc/Fall13/Neutrino_Pt-2to20_gun/GEN-SIM/POSTLS162_V1-v4/10000/1421B2BF-AB68-E311-A258-90B11C1DBFB4.root;/store/mc/Fall13/Neutrino_Pt-2to20_gun/GEN-SIM/POSTLS162_V1-v4/10000/1421B2BF-AB68-E311-A258-90B11C1DBFB4.root;/store/mc/Fall13/Neutrino_Pt-2to20_gun/GEN-SIM/POSTLS162_V1-v4/10000/10CAFE4F-AC68-E311-95FB-002590821320.root;/store/mc/Fall13/Neutrino_Pt-2to20_gun/GEN-SIM/POSTLS162_V1-v4/10000/D88E20AB-AC68-E311-8CB4-0025901D08BE.root;/store/mc/Fall13/Neutrino_Pt-2to20_gun/GEN-SIM/POSTLS162_V1-v4/10000/54B76B39-AC68-E311-88C6-003048F5ADEA.root;/store/mc/Fall13/Neutrino_Pt-2to20_gun/GEN-SIM/POSTLS162_V1-v4/10000/567E60C2-AB68-E311-8B3A-90B11C1DBFB4.root;/store/mc/Fall13/Neutrino_Pt-2to20_gun/GEN-SIM/POSTLS162_V1-v4/10000/6E4C50BF-AB68-E311-87EE-90B11C1DBFB4.root;/store/mc/Fall13/Neutrino_Pt-2to20_gun/GEN-SIM/POSTLS162_V1-v4/10000/DEB470F4-AA68-E311-A5EC-90B11C1DBFB4.root;/store/mc/Fall13/Neutrino_Pt-2to20_gun/GEN-SIM/POSTLS162_V1-v4/10000/12FEE907-AB68-E311-A9B9-90B11C27EA38.root;/store/mc/Fall13/Neutrino_Pt-2to20_gun/GEN-SIM/POSTLS162_V1-v4/10000/7C87B9B2-AB68-E311-BDCF-003048F5B5F4.root;/store/mc/Fall13/Neutrino_Pt-2to20_gun/GEN-SIM/POSTLS162_V1-v4/10000/00ED2FEA-AA68-E311-BEEE-003048F5B2A0.root;/store/mc/Fall13/Neutrino_Pt-2to20_gun/GEN-SIM/POSTLS162_V1-v4/10000/12FEE907-AB68-E311-A9B9-90B11C27EA38.root;/store/mc/Fall13/Neutrino_Pt-2to20_gun/GEN-SIM/POSTLS162_V1-v4/10000/14465A61-AB68-E311-83F0-90B11C2ACF20.root;/store/mc/Fall13/Neutrino_Pt-2to20_gun/GEN-SIM/POSTLS162_V1-v4/10000/8C0E4E91-AB68-E311-AF2C-0025901D08DE.root;/store/mc/Fall13/Neutrino_Pt-2to20_gun/GEN-SIM/POSTLS162_V1-v4/10000/869E6491-AB68-E311-8C53-0025901D08BE.root;/store/mc/Fall13/Neutrino_Pt-2to20_gun/GEN-SIM/POSTLS162_V1-v4/10000/567E60C2-AB68-E311-8B3A-90B11C1DBFB4.root
lumisRange=
>>> Executable cmsRun
/cvmfs/cms.cern.ch/slc6_amd64_gcc481/cms/cmssw/CMSSW_7_1_0_pre8/bin/slc6_amd64_gcc481/cmsRun
ok executable found
>>> info for dashboard:
***** Cat /wntmp/condor/compute-31-4/execute/dir_26319/glide_0nuFaa/execute/dir_32644/jobreport.txt *****
MonitorJobID=13_https://submit-4.t2.ucsd.edu//140801//331280.12
MonitorID=aelwood_140801_jJets_ngun_PU40bx25_1c84ps
ExeStart=cmsRun
***** End Cat jobreport *****
Parameters sent to Dashboard.
>>> cmsRun started at Fri Aug  1 10:03:18 UTC 2014
>>> cmsRun ended at Fri Aug  1 11:09:21 UTC 2014
>>> crab_fjr_*.xml  permission set to 0704
>>> info for dashboard:
***** Cat /wntmp/condor/compute-31-4/execute/dir_26319/glide_0nuFaa/execute/dir_32644/jobreport.txt *****
MonitorJobID=13_https://submit-4.t2.ucsd.edu//140801//331280.12
MonitorID=aelwood_140801_jJets_ngun_PU40bx25_1c84ps
ExeEnd=cmsRun
***** End Cat jobreport *****
Parameters sent to Dashboard.
TIME_EXE = 3963 sec
>>> cmsRun wrote 57 lines of stdout+stderr
>>> START OF printout of 57 lines from stdout+stderr
==> using COND/Services/RelationalAuthenticationService for auth, sys 1
==> using COND/Services/RelationalAuthenticationService for auth, sys 1
01-Aug-2014 03:03:49 PDT  Initiating request to open file /mnt/hadoop/store/mc/Fall13dr/Neutrino_Pt-2to20_gun/GEN-SIM-RAW/tsg_PU40bx25_POSTLS162_V2-v1/00002/9E64C99F-0B7B-E311-9432-0025905A611C.root
01-Aug-2014 03:03:52 PDT  Successfully opened file /mnt/hadoop/store/mc/Fall13dr/Neutrino_Pt-2to20_gun/GEN-SIM-RAW/tsg_PU40bx25_POSTLS162_V2-v1/00002/9E64C99F-0B7B-E311-9432-0025905A611C.root
01-Aug-2014 03:03:53 PDT  Initiating request to open file /mnt/hadoop/store/mc/Fall13/Neutrino_Pt-2to20_gun/GEN-SIM/POSTLS162_V1-v4/10000/6E4C50BF-AB68-E311-87EE-90B11C1DBFB4.root
01-Aug-2014 03:03:53 PDT  Fallback request to file root://cmsxrootd.fnal.gov//store/mc/Fall13/Neutrino_Pt-2to20_gun/GEN-SIM/POSTLS162_V1-v4/10000/6E4C50BF-AB68-E311-87EE-90B11C1DBFB4.root
140801 03:03:56 685 Xrd: CheckErrorStatus: Server [cmssrmdisk.fnal.gov:1095] declared: Request 3018 not supported(error code: 3013)
01-Aug-2014 03:03:57 PDT  Successfully opened file root://cmsxrootd.fnal.gov//store/mc/Fall13/Neutrino_Pt-2to20_gun/GEN-SIM/POSTLS162_V1-v4/10000/6E4C50BF-AB68-E311-87EE-90B11C1DBFB4.root
01-Aug-2014 03:04:06 PDT  Closed file root://cmsxrootd.fnal.gov//store/mc/Fall13/Neutrino_Pt-2to20_gun/GEN-SIM/POSTLS162_V1-v4/10000/6E4C50BF-AB68-E311-87EE-90B11C1DBFB4.root
Stage1Layer2Producer -- Running pp implementation


----------------------------------------
Begin: L1CaloTowerProducer
----------------------------------------

01-Aug-2014 03:08:56 PDT  Closed file /mnt/hadoop/store/mc/Fall13dr/Neutrino_Pt-2to20_gun/GEN-SIM-RAW/tsg_PU40bx25_POSTLS162_V2-v1/00002/9E64C99F-0B7B-E311-9432-0025905A611C.root
01-Aug-2014 03:08:56 PDT  Initiating request to open file /mnt/hadoop/store/mc/Fall13dr/Neutrino_Pt-2to20_gun/GEN-SIM-RAW/tsg_PU40bx25_POSTLS162_V2-v1/00002/36691AB7-0B7B-E311-93B7-0025905A611C.root
01-Aug-2014 03:08:56 PDT  Successfully opened file /mnt/hadoop/store/mc/Fall13dr/Neutrino_Pt-2to20_gun/GEN-SIM-RAW/tsg_PU40bx25_POSTLS162_V2-v1/00002/36691AB7-0B7B-E311-93B7-0025905A611C.root
140801 03:09:24 1400 Xrd: XrdClientMessage::ReadRaw: Failed to read header (8 bytes).
140801 03:09:24 1403 Xrd: XrdClientMessage::ReadRaw: Failed to read header (8 bytes).
01-Aug-2014 03:20:38 PDT  Closed file /mnt/hadoop/store/mc/Fall13dr/Neutrino_Pt-2to20_gun/GEN-SIM-RAW/tsg_PU40bx25_POSTLS162_V2-v1/00002/36691AB7-0B7B-E311-93B7-0025905A611C.root
01-Aug-2014 03:20:38 PDT  Initiating request to open file /mnt/hadoop/store/mc/Fall13dr/Neutrino_Pt-2to20_gun/GEN-SIM-RAW/tsg_PU40bx25_POSTLS162_V2-v1/00002/0E57689E-0B7B-E311-9AE7-0025905A6118.root
01-Aug-2014 03:20:38 PDT  Successfully opened file /mnt/hadoop/store/mc/Fall13dr/Neutrino_Pt-2to20_gun/GEN-SIM-RAW/tsg_PU40bx25_POSTLS162_V2-v1/00002/0E57689E-0B7B-E311-9AE7-0025905A6118.root
140801 03:24:24 1399 Xrd: XrdClientMessage::ReadRaw: Failed to read header (8 bytes).
140801 03:24:24 1401 Xrd: XrdClientMessage::ReadRaw: Failed to read header (8 bytes).
140801 03:24:24 1397 Xrd: XrdClientMessage::ReadRaw: Failed to read header (8 bytes).
01-Aug-2014 03:29:41 PDT  Closed file /mnt/hadoop/store/mc/Fall13dr/Neutrino_Pt-2to20_gun/GEN-SIM-RAW/tsg_PU40bx25_POSTLS162_V2-v1/00002/0E57689E-0B7B-E311-9AE7-0025905A6118.root
01-Aug-2014 03:29:41 PDT  Initiating request to open file /mnt/hadoop/store/mc/Fall13dr/Neutrino_Pt-2to20_gun/GEN-SIM-RAW/tsg_PU40bx25_POSTLS162_V2-v1/00002/2CA2B3B4-2C7B-E311-8C03-0025905A6068.root
01-Aug-2014 03:29:41 PDT  Successfully opened file /mnt/hadoop/store/mc/Fall13dr/Neutrino_Pt-2to20_gun/GEN-SIM-RAW/tsg_PU40bx25_POSTLS162_V2-v1/00002/2CA2B3B4-2C7B-E311-8C03-0025905A6068.root
01-Aug-2014 03:36:52 PDT  Closed file /mnt/hadoop/store/mc/Fall13dr/Neutrino_Pt-2to20_gun/GEN-SIM-RAW/tsg_PU40bx25_POSTLS162_V2-v1/00002/2CA2B3B4-2C7B-E311-8C03-0025905A6068.root
01-Aug-2014 03:36:52 PDT  Initiating request to open file /mnt/hadoop/store/mc/Fall13dr/Neutrino_Pt-2to20_gun/GEN-SIM-RAW/tsg_PU40bx25_POSTLS162_V2-v1/00002/5C2E5255-2C7B-E311-BE7F-002590593872.root
01-Aug-2014 03:38:22 PDT  Successfully opened file /mnt/hadoop/store/mc/Fall13dr/Neutrino_Pt-2to20_gun/GEN-SIM-RAW/tsg_PU40bx25_POSTLS162_V2-v1/00002/5C2E5255-2C7B-E311-BE7F-002590593872.root
01-Aug-2014 04:01:06 PDT  Closed file /mnt/hadoop/store/mc/Fall13dr/Neutrino_Pt-2to20_gun/GEN-SIM-RAW/tsg_PU40bx25_POSTLS162_V2-v1/00002/5C2E5255-2C7B-E311-BE7F-002590593872.root
01-Aug-2014 04:01:06 PDT  Initiating request to open file /mnt/hadoop/store/mc/Fall13dr/Neutrino_Pt-2to20_gun/GEN-SIM-RAW/tsg_PU40bx25_POSTLS162_V2-v1/00002/A800726F-017B-E311-B5A1-003048FFD76E.root
01-Aug-2014 04:01:06 PDT  Successfully opened file /mnt/hadoop/store/mc/Fall13dr/Neutrino_Pt-2to20_gun/GEN-SIM-RAW/tsg_PU40bx25_POSTLS162_V2-v1/00002/A800726F-017B-E311-B5A1-003048FFD76E.root
01-Aug-2014 04:09:18 PDT  Closed file /mnt/hadoop/store/mc/Fall13dr/Neutrino_Pt-2to20_gun/GEN-SIM-RAW/tsg_PU40bx25_POSTLS162_V2-v1/00002/A800726F-017B-E311-B5A1-003048FFD76E.root

=============================================

MessageLogger Summary

 type     category        sev    module        subroutine        count    total
 ---- -------------------- -- ---------------- ----------------  -----    -----
    1 fileAction           -s AfterFile                              4        4
    2 fileAction           -s file_close                             6        6
    3 fileAction           -s file_open                             12       12

 type    category    Examples: run/evt        run/evt          run/evt
 ---- -------------------- ---------------- ---------------- ----------------
    1 fileAction           pre-events       pre-events       pre-events
    2 fileAction           PostProcessEvent PostProcessEvent PostEndRun
    3 fileAction           pre-events       pre-events       PostProcessEvent

Severity    # Occurrences   Total Occurrences
--------    -------------   -----------------
System                 22                  22
>>> END OF printout of 57 lines from stdout+stderr
>>> Parse FrameworkJobReport crab_fjr.xml
Result of parsing the FrameworkJobReport crab_fjr.xml: 
Extracted ExitStatus from FrameworkJobReport parsing output: 0
>>> Executable succeded  0
ExeExitCode=0
EXECUTABLE_EXIT_STATUS = 0
>>> current directory /wntmp/condor/compute-31-4/execute/dir_26319/glide_0nuFaa/execute/dir_32644/cms_h0jAvduZHFTs/CMSSW_7_1_0_pre8
>>>  (SOFTWARE_DIR): /wntmp/condor/compute-31-4/execute/dir_26319/glide_0nuFaa/execute/dir_32644/cms_h0jAvduZHFTs/CMSSW_7_1_0_pre8
>>> (WORKING_DIR): /wntmp/condor/compute-31-4/execute/dir_26319/glide_0nuFaa/execute/dir_32644/cms_h0jAvduZHFTs
>>> current directory content:
total 468476
drwxr-xr-x. 3 uscms4354 cms      4096 Aug  1 03:03 .SCRAM
-rw-------. 1 uscms4354 cms    916533 Aug  1 03:03 CMSSW.py.pkl
-rw-------. 1 uscms4354 cms 477797885 Aug  1 04:09 L1SkimRun.root
drwxr-xr-x. 3 uscms4354 cms      4096 Aug  1 03:03 bin
drwxr-xr-x. 3 uscms4354 cms      4096 Aug  1 03:03 cfipython
drwxr-xr-x. 4 uscms4354 cms      4096 Aug  1 03:03 config
-rw-------. 1 uscms4354 cms        18 Aug  1 04:09 cpu_timing.txt
drwxr-xr-x. 2 uscms4354 cms      4096 Aug  1 03:03 doc
-rw-------. 1 uscms4354 cms      6001 Aug  1 04:09 executable.out
drwxr-xr-x. 2 uscms4354 cms      4096 Aug  1 03:03 include
drwx------. 3 uscms4354 cms      4096 Aug  1 00:37 lib
drwxr-xr-x. 3 uscms4354 cms      4096 Aug  1 03:03 logs
drwxr-xr-x. 3 uscms4354 cms      4096 Aug  1 03:03 objs
-rw-------. 1 uscms4354 cms       104 Aug  1 03:03 pset.py
-rw-------. 1 uscms4354 cms    921104 Aug  1 03:03 pset.py.pkl
-rw-------. 1 uscms4354 cms       289 Aug  1 03:03 pset.pyc
drwxr-xr-x. 2 uscms4354 cms      4096 Aug  1 03:03 python
-rw-------. 1 uscms4354 cms       419 Aug  1 04:09 report.log
drwx------. 5 uscms4354 cms      4096 Aug  1 03:03 src
drwxr-xr-x. 3 uscms4354 cms      4096 Aug  1 03:03 test
drwxr-xr-x. 3 uscms4354 cms      4096 Aug  1 03:03 tmp
>>> current directory /wntmp/condor/compute-31-4/execute/dir_26319/glide_0nuFaa/execute/dir_32644/cms_h0jAvduZHFTs/CMSSW_7_1_0_pre8
>>> (SOFTWARE_DIR): /wntmp/condor/compute-31-4/execute/dir_26319/glide_0nuFaa/execute/dir_32644/cms_h0jAvduZHFTs/CMSSW_7_1_0_pre8
>>> (WORKING_DIR): /wntmp/condor/compute-31-4/execute/dir_26319/glide_0nuFaa/execute/dir_32644/cms_h0jAvduZHFTs
>>> current directory content:
total 468476
drwxr-xr-x. 3 uscms4354 cms      4096 Aug  1 03:03 .SCRAM
-rw-------. 1 uscms4354 cms    916533 Aug  1 03:03 CMSSW.py.pkl
-rw-------. 1 uscms4354 cms 477797885 Aug  1 04:09 L1SkimRun_13_1_KSJ.root
drwxr-xr-x. 3 uscms4354 cms      4096 Aug  1 03:03 bin
drwxr-xr-x. 3 uscms4354 cms      4096 Aug  1 03:03 cfipython
drwxr-xr-x. 4 uscms4354 cms      4096 Aug  1 03:03 config
-rw-------. 1 uscms4354 cms        18 Aug  1 04:09 cpu_timing.txt
drwxr-xr-x. 2 uscms4354 cms      4096 Aug  1 03:03 doc
-rw-------. 1 uscms4354 cms      6001 Aug  1 04:09 executable.out
drwxr-xr-x. 2 uscms4354 cms      4096 Aug  1 03:03 include
drwx------. 3 uscms4354 cms      4096 Aug  1 00:37 lib
drwxr-xr-x. 3 uscms4354 cms      4096 Aug  1 03:03 logs
drwxr-xr-x. 3 uscms4354 cms      4096 Aug  1 03:03 objs
-rw-------. 1 uscms4354 cms       104 Aug  1 03:03 pset.py
-rw-------. 1 uscms4354 cms    921104 Aug  1 03:03 pset.py.pkl
-rw-------. 1 uscms4354 cms       289 Aug  1 03:03 pset.pyc
drwxr-xr-x. 2 uscms4354 cms      4096 Aug  1 03:03 python
-rw-------. 1 uscms4354 cms       419 Aug  1 04:09 report.log
drwx------. 5 uscms4354 cms      4096 Aug  1 03:03 src
drwxr-xr-x. 3 uscms4354 cms      4096 Aug  1 03:03 test
drwxr-xr-x. 3 uscms4354 cms      4096 Aug  1 03:03 tmp
>>> current directory (RUNTIME_AREA):  /wntmp/condor/compute-31-4/execute/dir_26319/glide_0nuFaa/execute/dir_32644
SE = srm-eoscms.cern.ch
SE_PATH = /srm/v2/server?SFN=/eos/cms/store/user/aelwood/140801_jJets_ngun_PU40bx25/
LFNBaseName = /store/user/aelwood/140801_jJets_ngun_PU40bx25/
USER = aelwood
endpoint = srm://srm-eoscms.cern.ch:8443/srm/v2/server?SFN=/eos/cms/store/user/aelwood/140801_jJets_ngun_PU40bx25/
>>> Copy output files from WN = compute-31-4.tier2 to /srm/v2/server?SFN=/eos/cms/store/user/aelwood/140801_jJets_ngun_PU40bx25/ :
python cmscp.py  --destination srm://srm-eoscms.cern.ch:8443/srm/v2/server?SFN=/eos/cms/store/user/aelwood/140801_jJets_ngun_PU40bx25/ --inputFileList /wntmp/condor/compute-31-4/execute/dir_26319/glide_0nuFaa/execute/dir_32644/cms_h0jAvduZHFTs/CMSSW_7_1_0_pre8/L1SkimRun_13_1_KSJ.root --middleware OSG --se_name srm-eoscms.cern.ch --for_lfn /store/user/aelwood/140801_jJets_ngun_PU40bx25/    
******************************************************
localSeName  =  cit-se.ultralight.org
remoteSeName =  srm-eoscms.cern.ch
******************************************************
{"/wntmp/condor/compute-31-4/execute/dir_26319/glide_0nuFaa/execute/dir_32644/cms_h0jAvduZHFTs/CMSSW_7_1_0_pre8/L1SkimRun_13_1_KSJ.root": {"endpoint": "srm://srm-eoscms.cern.ch:8443/srm/v2/server?SFN=/eos/cms/store/user/aelwood/140801_jJets_ngun_PU40bx25/", "surl_for_grid": "", "reason": "Copy succedeed with srm-lcg utils", "erCode": "0", "se_name": "srm-eoscms.cern.ch", "for_lfn": "/store/user/aelwood/140801_jJets_ngun_PU40bx25/"}}/wntmp/condor/compute-31-4/execute/dir_26319/glide_0nuFaa/execute/dir_32644
-------- cat /wntmp/condor/compute-31-4/execute/dir_26319/glide_0nuFaa/execute/dir_32644/cmscpReport.sh 
#!/bin/bash
echo "Report for File: /wntmp/condor/compute-31-4/execute/dir_26319/glide_0nuFaa/execute/dir_32644/cms_h0jAvduZHFTs/CMSSW_7_1_0_pre8/L1SkimRun_13_1_KSJ.root"
echo "LFN: /store/user/aelwood/140801_jJets_ngun_PU40bx25/L1SkimRun_13_1_KSJ.root"
echo "StorageElement: srm-eoscms.cern.ch"
echo "StageOutExitStatusReason = 'Copy succedeed with srm-lcg utils'" | tee -a $RUNTIME_AREA/$repo
echo "StageOutSE = srm-eoscms.cern.ch" >> $RUNTIME_AREA/$repo

export StageOutExitStatus=0
echo "StageOutExitStatus = 0" | tee -a $RUNTIME_AREA/$repo
-------- end of /wntmp/condor/compute-31-4/execute/dir_26319/glide_0nuFaa/execute/dir_32644/cmscpReport.sh 
Report for File: /wntmp/condor/compute-31-4/execute/dir_26319/glide_0nuFaa/execute/dir_32644/cms_h0jAvduZHFTs/CMSSW_7_1_0_pre8/L1SkimRun_13_1_KSJ.root
LFN: /store/user/aelwood/140801_jJets_ngun_PU40bx25/L1SkimRun_13_1_KSJ.root
StorageElement: srm-eoscms.cern.ch
StageOutExitStatusReason = 'Copy succedeed with srm-lcg utils'
StageOutExitStatus = 0
>>> current dir: /wntmp/condor/compute-31-4/execute/dir_26319/glide_0nuFaa/execute/dir_32644
>>> current dir content:
total 15112
-rw-------. 1 uscms4354 cms     7319 Aug  1 04:11 .SEinteraction.log
-rwx------. 1 uscms4354 cms     6628 Aug  1 03:02 .job.ad
-rwx------. 1 uscms4354 cms     9542 Aug  1 03:02 .machine.ad
-rw-------. 1 uscms4354 cms      105 Aug  1 02:57 CMSSW.py
-rw-------. 1 uscms4354 cms   916533 Aug  1 02:57 CMSSW.py.pkl
-rwx------. 1 uscms4354 cms    28576 Aug  1 03:02 CMSSW.sh
-rw-------. 1 uscms4354 cms      169 Aug  1 03:03 CacheEnv.sh
-rw-------. 1 uscms4354 cms     7291 Jul 12 08:18 DashboardAPI.py
-rw-------. 1 uscms4354 cms     6755 Aug  1 03:03 DashboardAPI.pyc
drwx------. 2 uscms4354 cms     4096 Aug  1 04:09 IMProv
lrwxrwxrwx. 1 uscms4354 cms      133 Aug  1 04:09 L1SkimRun.root -> /wntmp/condor/compute-31-4/execute/dir_26319/glide_0nuFaa/execute/dir_32644/cms_h0jAvduZHFTs/CMSSW_7_1_0_pre8/L1SkimRun_13_1_KSJ.root
-rw-------. 1 uscms4354 cms     2748 Jul 12 08:18 Logger.py
-rw-------. 1 uscms4354 cms     3327 Aug  1 03:03 Logger.pyc
-rw-------. 1 uscms4354 cms    24524 Jul 12 08:18 ProcInfo.py
-rw-------. 1 uscms4354 cms    23101 Aug  1 03:03 ProcInfo.pyc
drwx------. 7 uscms4354 cms     4096 Aug  1 03:03 ProdCommon
drwx------. 3 uscms4354 cms     4096 Aug  1 03:03 WMCore
-rw-------. 1 uscms4354 cms     7293 Aug  1 04:09 Watchdog_13.log
-rwx------. 1 uscms4354 cms        0 Aug  1 03:03 _condor_stderr
-rwx---r--. 1 uscms4354 cms    24433 Aug  1 04:11 _condor_stdout
-rw-------. 1 uscms4354 cms    32895 Jul 12 08:18 apmon.py
-rw-------. 1 uscms4354 cms    28509 Aug  1 03:03 apmon.pyc
-rwx------. 1 uscms4354 cms   240046 Aug  1 03:02 arguments.xml
drwx------. 3 uscms4354 cms     4096 Aug  1 03:03 cms_h0jAvduZHFTs
-rwx------. 1 uscms4354 cms    38524 Jul 12 08:18 cmscp.py
-rw-------. 1 uscms4354 cms      544 Aug  1 04:11 cmscpReport.sh
-rwx------. 1 uscms4354 cms    28576 Aug  1 03:02 condor_exec.exe
-rw-------. 1 uscms4354 cms      759 Aug  1 02:56 crab.cfg
-rwx------. 1 uscms4354 cms     8610 Jul 12 08:18 crabWatchdog.sh
-rwx---r--. 1 uscms4354 cms    70942 Aug  1 04:09 crab_fjr_13.xml
-rwx------. 1 uscms4354 cms 13818897 Aug  1 03:02 default.tgz
-rwx------. 1 uscms4354 cms     4488 Jul 12 08:18 fillCrabFjr.py
-rw-------. 1 uscms4354 cms     2824 Aug  1 03:03 inputsReport.txt
-rw-------. 1 uscms4354 cms      261 Aug  1 04:11 jobreport.txt
-rw-------. 1 uscms4354 cms    17352 Jul 12 08:18 parseCrabFjr.py
-rw-------. 1 uscms4354 cms      341 Aug  1 03:03 report.log
-rwx--x--x. 1 uscms4354 cms     1497 Jul 12 08:18 report.py
-rw-------. 1 uscms4354 cms      436 Aug  1 04:11 resultCopyFile
-rwx------. 1 uscms4354 cms     8351 Jul 12 08:18 writeCfg.py
-rw-------. 1 uscms4354 cms     8091 Aug  1 03:02 x509up_u41660
>>> Modify Job Report:
CMSSW_VERSION = CMSSW_7_1_0_pre8
/wntmp/condor/compute-31-4/execute/dir_26319/glide_0nuFaa/execute/dir_32644/ProdCommon/FwkJobRep/ModifyJobReport.py fjr /wntmp/condor/compute-31-4/execute/dir_26319/glide_0nuFaa/execute/dir_32644/crab_fjr_13.xml json /wntmp/condor/compute-31-4/execute/dir_26319/glide_0nuFaa/execute/dir_32644/resultCopyFile n_job 13_1_KSJ PrimaryDataset Neutrino_Pt-2to20_gun  ApplicationFamily cmsRun ApplicationName cmsRun cmssw_version CMSSW_7_1_0_pre8 psethash 951aa882d2ac167e3fe15038b4453880
inputDict =  {u'/wntmp/condor/compute-31-4/execute/dir_26319/glide_0nuFaa/execute/dir_32644/cms_h0jAvduZHFTs/CMSSW_7_1_0_pre8/L1SkimRun_13_1_KSJ.root': {u'endpoint': u'srm://srm-eoscms.cern.ch:8443/srm/v2/server?SFN=/eos/cms/store/user/aelwood/140801_jJets_ngun_PU40bx25/', u'surl_for_grid': u'', u'reason': u'Copy succedeed with srm-lcg utils', u'erCode': u'0', u'se_name': u'srm-eoscms.cern.ch', u'for_lfn': u'/store/user/aelwood/140801_jJets_ngun_PU40bx25/'}}
UserProcessedDataset =  
file_name in inputDict =  /wntmp/condor/compute-31-4/execute/dir_26319/glide_0nuFaa/execute/dir_32644/cms_h0jAvduZHFTs/CMSSW_7_1_0_pre8/L1SkimRun_13_1_KSJ.root
(size) os.stat(filename)[6] =  477797885
checksum =  2200904501
    file =  L1SkimRun_13_1_KSJ.root
    newPfn =  srm://srm-eoscms.cern.ch:8443/srm/v2/server?SFN=/eos/cms/store/user/aelwood/140801_jJets_ngun_PU40bx25/L1SkimRun_13_1_KSJ.root
    newLfn =  /store/user/aelwood/140801_jJets_ngun_PU40bx25/L1SkimRun_13_1_KSJ.root
>>> crab_fjr_*.xml  permission set to 0704
CrabWrapper EXIT_FUNC entered at Fri Aug  1 04:11:31 PDT 2014   -  Fri Aug  1 11:11:31 UTC 2014
Checking output files:  
will tar file crab_fjr_13.xml in  out_files_13
WARNING: output file CMSSW_13.stdout not found!
WARNING: output file CMSSW_13.stderr not found!
WARNING: output file Watchdog_13.log.gz not found!
>>> working dir = /wntmp/condor/compute-31-4/execute/dir_26319/glide_0nuFaa/execute/dir_32644/cms_h0jAvduZHFTs
>>> current directory (RUNTIME_AREA): /wntmp/condor/compute-31-4/execute/dir_26319/glide_0nuFaa/execute/dir_32644
>>> Remove working directory: /wntmp/condor/compute-31-4/execute/dir_26319/glide_0nuFaa/execute/dir_32644/cms_h0jAvduZHFTs
/wntmp/condor/compute-31-4/execute/dir_26319/glide_0nuFaa/execute/dir_32644/condor_exec.exe: line 140: symlinks: command not found
>>> padding time: Wrapper lasting more than 600 seconds. No sleep required.
STOPPING WATCHDOG. CrabWatchdog PID is 362
********** LAST 50 LINES OF WATCHDOG LOG
 Aug 01 03:15:36 PDT	685	696960	982640	170	500	747	cmsRun -j /wntmp/condor/compute-31-4/execute/dir_26319/glide_0nuFaa/execute/dir_32644/crab_fjr_13.xml -p pset.py      
 Aug 01 03:15:36 PDT	---	696960	982640	177	----	----	----
 Aug 01 03:16:39 PDT	---	696960	982640	181	----	----	----
 Aug 01 03:17:41 PDT	---	696960	982640	192	----	----	----
# TIME			PID	RSS(KB)	VSZ(KB)	Dsk(MB)	tCPU(s)	tWALL(s)	COMMAND
 Aug 01 03:18:42 PDT	---	696960	982640	201	----	----	----
 Aug 01 03:19:44 PDT	---	696960	982640	210	----	----	----
 Aug 01 03:20:46 PDT	---	696960	982640	221	----	----	----
 Aug 01 03:21:48 PDT	---	696960	982640	230	----	----	----
 Aug 01 03:22:50 PDT	---	696960	982640	240	----	----	----
 Aug 01 03:23:52 PDT	---	696960	982640	249	----	----	----
 Aug 01 03:24:54 PDT	---	696960	982640	259	----	----	----
 Aug 01 03:25:56 PDT	---	696960	982640	269	----	----	----
 Aug 01 03:26:58 PDT	---	696960	982640	280	----	----	----
 Aug 01 03:28:00 PDT	---	696960	982640	288	----	----	----
 Aug 01 03:29:01 PDT	685	699060	982640	288	1152	1552	cmsRun -j /wntmp/condor/compute-31-4/execute/dir_26319/glide_0nuFaa/execute/dir_32644/crab_fjr_13.xml -p pset.py      
 Aug 01 03:29:01 PDT	---	699060	982640	299	----	----	----
 Aug 01 03:30:03 PDT	---	699060	982640	310	----	----	----
 Aug 01 03:31:05 PDT	685	699744	982640	310	1260	1675	cmsRun -j /wntmp/condor/compute-31-4/execute/dir_26319/glide_0nuFaa/execute/dir_32644/crab_fjr_13.xml -p pset.py      
 Aug 01 03:31:05 PDT	---	699744	982640	320	----	----	----
 Aug 01 03:32:06 PDT	---	699744	982640	331	----	----	----
 Aug 01 03:33:08 PDT	---	699744	982640	339	----	----	----
 Aug 01 03:34:10 PDT	685	705448	982640	339	1419	1860	cmsRun -j /wntmp/condor/compute-31-4/execute/dir_26319/glide_0nuFaa/execute/dir_32644/crab_fjr_13.xml -p pset.py      
 Aug 01 03:34:10 PDT	---	705448	982640	350	----	----	----
 Aug 01 03:35:11 PDT	685	728824	982640	350	1471	1922	cmsRun -j /wntmp/condor/compute-31-4/execute/dir_26319/glide_0nuFaa/execute/dir_32644/crab_fjr_13.xml -p pset.py      
 Aug 01 03:35:11 PDT	---	728824	982640	360	----	----	----
 Aug 01 03:36:12 PDT	685	734164	982640	360	1525	1982	cmsRun -j /wntmp/condor/compute-31-4/execute/dir_26319/glide_0nuFaa/execute/dir_32644/crab_fjr_13.xml -p pset.py      
 Aug 01 03:36:12 PDT	---	734164	982640	371	----	----	----
 Aug 01 03:37:13 PDT	---	734164	982640	379	----	----	----
 Aug 01 03:44:20 PDT	---	734164	982640	386	----	----	----
 Aug 01 03:45:21 PDT	---	734164	982640	396	----	----	----
 Aug 01 03:46:22 PDT	---	734164	982640	408	----	----	----
 Aug 01 03:47:23 PDT	---	734164	982640	416	----	----	----
 Aug 01 03:48:24 PDT	---	734164	982640	426	----	----	----
 Aug 01 03:49:25 PDT	---	734164	982640	436	----	----	----
# TIME			PID	RSS(KB)	VSZ(KB)	Dsk(MB)	tCPU(s)	tWALL(s)	COMMAND
 Aug 01 03:50:26 PDT	---	734164	982640	446	----	----	----
 Aug 01 03:52:28 PDT	---	734164	982640	456	----	----	----
 Aug 01 03:53:29 PDT	---	734164	982640	462	----	----	----
 Aug 01 03:54:30 PDT	---	734164	982640	463	----	----	----
 Aug 01 04:00:36 PDT	---	734164	982640	465	----	----	----
 Aug 01 04:01:37 PDT	---	734164	982640	469	----	----	----
 Aug 01 04:02:39 PDT	---	734164	982640	480	----	----	----
 Aug 01 04:03:40 PDT	---	734164	982640	489	----	----	----
 Aug 01 04:04:42 PDT	---	734164	982640	498	----	----	----
 Aug 01 04:05:44 PDT	---	734164	982640	509	----	----	----
 Aug 01 04:06:46 PDT	---	734164	982640	520	----	----	----
 Aug 01 04:07:47 PDT	---	734164	982640	530	----	----	----
 Aug 01 04:08:50 PDT	---	734164	982640	537	----	----	----
 Aug 01 04:09:52 PDT	---	734164	982640	544	----	----	----
********** WATCHDOG LOG ENDED
ZIPPING WATCHDOG LOG
Disk space used:
du -sh /wntmp/condor/compute-31-4/execute/dir_26319/glide_0nuFaa/execute/dir_32644
17M	/wntmp/condor/compute-31-4/execute/dir_26319/glide_0nuFaa/execute/dir_32644
Found unusual stdout, rename for OSB
`/wntmp/condor/compute-31-4/execute/dir_26319/glide_0nuFaa/execute/dir_32644/_condor_stdout' -> `CMSSW_13.stdout'
Found unusual stderr, rename for OSB
`/wntmp/condor/compute-31-4/execute/dir_26319/glide_0nuFaa/execute/dir_32644/_condor_stdout' -> `CMSSW_13.stderr'
crab_fjr_13.xml
CMSSW_13.stdout
CMSSW_13.stderr
Watchdog_13.log.gz
Total Output dimension: 20144
WARNING: output files size limit is set to: 50000000
Total Output dimension 20144 is fine.
JOB_EXIT_STATUS = 0
>>> info for dashboard:
***** Cat /wntmp/condor/compute-31-4/execute/dir_26319/glide_0nuFaa/execute/dir_32644/jobreport.txt *****
MonitorJobID=13_https://submit-4.t2.ucsd.edu//140801//331280.12
MonitorID=aelwood_140801_jJets_ngun_PU40bx25_1c84ps
ExeTime=3963
ExeExitCode=0
StageOutExitStatusReason = 'Copy succedeed with srm-lcg utils'
StageOutSE = srm-eoscms.cern.ch
StageOutExitStatus = 0
CrabUserCpuTime=2394.34
CrabSysCpuTime=26.86
CrabCpuPercentage=61%
CrabWrapperTime=4110
CrabStageoutTime=121
JobExitCode=0
***** End Cat jobreport *****
Parameters sent to Dashboard.
EXITING at Fri Aug  1 04:11:34 PDT 2014  -  Fri Aug  1 11:11:34 UTC 2014
