This script was generated by crab (version 2.10.6).
Running /wntmp/condor/compute-22-29/execute/dir_2643/glide_YPcWII/execute/dir_26557/condor_exec.exe with 2 positional parameters: 17 1
Today is Fri Aug  1 03:03:01 PDT 2014 - Fri Aug  1 10:03:01 UTC 2014
Job submitted on host compute-22-29.tier2
Linux compute-22-29.tier2 2.6.32-358.6.2.el6.x86_64 #1 SMP Thu May 16 20:59:36 UTC 2013 x86_64 x86_64 x86_64 GNU/Linux
>>> current directory (RUNTIME_AREA): /wntmp/condor/compute-22-29/execute/dir_2643/glide_YPcWII/execute/dir_26557
>>> current user: uid=20804(uscms4354) gid=504(cms) groups=504(cms),65002(glexec65002) context=system_u:system_r:condor_startd_t:s0
>>> directory permission set to 0700
>>> umask set to:  u=rwx,g=,o=
>>> stdout stderr permission set to 0704
>>> voms proxy information:
subject   : /C=UK/O=eScience/OU=Imperial/L=Physics/CN=adam elwood/CN=1171778048/CN=1572327842
issuer    : /C=UK/O=eScience/OU=Imperial/L=Physics/CN=adam elwood/CN=1171778048
identity  : /C=UK/O=eScience/OU=Imperial/L=Physics/CN=adam elwood/CN=1171778048
type      : RFC compliant proxy
strength  : 1024 bits
path      : /wntmp/condor/compute-22-29/execute/dir_2643/glide_YPcWII/execute/dir_26557/x509up_u41660
timeleft  : 23:59:52
key usage : Digital Signature, Key Encipherment, Key Agreement
=== VO cms extension information ===
VO        : cms
subject   : /C=UK/O=eScience/OU=Imperial/L=Physics/CN=adam elwood
issuer    : /DC=ch/DC=cern/OU=computers/CN=lcg-voms.cern.ch
attribute : /cms/Role=NULL/Capability=NULL
timeleft  : 191:50:14
uri       : lcg-voms.cern.ch:15002
WNHostName=compute-22-29.tier2
>>> tar --no-same-permissions -xf /wntmp/condor/compute-22-29/execute/dir_2643/glide_YPcWII/execute/dir_26557/default.tgz :
Successful untar
>>> Include /wntmp/condor/compute-22-29/execute/dir_2643/glide_YPcWII/execute/dir_26557 in PYTHONPATH:
strip arguments
env var CRAB_UNIQUE_JOB_ID set to: aelwood_140801_jJets_ngun_PU40bx25_1c84ps_17_1_cpm
out_files_17
>>> list of expected files on output sandbox
output files: crab_fjr_17.xml CMSSW_17.stdout CMSSW_17.stderr Watchdog_17.log.gz
>>> GridFlavour discovery: 
source OSG GRID setup script
GridFlavour=OSG
>>> SyncSite discovery: 
SyncSite=T2_US_Caltech
>>> SyncCE discovery: 
getting SyncCE from OSG_JOB_CONTACT
SyncCE=cit-gatekeeper.ultralight.org/jobmanager-condor
>>> info for dashboard:
***** Cat /wntmp/condor/compute-22-29/execute/dir_2643/glide_YPcWII/execute/dir_26557/jobreport.txt *****
WNHostName=compute-22-29.tier2
MonitorJobID=17_https://submit-4.t2.ucsd.edu//140801//331280.16
SyncGridJobId=https://submit-4.t2.ucsd.edu//140801//331280.16
MonitorID=aelwood_140801_jJets_ngun_PU40bx25_1c84ps
GridFlavour=OSG
SyncSite=T2_US_Caltech
SyncCE=cit-gatekeeper.ultralight.org/jobmanager-condor
***** End Cat jobreport *****
Parameters sent to Dashboard.
>>> setup environment
set SCRAM ARCH to slc6_amd64_gcc481
SCRAM_ARCH = slc6_amd64_gcc481
>>> Created working directory: /wntmp/condor/compute-22-29/execute/dir_2643/glide_YPcWII/execute/dir_26557/cms_WMaBFpFyJEVU
Change to working directory: /wntmp/condor/compute-22-29/execute/dir_2643/glide_YPcWII/execute/dir_26557/cms_WMaBFpFyJEVU
>>> current directory (WORKING_DIR): /wntmp/condor/compute-22-29/execute/dir_2643/glide_YPcWII/execute/dir_26557/cms_WMaBFpFyJEVU
>>> setup CMS OSG environment:
set SCRAM ARCH to slc6_amd64_gcc481
SCRAM_ARCH = slc6_amd64_gcc481
OSG_APP is /raid1/osg-app
sourcing /raid1/osg-app/cmssoft/cms/cmsset_default.sh ...
==> setup cms environment ok
SCRAM_ARCH = slc6_amd64_gcc481
>>> specific cmssw setup environment:
CMSSW_VERSION =  CMSSW_7_1_0_pre8
>>> current directory (SOFTWARE_DIR): /wntmp/condor/compute-22-29/execute/dir_2643/glide_YPcWII/execute/dir_26557/cms_WMaBFpFyJEVU/CMSSW_7_1_0_pre8
PreserveSeeds: <>
IncrementSeeds:<>
>>> info for dashboard:
***** Cat /wntmp/condor/compute-22-29/execute/dir_2643/glide_YPcWII/execute/dir_26557/jobreport.txt *****
MonitorJobID=17_https://submit-4.t2.ucsd.edu//140801//331280.16
MonitorID=aelwood_140801_jJets_ngun_PU40bx25_1c84ps
***** End Cat jobreport *****
Parameters sent to Dashboard.
crabWatchdog started as process 28165
>>> moving CMSSW software directories in /wntmp/condor/compute-22-29/execute/dir_2643/glide_YPcWII/execute/dir_26557/cms_WMaBFpFyJEVU/CMSSW_7_1_0_pre8
mv: cannot stat `/wntmp/condor/compute-22-29/execute/dir_2643/glide_YPcWII/execute/dir_26557/module/': No such file or directory
>>> Include /wntmp/condor/compute-22-29/execute/dir_2643/glide_YPcWII/execute/dir_26557 in PYTHONPATH:
PYTHONPATH=/wntmp/condor/compute-22-29/execute/dir_2643/glide_YPcWII/execute/dir_26557/:/wntmp/condor/compute-22-29/execute/dir_2643/glide_YPcWII/execute/dir_26557/cms_WMaBFpFyJEVU/CMSSW_7_1_0_pre8/python:/wntmp/condor/compute-22-29/execute/dir_2643/glide_YPcWII/execute/dir_26557/cms_WMaBFpFyJEVU/CMSSW_7_1_0_pre8/lib/slc6_amd64_gcc481:/cvmfs/cms.cern.ch/slc6_amd64_gcc481/cms/cmssw/CMSSW_7_1_0_pre8/python:/cvmfs/cms.cern.ch/slc6_amd64_gcc481/cms/cmssw/CMSSW_7_1_0_pre8/lib/slc6_amd64_gcc481:/cvmfs/cms.cern.ch/slc6_amd64_gcc481/cms/coral/CORAL_2_3_21-cms20/slc6_amd64_gcc481/python:/cvmfs/cms.cern.ch/slc6_amd64_gcc481/cms/coral/CORAL_2_3_21-cms20/slc6_amd64_gcc481/lib:/cvmfs/cms.cern.ch/slc6_amd64_gcc481/external/pyqt/4.8.1-cms/lib/python2.7/site-packages:/cvmfs/cms.cern.ch/slc6_amd64_gcc481/external/py2-scipy/0.8.0-cms/lib/python2.7/site-packages:/cvmfs/cms.cern.ch/slc6_amd64_gcc481/external/py2-matplotlib/1.2.1-cms/lib/python2.7/site-packages:/cvmfs/cms.cern.ch/slc6_amd64_gcc481/external/yoda/1.0.4/lib/python2.7/site-packages:/cvmfs/cms.cern.ch/slc6_amd64_gcc481/external/python-ldap/2.4.10-cms/lib/python2.7/site-packages:/cvmfs/cms.cern.ch/slc6_amd64_gcc481/external/sip/4.11.2-cms/lib/python2.7/site-packages:/cvmfs/cms.cern.ch/slc6_amd64_gcc481/external/llvm/3.4/lib/python2.7/site-packages:/cvmfs/cms.cern.ch/slc6_amd64_gcc481/external/py2-sqlalchemy/0.8.2-cms2/lib/python2.7/site-packages:/cvmfs/cms.cern.ch/slc6_amd64_gcc481/external/py2-pycurl/7.19.0-cms/lib/python2.7/site-packages:/cvmfs/cms.cern.ch/slc6_amd64_gcc481/external/py2-python-dateutil/1.1-cms/lib/python2.7/site-packages:/cvmfs/cms.cern.ch/slc6_amd64_gcc481/external/py2-numpy/1.6.1-cms/lib/python2.7/site-packages:/cvmfs/cms.cern.ch/slc6_amd64_gcc481/external/py2-lint/0.25.1-cms/lib/python2.7/site-packages:/cvmfs/cms.cern.ch/slc6_amd64_gcc481/external/py2-ipython/0.10-cms/lib/python2.7/site-packages:/cvmfs/cms.cern.ch/slc6_amd64_gcc481/external/py2-cx-oracle/5.1-cms2/lib/python2.7/site-packages:/cvmfs/cms.cern.ch/slc6_amd64_gcc481/external/py2-cjson/1.0.5-cms/lib/python2.7/site-packages:/cvmfs/cms.cern.ch/slc6_amd64_gcc481/external/frontier_client/2.8.10/python/lib:/cvmfs/cms.cern.ch/slc6_amd64_gcc481/cms/das-client/2.5.0/bin:/cvmfs/cms.cern.ch/slc6_amd64_gcc481/external/cython/0.19.1/lib/python2.7/site-packages:/cvmfs/cms.cern.ch/slc6_amd64_gcc481/external/rivet/1.8.2-cms4/lib/python2.7/site-packages:/cvmfs/cms.cern.ch/slc6_amd64_gcc481/external/pyminuit2/0.0.1-cms13/lib/python2.7/site-packages:/cvmfs/cms.cern.ch/slc6_amd64_gcc481/external/py2-pygithub/1.23.0/lib/python2.7/site-packages:/cvmfs/cms.cern.ch/slc6_amd64_gcc481/external/py2-networkx/1.8.1/lib/python2.7/site-packages:/cvmfs/cms.cern.ch/slc6_amd64_gcc481/external/professor/1.0.0-cms13/lib/python2.7/site-packages:/cvmfs/cms.cern.ch/slc6_amd64_gcc481/lcg/root/5.34.18/lib:/cvmfs/cms.cern.ch/slc6_amd64_gcc481/cms/dbs-client/DBS_2_1_9-cms/lib:/cvmfs/cms.cern.ch/slc6_amd64_gcc481/cms/dbs-client/DBS_2_1_9-cms/lib/DBSAPI:/cvmfs/cms.cern.ch/slc6_amd64_gcc481/external/cvs2git/5419-cms/lib:/wntmp/condor/compute-22-29/execute/dir_2643/glide_YPcWII/execute/dir_26557/
 
# LIMITS USED BY CRAB WATCHDOG:
# RSS  (KBytes)   : 2300000
# VSZ  (KBytes)   : 100000000
# DISK (MBytes)   : 19000
# CPU TIME        : 720h:0m:0s
# WALL CLOCK TIME : 21h:50m:0s
 
951aa882d2ac167e3fe15038b4453880
PSETHASH = 951aa882d2ac167e3fe15038b4453880
/wntmp/condor/compute-22-29/execute/dir_2643/glide_YPcWII/execute/dir_26557/writeCfg.py pset.py pset.py
Importing .py file
Setting parameters
RandomNumberGeneratorService found, will attempt to change seeds
inputBlocks=/Neutrino_Pt-2to20_gun/Fall13dr-tsg_PU40bx25_POSTLS162_V2-v1/GEN-SIM-RAW#09b9f490-7aa3-11e3-b1c2-003048f02d38
inputFiles=/store/mc/Fall13dr/Neutrino_Pt-2to20_gun/GEN-SIM-RAW/tsg_PU40bx25_POSTLS162_V2-v1/00002/58E63FC7-FF7A-E311-ADEE-002590593920.root;/store/mc/Fall13dr/Neutrino_Pt-2to20_gun/GEN-SIM-RAW/tsg_PU40bx25_POSTLS162_V2-v1/00002/4C5CEB8D-007B-E311-AE86-0030486792AC.root;/store/mc/Fall13dr/Neutrino_Pt-2to20_gun/GEN-SIM-RAW/tsg_PU40bx25_POSTLS162_V2-v1/00002/FE5206FD-FF7A-E311-B0AE-002590596484.root;/store/mc/Fall13dr/Neutrino_Pt-2to20_gun/GEN-SIM-RAW/tsg_PU40bx25_POSTLS162_V2-v1/00002/96BD83E1-FF7A-E311-8ED5-00304867920A.root;/store/mc/Fall13dr/Neutrino_Pt-2to20_gun/GEN-SIM-RAW/tsg_PU40bx25_POSTLS162_V2-v1/00002/D02A7E8F-007B-E311-B26C-00304867924E.root;/store/mc/Fall13dr/Neutrino_Pt-2to20_gun/GEN-SIM-RAW/tsg_PU40bx25_POSTLS162_V2-v1/00002/EA73A98D-007B-E311-A908-002618943807.root
parentFiles=/store/mc/Fall13/Neutrino_Pt-2to20_gun/GEN-SIM/POSTLS162_V1-v4/10000/58156EF4-AA68-E311-A5B1-90B11C1DBFB4.root;/store/mc/Fall13/Neutrino_Pt-2to20_gun/GEN-SIM/POSTLS162_V1-v4/10000/DEB470F4-AA68-E311-A5EC-90B11C1DBFB4.root;/store/mc/Fall13/Neutrino_Pt-2to20_gun/GEN-SIM/POSTLS162_V1-v4/10000/A827F1D6-AB68-E311-8DBB-90B11C2ACF20.root;/store/mc/Fall13/Neutrino_Pt-2to20_gun/GEN-SIM/POSTLS162_V1-v4/10000/5E069FF4-AA68-E311-8232-90B11C1DBFB4.root;/store/mc/Fall13/Neutrino_Pt-2to20_gun/GEN-SIM/POSTLS162_V1-v4/10000/DEB470F4-AA68-E311-A5EC-90B11C1DBFB4.root;/store/mc/Fall13/Neutrino_Pt-2to20_gun/GEN-SIM/POSTLS162_V1-v4/10000/5E069FF4-AA68-E311-8232-90B11C1DBFB4.root;/store/mc/Fall13/Neutrino_Pt-2to20_gun/GEN-SIM/POSTLS162_V1-v4/10000/C05AB95E-AC68-E311-9422-003048F5B69A.root;/store/mc/Fall13/Neutrino_Pt-2to20_gun/GEN-SIM/POSTLS162_V1-v4/10000/0A072A01-AD68-E311-BA28-003048F5B300.root;/store/mc/Fall13/Neutrino_Pt-2to20_gun/GEN-SIM/POSTLS162_V1-v4/10000/32B45302-AD68-E311-978B-003048F5B300.root;/store/mc/Fall13/Neutrino_Pt-2to20_gun/GEN-SIM/POSTLS162_V1-v4/10000/A827F1D6-AB68-E311-8DBB-90B11C2ACF20.root;/store/mc/Fall13/Neutrino_Pt-2to20_gun/GEN-SIM/POSTLS162_V1-v4/10000/A827F1D6-AB68-E311-8DBB-90B11C2ACF20.root
lumisRange=
>>> Executable cmsRun
/cvmfs/cms.cern.ch/slc6_amd64_gcc481/cms/cmssw/CMSSW_7_1_0_pre8/bin/slc6_amd64_gcc481/cmsRun
ok executable found
>>> info for dashboard:
***** Cat /wntmp/condor/compute-22-29/execute/dir_2643/glide_YPcWII/execute/dir_26557/jobreport.txt *****
MonitorJobID=17_https://submit-4.t2.ucsd.edu//140801//331280.16
MonitorID=aelwood_140801_jJets_ngun_PU40bx25_1c84ps
ExeStart=cmsRun
***** End Cat jobreport *****
Parameters sent to Dashboard.
>>> cmsRun started at Fri Aug  1 10:03:51 UTC 2014
>>> cmsRun ended at Fri Aug  1 10:42:34 UTC 2014
>>> crab_fjr_*.xml  permission set to 0704
>>> info for dashboard:
***** Cat /wntmp/condor/compute-22-29/execute/dir_2643/glide_YPcWII/execute/dir_26557/jobreport.txt *****
MonitorJobID=17_https://submit-4.t2.ucsd.edu//140801//331280.16
MonitorID=aelwood_140801_jJets_ngun_PU40bx25_1c84ps
ExeEnd=cmsRun
***** End Cat jobreport *****
Parameters sent to Dashboard.
TIME_EXE = 2323 sec
>>> cmsRun wrote 57 lines of stdout+stderr
>>> START OF printout of 57 lines from stdout+stderr
==> using COND/Services/RelationalAuthenticationService for auth, sys 1
==> using COND/Services/RelationalAuthenticationService for auth, sys 1
01-Aug-2014 03:04:06 PDT  Initiating request to open file /mnt/hadoop/store/mc/Fall13dr/Neutrino_Pt-2to20_gun/GEN-SIM-RAW/tsg_PU40bx25_POSTLS162_V2-v1/00002/58E63FC7-FF7A-E311-ADEE-002590593920.root
01-Aug-2014 03:04:07 PDT  Successfully opened file /mnt/hadoop/store/mc/Fall13dr/Neutrino_Pt-2to20_gun/GEN-SIM-RAW/tsg_PU40bx25_POSTLS162_V2-v1/00002/58E63FC7-FF7A-E311-ADEE-002590593920.root
01-Aug-2014 03:04:09 PDT  Initiating request to open file /mnt/hadoop/store/mc/Fall13/Neutrino_Pt-2to20_gun/GEN-SIM/POSTLS162_V1-v4/10000/58156EF4-AA68-E311-A5B1-90B11C1DBFB4.root
01-Aug-2014 03:04:09 PDT  Fallback request to file root://cmsxrootd.fnal.gov//store/mc/Fall13/Neutrino_Pt-2to20_gun/GEN-SIM/POSTLS162_V1-v4/10000/58156EF4-AA68-E311-A5B1-90B11C1DBFB4.root
140801 03:04:12 28760 Xrd: CheckErrorStatus: Server [cmssrmdisk.fnal.gov:1095] declared: Request 3018 not supported(error code: 3013)
01-Aug-2014 03:04:13 PDT  Successfully opened file root://cmsxrootd.fnal.gov//store/mc/Fall13/Neutrino_Pt-2to20_gun/GEN-SIM/POSTLS162_V1-v4/10000/58156EF4-AA68-E311-A5B1-90B11C1DBFB4.root
01-Aug-2014 03:04:22 PDT  Closed file root://cmsxrootd.fnal.gov//store/mc/Fall13/Neutrino_Pt-2to20_gun/GEN-SIM/POSTLS162_V1-v4/10000/58156EF4-AA68-E311-A5B1-90B11C1DBFB4.root
Stage1Layer2Producer -- Running pp implementation


----------------------------------------
Begin: L1CaloTowerProducer
----------------------------------------

01-Aug-2014 03:08:48 PDT  Closed file /mnt/hadoop/store/mc/Fall13dr/Neutrino_Pt-2to20_gun/GEN-SIM-RAW/tsg_PU40bx25_POSTLS162_V2-v1/00002/58E63FC7-FF7A-E311-ADEE-002590593920.root
01-Aug-2014 03:08:48 PDT  Initiating request to open file /mnt/hadoop/store/mc/Fall13dr/Neutrino_Pt-2to20_gun/GEN-SIM-RAW/tsg_PU40bx25_POSTLS162_V2-v1/00002/4C5CEB8D-007B-E311-AE86-0030486792AC.root
01-Aug-2014 03:08:48 PDT  Successfully opened file /mnt/hadoop/store/mc/Fall13dr/Neutrino_Pt-2to20_gun/GEN-SIM-RAW/tsg_PU40bx25_POSTLS162_V2-v1/00002/4C5CEB8D-007B-E311-AE86-0030486792AC.root
140801 03:09:39 29077 Xrd: XrdClientMessage::ReadRaw: Failed to read header (8 bytes).
140801 03:09:39 29082 Xrd: XrdClientMessage::ReadRaw: Failed to read header (8 bytes).
01-Aug-2014 03:17:59 PDT  Closed file /mnt/hadoop/store/mc/Fall13dr/Neutrino_Pt-2to20_gun/GEN-SIM-RAW/tsg_PU40bx25_POSTLS162_V2-v1/00002/4C5CEB8D-007B-E311-AE86-0030486792AC.root
01-Aug-2014 03:17:59 PDT  Initiating request to open file /mnt/hadoop/store/mc/Fall13dr/Neutrino_Pt-2to20_gun/GEN-SIM-RAW/tsg_PU40bx25_POSTLS162_V2-v1/00002/FE5206FD-FF7A-E311-B0AE-002590596484.root
01-Aug-2014 03:18:02 PDT  Successfully opened file /mnt/hadoop/store/mc/Fall13dr/Neutrino_Pt-2to20_gun/GEN-SIM-RAW/tsg_PU40bx25_POSTLS162_V2-v1/00002/FE5206FD-FF7A-E311-B0AE-002590596484.root
01-Aug-2014 03:24:34 PDT  Closed file /mnt/hadoop/store/mc/Fall13dr/Neutrino_Pt-2to20_gun/GEN-SIM-RAW/tsg_PU40bx25_POSTLS162_V2-v1/00002/FE5206FD-FF7A-E311-B0AE-002590596484.root
01-Aug-2014 03:24:34 PDT  Initiating request to open file /mnt/hadoop/store/mc/Fall13dr/Neutrino_Pt-2to20_gun/GEN-SIM-RAW/tsg_PU40bx25_POSTLS162_V2-v1/00002/96BD83E1-FF7A-E311-8ED5-00304867920A.root
01-Aug-2014 03:24:36 PDT  Successfully opened file /mnt/hadoop/store/mc/Fall13dr/Neutrino_Pt-2to20_gun/GEN-SIM-RAW/tsg_PU40bx25_POSTLS162_V2-v1/00002/96BD83E1-FF7A-E311-8ED5-00304867920A.root
140801 03:24:39 29076 Xrd: XrdClientMessage::ReadRaw: Failed to read header (8 bytes).
140801 03:24:39 29074 Xrd: XrdClientMessage::ReadRaw: Failed to read header (8 bytes).
140801 03:24:40 29078 Xrd: XrdClientMessage::ReadRaw: Failed to read header (8 bytes).
01-Aug-2014 03:32:01 PDT  Closed file /mnt/hadoop/store/mc/Fall13dr/Neutrino_Pt-2to20_gun/GEN-SIM-RAW/tsg_PU40bx25_POSTLS162_V2-v1/00002/96BD83E1-FF7A-E311-8ED5-00304867920A.root
01-Aug-2014 03:32:01 PDT  Initiating request to open file /mnt/hadoop/store/mc/Fall13dr/Neutrino_Pt-2to20_gun/GEN-SIM-RAW/tsg_PU40bx25_POSTLS162_V2-v1/00002/D02A7E8F-007B-E311-B26C-00304867924E.root
01-Aug-2014 03:32:01 PDT  Successfully opened file /mnt/hadoop/store/mc/Fall13dr/Neutrino_Pt-2to20_gun/GEN-SIM-RAW/tsg_PU40bx25_POSTLS162_V2-v1/00002/D02A7E8F-007B-E311-B26C-00304867924E.root
01-Aug-2014 03:37:43 PDT  Closed file /mnt/hadoop/store/mc/Fall13dr/Neutrino_Pt-2to20_gun/GEN-SIM-RAW/tsg_PU40bx25_POSTLS162_V2-v1/00002/D02A7E8F-007B-E311-B26C-00304867924E.root
01-Aug-2014 03:37:43 PDT  Initiating request to open file /mnt/hadoop/store/mc/Fall13dr/Neutrino_Pt-2to20_gun/GEN-SIM-RAW/tsg_PU40bx25_POSTLS162_V2-v1/00002/EA73A98D-007B-E311-A908-002618943807.root
01-Aug-2014 03:37:44 PDT  Successfully opened file /mnt/hadoop/store/mc/Fall13dr/Neutrino_Pt-2to20_gun/GEN-SIM-RAW/tsg_PU40bx25_POSTLS162_V2-v1/00002/EA73A98D-007B-E311-A908-002618943807.root
01-Aug-2014 03:42:31 PDT  Closed file /mnt/hadoop/store/mc/Fall13dr/Neutrino_Pt-2to20_gun/GEN-SIM-RAW/tsg_PU40bx25_POSTLS162_V2-v1/00002/EA73A98D-007B-E311-A908-002618943807.root

=============================================

MessageLogger Summary

 type     category        sev    module        subroutine        count    total
 ---- -------------------- -- ---------------- ----------------  -----    -----
    1 fileAction           -s AfterFile                              4        4
    2 fileAction           -s file_close                             6        6
    3 fileAction           -s file_open                             12       12

 type    category    Examples: run/evt        run/evt          run/evt
 ---- -------------------- ---------------- ---------------- ----------------
    1 fileAction           pre-events       pre-events       pre-events
    2 fileAction           PostProcessEvent PostProcessEvent PostEndRun
    3 fileAction           pre-events       pre-events       PostProcessEvent

Severity    # Occurrences   Total Occurrences
--------    -------------   -----------------
System                 22                  22
>>> END OF printout of 57 lines from stdout+stderr
>>> Parse FrameworkJobReport crab_fjr.xml
Result of parsing the FrameworkJobReport crab_fjr.xml: 
Extracted ExitStatus from FrameworkJobReport parsing output: 0
>>> Executable succeded  0
ExeExitCode=0
EXECUTABLE_EXIT_STATUS = 0
>>> current directory /wntmp/condor/compute-22-29/execute/dir_2643/glide_YPcWII/execute/dir_26557/cms_WMaBFpFyJEVU/CMSSW_7_1_0_pre8
>>>  (SOFTWARE_DIR): /wntmp/condor/compute-22-29/execute/dir_2643/glide_YPcWII/execute/dir_26557/cms_WMaBFpFyJEVU/CMSSW_7_1_0_pre8
>>> (WORKING_DIR): /wntmp/condor/compute-22-29/execute/dir_2643/glide_YPcWII/execute/dir_26557/cms_WMaBFpFyJEVU
>>> current directory content:
total 468464
drwxr-xr-x. 3 uscms4354 cms      4096 Aug  1 03:03 .SCRAM
-rw-------. 1 uscms4354 cms    916533 Aug  1 03:03 CMSSW.py.pkl
-rw-------. 1 uscms4354 cms 477782079 Aug  1 03:42 L1SkimRun.root
drwxr-xr-x. 3 uscms4354 cms      4096 Aug  1 03:03 bin
drwxr-xr-x. 3 uscms4354 cms      4096 Aug  1 03:03 cfipython
drwxr-xr-x. 4 uscms4354 cms      4096 Aug  1 03:03 config
-rw-------. 1 uscms4354 cms        18 Aug  1 03:42 cpu_timing.txt
drwxr-xr-x. 2 uscms4354 cms      4096 Aug  1 03:03 doc
-rw-------. 1 uscms4354 cms      6008 Aug  1 03:42 executable.out
drwxr-xr-x. 2 uscms4354 cms      4096 Aug  1 03:03 include
drwx------. 3 uscms4354 cms      4096 Aug  1 00:37 lib
drwxr-xr-x. 3 uscms4354 cms      4096 Aug  1 03:03 logs
drwxr-xr-x. 3 uscms4354 cms      4096 Aug  1 03:03 objs
-rw-------. 1 uscms4354 cms       104 Aug  1 03:03 pset.py
-rw-------. 1 uscms4354 cms    920355 Aug  1 03:03 pset.py.pkl
-rw-------. 1 uscms4354 cms       289 Aug  1 03:03 pset.pyc
drwxr-xr-x. 2 uscms4354 cms      4096 Aug  1 03:03 python
-rw-------. 1 uscms4354 cms       419 Aug  1 03:42 report.log
drwx------. 5 uscms4354 cms      4096 Aug  1 03:03 src
drwxr-xr-x. 3 uscms4354 cms      4096 Aug  1 03:03 test
drwxr-xr-x. 3 uscms4354 cms      4096 Aug  1 03:03 tmp
>>> current directory /wntmp/condor/compute-22-29/execute/dir_2643/glide_YPcWII/execute/dir_26557/cms_WMaBFpFyJEVU/CMSSW_7_1_0_pre8
>>> (SOFTWARE_DIR): /wntmp/condor/compute-22-29/execute/dir_2643/glide_YPcWII/execute/dir_26557/cms_WMaBFpFyJEVU/CMSSW_7_1_0_pre8
>>> (WORKING_DIR): /wntmp/condor/compute-22-29/execute/dir_2643/glide_YPcWII/execute/dir_26557/cms_WMaBFpFyJEVU
>>> current directory content:
total 468464
drwxr-xr-x. 3 uscms4354 cms      4096 Aug  1 03:03 .SCRAM
-rw-------. 1 uscms4354 cms    916533 Aug  1 03:03 CMSSW.py.pkl
-rw-------. 1 uscms4354 cms 477782079 Aug  1 03:42 L1SkimRun_17_1_cpm.root
drwxr-xr-x. 3 uscms4354 cms      4096 Aug  1 03:03 bin
drwxr-xr-x. 3 uscms4354 cms      4096 Aug  1 03:03 cfipython
drwxr-xr-x. 4 uscms4354 cms      4096 Aug  1 03:03 config
-rw-------. 1 uscms4354 cms        18 Aug  1 03:42 cpu_timing.txt
drwxr-xr-x. 2 uscms4354 cms      4096 Aug  1 03:03 doc
-rw-------. 1 uscms4354 cms      6008 Aug  1 03:42 executable.out
drwxr-xr-x. 2 uscms4354 cms      4096 Aug  1 03:03 include
drwx------. 3 uscms4354 cms      4096 Aug  1 00:37 lib
drwxr-xr-x. 3 uscms4354 cms      4096 Aug  1 03:03 logs
drwxr-xr-x. 3 uscms4354 cms      4096 Aug  1 03:03 objs
-rw-------. 1 uscms4354 cms       104 Aug  1 03:03 pset.py
-rw-------. 1 uscms4354 cms    920355 Aug  1 03:03 pset.py.pkl
-rw-------. 1 uscms4354 cms       289 Aug  1 03:03 pset.pyc
drwxr-xr-x. 2 uscms4354 cms      4096 Aug  1 03:03 python
-rw-------. 1 uscms4354 cms       419 Aug  1 03:42 report.log
drwx------. 5 uscms4354 cms      4096 Aug  1 03:03 src
drwxr-xr-x. 3 uscms4354 cms      4096 Aug  1 03:03 test
drwxr-xr-x. 3 uscms4354 cms      4096 Aug  1 03:03 tmp
>>> current directory (RUNTIME_AREA):  /wntmp/condor/compute-22-29/execute/dir_2643/glide_YPcWII/execute/dir_26557
SE = srm-eoscms.cern.ch
SE_PATH = /srm/v2/server?SFN=/eos/cms/store/user/aelwood/140801_jJets_ngun_PU40bx25/
LFNBaseName = /store/user/aelwood/140801_jJets_ngun_PU40bx25/
USER = aelwood
endpoint = srm://srm-eoscms.cern.ch:8443/srm/v2/server?SFN=/eos/cms/store/user/aelwood/140801_jJets_ngun_PU40bx25/
>>> Copy output files from WN = compute-22-29.tier2 to /srm/v2/server?SFN=/eos/cms/store/user/aelwood/140801_jJets_ngun_PU40bx25/ :
python cmscp.py  --destination srm://srm-eoscms.cern.ch:8443/srm/v2/server?SFN=/eos/cms/store/user/aelwood/140801_jJets_ngun_PU40bx25/ --inputFileList /wntmp/condor/compute-22-29/execute/dir_2643/glide_YPcWII/execute/dir_26557/cms_WMaBFpFyJEVU/CMSSW_7_1_0_pre8/L1SkimRun_17_1_cpm.root --middleware OSG --se_name srm-eoscms.cern.ch --for_lfn /store/user/aelwood/140801_jJets_ngun_PU40bx25/    
******************************************************
localSeName  =  cit-se.ultralight.org
remoteSeName =  srm-eoscms.cern.ch
******************************************************
{"/wntmp/condor/compute-22-29/execute/dir_2643/glide_YPcWII/execute/dir_26557/cms_WMaBFpFyJEVU/CMSSW_7_1_0_pre8/L1SkimRun_17_1_cpm.root": {"endpoint": "srm://srm-eoscms.cern.ch:8443/srm/v2/server?SFN=/eos/cms/store/user/aelwood/140801_jJets_ngun_PU40bx25/", "surl_for_grid": "", "reason": "ERROR: problems checking if file /wntmp/condor/compute-22-29/execute/dir_2643/glide_YPcWII/execute/dir_26557/cms_WMaBFpFyJEVU/CMSSW_7_1_0_pre8/L1SkimRun_17_1_cpm.root already exist'Error checking [L1SkimRun_17_1_cpm.root]'", "erCode": "60307", "se_name": "srm-eoscms.cern.ch", "for_lfn": "/copy_problem/"}}/wntmp/condor/compute-22-29/execute/dir_2643/glide_YPcWII/execute/dir_26557
-------- cat /wntmp/condor/compute-22-29/execute/dir_2643/glide_YPcWII/execute/dir_26557/cmscpReport.sh 
#!/bin/bash
echo "Report for File: /wntmp/condor/compute-22-29/execute/dir_2643/glide_YPcWII/execute/dir_26557/cms_WMaBFpFyJEVU/CMSSW_7_1_0_pre8/L1SkimRun_17_1_cpm.root"
echo "LFN: /copy_problem/L1SkimRun_17_1_cpm.root"
echo "StorageElement: srm-eoscms.cern.ch"
echo "StageOutExitStatusReason = 'ERROR: problems checking if file /wntmp/condor/compute-22-29/execute/dir_2643/glide_YPcWII/execute/dir_26557/cms_WMaBFpFyJEVU/CMSSW_7_1_0_pre8/L1SkimRun_17_1_cpm.root already exist Error checking [L1SkimRun_17_1_cpm.root] '" | tee -a $RUNTIME_AREA/$repo
echo "StageOutSE = srm-eoscms.cern.ch" >> $RUNTIME_AREA/$repo

export StageOutExitStatus=60307
echo "StageOutExitStatus = 60307" | tee -a $RUNTIME_AREA/$repo
-------- end of /wntmp/condor/compute-22-29/execute/dir_2643/glide_YPcWII/execute/dir_26557/cmscpReport.sh 
Report for File: /wntmp/condor/compute-22-29/execute/dir_2643/glide_YPcWII/execute/dir_26557/cms_WMaBFpFyJEVU/CMSSW_7_1_0_pre8/L1SkimRun_17_1_cpm.root
LFN: /copy_problem/L1SkimRun_17_1_cpm.root
StorageElement: srm-eoscms.cern.ch
StageOutExitStatusReason = 'ERROR: problems checking if file /wntmp/condor/compute-22-29/execute/dir_2643/glide_YPcWII/execute/dir_26557/cms_WMaBFpFyJEVU/CMSSW_7_1_0_pre8/L1SkimRun_17_1_cpm.root already exist Error checking [L1SkimRun_17_1_cpm.root] '
StageOutExitStatus = 60307
Problem copying file to srm-eoscms.cern.ch /srm/v2/server?SFN=/eos/cms/store/user/aelwood/140801_jJets_ngun_PU40bx25/
########## contents of SE interaction
2014-08-01 03:43:02.783091:
Executed:	unset LD_LIBRARY_PATH; unset GLITE_ENV_SET; export PATH=/usr/bin:/bin; source /etc/profile; source /wntmp/condor/compute-22-29/execute/dir_2643/glide_YPcWII/execute/dir_26557/CacheEnv.sh ; lcg-ls -b -D srmv2 --srm-timeout 2400 --sendreceive-timeout 2400 --connect-timeout 300 --verbose srm://srm-eoscms.cern.ch:8443/srm/v2/server?SFN=/eos/cms/store/user/aelwood/140801_jJets_ngun_PU40bx25/L1SkimRun_17_1_cpm.root
Done with exit code:	1
and output:
SE type: SRMv2
[SE][Ls][] httpg://srm-eoscms.cern.ch:8443/srm/v2/server: CGSI-gSOAP running on compute-22-29.tier2 reports Error initializing context
GSS Major Status: Authentication Failed

GSS Minor Status Error Chain:
globus_gsi_gssapi: SSLv3 handshake problems
OpenSSL Error: s3_clnt.c:1168: in library: SSL routines, function SSL3_GET_SERVER_CERTIFICATE: certificate verify failed
globus_gsi_callback_module: Could not verify credential
globus_gsi_callback_module: Can't get the local trusted CA certificate: Cannot find trusted CA certificate with hash 5168735f in /etc/grid-security/certificates/



#####################################
>>> current dir: /wntmp/condor/compute-22-29/execute/dir_2643/glide_YPcWII/execute/dir_26557
>>> current dir content:
total 15112
-rw-------. 1 uscms4354 cms     1093 Aug  1 03:43 .SEinteraction.log
-rwx------. 1 uscms4354 cms     6634 Aug  1 03:02 .job.ad
-rwx------. 1 uscms4354 cms     9661 Aug  1 03:02 .machine.ad
-rw-------. 1 uscms4354 cms      105 Aug  1 02:57 CMSSW.py
-rw-------. 1 uscms4354 cms   916533 Aug  1 02:57 CMSSW.py.pkl
-rwx------. 1 uscms4354 cms    28576 Aug  1 03:02 CMSSW.sh
-rw-------. 1 uscms4354 cms      169 Aug  1 03:03 CacheEnv.sh
-rw-------. 1 uscms4354 cms     7291 Jul 12 08:18 DashboardAPI.py
-rw-------. 1 uscms4354 cms     6755 Aug  1 03:03 DashboardAPI.pyc
drwx------. 2 uscms4354 cms     4096 Aug  1 03:42 IMProv
lrwxrwxrwx. 1 uscms4354 cms      133 Aug  1 03:42 L1SkimRun.root -> /wntmp/condor/compute-22-29/execute/dir_2643/glide_YPcWII/execute/dir_26557/cms_WMaBFpFyJEVU/CMSSW_7_1_0_pre8/L1SkimRun_17_1_cpm.root
-rw-------. 1 uscms4354 cms     2748 Jul 12 08:18 Logger.py
-rw-------. 1 uscms4354 cms     3327 Aug  1 03:03 Logger.pyc
-rw-------. 1 uscms4354 cms    24524 Jul 12 08:18 ProcInfo.py
-rw-------. 1 uscms4354 cms    23101 Aug  1 03:03 ProcInfo.pyc
drwx------. 7 uscms4354 cms     4096 Aug  1 03:03 ProdCommon
drwx------. 3 uscms4354 cms     4096 Aug  1 03:03 WMCore
-rw-------. 1 uscms4354 cms     6711 Aug  1 03:47 Watchdog_17.log
-rwx------. 1 uscms4354 cms        0 Aug  1 03:03 _condor_stderr
-rwx---r--. 1 uscms4354 cms    25547 Aug  1 03:47 _condor_stdout
-rw-------. 1 uscms4354 cms    32895 Jul 12 08:18 apmon.py
-rw-------. 1 uscms4354 cms    28509 Aug  1 03:03 apmon.pyc
-rwx------. 1 uscms4354 cms   240046 Aug  1 03:02 arguments.xml
drwx------. 3 uscms4354 cms     4096 Aug  1 03:03 cms_WMaBFpFyJEVU
-rwx------. 1 uscms4354 cms    38524 Jul 12 08:18 cmscp.py
-rw-------. 1 uscms4354 cms      708 Aug  1 03:47 cmscpReport.sh
-rwx------. 1 uscms4354 cms    28576 Aug  1 03:02 condor_exec.exe
-rw-------. 1 uscms4354 cms      759 Aug  1 02:56 crab.cfg
-rwx------. 1 uscms4354 cms     8610 Jul 12 08:18 crabWatchdog.sh
-rwx---r--. 1 uscms4354 cms    71011 Aug  1 03:42 crab_fjr_17.xml
-rwx------. 1 uscms4354 cms 13818897 Aug  1 03:02 default.tgz
-rwx------. 1 uscms4354 cms     4488 Jul 12 08:18 fillCrabFjr.py
-rw-------. 1 uscms4354 cms     2158 Aug  1 03:03 inputsReport.txt
-rw-------. 1 uscms4354 cms      454 Aug  1 03:47 jobreport.txt
-rw-------. 1 uscms4354 cms    17352 Jul 12 08:18 parseCrabFjr.py
-rw-------. 1 uscms4354 cms      342 Aug  1 03:03 report.log
-rwx--x--x. 1 uscms4354 cms     1497 Jul 12 08:18 report.py
-rw-------. 1 uscms4354 cms      596 Aug  1 03:47 resultCopyFile
-rwx------. 1 uscms4354 cms     8351 Jul 12 08:18 writeCfg.py
-rw-------. 1 uscms4354 cms     8087 Aug  1 03:02 x509up_u41660
>>> Modify Job Report:
CMSSW_VERSION = CMSSW_7_1_0_pre8
/wntmp/condor/compute-22-29/execute/dir_2643/glide_YPcWII/execute/dir_26557/ProdCommon/FwkJobRep/ModifyJobReport.py fjr /wntmp/condor/compute-22-29/execute/dir_2643/glide_YPcWII/execute/dir_26557/crab_fjr_17.xml json /wntmp/condor/compute-22-29/execute/dir_2643/glide_YPcWII/execute/dir_26557/resultCopyFile n_job 17_1_cpm PrimaryDataset Neutrino_Pt-2to20_gun  ApplicationFamily cmsRun ApplicationName cmsRun cmssw_version CMSSW_7_1_0_pre8 psethash 951aa882d2ac167e3fe15038b4453880
inputDict =  {u'/wntmp/condor/compute-22-29/execute/dir_2643/glide_YPcWII/execute/dir_26557/cms_WMaBFpFyJEVU/CMSSW_7_1_0_pre8/L1SkimRun_17_1_cpm.root': {u'endpoint': u'srm://srm-eoscms.cern.ch:8443/srm/v2/server?SFN=/eos/cms/store/user/aelwood/140801_jJets_ngun_PU40bx25/', u'surl_for_grid': u'', u'reason': u"ERROR: problems checking if file /wntmp/condor/compute-22-29/execute/dir_2643/glide_YPcWII/execute/dir_26557/cms_WMaBFpFyJEVU/CMSSW_7_1_0_pre8/L1SkimRun_17_1_cpm.root already exist'Error checking [L1SkimRun_17_1_cpm.root]'", u'erCode': u'60307', u'se_name': u'srm-eoscms.cern.ch', u'for_lfn': u'/copy_problem/'}}
UserProcessedDataset =  
file_name in inputDict =  /wntmp/condor/compute-22-29/execute/dir_2643/glide_YPcWII/execute/dir_26557/cms_WMaBFpFyJEVU/CMSSW_7_1_0_pre8/L1SkimRun_17_1_cpm.root
(size) os.stat(filename)[6] =  477782079
checksum =  4280750999
    file =  L1SkimRun_17_1_cpm.root
    newPfn =  srm://srm-eoscms.cern.ch:8443/srm/v2/server?SFN=/eos/cms/store/user/aelwood/140801_jJets_ngun_PU40bx25/L1SkimRun_17_1_cpm.root
    newLfn =  /copy_problem/L1SkimRun_17_1_cpm.root
>>> crab_fjr_*.xml  permission set to 0704
CrabWrapper EXIT_FUNC entered at Fri Aug  1 03:47:45 PDT 2014   -  Fri Aug  1 10:47:45 UTC 2014
Checking output files:  
will tar file crab_fjr_17.xml in  out_files_17
WARNING: output file CMSSW_17.stdout not found!
WARNING: output file CMSSW_17.stderr not found!
WARNING: output file Watchdog_17.log.gz not found!
>>> working dir = /wntmp/condor/compute-22-29/execute/dir_2643/glide_YPcWII/execute/dir_26557/cms_WMaBFpFyJEVU
>>> current directory (RUNTIME_AREA): /wntmp/condor/compute-22-29/execute/dir_2643/glide_YPcWII/execute/dir_26557
>>> Remove working directory: /wntmp/condor/compute-22-29/execute/dir_2643/glide_YPcWII/execute/dir_26557/cms_WMaBFpFyJEVU
/wntmp/condor/compute-22-29/execute/dir_2643/glide_YPcWII/execute/dir_26557/condor_exec.exe: line 140: symlinks: command not found
>>> padding time: Wrapper lasting more than 600 seconds. No sleep required.
STOPPING WATCHDOG. CrabWatchdog PID is 28165
********** LAST 50 LINES OF WATCHDOG LOG
 Aug 01 03:09:44 PDT	28760	596760	963184	149	246	364	cmsRun -j /wntmp/condor/compute-22-29/execute/dir_2643/glide_YPcWII/execute/dir_26557/crab_fjr_17.xml -p pset.py      
 Aug 01 03:09:44 PDT	---	596760	963184	161	----	----	----
 Aug 01 03:10:44 PDT	28760	596884	963184	161	286	425	cmsRun -j /wntmp/condor/compute-22-29/execute/dir_2643/glide_YPcWII/execute/dir_26557/crab_fjr_17.xml -p pset.py      
 Aug 01 03:10:44 PDT	---	596884	963184	173	----	----	----
 Aug 01 03:11:45 PDT	---	596884	963184	184	----	----	----
 Aug 01 03:12:46 PDT	28760	597188	963184	184	372	547	cmsRun -j /wntmp/condor/compute-22-29/execute/dir_2643/glide_YPcWII/execute/dir_26557/crab_fjr_17.xml -p pset.py      
 Aug 01 03:12:46 PDT	---	597188	963184	199	----	----	----
 Aug 01 03:13:47 PDT	28760	597520	963184	199	416	607	cmsRun -j /wntmp/condor/compute-22-29/execute/dir_2643/glide_YPcWII/execute/dir_26557/crab_fjr_17.xml -p pset.py      
 Aug 01 03:13:47 PDT	---	597520	963184	211	----	----	----
 Aug 01 03:14:47 PDT	---	597520	963184	215	----	----	----
 Aug 01 03:15:48 PDT	28760	598032	963184	215	432	729	cmsRun -j /wntmp/condor/compute-22-29/execute/dir_2643/glide_YPcWII/execute/dir_26557/crab_fjr_17.xml -p pset.py      
 Aug 01 03:15:48 PDT	---	598032	963184	216	----	----	----
 Aug 01 03:16:49 PDT	---	598032	963184	220	----	----	----
 Aug 01 03:17:49 PDT	---	598032	963184	232	----	----	----
 Aug 01 03:18:50 PDT	---	598032	963184	241	----	----	----
# TIME			PID	RSS(KB)	VSZ(KB)	Dsk(MB)	tCPU(s)	tWALL(s)	COMMAND
 Aug 01 03:19:51 PDT	28760	598140	963184	241	556	971	cmsRun -j /wntmp/condor/compute-22-29/execute/dir_2643/glide_YPcWII/execute/dir_26557/crab_fjr_17.xml -p pset.py      
 Aug 01 03:19:51 PDT	---	598140	963184	255	----	----	----
 Aug 01 03:20:51 PDT	28760	598144	963184	255	602	1032	cmsRun -j /wntmp/condor/compute-22-29/execute/dir_2643/glide_YPcWII/execute/dir_26557/crab_fjr_17.xml -p pset.py      
 Aug 01 03:20:51 PDT	---	598144	963184	269	----	----	----
 Aug 01 03:21:52 PDT	---	598144	963184	282	----	----	----
 Aug 01 03:22:53 PDT	28760	598200	963184	282	695	1153	cmsRun -j /wntmp/condor/compute-22-29/execute/dir_2643/glide_YPcWII/execute/dir_26557/crab_fjr_17.xml -p pset.py      
 Aug 01 03:22:53 PDT	---	598200	963184	297	----	----	----
 Aug 01 03:23:53 PDT	---	598200	963184	312	----	----	----
 Aug 01 03:24:54 PDT	---	598200	963184	326	----	----	----
 Aug 01 03:25:55 PDT	---	598200	963184	338	----	----	----
 Aug 01 03:26:56 PDT	---	598200	963184	353	----	----	----
 Aug 01 03:27:56 PDT	---	598200	963184	367	----	----	----
 Aug 01 03:28:57 PDT	---	598200	963184	383	----	----	----
 Aug 01 03:29:58 PDT	---	598200	963184	397	----	----	----
 Aug 01 03:30:58 PDT	---	598200	963184	405	----	----	----
 Aug 01 03:31:59 PDT	---	598200	963184	408	----	----	----
 Aug 01 03:33:00 PDT	28760	598612	963184	408	1100	1760	cmsRun -j /wntmp/condor/compute-22-29/execute/dir_2643/glide_YPcWII/execute/dir_26557/crab_fjr_17.xml -p pset.py      
 Aug 01 03:33:00 PDT	---	598612	963184	420	----	----	----
 Aug 01 03:34:00 PDT	28760	599688	963184	420	1150	1821	cmsRun -j /wntmp/condor/compute-22-29/execute/dir_2643/glide_YPcWII/execute/dir_26557/crab_fjr_17.xml -p pset.py      
 Aug 01 03:34:00 PDT	---	599688	963184	436	----	----	----
 Aug 01 03:35:01 PDT	---	599688	963184	451	----	----	----
 Aug 01 03:36:02 PDT	28760	599804	963184	451	1248	1942	cmsRun -j /wntmp/condor/compute-22-29/execute/dir_2643/glide_YPcWII/execute/dir_26557/crab_fjr_17.xml -p pset.py      
 Aug 01 03:36:02 PDT	---	599804	963184	467	----	----	----
 Aug 01 03:37:03 PDT	---	599804	963184	482	----	----	----
 Aug 01 03:38:03 PDT	---	599804	963184	496	----	----	----
 Aug 01 03:39:04 PDT	---	599804	963184	500	----	----	----
 Aug 01 03:40:05 PDT	---	599804	963184	506	----	----	----
 Aug 01 03:41:05 PDT	---	599804	963184	520	----	----	----
 Aug 01 03:42:06 PDT	---	599804	963184	535	----	----	----
 Aug 01 03:43:07 PDT	---	599804	963184	544	----	----	----
# TIME			PID	RSS(KB)	VSZ(KB)	Dsk(MB)	tCPU(s)	tWALL(s)	COMMAND
# TIME			PID	RSS(KB)	VSZ(KB)	Dsk(MB)	tCPU(s)	tWALL(s)	COMMAND
# TIME			PID	RSS(KB)	VSZ(KB)	Dsk(MB)	tCPU(s)	tWALL(s)	COMMAND
# TIME			PID	RSS(KB)	VSZ(KB)	Dsk(MB)	tCPU(s)	tWALL(s)	COMMAND
********** WATCHDOG LOG ENDED
ZIPPING WATCHDOG LOG
Disk space used:
du -sh /wntmp/condor/compute-22-29/execute/dir_2643/glide_YPcWII/execute/dir_26557
17M	/wntmp/condor/compute-22-29/execute/dir_2643/glide_YPcWII/execute/dir_26557
Found unusual stdout, rename for OSB
`/wntmp/condor/compute-22-29/execute/dir_2643/glide_YPcWII/execute/dir_26557/_condor_stdout' -> `CMSSW_17.stdout'
Found unusual stderr, rename for OSB
`/wntmp/condor/compute-22-29/execute/dir_2643/glide_YPcWII/execute/dir_26557/_condor_stdout' -> `CMSSW_17.stderr'
crab_fjr_17.xml
CMSSW_17.stdout
CMSSW_17.stderr
Watchdog_17.log.gz
Total Output dimension: 21117
WARNING: output files size limit is set to: 50000000
Total Output dimension 21117 is fine.
JOB_EXIT_STATUS = 60307
>>> info for dashboard:
***** Cat /wntmp/condor/compute-22-29/execute/dir_2643/glide_YPcWII/execute/dir_26557/jobreport.txt *****
MonitorJobID=17_https://submit-4.t2.ucsd.edu//140801//331280.16
MonitorID=aelwood_140801_jJets_ngun_PU40bx25_1c84ps
ExeTime=2323
ExeExitCode=0
StageOutExitStatusReason = 'ERROR: problems checking if file /wntmp/condor/compute-22-29/execute/dir_2643/glide_YPcWII/execute/dir_26557/cms_WMaBFpFyJEVU/CMSSW_7_1_0_pre8/L1SkimRun_17_1_cpm.root already exist Error checking [L1SkimRun_17_1_cpm.root] '
StageOutSE = srm-eoscms.cern.ch
StageOutExitStatus = 60307
CrabUserCpuTime=1469.48
CrabSysCpuTime=24.07
CrabCpuPercentage=64%
CrabWrapperTime=2683
CrabStageoutTime=298
JobExitCode=60307
***** End Cat jobreport *****
Parameters sent to Dashboard.
EXITING at Fri Aug  1 03:47:47 PDT 2014  -  Fri Aug  1 10:47:47 UTC 2014
