This script was generated by crab (version 2.10.6).
Running /wntmp/condor/compute-14-10/execute/dir_25178/glide_41MYt2/execute/dir_17754/condor_exec.exe with 2 positional parameters: 3 1
Today is Fri Aug  1 03:01:35 PDT 2014 - Fri Aug  1 10:01:35 UTC 2014
Job submitted on host compute-14-10.tier2
Linux compute-14-10.tier2 2.6.32-358.11.1.el6.x86_64 #1 SMP Wed Jun 12 03:34:52 UTC 2013 x86_64 x86_64 x86_64 GNU/Linux
>>> current directory (RUNTIME_AREA): /wntmp/condor/compute-14-10/execute/dir_25178/glide_41MYt2/execute/dir_17754
>>> current user: uid=20804(uscms4354) gid=504(cms) groups=504(cms),65001(glexec65001) context=unconfined_u:system_r:condor_startd_t:s0
>>> directory permission set to 0700
>>> umask set to:  u=rwx,g=,o=
>>> stdout stderr permission set to 0704
>>> voms proxy information:
subject   : /C=UK/O=eScience/OU=Imperial/L=Physics/CN=adam elwood/CN=1171778048/CN=1070499277
issuer    : /C=UK/O=eScience/OU=Imperial/L=Physics/CN=adam elwood/CN=1171778048
identity  : /C=UK/O=eScience/OU=Imperial/L=Physics/CN=adam elwood/CN=1171778048
type      : RFC compliant proxy
strength  : 1024 bits
path      : /wntmp/condor/compute-14-10/execute/dir_25178/glide_41MYt2/execute/dir_17754/x509up_u41660
timeleft  : 23:59:57
key usage : Digital Signature, Key Encipherment, Key Agreement
=== VO cms extension information ===
VO        : cms
subject   : /C=UK/O=eScience/OU=Imperial/L=Physics/CN=adam elwood
issuer    : /DC=ch/DC=cern/OU=computers/CN=lcg-voms.cern.ch
attribute : /cms/Role=NULL/Capability=NULL
timeleft  : 191:51:41
uri       : lcg-voms.cern.ch:15002
WNHostName=compute-14-10.tier2
>>> tar --no-same-permissions -xf /wntmp/condor/compute-14-10/execute/dir_25178/glide_41MYt2/execute/dir_17754/default.tgz :
Successful untar
>>> Include /wntmp/condor/compute-14-10/execute/dir_25178/glide_41MYt2/execute/dir_17754 in PYTHONPATH:
strip arguments
env var CRAB_UNIQUE_JOB_ID set to: aelwood_140801_jJets_ngun_PU40bx25_1c84ps_3_1_uPD
out_files_3
>>> list of expected files on output sandbox
output files: crab_fjr_3.xml CMSSW_3.stdout CMSSW_3.stderr Watchdog_3.log.gz
>>> GridFlavour discovery: 
source OSG GRID setup script
GridFlavour=OSG
>>> SyncSite discovery: 
SyncSite=T2_US_Caltech
>>> SyncCE discovery: 
getting SyncCE from OSG_JOB_CONTACT
SyncCE=itb-ce.ultralight.org/jobmanager-condor
>>> info for dashboard:
***** Cat /wntmp/condor/compute-14-10/execute/dir_25178/glide_41MYt2/execute/dir_17754/jobreport.txt *****
WNHostName=compute-14-10.tier2
MonitorJobID=3_https://submit-4.t2.ucsd.edu//140801//331280.2
SyncGridJobId=https://submit-4.t2.ucsd.edu//140801//331280.2
MonitorID=aelwood_140801_jJets_ngun_PU40bx25_1c84ps
GridFlavour=OSG
SyncSite=T2_US_Caltech
SyncCE=itb-ce.ultralight.org/jobmanager-condor
***** End Cat jobreport *****
Parameters sent to Dashboard.
>>> setup environment
set SCRAM ARCH to slc6_amd64_gcc481
SCRAM_ARCH = slc6_amd64_gcc481
>>> Created working directory: /wntmp/condor/compute-14-10/execute/dir_25178/glide_41MYt2/execute/dir_17754/cms_w1p2WF0fTbls
Change to working directory: /wntmp/condor/compute-14-10/execute/dir_25178/glide_41MYt2/execute/dir_17754/cms_w1p2WF0fTbls
>>> current directory (WORKING_DIR): /wntmp/condor/compute-14-10/execute/dir_25178/glide_41MYt2/execute/dir_17754/cms_w1p2WF0fTbls
>>> setup CMS OSG environment:
set SCRAM ARCH to slc6_amd64_gcc481
SCRAM_ARCH = slc6_amd64_gcc481
OSG_APP is /raid1/osg-app
sourcing /raid1/osg-app/cmssoft/cms/cmsset_default.sh ...
==> setup cms environment ok
SCRAM_ARCH = slc6_amd64_gcc481
>>> specific cmssw setup environment:
CMSSW_VERSION =  CMSSW_7_1_0_pre8
>>> current directory (SOFTWARE_DIR): /wntmp/condor/compute-14-10/execute/dir_25178/glide_41MYt2/execute/dir_17754/cms_w1p2WF0fTbls/CMSSW_7_1_0_pre8
PreserveSeeds: <>
IncrementSeeds:<>
>>> info for dashboard:
***** Cat /wntmp/condor/compute-14-10/execute/dir_25178/glide_41MYt2/execute/dir_17754/jobreport.txt *****
MonitorJobID=3_https://submit-4.t2.ucsd.edu//140801//331280.2
MonitorID=aelwood_140801_jJets_ngun_PU40bx25_1c84ps
***** End Cat jobreport *****
Parameters sent to Dashboard.
crabWatchdog started as process 18251
>>> moving CMSSW software directories in /wntmp/condor/compute-14-10/execute/dir_25178/glide_41MYt2/execute/dir_17754/cms_w1p2WF0fTbls/CMSSW_7_1_0_pre8
mv: cannot stat `/wntmp/condor/compute-14-10/execute/dir_25178/glide_41MYt2/execute/dir_17754/module/': No such file or directory
>>> Include /wntmp/condor/compute-14-10/execute/dir_25178/glide_41MYt2/execute/dir_17754 in PYTHONPATH:
PYTHONPATH=/wntmp/condor/compute-14-10/execute/dir_25178/glide_41MYt2/execute/dir_17754/:/wntmp/condor/compute-14-10/execute/dir_25178/glide_41MYt2/execute/dir_17754/cms_w1p2WF0fTbls/CMSSW_7_1_0_pre8/python:/wntmp/condor/compute-14-10/execute/dir_25178/glide_41MYt2/execute/dir_17754/cms_w1p2WF0fTbls/CMSSW_7_1_0_pre8/lib/slc6_amd64_gcc481:/cvmfs/cms.cern.ch/slc6_amd64_gcc481/cms/cmssw/CMSSW_7_1_0_pre8/python:/cvmfs/cms.cern.ch/slc6_amd64_gcc481/cms/cmssw/CMSSW_7_1_0_pre8/lib/slc6_amd64_gcc481:/cvmfs/cms.cern.ch/slc6_amd64_gcc481/cms/coral/CORAL_2_3_21-cms20/slc6_amd64_gcc481/python:/cvmfs/cms.cern.ch/slc6_amd64_gcc481/cms/coral/CORAL_2_3_21-cms20/slc6_amd64_gcc481/lib:/cvmfs/cms.cern.ch/slc6_amd64_gcc481/external/pyqt/4.8.1-cms/lib/python2.7/site-packages:/cvmfs/cms.cern.ch/slc6_amd64_gcc481/external/py2-scipy/0.8.0-cms/lib/python2.7/site-packages:/cvmfs/cms.cern.ch/slc6_amd64_gcc481/external/py2-matplotlib/1.2.1-cms/lib/python2.7/site-packages:/cvmfs/cms.cern.ch/slc6_amd64_gcc481/external/yoda/1.0.4/lib/python2.7/site-packages:/cvmfs/cms.cern.ch/slc6_amd64_gcc481/external/python-ldap/2.4.10-cms/lib/python2.7/site-packages:/cvmfs/cms.cern.ch/slc6_amd64_gcc481/external/sip/4.11.2-cms/lib/python2.7/site-packages:/cvmfs/cms.cern.ch/slc6_amd64_gcc481/external/llvm/3.4/lib/python2.7/site-packages:/cvmfs/cms.cern.ch/slc6_amd64_gcc481/external/py2-sqlalchemy/0.8.2-cms2/lib/python2.7/site-packages:/cvmfs/cms.cern.ch/slc6_amd64_gcc481/external/py2-pycurl/7.19.0-cms/lib/python2.7/site-packages:/cvmfs/cms.cern.ch/slc6_amd64_gcc481/external/py2-python-dateutil/1.1-cms/lib/python2.7/site-packages:/cvmfs/cms.cern.ch/slc6_amd64_gcc481/external/py2-numpy/1.6.1-cms/lib/python2.7/site-packages:/cvmfs/cms.cern.ch/slc6_amd64_gcc481/external/py2-lint/0.25.1-cms/lib/python2.7/site-packages:/cvmfs/cms.cern.ch/slc6_amd64_gcc481/external/py2-ipython/0.10-cms/lib/python2.7/site-packages:/cvmfs/cms.cern.ch/slc6_amd64_gcc481/external/py2-cx-oracle/5.1-cms2/lib/python2.7/site-packages:/cvmfs/cms.cern.ch/slc6_amd64_gcc481/external/py2-cjson/1.0.5-cms/lib/python2.7/site-packages:/cvmfs/cms.cern.ch/slc6_amd64_gcc481/external/frontier_client/2.8.10/python/lib:/cvmfs/cms.cern.ch/slc6_amd64_gcc481/cms/das-client/2.5.0/bin:/cvmfs/cms.cern.ch/slc6_amd64_gcc481/external/cython/0.19.1/lib/python2.7/site-packages:/cvmfs/cms.cern.ch/slc6_amd64_gcc481/external/rivet/1.8.2-cms4/lib/python2.7/site-packages:/cvmfs/cms.cern.ch/slc6_amd64_gcc481/external/pyminuit2/0.0.1-cms13/lib/python2.7/site-packages:/cvmfs/cms.cern.ch/slc6_amd64_gcc481/external/py2-pygithub/1.23.0/lib/python2.7/site-packages:/cvmfs/cms.cern.ch/slc6_amd64_gcc481/external/py2-networkx/1.8.1/lib/python2.7/site-packages:/cvmfs/cms.cern.ch/slc6_amd64_gcc481/external/professor/1.0.0-cms13/lib/python2.7/site-packages:/cvmfs/cms.cern.ch/slc6_amd64_gcc481/lcg/root/5.34.18/lib:/cvmfs/cms.cern.ch/slc6_amd64_gcc481/cms/dbs-client/DBS_2_1_9-cms/lib:/cvmfs/cms.cern.ch/slc6_amd64_gcc481/cms/dbs-client/DBS_2_1_9-cms/lib/DBSAPI:/cvmfs/cms.cern.ch/slc6_amd64_gcc481/external/cvs2git/5419-cms/lib:/wntmp/condor/compute-14-10/execute/dir_25178/glide_41MYt2/execute/dir_17754/
 
# LIMITS USED BY CRAB WATCHDOG:
# RSS  (KBytes)   : 2300000
# VSZ  (KBytes)   : 100000000
# DISK (MBytes)   : 19000
# CPU TIME        : 720h:0m:0s
# WALL CLOCK TIME : 21h:50m:0s
 
951aa882d2ac167e3fe15038b4453880
PSETHASH = 951aa882d2ac167e3fe15038b4453880
/wntmp/condor/compute-14-10/execute/dir_25178/glide_41MYt2/execute/dir_17754/writeCfg.py pset.py pset.py
Importing .py file
Setting parameters
RandomNumberGeneratorService found, will attempt to change seeds
inputBlocks=/Neutrino_Pt-2to20_gun/Fall13dr-tsg_PU40bx25_POSTLS162_V2-v1/GEN-SIM-RAW#09b9f490-7aa3-11e3-b1c2-003048f02d38
inputFiles=/store/mc/Fall13dr/Neutrino_Pt-2to20_gun/GEN-SIM-RAW/tsg_PU40bx25_POSTLS162_V2-v1/00002/D4B5040F-DF7A-E311-9169-003048FFD71E.root;/store/mc/Fall13dr/Neutrino_Pt-2to20_gun/GEN-SIM-RAW/tsg_PU40bx25_POSTLS162_V2-v1/00002/FEC7F032-DE7A-E311-B2FD-0025905964A2.root;/store/mc/Fall13dr/Neutrino_Pt-2to20_gun/GEN-SIM-RAW/tsg_PU40bx25_POSTLS162_V2-v1/00002/162F88D2-B97A-E311-A125-003048FFD730.root;/store/mc/Fall13dr/Neutrino_Pt-2to20_gun/GEN-SIM-RAW/tsg_PU40bx25_POSTLS162_V2-v1/00002/C259E597-AC7A-E311-AFAB-00248C0BE014.root;/store/mc/Fall13dr/Neutrino_Pt-2to20_gun/GEN-SIM-RAW/tsg_PU40bx25_POSTLS162_V2-v1/00002/E82C4743-AB7A-E311-A8E2-003048FFCC1E.root;/store/mc/Fall13dr/Neutrino_Pt-2to20_gun/GEN-SIM-RAW/tsg_PU40bx25_POSTLS162_V2-v1/00002/F2B19BC0-A97A-E311-B552-00259059642A.root;/store/mc/Fall13dr/Neutrino_Pt-2to20_gun/GEN-SIM-RAW/tsg_PU40bx25_POSTLS162_V2-v1/00002/A82A4CAA-A97A-E311-B453-002618FDA277.root
parentFiles=/store/mc/Fall13/Neutrino_Pt-2to20_gun/GEN-SIM/POSTLS162_V1-v4/10000/C004547E-AC68-E311-9972-003048F5B2A0.root;/store/mc/Fall13/Neutrino_Pt-2to20_gun/GEN-SIM/POSTLS162_V1-v4/10000/C24871F4-AA68-E311-9366-90B11C1DBFB4.root;/store/mc/Fall13/Neutrino_Pt-2to20_gun/GEN-SIM/POSTLS162_V1-v4/10000/0E6630EA-AA68-E311-9082-003048F5B2A0.root;/store/mc/Fall13/Neutrino_Pt-2to20_gun/GEN-SIM/POSTLS162_V1-v4/10000/0A8C8CED-AB68-E311-80BE-90B11C27F89E.root;/store/mc/Fall13/Neutrino_Pt-2to20_gun/GEN-SIM/POSTLS162_V1-v4/10000/C004547E-AC68-E311-9972-003048F5B2A0.root;/store/mc/Fall13/Neutrino_Pt-2to20_gun/GEN-SIM/POSTLS162_V1-v4/10000/82AB555F-AC68-E311-98DF-002590821320.root;/store/mc/Fall13/Neutrino_Pt-2to20_gun/GEN-SIM/POSTLS162_V1-v4/10000/344D4760-AC68-E311-85FA-003048F5B5F4.root;/store/mc/Fall13/Neutrino_Pt-2to20_gun/GEN-SIM/POSTLS162_V1-v4/10000/8CC4F979-AC68-E311-864D-90B11C27F89E.root;/store/mc/Fall13/Neutrino_Pt-2to20_gun/GEN-SIM/POSTLS162_V1-v4/10000/72F5897D-AC68-E311-AAF6-90B11C1DBFB4.root;/store/mc/Fall13/Neutrino_Pt-2to20_gun/GEN-SIM/POSTLS162_V1-v4/10000/1A5080F4-AA68-E311-BFFB-90B11C1DBFB4.root;/store/mc/Fall13/Neutrino_Pt-2to20_gun/GEN-SIM/POSTLS162_V1-v4/10001/70B019EE-B168-E311-AB88-003048F5B69A.root;/store/mc/Fall13/Neutrino_Pt-2to20_gun/GEN-SIM/POSTLS162_V1-v4/10000/1433FB5A-AB68-E311-9ADF-002590491AE4.root;/store/mc/Fall13/Neutrino_Pt-2to20_gun/GEN-SIM/POSTLS162_V1-v4/10000/8E0B195E-AB68-E311-A174-0025904AC2CA.root;/store/mc/Fall13/Neutrino_Pt-2to20_gun/GEN-SIM/POSTLS162_V1-v4/10000/C24871F4-AA68-E311-9366-90B11C1DBFB4.root;/store/mc/Fall13/Neutrino_Pt-2to20_gun/GEN-SIM/POSTLS162_V1-v4/10000/0E6630EA-AA68-E311-9082-003048F5B2A0.root;/store/mc/Fall13/Neutrino_Pt-2to20_gun/GEN-SIM/POSTLS162_V1-v4/10000/0E75F3DF-AB68-E311-8BA9-003048F5B5F4.root;/store/mc/Fall13/Neutrino_Pt-2to20_gun/GEN-SIM/POSTLS162_V1-v4/10000/3228DBE4-AB68-E311-AFE5-0025904A91F6.root;/store/mc/Fall13/Neutrino_Pt-2to20_gun/GEN-SIM/POSTLS162_V1-v4/10000/08BDA2EE-AB68-E311-BD33-0025904AC2CA.root;/store/mc/Fall13/Neutrino_Pt-2to20_gun/GEN-SIM/POSTLS162_V1-v4/10000/7632CAE8-AB68-E311-AA1C-90B11C27EA38.root;/store/mc/Fall13/Neutrino_Pt-2to20_gun/GEN-SIM/POSTLS162_V1-v4/10000/32F7F53B-AC68-E311-AE43-003048F5B6A9.root;/store/mc/Fall13/Neutrino_Pt-2to20_gun/GEN-SIM/POSTLS162_V1-v4/10000/D88E20AB-AC68-E311-8CB4-0025901D08BE.root;/store/mc/Fall13/Neutrino_Pt-2to20_gun/GEN-SIM/POSTLS162_V1-v4/10000/0E75F3DF-AB68-E311-8BA9-003048F5B5F4.root;/store/mc/Fall13/Neutrino_Pt-2to20_gun/GEN-SIM/POSTLS162_V1-v4/10000/3228DBE4-AB68-E311-AFE5-0025904A91F6.root;/store/mc/Fall13/Neutrino_Pt-2to20_gun/GEN-SIM/POSTLS162_V1-v4/10000/10CAFE4F-AC68-E311-95FB-002590821320.root;/store/mc/Fall13/Neutrino_Pt-2to20_gun/GEN-SIM/POSTLS162_V1-v4/10000/0CD6C959-AC68-E311-8933-003048F5ADEA.root;/store/mc/Fall13/Neutrino_Pt-2to20_gun/GEN-SIM/POSTLS162_V1-v4/10000/32F7F53B-AC68-E311-AE43-003048F5B6A9.root;/store/mc/Fall13/Neutrino_Pt-2to20_gun/GEN-SIM/POSTLS162_V1-v4/10000/D88E20AB-AC68-E311-8CB4-0025901D08BE.root;/store/mc/Fall13/Neutrino_Pt-2to20_gun/GEN-SIM/POSTLS162_V1-v4/10000/C004547E-AC68-E311-9972-003048F5B2A0.root;/store/mc/Fall13/Neutrino_Pt-2to20_gun/GEN-SIM/POSTLS162_V1-v4/10000/E041DDFB-AC68-E311-AAA4-003048F5B2A0.root;/store/mc/Fall13/Neutrino_Pt-2to20_gun/GEN-SIM/POSTLS162_V1-v4/10000/10CAFE4F-AC68-E311-95FB-002590821320.root;/store/mc/Fall13/Neutrino_Pt-2to20_gun/GEN-SIM/POSTLS162_V1-v4/10000/D88E20AB-AC68-E311-8CB4-0025901D08BE.root;/store/mc/Fall13/Neutrino_Pt-2to20_gun/GEN-SIM/POSTLS162_V1-v4/10000/54B76B39-AC68-E311-88C6-003048F5ADEA.root;/store/mc/Fall13/Neutrino_Pt-2to20_gun/GEN-SIM/POSTLS162_V1-v4/10000/3228DBE4-AB68-E311-AFE5-0025904A91F6.root;/store/mc/Fall13/Neutrino_Pt-2to20_gun/GEN-SIM/POSTLS162_V1-v4/10000/542C6E62-AC68-E311-8B06-0025904AC2CA.root;/store/mc/Fall13/Neutrino_Pt-2to20_gun/GEN-SIM/POSTLS162_V1-v4/10000/C05AB95E-AC68-E311-9422-003048F5B69A.root;/store/mc/Fall13/Neutrino_Pt-2to20_gun/GEN-SIM/POSTLS162_V1-v4/10000/C004547E-AC68-E311-9972-003048F5B2A0.root;/store/mc/Fall13/Neutrino_Pt-2to20_gun/GEN-SIM/POSTLS162_V1-v4/10000/784810E4-AC68-E311-97B0-00259048B754.root;/store/mc/Fall13/Neutrino_Pt-2to20_gun/GEN-SIM/POSTLS162_V1-v4/10000/A8397A0E-AC68-E311-BA4E-003048D374BC.root;/store/mc/Fall13/Neutrino_Pt-2to20_gun/GEN-SIM/POSTLS162_V1-v4/10001/9C1E0733-AE68-E311-93F0-02163E00BB5C.root;/store/mc/Fall13/Neutrino_Pt-2to20_gun/GEN-SIM/POSTLS162_V1-v4/10000/0E75F3DF-AB68-E311-8BA9-003048F5B5F4.root;/store/mc/Fall13/Neutrino_Pt-2to20_gun/GEN-SIM/POSTLS162_V1-v4/10000/3228DBE4-AB68-E311-AFE5-0025904A91F6.root
lumisRange=
>>> Executable cmsRun
/cvmfs/cms.cern.ch/slc6_amd64_gcc481/cms/cmssw/CMSSW_7_1_0_pre8/bin/slc6_amd64_gcc481/cmsRun
ok executable found
>>> info for dashboard:
***** Cat /wntmp/condor/compute-14-10/execute/dir_25178/glide_41MYt2/execute/dir_17754/jobreport.txt *****
MonitorJobID=3_https://submit-4.t2.ucsd.edu//140801//331280.2
MonitorID=aelwood_140801_jJets_ngun_PU40bx25_1c84ps
ExeStart=cmsRun
***** End Cat jobreport *****
Parameters sent to Dashboard.
>>> cmsRun started at Fri Aug  1 10:02:52 UTC 2014
>>> cmsRun ended at Fri Aug  1 11:38:13 UTC 2014
>>> crab_fjr_*.xml  permission set to 0704
>>> info for dashboard:
***** Cat /wntmp/condor/compute-14-10/execute/dir_25178/glide_41MYt2/execute/dir_17754/jobreport.txt *****
MonitorJobID=3_https://submit-4.t2.ucsd.edu//140801//331280.2
MonitorID=aelwood_140801_jJets_ngun_PU40bx25_1c84ps
ExeEnd=cmsRun
***** End Cat jobreport *****
Parameters sent to Dashboard.
TIME_EXE = 5721 sec
>>> cmsRun wrote 60 lines of stdout+stderr
>>> START OF printout of 60 lines from stdout+stderr
==> using COND/Services/RelationalAuthenticationService for auth, sys 1
==> using COND/Services/RelationalAuthenticationService for auth, sys 1
01-Aug-2014 03:03:33 PDT  Initiating request to open file /mnt/hadoop/store/mc/Fall13dr/Neutrino_Pt-2to20_gun/GEN-SIM-RAW/tsg_PU40bx25_POSTLS162_V2-v1/00002/D4B5040F-DF7A-E311-9169-003048FFD71E.root
01-Aug-2014 03:03:35 PDT  Successfully opened file /mnt/hadoop/store/mc/Fall13dr/Neutrino_Pt-2to20_gun/GEN-SIM-RAW/tsg_PU40bx25_POSTLS162_V2-v1/00002/D4B5040F-DF7A-E311-9169-003048FFD71E.root
01-Aug-2014 03:04:17 PDT  Initiating request to open file /mnt/hadoop/store/mc/Fall13/Neutrino_Pt-2to20_gun/GEN-SIM/POSTLS162_V1-v4/10000/C004547E-AC68-E311-9972-003048F5B2A0.root
01-Aug-2014 03:04:17 PDT  Fallback request to file root://cmsxrootd.fnal.gov//store/mc/Fall13/Neutrino_Pt-2to20_gun/GEN-SIM/POSTLS162_V1-v4/10000/C004547E-AC68-E311-9972-003048F5B2A0.root
140801 03:04:20 18557 Xrd: CheckErrorStatus: Server [cmssrmdisk.fnal.gov:1095] declared: Request 3018 not supported(error code: 3013)
01-Aug-2014 03:04:21 PDT  Successfully opened file root://cmsxrootd.fnal.gov//store/mc/Fall13/Neutrino_Pt-2to20_gun/GEN-SIM/POSTLS162_V1-v4/10000/C004547E-AC68-E311-9972-003048F5B2A0.root
01-Aug-2014 03:04:30 PDT  Closed file root://cmsxrootd.fnal.gov//store/mc/Fall13/Neutrino_Pt-2to20_gun/GEN-SIM/POSTLS162_V1-v4/10000/C004547E-AC68-E311-9972-003048F5B2A0.root
Stage1Layer2Producer -- Running pp implementation


----------------------------------------
Begin: L1CaloTowerProducer
----------------------------------------

01-Aug-2014 03:06:03 PDT  Closed file /mnt/hadoop/store/mc/Fall13dr/Neutrino_Pt-2to20_gun/GEN-SIM-RAW/tsg_PU40bx25_POSTLS162_V2-v1/00002/D4B5040F-DF7A-E311-9169-003048FFD71E.root
01-Aug-2014 03:06:03 PDT  Initiating request to open file /mnt/hadoop/store/mc/Fall13dr/Neutrino_Pt-2to20_gun/GEN-SIM-RAW/tsg_PU40bx25_POSTLS162_V2-v1/00002/FEC7F032-DE7A-E311-B2FD-0025905964A2.root
01-Aug-2014 03:06:03 PDT  Successfully opened file /mnt/hadoop/store/mc/Fall13dr/Neutrino_Pt-2to20_gun/GEN-SIM-RAW/tsg_PU40bx25_POSTLS162_V2-v1/00002/FEC7F032-DE7A-E311-B2FD-0025905964A2.root
140801 03:09:48 19536 Xrd: XrdClientMessage::ReadRaw: Failed to read header (8 bytes).
140801 03:09:48 19534 Xrd: XrdClientMessage::ReadRaw: Failed to read header (8 bytes).
01-Aug-2014 03:12:54 PDT  Closed file /mnt/hadoop/store/mc/Fall13dr/Neutrino_Pt-2to20_gun/GEN-SIM-RAW/tsg_PU40bx25_POSTLS162_V2-v1/00002/FEC7F032-DE7A-E311-B2FD-0025905964A2.root
01-Aug-2014 03:12:54 PDT  Initiating request to open file /mnt/hadoop/store/mc/Fall13dr/Neutrino_Pt-2to20_gun/GEN-SIM-RAW/tsg_PU40bx25_POSTLS162_V2-v1/00002/162F88D2-B97A-E311-A125-003048FFD730.root
01-Aug-2014 03:12:54 PDT  Successfully opened file /mnt/hadoop/store/mc/Fall13dr/Neutrino_Pt-2to20_gun/GEN-SIM-RAW/tsg_PU40bx25_POSTLS162_V2-v1/00002/162F88D2-B97A-E311-A125-003048FFD730.root
01-Aug-2014 03:22:08 PDT  Closed file /mnt/hadoop/store/mc/Fall13dr/Neutrino_Pt-2to20_gun/GEN-SIM-RAW/tsg_PU40bx25_POSTLS162_V2-v1/00002/162F88D2-B97A-E311-A125-003048FFD730.root
01-Aug-2014 03:22:08 PDT  Initiating request to open file /mnt/hadoop/store/mc/Fall13dr/Neutrino_Pt-2to20_gun/GEN-SIM-RAW/tsg_PU40bx25_POSTLS162_V2-v1/00002/C259E597-AC7A-E311-AFAB-00248C0BE014.root
01-Aug-2014 03:22:08 PDT  Successfully opened file /mnt/hadoop/store/mc/Fall13dr/Neutrino_Pt-2to20_gun/GEN-SIM-RAW/tsg_PU40bx25_POSTLS162_V2-v1/00002/C259E597-AC7A-E311-AFAB-00248C0BE014.root
140801 03:24:48 19531 Xrd: XrdClientMessage::ReadRaw: Failed to read header (8 bytes).
140801 03:24:48 19535 Xrd: XrdClientMessage::ReadRaw: Failed to read header (8 bytes).
140801 03:24:48 19529 Xrd: XrdClientMessage::ReadRaw: Failed to read header (8 bytes).
01-Aug-2014 04:10:54 PDT  Closed file /mnt/hadoop/store/mc/Fall13dr/Neutrino_Pt-2to20_gun/GEN-SIM-RAW/tsg_PU40bx25_POSTLS162_V2-v1/00002/C259E597-AC7A-E311-AFAB-00248C0BE014.root
01-Aug-2014 04:10:54 PDT  Initiating request to open file /mnt/hadoop/store/mc/Fall13dr/Neutrino_Pt-2to20_gun/GEN-SIM-RAW/tsg_PU40bx25_POSTLS162_V2-v1/00002/E82C4743-AB7A-E311-A8E2-003048FFCC1E.root
01-Aug-2014 04:11:19 PDT  Successfully opened file /mnt/hadoop/store/mc/Fall13dr/Neutrino_Pt-2to20_gun/GEN-SIM-RAW/tsg_PU40bx25_POSTLS162_V2-v1/00002/E82C4743-AB7A-E311-A8E2-003048FFCC1E.root
01-Aug-2014 04:18:19 PDT  Closed file /mnt/hadoop/store/mc/Fall13dr/Neutrino_Pt-2to20_gun/GEN-SIM-RAW/tsg_PU40bx25_POSTLS162_V2-v1/00002/E82C4743-AB7A-E311-A8E2-003048FFCC1E.root
01-Aug-2014 04:18:19 PDT  Initiating request to open file /mnt/hadoop/store/mc/Fall13dr/Neutrino_Pt-2to20_gun/GEN-SIM-RAW/tsg_PU40bx25_POSTLS162_V2-v1/00002/F2B19BC0-A97A-E311-B552-00259059642A.root
01-Aug-2014 04:18:19 PDT  Successfully opened file /mnt/hadoop/store/mc/Fall13dr/Neutrino_Pt-2to20_gun/GEN-SIM-RAW/tsg_PU40bx25_POSTLS162_V2-v1/00002/F2B19BC0-A97A-E311-B552-00259059642A.root
01-Aug-2014 04:33:49 PDT  Closed file /mnt/hadoop/store/mc/Fall13dr/Neutrino_Pt-2to20_gun/GEN-SIM-RAW/tsg_PU40bx25_POSTLS162_V2-v1/00002/F2B19BC0-A97A-E311-B552-00259059642A.root
01-Aug-2014 04:33:49 PDT  Initiating request to open file /mnt/hadoop/store/mc/Fall13dr/Neutrino_Pt-2to20_gun/GEN-SIM-RAW/tsg_PU40bx25_POSTLS162_V2-v1/00002/A82A4CAA-A97A-E311-B453-002618FDA277.root
01-Aug-2014 04:33:49 PDT  Successfully opened file /mnt/hadoop/store/mc/Fall13dr/Neutrino_Pt-2to20_gun/GEN-SIM-RAW/tsg_PU40bx25_POSTLS162_V2-v1/00002/A82A4CAA-A97A-E311-B453-002618FDA277.root
01-Aug-2014 04:38:06 PDT  Closed file /mnt/hadoop/store/mc/Fall13dr/Neutrino_Pt-2to20_gun/GEN-SIM-RAW/tsg_PU40bx25_POSTLS162_V2-v1/00002/A82A4CAA-A97A-E311-B453-002618FDA277.root

=============================================

MessageLogger Summary

 type     category        sev    module        subroutine        count    total
 ---- -------------------- -- ---------------- ----------------  -----    -----
    1 fileAction           -s AfterFile                              4        4
    2 fileAction           -s file_close                             7        7
    3 fileAction           -s file_open                             14       14

 type    category    Examples: run/evt        run/evt          run/evt
 ---- -------------------- ---------------- ---------------- ----------------
    1 fileAction           pre-events       pre-events       pre-events
    2 fileAction           PostProcessEvent PostProcessEvent PostEndRun
    3 fileAction           pre-events       pre-events       PostProcessEvent

Severity    # Occurrences   Total Occurrences
--------    -------------   -----------------
System                 25                  25
>>> END OF printout of 60 lines from stdout+stderr
>>> Parse FrameworkJobReport crab_fjr.xml
Result of parsing the FrameworkJobReport crab_fjr.xml: 
Extracted ExitStatus from FrameworkJobReport parsing output: 0
>>> Executable succeded  0
ExeExitCode=0
EXECUTABLE_EXIT_STATUS = 0
>>> current directory /wntmp/condor/compute-14-10/execute/dir_25178/glide_41MYt2/execute/dir_17754/cms_w1p2WF0fTbls/CMSSW_7_1_0_pre8
>>>  (SOFTWARE_DIR): /wntmp/condor/compute-14-10/execute/dir_25178/glide_41MYt2/execute/dir_17754/cms_w1p2WF0fTbls/CMSSW_7_1_0_pre8
>>> (WORKING_DIR): /wntmp/condor/compute-14-10/execute/dir_25178/glide_41MYt2/execute/dir_17754/cms_w1p2WF0fTbls
>>> current directory content:
total 468368
drwxr-xr-x. 3 uscms4354 cms      4096 Aug  1 03:01 .SCRAM
-rw-------. 1 uscms4354 cms    916533 Aug  1 03:01 CMSSW.py.pkl
-rw-------. 1 uscms4354 cms 477680670 Aug  1 04:38 L1SkimRun.root
drwxr-xr-x. 3 uscms4354 cms      4096 Aug  1 03:01 bin
drwxr-xr-x. 3 uscms4354 cms      4096 Aug  1 03:01 cfipython
drwxr-xr-x. 4 uscms4354 cms      4096 Aug  1 03:01 config
-rw-------. 1 uscms4354 cms        18 Aug  1 04:38 cpu_timing.txt
drwxr-xr-x. 2 uscms4354 cms      4096 Aug  1 03:01 doc
-rw-------. 1 uscms4354 cms      6578 Aug  1 04:38 executable.out
drwxr-xr-x. 2 uscms4354 cms      4096 Aug  1 03:01 include
drwx------. 3 uscms4354 cms      4096 Aug  1 00:37 lib
drwxr-xr-x. 3 uscms4354 cms      4096 Aug  1 03:01 logs
drwxr-xr-x. 3 uscms4354 cms      4096 Aug  1 03:01 objs
-rw-------. 1 uscms4354 cms       104 Aug  1 03:02 pset.py
-rw-------. 1 uscms4354 cms    924248 Aug  1 03:02 pset.py.pkl
-rw-------. 1 uscms4354 cms       289 Aug  1 03:02 pset.pyc
drwxr-xr-x. 2 uscms4354 cms      4096 Aug  1 03:01 python
-rw-------. 1 uscms4354 cms       413 Aug  1 04:38 report.log
drwx------. 5 uscms4354 cms      4096 Aug  1 03:01 src
drwxr-xr-x. 3 uscms4354 cms      4096 Aug  1 03:01 test
drwxr-xr-x. 3 uscms4354 cms      4096 Aug  1 03:01 tmp
>>> current directory /wntmp/condor/compute-14-10/execute/dir_25178/glide_41MYt2/execute/dir_17754/cms_w1p2WF0fTbls/CMSSW_7_1_0_pre8
>>> (SOFTWARE_DIR): /wntmp/condor/compute-14-10/execute/dir_25178/glide_41MYt2/execute/dir_17754/cms_w1p2WF0fTbls/CMSSW_7_1_0_pre8
>>> (WORKING_DIR): /wntmp/condor/compute-14-10/execute/dir_25178/glide_41MYt2/execute/dir_17754/cms_w1p2WF0fTbls
>>> current directory content:
total 468368
drwxr-xr-x. 3 uscms4354 cms      4096 Aug  1 03:01 .SCRAM
-rw-------. 1 uscms4354 cms    916533 Aug  1 03:01 CMSSW.py.pkl
-rw-------. 1 uscms4354 cms 477680670 Aug  1 04:38 L1SkimRun_3_1_uPD.root
drwxr-xr-x. 3 uscms4354 cms      4096 Aug  1 03:01 bin
drwxr-xr-x. 3 uscms4354 cms      4096 Aug  1 03:01 cfipython
drwxr-xr-x. 4 uscms4354 cms      4096 Aug  1 03:01 config
-rw-------. 1 uscms4354 cms        18 Aug  1 04:38 cpu_timing.txt
drwxr-xr-x. 2 uscms4354 cms      4096 Aug  1 03:01 doc
-rw-------. 1 uscms4354 cms      6578 Aug  1 04:38 executable.out
drwxr-xr-x. 2 uscms4354 cms      4096 Aug  1 03:01 include
drwx------. 3 uscms4354 cms      4096 Aug  1 00:37 lib
drwxr-xr-x. 3 uscms4354 cms      4096 Aug  1 03:01 logs
drwxr-xr-x. 3 uscms4354 cms      4096 Aug  1 03:01 objs
-rw-------. 1 uscms4354 cms       104 Aug  1 03:02 pset.py
-rw-------. 1 uscms4354 cms    924248 Aug  1 03:02 pset.py.pkl
-rw-------. 1 uscms4354 cms       289 Aug  1 03:02 pset.pyc
drwxr-xr-x. 2 uscms4354 cms      4096 Aug  1 03:01 python
-rw-------. 1 uscms4354 cms       413 Aug  1 04:38 report.log
drwx------. 5 uscms4354 cms      4096 Aug  1 03:01 src
drwxr-xr-x. 3 uscms4354 cms      4096 Aug  1 03:01 test
drwxr-xr-x. 3 uscms4354 cms      4096 Aug  1 03:01 tmp
>>> current directory (RUNTIME_AREA):  /wntmp/condor/compute-14-10/execute/dir_25178/glide_41MYt2/execute/dir_17754
SE = srm-eoscms.cern.ch
SE_PATH = /srm/v2/server?SFN=/eos/cms/store/user/aelwood/140801_jJets_ngun_PU40bx25/
LFNBaseName = /store/user/aelwood/140801_jJets_ngun_PU40bx25/
USER = aelwood
endpoint = srm://srm-eoscms.cern.ch:8443/srm/v2/server?SFN=/eos/cms/store/user/aelwood/140801_jJets_ngun_PU40bx25/
>>> Copy output files from WN = compute-14-10.tier2 to /srm/v2/server?SFN=/eos/cms/store/user/aelwood/140801_jJets_ngun_PU40bx25/ :
python cmscp.py  --destination srm://srm-eoscms.cern.ch:8443/srm/v2/server?SFN=/eos/cms/store/user/aelwood/140801_jJets_ngun_PU40bx25/ --inputFileList /wntmp/condor/compute-14-10/execute/dir_25178/glide_41MYt2/execute/dir_17754/cms_w1p2WF0fTbls/CMSSW_7_1_0_pre8/L1SkimRun_3_1_uPD.root --middleware OSG --se_name srm-eoscms.cern.ch --for_lfn /store/user/aelwood/140801_jJets_ngun_PU40bx25/    
******************************************************
localSeName  =  cit-se.ultralight.org
remoteSeName =  srm-eoscms.cern.ch
******************************************************
{"/wntmp/condor/compute-14-10/execute/dir_25178/glide_41MYt2/execute/dir_17754/cms_w1p2WF0fTbls/CMSSW_7_1_0_pre8/L1SkimRun_3_1_uPD.root": {"endpoint": "srm://srm-eoscms.cern.ch:8443/srm/v2/server?SFN=/eos/cms/store/user/aelwood/140801_jJets_ngun_PU40bx25/", "surl_for_grid": "", "reason": "ERROR: problems checking if file /wntmp/condor/compute-14-10/execute/dir_25178/glide_41MYt2/execute/dir_17754/cms_w1p2WF0fTbls/CMSSW_7_1_0_pre8/L1SkimRun_3_1_uPD.root already exist'Error checking [L1SkimRun_3_1_uPD.root]'", "erCode": "60307", "se_name": "srm-eoscms.cern.ch", "for_lfn": "/copy_problem/"}}/wntmp/condor/compute-14-10/execute/dir_25178/glide_41MYt2/execute/dir_17754
-------- cat /wntmp/condor/compute-14-10/execute/dir_25178/glide_41MYt2/execute/dir_17754/cmscpReport.sh 
#!/bin/bash
echo "Report for File: /wntmp/condor/compute-14-10/execute/dir_25178/glide_41MYt2/execute/dir_17754/cms_w1p2WF0fTbls/CMSSW_7_1_0_pre8/L1SkimRun_3_1_uPD.root"
echo "LFN: /copy_problem/L1SkimRun_3_1_uPD.root"
echo "StorageElement: srm-eoscms.cern.ch"
echo "StageOutExitStatusReason = 'ERROR: problems checking if file /wntmp/condor/compute-14-10/execute/dir_25178/glide_41MYt2/execute/dir_17754/cms_w1p2WF0fTbls/CMSSW_7_1_0_pre8/L1SkimRun_3_1_uPD.root already exist Error checking [L1SkimRun_3_1_uPD.root] '" | tee -a $RUNTIME_AREA/$repo
echo "StageOutSE = srm-eoscms.cern.ch" >> $RUNTIME_AREA/$repo

export StageOutExitStatus=60307
echo "StageOutExitStatus = 60307" | tee -a $RUNTIME_AREA/$repo
-------- end of /wntmp/condor/compute-14-10/execute/dir_25178/glide_41MYt2/execute/dir_17754/cmscpReport.sh 
Report for File: /wntmp/condor/compute-14-10/execute/dir_25178/glide_41MYt2/execute/dir_17754/cms_w1p2WF0fTbls/CMSSW_7_1_0_pre8/L1SkimRun_3_1_uPD.root
LFN: /copy_problem/L1SkimRun_3_1_uPD.root
StorageElement: srm-eoscms.cern.ch
StageOutExitStatusReason = 'ERROR: problems checking if file /wntmp/condor/compute-14-10/execute/dir_25178/glide_41MYt2/execute/dir_17754/cms_w1p2WF0fTbls/CMSSW_7_1_0_pre8/L1SkimRun_3_1_uPD.root already exist Error checking [L1SkimRun_3_1_uPD.root] '
StageOutExitStatus = 60307
Problem copying file to srm-eoscms.cern.ch /srm/v2/server?SFN=/eos/cms/store/user/aelwood/140801_jJets_ngun_PU40bx25/
########## contents of SE interaction
2014-08-01 04:38:43.484578:
Executed:	unset LD_LIBRARY_PATH; unset GLITE_ENV_SET; export PATH=/usr/bin:/bin; source /etc/profile; source /wntmp/condor/compute-14-10/execute/dir_25178/glide_41MYt2/execute/dir_17754/CacheEnv.sh ; lcg-ls -b -D srmv2 --srm-timeout 2400 --sendreceive-timeout 2400 --connect-timeout 300 --verbose srm://srm-eoscms.cern.ch:8443/srm/v2/server?SFN=/eos/cms/store/user/aelwood/140801_jJets_ngun_PU40bx25/L1SkimRun_3_1_uPD.root
Done with exit code:	1
and output:
SE type: SRMv2
[SE][Ls][] httpg://srm-eoscms.cern.ch:8443/srm/v2/server: CGSI-gSOAP running on compute-14-10.tier2 reports Error initializing context
GSS Major Status: Authentication Failed

GSS Minor Status Error Chain:
globus_gsi_gssapi: SSLv3 handshake problems
OpenSSL Error: s3_clnt.c:1168: in library: SSL routines, function SSL3_GET_SERVER_CERTIFICATE: certificate verify failed
globus_gsi_callback_module: Could not verify credential
globus_gsi_callback_module: Can't get the local trusted CA certificate: Cannot find trusted CA certificate with hash 5168735f in /etc/grid-security/certificates/



#####################################
>>> current dir: /wntmp/condor/compute-14-10/execute/dir_25178/glide_41MYt2/execute/dir_17754
>>> current dir content:
total 15124
-rw-------. 1 uscms4354 cms     1093 Aug  1 04:38 .SEinteraction.log
-rwx------. 1 uscms4354 cms     6626 Aug  1 03:01 .job.ad
-rwx------. 1 uscms4354 cms     9405 Aug  1 03:01 .machine.ad
-rw-------. 1 uscms4354 cms      105 Aug  1 02:57 CMSSW.py
-rw-------. 1 uscms4354 cms   916533 Aug  1 02:57 CMSSW.py.pkl
-rwx------. 1 uscms4354 cms    28576 Aug  1 03:01 CMSSW.sh
-rw-------. 1 uscms4354 cms      183 Aug  1 03:01 CacheEnv.sh
-rw-------. 1 uscms4354 cms     7291 Jul 12 08:18 DashboardAPI.py
-rw-------. 1 uscms4354 cms     6770 Aug  1 03:02 DashboardAPI.pyc
drwx------. 2 uscms4354 cms     4096 Aug  1 04:38 IMProv
lrwxrwxrwx. 1 uscms4354 cms      133 Aug  1 04:38 L1SkimRun.root -> /wntmp/condor/compute-14-10/execute/dir_25178/glide_41MYt2/execute/dir_17754/cms_w1p2WF0fTbls/CMSSW_7_1_0_pre8/L1SkimRun_3_1_uPD.root
-rw-------. 1 uscms4354 cms     2748 Jul 12 08:18 Logger.py
-rw-------. 1 uscms4354 cms     3332 Aug  1 03:02 Logger.pyc
-rw-------. 1 uscms4354 cms    24524 Jul 12 08:18 ProcInfo.py
-rw-------. 1 uscms4354 cms    23125 Aug  1 03:02 ProcInfo.pyc
drwx------. 7 uscms4354 cms     4096 Aug  1 03:02 ProdCommon
drwx------. 3 uscms4354 cms     4096 Aug  1 03:01 WMCore
-rw-------. 1 uscms4354 cms     5715 Aug  1 04:40 Watchdog_3.log
-rwx------. 1 uscms4354 cms        0 Aug  1 03:01 _condor_stderr
-rwx---r--. 1 uscms4354 cms    29576 Aug  1 04:41 _condor_stdout
-rw-------. 1 uscms4354 cms    32895 Jul 12 08:18 apmon.py
-rw-------. 1 uscms4354 cms    28538 Aug  1 03:02 apmon.pyc
-rwx------. 1 uscms4354 cms   240046 Aug  1 03:01 arguments.xml
drwx------. 3 uscms4354 cms     4096 Aug  1 03:01 cms_w1p2WF0fTbls
-rwx------. 1 uscms4354 cms    38524 Jul 12 08:18 cmscp.py
-rw-------. 1 uscms4354 cms      706 Aug  1 04:41 cmscpReport.sh
-rwx------. 1 uscms4354 cms    28576 Aug  1 03:01 condor_exec.exe
-rw-------. 1 uscms4354 cms      759 Aug  1 02:56 crab.cfg
-rwx------. 1 uscms4354 cms     8610 Jul 12 08:18 crabWatchdog.sh
-rwx---r--. 1 uscms4354 cms    76635 Aug  1 04:38 crab_fjr_3.xml
-rwx------. 1 uscms4354 cms 13818897 Aug  1 03:01 default.tgz
-rwx------. 1 uscms4354 cms     4488 Jul 12 08:18 fillCrabFjr.py
-rw-------. 1 uscms4354 cms     5618 Aug  1 03:02 inputsReport.txt
-rw-------. 1 uscms4354 cms      451 Aug  1 04:41 jobreport.txt
-rw-------. 1 uscms4354 cms    17352 Jul 12 08:18 parseCrabFjr.py
-rw-------. 1 uscms4354 cms      331 Aug  1 03:01 report.log
-rwx--x--x. 1 uscms4354 cms     1497 Jul 12 08:18 report.py
-rw-------. 1 uscms4354 cms      595 Aug  1 04:41 resultCopyFile
-rwx------. 1 uscms4354 cms     8351 Jul 12 08:18 writeCfg.py
-rw-------. 1 uscms4354 cms     8083 Aug  1 04:21 x509up_u41660
>>> Modify Job Report:
CMSSW_VERSION = CMSSW_7_1_0_pre8
/wntmp/condor/compute-14-10/execute/dir_25178/glide_41MYt2/execute/dir_17754/ProdCommon/FwkJobRep/ModifyJobReport.py fjr /wntmp/condor/compute-14-10/execute/dir_25178/glide_41MYt2/execute/dir_17754/crab_fjr_3.xml json /wntmp/condor/compute-14-10/execute/dir_25178/glide_41MYt2/execute/dir_17754/resultCopyFile n_job 3_1_uPD PrimaryDataset Neutrino_Pt-2to20_gun  ApplicationFamily cmsRun ApplicationName cmsRun cmssw_version CMSSW_7_1_0_pre8 psethash 951aa882d2ac167e3fe15038b4453880
inputDict =  {u'/wntmp/condor/compute-14-10/execute/dir_25178/glide_41MYt2/execute/dir_17754/cms_w1p2WF0fTbls/CMSSW_7_1_0_pre8/L1SkimRun_3_1_uPD.root': {u'endpoint': u'srm://srm-eoscms.cern.ch:8443/srm/v2/server?SFN=/eos/cms/store/user/aelwood/140801_jJets_ngun_PU40bx25/', u'surl_for_grid': u'', u'reason': u"ERROR: problems checking if file /wntmp/condor/compute-14-10/execute/dir_25178/glide_41MYt2/execute/dir_17754/cms_w1p2WF0fTbls/CMSSW_7_1_0_pre8/L1SkimRun_3_1_uPD.root already exist'Error checking [L1SkimRun_3_1_uPD.root]'", u'erCode': u'60307', u'se_name': u'srm-eoscms.cern.ch', u'for_lfn': u'/copy_problem/'}}
UserProcessedDataset =  
file_name in inputDict =  /wntmp/condor/compute-14-10/execute/dir_25178/glide_41MYt2/execute/dir_17754/cms_w1p2WF0fTbls/CMSSW_7_1_0_pre8/L1SkimRun_3_1_uPD.root
(size) os.stat(filename)[6] =  477680670
checksum =  2774420556
    file =  L1SkimRun_3_1_uPD.root
    newPfn =  srm://srm-eoscms.cern.ch:8443/srm/v2/server?SFN=/eos/cms/store/user/aelwood/140801_jJets_ngun_PU40bx25/L1SkimRun_3_1_uPD.root
    newLfn =  /copy_problem/L1SkimRun_3_1_uPD.root
>>> crab_fjr_*.xml  permission set to 0704
CrabWrapper EXIT_FUNC entered at Fri Aug  1 04:41:09 PDT 2014   -  Fri Aug  1 11:41:09 UTC 2014
Checking output files:  
will tar file crab_fjr_3.xml in  out_files_3
WARNING: output file CMSSW_3.stdout not found!
WARNING: output file CMSSW_3.stderr not found!
WARNING: output file Watchdog_3.log.gz not found!
>>> working dir = /wntmp/condor/compute-14-10/execute/dir_25178/glide_41MYt2/execute/dir_17754/cms_w1p2WF0fTbls
>>> current directory (RUNTIME_AREA): /wntmp/condor/compute-14-10/execute/dir_25178/glide_41MYt2/execute/dir_17754
>>> Remove working directory: /wntmp/condor/compute-14-10/execute/dir_25178/glide_41MYt2/execute/dir_17754/cms_w1p2WF0fTbls
/wntmp/condor/compute-14-10/execute/dir_25178/glide_41MYt2/execute/dir_17754/condor_exec.exe: line 140: symlinks: command not found
>>> padding time: Wrapper lasting more than 600 seconds. No sleep required.
STOPPING WATCHDOG. CrabWatchdog PID is 18251
********** LAST 50 LINES OF WATCHDOG LOG
 Aug 01 03:08:41 PDT	---	670256	929392	141	----	----	----
 Aug 01 03:09:43 PDT	18557	695284	979568	141	264	428	cmsRun -j /wntmp/condor/compute-14-10/execute/dir_25178/glide_41MYt2/execute/dir_17754/crab_fjr_3.xml -p pset.py      
 Aug 01 03:09:43 PDT	---	695284	979568	154	----	----	----
 Aug 01 03:10:44 PDT	---	695284	979568	163	----	----	----
 Aug 01 03:11:45 PDT	18557	695376	979568	163	343	550	cmsRun -j /wntmp/condor/compute-14-10/execute/dir_25178/glide_41MYt2/execute/dir_17754/crab_fjr_3.xml -p pset.py      
 Aug 01 03:11:45 PDT	---	695376	979568	174	----	----	----
 Aug 01 03:12:47 PDT	---	695376	979568	188	----	----	----
 Aug 01 03:13:48 PDT	18557	695560	979568	188	428	672	cmsRun -j /wntmp/condor/compute-14-10/execute/dir_25178/glide_41MYt2/execute/dir_17754/crab_fjr_3.xml -p pset.py      
 Aug 01 03:13:48 PDT	---	695560	979568	197	----	----	----
 Aug 01 03:14:48 PDT	18557	695936	979568	197	451	733	cmsRun -j /wntmp/condor/compute-14-10/execute/dir_25178/glide_41MYt2/execute/dir_17754/crab_fjr_3.xml -p pset.py      
 Aug 01 03:14:48 PDT	---	695936	979568	203	----	----	----
 Aug 01 03:15:50 PDT	18557	696200	979568	203	498	794	cmsRun -j /wntmp/condor/compute-14-10/execute/dir_25178/glide_41MYt2/execute/dir_17754/crab_fjr_3.xml -p pset.py      
 Aug 01 03:15:50 PDT	---	696200	979568	216	----	----	----
 Aug 01 03:16:52 PDT	---	696200	979568	225	----	----	----
 Aug 01 03:17:52 PDT	---	696200	979568	237	----	----	----
 Aug 01 03:18:54 PDT	---	696200	979568	247	----	----	----
 Aug 01 03:19:55 PDT	---	696200	979568	256	----	----	----
# TIME			PID	RSS(KB)	VSZ(KB)	Dsk(MB)	tCPU(s)	tWALL(s)	COMMAND
 Aug 01 03:20:56 PDT	---	696200	979568	260	----	----	----
 Aug 01 03:21:58 PDT	---	696200	979568	273	----	----	----
 Aug 01 03:22:59 PDT	---	696200	979568	284	----	----	----
 Aug 01 03:24:00 PDT	---	696200	979568	294	----	----	----
 Aug 01 04:07:20 PDT	---	696200	979568	295	----	----	----
 Aug 01 04:08:21 PDT	---	696200	979568	305	----	----	----
 Aug 01 04:09:22 PDT	---	696200	979568	316	----	----	----
 Aug 01 04:10:23 PDT	---	696200	979568	331	----	----	----
 Aug 01 04:11:25 PDT	---	696200	979568	337	----	----	----
 Aug 01 04:12:26 PDT	---	696200	979568	351	----	----	----
 Aug 01 04:13:28 PDT	---	696200	979568	362	----	----	----
 Aug 01 04:14:29 PDT	---	696200	979568	375	----	----	----
 Aug 01 04:15:31 PDT	---	696200	979568	386	----	----	----
 Aug 01 04:16:32 PDT	---	696200	979568	399	----	----	----
 Aug 01 04:17:33 PDT	---	696200	979568	413	----	----	----
 Aug 01 04:18:34 PDT	---	696200	979568	422	----	----	----
 Aug 01 04:20:35 PDT	---	696200	979568	423	----	----	----
 Aug 01 04:21:36 PDT	---	696200	979568	432	----	----	----
 Aug 01 04:23:37 PDT	---	696200	979568	435	----	----	----
 Aug 01 04:28:39 PDT	---	696200	979568	443	----	----	----
 Aug 01 04:29:41 PDT	---	696200	979568	456	----	----	----
 Aug 01 04:30:42 PDT	---	696200	979568	470	----	----	----
 Aug 01 04:31:44 PDT	---	696200	979568	483	----	----	----
 Aug 01 04:32:45 PDT	---	696200	979568	495	----	----	----
 Aug 01 04:33:46 PDT	---	696200	979568	508	----	----	----
 Aug 01 04:34:48 PDT	---	696200	979568	514	----	----	----
 Aug 01 04:35:49 PDT	---	696200	979568	516	----	----	----
 Aug 01 04:36:49 PDT	---	696200	979568	524	----	----	----
 Aug 01 04:37:51 PDT	---	696200	979568	539	----	----	----
 Aug 01 04:38:53 PDT	---	696200	979568	544	----	----	----
# TIME			PID	RSS(KB)	VSZ(KB)	Dsk(MB)	tCPU(s)	tWALL(s)	COMMAND
# TIME			PID	RSS(KB)	VSZ(KB)	Dsk(MB)	tCPU(s)	tWALL(s)	COMMAND
********** WATCHDOG LOG ENDED
ZIPPING WATCHDOG LOG
Disk space used:
du -sh /wntmp/condor/compute-14-10/execute/dir_25178/glide_41MYt2/execute/dir_17754
17M	/wntmp/condor/compute-14-10/execute/dir_25178/glide_41MYt2/execute/dir_17754
Found unusual stdout, rename for OSB
`/wntmp/condor/compute-14-10/execute/dir_25178/glide_41MYt2/execute/dir_17754/_condor_stdout' -> `CMSSW_3.stdout'
Found unusual stderr, rename for OSB
`/wntmp/condor/compute-14-10/execute/dir_25178/glide_41MYt2/execute/dir_17754/_condor_stdout' -> `CMSSW_3.stderr'
crab_fjr_3.xml
CMSSW_3.stdout
CMSSW_3.stderr
Watchdog_3.log.gz
Total Output dimension: 22600
WARNING: output files size limit is set to: 50000000
Total Output dimension 22600 is fine.
JOB_EXIT_STATUS = 60307
>>> info for dashboard:
***** Cat /wntmp/condor/compute-14-10/execute/dir_25178/glide_41MYt2/execute/dir_17754/jobreport.txt *****
MonitorJobID=3_https://submit-4.t2.ucsd.edu//140801//331280.2
MonitorID=aelwood_140801_jJets_ngun_PU40bx25_1c84ps
ExeTime=5721
ExeExitCode=0
StageOutExitStatusReason = 'ERROR: problems checking if file /wntmp/condor/compute-14-10/execute/dir_25178/glide_41MYt2/execute/dir_17754/cms_w1p2WF0fTbls/CMSSW_7_1_0_pre8/L1SkimRun_3_1_uPD.root already exist Error checking [L1SkimRun_3_1_uPD.root] '
StageOutSE = srm-eoscms.cern.ch
StageOutExitStatus = 60307
CrabUserCpuTime=1712.08
CrabSysCpuTime=33.13
CrabCpuPercentage=30%
CrabWrapperTime=5974
CrabStageoutTime=161
JobExitCode=60307
***** End Cat jobreport *****
Parameters sent to Dashboard.
EXITING at Fri Aug  1 04:41:11 PDT 2014  -  Fri Aug  1 11:41:11 UTC 2014
