This script was generated by crab (version 2.10.6).
Running /wntmp/condor/compute-21-24/execute/dir_27703/glide_YH9nS5/execute/dir_21526/condor_exec.exe with 2 positional parameters: 31 1
Today is Fri Aug  1 03:04:55 PDT 2014 - Fri Aug  1 10:04:55 UTC 2014
Job submitted on host compute-21-24.tier2
Linux compute-21-24.tier2 2.6.32-358.6.2.el6.x86_64 #1 SMP Thu May 16 20:59:36 UTC 2013 x86_64 x86_64 x86_64 GNU/Linux
>>> current directory (RUNTIME_AREA): /wntmp/condor/compute-21-24/execute/dir_27703/glide_YH9nS5/execute/dir_21526
>>> current user: uid=20804(uscms4354) gid=504(cms) groups=504(cms),65005(glexec65005) context=unconfined_u:system_r:condor_startd_t:s0
>>> directory permission set to 0700
>>> umask set to:  u=rwx,g=,o=
>>> stdout stderr permission set to 0704
>>> voms proxy information:
subject   : /C=UK/O=eScience/OU=Imperial/L=Physics/CN=adam elwood/CN=1171778048/CN=830907183
issuer    : /C=UK/O=eScience/OU=Imperial/L=Physics/CN=adam elwood/CN=1171778048
identity  : /C=UK/O=eScience/OU=Imperial/L=Physics/CN=adam elwood/CN=1171778048
type      : RFC compliant proxy
strength  : 1024 bits
path      : /wntmp/condor/compute-21-24/execute/dir_27703/glide_YH9nS5/execute/dir_21526/x509up_u41660
timeleft  : 23:59:57
key usage : Digital Signature, Key Encipherment, Key Agreement
=== VO cms extension information ===
VO        : cms
subject   : /C=UK/O=eScience/OU=Imperial/L=Physics/CN=adam elwood
issuer    : /DC=ch/DC=cern/OU=computers/CN=lcg-voms.cern.ch
attribute : /cms/Role=NULL/Capability=NULL
timeleft  : 191:48:21
uri       : lcg-voms.cern.ch:15002
WNHostName=compute-21-24.tier2
>>> tar --no-same-permissions -xf /wntmp/condor/compute-21-24/execute/dir_27703/glide_YH9nS5/execute/dir_21526/default.tgz :
Successful untar
>>> Include /wntmp/condor/compute-21-24/execute/dir_27703/glide_YH9nS5/execute/dir_21526 in PYTHONPATH:
strip arguments
env var CRAB_UNIQUE_JOB_ID set to: aelwood_140801_jJets_ngun_PU40bx25_1c84ps_31_1_utk
out_files_31
>>> list of expected files on output sandbox
output files: crab_fjr_31.xml CMSSW_31.stdout CMSSW_31.stderr Watchdog_31.log.gz
>>> GridFlavour discovery: 
source OSG GRID setup script
GridFlavour=OSG
>>> SyncSite discovery: 
SyncSite=T2_US_Caltech
>>> SyncCE discovery: 
getting SyncCE from OSG_JOB_CONTACT
SyncCE=itb-ce.ultralight.org/jobmanager-condor
>>> info for dashboard:
***** Cat /wntmp/condor/compute-21-24/execute/dir_27703/glide_YH9nS5/execute/dir_21526/jobreport.txt *****
WNHostName=compute-21-24.tier2
MonitorJobID=31_https://submit-4.t2.ucsd.edu//140801//331280.30
SyncGridJobId=https://submit-4.t2.ucsd.edu//140801//331280.30
MonitorID=aelwood_140801_jJets_ngun_PU40bx25_1c84ps
GridFlavour=OSG
SyncSite=T2_US_Caltech
SyncCE=itb-ce.ultralight.org/jobmanager-condor
***** End Cat jobreport *****
Parameters sent to Dashboard.
>>> setup environment
set SCRAM ARCH to slc6_amd64_gcc481
SCRAM_ARCH = slc6_amd64_gcc481
>>> Created working directory: /wntmp/condor/compute-21-24/execute/dir_27703/glide_YH9nS5/execute/dir_21526/cms_RqKho3H7sKua
Change to working directory: /wntmp/condor/compute-21-24/execute/dir_27703/glide_YH9nS5/execute/dir_21526/cms_RqKho3H7sKua
>>> current directory (WORKING_DIR): /wntmp/condor/compute-21-24/execute/dir_27703/glide_YH9nS5/execute/dir_21526/cms_RqKho3H7sKua
>>> setup CMS OSG environment:
set SCRAM ARCH to slc6_amd64_gcc481
SCRAM_ARCH = slc6_amd64_gcc481
OSG_APP is /raid1/osg-app
sourcing /raid1/osg-app/cmssoft/cms/cmsset_default.sh ...
==> setup cms environment ok
SCRAM_ARCH = slc6_amd64_gcc481
>>> specific cmssw setup environment:
CMSSW_VERSION =  CMSSW_7_1_0_pre8
>>> current directory (SOFTWARE_DIR): /wntmp/condor/compute-21-24/execute/dir_27703/glide_YH9nS5/execute/dir_21526/cms_RqKho3H7sKua/CMSSW_7_1_0_pre8
PreserveSeeds: <>
IncrementSeeds:<>
>>> info for dashboard:
***** Cat /wntmp/condor/compute-21-24/execute/dir_27703/glide_YH9nS5/execute/dir_21526/jobreport.txt *****
MonitorJobID=31_https://submit-4.t2.ucsd.edu//140801//331280.30
MonitorID=aelwood_140801_jJets_ngun_PU40bx25_1c84ps
***** End Cat jobreport *****
Parameters sent to Dashboard.
crabWatchdog started as process 23180
>>> moving CMSSW software directories in /wntmp/condor/compute-21-24/execute/dir_27703/glide_YH9nS5/execute/dir_21526/cms_RqKho3H7sKua/CMSSW_7_1_0_pre8
mv: cannot stat `/wntmp/condor/compute-21-24/execute/dir_27703/glide_YH9nS5/execute/dir_21526/module/': No such file or directory
>>> Include /wntmp/condor/compute-21-24/execute/dir_27703/glide_YH9nS5/execute/dir_21526 in PYTHONPATH:
PYTHONPATH=/wntmp/condor/compute-21-24/execute/dir_27703/glide_YH9nS5/execute/dir_21526/:/wntmp/condor/compute-21-24/execute/dir_27703/glide_YH9nS5/execute/dir_21526/cms_RqKho3H7sKua/CMSSW_7_1_0_pre8/python:/wntmp/condor/compute-21-24/execute/dir_27703/glide_YH9nS5/execute/dir_21526/cms_RqKho3H7sKua/CMSSW_7_1_0_pre8/lib/slc6_amd64_gcc481:/cvmfs/cms.cern.ch/slc6_amd64_gcc481/cms/cmssw/CMSSW_7_1_0_pre8/python:/cvmfs/cms.cern.ch/slc6_amd64_gcc481/cms/cmssw/CMSSW_7_1_0_pre8/lib/slc6_amd64_gcc481:/cvmfs/cms.cern.ch/slc6_amd64_gcc481/cms/coral/CORAL_2_3_21-cms20/slc6_amd64_gcc481/python:/cvmfs/cms.cern.ch/slc6_amd64_gcc481/cms/coral/CORAL_2_3_21-cms20/slc6_amd64_gcc481/lib:/cvmfs/cms.cern.ch/slc6_amd64_gcc481/external/pyqt/4.8.1-cms/lib/python2.7/site-packages:/cvmfs/cms.cern.ch/slc6_amd64_gcc481/external/py2-scipy/0.8.0-cms/lib/python2.7/site-packages:/cvmfs/cms.cern.ch/slc6_amd64_gcc481/external/py2-matplotlib/1.2.1-cms/lib/python2.7/site-packages:/cvmfs/cms.cern.ch/slc6_amd64_gcc481/external/yoda/1.0.4/lib/python2.7/site-packages:/cvmfs/cms.cern.ch/slc6_amd64_gcc481/external/python-ldap/2.4.10-cms/lib/python2.7/site-packages:/cvmfs/cms.cern.ch/slc6_amd64_gcc481/external/sip/4.11.2-cms/lib/python2.7/site-packages:/cvmfs/cms.cern.ch/slc6_amd64_gcc481/external/llvm/3.4/lib/python2.7/site-packages:/cvmfs/cms.cern.ch/slc6_amd64_gcc481/external/py2-sqlalchemy/0.8.2-cms2/lib/python2.7/site-packages:/cvmfs/cms.cern.ch/slc6_amd64_gcc481/external/py2-pycurl/7.19.0-cms/lib/python2.7/site-packages:/cvmfs/cms.cern.ch/slc6_amd64_gcc481/external/py2-python-dateutil/1.1-cms/lib/python2.7/site-packages:/cvmfs/cms.cern.ch/slc6_amd64_gcc481/external/py2-numpy/1.6.1-cms/lib/python2.7/site-packages:/cvmfs/cms.cern.ch/slc6_amd64_gcc481/external/py2-lint/0.25.1-cms/lib/python2.7/site-packages:/cvmfs/cms.cern.ch/slc6_amd64_gcc481/external/py2-ipython/0.10-cms/lib/python2.7/site-packages:/cvmfs/cms.cern.ch/slc6_amd64_gcc481/external/py2-cx-oracle/5.1-cms2/lib/python2.7/site-packages:/cvmfs/cms.cern.ch/slc6_amd64_gcc481/external/py2-cjson/1.0.5-cms/lib/python2.7/site-packages:/cvmfs/cms.cern.ch/slc6_amd64_gcc481/external/frontier_client/2.8.10/python/lib:/cvmfs/cms.cern.ch/slc6_amd64_gcc481/cms/das-client/2.5.0/bin:/cvmfs/cms.cern.ch/slc6_amd64_gcc481/external/cython/0.19.1/lib/python2.7/site-packages:/cvmfs/cms.cern.ch/slc6_amd64_gcc481/external/rivet/1.8.2-cms4/lib/python2.7/site-packages:/cvmfs/cms.cern.ch/slc6_amd64_gcc481/external/pyminuit2/0.0.1-cms13/lib/python2.7/site-packages:/cvmfs/cms.cern.ch/slc6_amd64_gcc481/external/py2-pygithub/1.23.0/lib/python2.7/site-packages:/cvmfs/cms.cern.ch/slc6_amd64_gcc481/external/py2-networkx/1.8.1/lib/python2.7/site-packages:/cvmfs/cms.cern.ch/slc6_amd64_gcc481/external/professor/1.0.0-cms13/lib/python2.7/site-packages:/cvmfs/cms.cern.ch/slc6_amd64_gcc481/lcg/root/5.34.18/lib:/cvmfs/cms.cern.ch/slc6_amd64_gcc481/cms/dbs-client/DBS_2_1_9-cms/lib:/cvmfs/cms.cern.ch/slc6_amd64_gcc481/cms/dbs-client/DBS_2_1_9-cms/lib/DBSAPI:/cvmfs/cms.cern.ch/slc6_amd64_gcc481/external/cvs2git/5419-cms/lib:/wntmp/condor/compute-21-24/execute/dir_27703/glide_YH9nS5/execute/dir_21526/
 
# LIMITS USED BY CRAB WATCHDOG:
# RSS  (KBytes)   : 2300000
# VSZ  (KBytes)   : 100000000
# DISK (MBytes)   : 19000
# CPU TIME        : 720h:0m:0s
# WALL CLOCK TIME : 21h:50m:0s
 
951aa882d2ac167e3fe15038b4453880
PSETHASH = 951aa882d2ac167e3fe15038b4453880
/wntmp/condor/compute-21-24/execute/dir_27703/glide_YH9nS5/execute/dir_21526/writeCfg.py pset.py pset.py
Importing .py file
Setting parameters
RandomNumberGeneratorService found, will attempt to change seeds
inputBlocks=/Neutrino_Pt-2to20_gun/Fall13dr-tsg_PU40bx25_POSTLS162_V2-v1/GEN-SIM-RAW#09b9f490-7aa3-11e3-b1c2-003048f02d38
inputFiles=/store/mc/Fall13dr/Neutrino_Pt-2to20_gun/GEN-SIM-RAW/tsg_PU40bx25_POSTLS162_V2-v1/00002/14704AEA-AF7A-E311-A736-0025905A6104.root;/store/mc/Fall13dr/Neutrino_Pt-2to20_gun/GEN-SIM-RAW/tsg_PU40bx25_POSTLS162_V2-v1/00002/ECF79FD5-AF7A-E311-8748-003048FF9AC6.root;/store/mc/Fall13dr/Neutrino_Pt-2to20_gun/GEN-SIM-RAW/tsg_PU40bx25_POSTLS162_V2-v1/00002/ECC7D649-B27A-E311-89EA-00304867916E.root;/store/mc/Fall13dr/Neutrino_Pt-2to20_gun/GEN-SIM-RAW/tsg_PU40bx25_POSTLS162_V2-v1/00002/E820CC4B-B17A-E311-A52F-0026189438A2.root;/store/mc/Fall13dr/Neutrino_Pt-2to20_gun/GEN-SIM-RAW/tsg_PU40bx25_POSTLS162_V2-v1/00002/0E06087B-B37A-E311-9063-00261894395F.root;/store/mc/Fall13dr/Neutrino_Pt-2to20_gun/GEN-SIM-RAW/tsg_PU40bx25_POSTLS162_V2-v1/00002/DA48933F-AF7A-E311-B8FB-001A928116D2.root;/store/mc/Fall13dr/Neutrino_Pt-2to20_gun/GEN-SIM-RAW/tsg_PU40bx25_POSTLS162_V2-v1/00002/7CC2ECFF-377B-E311-BF12-0025905A60B2.root
parentFiles=/store/mc/Fall13/Neutrino_Pt-2to20_gun/GEN-SIM/POSTLS162_V1-v4/10000/08BDA2EE-AB68-E311-BD33-0025904AC2CA.root;/store/mc/Fall13/Neutrino_Pt-2to20_gun/GEN-SIM/POSTLS162_V1-v4/10000/7632CAE8-AB68-E311-AA1C-90B11C27EA38.root;/store/mc/Fall13/Neutrino_Pt-2to20_gun/GEN-SIM/POSTLS162_V1-v4/10000/10CAFE4F-AC68-E311-95FB-002590821320.root;/store/mc/Fall13/Neutrino_Pt-2to20_gun/GEN-SIM/POSTLS162_V1-v4/10000/0CD6C959-AC68-E311-8933-003048F5ADEA.root;/store/mc/Fall13/Neutrino_Pt-2to20_gun/GEN-SIM/POSTLS162_V1-v4/10000/54B76B39-AC68-E311-88C6-003048F5ADEA.root;/store/mc/Fall13/Neutrino_Pt-2to20_gun/GEN-SIM/POSTLS162_V1-v4/10000/E83B5B72-AC68-E311-BB0A-02163E00E860.root;/store/mc/Fall13/Neutrino_Pt-2to20_gun/GEN-SIM/POSTLS162_V1-v4/10000/D4EE37FB-AC68-E311-B870-003048F5B2F0.root;/store/mc/Fall13/Neutrino_Pt-2to20_gun/GEN-SIM/POSTLS162_V1-v4/10000/3CD74100-AD68-E311-8ABC-0025904AC2CA.root;/store/mc/Fall13/Neutrino_Pt-2to20_gun/GEN-SIM/POSTLS162_V1-v4/10000/0E75F3DF-AB68-E311-8BA9-003048F5B5F4.root;/store/mc/Fall13/Neutrino_Pt-2to20_gun/GEN-SIM/POSTLS162_V1-v4/10000/3228DBE4-AB68-E311-AFE5-0025904A91F6.root;/store/mc/Fall13/Neutrino_Pt-2to20_gun/GEN-SIM/POSTLS162_V1-v4/10000/08BDA2EE-AB68-E311-BD33-0025904AC2CA.root;/store/mc/Fall13/Neutrino_Pt-2to20_gun/GEN-SIM/POSTLS162_V1-v4/10000/32F7F53B-AC68-E311-AE43-003048F5B6A9.root;/store/mc/Fall13/Neutrino_Pt-2to20_gun/GEN-SIM/POSTLS162_V1-v4/10000/D88E20AB-AC68-E311-8CB4-0025901D08BE.root;/store/mc/Fall13/Neutrino_Pt-2to20_gun/GEN-SIM/POSTLS162_V1-v4/10000/0E75F3DF-AB68-E311-8BA9-003048F5B5F4.root;/store/mc/Fall13/Neutrino_Pt-2to20_gun/GEN-SIM/POSTLS162_V1-v4/10000/3228DBE4-AB68-E311-AFE5-0025904A91F6.root;/store/mc/Fall13/Neutrino_Pt-2to20_gun/GEN-SIM/POSTLS162_V1-v4/10000/08BDA2EE-AB68-E311-BD33-0025904AC2CA.root;/store/mc/Fall13/Neutrino_Pt-2to20_gun/GEN-SIM/POSTLS162_V1-v4/10000/7632CAE8-AB68-E311-AA1C-90B11C27EA38.root;/store/mc/Fall13/Neutrino_Pt-2to20_gun/GEN-SIM/POSTLS162_V1-v4/10000/32F7F53B-AC68-E311-AE43-003048F5B6A9.root;/store/mc/Fall13/Neutrino_Pt-2to20_gun/GEN-SIM/POSTLS162_V1-v4/10000/D88E20AB-AC68-E311-8CB4-0025901D08BE.root;/store/mc/Fall13/Neutrino_Pt-2to20_gun/GEN-SIM/POSTLS162_V1-v4/10000/344D4760-AC68-E311-85FA-003048F5B5F4.root;/store/mc/Fall13/Neutrino_Pt-2to20_gun/GEN-SIM/POSTLS162_V1-v4/10000/0E75F3DF-AB68-E311-8BA9-003048F5B5F4.root;/store/mc/Fall13/Neutrino_Pt-2to20_gun/GEN-SIM/POSTLS162_V1-v4/10000/08BDA2EE-AB68-E311-BD33-0025904AC2CA.root;/store/mc/Fall13/Neutrino_Pt-2to20_gun/GEN-SIM/POSTLS162_V1-v4/10000/7632CAE8-AB68-E311-AA1C-90B11C27EA38.root;/store/mc/Fall13/Neutrino_Pt-2to20_gun/GEN-SIM/POSTLS162_V1-v4/10000/10CAFE4F-AC68-E311-95FB-002590821320.root;/store/mc/Fall13/Neutrino_Pt-2to20_gun/GEN-SIM/POSTLS162_V1-v4/10000/0CD6C959-AC68-E311-8933-003048F5ADEA.root;/store/mc/Fall13/Neutrino_Pt-2to20_gun/GEN-SIM/POSTLS162_V1-v4/10000/54B76B39-AC68-E311-88C6-003048F5ADEA.root;/store/mc/Fall13/Neutrino_Pt-2to20_gun/GEN-SIM/POSTLS162_V1-v4/10000/344D4760-AC68-E311-85FA-003048F5B5F4.root;/store/mc/Fall13/Neutrino_Pt-2to20_gun/GEN-SIM/POSTLS162_V1-v4/10000/E041DDFB-AC68-E311-AAA4-003048F5B2A0.root;/store/mc/Fall13/Neutrino_Pt-2to20_gun/GEN-SIM/POSTLS162_V1-v4/10000/10CAFE4F-AC68-E311-95FB-002590821320.root;/store/mc/Fall13/Neutrino_Pt-2to20_gun/GEN-SIM/POSTLS162_V1-v4/10000/0CD6C959-AC68-E311-8933-003048F5ADEA.root;/store/mc/Fall13/Neutrino_Pt-2to20_gun/GEN-SIM/POSTLS162_V1-v4/10000/54B76B39-AC68-E311-88C6-003048F5ADEA.root;/store/mc/Fall13/Neutrino_Pt-2to20_gun/GEN-SIM/POSTLS162_V1-v4/10000/542C6E62-AC68-E311-8B06-0025904AC2CA.root;/store/mc/Fall13/Neutrino_Pt-2to20_gun/GEN-SIM/POSTLS162_V1-v4/10000/C05AB95E-AC68-E311-9422-003048F5B69A.root;/store/mc/Fall13/Neutrino_Pt-2to20_gun/GEN-SIM/POSTLS162_V1-v4/10000/C004547E-AC68-E311-9972-003048F5B2A0.root;/store/mc/Fall13/Neutrino_Pt-2to20_gun/GEN-SIM/POSTLS162_V1-v4/10000/08BDA2EE-AB68-E311-BD33-0025904AC2CA.root;/store/mc/Fall13/Neutrino_Pt-2to20_gun/GEN-SIM/POSTLS162_V1-v4/10000/7632CAE8-AB68-E311-AA1C-90B11C27EA38.root;/store/mc/Fall13/Neutrino_Pt-2to20_gun/GEN-SIM/POSTLS162_V1-v4/10000/10CAFE4F-AC68-E311-95FB-002590821320.root;/store/mc/Fall13/Neutrino_Pt-2to20_gun/GEN-SIM/POSTLS162_V1-v4/10000/0CD6C959-AC68-E311-8933-003048F5ADEA.root;/store/mc/Fall13/Neutrino_Pt-2to20_gun/GEN-SIM/POSTLS162_V1-v4/10000/54B76B39-AC68-E311-88C6-003048F5ADEA.root;/store/mc/Fall13/Neutrino_Pt-2to20_gun/GEN-SIM/POSTLS162_V1-v4/10000/542C6E62-AC68-E311-8B06-0025904AC2CA.root;/store/mc/Fall13/Neutrino_Pt-2to20_gun/GEN-SIM/POSTLS162_V1-v4/10000/C05AB95E-AC68-E311-9422-003048F5B69A.root;/store/mc/Fall13/Neutrino_Pt-2to20_gun/GEN-SIM/POSTLS162_V1-v4/10001/7642FB00-AD68-E311-837E-6C3BE5B5B080.root;/store/mc/Fall13/Neutrino_Pt-2to20_gun/GEN-SIM/POSTLS162_V1-v4/10000/00ED2FEA-AA68-E311-BEEE-003048F5B2A0.root;/store/mc/Fall13/Neutrino_Pt-2to20_gun/GEN-SIM/POSTLS162_V1-v4/10000/5ED692F4-AA68-E311-85A2-90B11C1DBFB4.root;/store/mc/Fall13/Neutrino_Pt-2to20_gun/GEN-SIM/POSTLS162_V1-v4/10000/5C0B7CF6-AA68-E311-BA32-003048F59754.root;/store/mc/Fall13/Neutrino_Pt-2to20_gun/GEN-SIM/POSTLS162_V1-v4/10000/14465A61-AB68-E311-83F0-90B11C2ACF20.root;/store/mc/Fall13/Neutrino_Pt-2to20_gun/GEN-SIM/POSTLS162_V1-v4/10000/869E6491-AB68-E311-8C53-0025901D08BE.root
lumisRange=
>>> Executable cmsRun
/cvmfs/cms.cern.ch/slc6_amd64_gcc481/cms/cmssw/CMSSW_7_1_0_pre8/bin/slc6_amd64_gcc481/cmsRun
ok executable found
>>> info for dashboard:
***** Cat /wntmp/condor/compute-21-24/execute/dir_27703/glide_YH9nS5/execute/dir_21526/jobreport.txt *****
MonitorJobID=31_https://submit-4.t2.ucsd.edu//140801//331280.30
MonitorID=aelwood_140801_jJets_ngun_PU40bx25_1c84ps
ExeStart=cmsRun
***** End Cat jobreport *****
Parameters sent to Dashboard.
>>> cmsRun started at Fri Aug  1 10:06:10 UTC 2014
>>> cmsRun ended at Fri Aug  1 12:24:22 UTC 2014
>>> crab_fjr_*.xml  permission set to 0704
>>> info for dashboard:
***** Cat /wntmp/condor/compute-21-24/execute/dir_27703/glide_YH9nS5/execute/dir_21526/jobreport.txt *****
MonitorJobID=31_https://submit-4.t2.ucsd.edu//140801//331280.30
MonitorID=aelwood_140801_jJets_ngun_PU40bx25_1c84ps
ExeEnd=cmsRun
***** End Cat jobreport *****
Parameters sent to Dashboard.
TIME_EXE = 8292 sec
>>> cmsRun wrote 60 lines of stdout+stderr
>>> START OF printout of 60 lines from stdout+stderr
==> using COND/Services/RelationalAuthenticationService for auth, sys 1
==> using COND/Services/RelationalAuthenticationService for auth, sys 1
01-Aug-2014 03:06:37 PDT  Initiating request to open file /mnt/hadoop/store/mc/Fall13dr/Neutrino_Pt-2to20_gun/GEN-SIM-RAW/tsg_PU40bx25_POSTLS162_V2-v1/00002/14704AEA-AF7A-E311-A736-0025905A6104.root
01-Aug-2014 03:06:39 PDT  Successfully opened file /mnt/hadoop/store/mc/Fall13dr/Neutrino_Pt-2to20_gun/GEN-SIM-RAW/tsg_PU40bx25_POSTLS162_V2-v1/00002/14704AEA-AF7A-E311-A736-0025905A6104.root
01-Aug-2014 03:06:41 PDT  Initiating request to open file /mnt/hadoop/store/mc/Fall13/Neutrino_Pt-2to20_gun/GEN-SIM/POSTLS162_V1-v4/10000/08BDA2EE-AB68-E311-BD33-0025904AC2CA.root
01-Aug-2014 03:06:41 PDT  Fallback request to file root://cmsxrootd.fnal.gov//store/mc/Fall13/Neutrino_Pt-2to20_gun/GEN-SIM/POSTLS162_V1-v4/10000/08BDA2EE-AB68-E311-BD33-0025904AC2CA.root
140801 03:06:44 23780 Xrd: CheckErrorStatus: Server [cmssrmdisk.fnal.gov:1095] declared: Request 3018 not supported(error code: 3013)
01-Aug-2014 03:06:45 PDT  Successfully opened file root://cmsxrootd.fnal.gov//store/mc/Fall13/Neutrino_Pt-2to20_gun/GEN-SIM/POSTLS162_V1-v4/10000/08BDA2EE-AB68-E311-BD33-0025904AC2CA.root
01-Aug-2014 03:06:54 PDT  Closed file root://cmsxrootd.fnal.gov//store/mc/Fall13/Neutrino_Pt-2to20_gun/GEN-SIM/POSTLS162_V1-v4/10000/08BDA2EE-AB68-E311-BD33-0025904AC2CA.root
Stage1Layer2Producer -- Running pp implementation


----------------------------------------
Begin: L1CaloTowerProducer
----------------------------------------

01-Aug-2014 03:08:36 PDT  Closed file /mnt/hadoop/store/mc/Fall13dr/Neutrino_Pt-2to20_gun/GEN-SIM-RAW/tsg_PU40bx25_POSTLS162_V2-v1/00002/14704AEA-AF7A-E311-A736-0025905A6104.root
01-Aug-2014 03:08:36 PDT  Initiating request to open file /mnt/hadoop/store/mc/Fall13dr/Neutrino_Pt-2to20_gun/GEN-SIM-RAW/tsg_PU40bx25_POSTLS162_V2-v1/00002/ECF79FD5-AF7A-E311-8748-003048FF9AC6.root
01-Aug-2014 03:08:36 PDT  Successfully opened file /mnt/hadoop/store/mc/Fall13dr/Neutrino_Pt-2to20_gun/GEN-SIM-RAW/tsg_PU40bx25_POSTLS162_V2-v1/00002/ECF79FD5-AF7A-E311-8748-003048FF9AC6.root
140801 03:12:12 24949 Xrd: XrdClientMessage::ReadRaw: Failed to read header (8 bytes).
140801 03:12:12 24782 Xrd: XrdClientMessage::ReadRaw: Failed to read header (8 bytes).
01-Aug-2014 03:21:37 PDT  Closed file /mnt/hadoop/store/mc/Fall13dr/Neutrino_Pt-2to20_gun/GEN-SIM-RAW/tsg_PU40bx25_POSTLS162_V2-v1/00002/ECF79FD5-AF7A-E311-8748-003048FF9AC6.root
01-Aug-2014 03:21:37 PDT  Initiating request to open file /mnt/hadoop/store/mc/Fall13dr/Neutrino_Pt-2to20_gun/GEN-SIM-RAW/tsg_PU40bx25_POSTLS162_V2-v1/00002/ECC7D649-B27A-E311-89EA-00304867916E.root
01-Aug-2014 03:21:38 PDT  Successfully opened file /mnt/hadoop/store/mc/Fall13dr/Neutrino_Pt-2to20_gun/GEN-SIM-RAW/tsg_PU40bx25_POSTLS162_V2-v1/00002/ECC7D649-B27A-E311-89EA-00304867916E.root
140801 03:27:12 24548 Xrd: XrdClientMessage::ReadRaw: Failed to read header (8 bytes).
140801 03:27:12 24861 Xrd: XrdClientMessage::ReadRaw: Failed to read header (8 bytes).
140801 03:27:12 24473 Xrd: XrdClientMessage::ReadRaw: Failed to read header (8 bytes).
01-Aug-2014 04:46:31 PDT  Closed file /mnt/hadoop/store/mc/Fall13dr/Neutrino_Pt-2to20_gun/GEN-SIM-RAW/tsg_PU40bx25_POSTLS162_V2-v1/00002/ECC7D649-B27A-E311-89EA-00304867916E.root
01-Aug-2014 04:46:31 PDT  Initiating request to open file /mnt/hadoop/store/mc/Fall13dr/Neutrino_Pt-2to20_gun/GEN-SIM-RAW/tsg_PU40bx25_POSTLS162_V2-v1/00002/E820CC4B-B17A-E311-A52F-0026189438A2.root
01-Aug-2014 04:46:32 PDT  Successfully opened file /mnt/hadoop/store/mc/Fall13dr/Neutrino_Pt-2to20_gun/GEN-SIM-RAW/tsg_PU40bx25_POSTLS162_V2-v1/00002/E820CC4B-B17A-E311-A52F-0026189438A2.root
01-Aug-2014 04:56:31 PDT  Closed file /mnt/hadoop/store/mc/Fall13dr/Neutrino_Pt-2to20_gun/GEN-SIM-RAW/tsg_PU40bx25_POSTLS162_V2-v1/00002/E820CC4B-B17A-E311-A52F-0026189438A2.root
01-Aug-2014 04:56:31 PDT  Initiating request to open file /mnt/hadoop/store/mc/Fall13dr/Neutrino_Pt-2to20_gun/GEN-SIM-RAW/tsg_PU40bx25_POSTLS162_V2-v1/00002/0E06087B-B37A-E311-9063-00261894395F.root
01-Aug-2014 04:56:32 PDT  Successfully opened file /mnt/hadoop/store/mc/Fall13dr/Neutrino_Pt-2to20_gun/GEN-SIM-RAW/tsg_PU40bx25_POSTLS162_V2-v1/00002/0E06087B-B37A-E311-9063-00261894395F.root
01-Aug-2014 05:03:54 PDT  Closed file /mnt/hadoop/store/mc/Fall13dr/Neutrino_Pt-2to20_gun/GEN-SIM-RAW/tsg_PU40bx25_POSTLS162_V2-v1/00002/0E06087B-B37A-E311-9063-00261894395F.root
01-Aug-2014 05:03:54 PDT  Initiating request to open file /mnt/hadoop/store/mc/Fall13dr/Neutrino_Pt-2to20_gun/GEN-SIM-RAW/tsg_PU40bx25_POSTLS162_V2-v1/00002/DA48933F-AF7A-E311-B8FB-001A928116D2.root
01-Aug-2014 05:03:54 PDT  Successfully opened file /mnt/hadoop/store/mc/Fall13dr/Neutrino_Pt-2to20_gun/GEN-SIM-RAW/tsg_PU40bx25_POSTLS162_V2-v1/00002/DA48933F-AF7A-E311-B8FB-001A928116D2.root
01-Aug-2014 05:20:28 PDT  Closed file /mnt/hadoop/store/mc/Fall13dr/Neutrino_Pt-2to20_gun/GEN-SIM-RAW/tsg_PU40bx25_POSTLS162_V2-v1/00002/DA48933F-AF7A-E311-B8FB-001A928116D2.root
01-Aug-2014 05:20:28 PDT  Initiating request to open file /mnt/hadoop/store/mc/Fall13dr/Neutrino_Pt-2to20_gun/GEN-SIM-RAW/tsg_PU40bx25_POSTLS162_V2-v1/00002/7CC2ECFF-377B-E311-BF12-0025905A60B2.root
01-Aug-2014 05:20:28 PDT  Successfully opened file /mnt/hadoop/store/mc/Fall13dr/Neutrino_Pt-2to20_gun/GEN-SIM-RAW/tsg_PU40bx25_POSTLS162_V2-v1/00002/7CC2ECFF-377B-E311-BF12-0025905A60B2.root
01-Aug-2014 05:24:15 PDT  Closed file /mnt/hadoop/store/mc/Fall13dr/Neutrino_Pt-2to20_gun/GEN-SIM-RAW/tsg_PU40bx25_POSTLS162_V2-v1/00002/7CC2ECFF-377B-E311-BF12-0025905A60B2.root

=============================================

MessageLogger Summary

 type     category        sev    module        subroutine        count    total
 ---- -------------------- -- ---------------- ----------------  -----    -----
    1 fileAction           -s AfterFile                              4        4
    2 fileAction           -s file_close                             7        7
    3 fileAction           -s file_open                             14       14

 type    category    Examples: run/evt        run/evt          run/evt
 ---- -------------------- ---------------- ---------------- ----------------
    1 fileAction           pre-events       pre-events       pre-events
    2 fileAction           PostProcessEvent PostProcessEvent PostEndRun
    3 fileAction           pre-events       pre-events       PostProcessEvent

Severity    # Occurrences   Total Occurrences
--------    -------------   -----------------
System                 25                  25
>>> END OF printout of 60 lines from stdout+stderr
>>> Parse FrameworkJobReport crab_fjr.xml
Result of parsing the FrameworkJobReport crab_fjr.xml: 
Extracted ExitStatus from FrameworkJobReport parsing output: 0
>>> Executable succeded  0
ExeExitCode=0
EXECUTABLE_EXIT_STATUS = 0
>>> current directory /wntmp/condor/compute-21-24/execute/dir_27703/glide_YH9nS5/execute/dir_21526/cms_RqKho3H7sKua/CMSSW_7_1_0_pre8
>>>  (SOFTWARE_DIR): /wntmp/condor/compute-21-24/execute/dir_27703/glide_YH9nS5/execute/dir_21526/cms_RqKho3H7sKua/CMSSW_7_1_0_pre8
>>> (WORKING_DIR): /wntmp/condor/compute-21-24/execute/dir_27703/glide_YH9nS5/execute/dir_21526/cms_RqKho3H7sKua
>>> current directory content:
total 468580
drwxr-xr-x. 3 uscms4354 cms      4096 Aug  1 03:05 .SCRAM
-rw-------. 1 uscms4354 cms    916533 Aug  1 03:05 CMSSW.py.pkl
-rw-------. 1 uscms4354 cms 477897646 Aug  1 05:24 L1SkimRun.root
drwxr-xr-x. 3 uscms4354 cms      4096 Aug  1 03:05 bin
drwxr-xr-x. 3 uscms4354 cms      4096 Aug  1 03:05 cfipython
drwxr-xr-x. 4 uscms4354 cms      4096 Aug  1 03:05 config
-rw-------. 1 uscms4354 cms        18 Aug  1 05:24 cpu_timing.txt
drwxr-xr-x. 2 uscms4354 cms      4096 Aug  1 03:05 doc
-rw-------. 1 uscms4354 cms      6578 Aug  1 05:24 executable.out
drwxr-xr-x. 2 uscms4354 cms      4096 Aug  1 03:05 include
drwx------. 3 uscms4354 cms      4096 Aug  1 00:37 lib
drwxr-xr-x. 3 uscms4354 cms      4096 Aug  1 03:05 logs
drwxr-xr-x. 3 uscms4354 cms      4096 Aug  1 03:05 objs
-rw-------. 1 uscms4354 cms       104 Aug  1 03:06 pset.py
-rw-------. 1 uscms4354 cms    925000 Aug  1 03:06 pset.py.pkl
-rw-------. 1 uscms4354 cms       289 Aug  1 03:06 pset.pyc
drwxr-xr-x. 2 uscms4354 cms      4096 Aug  1 03:05 python
-rw-------. 1 uscms4354 cms       419 Aug  1 05:24 report.log
drwx------. 5 uscms4354 cms      4096 Aug  1 03:04 src
drwxr-xr-x. 3 uscms4354 cms      4096 Aug  1 03:05 test
drwxr-xr-x. 3 uscms4354 cms      4096 Aug  1 03:05 tmp
>>> current directory /wntmp/condor/compute-21-24/execute/dir_27703/glide_YH9nS5/execute/dir_21526/cms_RqKho3H7sKua/CMSSW_7_1_0_pre8
>>> (SOFTWARE_DIR): /wntmp/condor/compute-21-24/execute/dir_27703/glide_YH9nS5/execute/dir_21526/cms_RqKho3H7sKua/CMSSW_7_1_0_pre8
>>> (WORKING_DIR): /wntmp/condor/compute-21-24/execute/dir_27703/glide_YH9nS5/execute/dir_21526/cms_RqKho3H7sKua
>>> current directory content:
total 468580
drwxr-xr-x. 3 uscms4354 cms      4096 Aug  1 03:05 .SCRAM
-rw-------. 1 uscms4354 cms    916533 Aug  1 03:05 CMSSW.py.pkl
-rw-------. 1 uscms4354 cms 477897646 Aug  1 05:24 L1SkimRun_31_1_utk.root
drwxr-xr-x. 3 uscms4354 cms      4096 Aug  1 03:05 bin
drwxr-xr-x. 3 uscms4354 cms      4096 Aug  1 03:05 cfipython
drwxr-xr-x. 4 uscms4354 cms      4096 Aug  1 03:05 config
-rw-------. 1 uscms4354 cms        18 Aug  1 05:24 cpu_timing.txt
drwxr-xr-x. 2 uscms4354 cms      4096 Aug  1 03:05 doc
-rw-------. 1 uscms4354 cms      6578 Aug  1 05:24 executable.out
drwxr-xr-x. 2 uscms4354 cms      4096 Aug  1 03:05 include
drwx------. 3 uscms4354 cms      4096 Aug  1 00:37 lib
drwxr-xr-x. 3 uscms4354 cms      4096 Aug  1 03:05 logs
drwxr-xr-x. 3 uscms4354 cms      4096 Aug  1 03:05 objs
-rw-------. 1 uscms4354 cms       104 Aug  1 03:06 pset.py
-rw-------. 1 uscms4354 cms    925000 Aug  1 03:06 pset.py.pkl
-rw-------. 1 uscms4354 cms       289 Aug  1 03:06 pset.pyc
drwxr-xr-x. 2 uscms4354 cms      4096 Aug  1 03:05 python
-rw-------. 1 uscms4354 cms       419 Aug  1 05:24 report.log
drwx------. 5 uscms4354 cms      4096 Aug  1 03:04 src
drwxr-xr-x. 3 uscms4354 cms      4096 Aug  1 03:05 test
drwxr-xr-x. 3 uscms4354 cms      4096 Aug  1 03:05 tmp
>>> current directory (RUNTIME_AREA):  /wntmp/condor/compute-21-24/execute/dir_27703/glide_YH9nS5/execute/dir_21526
SE = srm-eoscms.cern.ch
SE_PATH = /srm/v2/server?SFN=/eos/cms/store/user/aelwood/140801_jJets_ngun_PU40bx25/
LFNBaseName = /store/user/aelwood/140801_jJets_ngun_PU40bx25/
USER = aelwood
endpoint = srm://srm-eoscms.cern.ch:8443/srm/v2/server?SFN=/eos/cms/store/user/aelwood/140801_jJets_ngun_PU40bx25/
>>> Copy output files from WN = compute-21-24.tier2 to /srm/v2/server?SFN=/eos/cms/store/user/aelwood/140801_jJets_ngun_PU40bx25/ :
python cmscp.py  --destination srm://srm-eoscms.cern.ch:8443/srm/v2/server?SFN=/eos/cms/store/user/aelwood/140801_jJets_ngun_PU40bx25/ --inputFileList /wntmp/condor/compute-21-24/execute/dir_27703/glide_YH9nS5/execute/dir_21526/cms_RqKho3H7sKua/CMSSW_7_1_0_pre8/L1SkimRun_31_1_utk.root --middleware OSG --se_name srm-eoscms.cern.ch --for_lfn /store/user/aelwood/140801_jJets_ngun_PU40bx25/    
******************************************************
localSeName  =  cit-se.ultralight.org
remoteSeName =  srm-eoscms.cern.ch
******************************************************
{"/wntmp/condor/compute-21-24/execute/dir_27703/glide_YH9nS5/execute/dir_21526/cms_RqKho3H7sKua/CMSSW_7_1_0_pre8/L1SkimRun_31_1_utk.root": {"endpoint": "srm://srm-eoscms.cern.ch:8443/srm/v2/server?SFN=/eos/cms/store/user/aelwood/140801_jJets_ngun_PU40bx25/", "surl_for_grid": "", "reason": "ERROR: problems checking if file /wntmp/condor/compute-21-24/execute/dir_27703/glide_YH9nS5/execute/dir_21526/cms_RqKho3H7sKua/CMSSW_7_1_0_pre8/L1SkimRun_31_1_utk.root already exist'Error checking [L1SkimRun_31_1_utk.root]'", "erCode": "60307", "se_name": "srm-eoscms.cern.ch", "for_lfn": "/copy_problem/"}}/wntmp/condor/compute-21-24/execute/dir_27703/glide_YH9nS5/execute/dir_21526
-------- cat /wntmp/condor/compute-21-24/execute/dir_27703/glide_YH9nS5/execute/dir_21526/cmscpReport.sh 
#!/bin/bash
echo "Report for File: /wntmp/condor/compute-21-24/execute/dir_27703/glide_YH9nS5/execute/dir_21526/cms_RqKho3H7sKua/CMSSW_7_1_0_pre8/L1SkimRun_31_1_utk.root"
echo "LFN: /copy_problem/L1SkimRun_31_1_utk.root"
echo "StorageElement: srm-eoscms.cern.ch"
echo "StageOutExitStatusReason = 'ERROR: problems checking if file /wntmp/condor/compute-21-24/execute/dir_27703/glide_YH9nS5/execute/dir_21526/cms_RqKho3H7sKua/CMSSW_7_1_0_pre8/L1SkimRun_31_1_utk.root already exist Error checking [L1SkimRun_31_1_utk.root] '" | tee -a $RUNTIME_AREA/$repo
echo "StageOutSE = srm-eoscms.cern.ch" >> $RUNTIME_AREA/$repo

export StageOutExitStatus=60307
echo "StageOutExitStatus = 60307" | tee -a $RUNTIME_AREA/$repo
-------- end of /wntmp/condor/compute-21-24/execute/dir_27703/glide_YH9nS5/execute/dir_21526/cmscpReport.sh 
Report for File: /wntmp/condor/compute-21-24/execute/dir_27703/glide_YH9nS5/execute/dir_21526/cms_RqKho3H7sKua/CMSSW_7_1_0_pre8/L1SkimRun_31_1_utk.root
LFN: /copy_problem/L1SkimRun_31_1_utk.root
StorageElement: srm-eoscms.cern.ch
StageOutExitStatusReason = 'ERROR: problems checking if file /wntmp/condor/compute-21-24/execute/dir_27703/glide_YH9nS5/execute/dir_21526/cms_RqKho3H7sKua/CMSSW_7_1_0_pre8/L1SkimRun_31_1_utk.root already exist Error checking [L1SkimRun_31_1_utk.root] '
StageOutExitStatus = 60307
Problem copying file to srm-eoscms.cern.ch /srm/v2/server?SFN=/eos/cms/store/user/aelwood/140801_jJets_ngun_PU40bx25/
########## contents of SE interaction
2014-08-01 05:24:58.565883:
Executed:	unset LD_LIBRARY_PATH; unset GLITE_ENV_SET; export PATH=/usr/bin:/bin; source /etc/profile; source /wntmp/condor/compute-21-24/execute/dir_27703/glide_YH9nS5/execute/dir_21526/CacheEnv.sh ; lcg-ls -b -D srmv2 --srm-timeout 2400 --sendreceive-timeout 2400 --connect-timeout 300 --verbose srm://srm-eoscms.cern.ch:8443/srm/v2/server?SFN=/eos/cms/store/user/aelwood/140801_jJets_ngun_PU40bx25/L1SkimRun_31_1_utk.root
Done with exit code:	1
and output:
SE type: SRMv2
[SE][Ls][] httpg://srm-eoscms.cern.ch:8443/srm/v2/server: CGSI-gSOAP running on compute-21-24.tier2 reports Error initializing context
GSS Major Status: Authentication Failed

GSS Minor Status Error Chain:
globus_gsi_gssapi: SSLv3 handshake problems
OpenSSL Error: s3_clnt.c:1168: in library: SSL routines, function SSL3_GET_SERVER_CERTIFICATE: certificate verify failed
globus_gsi_callback_module: Could not verify credential
globus_gsi_callback_module: Can't get the local trusted CA certificate: Cannot find trusted CA certificate with hash 5168735f in /etc/grid-security/certificates/



#####################################
>>> current dir: /wntmp/condor/compute-21-24/execute/dir_27703/glide_YH9nS5/execute/dir_21526
>>> current dir content:
total 15128
-rw-------. 1 uscms4354 cms     1094 Aug  1 05:24 .SEinteraction.log
-rwx------. 1 uscms4354 cms     6635 Aug  1 03:04 .job.ad
-rwx------. 1 uscms4354 cms     9434 Aug  1 03:04 .machine.ad
-rw-------. 1 uscms4354 cms      105 Aug  1 02:57 CMSSW.py
-rw-------. 1 uscms4354 cms   916533 Aug  1 02:57 CMSSW.py.pkl
-rwx------. 1 uscms4354 cms    28576 Aug  1 03:04 CMSSW.sh
-rw-------. 1 uscms4354 cms      183 Aug  1 03:04 CacheEnv.sh
-rw-------. 1 uscms4354 cms     7291 Jul 12 08:18 DashboardAPI.py
-rw-------. 1 uscms4354 cms     6770 Aug  1 03:05 DashboardAPI.pyc
drwx------. 2 uscms4354 cms     4096 Aug  1 05:24 IMProv
lrwxrwxrwx. 1 uscms4354 cms      134 Aug  1 05:24 L1SkimRun.root -> /wntmp/condor/compute-21-24/execute/dir_27703/glide_YH9nS5/execute/dir_21526/cms_RqKho3H7sKua/CMSSW_7_1_0_pre8/L1SkimRun_31_1_utk.root
-rw-------. 1 uscms4354 cms     2748 Jul 12 08:18 Logger.py
-rw-------. 1 uscms4354 cms     3332 Aug  1 03:05 Logger.pyc
-rw-------. 1 uscms4354 cms    24524 Jul 12 08:18 ProcInfo.py
-rw-------. 1 uscms4354 cms    23125 Aug  1 03:05 ProcInfo.pyc
drwx------. 7 uscms4354 cms     4096 Aug  1 03:06 ProdCommon
drwx------. 3 uscms4354 cms     4096 Aug  1 03:04 WMCore
-rw-------. 1 uscms4354 cms     8223 Aug  1 05:24 Watchdog_31.log
-rwx------. 1 uscms4354 cms        0 Aug  1 03:04 _condor_stderr
-rwx---r--. 1 uscms4354 cms    30270 Aug  1 05:26 _condor_stdout
-rw-------. 1 uscms4354 cms    32895 Jul 12 08:18 apmon.py
-rw-------. 1 uscms4354 cms    28538 Aug  1 03:05 apmon.pyc
-rwx------. 1 uscms4354 cms   240046 Aug  1 03:04 arguments.xml
drwx------. 3 uscms4354 cms     4096 Aug  1 03:05 cms_RqKho3H7sKua
-rwx------. 1 uscms4354 cms    38524 Jul 12 08:18 cmscp.py
-rw-------. 1 uscms4354 cms      710 Aug  1 05:26 cmscpReport.sh
-rwx------. 1 uscms4354 cms    28576 Aug  1 03:04 condor_exec.exe
-rw-------. 1 uscms4354 cms      759 Aug  1 02:56 crab.cfg
-rwx------. 1 uscms4354 cms     8610 Jul 12 08:18 crabWatchdog.sh
-rwx---r--. 1 uscms4354 cms    76647 Aug  1 05:24 crab_fjr_31.xml
-rwx------. 1 uscms4354 cms 13818897 Aug  1 03:04 default.tgz
-rwx------. 1 uscms4354 cms     4488 Jul 12 08:18 fillCrabFjr.py
-rw-------. 1 uscms4354 cms     6284 Aug  1 03:06 inputsReport.txt
-rw-------. 1 uscms4354 cms      455 Aug  1 05:26 jobreport.txt
-rw-------. 1 uscms4354 cms    17352 Jul 12 08:18 parseCrabFjr.py
-rw-------. 1 uscms4354 cms      334 Aug  1 03:04 report.log
-rwx--x--x. 1 uscms4354 cms     1497 Jul 12 08:18 report.py
-rw-------. 1 uscms4354 cms      598 Aug  1 05:26 resultCopyFile
-rwx------. 1 uscms4354 cms     8351 Jul 12 08:18 writeCfg.py
-rw-------. 1 uscms4354 cms     8083 Aug  1 05:14 x509up_u41660
>>> Modify Job Report:
CMSSW_VERSION = CMSSW_7_1_0_pre8
/wntmp/condor/compute-21-24/execute/dir_27703/glide_YH9nS5/execute/dir_21526/ProdCommon/FwkJobRep/ModifyJobReport.py fjr /wntmp/condor/compute-21-24/execute/dir_27703/glide_YH9nS5/execute/dir_21526/crab_fjr_31.xml json /wntmp/condor/compute-21-24/execute/dir_27703/glide_YH9nS5/execute/dir_21526/resultCopyFile n_job 31_1_utk PrimaryDataset Neutrino_Pt-2to20_gun  ApplicationFamily cmsRun ApplicationName cmsRun cmssw_version CMSSW_7_1_0_pre8 psethash 951aa882d2ac167e3fe15038b4453880
inputDict =  {u'/wntmp/condor/compute-21-24/execute/dir_27703/glide_YH9nS5/execute/dir_21526/cms_RqKho3H7sKua/CMSSW_7_1_0_pre8/L1SkimRun_31_1_utk.root': {u'endpoint': u'srm://srm-eoscms.cern.ch:8443/srm/v2/server?SFN=/eos/cms/store/user/aelwood/140801_jJets_ngun_PU40bx25/', u'surl_for_grid': u'', u'reason': u"ERROR: problems checking if file /wntmp/condor/compute-21-24/execute/dir_27703/glide_YH9nS5/execute/dir_21526/cms_RqKho3H7sKua/CMSSW_7_1_0_pre8/L1SkimRun_31_1_utk.root already exist'Error checking [L1SkimRun_31_1_utk.root]'", u'erCode': u'60307', u'se_name': u'srm-eoscms.cern.ch', u'for_lfn': u'/copy_problem/'}}
UserProcessedDataset =  
file_name in inputDict =  /wntmp/condor/compute-21-24/execute/dir_27703/glide_YH9nS5/execute/dir_21526/cms_RqKho3H7sKua/CMSSW_7_1_0_pre8/L1SkimRun_31_1_utk.root
(size) os.stat(filename)[6] =  477897646
checksum =  20697949
    file =  L1SkimRun_31_1_utk.root
    newPfn =  srm://srm-eoscms.cern.ch:8443/srm/v2/server?SFN=/eos/cms/store/user/aelwood/140801_jJets_ngun_PU40bx25/L1SkimRun_31_1_utk.root
    newLfn =  /copy_problem/L1SkimRun_31_1_utk.root
>>> crab_fjr_*.xml  permission set to 0704
CrabWrapper EXIT_FUNC entered at Fri Aug  1 05:26:08 PDT 2014   -  Fri Aug  1 12:26:08 UTC 2014
Checking output files:  
will tar file crab_fjr_31.xml in  out_files_31
WARNING: output file CMSSW_31.stdout not found!
WARNING: output file CMSSW_31.stderr not found!
WARNING: output file Watchdog_31.log.gz not found!
>>> working dir = /wntmp/condor/compute-21-24/execute/dir_27703/glide_YH9nS5/execute/dir_21526/cms_RqKho3H7sKua
>>> current directory (RUNTIME_AREA): /wntmp/condor/compute-21-24/execute/dir_27703/glide_YH9nS5/execute/dir_21526
>>> Remove working directory: /wntmp/condor/compute-21-24/execute/dir_27703/glide_YH9nS5/execute/dir_21526/cms_RqKho3H7sKua
/wntmp/condor/compute-21-24/execute/dir_27703/glide_YH9nS5/execute/dir_21526/condor_exec.exe: line 140: symlinks: command not found
>>> padding time: Wrapper lasting more than 600 seconds. No sleep required.
STOPPING WATCHDOG. CrabWatchdog PID is 23180
********** LAST 50 LINES OF WATCHDOG LOG
# TIME			PID	RSS(KB)	VSZ(KB)	Dsk(MB)	tCPU(s)	tWALL(s)	COMMAND
# TIME			PID	RSS(KB)	VSZ(KB)	Dsk(MB)	tCPU(s)	tWALL(s)	COMMAND
# TIME			PID	RSS(KB)	VSZ(KB)	Dsk(MB)	tCPU(s)	tWALL(s)	COMMAND
 Aug 01 03:45:01 PDT	---	703332	938860	226	----	----	----
 Aug 01 04:41:21 PDT	---	703332	938860	228	----	----	----
 Aug 01 04:42:23 PDT	---	703332	938860	237	----	----	----
 Aug 01 04:43:25 PDT	---	703332	938860	247	----	----	----
 Aug 01 04:44:27 PDT	---	703332	938860	256	----	----	----
 Aug 01 04:45:30 PDT	---	703332	938860	263	----	----	----
 Aug 01 04:46:32 PDT	---	703332	938860	273	----	----	----
 Aug 01 04:47:34 PDT	---	703332	938860	284	----	----	----
 Aug 01 04:48:36 PDT	---	703332	938860	288	----	----	----
 Aug 01 04:49:38 PDT	23780	715876	989036	288	1182	6225	cmsRun -j /wntmp/condor/compute-21-24/execute/dir_27703/glide_YH9nS5/execute/dir_21526/crab_fjr_31.xml -p pset.py      
 Aug 01 04:49:38 PDT	---	715876	989036	298	----	----	----
 Aug 01 04:50:41 PDT	23780	716148	989036	298	1236	6287	cmsRun -j /wntmp/condor/compute-21-24/execute/dir_27703/glide_YH9nS5/execute/dir_21526/crab_fjr_31.xml -p pset.py      
 Aug 01 04:50:41 PDT	---	716148	989036	307	----	----	----
 Aug 01 04:51:42 PDT	23780	716596	989036	307	1290	6349	cmsRun -j /wntmp/condor/compute-21-24/execute/dir_27703/glide_YH9nS5/execute/dir_21526/crab_fjr_31.xml -p pset.py      
 Aug 01 04:51:42 PDT	---	716596	989036	316	----	----	----
 Aug 01 04:52:44 PDT	---	716596	989036	326	----	----	----
 Aug 01 04:53:46 PDT	---	716596	989036	333	----	----	----
 Aug 01 04:54:48 PDT	---	716596	989036	343	----	----	----
 Aug 01 04:55:51 PDT	---	716596	989036	353	----	----	----
 Aug 01 04:56:53 PDT	---	716596	989036	362	----	----	----
 Aug 01 04:57:55 PDT	---	716596	989036	373	----	----	----
 Aug 01 04:58:57 PDT	---	716596	989036	382	----	----	----
 Aug 01 04:59:59 PDT	---	716596	989036	391	----	----	----
 Aug 01 05:01:01 PDT	---	716596	989036	398	----	----	----
 Aug 01 05:02:03 PDT	---	716596	989036	409	----	----	----
 Aug 01 05:03:05 PDT	---	716596	989036	415	----	----	----
 Aug 01 05:04:07 PDT	---	716596	989036	421	----	----	----
 Aug 01 05:06:10 PDT	23780	728784	989036	421	1904	7217	cmsRun -j /wntmp/condor/compute-21-24/execute/dir_27703/glide_YH9nS5/execute/dir_21526/crab_fjr_31.xml -p pset.py      
 Aug 01 05:06:10 PDT	---	728784	989036	428	----	----	----
 Aug 01 05:07:13 PDT	23780	733064	989036	428	1946	7279	cmsRun -j /wntmp/condor/compute-21-24/execute/dir_27703/glide_YH9nS5/execute/dir_21526/crab_fjr_31.xml -p pset.py      
 Aug 01 05:07:13 PDT	---	733064	989036	435	----	----	----
 Aug 01 05:08:15 PDT	23780	737100	989036	435	1968	7341	cmsRun -j /wntmp/condor/compute-21-24/execute/dir_27703/glide_YH9nS5/execute/dir_21526/crab_fjr_31.xml -p pset.py      
 Aug 01 05:08:15 PDT	---	737100	989036	439	----	----	----
 Aug 01 05:12:20 PDT	---	737100	989036	443	----	----	----
 Aug 01 05:13:22 PDT	---	737100	989036	455	----	----	----
 Aug 01 05:14:24 PDT	---	737100	989036	459	----	----	----
 Aug 01 05:15:26 PDT	---	737100	989036	464	----	----	----
 Aug 01 05:16:28 PDT	23780	737552	989036	464	2137	7834	cmsRun -j /wntmp/condor/compute-21-24/execute/dir_27703/glide_YH9nS5/execute/dir_21526/crab_fjr_31.xml -p pset.py      
 Aug 01 05:16:28 PDT	---	737552	989036	469	----	----	----
 Aug 01 05:17:30 PDT	---	737552	989036	479	----	----	----
 Aug 01 05:18:31 PDT	---	737552	989036	490	----	----	----
 Aug 01 05:19:33 PDT	---	737552	989036	498	----	----	----
 Aug 01 05:20:35 PDT	---	737552	989036	510	----	----	----
 Aug 01 05:21:37 PDT	---	737552	989036	519	----	----	----
 Aug 01 05:22:39 PDT	---	737552	989036	527	----	----	----
 Aug 01 05:23:41 PDT	---	737552	989036	536	----	----	----
 Aug 01 05:24:42 PDT	---	737552	989036	545	----	----	----
********** WATCHDOG LOG ENDED
ZIPPING WATCHDOG LOG
Disk space used:
du -sh /wntmp/condor/compute-21-24/execute/dir_27703/glide_YH9nS5/execute/dir_21526
17M	/wntmp/condor/compute-21-24/execute/dir_27703/glide_YH9nS5/execute/dir_21526
Found unusual stdout, rename for OSB
`/wntmp/condor/compute-21-24/execute/dir_27703/glide_YH9nS5/execute/dir_21526/_condor_stdout' -> `CMSSW_31.stdout'
Found unusual stderr, rename for OSB
`/wntmp/condor/compute-21-24/execute/dir_27703/glide_YH9nS5/execute/dir_21526/_condor_stdout' -> `CMSSW_31.stderr'
crab_fjr_31.xml
CMSSW_31.stdout
CMSSW_31.stderr
Watchdog_31.log.gz
Total Output dimension: 22851
WARNING: output files size limit is set to: 50000000
Total Output dimension 22851 is fine.
JOB_EXIT_STATUS = 60307
>>> info for dashboard:
***** Cat /wntmp/condor/compute-21-24/execute/dir_27703/glide_YH9nS5/execute/dir_21526/jobreport.txt *****
MonitorJobID=31_https://submit-4.t2.ucsd.edu//140801//331280.30
MonitorID=aelwood_140801_jJets_ngun_PU40bx25_1c84ps
ExeTime=8292
ExeExitCode=0
StageOutExitStatusReason = 'ERROR: problems checking if file /wntmp/condor/compute-21-24/execute/dir_27703/glide_YH9nS5/execute/dir_21526/cms_RqKho3H7sKua/CMSSW_7_1_0_pre8/L1SkimRun_31_1_utk.root already exist Error checking [L1SkimRun_31_1_utk.root] '
StageOutSE = srm-eoscms.cern.ch
StageOutExitStatus = 60307
CrabUserCpuTime=2514.67
CrabSysCpuTime=25.00
CrabCpuPercentage=30%
CrabWrapperTime=8473
CrabStageoutTime=86
JobExitCode=60307
***** End Cat jobreport *****
Parameters sent to Dashboard.
EXITING at Fri Aug  1 05:26:13 PDT 2014  -  Fri Aug  1 12:26:13 UTC 2014
