This script was generated by crab (version 2.10.6).
Running /wntmp/condor/compute-11-24/execute/dir_25158/glide_B1qmp2/execute/dir_3666/condor_exec.exe with 2 positional parameters: 28 1
Today is Fri Aug  1 03:03:51 PDT 2014 - Fri Aug  1 10:03:51 UTC 2014
Job submitted on host compute-11-24.tier2
Linux compute-11-24.tier2 2.6.32-358.11.1.el6.x86_64 #1 SMP Wed Jun 12 03:34:52 UTC 2013 x86_64 x86_64 x86_64 GNU/Linux
>>> current directory (RUNTIME_AREA): /wntmp/condor/compute-11-24/execute/dir_25158/glide_B1qmp2/execute/dir_3666
>>> current user: uid=20804(uscms4354) gid=504(cms) groups=504(cms),65003(glexec65003) context=unconfined_u:system_r:condor_startd_t:s0
>>> directory permission set to 0700
>>> umask set to:  u=rwx,g=,o=
>>> stdout stderr permission set to 0704
>>> voms proxy information:
subject   : /C=UK/O=eScience/OU=Imperial/L=Physics/CN=adam elwood/CN=1171778048/CN=372604709
issuer    : /C=UK/O=eScience/OU=Imperial/L=Physics/CN=adam elwood/CN=1171778048
identity  : /C=UK/O=eScience/OU=Imperial/L=Physics/CN=adam elwood/CN=1171778048
type      : RFC compliant proxy
strength  : 1024 bits
path      : /wntmp/condor/compute-11-24/execute/dir_25158/glide_B1qmp2/execute/dir_3666/x509up_u41660
timeleft  : 23:59:57
key usage : Digital Signature, Key Encipherment, Key Agreement
=== VO cms extension information ===
VO        : cms
subject   : /C=UK/O=eScience/OU=Imperial/L=Physics/CN=adam elwood
issuer    : /DC=ch/DC=cern/OU=computers/CN=lcg-voms.cern.ch
attribute : /cms/Role=NULL/Capability=NULL
timeleft  : 191:49:25
uri       : lcg-voms.cern.ch:15002
WNHostName=compute-11-24.tier2
>>> tar --no-same-permissions -xf /wntmp/condor/compute-11-24/execute/dir_25158/glide_B1qmp2/execute/dir_3666/default.tgz :
Successful untar
>>> Include /wntmp/condor/compute-11-24/execute/dir_25158/glide_B1qmp2/execute/dir_3666 in PYTHONPATH:
strip arguments
env var CRAB_UNIQUE_JOB_ID set to: aelwood_140801_jJets_ngun_PU40bx25_1c84ps_28_1_zTU
out_files_28
>>> list of expected files on output sandbox
output files: crab_fjr_28.xml CMSSW_28.stdout CMSSW_28.stderr Watchdog_28.log.gz
>>> GridFlavour discovery: 
source OSG GRID setup script
GridFlavour=OSG
>>> SyncSite discovery: 
SyncSite=T2_US_Caltech
>>> SyncCE discovery: 
getting SyncCE from OSG_JOB_CONTACT
SyncCE=cit-gatekeeper.ultralight.org/jobmanager-condor
>>> info for dashboard:
***** Cat /wntmp/condor/compute-11-24/execute/dir_25158/glide_B1qmp2/execute/dir_3666/jobreport.txt *****
WNHostName=compute-11-24.tier2
MonitorJobID=28_https://submit-4.t2.ucsd.edu//140801//331280.27
SyncGridJobId=https://submit-4.t2.ucsd.edu//140801//331280.27
MonitorID=aelwood_140801_jJets_ngun_PU40bx25_1c84ps
GridFlavour=OSG
SyncSite=T2_US_Caltech
SyncCE=cit-gatekeeper.ultralight.org/jobmanager-condor
***** End Cat jobreport *****
Parameters sent to Dashboard.
>>> setup environment
set SCRAM ARCH to slc6_amd64_gcc481
SCRAM_ARCH = slc6_amd64_gcc481
>>> Created working directory: /wntmp/condor/compute-11-24/execute/dir_25158/glide_B1qmp2/execute/dir_3666/cms_4NJsur2XDssu
Change to working directory: /wntmp/condor/compute-11-24/execute/dir_25158/glide_B1qmp2/execute/dir_3666/cms_4NJsur2XDssu
>>> current directory (WORKING_DIR): /wntmp/condor/compute-11-24/execute/dir_25158/glide_B1qmp2/execute/dir_3666/cms_4NJsur2XDssu
>>> setup CMS OSG environment:
set SCRAM ARCH to slc6_amd64_gcc481
SCRAM_ARCH = slc6_amd64_gcc481
OSG_APP is /raid1/osg-app
sourcing /raid1/osg-app/cmssoft/cms/cmsset_default.sh ...
==> setup cms environment ok
SCRAM_ARCH = slc6_amd64_gcc481
>>> specific cmssw setup environment:
CMSSW_VERSION =  CMSSW_7_1_0_pre8
>>> current directory (SOFTWARE_DIR): /wntmp/condor/compute-11-24/execute/dir_25158/glide_B1qmp2/execute/dir_3666/cms_4NJsur2XDssu/CMSSW_7_1_0_pre8
PreserveSeeds: <>
IncrementSeeds:<>
>>> info for dashboard:
***** Cat /wntmp/condor/compute-11-24/execute/dir_25158/glide_B1qmp2/execute/dir_3666/jobreport.txt *****
MonitorJobID=28_https://submit-4.t2.ucsd.edu//140801//331280.27
MonitorID=aelwood_140801_jJets_ngun_PU40bx25_1c84ps
***** End Cat jobreport *****
Parameters sent to Dashboard.
crabWatchdog started as process 3917
>>> moving CMSSW software directories in /wntmp/condor/compute-11-24/execute/dir_25158/glide_B1qmp2/execute/dir_3666/cms_4NJsur2XDssu/CMSSW_7_1_0_pre8
mv: cannot stat `/wntmp/condor/compute-11-24/execute/dir_25158/glide_B1qmp2/execute/dir_3666/module/': No such file or directory
>>> Include /wntmp/condor/compute-11-24/execute/dir_25158/glide_B1qmp2/execute/dir_3666 in PYTHONPATH:
PYTHONPATH=/wntmp/condor/compute-11-24/execute/dir_25158/glide_B1qmp2/execute/dir_3666/:/wntmp/condor/compute-11-24/execute/dir_25158/glide_B1qmp2/execute/dir_3666/cms_4NJsur2XDssu/CMSSW_7_1_0_pre8/python:/wntmp/condor/compute-11-24/execute/dir_25158/glide_B1qmp2/execute/dir_3666/cms_4NJsur2XDssu/CMSSW_7_1_0_pre8/lib/slc6_amd64_gcc481:/cvmfs/cms.cern.ch/slc6_amd64_gcc481/cms/cmssw/CMSSW_7_1_0_pre8/python:/cvmfs/cms.cern.ch/slc6_amd64_gcc481/cms/cmssw/CMSSW_7_1_0_pre8/lib/slc6_amd64_gcc481:/cvmfs/cms.cern.ch/slc6_amd64_gcc481/cms/coral/CORAL_2_3_21-cms20/slc6_amd64_gcc481/python:/cvmfs/cms.cern.ch/slc6_amd64_gcc481/cms/coral/CORAL_2_3_21-cms20/slc6_amd64_gcc481/lib:/cvmfs/cms.cern.ch/slc6_amd64_gcc481/external/pyqt/4.8.1-cms/lib/python2.7/site-packages:/cvmfs/cms.cern.ch/slc6_amd64_gcc481/external/py2-scipy/0.8.0-cms/lib/python2.7/site-packages:/cvmfs/cms.cern.ch/slc6_amd64_gcc481/external/py2-matplotlib/1.2.1-cms/lib/python2.7/site-packages:/cvmfs/cms.cern.ch/slc6_amd64_gcc481/external/yoda/1.0.4/lib/python2.7/site-packages:/cvmfs/cms.cern.ch/slc6_amd64_gcc481/external/python-ldap/2.4.10-cms/lib/python2.7/site-packages:/cvmfs/cms.cern.ch/slc6_amd64_gcc481/external/sip/4.11.2-cms/lib/python2.7/site-packages:/cvmfs/cms.cern.ch/slc6_amd64_gcc481/external/llvm/3.4/lib/python2.7/site-packages:/cvmfs/cms.cern.ch/slc6_amd64_gcc481/external/py2-sqlalchemy/0.8.2-cms2/lib/python2.7/site-packages:/cvmfs/cms.cern.ch/slc6_amd64_gcc481/external/py2-pycurl/7.19.0-cms/lib/python2.7/site-packages:/cvmfs/cms.cern.ch/slc6_amd64_gcc481/external/py2-python-dateutil/1.1-cms/lib/python2.7/site-packages:/cvmfs/cms.cern.ch/slc6_amd64_gcc481/external/py2-numpy/1.6.1-cms/lib/python2.7/site-packages:/cvmfs/cms.cern.ch/slc6_amd64_gcc481/external/py2-lint/0.25.1-cms/lib/python2.7/site-packages:/cvmfs/cms.cern.ch/slc6_amd64_gcc481/external/py2-ipython/0.10-cms/lib/python2.7/site-packages:/cvmfs/cms.cern.ch/slc6_amd64_gcc481/external/py2-cx-oracle/5.1-cms2/lib/python2.7/site-packages:/cvmfs/cms.cern.ch/slc6_amd64_gcc481/external/py2-cjson/1.0.5-cms/lib/python2.7/site-packages:/cvmfs/cms.cern.ch/slc6_amd64_gcc481/external/frontier_client/2.8.10/python/lib:/cvmfs/cms.cern.ch/slc6_amd64_gcc481/cms/das-client/2.5.0/bin:/cvmfs/cms.cern.ch/slc6_amd64_gcc481/external/cython/0.19.1/lib/python2.7/site-packages:/cvmfs/cms.cern.ch/slc6_amd64_gcc481/external/rivet/1.8.2-cms4/lib/python2.7/site-packages:/cvmfs/cms.cern.ch/slc6_amd64_gcc481/external/pyminuit2/0.0.1-cms13/lib/python2.7/site-packages:/cvmfs/cms.cern.ch/slc6_amd64_gcc481/external/py2-pygithub/1.23.0/lib/python2.7/site-packages:/cvmfs/cms.cern.ch/slc6_amd64_gcc481/external/py2-networkx/1.8.1/lib/python2.7/site-packages:/cvmfs/cms.cern.ch/slc6_amd64_gcc481/external/professor/1.0.0-cms13/lib/python2.7/site-packages:/cvmfs/cms.cern.ch/slc6_amd64_gcc481/lcg/root/5.34.18/lib:/cvmfs/cms.cern.ch/slc6_amd64_gcc481/cms/dbs-client/DBS_2_1_9-cms/lib:/cvmfs/cms.cern.ch/slc6_amd64_gcc481/cms/dbs-client/DBS_2_1_9-cms/lib/DBSAPI:/cvmfs/cms.cern.ch/slc6_amd64_gcc481/external/cvs2git/5419-cms/lib:/wntmp/condor/compute-11-24/execute/dir_25158/glide_B1qmp2/execute/dir_3666/
 
# LIMITS USED BY CRAB WATCHDOG:
# RSS  (KBytes)   : 2300000
# VSZ  (KBytes)   : 100000000
# DISK (MBytes)   : 19000
# CPU TIME        : 720h:0m:0s
# WALL CLOCK TIME : 21h:50m:0s
 
951aa882d2ac167e3fe15038b4453880
PSETHASH = 951aa882d2ac167e3fe15038b4453880
/wntmp/condor/compute-11-24/execute/dir_25158/glide_B1qmp2/execute/dir_3666/writeCfg.py pset.py pset.py
Importing .py file
Setting parameters
RandomNumberGeneratorService found, will attempt to change seeds
inputBlocks=/Neutrino_Pt-2to20_gun/Fall13dr-tsg_PU40bx25_POSTLS162_V2-v1/GEN-SIM-RAW#09b9f490-7aa3-11e3-b1c2-003048f02d38
inputFiles=/store/mc/Fall13dr/Neutrino_Pt-2to20_gun/GEN-SIM-RAW/tsg_PU40bx25_POSTLS162_V2-v1/00002/BA7FCCE6-AD7A-E311-92F0-0025905964C0.root;/store/mc/Fall13dr/Neutrino_Pt-2to20_gun/GEN-SIM-RAW/tsg_PU40bx25_POSTLS162_V2-v1/00002/0A81DCCB-AD7A-E311-8834-001A92971BB4.root;/store/mc/Fall13dr/Neutrino_Pt-2to20_gun/GEN-SIM-RAW/tsg_PU40bx25_POSTLS162_V2-v1/00002/9637F077-BA7A-E311-A8C2-0025905A60D6.root;/store/mc/Fall13dr/Neutrino_Pt-2to20_gun/GEN-SIM-RAW/tsg_PU40bx25_POSTLS162_V2-v1/00002/5229A72C-C47A-E311-A3D6-00304867920C.root;/store/mc/Fall13dr/Neutrino_Pt-2to20_gun/GEN-SIM-RAW/tsg_PU40bx25_POSTLS162_V2-v1/00002/48412771-BF7A-E311-A81F-0025905A6056.root;/store/mc/Fall13dr/Neutrino_Pt-2to20_gun/GEN-SIM-RAW/tsg_PU40bx25_POSTLS162_V2-v1/00002/DE8D02EB-C37A-E311-9EC3-00261894387E.root;/store/mc/Fall13dr/Neutrino_Pt-2to20_gun/GEN-SIM-RAW/tsg_PU40bx25_POSTLS162_V2-v1/00002/2E5D5426-BD7A-E311-B226-0025905A6056.root
parentFiles=/store/mc/Fall13/Neutrino_Pt-2to20_gun/GEN-SIM/POSTLS162_V1-v4/10000/3228DBE4-AB68-E311-AFE5-0025904A91F6.root;/store/mc/Fall13/Neutrino_Pt-2to20_gun/GEN-SIM/POSTLS162_V1-v4/10000/08BDA2EE-AB68-E311-BD33-0025904AC2CA.root;/store/mc/Fall13/Neutrino_Pt-2to20_gun/GEN-SIM/POSTLS162_V1-v4/10000/10CAFE4F-AC68-E311-95FB-002590821320.root;/store/mc/Fall13/Neutrino_Pt-2to20_gun/GEN-SIM/POSTLS162_V1-v4/10000/0CD6C959-AC68-E311-8933-003048F5ADEA.root;/store/mc/Fall13/Neutrino_Pt-2to20_gun/GEN-SIM/POSTLS162_V1-v4/10000/32F7F53B-AC68-E311-AE43-003048F5B6A9.root;/store/mc/Fall13/Neutrino_Pt-2to20_gun/GEN-SIM/POSTLS162_V1-v4/10000/D88E20AB-AC68-E311-8CB4-0025901D08BE.root;/store/mc/Fall13/Neutrino_Pt-2to20_gun/GEN-SIM/POSTLS162_V1-v4/10000/54B76B39-AC68-E311-88C6-003048F5ADEA.root;/store/mc/Fall13/Neutrino_Pt-2to20_gun/GEN-SIM/POSTLS162_V1-v4/10000/C004547E-AC68-E311-9972-003048F5B2A0.root;/store/mc/Fall13/Neutrino_Pt-2to20_gun/GEN-SIM/POSTLS162_V1-v4/10000/0E75F3DF-AB68-E311-8BA9-003048F5B5F4.root;/store/mc/Fall13/Neutrino_Pt-2to20_gun/GEN-SIM/POSTLS162_V1-v4/10000/3228DBE4-AB68-E311-AFE5-0025904A91F6.root;/store/mc/Fall13/Neutrino_Pt-2to20_gun/GEN-SIM/POSTLS162_V1-v4/10000/08BDA2EE-AB68-E311-BD33-0025904AC2CA.root;/store/mc/Fall13/Neutrino_Pt-2to20_gun/GEN-SIM/POSTLS162_V1-v4/10000/0CD6C959-AC68-E311-8933-003048F5ADEA.root;/store/mc/Fall13/Neutrino_Pt-2to20_gun/GEN-SIM/POSTLS162_V1-v4/10000/32F7F53B-AC68-E311-AE43-003048F5B6A9.root;/store/mc/Fall13/Neutrino_Pt-2to20_gun/GEN-SIM/POSTLS162_V1-v4/10000/C05AB95E-AC68-E311-9422-003048F5B69A.root;/store/mc/Fall13/Neutrino_Pt-2to20_gun/GEN-SIM/POSTLS162_V1-v4/10000/C004547E-AC68-E311-9972-003048F5B2A0.root;/store/mc/Fall13/Neutrino_Pt-2to20_gun/GEN-SIM/POSTLS162_V1-v4/10000/72F5897D-AC68-E311-AAF6-90B11C1DBFB4.root;/store/mc/Fall13/Neutrino_Pt-2to20_gun/GEN-SIM/POSTLS162_V1-v4/10000/0E75F3DF-AB68-E311-8BA9-003048F5B5F4.root;/store/mc/Fall13/Neutrino_Pt-2to20_gun/GEN-SIM/POSTLS162_V1-v4/10000/08BDA2EE-AB68-E311-BD33-0025904AC2CA.root;/store/mc/Fall13/Neutrino_Pt-2to20_gun/GEN-SIM/POSTLS162_V1-v4/10000/32F7F53B-AC68-E311-AE43-003048F5B6A9.root;/store/mc/Fall13/Neutrino_Pt-2to20_gun/GEN-SIM/POSTLS162_V1-v4/10000/D88E20AB-AC68-E311-8CB4-0025901D08BE.root;/store/mc/Fall13/Neutrino_Pt-2to20_gun/GEN-SIM/POSTLS162_V1-v4/10000/344D4760-AC68-E311-85FA-003048F5B5F4.root;/store/mc/Fall13/Neutrino_Pt-2to20_gun/GEN-SIM/POSTLS162_V1-v4/10000/70739AE1-AC68-E311-B2F9-003048F5B69A.root;/store/mc/Fall13/Neutrino_Pt-2to20_gun/GEN-SIM/POSTLS162_V1-v4/10000/784810E4-AC68-E311-97B0-00259048B754.root;/store/mc/Fall13/Neutrino_Pt-2to20_gun/GEN-SIM/POSTLS162_V1-v4/10000/08BDA2EE-AB68-E311-BD33-0025904AC2CA.root;/store/mc/Fall13/Neutrino_Pt-2to20_gun/GEN-SIM/POSTLS162_V1-v4/10000/0A8C8CED-AB68-E311-80BE-90B11C27F89E.root;/store/mc/Fall13/Neutrino_Pt-2to20_gun/GEN-SIM/POSTLS162_V1-v4/10000/10CAFE4F-AC68-E311-95FB-002590821320.root;/store/mc/Fall13/Neutrino_Pt-2to20_gun/GEN-SIM/POSTLS162_V1-v4/10000/D88E20AB-AC68-E311-8CB4-0025901D08BE.root;/store/mc/Fall13/Neutrino_Pt-2to20_gun/GEN-SIM/POSTLS162_V1-v4/10000/54B76B39-AC68-E311-88C6-003048F5ADEA.root;/store/mc/Fall13/Neutrino_Pt-2to20_gun/GEN-SIM/POSTLS162_V1-v4/10000/F4012258-AB68-E311-8717-0025904AC2CA.root;/store/mc/Fall13/Neutrino_Pt-2to20_gun/GEN-SIM/POSTLS162_V1-v4/10000/1433FB5A-AB68-E311-9ADF-002590491AE4.root;/store/mc/Fall13/Neutrino_Pt-2to20_gun/GEN-SIM/POSTLS162_V1-v4/10000/0E75F3DF-AB68-E311-8BA9-003048F5B5F4.root;/store/mc/Fall13/Neutrino_Pt-2to20_gun/GEN-SIM/POSTLS162_V1-v4/10000/3228DBE4-AB68-E311-AFE5-0025904A91F6.root;/store/mc/Fall13/Neutrino_Pt-2to20_gun/GEN-SIM/POSTLS162_V1-v4/10000/08BDA2EE-AB68-E311-BD33-0025904AC2CA.root;/store/mc/Fall13/Neutrino_Pt-2to20_gun/GEN-SIM/POSTLS162_V1-v4/10000/0A8C8CED-AB68-E311-80BE-90B11C27F89E.root;/store/mc/Fall13/Neutrino_Pt-2to20_gun/GEN-SIM/POSTLS162_V1-v4/10000/A8397A0E-AC68-E311-BA4E-003048D374BC.root;/store/mc/Fall13/Neutrino_Pt-2to20_gun/GEN-SIM/POSTLS162_V1-v4/10000/0EDDD927-AC68-E311-81D6-003048F23982.root;/store/mc/Fall13/Neutrino_Pt-2to20_gun/GEN-SIM/POSTLS162_V1-v4/10000/F4012258-AB68-E311-8717-0025904AC2CA.root;/store/mc/Fall13/Neutrino_Pt-2to20_gun/GEN-SIM/POSTLS162_V1-v4/10000/1433FB5A-AB68-E311-9ADF-002590491AE4.root;/store/mc/Fall13/Neutrino_Pt-2to20_gun/GEN-SIM/POSTLS162_V1-v4/10000/3228DBE4-AB68-E311-AFE5-0025904A91F6.root;/store/mc/Fall13/Neutrino_Pt-2to20_gun/GEN-SIM/POSTLS162_V1-v4/10000/08BDA2EE-AB68-E311-BD33-0025904AC2CA.root;/store/mc/Fall13/Neutrino_Pt-2to20_gun/GEN-SIM/POSTLS162_V1-v4/10000/7632CAE8-AB68-E311-AA1C-90B11C27EA38.root;/store/mc/Fall13/Neutrino_Pt-2to20_gun/GEN-SIM/POSTLS162_V1-v4/10000/0A8C8CED-AB68-E311-80BE-90B11C27F89E.root;/store/mc/Fall13/Neutrino_Pt-2to20_gun/GEN-SIM/POSTLS162_V1-v4/10000/10CAFE4F-AC68-E311-95FB-002590821320.root;/store/mc/Fall13/Neutrino_Pt-2to20_gun/GEN-SIM/POSTLS162_V1-v4/10000/F4012258-AB68-E311-8717-0025904AC2CA.root;/store/mc/Fall13/Neutrino_Pt-2to20_gun/GEN-SIM/POSTLS162_V1-v4/10000/1433FB5A-AB68-E311-9ADF-002590491AE4.root;/store/mc/Fall13/Neutrino_Pt-2to20_gun/GEN-SIM/POSTLS162_V1-v4/10000/8E0B195E-AB68-E311-A174-0025904AC2CA.root;/store/mc/Fall13/Neutrino_Pt-2to20_gun/GEN-SIM/POSTLS162_V1-v4/10000/E041DDFB-AC68-E311-AAA4-003048F5B2A0.root;/store/mc/Fall13/Neutrino_Pt-2to20_gun/GEN-SIM/POSTLS162_V1-v4/10000/F4012258-AB68-E311-8717-0025904AC2CA.root;/store/mc/Fall13/Neutrino_Pt-2to20_gun/GEN-SIM/POSTLS162_V1-v4/10000/FC1650F9-AA68-E311-99DF-782BCB20EBA4.root
lumisRange=
>>> Executable cmsRun
/cvmfs/cms.cern.ch/slc6_amd64_gcc481/cms/cmssw/CMSSW_7_1_0_pre8/bin/slc6_amd64_gcc481/cmsRun
ok executable found
>>> info for dashboard:
***** Cat /wntmp/condor/compute-11-24/execute/dir_25158/glide_B1qmp2/execute/dir_3666/jobreport.txt *****
MonitorJobID=28_https://submit-4.t2.ucsd.edu//140801//331280.27
MonitorID=aelwood_140801_jJets_ngun_PU40bx25_1c84ps
ExeStart=cmsRun
***** End Cat jobreport *****
Parameters sent to Dashboard.
>>> cmsRun started at Fri Aug  1 10:04:05 UTC 2014
>>> cmsRun ended at Fri Aug  1 11:13:31 UTC 2014
>>> crab_fjr_*.xml  permission set to 0704
>>> info for dashboard:
***** Cat /wntmp/condor/compute-11-24/execute/dir_25158/glide_B1qmp2/execute/dir_3666/jobreport.txt *****
MonitorJobID=28_https://submit-4.t2.ucsd.edu//140801//331280.27
MonitorID=aelwood_140801_jJets_ngun_PU40bx25_1c84ps
ExeEnd=cmsRun
***** End Cat jobreport *****
Parameters sent to Dashboard.
TIME_EXE = 4166 sec
>>> cmsRun wrote 77 lines of stdout+stderr
>>> START OF printout of 77 lines from stdout+stderr
==> using COND/Services/RelationalAuthenticationService for auth, sys 1
==> using COND/Services/RelationalAuthenticationService for auth, sys 1
01-Aug-2014 03:04:24 PDT  Initiating request to open file /mnt/hadoop/store/mc/Fall13dr/Neutrino_Pt-2to20_gun/GEN-SIM-RAW/tsg_PU40bx25_POSTLS162_V2-v1/00002/BA7FCCE6-AD7A-E311-92F0-0025905964C0.root
01-Aug-2014 03:04:24 PDT  Fallback request to file root://cmsxrootd.fnal.gov//store/mc/Fall13dr/Neutrino_Pt-2to20_gun/GEN-SIM-RAW/tsg_PU40bx25_POSTLS162_V2-v1/00002/BA7FCCE6-AD7A-E311-92F0-0025905964C0.root
01-Aug-2014 03:04:27 PDT  Successfully opened file root://cmsxrootd.fnal.gov//store/mc/Fall13dr/Neutrino_Pt-2to20_gun/GEN-SIM-RAW/tsg_PU40bx25_POSTLS162_V2-v1/00002/BA7FCCE6-AD7A-E311-92F0-0025905964C0.root
01-Aug-2014 03:04:28 PDT  Initiating request to open file /mnt/hadoop/store/mc/Fall13/Neutrino_Pt-2to20_gun/GEN-SIM/POSTLS162_V1-v4/10000/3228DBE4-AB68-E311-AFE5-0025904A91F6.root
01-Aug-2014 03:04:28 PDT  Fallback request to file root://cmsxrootd.fnal.gov//store/mc/Fall13/Neutrino_Pt-2to20_gun/GEN-SIM/POSTLS162_V1-v4/10000/3228DBE4-AB68-E311-AFE5-0025904A91F6.root
140801 03:04:31 4211 Xrd: CheckErrorStatus: Server [cmssrmdisk.fnal.gov:1095] declared: Request 3018 not supported(error code: 3013)
01-Aug-2014 03:04:31 PDT  Successfully opened file root://cmsxrootd.fnal.gov//store/mc/Fall13/Neutrino_Pt-2to20_gun/GEN-SIM/POSTLS162_V1-v4/10000/3228DBE4-AB68-E311-AFE5-0025904A91F6.root
01-Aug-2014 03:04:40 PDT  Closed file root://cmsxrootd.fnal.gov//store/mc/Fall13/Neutrino_Pt-2to20_gun/GEN-SIM/POSTLS162_V1-v4/10000/3228DBE4-AB68-E311-AFE5-0025904A91F6.root
Stage1Layer2Producer -- Running pp implementation


----------------------------------------
Begin: L1CaloTowerProducer
----------------------------------------

140801 03:09:55 4265 Xrd: XrdClientMessage::ReadRaw: Failed to read header (8 bytes).
140801 03:09:55 4263 Xrd: XrdClientMessage::ReadRaw: Failed to read header (8 bytes).
01-Aug-2014 03:11:55 PDT  Closed file root://cmsxrootd.fnal.gov//store/mc/Fall13dr/Neutrino_Pt-2to20_gun/GEN-SIM-RAW/tsg_PU40bx25_POSTLS162_V2-v1/00002/BA7FCCE6-AD7A-E311-92F0-0025905964C0.root
01-Aug-2014 03:11:55 PDT  Initiating request to open file /mnt/hadoop/store/mc/Fall13dr/Neutrino_Pt-2to20_gun/GEN-SIM-RAW/tsg_PU40bx25_POSTLS162_V2-v1/00002/0A81DCCB-AD7A-E311-8834-001A92971BB4.root
01-Aug-2014 03:11:55 PDT  Fallback request to file root://cmsxrootd.fnal.gov//store/mc/Fall13dr/Neutrino_Pt-2to20_gun/GEN-SIM-RAW/tsg_PU40bx25_POSTLS162_V2-v1/00002/0A81DCCB-AD7A-E311-8834-001A92971BB4.root
01-Aug-2014 03:11:56 PDT  Successfully opened file root://cmsxrootd.fnal.gov//store/mc/Fall13dr/Neutrino_Pt-2to20_gun/GEN-SIM-RAW/tsg_PU40bx25_POSTLS162_V2-v1/00002/0A81DCCB-AD7A-E311-8834-001A92971BB4.root
140801 03:17:25 4259 Xrd: XrdClientMessage::ReadRaw: Failed to read header (8 bytes).
140801 03:24:55 4262 Xrd: XrdClientMessage::ReadRaw: Failed to read header (8 bytes).
140801 03:24:55 4264 Xrd: XrdClientMessage::ReadRaw: Failed to read header (8 bytes).
01-Aug-2014 03:28:43 PDT  Closed file root://cmsxrootd.fnal.gov//store/mc/Fall13dr/Neutrino_Pt-2to20_gun/GEN-SIM-RAW/tsg_PU40bx25_POSTLS162_V2-v1/00002/0A81DCCB-AD7A-E311-8834-001A92971BB4.root
01-Aug-2014 03:28:43 PDT  Initiating request to open file /mnt/hadoop/store/mc/Fall13dr/Neutrino_Pt-2to20_gun/GEN-SIM-RAW/tsg_PU40bx25_POSTLS162_V2-v1/00002/9637F077-BA7A-E311-A8C2-0025905A60D6.root
01-Aug-2014 03:28:43 PDT  Fallback request to file root://cmsxrootd.fnal.gov//store/mc/Fall13dr/Neutrino_Pt-2to20_gun/GEN-SIM-RAW/tsg_PU40bx25_POSTLS162_V2-v1/00002/9637F077-BA7A-E311-A8C2-0025905A60D6.root
01-Aug-2014 03:28:44 PDT  Successfully opened file root://cmsxrootd.fnal.gov//store/mc/Fall13dr/Neutrino_Pt-2to20_gun/GEN-SIM-RAW/tsg_PU40bx25_POSTLS162_V2-v1/00002/9637F077-BA7A-E311-A8C2-0025905A60D6.root
140801 03:32:26 4257 Xrd: XrdClientMessage::ReadRaw: Failed to read header (8 bytes).
140801 03:33:55 6272 Xrd: XrdClientMessage::ReadRaw: Failed to read header (8 bytes).
01-Aug-2014 03:36:01 PDT  Closed file root://cmsxrootd.fnal.gov//store/mc/Fall13dr/Neutrino_Pt-2to20_gun/GEN-SIM-RAW/tsg_PU40bx25_POSTLS162_V2-v1/00002/9637F077-BA7A-E311-A8C2-0025905A60D6.root
01-Aug-2014 03:36:01 PDT  Initiating request to open file /mnt/hadoop/store/mc/Fall13dr/Neutrino_Pt-2to20_gun/GEN-SIM-RAW/tsg_PU40bx25_POSTLS162_V2-v1/00002/5229A72C-C47A-E311-A3D6-00304867920C.root
01-Aug-2014 03:36:01 PDT  Fallback request to file root://cmsxrootd.fnal.gov//store/mc/Fall13dr/Neutrino_Pt-2to20_gun/GEN-SIM-RAW/tsg_PU40bx25_POSTLS162_V2-v1/00002/5229A72C-C47A-E311-A3D6-00304867920C.root
140801 03:36:01 4211 Xrd: CheckErrorStatus: Server [cmsxrootd.fnal.gov] declared: session not found(error code: 3011)
01-Aug-2014 03:36:02 PDT  Successfully opened file root://cmsxrootd.fnal.gov//store/mc/Fall13dr/Neutrino_Pt-2to20_gun/GEN-SIM-RAW/tsg_PU40bx25_POSTLS162_V2-v1/00002/5229A72C-C47A-E311-A3D6-00304867920C.root
140801 03:41:25 11283 Xrd: XrdClientMessage::ReadRaw: Failed to read header (8 bytes).
01-Aug-2014 03:45:38 PDT  Closed file root://cmsxrootd.fnal.gov//store/mc/Fall13dr/Neutrino_Pt-2to20_gun/GEN-SIM-RAW/tsg_PU40bx25_POSTLS162_V2-v1/00002/5229A72C-C47A-E311-A3D6-00304867920C.root
01-Aug-2014 03:45:38 PDT  Initiating request to open file /mnt/hadoop/store/mc/Fall13dr/Neutrino_Pt-2to20_gun/GEN-SIM-RAW/tsg_PU40bx25_POSTLS162_V2-v1/00002/48412771-BF7A-E311-A81F-0025905A6056.root
01-Aug-2014 03:45:39 PDT  Fallback request to file root://cmsxrootd.fnal.gov//store/mc/Fall13dr/Neutrino_Pt-2to20_gun/GEN-SIM-RAW/tsg_PU40bx25_POSTLS162_V2-v1/00002/48412771-BF7A-E311-A81F-0025905A6056.root
01-Aug-2014 03:45:39 PDT  Successfully opened file root://cmsxrootd.fnal.gov//store/mc/Fall13dr/Neutrino_Pt-2to20_gun/GEN-SIM-RAW/tsg_PU40bx25_POSTLS162_V2-v1/00002/48412771-BF7A-E311-A81F-0025905A6056.root
140801 03:50:55 13287 Xrd: XrdClientMessage::ReadRaw: Failed to read header (8 bytes).
01-Aug-2014 03:53:57 PDT  Closed file root://cmsxrootd.fnal.gov//store/mc/Fall13dr/Neutrino_Pt-2to20_gun/GEN-SIM-RAW/tsg_PU40bx25_POSTLS162_V2-v1/00002/48412771-BF7A-E311-A81F-0025905A6056.root
01-Aug-2014 03:53:57 PDT  Initiating request to open file /mnt/hadoop/store/mc/Fall13dr/Neutrino_Pt-2to20_gun/GEN-SIM-RAW/tsg_PU40bx25_POSTLS162_V2-v1/00002/DE8D02EB-C37A-E311-9EC3-00261894387E.root
01-Aug-2014 03:53:57 PDT  Fallback request to file root://cmsxrootd.fnal.gov//store/mc/Fall13dr/Neutrino_Pt-2to20_gun/GEN-SIM-RAW/tsg_PU40bx25_POSTLS162_V2-v1/00002/DE8D02EB-C37A-E311-9EC3-00261894387E.root
01-Aug-2014 03:54:02 PDT  Successfully opened file root://cmsxrootd.fnal.gov//store/mc/Fall13dr/Neutrino_Pt-2to20_gun/GEN-SIM-RAW/tsg_PU40bx25_POSTLS162_V2-v1/00002/DE8D02EB-C37A-E311-9EC3-00261894387E.root
140801 03:59:25 16127 Xrd: XrdClientMessage::ReadRaw: Failed to read header (8 bytes).
140801 04:05:55 11281 Xrd: XrdClientMessage::ReadRaw: Failed to read header (8 bytes).
140801 04:11:27 4211 Xrd: ReadPartialAnswer: Failed to read msg from connmgr (server [gridftp9.ultralight.org:1094]). Retrying ...
140801 04:11:27 18410 Xrd: XrdClientMessage::ReadRaw: Failed to read header (8 bytes).
01-Aug-2014 04:13:00 PDT  Closed file root://cmsxrootd.fnal.gov//store/mc/Fall13dr/Neutrino_Pt-2to20_gun/GEN-SIM-RAW/tsg_PU40bx25_POSTLS162_V2-v1/00002/DE8D02EB-C37A-E311-9EC3-00261894387E.root
01-Aug-2014 04:13:00 PDT  Initiating request to open file /mnt/hadoop/store/mc/Fall13dr/Neutrino_Pt-2to20_gun/GEN-SIM-RAW/tsg_PU40bx25_POSTLS162_V2-v1/00002/2E5D5426-BD7A-E311-B226-0025905A6056.root
01-Aug-2014 04:13:00 PDT  Fallback request to file root://cmsxrootd.fnal.gov//store/mc/Fall13dr/Neutrino_Pt-2to20_gun/GEN-SIM-RAW/tsg_PU40bx25_POSTLS162_V2-v1/00002/2E5D5426-BD7A-E311-B226-0025905A6056.root
140801 04:13:00 4211 Xrd: CheckErrorStatus: Server [cmsxrootd.fnal.gov] declared: session not found(error code: 3011)
01-Aug-2014 04:13:01 PDT  Successfully opened file root://cmsxrootd.fnal.gov//store/mc/Fall13dr/Neutrino_Pt-2to20_gun/GEN-SIM-RAW/tsg_PU40bx25_POSTLS162_V2-v1/00002/2E5D5426-BD7A-E311-B226-0025905A6056.root
01-Aug-2014 04:13:27 PDT  Closed file root://cmsxrootd.fnal.gov//store/mc/Fall13dr/Neutrino_Pt-2to20_gun/GEN-SIM-RAW/tsg_PU40bx25_POSTLS162_V2-v1/00002/2E5D5426-BD7A-E311-B226-0025905A6056.root

=============================================

MessageLogger Summary

 type     category        sev    module        subroutine        count    total
 ---- -------------------- -- ---------------- ----------------  -----    -----
    1 fileAction           -s AfterFile                              4        4
    2 fileAction           -s file_close                             7        7
    3 fileAction           -s file_open                             21       21

 type    category    Examples: run/evt        run/evt          run/evt
 ---- -------------------- ---------------- ---------------- ----------------
    1 fileAction           pre-events       pre-events       pre-events
    2 fileAction           PostProcessEvent PostProcessEvent PostEndRun
    3 fileAction           pre-events       pre-events       PostProcessEvent

Severity    # Occurrences   Total Occurrences
--------    -------------   -----------------
System                 32                  32
>>> END OF printout of 77 lines from stdout+stderr
>>> Parse FrameworkJobReport crab_fjr.xml
Result of parsing the FrameworkJobReport crab_fjr.xml: 
Extracted ExitStatus from FrameworkJobReport parsing output: 0
>>> Executable succeded  0
ExeExitCode=0
EXECUTABLE_EXIT_STATUS = 0
>>> current directory /wntmp/condor/compute-11-24/execute/dir_25158/glide_B1qmp2/execute/dir_3666/cms_4NJsur2XDssu/CMSSW_7_1_0_pre8
>>>  (SOFTWARE_DIR): /wntmp/condor/compute-11-24/execute/dir_25158/glide_B1qmp2/execute/dir_3666/cms_4NJsur2XDssu/CMSSW_7_1_0_pre8
>>> (WORKING_DIR): /wntmp/condor/compute-11-24/execute/dir_25158/glide_B1qmp2/execute/dir_3666/cms_4NJsur2XDssu
>>> current directory content:
total 468716
drwxr-xr-x. 3 uscms4354 cms      4096 Aug  1 03:03 .SCRAM
-rw-------. 1 uscms4354 cms    916533 Aug  1 03:03 CMSSW.py.pkl
-rw-------. 1 uscms4354 cms 478032846 Aug  1 04:13 L1SkimRun.root
drwxr-xr-x. 3 uscms4354 cms      4096 Aug  1 03:03 bin
drwxr-xr-x. 3 uscms4354 cms      4096 Aug  1 03:03 cfipython
drwxr-xr-x. 4 uscms4354 cms      4096 Aug  1 03:03 config
-rw-------. 1 uscms4354 cms        18 Aug  1 04:13 cpu_timing.txt
drwxr-xr-x. 2 uscms4354 cms      4096 Aug  1 03:03 doc
-rw-------. 1 uscms4354 cms      9205 Aug  1 04:13 executable.out
drwxr-xr-x. 2 uscms4354 cms      4096 Aug  1 03:03 include
drwx------. 3 uscms4354 cms      4096 Aug  1 00:37 lib
drwxr-xr-x. 3 uscms4354 cms      4096 Aug  1 03:03 logs
drwxr-xr-x. 3 uscms4354 cms      4096 Aug  1 03:03 objs
-rw-------. 1 uscms4354 cms       104 Aug  1 03:04 pset.py
-rw-------. 1 uscms4354 cms    925246 Aug  1 03:04 pset.py.pkl
-rw-------. 1 uscms4354 cms       289 Aug  1 03:04 pset.pyc
drwxr-xr-x. 2 uscms4354 cms      4096 Aug  1 03:03 python
-rw-------. 1 uscms4354 cms       419 Aug  1 04:13 report.log
drwx------. 5 uscms4354 cms      4096 Aug  1 03:03 src
drwxr-xr-x. 3 uscms4354 cms      4096 Aug  1 03:03 test
drwxr-xr-x. 3 uscms4354 cms      4096 Aug  1 03:03 tmp
>>> current directory /wntmp/condor/compute-11-24/execute/dir_25158/glide_B1qmp2/execute/dir_3666/cms_4NJsur2XDssu/CMSSW_7_1_0_pre8
>>> (SOFTWARE_DIR): /wntmp/condor/compute-11-24/execute/dir_25158/glide_B1qmp2/execute/dir_3666/cms_4NJsur2XDssu/CMSSW_7_1_0_pre8
>>> (WORKING_DIR): /wntmp/condor/compute-11-24/execute/dir_25158/glide_B1qmp2/execute/dir_3666/cms_4NJsur2XDssu
>>> current directory content:
total 468716
drwxr-xr-x. 3 uscms4354 cms      4096 Aug  1 03:03 .SCRAM
-rw-------. 1 uscms4354 cms    916533 Aug  1 03:03 CMSSW.py.pkl
-rw-------. 1 uscms4354 cms 478032846 Aug  1 04:13 L1SkimRun_28_1_zTU.root
drwxr-xr-x. 3 uscms4354 cms      4096 Aug  1 03:03 bin
drwxr-xr-x. 3 uscms4354 cms      4096 Aug  1 03:03 cfipython
drwxr-xr-x. 4 uscms4354 cms      4096 Aug  1 03:03 config
-rw-------. 1 uscms4354 cms        18 Aug  1 04:13 cpu_timing.txt
drwxr-xr-x. 2 uscms4354 cms      4096 Aug  1 03:03 doc
-rw-------. 1 uscms4354 cms      9205 Aug  1 04:13 executable.out
drwxr-xr-x. 2 uscms4354 cms      4096 Aug  1 03:03 include
drwx------. 3 uscms4354 cms      4096 Aug  1 00:37 lib
drwxr-xr-x. 3 uscms4354 cms      4096 Aug  1 03:03 logs
drwxr-xr-x. 3 uscms4354 cms      4096 Aug  1 03:03 objs
-rw-------. 1 uscms4354 cms       104 Aug  1 03:04 pset.py
-rw-------. 1 uscms4354 cms    925246 Aug  1 03:04 pset.py.pkl
-rw-------. 1 uscms4354 cms       289 Aug  1 03:04 pset.pyc
drwxr-xr-x. 2 uscms4354 cms      4096 Aug  1 03:03 python
-rw-------. 1 uscms4354 cms       419 Aug  1 04:13 report.log
drwx------. 5 uscms4354 cms      4096 Aug  1 03:03 src
drwxr-xr-x. 3 uscms4354 cms      4096 Aug  1 03:03 test
drwxr-xr-x. 3 uscms4354 cms      4096 Aug  1 03:03 tmp
>>> current directory (RUNTIME_AREA):  /wntmp/condor/compute-11-24/execute/dir_25158/glide_B1qmp2/execute/dir_3666
SE = srm-eoscms.cern.ch
SE_PATH = /srm/v2/server?SFN=/eos/cms/store/user/aelwood/140801_jJets_ngun_PU40bx25/
LFNBaseName = /store/user/aelwood/140801_jJets_ngun_PU40bx25/
USER = aelwood
endpoint = srm://srm-eoscms.cern.ch:8443/srm/v2/server?SFN=/eos/cms/store/user/aelwood/140801_jJets_ngun_PU40bx25/
>>> Copy output files from WN = compute-11-24.tier2 to /srm/v2/server?SFN=/eos/cms/store/user/aelwood/140801_jJets_ngun_PU40bx25/ :
python cmscp.py  --destination srm://srm-eoscms.cern.ch:8443/srm/v2/server?SFN=/eos/cms/store/user/aelwood/140801_jJets_ngun_PU40bx25/ --inputFileList /wntmp/condor/compute-11-24/execute/dir_25158/glide_B1qmp2/execute/dir_3666/cms_4NJsur2XDssu/CMSSW_7_1_0_pre8/L1SkimRun_28_1_zTU.root --middleware OSG --se_name srm-eoscms.cern.ch --for_lfn /store/user/aelwood/140801_jJets_ngun_PU40bx25/    
******************************************************
localSeName  =  cit-se.ultralight.org
remoteSeName =  srm-eoscms.cern.ch
******************************************************
{"/wntmp/condor/compute-11-24/execute/dir_25158/glide_B1qmp2/execute/dir_3666/cms_4NJsur2XDssu/CMSSW_7_1_0_pre8/L1SkimRun_28_1_zTU.root": {"endpoint": "srm://srm-eoscms.cern.ch:8443/srm/v2/server?SFN=/eos/cms/store/user/aelwood/140801_jJets_ngun_PU40bx25/", "surl_for_grid": "", "reason": "ERROR: problems checking if file /wntmp/condor/compute-11-24/execute/dir_25158/glide_B1qmp2/execute/dir_3666/cms_4NJsur2XDssu/CMSSW_7_1_0_pre8/L1SkimRun_28_1_zTU.root already exist'Error checking [L1SkimRun_28_1_zTU.root]'", "erCode": "60307", "se_name": "srm-eoscms.cern.ch", "for_lfn": "/copy_problem/"}}/wntmp/condor/compute-11-24/execute/dir_25158/glide_B1qmp2/execute/dir_3666
-------- cat /wntmp/condor/compute-11-24/execute/dir_25158/glide_B1qmp2/execute/dir_3666/cmscpReport.sh 
#!/bin/bash
echo "Report for File: /wntmp/condor/compute-11-24/execute/dir_25158/glide_B1qmp2/execute/dir_3666/cms_4NJsur2XDssu/CMSSW_7_1_0_pre8/L1SkimRun_28_1_zTU.root"
echo "LFN: /copy_problem/L1SkimRun_28_1_zTU.root"
echo "StorageElement: srm-eoscms.cern.ch"
echo "StageOutExitStatusReason = 'ERROR: problems checking if file /wntmp/condor/compute-11-24/execute/dir_25158/glide_B1qmp2/execute/dir_3666/cms_4NJsur2XDssu/CMSSW_7_1_0_pre8/L1SkimRun_28_1_zTU.root already exist Error checking [L1SkimRun_28_1_zTU.root] '" | tee -a $RUNTIME_AREA/$repo
echo "StageOutSE = srm-eoscms.cern.ch" >> $RUNTIME_AREA/$repo

export StageOutExitStatus=60307
echo "StageOutExitStatus = 60307" | tee -a $RUNTIME_AREA/$repo
-------- end of /wntmp/condor/compute-11-24/execute/dir_25158/glide_B1qmp2/execute/dir_3666/cmscpReport.sh 
Report for File: /wntmp/condor/compute-11-24/execute/dir_25158/glide_B1qmp2/execute/dir_3666/cms_4NJsur2XDssu/CMSSW_7_1_0_pre8/L1SkimRun_28_1_zTU.root
LFN: /copy_problem/L1SkimRun_28_1_zTU.root
StorageElement: srm-eoscms.cern.ch
StageOutExitStatusReason = 'ERROR: problems checking if file /wntmp/condor/compute-11-24/execute/dir_25158/glide_B1qmp2/execute/dir_3666/cms_4NJsur2XDssu/CMSSW_7_1_0_pre8/L1SkimRun_28_1_zTU.root already exist Error checking [L1SkimRun_28_1_zTU.root] '
StageOutExitStatus = 60307
Problem copying file to srm-eoscms.cern.ch /srm/v2/server?SFN=/eos/cms/store/user/aelwood/140801_jJets_ngun_PU40bx25/
########## contents of SE interaction
2014-08-01 04:13:48.062534:
Executed:	unset LD_LIBRARY_PATH; unset GLITE_ENV_SET; export PATH=/usr/bin:/bin; source /etc/profile; source /wntmp/condor/compute-11-24/execute/dir_25158/glide_B1qmp2/execute/dir_3666/CacheEnv.sh ; lcg-ls -b -D srmv2 --srm-timeout 2400 --sendreceive-timeout 2400 --connect-timeout 300 --verbose srm://srm-eoscms.cern.ch:8443/srm/v2/server?SFN=/eos/cms/store/user/aelwood/140801_jJets_ngun_PU40bx25/L1SkimRun_28_1_zTU.root
Done with exit code:	1
and output:
SE type: SRMv2
[SE][Ls][] httpg://srm-eoscms.cern.ch:8443/srm/v2/server: CGSI-gSOAP running on compute-11-24.tier2 reports Error initializing context
GSS Major Status: Authentication Failed

GSS Minor Status Error Chain:
globus_gsi_gssapi: SSLv3 handshake problems
OpenSSL Error: s3_clnt.c:1168: in library: SSL routines, function SSL3_GET_SERVER_CERTIFICATE: certificate verify failed
globus_gsi_callback_module: Could not verify credential
globus_gsi_callback_module: Can't get the local trusted CA certificate: Cannot find trusted CA certificate with hash 5168735f in /etc/grid-security/certificates/



#####################################
>>> current dir: /wntmp/condor/compute-11-24/execute/dir_25158/glide_B1qmp2/execute/dir_3666
>>> current dir content:
total 15136
-rw-------. 1 uscms4354 cms     1093 Aug  1 04:13 .SEinteraction.log
-rwx------. 1 uscms4354 cms     6633 Aug  1 03:03 .job.ad
-rwx------. 1 uscms4354 cms     9602 Aug  1 03:03 .machine.ad
-rw-------. 1 uscms4354 cms      105 Aug  1 02:57 CMSSW.py
-rw-------. 1 uscms4354 cms   916533 Aug  1 02:57 CMSSW.py.pkl
-rwx------. 1 uscms4354 cms    28576 Aug  1 03:03 CMSSW.sh
-rw-------. 1 uscms4354 cms      169 Aug  1 03:03 CacheEnv.sh
-rw-------. 1 uscms4354 cms     7291 Jul 12 08:18 DashboardAPI.py
-rw-------. 1 uscms4354 cms     6755 Aug  1 03:03 DashboardAPI.pyc
drwx------. 2 uscms4354 cms     4096 Aug  1 04:13 IMProv
lrwxrwxrwx. 1 uscms4354 cms      133 Aug  1 04:13 L1SkimRun.root -> /wntmp/condor/compute-11-24/execute/dir_25158/glide_B1qmp2/execute/dir_3666/cms_4NJsur2XDssu/CMSSW_7_1_0_pre8/L1SkimRun_28_1_zTU.root
-rw-------. 1 uscms4354 cms     2748 Jul 12 08:18 Logger.py
-rw-------. 1 uscms4354 cms     3327 Aug  1 03:03 Logger.pyc
-rw-------. 1 uscms4354 cms    24524 Jul 12 08:18 ProcInfo.py
-rw-------. 1 uscms4354 cms    23101 Aug  1 03:03 ProcInfo.pyc
drwx------. 7 uscms4354 cms     4096 Aug  1 03:04 ProdCommon
drwx------. 3 uscms4354 cms     4096 Aug  1 03:03 WMCore
-rw-------. 1 uscms4354 cms     6836 Aug  1 04:14 Watchdog_28.log
-rwx------. 1 uscms4354 cms        0 Aug  1 03:03 _condor_stderr
-rwx---r--. 1 uscms4354 cms    33095 Aug  1 04:17 _condor_stdout
-rw-------. 1 uscms4354 cms    32895 Jul 12 08:18 apmon.py
-rw-------. 1 uscms4354 cms    28509 Aug  1 03:03 apmon.pyc
-rwx------. 1 uscms4354 cms   240046 Aug  1 03:03 arguments.xml
drwx------. 3 uscms4354 cms     4096 Aug  1 03:03 cms_4NJsur2XDssu
-rwx------. 1 uscms4354 cms    38524 Jul 12 08:18 cmscp.py
-rw-------. 1 uscms4354 cms      708 Aug  1 04:17 cmscpReport.sh
-rwx------. 1 uscms4354 cms    28576 Aug  1 03:03 condor_exec.exe
-rw-------. 1 uscms4354 cms      759 Aug  1 02:56 crab.cfg
-rwx------. 1 uscms4354 cms     8610 Jul 12 08:18 crabWatchdog.sh
-rwx---r--. 1 uscms4354 cms    82150 Aug  1 04:13 crab_fjr_28.xml
-rwx------. 1 uscms4354 cms 13818897 Aug  1 03:03 default.tgz
-rwx------. 1 uscms4354 cms     4488 Jul 12 08:18 fillCrabFjr.py
-rw-------. 1 uscms4354 cms     6506 Aug  1 03:04 inputsReport.txt
-rw-------. 1 uscms4354 cms      454 Aug  1 04:17 jobreport.txt
-rw-------. 1 uscms4354 cms    17352 Jul 12 08:18 parseCrabFjr.py
-rw-------. 1 uscms4354 cms      342 Aug  1 03:03 report.log
-rwx--x--x. 1 uscms4354 cms     1497 Jul 12 08:18 report.py
-rw-------. 1 uscms4354 cms      596 Aug  1 04:17 resultCopyFile
-rwx------. 1 uscms4354 cms     8351 Jul 12 08:18 writeCfg.py
-rw-------. 1 uscms4354 cms     8083 Aug  1 03:03 x509up_u41660
>>> Modify Job Report:
CMSSW_VERSION = CMSSW_7_1_0_pre8
/wntmp/condor/compute-11-24/execute/dir_25158/glide_B1qmp2/execute/dir_3666/ProdCommon/FwkJobRep/ModifyJobReport.py fjr /wntmp/condor/compute-11-24/execute/dir_25158/glide_B1qmp2/execute/dir_3666/crab_fjr_28.xml json /wntmp/condor/compute-11-24/execute/dir_25158/glide_B1qmp2/execute/dir_3666/resultCopyFile n_job 28_1_zTU PrimaryDataset Neutrino_Pt-2to20_gun  ApplicationFamily cmsRun ApplicationName cmsRun cmssw_version CMSSW_7_1_0_pre8 psethash 951aa882d2ac167e3fe15038b4453880
inputDict =  {u'/wntmp/condor/compute-11-24/execute/dir_25158/glide_B1qmp2/execute/dir_3666/cms_4NJsur2XDssu/CMSSW_7_1_0_pre8/L1SkimRun_28_1_zTU.root': {u'endpoint': u'srm://srm-eoscms.cern.ch:8443/srm/v2/server?SFN=/eos/cms/store/user/aelwood/140801_jJets_ngun_PU40bx25/', u'surl_for_grid': u'', u'reason': u"ERROR: problems checking if file /wntmp/condor/compute-11-24/execute/dir_25158/glide_B1qmp2/execute/dir_3666/cms_4NJsur2XDssu/CMSSW_7_1_0_pre8/L1SkimRun_28_1_zTU.root already exist'Error checking [L1SkimRun_28_1_zTU.root]'", u'erCode': u'60307', u'se_name': u'srm-eoscms.cern.ch', u'for_lfn': u'/copy_problem/'}}
UserProcessedDataset =  
file_name in inputDict =  /wntmp/condor/compute-11-24/execute/dir_25158/glide_B1qmp2/execute/dir_3666/cms_4NJsur2XDssu/CMSSW_7_1_0_pre8/L1SkimRun_28_1_zTU.root
(size) os.stat(filename)[6] =  478032846
checksum =  3486872027
    file =  L1SkimRun_28_1_zTU.root
    newPfn =  srm://srm-eoscms.cern.ch:8443/srm/v2/server?SFN=/eos/cms/store/user/aelwood/140801_jJets_ngun_PU40bx25/L1SkimRun_28_1_zTU.root
    newLfn =  /copy_problem/L1SkimRun_28_1_zTU.root
>>> crab_fjr_*.xml  permission set to 0704
CrabWrapper EXIT_FUNC entered at Fri Aug  1 04:17:07 PDT 2014   -  Fri Aug  1 11:17:07 UTC 2014
Checking output files:  
will tar file crab_fjr_28.xml in  out_files_28
WARNING: output file CMSSW_28.stdout not found!
WARNING: output file CMSSW_28.stderr not found!
WARNING: output file Watchdog_28.log.gz not found!
>>> working dir = /wntmp/condor/compute-11-24/execute/dir_25158/glide_B1qmp2/execute/dir_3666/cms_4NJsur2XDssu
>>> current directory (RUNTIME_AREA): /wntmp/condor/compute-11-24/execute/dir_25158/glide_B1qmp2/execute/dir_3666
>>> Remove working directory: /wntmp/condor/compute-11-24/execute/dir_25158/glide_B1qmp2/execute/dir_3666/cms_4NJsur2XDssu
/wntmp/condor/compute-11-24/execute/dir_25158/glide_B1qmp2/execute/dir_3666/condor_exec.exe: line 140: symlinks: command not found
>>> padding time: Wrapper lasting more than 600 seconds. No sleep required.
STOPPING WATCHDOG. CrabWatchdog PID is 3917
********** LAST 50 LINES OF WATCHDOG LOG
 Aug 01 03:23:13 PDT	---	691608	956532	174	----	----	----
 Aug 01 03:24:14 PDT	4211	693980	956532	174	373	1214	cmsRun -j /wntmp/condor/compute-11-24/execute/dir_25158/glide_B1qmp2/execute/dir_3666/crab_fjr_28.xml -p pset.py      
 Aug 01 03:24:14 PDT	---	693980	956532	182	----	----	----
 Aug 01 03:25:15 PDT	---	693980	956532	191	----	----	----
 Aug 01 03:26:16 PDT	---	693980	956532	199	----	----	----
 Aug 01 03:27:16 PDT	---	693980	956532	205	----	----	----
 Aug 01 03:28:17 PDT	---	693980	956532	214	----	----	----
 Aug 01 03:29:18 PDT	---	693980	956532	223	----	----	----
 Aug 01 03:30:19 PDT	---	693980	956532	232	----	----	----
 Aug 01 03:31:20 PDT	4211	711440	1006708	232	616	1641	cmsRun -j /wntmp/condor/compute-11-24/execute/dir_25158/glide_B1qmp2/execute/dir_3666/crab_fjr_28.xml -p pset.py      
 Aug 01 03:31:20 PDT	---	711440	1006708	245	----	----	----
 Aug 01 03:32:21 PDT	---	711440	1006708	257	----	----	----
 Aug 01 03:33:23 PDT	---	711440	1006708	269	----	----	----
 Aug 01 03:34:24 PDT	---	711440	1006708	282	----	----	----
 Aug 01 03:35:26 PDT	---	711440	1006708	295	----	----	----
 Aug 01 03:36:28 PDT	4211	711440	1008760	295	851	1948	cmsRun -j /wntmp/condor/compute-11-24/execute/dir_25158/glide_B1qmp2/execute/dir_3666/crab_fjr_28.xml -p pset.py      
 Aug 01 03:36:28 PDT	---	711440	1008760	307	----	----	----
 Aug 01 03:37:29 PDT	4211	718640	1008760	307	864	2009	cmsRun -j /wntmp/condor/compute-11-24/execute/dir_25158/glide_B1qmp2/execute/dir_3666/crab_fjr_28.xml -p pset.py      
 Aug 01 03:37:29 PDT	---	718640	1008760	310	----	----	----
 Aug 01 03:38:29 PDT	---	718640	1008760	312	----	----	----
 Aug 01 03:39:30 PDT	---	718640	1008760	316	----	----	----
 Aug 01 03:40:31 PDT	---	718640	1008760	329	----	----	----
 Aug 01 03:41:33 PDT	---	718640	1008760	339	----	----	----
 Aug 01 03:42:33 PDT	---	718640	1008760	350	----	----	----
 Aug 01 03:43:34 PDT	---	718640	1008760	363	----	----	----
 Aug 01 03:44:35 PDT	---	718640	1008760	375	----	----	----
 Aug 01 03:45:37 PDT	---	718640	1008760	387	----	----	----
 Aug 01 03:46:38 PDT	---	718640	1008760	394	----	----	----
 Aug 01 03:47:38 PDT	---	718640	1008760	403	----	----	----
 Aug 01 03:48:39 PDT	---	718640	1008760	412	----	----	----
 Aug 01 03:49:39 PDT	---	718640	1008760	419	----	----	----
 Aug 01 03:50:41 PDT	---	718640	1008760	428	----	----	----
# TIME			PID	RSS(KB)	VSZ(KB)	Dsk(MB)	tCPU(s)	tWALL(s)	COMMAND
 Aug 01 03:51:42 PDT	---	718640	1008760	437	----	----	----
 Aug 01 03:52:43 PDT	---	718640	1008760	444	----	----	----
 Aug 01 03:53:46 PDT	---	718640	1008760	453	----	----	----
 Aug 01 03:54:47 PDT	---	718640	1008760	454	----	----	----
 Aug 01 03:57:49 PDT	---	718640	1008760	458	----	----	----
 Aug 01 03:58:49 PDT	---	718640	1008760	465	----	----	----
 Aug 01 03:59:50 PDT	---	718640	1008760	473	----	----	----
 Aug 01 04:00:52 PDT	---	718640	1008760	482	----	----	----
 Aug 01 04:01:52 PDT	---	718640	1008760	491	----	----	----
 Aug 01 04:02:54 PDT	---	718640	1008760	498	----	----	----
 Aug 01 04:03:55 PDT	---	718640	1008760	499	----	----	----
 Aug 01 04:04:55 PDT	---	718640	1008760	508	----	----	----
 Aug 01 04:05:56 PDT	---	718640	1008760	517	----	----	----
 Aug 01 04:06:58 PDT	---	718640	1008760	520	----	----	----
 Aug 01 04:12:00 PDT	---	718640	1008760	526	----	----	----
 Aug 01 04:13:01 PDT	---	718640	1008760	540	----	----	----
 Aug 01 04:14:02 PDT	---	718640	1008760	545	----	----	----
********** WATCHDOG LOG ENDED
ZIPPING WATCHDOG LOG
Disk space used:
du -sh /wntmp/condor/compute-11-24/execute/dir_25158/glide_B1qmp2/execute/dir_3666
17M	/wntmp/condor/compute-11-24/execute/dir_25158/glide_B1qmp2/execute/dir_3666
Found unusual stdout, rename for OSB
`/wntmp/condor/compute-11-24/execute/dir_25158/glide_B1qmp2/execute/dir_3666/_condor_stdout' -> `CMSSW_28.stdout'
Found unusual stderr, rename for OSB
`/wntmp/condor/compute-11-24/execute/dir_25158/glide_B1qmp2/execute/dir_3666/_condor_stdout' -> `CMSSW_28.stderr'
crab_fjr_28.xml
CMSSW_28.stdout
CMSSW_28.stderr
Watchdog_28.log.gz
Total Output dimension: 23322
WARNING: output files size limit is set to: 50000000
Total Output dimension 23322 is fine.
JOB_EXIT_STATUS = 60307
>>> info for dashboard:
***** Cat /wntmp/condor/compute-11-24/execute/dir_25158/glide_B1qmp2/execute/dir_3666/jobreport.txt *****
MonitorJobID=28_https://submit-4.t2.ucsd.edu//140801//331280.27
MonitorID=aelwood_140801_jJets_ngun_PU40bx25_1c84ps
ExeTime=4166
ExeExitCode=0
StageOutExitStatusReason = 'ERROR: problems checking if file /wntmp/condor/compute-11-24/execute/dir_25158/glide_B1qmp2/execute/dir_3666/cms_4NJsur2XDssu/CMSSW_7_1_0_pre8/L1SkimRun_28_1_zTU.root already exist Error checking [L1SkimRun_28_1_zTU.root] '
StageOutSE = srm-eoscms.cern.ch
StageOutExitStatus = 60307
CrabUserCpuTime=1714.93
CrabSysCpuTime=43.51
CrabCpuPercentage=42%
CrabWrapperTime=4396
CrabStageoutTime=210
JobExitCode=60307
***** End Cat jobreport *****
Parameters sent to Dashboard.
EXITING at Fri Aug  1 04:17:10 PDT 2014  -  Fri Aug  1 11:17:10 UTC 2014
