This script was generated by crab (version 2.10.6).
Running /wntmp/condor/compute-22-31/execute/dir_25744/glide_gtspBL/execute/dir_4482/condor_exec.exe with 2 positional parameters: 41 1
Today is Fri Aug  1 03:06:49 PDT 2014 - Fri Aug  1 10:06:50 UTC 2014
Job submitted on host compute-22-31.tier2
Linux compute-22-31.tier2 2.6.32-279.el6.x86_64 #1 SMP Fri Jun 22 12:19:21 UTC 2012 x86_64 x86_64 x86_64 GNU/Linux
>>> current directory (RUNTIME_AREA): /wntmp/condor/compute-22-31/execute/dir_25744/glide_gtspBL/execute/dir_4482
>>> current user: uid=20804(uscms4354) gid=504(cms) groups=504(cms),65009(glexec65009) context=unconfined_u:system_r:condor_startd_t:s0
>>> directory permission set to 0700
>>> umask set to:  u=rwx,g=,o=
>>> stdout stderr permission set to 0704
>>> voms proxy information:
subject   : /C=UK/O=eScience/OU=Imperial/L=Physics/CN=adam elwood/CN=1171778048/CN=1165765082
issuer    : /C=UK/O=eScience/OU=Imperial/L=Physics/CN=adam elwood/CN=1171778048
identity  : /C=UK/O=eScience/OU=Imperial/L=Physics/CN=adam elwood/CN=1171778048
type      : RFC compliant proxy
strength  : 1024 bits
path      : /wntmp/condor/compute-22-31/execute/dir_25744/glide_gtspBL/execute/dir_4482/x509up_u41660
timeleft  : 23:59:57
key usage : Digital Signature, Key Encipherment, Key Agreement
=== VO cms extension information ===
VO        : cms
subject   : /C=UK/O=eScience/OU=Imperial/L=Physics/CN=adam elwood
issuer    : /DC=ch/DC=cern/OU=computers/CN=lcg-voms.cern.ch
attribute : /cms/Role=NULL/Capability=NULL
timeleft  : 191:46:26
uri       : lcg-voms.cern.ch:15002
WNHostName=compute-22-31.tier2
>>> tar --no-same-permissions -xf /wntmp/condor/compute-22-31/execute/dir_25744/glide_gtspBL/execute/dir_4482/default.tgz :
Successful untar
>>> Include /wntmp/condor/compute-22-31/execute/dir_25744/glide_gtspBL/execute/dir_4482 in PYTHONPATH:
strip arguments
env var CRAB_UNIQUE_JOB_ID set to: aelwood_140801_jJets_ngun_PU40bx25_1c84ps_41_1_hBx
out_files_41
>>> list of expected files on output sandbox
output files: crab_fjr_41.xml CMSSW_41.stdout CMSSW_41.stderr Watchdog_41.log.gz
>>> GridFlavour discovery: 
source OSG GRID setup script
GridFlavour=OSG
>>> SyncSite discovery: 
SyncSite=T2_US_Caltech
>>> SyncCE discovery: 
getting SyncCE from OSG_JOB_CONTACT
SyncCE=itb-ce.ultralight.org/jobmanager-condor
>>> info for dashboard:
***** Cat /wntmp/condor/compute-22-31/execute/dir_25744/glide_gtspBL/execute/dir_4482/jobreport.txt *****
WNHostName=compute-22-31.tier2
MonitorJobID=41_https://submit-4.t2.ucsd.edu//140801//331280.40
SyncGridJobId=https://submit-4.t2.ucsd.edu//140801//331280.40
MonitorID=aelwood_140801_jJets_ngun_PU40bx25_1c84ps
GridFlavour=OSG
SyncSite=T2_US_Caltech
SyncCE=itb-ce.ultralight.org/jobmanager-condor
***** End Cat jobreport *****
Parameters sent to Dashboard.
>>> setup environment
set SCRAM ARCH to slc6_amd64_gcc481
SCRAM_ARCH = slc6_amd64_gcc481
>>> Created working directory: /wntmp/condor/compute-22-31/execute/dir_25744/glide_gtspBL/execute/dir_4482/cms_U7UTRSPmmwdv
Change to working directory: /wntmp/condor/compute-22-31/execute/dir_25744/glide_gtspBL/execute/dir_4482/cms_U7UTRSPmmwdv
>>> current directory (WORKING_DIR): /wntmp/condor/compute-22-31/execute/dir_25744/glide_gtspBL/execute/dir_4482/cms_U7UTRSPmmwdv
>>> setup CMS OSG environment:
set SCRAM ARCH to slc6_amd64_gcc481
SCRAM_ARCH = slc6_amd64_gcc481
OSG_APP is /raid1/osg-app
sourcing /raid1/osg-app/cmssoft/cms/cmsset_default.sh ...
==> setup cms environment ok
SCRAM_ARCH = slc6_amd64_gcc481
>>> specific cmssw setup environment:
CMSSW_VERSION =  CMSSW_7_1_0_pre8
>>> current directory (SOFTWARE_DIR): /wntmp/condor/compute-22-31/execute/dir_25744/glide_gtspBL/execute/dir_4482/cms_U7UTRSPmmwdv/CMSSW_7_1_0_pre8
PreserveSeeds: <>
IncrementSeeds:<>
>>> info for dashboard:
***** Cat /wntmp/condor/compute-22-31/execute/dir_25744/glide_gtspBL/execute/dir_4482/jobreport.txt *****
MonitorJobID=41_https://submit-4.t2.ucsd.edu//140801//331280.40
MonitorID=aelwood_140801_jJets_ngun_PU40bx25_1c84ps
***** End Cat jobreport *****
Parameters sent to Dashboard.
crabWatchdog started as process 5933
>>> moving CMSSW software directories in /wntmp/condor/compute-22-31/execute/dir_25744/glide_gtspBL/execute/dir_4482/cms_U7UTRSPmmwdv/CMSSW_7_1_0_pre8
mv: cannot stat `/wntmp/condor/compute-22-31/execute/dir_25744/glide_gtspBL/execute/dir_4482/module/': No such file or directory
>>> Include /wntmp/condor/compute-22-31/execute/dir_25744/glide_gtspBL/execute/dir_4482 in PYTHONPATH:
PYTHONPATH=/wntmp/condor/compute-22-31/execute/dir_25744/glide_gtspBL/execute/dir_4482/:/wntmp/condor/compute-22-31/execute/dir_25744/glide_gtspBL/execute/dir_4482/cms_U7UTRSPmmwdv/CMSSW_7_1_0_pre8/python:/wntmp/condor/compute-22-31/execute/dir_25744/glide_gtspBL/execute/dir_4482/cms_U7UTRSPmmwdv/CMSSW_7_1_0_pre8/lib/slc6_amd64_gcc481:/cvmfs/cms.cern.ch/slc6_amd64_gcc481/cms/cmssw/CMSSW_7_1_0_pre8/python:/cvmfs/cms.cern.ch/slc6_amd64_gcc481/cms/cmssw/CMSSW_7_1_0_pre8/lib/slc6_amd64_gcc481:/cvmfs/cms.cern.ch/slc6_amd64_gcc481/cms/coral/CORAL_2_3_21-cms20/slc6_amd64_gcc481/python:/cvmfs/cms.cern.ch/slc6_amd64_gcc481/cms/coral/CORAL_2_3_21-cms20/slc6_amd64_gcc481/lib:/cvmfs/cms.cern.ch/slc6_amd64_gcc481/external/pyqt/4.8.1-cms/lib/python2.7/site-packages:/cvmfs/cms.cern.ch/slc6_amd64_gcc481/external/py2-scipy/0.8.0-cms/lib/python2.7/site-packages:/cvmfs/cms.cern.ch/slc6_amd64_gcc481/external/py2-matplotlib/1.2.1-cms/lib/python2.7/site-packages:/cvmfs/cms.cern.ch/slc6_amd64_gcc481/external/yoda/1.0.4/lib/python2.7/site-packages:/cvmfs/cms.cern.ch/slc6_amd64_gcc481/external/python-ldap/2.4.10-cms/lib/python2.7/site-packages:/cvmfs/cms.cern.ch/slc6_amd64_gcc481/external/sip/4.11.2-cms/lib/python2.7/site-packages:/cvmfs/cms.cern.ch/slc6_amd64_gcc481/external/llvm/3.4/lib/python2.7/site-packages:/cvmfs/cms.cern.ch/slc6_amd64_gcc481/external/py2-sqlalchemy/0.8.2-cms2/lib/python2.7/site-packages:/cvmfs/cms.cern.ch/slc6_amd64_gcc481/external/py2-pycurl/7.19.0-cms/lib/python2.7/site-packages:/cvmfs/cms.cern.ch/slc6_amd64_gcc481/external/py2-python-dateutil/1.1-cms/lib/python2.7/site-packages:/cvmfs/cms.cern.ch/slc6_amd64_gcc481/external/py2-numpy/1.6.1-cms/lib/python2.7/site-packages:/cvmfs/cms.cern.ch/slc6_amd64_gcc481/external/py2-lint/0.25.1-cms/lib/python2.7/site-packages:/cvmfs/cms.cern.ch/slc6_amd64_gcc481/external/py2-ipython/0.10-cms/lib/python2.7/site-packages:/cvmfs/cms.cern.ch/slc6_amd64_gcc481/external/py2-cx-oracle/5.1-cms2/lib/python2.7/site-packages:/cvmfs/cms.cern.ch/slc6_amd64_gcc481/external/py2-cjson/1.0.5-cms/lib/python2.7/site-packages:/cvmfs/cms.cern.ch/slc6_amd64_gcc481/external/frontier_client/2.8.10/python/lib:/cvmfs/cms.cern.ch/slc6_amd64_gcc481/cms/das-client/2.5.0/bin:/cvmfs/cms.cern.ch/slc6_amd64_gcc481/external/cython/0.19.1/lib/python2.7/site-packages:/cvmfs/cms.cern.ch/slc6_amd64_gcc481/external/rivet/1.8.2-cms4/lib/python2.7/site-packages:/cvmfs/cms.cern.ch/slc6_amd64_gcc481/external/pyminuit2/0.0.1-cms13/lib/python2.7/site-packages:/cvmfs/cms.cern.ch/slc6_amd64_gcc481/external/py2-pygithub/1.23.0/lib/python2.7/site-packages:/cvmfs/cms.cern.ch/slc6_amd64_gcc481/external/py2-networkx/1.8.1/lib/python2.7/site-packages:/cvmfs/cms.cern.ch/slc6_amd64_gcc481/external/professor/1.0.0-cms13/lib/python2.7/site-packages:/cvmfs/cms.cern.ch/slc6_amd64_gcc481/lcg/root/5.34.18/lib:/cvmfs/cms.cern.ch/slc6_amd64_gcc481/cms/dbs-client/DBS_2_1_9-cms/lib:/cvmfs/cms.cern.ch/slc6_amd64_gcc481/cms/dbs-client/DBS_2_1_9-cms/lib/DBSAPI:/cvmfs/cms.cern.ch/slc6_amd64_gcc481/external/cvs2git/5419-cms/lib:/wntmp/condor/compute-22-31/execute/dir_25744/glide_gtspBL/execute/dir_4482/
 
# LIMITS USED BY CRAB WATCHDOG:
# RSS  (KBytes)   : 2300000
# VSZ  (KBytes)   : 100000000
# DISK (MBytes)   : 19000
# CPU TIME        : 720h:0m:0s
# WALL CLOCK TIME : 21h:50m:0s
 
951aa882d2ac167e3fe15038b4453880
PSETHASH = 951aa882d2ac167e3fe15038b4453880
/wntmp/condor/compute-22-31/execute/dir_25744/glide_gtspBL/execute/dir_4482/writeCfg.py pset.py pset.py
Importing .py file
Setting parameters
RandomNumberGeneratorService found, will attempt to change seeds
inputBlocks=/Neutrino_Pt-2to20_gun/Fall13dr-tsg_PU40bx25_POSTLS162_V2-v1/GEN-SIM-RAW#09b9f490-7aa3-11e3-b1c2-003048f02d38
inputFiles=/store/mc/Fall13dr/Neutrino_Pt-2to20_gun/GEN-SIM-RAW/tsg_PU40bx25_POSTLS162_V2-v1/00002/BEA7AF5D-3B7B-E311-8786-002618943860.root;/store/mc/Fall13dr/Neutrino_Pt-2to20_gun/GEN-SIM-RAW/tsg_PU40bx25_POSTLS162_V2-v1/00002/88485E19-2F7B-E311-A14D-0025905A60B6.root;/store/mc/Fall13dr/Neutrino_Pt-2to20_gun/GEN-SIM-RAW/tsg_PU40bx25_POSTLS162_V2-v1/00002/96537D34-B97A-E311-B247-002618943832.root;/store/mc/Fall13dr/Neutrino_Pt-2to20_gun/GEN-SIM-RAW/tsg_PU40bx25_POSTLS162_V2-v1/00002/E0D0126A-AE7A-E311-9FC4-0026189437FA.root;/store/mc/Fall13dr/Neutrino_Pt-2to20_gun/GEN-SIM-RAW/tsg_PU40bx25_POSTLS162_V2-v1/00002/360647E3-AC7A-E311-844C-003048FFCBA8.root;/store/mc/Fall13dr/Neutrino_Pt-2to20_gun/GEN-SIM-RAW/tsg_PU40bx25_POSTLS162_V2-v1/00002/1AFB863F-AB7A-E311-B471-001A92971B96.root
parentFiles=/store/mc/Fall13/Neutrino_Pt-2to20_gun/GEN-SIM/POSTLS162_V1-v4/10001/386918E7-AC68-E311-8493-6C3BE5B59150.root;/store/mc/Fall13/Neutrino_Pt-2to20_gun/GEN-SIM/POSTLS162_V1-v4/10001/7642FB00-AD68-E311-837E-6C3BE5B5B080.root;/store/mc/Fall13/Neutrino_Pt-2to20_gun/GEN-SIM/POSTLS162_V1-v4/10000/5C0B7CF6-AA68-E311-BA32-003048F59754.root;/store/mc/Fall13/Neutrino_Pt-2to20_gun/GEN-SIM/POSTLS162_V1-v4/10000/14465A61-AB68-E311-83F0-90B11C2ACF20.root;/store/mc/Fall13/Neutrino_Pt-2to20_gun/GEN-SIM/POSTLS162_V1-v4/10000/869E6491-AB68-E311-8C53-0025901D08BE.root;/store/mc/Fall13/Neutrino_Pt-2to20_gun/GEN-SIM/POSTLS162_V1-v4/10000/A827F1D6-AB68-E311-8DBB-90B11C2ACF20.root;/store/mc/Fall13/Neutrino_Pt-2to20_gun/GEN-SIM/POSTLS162_V1-v4/10000/DEB470F4-AA68-E311-A5EC-90B11C1DBFB4.root;/store/mc/Fall13/Neutrino_Pt-2to20_gun/GEN-SIM/POSTLS162_V1-v4/10001/386918E7-AC68-E311-8493-6C3BE5B59150.root;/store/mc/Fall13/Neutrino_Pt-2to20_gun/GEN-SIM/POSTLS162_V1-v4/10000/12FEE907-AB68-E311-A9B9-90B11C27EA38.root;/store/mc/Fall13/Neutrino_Pt-2to20_gun/GEN-SIM/POSTLS162_V1-v4/10000/5ED692F4-AA68-E311-85A2-90B11C1DBFB4.root;/store/mc/Fall13/Neutrino_Pt-2to20_gun/GEN-SIM/POSTLS162_V1-v4/10000/5C0B7CF6-AA68-E311-BA32-003048F59754.root;/store/mc/Fall13/Neutrino_Pt-2to20_gun/GEN-SIM/POSTLS162_V1-v4/10000/14465A61-AB68-E311-83F0-90B11C2ACF20.root;/store/mc/Fall13/Neutrino_Pt-2to20_gun/GEN-SIM/POSTLS162_V1-v4/10000/8C0E4E91-AB68-E311-AF2C-0025901D08DE.root;/store/mc/Fall13/Neutrino_Pt-2to20_gun/GEN-SIM/POSTLS162_V1-v4/10000/869E6491-AB68-E311-8C53-0025901D08BE.root;/store/mc/Fall13/Neutrino_Pt-2to20_gun/GEN-SIM/POSTLS162_V1-v4/10000/0E75F3DF-AB68-E311-8BA9-003048F5B5F4.root;/store/mc/Fall13/Neutrino_Pt-2to20_gun/GEN-SIM/POSTLS162_V1-v4/10000/3228DBE4-AB68-E311-AFE5-0025904A91F6.root;/store/mc/Fall13/Neutrino_Pt-2to20_gun/GEN-SIM/POSTLS162_V1-v4/10000/08BDA2EE-AB68-E311-BD33-0025904AC2CA.root;/store/mc/Fall13/Neutrino_Pt-2to20_gun/GEN-SIM/POSTLS162_V1-v4/10000/7632CAE8-AB68-E311-AA1C-90B11C27EA38.root;/store/mc/Fall13/Neutrino_Pt-2to20_gun/GEN-SIM/POSTLS162_V1-v4/10000/0A8C8CED-AB68-E311-80BE-90B11C27F89E.root;/store/mc/Fall13/Neutrino_Pt-2to20_gun/GEN-SIM/POSTLS162_V1-v4/10000/10CAFE4F-AC68-E311-95FB-002590821320.root;/store/mc/Fall13/Neutrino_Pt-2to20_gun/GEN-SIM/POSTLS162_V1-v4/10000/0CD6C959-AC68-E311-8933-003048F5ADEA.root;/store/mc/Fall13/Neutrino_Pt-2to20_gun/GEN-SIM/POSTLS162_V1-v4/10000/32F7F53B-AC68-E311-AE43-003048F5B6A9.root;/store/mc/Fall13/Neutrino_Pt-2to20_gun/GEN-SIM/POSTLS162_V1-v4/10000/D88E20AB-AC68-E311-8CB4-0025901D08BE.root;/store/mc/Fall13/Neutrino_Pt-2to20_gun/GEN-SIM/POSTLS162_V1-v4/10000/10CAFE4F-AC68-E311-95FB-002590821320.root;/store/mc/Fall13/Neutrino_Pt-2to20_gun/GEN-SIM/POSTLS162_V1-v4/10000/0CD6C959-AC68-E311-8933-003048F5ADEA.root;/store/mc/Fall13/Neutrino_Pt-2to20_gun/GEN-SIM/POSTLS162_V1-v4/10000/54B76B39-AC68-E311-88C6-003048F5ADEA.root;/store/mc/Fall13/Neutrino_Pt-2to20_gun/GEN-SIM/POSTLS162_V1-v4/10000/542C6E62-AC68-E311-8B06-0025904AC2CA.root;/store/mc/Fall13/Neutrino_Pt-2to20_gun/GEN-SIM/POSTLS162_V1-v4/10000/C05AB95E-AC68-E311-9422-003048F5B69A.root;/store/mc/Fall13/Neutrino_Pt-2to20_gun/GEN-SIM/POSTLS162_V1-v4/10000/C004547E-AC68-E311-9972-003048F5B2A0.root;/store/mc/Fall13/Neutrino_Pt-2to20_gun/GEN-SIM/POSTLS162_V1-v4/10000/14879B15-AC68-E311-8258-0025B3203638.root;/store/mc/Fall13/Neutrino_Pt-2to20_gun/GEN-SIM/POSTLS162_V1-v4/10000/0E75F3DF-AB68-E311-8BA9-003048F5B5F4.root;/store/mc/Fall13/Neutrino_Pt-2to20_gun/GEN-SIM/POSTLS162_V1-v4/10000/3228DBE4-AB68-E311-AFE5-0025904A91F6.root;/store/mc/Fall13/Neutrino_Pt-2to20_gun/GEN-SIM/POSTLS162_V1-v4/10000/10CAFE4F-AC68-E311-95FB-002590821320.root;/store/mc/Fall13/Neutrino_Pt-2to20_gun/GEN-SIM/POSTLS162_V1-v4/10000/32F7F53B-AC68-E311-AE43-003048F5B6A9.root;/store/mc/Fall13/Neutrino_Pt-2to20_gun/GEN-SIM/POSTLS162_V1-v4/10000/D88E20AB-AC68-E311-8CB4-0025901D08BE.root;/store/mc/Fall13/Neutrino_Pt-2to20_gun/GEN-SIM/POSTLS162_V1-v4/10000/D4EE37FB-AC68-E311-B870-003048F5B2F0.root;/store/mc/Fall13/Neutrino_Pt-2to20_gun/GEN-SIM/POSTLS162_V1-v4/10000/2ACC9EE9-AB68-E311-93F6-02163E00E6ED.root;/store/mc/Fall13/Neutrino_Pt-2to20_gun/GEN-SIM/POSTLS162_V1-v4/10000/3228DBE4-AB68-E311-AFE5-0025904A91F6.root;/store/mc/Fall13/Neutrino_Pt-2to20_gun/GEN-SIM/POSTLS162_V1-v4/10000/7632CAE8-AB68-E311-AA1C-90B11C27EA38.root;/store/mc/Fall13/Neutrino_Pt-2to20_gun/GEN-SIM/POSTLS162_V1-v4/10000/C05AB95E-AC68-E311-9422-003048F5B69A.root;/store/mc/Fall13/Neutrino_Pt-2to20_gun/GEN-SIM/POSTLS162_V1-v4/10000/30C8867C-AC68-E311-9D94-003048F5B69A.root;/store/mc/Fall13/Neutrino_Pt-2to20_gun/GEN-SIM/POSTLS162_V1-v4/10000/8CC4F979-AC68-E311-864D-90B11C27F89E.root;/store/mc/Fall13/Neutrino_Pt-2to20_gun/GEN-SIM/POSTLS162_V1-v4/10000/7AF65AFD-AC68-E311-80E9-90B11C1DBFB4.root;/store/mc/Fall13/Neutrino_Pt-2to20_gun/GEN-SIM/POSTLS162_V1-v4/10000/D4EE37FB-AC68-E311-B870-003048F5B2F0.root;/store/mc/Fall13/Neutrino_Pt-2to20_gun/GEN-SIM/POSTLS162_V1-v4/10000/E041DDFB-AC68-E311-AAA4-003048F5B2A0.root;/store/mc/Fall13/Neutrino_Pt-2to20_gun/GEN-SIM/POSTLS162_V1-v4/10000/9E6407D4-AB68-E311-8011-C860001BD944.root
lumisRange=
>>> Executable cmsRun
/cvmfs/cms.cern.ch/slc6_amd64_gcc481/cms/cmssw/CMSSW_7_1_0_pre8/bin/slc6_amd64_gcc481/cmsRun
ok executable found
>>> info for dashboard:
***** Cat /wntmp/condor/compute-22-31/execute/dir_25744/glide_gtspBL/execute/dir_4482/jobreport.txt *****
MonitorJobID=41_https://submit-4.t2.ucsd.edu//140801//331280.40
MonitorID=aelwood_140801_jJets_ngun_PU40bx25_1c84ps
ExeStart=cmsRun
***** End Cat jobreport *****
Parameters sent to Dashboard.
>>> cmsRun started at Fri Aug  1 10:07:30 UTC 2014
>>> cmsRun ended at Fri Aug  1 11:43:32 UTC 2014
>>> crab_fjr_*.xml  permission set to 0704
>>> info for dashboard:
***** Cat /wntmp/condor/compute-22-31/execute/dir_25744/glide_gtspBL/execute/dir_4482/jobreport.txt *****
MonitorJobID=41_https://submit-4.t2.ucsd.edu//140801//331280.40
MonitorID=aelwood_140801_jJets_ngun_PU40bx25_1c84ps
ExeEnd=cmsRun
***** End Cat jobreport *****
Parameters sent to Dashboard.
TIME_EXE = 5762 sec
>>> cmsRun wrote 57 lines of stdout+stderr
>>> START OF printout of 57 lines from stdout+stderr
==> using COND/Services/RelationalAuthenticationService for auth, sys 1
==> using COND/Services/RelationalAuthenticationService for auth, sys 1
01-Aug-2014 03:07:57 PDT  Initiating request to open file /mnt/hadoop/store/mc/Fall13dr/Neutrino_Pt-2to20_gun/GEN-SIM-RAW/tsg_PU40bx25_POSTLS162_V2-v1/00002/BEA7AF5D-3B7B-E311-8786-002618943860.root
01-Aug-2014 03:07:59 PDT  Successfully opened file /mnt/hadoop/store/mc/Fall13dr/Neutrino_Pt-2to20_gun/GEN-SIM-RAW/tsg_PU40bx25_POSTLS162_V2-v1/00002/BEA7AF5D-3B7B-E311-8786-002618943860.root
01-Aug-2014 03:08:01 PDT  Initiating request to open file /mnt/hadoop/store/mc/Fall13/Neutrino_Pt-2to20_gun/GEN-SIM/POSTLS162_V1-v4/10001/386918E7-AC68-E311-8493-6C3BE5B59150.root
01-Aug-2014 03:08:01 PDT  Fallback request to file root://cmsxrootd.fnal.gov//store/mc/Fall13/Neutrino_Pt-2to20_gun/GEN-SIM/POSTLS162_V1-v4/10001/386918E7-AC68-E311-8493-6C3BE5B59150.root
140801 03:08:04 6815 Xrd: CheckErrorStatus: Server [cmssrmdisk.fnal.gov:1095] declared: Request 3018 not supported(error code: 3013)
01-Aug-2014 03:08:05 PDT  Successfully opened file root://cmsxrootd.fnal.gov//store/mc/Fall13/Neutrino_Pt-2to20_gun/GEN-SIM/POSTLS162_V1-v4/10001/386918E7-AC68-E311-8493-6C3BE5B59150.root
01-Aug-2014 03:08:13 PDT  Closed file root://cmsxrootd.fnal.gov//store/mc/Fall13/Neutrino_Pt-2to20_gun/GEN-SIM/POSTLS162_V1-v4/10001/386918E7-AC68-E311-8493-6C3BE5B59150.root
Stage1Layer2Producer -- Running pp implementation


----------------------------------------
Begin: L1CaloTowerProducer
----------------------------------------

140801 03:13:32 7756 Xrd: XrdClientMessage::ReadRaw: Failed to read header (8 bytes).
140801 03:13:32 7745 Xrd: XrdClientMessage::ReadRaw: Failed to read header (8 bytes).
01-Aug-2014 03:17:01 PDT  Closed file /mnt/hadoop/store/mc/Fall13dr/Neutrino_Pt-2to20_gun/GEN-SIM-RAW/tsg_PU40bx25_POSTLS162_V2-v1/00002/BEA7AF5D-3B7B-E311-8786-002618943860.root
01-Aug-2014 03:17:01 PDT  Initiating request to open file /mnt/hadoop/store/mc/Fall13dr/Neutrino_Pt-2to20_gun/GEN-SIM-RAW/tsg_PU40bx25_POSTLS162_V2-v1/00002/88485E19-2F7B-E311-A14D-0025905A60B6.root
01-Aug-2014 03:17:01 PDT  Successfully opened file /mnt/hadoop/store/mc/Fall13dr/Neutrino_Pt-2to20_gun/GEN-SIM-RAW/tsg_PU40bx25_POSTLS162_V2-v1/00002/88485E19-2F7B-E311-A14D-0025905A60B6.root
01-Aug-2014 03:22:28 PDT  Closed file /mnt/hadoop/store/mc/Fall13dr/Neutrino_Pt-2to20_gun/GEN-SIM-RAW/tsg_PU40bx25_POSTLS162_V2-v1/00002/88485E19-2F7B-E311-A14D-0025905A60B6.root
01-Aug-2014 03:22:28 PDT  Initiating request to open file /mnt/hadoop/store/mc/Fall13dr/Neutrino_Pt-2to20_gun/GEN-SIM-RAW/tsg_PU40bx25_POSTLS162_V2-v1/00002/96537D34-B97A-E311-B247-002618943832.root
01-Aug-2014 03:22:29 PDT  Successfully opened file /mnt/hadoop/store/mc/Fall13dr/Neutrino_Pt-2to20_gun/GEN-SIM-RAW/tsg_PU40bx25_POSTLS162_V2-v1/00002/96537D34-B97A-E311-B247-002618943832.root
140801 03:28:32 7743 Xrd: XrdClientMessage::ReadRaw: Failed to read header (8 bytes).
140801 03:28:32 7747 Xrd: XrdClientMessage::ReadRaw: Failed to read header (8 bytes).
140801 03:28:32 7741 Xrd: XrdClientMessage::ReadRaw: Failed to read header (8 bytes).
01-Aug-2014 03:31:27 PDT  Closed file /mnt/hadoop/store/mc/Fall13dr/Neutrino_Pt-2to20_gun/GEN-SIM-RAW/tsg_PU40bx25_POSTLS162_V2-v1/00002/96537D34-B97A-E311-B247-002618943832.root
01-Aug-2014 03:31:27 PDT  Initiating request to open file /mnt/hadoop/store/mc/Fall13dr/Neutrino_Pt-2to20_gun/GEN-SIM-RAW/tsg_PU40bx25_POSTLS162_V2-v1/00002/E0D0126A-AE7A-E311-9FC4-0026189437FA.root
01-Aug-2014 03:31:27 PDT  Successfully opened file /mnt/hadoop/store/mc/Fall13dr/Neutrino_Pt-2to20_gun/GEN-SIM-RAW/tsg_PU40bx25_POSTLS162_V2-v1/00002/E0D0126A-AE7A-E311-9FC4-0026189437FA.root
01-Aug-2014 03:38:29 PDT  Closed file /mnt/hadoop/store/mc/Fall13dr/Neutrino_Pt-2to20_gun/GEN-SIM-RAW/tsg_PU40bx25_POSTLS162_V2-v1/00002/E0D0126A-AE7A-E311-9FC4-0026189437FA.root
01-Aug-2014 03:38:29 PDT  Initiating request to open file /mnt/hadoop/store/mc/Fall13dr/Neutrino_Pt-2to20_gun/GEN-SIM-RAW/tsg_PU40bx25_POSTLS162_V2-v1/00002/360647E3-AC7A-E311-844C-003048FFCBA8.root
01-Aug-2014 03:39:44 PDT  Successfully opened file /mnt/hadoop/store/mc/Fall13dr/Neutrino_Pt-2to20_gun/GEN-SIM-RAW/tsg_PU40bx25_POSTLS162_V2-v1/00002/360647E3-AC7A-E311-844C-003048FFCBA8.root
01-Aug-2014 04:37:23 PDT  Closed file /mnt/hadoop/store/mc/Fall13dr/Neutrino_Pt-2to20_gun/GEN-SIM-RAW/tsg_PU40bx25_POSTLS162_V2-v1/00002/360647E3-AC7A-E311-844C-003048FFCBA8.root
01-Aug-2014 04:37:23 PDT  Initiating request to open file /mnt/hadoop/store/mc/Fall13dr/Neutrino_Pt-2to20_gun/GEN-SIM-RAW/tsg_PU40bx25_POSTLS162_V2-v1/00002/1AFB863F-AB7A-E311-B471-001A92971B96.root
01-Aug-2014 04:37:23 PDT  Successfully opened file /mnt/hadoop/store/mc/Fall13dr/Neutrino_Pt-2to20_gun/GEN-SIM-RAW/tsg_PU40bx25_POSTLS162_V2-v1/00002/1AFB863F-AB7A-E311-B471-001A92971B96.root
01-Aug-2014 04:43:25 PDT  Closed file /mnt/hadoop/store/mc/Fall13dr/Neutrino_Pt-2to20_gun/GEN-SIM-RAW/tsg_PU40bx25_POSTLS162_V2-v1/00002/1AFB863F-AB7A-E311-B471-001A92971B96.root

=============================================

MessageLogger Summary

 type     category        sev    module        subroutine        count    total
 ---- -------------------- -- ---------------- ----------------  -----    -----
    1 fileAction           -s AfterFile                              4        4
    2 fileAction           -s file_close                             6        6
    3 fileAction           -s file_open                             12       12

 type    category    Examples: run/evt        run/evt          run/evt
 ---- -------------------- ---------------- ---------------- ----------------
    1 fileAction           pre-events       pre-events       pre-events
    2 fileAction           PostProcessEvent PostProcessEvent PostEndRun
    3 fileAction           pre-events       pre-events       PostProcessEvent

Severity    # Occurrences   Total Occurrences
--------    -------------   -----------------
System                 22                  22
>>> END OF printout of 57 lines from stdout+stderr
>>> Parse FrameworkJobReport crab_fjr.xml
Result of parsing the FrameworkJobReport crab_fjr.xml: 
Extracted ExitStatus from FrameworkJobReport parsing output: 0
>>> Executable succeded  0
ExeExitCode=0
EXECUTABLE_EXIT_STATUS = 0
>>> current directory /wntmp/condor/compute-22-31/execute/dir_25744/glide_gtspBL/execute/dir_4482/cms_U7UTRSPmmwdv/CMSSW_7_1_0_pre8
>>>  (SOFTWARE_DIR): /wntmp/condor/compute-22-31/execute/dir_25744/glide_gtspBL/execute/dir_4482/cms_U7UTRSPmmwdv/CMSSW_7_1_0_pre8
>>> (WORKING_DIR): /wntmp/condor/compute-22-31/execute/dir_25744/glide_gtspBL/execute/dir_4482/cms_U7UTRSPmmwdv
>>> current directory content:
total 468268
drwxr-xr-x. 3 uscms4354 cms      4096 Aug  1 03:06 .SCRAM
-rw-------. 1 uscms4354 cms    916533 Aug  1 03:06 CMSSW.py.pkl
-rw-------. 1 uscms4354 cms 477580897 Aug  1 04:43 L1SkimRun.root
drwxr-xr-x. 3 uscms4354 cms      4096 Aug  1 03:06 bin
drwxr-xr-x. 3 uscms4354 cms      4096 Aug  1 03:06 cfipython
drwxr-xr-x. 4 uscms4354 cms      4096 Aug  1 03:06 config
-rw-------. 1 uscms4354 cms        18 Aug  1 04:43 cpu_timing.txt
drwxr-xr-x. 2 uscms4354 cms      4096 Aug  1 03:06 doc
-rw-------. 1 uscms4354 cms      6002 Aug  1 04:43 executable.out
drwxr-xr-x. 2 uscms4354 cms      4096 Aug  1 03:06 include
drwx------. 3 uscms4354 cms      4096 Aug  1 00:37 lib
drwxr-xr-x. 3 uscms4354 cms      4096 Aug  1 03:06 logs
drwxr-xr-x. 3 uscms4354 cms      4096 Aug  1 03:06 objs
-rw-------. 1 uscms4354 cms       104 Aug  1 03:07 pset.py
-rw-------. 1 uscms4354 cms    924728 Aug  1 03:07 pset.py.pkl
-rw-------. 1 uscms4354 cms       289 Aug  1 03:07 pset.pyc
drwxr-xr-x. 2 uscms4354 cms      4096 Aug  1 03:06 python
-rw-------. 1 uscms4354 cms       419 Aug  1 04:44 report.log
drwx------. 5 uscms4354 cms      4096 Aug  1 03:06 src
drwxr-xr-x. 3 uscms4354 cms      4096 Aug  1 03:06 test
drwxr-xr-x. 3 uscms4354 cms      4096 Aug  1 03:06 tmp
>>> current directory /wntmp/condor/compute-22-31/execute/dir_25744/glide_gtspBL/execute/dir_4482/cms_U7UTRSPmmwdv/CMSSW_7_1_0_pre8
>>> (SOFTWARE_DIR): /wntmp/condor/compute-22-31/execute/dir_25744/glide_gtspBL/execute/dir_4482/cms_U7UTRSPmmwdv/CMSSW_7_1_0_pre8
>>> (WORKING_DIR): /wntmp/condor/compute-22-31/execute/dir_25744/glide_gtspBL/execute/dir_4482/cms_U7UTRSPmmwdv
>>> current directory content:
total 468268
drwxr-xr-x. 3 uscms4354 cms      4096 Aug  1 03:06 .SCRAM
-rw-------. 1 uscms4354 cms    916533 Aug  1 03:06 CMSSW.py.pkl
-rw-------. 1 uscms4354 cms 477580897 Aug  1 04:43 L1SkimRun_41_1_hBx.root
drwxr-xr-x. 3 uscms4354 cms      4096 Aug  1 03:06 bin
drwxr-xr-x. 3 uscms4354 cms      4096 Aug  1 03:06 cfipython
drwxr-xr-x. 4 uscms4354 cms      4096 Aug  1 03:06 config
-rw-------. 1 uscms4354 cms        18 Aug  1 04:43 cpu_timing.txt
drwxr-xr-x. 2 uscms4354 cms      4096 Aug  1 03:06 doc
-rw-------. 1 uscms4354 cms      6002 Aug  1 04:43 executable.out
drwxr-xr-x. 2 uscms4354 cms      4096 Aug  1 03:06 include
drwx------. 3 uscms4354 cms      4096 Aug  1 00:37 lib
drwxr-xr-x. 3 uscms4354 cms      4096 Aug  1 03:06 logs
drwxr-xr-x. 3 uscms4354 cms      4096 Aug  1 03:06 objs
-rw-------. 1 uscms4354 cms       104 Aug  1 03:07 pset.py
-rw-------. 1 uscms4354 cms    924728 Aug  1 03:07 pset.py.pkl
-rw-------. 1 uscms4354 cms       289 Aug  1 03:07 pset.pyc
drwxr-xr-x. 2 uscms4354 cms      4096 Aug  1 03:06 python
-rw-------. 1 uscms4354 cms       419 Aug  1 04:44 report.log
drwx------. 5 uscms4354 cms      4096 Aug  1 03:06 src
drwxr-xr-x. 3 uscms4354 cms      4096 Aug  1 03:06 test
drwxr-xr-x. 3 uscms4354 cms      4096 Aug  1 03:06 tmp
>>> current directory (RUNTIME_AREA):  /wntmp/condor/compute-22-31/execute/dir_25744/glide_gtspBL/execute/dir_4482
SE = srm-eoscms.cern.ch
SE_PATH = /srm/v2/server?SFN=/eos/cms/store/user/aelwood/140801_jJets_ngun_PU40bx25/
LFNBaseName = /store/user/aelwood/140801_jJets_ngun_PU40bx25/
USER = aelwood
endpoint = srm://srm-eoscms.cern.ch:8443/srm/v2/server?SFN=/eos/cms/store/user/aelwood/140801_jJets_ngun_PU40bx25/
>>> Copy output files from WN = compute-22-31.tier2 to /srm/v2/server?SFN=/eos/cms/store/user/aelwood/140801_jJets_ngun_PU40bx25/ :
python cmscp.py  --destination srm://srm-eoscms.cern.ch:8443/srm/v2/server?SFN=/eos/cms/store/user/aelwood/140801_jJets_ngun_PU40bx25/ --inputFileList /wntmp/condor/compute-22-31/execute/dir_25744/glide_gtspBL/execute/dir_4482/cms_U7UTRSPmmwdv/CMSSW_7_1_0_pre8/L1SkimRun_41_1_hBx.root --middleware OSG --se_name srm-eoscms.cern.ch --for_lfn /store/user/aelwood/140801_jJets_ngun_PU40bx25/    
******************************************************
localSeName  =  cit-se.ultralight.org
remoteSeName =  srm-eoscms.cern.ch
******************************************************
{"/wntmp/condor/compute-22-31/execute/dir_25744/glide_gtspBL/execute/dir_4482/cms_U7UTRSPmmwdv/CMSSW_7_1_0_pre8/L1SkimRun_41_1_hBx.root": {"endpoint": "srm://srm-eoscms.cern.ch:8443/srm/v2/server?SFN=/eos/cms/store/user/aelwood/140801_jJets_ngun_PU40bx25/", "surl_for_grid": "", "reason": "Copy succedeed with srm-lcg utils", "erCode": "0", "se_name": "srm-eoscms.cern.ch", "for_lfn": "/store/user/aelwood/140801_jJets_ngun_PU40bx25/"}}/wntmp/condor/compute-22-31/execute/dir_25744/glide_gtspBL/execute/dir_4482
-------- cat /wntmp/condor/compute-22-31/execute/dir_25744/glide_gtspBL/execute/dir_4482/cmscpReport.sh 
#!/bin/bash
echo "Report for File: /wntmp/condor/compute-22-31/execute/dir_25744/glide_gtspBL/execute/dir_4482/cms_U7UTRSPmmwdv/CMSSW_7_1_0_pre8/L1SkimRun_41_1_hBx.root"
echo "LFN: /store/user/aelwood/140801_jJets_ngun_PU40bx25/L1SkimRun_41_1_hBx.root"
echo "StorageElement: srm-eoscms.cern.ch"
echo "StageOutExitStatusReason = 'Copy succedeed with srm-lcg utils'" | tee -a $RUNTIME_AREA/$repo
echo "StageOutSE = srm-eoscms.cern.ch" >> $RUNTIME_AREA/$repo

export StageOutExitStatus=0
echo "StageOutExitStatus = 0" | tee -a $RUNTIME_AREA/$repo
-------- end of /wntmp/condor/compute-22-31/execute/dir_25744/glide_gtspBL/execute/dir_4482/cmscpReport.sh 
Report for File: /wntmp/condor/compute-22-31/execute/dir_25744/glide_gtspBL/execute/dir_4482/cms_U7UTRSPmmwdv/CMSSW_7_1_0_pre8/L1SkimRun_41_1_hBx.root
LFN: /store/user/aelwood/140801_jJets_ngun_PU40bx25/L1SkimRun_41_1_hBx.root
StorageElement: srm-eoscms.cern.ch
StageOutExitStatusReason = 'Copy succedeed with srm-lcg utils'
StageOutExitStatus = 0
>>> current dir: /wntmp/condor/compute-22-31/execute/dir_25744/glide_gtspBL/execute/dir_4482
>>> current dir content:
total 15124
-rw-------. 1 uscms4354 cms    12120 Aug  1 04:47 .SEinteraction.log
-rwx------. 1 uscms4354 cms     6636 Aug  1 03:06 .job.ad
-rwx------. 1 uscms4354 cms     9364 Aug  1 03:06 .machine.ad
-rw-------. 1 uscms4354 cms      105 Aug  1 02:57 CMSSW.py
-rw-------. 1 uscms4354 cms   916533 Aug  1 02:57 CMSSW.py.pkl
-rwx------. 1 uscms4354 cms    28576 Aug  1 03:06 CMSSW.sh
-rw-------. 1 uscms4354 cms      182 Aug  1 03:06 CacheEnv.sh
-rw-------. 1 uscms4354 cms     7291 Jul 12 08:18 DashboardAPI.py
-rw-------. 1 uscms4354 cms     6755 Aug  1 03:07 DashboardAPI.pyc
drwx------. 2 uscms4354 cms     4096 Aug  1 04:44 IMProv
lrwxrwxrwx. 1 uscms4354 cms      133 Aug  1 04:44 L1SkimRun.root -> /wntmp/condor/compute-22-31/execute/dir_25744/glide_gtspBL/execute/dir_4482/cms_U7UTRSPmmwdv/CMSSW_7_1_0_pre8/L1SkimRun_41_1_hBx.root
-rw-------. 1 uscms4354 cms     2748 Jul 12 08:18 Logger.py
-rw-------. 1 uscms4354 cms     3327 Aug  1 03:07 Logger.pyc
-rw-------. 1 uscms4354 cms    24524 Jul 12 08:18 ProcInfo.py
-rw-------. 1 uscms4354 cms    23101 Aug  1 03:07 ProcInfo.pyc
drwx------. 7 uscms4354 cms     4096 Aug  1 03:07 ProdCommon
drwx------. 3 uscms4354 cms     4096 Aug  1 03:06 WMCore
-rw-------. 1 uscms4354 cms     4953 Aug  1 04:44 Watchdog_41.log
-rwx------. 1 uscms4354 cms        0 Aug  1 03:06 _condor_stderr
-rwx---r--. 1 uscms4354 cms    27638 Aug  1 04:47 _condor_stdout
-rw-------. 1 uscms4354 cms    32895 Jul 12 08:18 apmon.py
-rw-------. 1 uscms4354 cms    28509 Aug  1 03:07 apmon.pyc
-rwx------. 1 uscms4354 cms   240046 Aug  1 03:06 arguments.xml
drwx------. 3 uscms4354 cms     4096 Aug  1 03:06 cms_U7UTRSPmmwdv
-rwx------. 1 uscms4354 cms    38524 Jul 12 08:18 cmscp.py
-rw-------. 1 uscms4354 cms      544 Aug  1 04:47 cmscpReport.sh
-rwx------. 1 uscms4354 cms    28576 Aug  1 03:06 condor_exec.exe
-rw-------. 1 uscms4354 cms      759 Aug  1 02:56 crab.cfg
-rwx------. 1 uscms4354 cms     8610 Jul 12 08:18 crabWatchdog.sh
-rwx---r--. 1 uscms4354 cms    70832 Aug  1 04:43 crab_fjr_41.xml
-rwx------. 1 uscms4354 cms 13818897 Aug  1 03:06 default.tgz
-rwx------. 1 uscms4354 cms     4488 Jul 12 08:18 fillCrabFjr.py
-rw-------. 1 uscms4354 cms     6043 Aug  1 03:07 inputsReport.txt
-rw-------. 1 uscms4354 cms      261 Aug  1 04:47 jobreport.txt
-rw-------. 1 uscms4354 cms    17352 Jul 12 08:18 parseCrabFjr.py
-rw-------. 1 uscms4354 cms      334 Aug  1 03:06 report.log
-rwx--x--x. 1 uscms4354 cms     1497 Jul 12 08:18 report.py
-rw-------. 1 uscms4354 cms      436 Aug  1 04:47 resultCopyFile
-rwx------. 1 uscms4354 cms     8351 Jul 12 08:18 writeCfg.py
-rw-------. 1 uscms4354 cms     8083 Aug  1 04:16 x509up_u41660
>>> Modify Job Report:
CMSSW_VERSION = CMSSW_7_1_0_pre8
/wntmp/condor/compute-22-31/execute/dir_25744/glide_gtspBL/execute/dir_4482/ProdCommon/FwkJobRep/ModifyJobReport.py fjr /wntmp/condor/compute-22-31/execute/dir_25744/glide_gtspBL/execute/dir_4482/crab_fjr_41.xml json /wntmp/condor/compute-22-31/execute/dir_25744/glide_gtspBL/execute/dir_4482/resultCopyFile n_job 41_1_hBx PrimaryDataset Neutrino_Pt-2to20_gun  ApplicationFamily cmsRun ApplicationName cmsRun cmssw_version CMSSW_7_1_0_pre8 psethash 951aa882d2ac167e3fe15038b4453880
inputDict =  {u'/wntmp/condor/compute-22-31/execute/dir_25744/glide_gtspBL/execute/dir_4482/cms_U7UTRSPmmwdv/CMSSW_7_1_0_pre8/L1SkimRun_41_1_hBx.root': {u'endpoint': u'srm://srm-eoscms.cern.ch:8443/srm/v2/server?SFN=/eos/cms/store/user/aelwood/140801_jJets_ngun_PU40bx25/', u'surl_for_grid': u'', u'reason': u'Copy succedeed with srm-lcg utils', u'erCode': u'0', u'se_name': u'srm-eoscms.cern.ch', u'for_lfn': u'/store/user/aelwood/140801_jJets_ngun_PU40bx25/'}}
UserProcessedDataset =  
file_name in inputDict =  /wntmp/condor/compute-22-31/execute/dir_25744/glide_gtspBL/execute/dir_4482/cms_U7UTRSPmmwdv/CMSSW_7_1_0_pre8/L1SkimRun_41_1_hBx.root
(size) os.stat(filename)[6] =  477580897
checksum =  355552888
    file =  L1SkimRun_41_1_hBx.root
    newPfn =  srm://srm-eoscms.cern.ch:8443/srm/v2/server?SFN=/eos/cms/store/user/aelwood/140801_jJets_ngun_PU40bx25/L1SkimRun_41_1_hBx.root
    newLfn =  /store/user/aelwood/140801_jJets_ngun_PU40bx25/L1SkimRun_41_1_hBx.root
>>> crab_fjr_*.xml  permission set to 0704
CrabWrapper EXIT_FUNC entered at Fri Aug  1 04:47:39 PDT 2014   -  Fri Aug  1 11:47:39 UTC 2014
Checking output files:  
will tar file crab_fjr_41.xml in  out_files_41
WARNING: output file CMSSW_41.stdout not found!
WARNING: output file CMSSW_41.stderr not found!
WARNING: output file Watchdog_41.log.gz not found!
>>> working dir = /wntmp/condor/compute-22-31/execute/dir_25744/glide_gtspBL/execute/dir_4482/cms_U7UTRSPmmwdv
>>> current directory (RUNTIME_AREA): /wntmp/condor/compute-22-31/execute/dir_25744/glide_gtspBL/execute/dir_4482
>>> Remove working directory: /wntmp/condor/compute-22-31/execute/dir_25744/glide_gtspBL/execute/dir_4482/cms_U7UTRSPmmwdv
/wntmp/condor/compute-22-31/execute/dir_25744/glide_gtspBL/execute/dir_4482/condor_exec.exe: line 140: symlinks: command not found
>>> padding time: Wrapper lasting more than 600 seconds. No sleep required.
STOPPING WATCHDOG. CrabWatchdog PID is 5933
********** LAST 50 LINES OF WATCHDOG LOG
 Aug 01 03:10:18 PDT	---	548136	793968	112	----	----	----
 Aug 01 03:11:19 PDT	6815	645624	886384	112	128	245	cmsRun -j /wntmp/condor/compute-22-31/execute/dir_25744/glide_gtspBL/execute/dir_4482/crab_fjr_41.xml -p pset.py      
 Aug 01 03:11:19 PDT	---	645624	886384	118	----	----	----
 Aug 01 03:12:20 PDT	6815	696972	962928	118	174	306	cmsRun -j /wntmp/condor/compute-22-31/execute/dir_25744/glide_gtspBL/execute/dir_4482/crab_fjr_41.xml -p pset.py      
 Aug 01 03:12:20 PDT	---	696972	962928	127	----	----	----
 Aug 01 03:13:21 PDT	---	696972	962928	139	----	----	----
 Aug 01 03:14:22 PDT	---	696972	962928	144	----	----	----
 Aug 01 03:15:23 PDT	6815	697136	962928	144	294	489	cmsRun -j /wntmp/condor/compute-22-31/execute/dir_25744/glide_gtspBL/execute/dir_4482/crab_fjr_41.xml -p pset.py      
 Aug 01 03:15:23 PDT	---	697136	962928	155	----	----	----
 Aug 01 03:16:24 PDT	6815	697580	962928	155	345	550	cmsRun -j /wntmp/condor/compute-22-31/execute/dir_25744/glide_gtspBL/execute/dir_4482/crab_fjr_41.xml -p pset.py      
 Aug 01 03:16:24 PDT	---	697580	962928	167	----	----	----
 Aug 01 03:17:25 PDT	---	697580	962928	179	----	----	----
 Aug 01 03:18:26 PDT	---	697580	962928	190	----	----	----
 Aug 01 03:19:27 PDT	---	697580	962928	202	----	----	----
 Aug 01 03:20:28 PDT	---	697580	962928	212	----	----	----
 Aug 01 03:21:29 PDT	---	697580	962928	224	----	----	----
 Aug 01 03:22:30 PDT	---	697580	962928	232	----	----	----
 Aug 01 03:23:31 PDT	---	697580	962928	237	----	----	----
 Aug 01 03:24:32 PDT	---	697580	962928	245	----	----	----
 Aug 01 03:25:33 PDT	---	697580	962928	255	----	----	----
 Aug 01 03:26:34 PDT	---	697580	962928	267	----	----	----
 Aug 01 03:27:35 PDT	---	697580	962928	278	----	----	----
# TIME			PID	RSS(KB)	VSZ(KB)	Dsk(MB)	tCPU(s)	tWALL(s)	COMMAND
 Aug 01 03:28:36 PDT	---	697580	962928	288	----	----	----
 Aug 01 03:29:38 PDT	---	697580	962928	300	----	----	----
 Aug 01 03:30:40 PDT	---	697580	962928	311	----	----	----
 Aug 01 03:31:41 PDT	---	697580	962928	321	----	----	----
 Aug 01 03:32:42 PDT	---	697580	962928	332	----	----	----
 Aug 01 03:33:43 PDT	---	697580	962928	341	----	----	----
 Aug 01 03:34:44 PDT	---	697580	962928	353	----	----	----
 Aug 01 03:35:46 PDT	---	697580	962928	363	----	----	----
 Aug 01 03:36:47 PDT	---	697580	962928	376	----	----	----
 Aug 01 03:37:48 PDT	---	697580	962928	388	----	----	----
 Aug 01 03:38:50 PDT	---	697580	962928	394	----	----	----
 Aug 01 04:28:50 PDT	---	697580	962928	399	----	----	----
 Aug 01 04:29:52 PDT	---	697580	962928	408	----	----	----
 Aug 01 04:30:55 PDT	---	697580	962928	417	----	----	----
 Aug 01 04:31:56 PDT	---	697580	962928	429	----	----	----
 Aug 01 04:32:58 PDT	---	697580	962928	440	----	----	----
 Aug 01 04:33:59 PDT	---	697580	962928	449	----	----	----
 Aug 01 04:35:01 PDT	---	697580	962928	461	----	----	----
 Aug 01 04:36:02 PDT	---	697580	962928	468	----	----	----
 Aug 01 04:37:04 PDT	---	697580	962928	478	----	----	----
 Aug 01 04:38:05 PDT	---	697580	962928	487	----	----	----
 Aug 01 04:39:07 PDT	---	697580	962928	497	----	----	----
 Aug 01 04:40:08 PDT	---	697580	962928	508	----	----	----
 Aug 01 04:41:10 PDT	---	697580	962928	518	----	----	----
 Aug 01 04:42:11 PDT	---	697580	962928	528	----	----	----
 Aug 01 04:43:13 PDT	---	697580	962928	540	----	----	----
 Aug 01 04:44:15 PDT	---	697580	962928	544	----	----	----
********** WATCHDOG LOG ENDED
ZIPPING WATCHDOG LOG
Disk space used:
du -sh /wntmp/condor/compute-22-31/execute/dir_25744/glide_gtspBL/execute/dir_4482
17M	/wntmp/condor/compute-22-31/execute/dir_25744/glide_gtspBL/execute/dir_4482
Found unusual stdout, rename for OSB
`/wntmp/condor/compute-22-31/execute/dir_25744/glide_gtspBL/execute/dir_4482/_condor_stdout' -> `CMSSW_41.stdout'
Found unusual stderr, rename for OSB
`/wntmp/condor/compute-22-31/execute/dir_25744/glide_gtspBL/execute/dir_4482/_condor_stdout' -> `CMSSW_41.stderr'
crab_fjr_41.xml
CMSSW_41.stdout
CMSSW_41.stderr
Watchdog_41.log.gz
Total Output dimension: 21147
WARNING: output files size limit is set to: 50000000
Total Output dimension 21147 is fine.
JOB_EXIT_STATUS = 0
>>> info for dashboard:
***** Cat /wntmp/condor/compute-22-31/execute/dir_25744/glide_gtspBL/execute/dir_4482/jobreport.txt *****
MonitorJobID=41_https://submit-4.t2.ucsd.edu//140801//331280.40
MonitorID=aelwood_140801_jJets_ngun_PU40bx25_1c84ps
ExeTime=5762
ExeExitCode=0
StageOutExitStatusReason = 'Copy succedeed with srm-lcg utils'
StageOutSE = srm-eoscms.cern.ch
StageOutExitStatus = 0
CrabUserCpuTime=2027.60
CrabSysCpuTime=34.92
CrabCpuPercentage=35%
CrabWrapperTime=6050
CrabStageoutTime=196
JobExitCode=0
***** End Cat jobreport *****
Parameters sent to Dashboard.
EXITING at Fri Aug  1 04:47:42 PDT 2014  -  Fri Aug  1 11:47:42 UTC 2014
