This script was generated by crab (version 2.10.6).
Running /wntmp/condor/compute-6-30/execute/dir_26219/glide_y7U0nM/execute/dir_14995/condor_exec.exe with 2 positional parameters: 15 1
Today is Fri Aug  1 03:02:53 PDT 2014 - Fri Aug  1 10:02:53 UTC 2014
Job submitted on host compute-6-30.tier2
Linux compute-6-30.tier2 2.6.32-431.3.1.el6.x86_64 #1 SMP Fri Jan 3 21:39:27 UTC 2014 x86_64 x86_64 x86_64 GNU/Linux
>>> current directory (RUNTIME_AREA): /wntmp/condor/compute-6-30/execute/dir_26219/glide_y7U0nM/execute/dir_14995
>>> current user: uid=20804(uscms4354) gid=504(cms) groups=504(cms),65032(glexec65032) context=unconfined_u:system_r:condor_startd_t:s0
>>> directory permission set to 0700
>>> umask set to:  u=rwx,g=,o=
>>> stdout stderr permission set to 0704
>>> voms proxy information:
subject   : /C=UK/O=eScience/OU=Imperial/L=Physics/CN=adam elwood/CN=1171778048/CN=398942421
issuer    : /C=UK/O=eScience/OU=Imperial/L=Physics/CN=adam elwood/CN=1171778048
identity  : /C=UK/O=eScience/OU=Imperial/L=Physics/CN=adam elwood/CN=1171778048
type      : RFC compliant proxy
strength  : 1024 bits
path      : /wntmp/condor/compute-6-30/execute/dir_26219/glide_y7U0nM/execute/dir_14995/x509up_u41660
timeleft  : 23:59:56
key usage : Digital Signature, Key Encipherment, Key Agreement
=== VO cms extension information ===
VO        : cms
subject   : /C=UK/O=eScience/OU=Imperial/L=Physics/CN=adam elwood
issuer    : /DC=ch/DC=cern/OU=computers/CN=lcg-voms.cern.ch
attribute : /cms/Role=NULL/Capability=NULL
timeleft  : 191:50:23
uri       : lcg-voms.cern.ch:15002
WNHostName=compute-6-30.tier2
>>> tar --no-same-permissions -xf /wntmp/condor/compute-6-30/execute/dir_26219/glide_y7U0nM/execute/dir_14995/default.tgz :
Successful untar
>>> Include /wntmp/condor/compute-6-30/execute/dir_26219/glide_y7U0nM/execute/dir_14995 in PYTHONPATH:
strip arguments
env var CRAB_UNIQUE_JOB_ID set to: aelwood_140801_jJets_ngun_PU40bx25_1c84ps_15_1_jBS
out_files_15
>>> list of expected files on output sandbox
output files: crab_fjr_15.xml CMSSW_15.stdout CMSSW_15.stderr Watchdog_15.log.gz
>>> GridFlavour discovery: 
source OSG GRID setup script
GridFlavour=OSG
>>> SyncSite discovery: 
SyncSite=T2_US_Caltech
>>> SyncCE discovery: 
getting SyncCE from OSG_JOB_CONTACT
SyncCE=itb-ce.ultralight.org/jobmanager-condor
>>> info for dashboard:
***** Cat /wntmp/condor/compute-6-30/execute/dir_26219/glide_y7U0nM/execute/dir_14995/jobreport.txt *****
WNHostName=compute-6-30.tier2
MonitorJobID=15_https://submit-4.t2.ucsd.edu//140801//331280.14
SyncGridJobId=https://submit-4.t2.ucsd.edu//140801//331280.14
MonitorID=aelwood_140801_jJets_ngun_PU40bx25_1c84ps
GridFlavour=OSG
SyncSite=T2_US_Caltech
SyncCE=itb-ce.ultralight.org/jobmanager-condor
***** End Cat jobreport *****
Parameters sent to Dashboard.
>>> setup environment
set SCRAM ARCH to slc6_amd64_gcc481
SCRAM_ARCH = slc6_amd64_gcc481
>>> Created working directory: /wntmp/condor/compute-6-30/execute/dir_26219/glide_y7U0nM/execute/dir_14995/cms_N55q12wEHDSA
Change to working directory: /wntmp/condor/compute-6-30/execute/dir_26219/glide_y7U0nM/execute/dir_14995/cms_N55q12wEHDSA
>>> current directory (WORKING_DIR): /wntmp/condor/compute-6-30/execute/dir_26219/glide_y7U0nM/execute/dir_14995/cms_N55q12wEHDSA
>>> setup CMS OSG environment:
set SCRAM ARCH to slc6_amd64_gcc481
SCRAM_ARCH = slc6_amd64_gcc481
OSG_APP is /raid1/osg-app
sourcing /raid1/osg-app/cmssoft/cms/cmsset_default.sh ...
==> setup cms environment ok
SCRAM_ARCH = slc6_amd64_gcc481
>>> specific cmssw setup environment:
CMSSW_VERSION =  CMSSW_7_1_0_pre8
>>> current directory (SOFTWARE_DIR): /wntmp/condor/compute-6-30/execute/dir_26219/glide_y7U0nM/execute/dir_14995/cms_N55q12wEHDSA/CMSSW_7_1_0_pre8
PreserveSeeds: <>
IncrementSeeds:<>
>>> info for dashboard:
***** Cat /wntmp/condor/compute-6-30/execute/dir_26219/glide_y7U0nM/execute/dir_14995/jobreport.txt *****
MonitorJobID=15_https://submit-4.t2.ucsd.edu//140801//331280.14
MonitorID=aelwood_140801_jJets_ngun_PU40bx25_1c84ps
***** End Cat jobreport *****
Parameters sent to Dashboard.
crabWatchdog started as process 16777
>>> moving CMSSW software directories in /wntmp/condor/compute-6-30/execute/dir_26219/glide_y7U0nM/execute/dir_14995/cms_N55q12wEHDSA/CMSSW_7_1_0_pre8
mv: cannot stat `/wntmp/condor/compute-6-30/execute/dir_26219/glide_y7U0nM/execute/dir_14995/module/': No such file or directory
>>> Include /wntmp/condor/compute-6-30/execute/dir_26219/glide_y7U0nM/execute/dir_14995 in PYTHONPATH:
PYTHONPATH=/wntmp/condor/compute-6-30/execute/dir_26219/glide_y7U0nM/execute/dir_14995/:/wntmp/condor/compute-6-30/execute/dir_26219/glide_y7U0nM/execute/dir_14995/cms_N55q12wEHDSA/CMSSW_7_1_0_pre8/python:/wntmp/condor/compute-6-30/execute/dir_26219/glide_y7U0nM/execute/dir_14995/cms_N55q12wEHDSA/CMSSW_7_1_0_pre8/lib/slc6_amd64_gcc481:/cvmfs/cms.cern.ch/slc6_amd64_gcc481/cms/cmssw/CMSSW_7_1_0_pre8/python:/cvmfs/cms.cern.ch/slc6_amd64_gcc481/cms/cmssw/CMSSW_7_1_0_pre8/lib/slc6_amd64_gcc481:/cvmfs/cms.cern.ch/slc6_amd64_gcc481/cms/coral/CORAL_2_3_21-cms20/slc6_amd64_gcc481/python:/cvmfs/cms.cern.ch/slc6_amd64_gcc481/cms/coral/CORAL_2_3_21-cms20/slc6_amd64_gcc481/lib:/cvmfs/cms.cern.ch/slc6_amd64_gcc481/external/pyqt/4.8.1-cms/lib/python2.7/site-packages:/cvmfs/cms.cern.ch/slc6_amd64_gcc481/external/py2-scipy/0.8.0-cms/lib/python2.7/site-packages:/cvmfs/cms.cern.ch/slc6_amd64_gcc481/external/py2-matplotlib/1.2.1-cms/lib/python2.7/site-packages:/cvmfs/cms.cern.ch/slc6_amd64_gcc481/external/yoda/1.0.4/lib/python2.7/site-packages:/cvmfs/cms.cern.ch/slc6_amd64_gcc481/external/python-ldap/2.4.10-cms/lib/python2.7/site-packages:/cvmfs/cms.cern.ch/slc6_amd64_gcc481/external/sip/4.11.2-cms/lib/python2.7/site-packages:/cvmfs/cms.cern.ch/slc6_amd64_gcc481/external/llvm/3.4/lib/python2.7/site-packages:/cvmfs/cms.cern.ch/slc6_amd64_gcc481/external/py2-sqlalchemy/0.8.2-cms2/lib/python2.7/site-packages:/cvmfs/cms.cern.ch/slc6_amd64_gcc481/external/py2-pycurl/7.19.0-cms/lib/python2.7/site-packages:/cvmfs/cms.cern.ch/slc6_amd64_gcc481/external/py2-python-dateutil/1.1-cms/lib/python2.7/site-packages:/cvmfs/cms.cern.ch/slc6_amd64_gcc481/external/py2-numpy/1.6.1-cms/lib/python2.7/site-packages:/cvmfs/cms.cern.ch/slc6_amd64_gcc481/external/py2-lint/0.25.1-cms/lib/python2.7/site-packages:/cvmfs/cms.cern.ch/slc6_amd64_gcc481/external/py2-ipython/0.10-cms/lib/python2.7/site-packages:/cvmfs/cms.cern.ch/slc6_amd64_gcc481/external/py2-cx-oracle/5.1-cms2/lib/python2.7/site-packages:/cvmfs/cms.cern.ch/slc6_amd64_gcc481/external/py2-cjson/1.0.5-cms/lib/python2.7/site-packages:/cvmfs/cms.cern.ch/slc6_amd64_gcc481/external/frontier_client/2.8.10/python/lib:/cvmfs/cms.cern.ch/slc6_amd64_gcc481/cms/das-client/2.5.0/bin:/cvmfs/cms.cern.ch/slc6_amd64_gcc481/external/cython/0.19.1/lib/python2.7/site-packages:/cvmfs/cms.cern.ch/slc6_amd64_gcc481/external/rivet/1.8.2-cms4/lib/python2.7/site-packages:/cvmfs/cms.cern.ch/slc6_amd64_gcc481/external/pyminuit2/0.0.1-cms13/lib/python2.7/site-packages:/cvmfs/cms.cern.ch/slc6_amd64_gcc481/external/py2-pygithub/1.23.0/lib/python2.7/site-packages:/cvmfs/cms.cern.ch/slc6_amd64_gcc481/external/py2-networkx/1.8.1/lib/python2.7/site-packages:/cvmfs/cms.cern.ch/slc6_amd64_gcc481/external/professor/1.0.0-cms13/lib/python2.7/site-packages:/cvmfs/cms.cern.ch/slc6_amd64_gcc481/lcg/root/5.34.18/lib:/cvmfs/cms.cern.ch/slc6_amd64_gcc481/cms/dbs-client/DBS_2_1_9-cms/lib:/cvmfs/cms.cern.ch/slc6_amd64_gcc481/cms/dbs-client/DBS_2_1_9-cms/lib/DBSAPI:/cvmfs/cms.cern.ch/slc6_amd64_gcc481/external/cvs2git/5419-cms/lib:/wntmp/condor/compute-6-30/execute/dir_26219/glide_y7U0nM/execute/dir_14995/
 
# LIMITS USED BY CRAB WATCHDOG:
# RSS  (KBytes)   : 2300000
# VSZ  (KBytes)   : 100000000
# DISK (MBytes)   : 19000
# CPU TIME        : 720h:0m:0s
# WALL CLOCK TIME : 21h:50m:0s
 
951aa882d2ac167e3fe15038b4453880
PSETHASH = 951aa882d2ac167e3fe15038b4453880
/wntmp/condor/compute-6-30/execute/dir_26219/glide_y7U0nM/execute/dir_14995/writeCfg.py pset.py pset.py
Importing .py file
Setting parameters
RandomNumberGeneratorService found, will attempt to change seeds
inputBlocks=/Neutrino_Pt-2to20_gun/Fall13dr-tsg_PU40bx25_POSTLS162_V2-v1/GEN-SIM-RAW#09b9f490-7aa3-11e3-b1c2-003048f02d38
inputFiles=/store/mc/Fall13dr/Neutrino_Pt-2to20_gun/GEN-SIM-RAW/tsg_PU40bx25_POSTLS162_V2-v1/00002/AA47BCDD-FF7A-E311-8E3A-0025905A48D0.root;/store/mc/Fall13dr/Neutrino_Pt-2to20_gun/GEN-SIM-RAW/tsg_PU40bx25_POSTLS162_V2-v1/00002/D003FDD8-FF7A-E311-A70C-0025905A60E4.root;/store/mc/Fall13dr/Neutrino_Pt-2to20_gun/GEN-SIM-RAW/tsg_PU40bx25_POSTLS162_V2-v1/00002/143488CA-FF7A-E311-857E-0025905A497A.root;/store/mc/Fall13dr/Neutrino_Pt-2to20_gun/GEN-SIM-RAW/tsg_PU40bx25_POSTLS162_V2-v1/00002/2C48F0B8-FF7A-E311-B1C1-0025905A60F8.root;/store/mc/Fall13dr/Neutrino_Pt-2to20_gun/GEN-SIM-RAW/tsg_PU40bx25_POSTLS162_V2-v1/00002/02D7C4A7-FF7A-E311-A66D-0025905A48B2.root;/store/mc/Fall13dr/Neutrino_Pt-2to20_gun/GEN-SIM-RAW/tsg_PU40bx25_POSTLS162_V2-v1/00002/E8A83CE5-007B-E311-A0C3-0025905A6134.root
parentFiles=/store/mc/Fall13/Neutrino_Pt-2to20_gun/GEN-SIM/POSTLS162_V1-v4/10000/DEB470F4-AA68-E311-A5EC-90B11C1DBFB4.root;/store/mc/Fall13/Neutrino_Pt-2to20_gun/GEN-SIM/POSTLS162_V1-v4/10000/DEB470F4-AA68-E311-A5EC-90B11C1DBFB4.root;/store/mc/Fall13/Neutrino_Pt-2to20_gun/GEN-SIM/POSTLS162_V1-v4/10000/58156EF4-AA68-E311-A5B1-90B11C1DBFB4.root;/store/mc/Fall13/Neutrino_Pt-2to20_gun/GEN-SIM/POSTLS162_V1-v4/10000/58156EF4-AA68-E311-A5B1-90B11C1DBFB4.root;/store/mc/Fall13/Neutrino_Pt-2to20_gun/GEN-SIM/POSTLS162_V1-v4/10000/58156EF4-AA68-E311-A5B1-90B11C1DBFB4.root;/store/mc/Fall13/Neutrino_Pt-2to20_gun/GEN-SIM/POSTLS162_V1-v4/10000/B691D500-AD68-E311-A250-003048F5B6A9.root;/store/mc/Fall13/Neutrino_Pt-2to20_gun/GEN-SIM/POSTLS162_V1-v4/10000/DEB470F4-AA68-E311-A5EC-90B11C1DBFB4.root;/store/mc/Fall13/Neutrino_Pt-2to20_gun/GEN-SIM/POSTLS162_V1-v4/10000/5E069FF4-AA68-E311-8232-90B11C1DBFB4.root
lumisRange=
>>> Executable cmsRun
/cvmfs/cms.cern.ch/slc6_amd64_gcc481/cms/cmssw/CMSSW_7_1_0_pre8/bin/slc6_amd64_gcc481/cmsRun
ok executable found
>>> info for dashboard:
***** Cat /wntmp/condor/compute-6-30/execute/dir_26219/glide_y7U0nM/execute/dir_14995/jobreport.txt *****
MonitorJobID=15_https://submit-4.t2.ucsd.edu//140801//331280.14
MonitorID=aelwood_140801_jJets_ngun_PU40bx25_1c84ps
ExeStart=cmsRun
***** End Cat jobreport *****
Parameters sent to Dashboard.
>>> cmsRun started at Fri Aug  1 10:03:28 UTC 2014
>>> cmsRun ended at Fri Aug  1 12:05:07 UTC 2014
>>> crab_fjr_*.xml  permission set to 0704
>>> info for dashboard:
***** Cat /wntmp/condor/compute-6-30/execute/dir_26219/glide_y7U0nM/execute/dir_14995/jobreport.txt *****
MonitorJobID=15_https://submit-4.t2.ucsd.edu//140801//331280.14
MonitorID=aelwood_140801_jJets_ngun_PU40bx25_1c84ps
ExeEnd=cmsRun
***** End Cat jobreport *****
Parameters sent to Dashboard.
TIME_EXE = 7299 sec
>>> cmsRun wrote 86 lines of stdout+stderr
>>> START OF printout of 86 lines from stdout+stderr
==> using COND/Services/RelationalAuthenticationService for auth, sys 1
==> using COND/Services/RelationalAuthenticationService for auth, sys 1
01-Aug-2014 03:04:05 PDT  Initiating request to open file /mnt/hadoop/store/mc/Fall13dr/Neutrino_Pt-2to20_gun/GEN-SIM-RAW/tsg_PU40bx25_POSTLS162_V2-v1/00002/AA47BCDD-FF7A-E311-8E3A-0025905A48D0.root
01-Aug-2014 03:04:05 PDT  Fallback request to file root://cmsxrootd.fnal.gov//store/mc/Fall13dr/Neutrino_Pt-2to20_gun/GEN-SIM-RAW/tsg_PU40bx25_POSTLS162_V2-v1/00002/AA47BCDD-FF7A-E311-8E3A-0025905A48D0.root
01-Aug-2014 03:04:09 PDT  Successfully opened file root://cmsxrootd.fnal.gov//store/mc/Fall13dr/Neutrino_Pt-2to20_gun/GEN-SIM-RAW/tsg_PU40bx25_POSTLS162_V2-v1/00002/AA47BCDD-FF7A-E311-8E3A-0025905A48D0.root
01-Aug-2014 03:04:11 PDT  Initiating request to open file /mnt/hadoop/store/mc/Fall13/Neutrino_Pt-2to20_gun/GEN-SIM/POSTLS162_V1-v4/10000/DEB470F4-AA68-E311-A5EC-90B11C1DBFB4.root
01-Aug-2014 03:04:11 PDT  Fallback request to file root://cmsxrootd.fnal.gov//store/mc/Fall13/Neutrino_Pt-2to20_gun/GEN-SIM/POSTLS162_V1-v4/10000/DEB470F4-AA68-E311-A5EC-90B11C1DBFB4.root
140801 03:04:13 17741 Xrd: CheckErrorStatus: Server [cmssrmdisk.fnal.gov:1095] declared: Request 3018 not supported(error code: 3013)
01-Aug-2014 03:04:14 PDT  Successfully opened file root://cmsxrootd.fnal.gov//store/mc/Fall13/Neutrino_Pt-2to20_gun/GEN-SIM/POSTLS162_V1-v4/10000/DEB470F4-AA68-E311-A5EC-90B11C1DBFB4.root
01-Aug-2014 03:04:23 PDT  Closed file root://cmsxrootd.fnal.gov//store/mc/Fall13/Neutrino_Pt-2to20_gun/GEN-SIM/POSTLS162_V1-v4/10000/DEB470F4-AA68-E311-A5EC-90B11C1DBFB4.root
Stage1Layer2Producer -- Running pp implementation


----------------------------------------
Begin: L1CaloTowerProducer
----------------------------------------

140801 03:09:36 22984 Xrd: XrdClientMessage::ReadRaw: Failed to read header (8 bytes).
140801 03:09:36 23037 Xrd: XrdClientMessage::ReadRaw: Failed to read header (8 bytes).
140801 03:24:36 22992 Xrd: XrdClientMessage::ReadRaw: Failed to read header (8 bytes).
140801 03:24:36 22793 Xrd: XrdClientMessage::ReadRaw: Failed to read header (8 bytes).
140801 03:24:37 22964 Xrd: XrdClientMessage::ReadRaw: Failed to read header (8 bytes).
140801 03:35:14 22810 Xrd: XrdClientMessage::ReadRaw: Failed to read header (8 bytes).
140801 03:36:18 17741 Xrd: ReadPartialAnswer: Failed to read msg from connmgr (server [gridftp9.ultralight.org:1096]). Retrying ...
140801 03:36:18 17741 Xrd: CheckErrorStatus: Server [gridftp9.ultralight.org:1096] declared: session not found(error code: 3011)
140801 03:45:59 17741 Xrd: ReadPartialAnswer: Failed to read msg from connmgr (server [gridftp2.ultralight.org:1096]). Retrying ...
140801 03:46:00 25516 Xrd: XrdClientMessage::ReadRaw: Failed to read header (8 bytes).
01-Aug-2014 03:49:39 PDT  Closed file root://cmsxrootd.fnal.gov//store/mc/Fall13dr/Neutrino_Pt-2to20_gun/GEN-SIM-RAW/tsg_PU40bx25_POSTLS162_V2-v1/00002/AA47BCDD-FF7A-E311-8E3A-0025905A48D0.root
01-Aug-2014 03:49:39 PDT  Initiating request to open file /mnt/hadoop/store/mc/Fall13dr/Neutrino_Pt-2to20_gun/GEN-SIM-RAW/tsg_PU40bx25_POSTLS162_V2-v1/00002/D003FDD8-FF7A-E311-A70C-0025905A60E4.root
01-Aug-2014 03:49:39 PDT  Fallback request to file root://cmsxrootd.fnal.gov//store/mc/Fall13dr/Neutrino_Pt-2to20_gun/GEN-SIM-RAW/tsg_PU40bx25_POSTLS162_V2-v1/00002/D003FDD8-FF7A-E311-A70C-0025905A60E4.root
01-Aug-2014 03:49:40 PDT  Successfully opened file root://cmsxrootd.fnal.gov//store/mc/Fall13dr/Neutrino_Pt-2to20_gun/GEN-SIM-RAW/tsg_PU40bx25_POSTLS162_V2-v1/00002/D003FDD8-FF7A-E311-A70C-0025905A60E4.root
140801 03:55:06 24163 Xrd: XrdClientMessage::ReadRaw: Failed to read header (8 bytes).
140801 04:01:10 18947 Xrd: XrdClientMessage::ReadRaw: Failed to read header (8 bytes).
140801 04:01:12 17741 Xrd: WriteToServer: Error sending 24 bytes in the header part to server [gridftp2.ultralight.org:1097].
01-Aug-2014 04:03:40 PDT  Closed file root://cmsxrootd.fnal.gov//store/mc/Fall13dr/Neutrino_Pt-2to20_gun/GEN-SIM-RAW/tsg_PU40bx25_POSTLS162_V2-v1/00002/D003FDD8-FF7A-E311-A70C-0025905A60E4.root
01-Aug-2014 04:03:40 PDT  Initiating request to open file /mnt/hadoop/store/mc/Fall13dr/Neutrino_Pt-2to20_gun/GEN-SIM-RAW/tsg_PU40bx25_POSTLS162_V2-v1/00002/143488CA-FF7A-E311-857E-0025905A497A.root
01-Aug-2014 04:03:40 PDT  Fallback request to file root://cmsxrootd.fnal.gov//store/mc/Fall13dr/Neutrino_Pt-2to20_gun/GEN-SIM-RAW/tsg_PU40bx25_POSTLS162_V2-v1/00002/143488CA-FF7A-E311-857E-0025905A497A.root
01-Aug-2014 04:03:42 PDT  Successfully opened file root://cmsxrootd.fnal.gov//store/mc/Fall13dr/Neutrino_Pt-2to20_gun/GEN-SIM-RAW/tsg_PU40bx25_POSTLS162_V2-v1/00002/143488CA-FF7A-E311-857E-0025905A497A.root
140801 04:09:06 29398 Xrd: XrdClientMessage::ReadRaw: Failed to read header (8 bytes).
01-Aug-2014 04:20:04 PDT  Closed file root://cmsxrootd.fnal.gov//store/mc/Fall13dr/Neutrino_Pt-2to20_gun/GEN-SIM-RAW/tsg_PU40bx25_POSTLS162_V2-v1/00002/143488CA-FF7A-E311-857E-0025905A497A.root
01-Aug-2014 04:20:04 PDT  Initiating request to open file /mnt/hadoop/store/mc/Fall13dr/Neutrino_Pt-2to20_gun/GEN-SIM-RAW/tsg_PU40bx25_POSTLS162_V2-v1/00002/2C48F0B8-FF7A-E311-B1C1-0025905A60F8.root
01-Aug-2014 04:20:04 PDT  Fallback request to file root://cmsxrootd.fnal.gov//store/mc/Fall13dr/Neutrino_Pt-2to20_gun/GEN-SIM-RAW/tsg_PU40bx25_POSTLS162_V2-v1/00002/2C48F0B8-FF7A-E311-B1C1-0025905A60F8.root
140801 04:20:04 14865 Xrd: CheckErrorStatus: Server [cmsxrootd1.fnal.gov:1094] declared: session not found(error code: 3011)
01-Aug-2014 04:20:04 PDT  Successfully opened file root://cmsxrootd.fnal.gov//store/mc/Fall13dr/Neutrino_Pt-2to20_gun/GEN-SIM-RAW/tsg_PU40bx25_POSTLS162_V2-v1/00002/2C48F0B8-FF7A-E311-B1C1-0025905A60F8.root
140801 04:24:06 12957 Xrd: XrdClientMessage::ReadRaw: Failed to read header (8 bytes).
140801 04:25:06 12963 Xrd: XrdClientMessage::ReadRaw: Failed to read header (8 bytes).
140801 04:40:07 25506 Xrd: XrdClientMessage::ReadRaw: Failed to read header (8 bytes).
140801 04:40:19 17741 Xrd: ReadPartialAnswer: Failed to read msg from connmgr (server [gridftp9.ultralight.org:1096]). Retrying ...
140801 04:40:19 14872 Xrd: XrdClientMessage::ReadRaw: Failed to read header (8 bytes).
140801 04:40:19 17741 Xrd: CheckErrorStatus: Server [gridftp9.ultralight.org:1096] declared: session not found(error code: 3011)
01-Aug-2014 04:42:27 PDT  Closed file root://cmsxrootd.fnal.gov//store/mc/Fall13dr/Neutrino_Pt-2to20_gun/GEN-SIM-RAW/tsg_PU40bx25_POSTLS162_V2-v1/00002/2C48F0B8-FF7A-E311-B1C1-0025905A60F8.root
01-Aug-2014 04:42:27 PDT  Initiating request to open file /mnt/hadoop/store/mc/Fall13dr/Neutrino_Pt-2to20_gun/GEN-SIM-RAW/tsg_PU40bx25_POSTLS162_V2-v1/00002/02D7C4A7-FF7A-E311-A66D-0025905A48B2.root
01-Aug-2014 04:42:27 PDT  Fallback request to file root://cmsxrootd.fnal.gov//store/mc/Fall13dr/Neutrino_Pt-2to20_gun/GEN-SIM-RAW/tsg_PU40bx25_POSTLS162_V2-v1/00002/02D7C4A7-FF7A-E311-A66D-0025905A48B2.root
140801 04:42:27 17741 Xrd: CheckErrorStatus: Server [cmsxrootd.fnal.gov] declared: session not found(error code: 3011)
140801 04:42:28 20524 Xrd: CheckErrorStatus: Server [xrootd.unl.edu:1094] declared: session not found(error code: 3011)
01-Aug-2014 04:42:28 PDT  Successfully opened file root://cmsxrootd.fnal.gov//store/mc/Fall13dr/Neutrino_Pt-2to20_gun/GEN-SIM-RAW/tsg_PU40bx25_POSTLS162_V2-v1/00002/02D7C4A7-FF7A-E311-A66D-0025905A48B2.root
140801 04:47:37 7725 Xrd: XrdClientMessage::ReadRaw: Failed to read header (8 bytes).
01-Aug-2014 04:57:22 PDT  Closed file root://cmsxrootd.fnal.gov//store/mc/Fall13dr/Neutrino_Pt-2to20_gun/GEN-SIM-RAW/tsg_PU40bx25_POSTLS162_V2-v1/00002/02D7C4A7-FF7A-E311-A66D-0025905A48B2.root
01-Aug-2014 04:57:22 PDT  Initiating request to open file /mnt/hadoop/store/mc/Fall13dr/Neutrino_Pt-2to20_gun/GEN-SIM-RAW/tsg_PU40bx25_POSTLS162_V2-v1/00002/E8A83CE5-007B-E311-A0C3-0025905A6134.root
01-Aug-2014 04:57:22 PDT  Fallback request to file root://cmsxrootd.fnal.gov//store/mc/Fall13dr/Neutrino_Pt-2to20_gun/GEN-SIM-RAW/tsg_PU40bx25_POSTLS162_V2-v1/00002/E8A83CE5-007B-E311-A0C3-0025905A6134.root
01-Aug-2014 04:57:23 PDT  Successfully opened file root://cmsxrootd.fnal.gov//store/mc/Fall13dr/Neutrino_Pt-2to20_gun/GEN-SIM-RAW/tsg_PU40bx25_POSTLS162_V2-v1/00002/E8A83CE5-007B-E311-A0C3-0025905A6134.root
140801 05:01:09 20538 Xrd: XrdClientMessage::ReadRaw: Failed to read header (8 bytes).
140801 05:01:10 12272 Xrd: XrdClientMessage::ReadRaw: Failed to read header (8 bytes).
140801 05:01:11 17741 Xrd: WriteToServer: Error sending 24 bytes in the header part to server [gridftp2.ultralight.org:1097].
140801 05:02:37 20519 Xrd: XrdClientMessage::ReadRaw: Failed to read header (8 bytes).
01-Aug-2014 05:04:54 PDT  Closed file root://cmsxrootd.fnal.gov//store/mc/Fall13dr/Neutrino_Pt-2to20_gun/GEN-SIM-RAW/tsg_PU40bx25_POSTLS162_V2-v1/00002/E8A83CE5-007B-E311-A0C3-0025905A6134.root

=============================================

MessageLogger Summary

 type     category        sev    module        subroutine        count    total
 ---- -------------------- -- ---------------- ----------------  -----    -----
    1 fileAction           -s AfterFile                              4        4
    2 fileAction           -s file_close                             6        6
    3 fileAction           -s file_open                             18       18

 type    category    Examples: run/evt        run/evt          run/evt
 ---- -------------------- ---------------- ---------------- ----------------
    1 fileAction           pre-events       pre-events       pre-events
    2 fileAction           PostProcessEvent PostProcessEvent PostEndRun
    3 fileAction           pre-events       pre-events       PostProcessEvent

Severity    # Occurrences   Total Occurrences
--------    -------------   -----------------
System                 28                  28
>>> END OF printout of 86 lines from stdout+stderr
>>> Parse FrameworkJobReport crab_fjr.xml
Result of parsing the FrameworkJobReport crab_fjr.xml: 
Extracted ExitStatus from FrameworkJobReport parsing output: 0
>>> Executable succeded  0
ExeExitCode=0
EXECUTABLE_EXIT_STATUS = 0
>>> current directory /wntmp/condor/compute-6-30/execute/dir_26219/glide_y7U0nM/execute/dir_14995/cms_N55q12wEHDSA/CMSSW_7_1_0_pre8
>>>  (SOFTWARE_DIR): /wntmp/condor/compute-6-30/execute/dir_26219/glide_y7U0nM/execute/dir_14995/cms_N55q12wEHDSA/CMSSW_7_1_0_pre8
>>> (WORKING_DIR): /wntmp/condor/compute-6-30/execute/dir_26219/glide_y7U0nM/execute/dir_14995/cms_N55q12wEHDSA
>>> current directory content:
total 468632
drwxr-xr-x. 3 uscms4354 cms      4096 Aug  1 03:02 .SCRAM
-rw-------. 1 uscms4354 cms    916533 Aug  1 03:02 CMSSW.py.pkl
-rw-------. 1 uscms4354 cms 477952964 Aug  1 05:04 L1SkimRun.root
drwxr-xr-x. 3 uscms4354 cms      4096 Aug  1 03:02 bin
drwxr-xr-x. 3 uscms4354 cms      4096 Aug  1 03:02 cfipython
drwxr-xr-x. 4 uscms4354 cms      4096 Aug  1 03:02 config
-rw-------. 1 uscms4354 cms        18 Aug  1 05:05 cpu_timing.txt
drwxr-xr-x. 2 uscms4354 cms      4096 Aug  1 03:02 doc
-rw-------. 1 uscms4354 cms      9830 Aug  1 05:04 executable.out
drwxr-xr-x. 2 uscms4354 cms      4096 Aug  1 03:02 include
drwx------. 3 uscms4354 cms      4096 Aug  1 00:37 lib
drwxr-xr-x. 3 uscms4354 cms      4096 Aug  1 03:02 logs
drwxr-xr-x. 3 uscms4354 cms      4096 Aug  1 03:02 objs
-rw-------. 1 uscms4354 cms       104 Aug  1 03:03 pset.py
-rw-------. 1 uscms4354 cms    919975 Aug  1 03:03 pset.py.pkl
-rw-------. 1 uscms4354 cms       289 Aug  1 03:03 pset.pyc
drwxr-xr-x. 2 uscms4354 cms      4096 Aug  1 03:02 python
-rw-------. 1 uscms4354 cms       419 Aug  1 05:05 report.log
drwx------. 5 uscms4354 cms      4096 Aug  1 03:02 src
drwxr-xr-x. 3 uscms4354 cms      4096 Aug  1 03:02 test
drwxr-xr-x. 3 uscms4354 cms      4096 Aug  1 03:02 tmp
>>> current directory /wntmp/condor/compute-6-30/execute/dir_26219/glide_y7U0nM/execute/dir_14995/cms_N55q12wEHDSA/CMSSW_7_1_0_pre8
>>> (SOFTWARE_DIR): /wntmp/condor/compute-6-30/execute/dir_26219/glide_y7U0nM/execute/dir_14995/cms_N55q12wEHDSA/CMSSW_7_1_0_pre8
>>> (WORKING_DIR): /wntmp/condor/compute-6-30/execute/dir_26219/glide_y7U0nM/execute/dir_14995/cms_N55q12wEHDSA
>>> current directory content:
total 468632
drwxr-xr-x. 3 uscms4354 cms      4096 Aug  1 03:02 .SCRAM
-rw-------. 1 uscms4354 cms    916533 Aug  1 03:02 CMSSW.py.pkl
-rw-------. 1 uscms4354 cms 477952964 Aug  1 05:04 L1SkimRun_15_1_jBS.root
drwxr-xr-x. 3 uscms4354 cms      4096 Aug  1 03:02 bin
drwxr-xr-x. 3 uscms4354 cms      4096 Aug  1 03:02 cfipython
drwxr-xr-x. 4 uscms4354 cms      4096 Aug  1 03:02 config
-rw-------. 1 uscms4354 cms        18 Aug  1 05:05 cpu_timing.txt
drwxr-xr-x. 2 uscms4354 cms      4096 Aug  1 03:02 doc
-rw-------. 1 uscms4354 cms      9830 Aug  1 05:04 executable.out
drwxr-xr-x. 2 uscms4354 cms      4096 Aug  1 03:02 include
drwx------. 3 uscms4354 cms      4096 Aug  1 00:37 lib
drwxr-xr-x. 3 uscms4354 cms      4096 Aug  1 03:02 logs
drwxr-xr-x. 3 uscms4354 cms      4096 Aug  1 03:02 objs
-rw-------. 1 uscms4354 cms       104 Aug  1 03:03 pset.py
-rw-------. 1 uscms4354 cms    919975 Aug  1 03:03 pset.py.pkl
-rw-------. 1 uscms4354 cms       289 Aug  1 03:03 pset.pyc
drwxr-xr-x. 2 uscms4354 cms      4096 Aug  1 03:02 python
-rw-------. 1 uscms4354 cms       419 Aug  1 05:05 report.log
drwx------. 5 uscms4354 cms      4096 Aug  1 03:02 src
drwxr-xr-x. 3 uscms4354 cms      4096 Aug  1 03:02 test
drwxr-xr-x. 3 uscms4354 cms      4096 Aug  1 03:02 tmp
>>> current directory (RUNTIME_AREA):  /wntmp/condor/compute-6-30/execute/dir_26219/glide_y7U0nM/execute/dir_14995
SE = srm-eoscms.cern.ch
SE_PATH = /srm/v2/server?SFN=/eos/cms/store/user/aelwood/140801_jJets_ngun_PU40bx25/
LFNBaseName = /store/user/aelwood/140801_jJets_ngun_PU40bx25/
USER = aelwood
endpoint = srm://srm-eoscms.cern.ch:8443/srm/v2/server?SFN=/eos/cms/store/user/aelwood/140801_jJets_ngun_PU40bx25/
>>> Copy output files from WN = compute-6-30.tier2 to /srm/v2/server?SFN=/eos/cms/store/user/aelwood/140801_jJets_ngun_PU40bx25/ :
python cmscp.py  --destination srm://srm-eoscms.cern.ch:8443/srm/v2/server?SFN=/eos/cms/store/user/aelwood/140801_jJets_ngun_PU40bx25/ --inputFileList /wntmp/condor/compute-6-30/execute/dir_26219/glide_y7U0nM/execute/dir_14995/cms_N55q12wEHDSA/CMSSW_7_1_0_pre8/L1SkimRun_15_1_jBS.root --middleware OSG --se_name srm-eoscms.cern.ch --for_lfn /store/user/aelwood/140801_jJets_ngun_PU40bx25/    
******************************************************
localSeName  =  cit-se.ultralight.org
remoteSeName =  srm-eoscms.cern.ch
******************************************************
{"/wntmp/condor/compute-6-30/execute/dir_26219/glide_y7U0nM/execute/dir_14995/cms_N55q12wEHDSA/CMSSW_7_1_0_pre8/L1SkimRun_15_1_jBS.root": {"endpoint": "srm://srm-eoscms.cern.ch:8443/srm/v2/server?SFN=/eos/cms/store/user/aelwood/140801_jJets_ngun_PU40bx25/", "surl_for_grid": "", "reason": "Copy succedeed with srm-lcg utils", "erCode": "0", "se_name": "srm-eoscms.cern.ch", "for_lfn": "/store/user/aelwood/140801_jJets_ngun_PU40bx25/"}}/wntmp/condor/compute-6-30/execute/dir_26219/glide_y7U0nM/execute/dir_14995
-------- cat /wntmp/condor/compute-6-30/execute/dir_26219/glide_y7U0nM/execute/dir_14995/cmscpReport.sh 
#!/bin/bash
echo "Report for File: /wntmp/condor/compute-6-30/execute/dir_26219/glide_y7U0nM/execute/dir_14995/cms_N55q12wEHDSA/CMSSW_7_1_0_pre8/L1SkimRun_15_1_jBS.root"
echo "LFN: /store/user/aelwood/140801_jJets_ngun_PU40bx25/L1SkimRun_15_1_jBS.root"
echo "StorageElement: srm-eoscms.cern.ch"
echo "StageOutExitStatusReason = 'Copy succedeed with srm-lcg utils'" | tee -a $RUNTIME_AREA/$repo
echo "StageOutSE = srm-eoscms.cern.ch" >> $RUNTIME_AREA/$repo

export StageOutExitStatus=0
echo "StageOutExitStatus = 0" | tee -a $RUNTIME_AREA/$repo
-------- end of /wntmp/condor/compute-6-30/execute/dir_26219/glide_y7U0nM/execute/dir_14995/cmscpReport.sh 
Report for File: /wntmp/condor/compute-6-30/execute/dir_26219/glide_y7U0nM/execute/dir_14995/cms_N55q12wEHDSA/CMSSW_7_1_0_pre8/L1SkimRun_15_1_jBS.root
LFN: /store/user/aelwood/140801_jJets_ngun_PU40bx25/L1SkimRun_15_1_jBS.root
StorageElement: srm-eoscms.cern.ch
StageOutExitStatusReason = 'Copy succedeed with srm-lcg utils'
StageOutExitStatus = 0
>>> current dir: /wntmp/condor/compute-6-30/execute/dir_26219/glide_y7U0nM/execute/dir_14995
>>> current dir content:
total 15124
-rw-------. 1 uscms4354 cms     4375 Aug  1 05:07 .SEinteraction.log
-rwx------. 1 uscms4354 cms     6635 Aug  1 03:02 .job.ad
-rwx------. 1 uscms4354 cms     9429 Aug  1 03:02 .machine.ad
-rw-------. 1 uscms4354 cms      105 Aug  1 02:57 CMSSW.py
-rw-------. 1 uscms4354 cms   916533 Aug  1 02:57 CMSSW.py.pkl
-rwx------. 1 uscms4354 cms    28576 Aug  1 03:02 CMSSW.sh
-rw-------. 1 uscms4354 cms      182 Aug  1 03:02 CacheEnv.sh
-rw-------. 1 uscms4354 cms     7291 Jul 12 08:18 DashboardAPI.py
-rw-------. 1 uscms4354 cms     6755 Aug  1 03:03 DashboardAPI.pyc
drwx------. 2 uscms4354 cms     4096 Aug  1 05:05 IMProv
lrwxrwxrwx. 1 uscms4354 cms      133 Aug  1 05:05 L1SkimRun.root -> /wntmp/condor/compute-6-30/execute/dir_26219/glide_y7U0nM/execute/dir_14995/cms_N55q12wEHDSA/CMSSW_7_1_0_pre8/L1SkimRun_15_1_jBS.root
-rw-------. 1 uscms4354 cms     2748 Jul 12 08:18 Logger.py
-rw-------. 1 uscms4354 cms     3327 Aug  1 03:03 Logger.pyc
-rw-------. 1 uscms4354 cms    24524 Jul 12 08:18 ProcInfo.py
-rw-------. 1 uscms4354 cms    23101 Aug  1 03:03 ProcInfo.pyc
drwx------. 7 uscms4354 cms     4096 Aug  1 03:03 ProdCommon
drwx------. 3 uscms4354 cms     4096 Aug  1 03:02 WMCore
-rw-------. 1 uscms4354 cms     9070 Aug  1 05:05 Watchdog_15.log
-rwx------. 1 uscms4354 cms        0 Aug  1 03:02 _condor_stderr
-rwx---r--. 1 uscms4354 cms    27246 Aug  1 05:07 _condor_stdout
-rw-------. 1 uscms4354 cms    32895 Jul 12 08:18 apmon.py
-rw-------. 1 uscms4354 cms    28509 Aug  1 03:03 apmon.pyc
-rwx------. 1 uscms4354 cms   240046 Aug  1 03:02 arguments.xml
drwx------. 3 uscms4354 cms     4096 Aug  1 03:02 cms_N55q12wEHDSA
-rwx------. 1 uscms4354 cms    38524 Jul 12 08:18 cmscp.py
-rw-------. 1 uscms4354 cms      544 Aug  1 05:07 cmscpReport.sh
-rwx------. 1 uscms4354 cms    28576 Aug  1 03:02 condor_exec.exe
-rw-------. 1 uscms4354 cms      759 Aug  1 02:56 crab.cfg
-rwx------. 1 uscms4354 cms     8610 Jul 12 08:18 crabWatchdog.sh
-rwx---r--. 1 uscms4354 cms    75700 Aug  1 05:05 crab_fjr_15.xml
-rwx------. 1 uscms4354 cms 13818897 Aug  1 03:02 default.tgz
-rwx------. 1 uscms4354 cms     4488 Jul 12 08:18 fillCrabFjr.py
-rw-------. 1 uscms4354 cms     1825 Aug  1 03:03 inputsReport.txt
-rw-------. 1 uscms4354 cms      261 Aug  1 05:07 jobreport.txt
-rw-------. 1 uscms4354 cms    17352 Jul 12 08:18 parseCrabFjr.py
-rw-------. 1 uscms4354 cms      333 Aug  1 03:02 report.log
-rwx--x--x. 1 uscms4354 cms     1497 Jul 12 08:18 report.py
-rw-------. 1 uscms4354 cms      436 Aug  1 05:07 resultCopyFile
-rwx------. 1 uscms4354 cms     8351 Jul 12 08:18 writeCfg.py
-rw-------. 1 uscms4354 cms     8087 Aug  1 04:22 x509up_u41660
>>> Modify Job Report:
CMSSW_VERSION = CMSSW_7_1_0_pre8
/wntmp/condor/compute-6-30/execute/dir_26219/glide_y7U0nM/execute/dir_14995/ProdCommon/FwkJobRep/ModifyJobReport.py fjr /wntmp/condor/compute-6-30/execute/dir_26219/glide_y7U0nM/execute/dir_14995/crab_fjr_15.xml json /wntmp/condor/compute-6-30/execute/dir_26219/glide_y7U0nM/execute/dir_14995/resultCopyFile n_job 15_1_jBS PrimaryDataset Neutrino_Pt-2to20_gun  ApplicationFamily cmsRun ApplicationName cmsRun cmssw_version CMSSW_7_1_0_pre8 psethash 951aa882d2ac167e3fe15038b4453880
inputDict =  {u'/wntmp/condor/compute-6-30/execute/dir_26219/glide_y7U0nM/execute/dir_14995/cms_N55q12wEHDSA/CMSSW_7_1_0_pre8/L1SkimRun_15_1_jBS.root': {u'endpoint': u'srm://srm-eoscms.cern.ch:8443/srm/v2/server?SFN=/eos/cms/store/user/aelwood/140801_jJets_ngun_PU40bx25/', u'surl_for_grid': u'', u'reason': u'Copy succedeed with srm-lcg utils', u'erCode': u'0', u'se_name': u'srm-eoscms.cern.ch', u'for_lfn': u'/store/user/aelwood/140801_jJets_ngun_PU40bx25/'}}
UserProcessedDataset =  
file_name in inputDict =  /wntmp/condor/compute-6-30/execute/dir_26219/glide_y7U0nM/execute/dir_14995/cms_N55q12wEHDSA/CMSSW_7_1_0_pre8/L1SkimRun_15_1_jBS.root
(size) os.stat(filename)[6] =  477952964
checksum =  323358488
    file =  L1SkimRun_15_1_jBS.root
    newPfn =  srm://srm-eoscms.cern.ch:8443/srm/v2/server?SFN=/eos/cms/store/user/aelwood/140801_jJets_ngun_PU40bx25/L1SkimRun_15_1_jBS.root
    newLfn =  /store/user/aelwood/140801_jJets_ngun_PU40bx25/L1SkimRun_15_1_jBS.root
>>> crab_fjr_*.xml  permission set to 0704
CrabWrapper EXIT_FUNC entered at Fri Aug  1 05:07:12 PDT 2014   -  Fri Aug  1 12:07:12 UTC 2014
Checking output files:  
will tar file crab_fjr_15.xml in  out_files_15
WARNING: output file CMSSW_15.stdout not found!
WARNING: output file CMSSW_15.stderr not found!
WARNING: output file Watchdog_15.log.gz not found!
>>> working dir = /wntmp/condor/compute-6-30/execute/dir_26219/glide_y7U0nM/execute/dir_14995/cms_N55q12wEHDSA
>>> current directory (RUNTIME_AREA): /wntmp/condor/compute-6-30/execute/dir_26219/glide_y7U0nM/execute/dir_14995
>>> Remove working directory: /wntmp/condor/compute-6-30/execute/dir_26219/glide_y7U0nM/execute/dir_14995/cms_N55q12wEHDSA
/wntmp/condor/compute-6-30/execute/dir_26219/glide_y7U0nM/execute/dir_14995/condor_exec.exe: line 140: symlinks: command not found
>>> padding time: Wrapper lasting more than 600 seconds. No sleep required.
STOPPING WATCHDOG. CrabWatchdog PID is 16777
********** LAST 50 LINES OF WATCHDOG LOG
 Aug 01 04:05:53 PDT	---	709072	998004	262	----	----	----
 Aug 01 04:06:55 PDT	---	709072	998004	273	----	----	----
 Aug 01 04:07:56 PDT	---	709072	998004	282	----	----	----
 Aug 01 04:08:57 PDT	---	709072	998004	285	----	----	----
 Aug 01 04:09:59 PDT	---	709072	998004	287	----	----	----
 Aug 01 04:11:01 PDT	---	709072	998004	298	----	----	----
 Aug 01 04:12:03 PDT	---	709072	998004	307	----	----	----
 Aug 01 04:15:08 PDT	---	709072	998004	308	----	----	----
# TIME			PID	RSS(KB)	VSZ(KB)	Dsk(MB)	tCPU(s)	tWALL(s)	COMMAND
# TIME			PID	RSS(KB)	VSZ(KB)	Dsk(MB)	tCPU(s)	tWALL(s)	COMMAND
 Aug 01 04:17:11 PDT	---	709072	998004	309	----	----	----
 Aug 01 04:18:13 PDT	---	709072	998004	312	----	----	----
 Aug 01 04:19:14 PDT	---	709072	998004	322	----	----	----
 Aug 01 04:20:16 PDT	---	709072	998004	331	----	----	----
 Aug 01 04:21:18 PDT	---	709072	998004	336	----	----	----
 Aug 01 04:22:19 PDT	---	709072	998004	342	----	----	----
 Aug 01 04:23:21 PDT	---	709072	998004	351	----	----	----
 Aug 01 04:24:24 PDT	---	709072	998004	358	----	----	----
 Aug 01 04:25:26 PDT	---	709072	998004	364	----	----	----
 Aug 01 04:26:28 PDT	---	709072	998004	373	----	----	----
 Aug 01 04:27:31 PDT	---	709072	998004	379	----	----	----
 Aug 01 04:28:33 PDT	---	709072	998004	386	----	----	----
 Aug 01 04:29:35 PDT	---	709072	998004	393	----	----	----
 Aug 01 04:30:37 PDT	---	709072	998004	399	----	----	----
 Aug 01 04:41:00 PDT	---	709072	998004	404	----	----	----
 Aug 01 04:42:03 PDT	---	709072	998004	413	----	----	----
 Aug 01 04:43:05 PDT	17741	709072	1000056	413	1686	5992	cmsRun -j /wntmp/condor/compute-6-30/execute/dir_26219/glide_y7U0nM/execute/dir_14995/crab_fjr_15.xml -p pset.py      
 Aug 01 04:43:05 PDT	---	709072	1000056	420	----	----	----
 Aug 01 04:44:07 PDT	---	709072	1000056	430	----	----	----
 Aug 01 04:45:09 PDT	---	709072	1000056	439	----	----	----
 Aug 01 04:46:12 PDT	---	709072	1000056	446	----	----	----
 Aug 01 04:47:14 PDT	---	709072	1000056	456	----	----	----
 Aug 01 04:48:17 PDT	---	709072	1000056	461	----	----	----
 Aug 01 04:49:18 PDT	---	709072	1000056	463	----	----	----
 Aug 01 04:50:21 PDT	---	709072	1000056	468	----	----	----
 Aug 01 04:51:23 PDT	---	709072	1000056	472	----	----	----
 Aug 01 04:52:25 PDT	---	709072	1000056	473	----	----	----
 Aug 01 04:53:27 PDT	---	709072	1000056	474	----	----	----
 Aug 01 04:54:29 PDT	---	709072	1000056	475	----	----	----
 Aug 01 04:55:32 PDT	---	709072	1000056	484	----	----	----
# TIME			PID	RSS(KB)	VSZ(KB)	Dsk(MB)	tCPU(s)	tWALL(s)	COMMAND
 Aug 01 04:56:34 PDT	---	709072	1000056	494	----	----	----
 Aug 01 04:57:37 PDT	---	709072	1000056	502	----	----	----
 Aug 01 04:58:40 PDT	---	709072	1000056	513	----	----	----
 Aug 01 04:59:41 PDT	---	709072	1000056	521	----	----	----
 Aug 01 05:00:45 PDT	---	709072	1000056	522	----	----	----
 Aug 01 05:01:47 PDT	---	709072	1000056	526	----	----	----
 Aug 01 05:02:51 PDT	---	709072	1000056	531	----	----	----
 Aug 01 05:03:52 PDT	---	709072	1000056	536	----	----	----
 Aug 01 05:04:54 PDT	---	709072	1000056	545	----	----	----
********** WATCHDOG LOG ENDED
ZIPPING WATCHDOG LOG
Disk space used:
du -sh /wntmp/condor/compute-6-30/execute/dir_26219/glide_y7U0nM/execute/dir_14995
17M	/wntmp/condor/compute-6-30/execute/dir_26219/glide_y7U0nM/execute/dir_14995
Found unusual stdout, rename for OSB
`/wntmp/condor/compute-6-30/execute/dir_26219/glide_y7U0nM/execute/dir_14995/_condor_stdout' -> `CMSSW_15.stdout'
Found unusual stderr, rename for OSB
`/wntmp/condor/compute-6-30/execute/dir_26219/glide_y7U0nM/execute/dir_14995/_condor_stdout' -> `CMSSW_15.stderr'
crab_fjr_15.xml
CMSSW_15.stdout
CMSSW_15.stderr
Watchdog_15.log.gz
Total Output dimension: 20652
WARNING: output files size limit is set to: 50000000
Total Output dimension 20652 is fine.
JOB_EXIT_STATUS = 0
>>> info for dashboard:
***** Cat /wntmp/condor/compute-6-30/execute/dir_26219/glide_y7U0nM/execute/dir_14995/jobreport.txt *****
MonitorJobID=15_https://submit-4.t2.ucsd.edu//140801//331280.14
MonitorID=aelwood_140801_jJets_ngun_PU40bx25_1c84ps
ExeTime=7299
ExeExitCode=0
StageOutExitStatusReason = 'Copy succedeed with srm-lcg utils'
StageOutSE = srm-eoscms.cern.ch
StageOutExitStatus = 0
CrabUserCpuTime=2240.69
CrabSysCpuTime=65.55
CrabCpuPercentage=31%
CrabWrapperTime=7459
CrabStageoutTime=90
JobExitCode=0
***** End Cat jobreport *****
Parameters sent to Dashboard.
EXITING at Fri Aug  1 05:07:15 PDT 2014  -  Fri Aug  1 12:07:15 UTC 2014
