This script was generated by crab (version 2.10.6).
Running /wntmp/condor/compute-12-36/execute/dir_12660/glide_IsRYo1/execute/dir_18656/condor_exec.exe with 2 positional parameters: 43 1
Today is Fri Aug  1 03:06:50 PDT 2014 - Fri Aug  1 10:06:50 UTC 2014
Job submitted on host compute-12-36.tier2
Linux compute-12-36.tier2 2.6.32-358.11.1.el6.x86_64 #1 SMP Wed Jun 12 03:34:52 UTC 2013 x86_64 x86_64 x86_64 GNU/Linux
>>> current directory (RUNTIME_AREA): /wntmp/condor/compute-12-36/execute/dir_12660/glide_IsRYo1/execute/dir_18656
>>> current user: uid=20804(uscms4354) gid=504(cms) groups=504(cms),65001(glexec65001) context=unconfined_u:system_r:condor_startd_t:s0
>>> directory permission set to 0700
>>> umask set to:  u=rwx,g=,o=
>>> stdout stderr permission set to 0704
>>> voms proxy information:
subject   : /C=UK/O=eScience/OU=Imperial/L=Physics/CN=adam elwood/CN=1171778048/CN=2080634694
issuer    : /C=UK/O=eScience/OU=Imperial/L=Physics/CN=adam elwood/CN=1171778048
identity  : /C=UK/O=eScience/OU=Imperial/L=Physics/CN=adam elwood/CN=1171778048
type      : RFC compliant proxy
strength  : 1024 bits
path      : /wntmp/condor/compute-12-36/execute/dir_12660/glide_IsRYo1/execute/dir_18656/x509up_u41660
timeleft  : 23:59:57
key usage : Digital Signature, Key Encipherment, Key Agreement
=== VO cms extension information ===
VO        : cms
subject   : /C=UK/O=eScience/OU=Imperial/L=Physics/CN=adam elwood
issuer    : /DC=ch/DC=cern/OU=computers/CN=lcg-voms.cern.ch
attribute : /cms/Role=NULL/Capability=NULL
timeleft  : 191:46:26
uri       : lcg-voms.cern.ch:15002
WNHostName=compute-12-36.tier2
>>> tar --no-same-permissions -xf /wntmp/condor/compute-12-36/execute/dir_12660/glide_IsRYo1/execute/dir_18656/default.tgz :
Successful untar
>>> Include /wntmp/condor/compute-12-36/execute/dir_12660/glide_IsRYo1/execute/dir_18656 in PYTHONPATH:
strip arguments
env var CRAB_UNIQUE_JOB_ID set to: aelwood_140801_jJets_ngun_PU40bx25_1c84ps_43_1_7Zl
out_files_43
>>> list of expected files on output sandbox
output files: crab_fjr_43.xml CMSSW_43.stdout CMSSW_43.stderr Watchdog_43.log.gz
>>> GridFlavour discovery: 
source OSG GRID setup script
GridFlavour=OSG
>>> SyncSite discovery: 
SyncSite=T2_US_Caltech
>>> SyncCE discovery: 
getting SyncCE from OSG_JOB_CONTACT
SyncCE=cit-gatekeeper.ultralight.org/jobmanager-condor
>>> info for dashboard:
***** Cat /wntmp/condor/compute-12-36/execute/dir_12660/glide_IsRYo1/execute/dir_18656/jobreport.txt *****
WNHostName=compute-12-36.tier2
MonitorJobID=43_https://submit-4.t2.ucsd.edu//140801//331280.42
SyncGridJobId=https://submit-4.t2.ucsd.edu//140801//331280.42
MonitorID=aelwood_140801_jJets_ngun_PU40bx25_1c84ps
GridFlavour=OSG
SyncSite=T2_US_Caltech
SyncCE=cit-gatekeeper.ultralight.org/jobmanager-condor
***** End Cat jobreport *****
Parameters sent to Dashboard.
>>> setup environment
set SCRAM ARCH to slc6_amd64_gcc481
SCRAM_ARCH = slc6_amd64_gcc481
>>> Created working directory: /wntmp/condor/compute-12-36/execute/dir_12660/glide_IsRYo1/execute/dir_18656/cms_CqpOXIQMjjkN
Change to working directory: /wntmp/condor/compute-12-36/execute/dir_12660/glide_IsRYo1/execute/dir_18656/cms_CqpOXIQMjjkN
>>> current directory (WORKING_DIR): /wntmp/condor/compute-12-36/execute/dir_12660/glide_IsRYo1/execute/dir_18656/cms_CqpOXIQMjjkN
>>> setup CMS OSG environment:
set SCRAM ARCH to slc6_amd64_gcc481
SCRAM_ARCH = slc6_amd64_gcc481
OSG_APP is /raid1/osg-app
sourcing /raid1/osg-app/cmssoft/cms/cmsset_default.sh ...
==> setup cms environment ok
SCRAM_ARCH = slc6_amd64_gcc481
>>> specific cmssw setup environment:
CMSSW_VERSION =  CMSSW_7_1_0_pre8
>>> current directory (SOFTWARE_DIR): /wntmp/condor/compute-12-36/execute/dir_12660/glide_IsRYo1/execute/dir_18656/cms_CqpOXIQMjjkN/CMSSW_7_1_0_pre8
PreserveSeeds: <>
IncrementSeeds:<>
>>> info for dashboard:
***** Cat /wntmp/condor/compute-12-36/execute/dir_12660/glide_IsRYo1/execute/dir_18656/jobreport.txt *****
MonitorJobID=43_https://submit-4.t2.ucsd.edu//140801//331280.42
MonitorID=aelwood_140801_jJets_ngun_PU40bx25_1c84ps
***** End Cat jobreport *****
Parameters sent to Dashboard.
crabWatchdog started as process 18899
>>> moving CMSSW software directories in /wntmp/condor/compute-12-36/execute/dir_12660/glide_IsRYo1/execute/dir_18656/cms_CqpOXIQMjjkN/CMSSW_7_1_0_pre8
mv: cannot stat `/wntmp/condor/compute-12-36/execute/dir_12660/glide_IsRYo1/execute/dir_18656/module/': No such file or directory
>>> Include /wntmp/condor/compute-12-36/execute/dir_12660/glide_IsRYo1/execute/dir_18656 in PYTHONPATH:
PYTHONPATH=/wntmp/condor/compute-12-36/execute/dir_12660/glide_IsRYo1/execute/dir_18656/:/wntmp/condor/compute-12-36/execute/dir_12660/glide_IsRYo1/execute/dir_18656/cms_CqpOXIQMjjkN/CMSSW_7_1_0_pre8/python:/wntmp/condor/compute-12-36/execute/dir_12660/glide_IsRYo1/execute/dir_18656/cms_CqpOXIQMjjkN/CMSSW_7_1_0_pre8/lib/slc6_amd64_gcc481:/cvmfs/cms.cern.ch/slc6_amd64_gcc481/cms/cmssw/CMSSW_7_1_0_pre8/python:/cvmfs/cms.cern.ch/slc6_amd64_gcc481/cms/cmssw/CMSSW_7_1_0_pre8/lib/slc6_amd64_gcc481:/cvmfs/cms.cern.ch/slc6_amd64_gcc481/cms/coral/CORAL_2_3_21-cms20/slc6_amd64_gcc481/python:/cvmfs/cms.cern.ch/slc6_amd64_gcc481/cms/coral/CORAL_2_3_21-cms20/slc6_amd64_gcc481/lib:/cvmfs/cms.cern.ch/slc6_amd64_gcc481/external/pyqt/4.8.1-cms/lib/python2.7/site-packages:/cvmfs/cms.cern.ch/slc6_amd64_gcc481/external/py2-scipy/0.8.0-cms/lib/python2.7/site-packages:/cvmfs/cms.cern.ch/slc6_amd64_gcc481/external/py2-matplotlib/1.2.1-cms/lib/python2.7/site-packages:/cvmfs/cms.cern.ch/slc6_amd64_gcc481/external/yoda/1.0.4/lib/python2.7/site-packages:/cvmfs/cms.cern.ch/slc6_amd64_gcc481/external/python-ldap/2.4.10-cms/lib/python2.7/site-packages:/cvmfs/cms.cern.ch/slc6_amd64_gcc481/external/sip/4.11.2-cms/lib/python2.7/site-packages:/cvmfs/cms.cern.ch/slc6_amd64_gcc481/external/llvm/3.4/lib/python2.7/site-packages:/cvmfs/cms.cern.ch/slc6_amd64_gcc481/external/py2-sqlalchemy/0.8.2-cms2/lib/python2.7/site-packages:/cvmfs/cms.cern.ch/slc6_amd64_gcc481/external/py2-pycurl/7.19.0-cms/lib/python2.7/site-packages:/cvmfs/cms.cern.ch/slc6_amd64_gcc481/external/py2-python-dateutil/1.1-cms/lib/python2.7/site-packages:/cvmfs/cms.cern.ch/slc6_amd64_gcc481/external/py2-numpy/1.6.1-cms/lib/python2.7/site-packages:/cvmfs/cms.cern.ch/slc6_amd64_gcc481/external/py2-lint/0.25.1-cms/lib/python2.7/site-packages:/cvmfs/cms.cern.ch/slc6_amd64_gcc481/external/py2-ipython/0.10-cms/lib/python2.7/site-packages:/cvmfs/cms.cern.ch/slc6_amd64_gcc481/external/py2-cx-oracle/5.1-cms2/lib/python2.7/site-packages:/cvmfs/cms.cern.ch/slc6_amd64_gcc481/external/py2-cjson/1.0.5-cms/lib/python2.7/site-packages:/cvmfs/cms.cern.ch/slc6_amd64_gcc481/external/frontier_client/2.8.10/python/lib:/cvmfs/cms.cern.ch/slc6_amd64_gcc481/cms/das-client/2.5.0/bin:/cvmfs/cms.cern.ch/slc6_amd64_gcc481/external/cython/0.19.1/lib/python2.7/site-packages:/cvmfs/cms.cern.ch/slc6_amd64_gcc481/external/rivet/1.8.2-cms4/lib/python2.7/site-packages:/cvmfs/cms.cern.ch/slc6_amd64_gcc481/external/pyminuit2/0.0.1-cms13/lib/python2.7/site-packages:/cvmfs/cms.cern.ch/slc6_amd64_gcc481/external/py2-pygithub/1.23.0/lib/python2.7/site-packages:/cvmfs/cms.cern.ch/slc6_amd64_gcc481/external/py2-networkx/1.8.1/lib/python2.7/site-packages:/cvmfs/cms.cern.ch/slc6_amd64_gcc481/external/professor/1.0.0-cms13/lib/python2.7/site-packages:/cvmfs/cms.cern.ch/slc6_amd64_gcc481/lcg/root/5.34.18/lib:/cvmfs/cms.cern.ch/slc6_amd64_gcc481/cms/dbs-client/DBS_2_1_9-cms/lib:/cvmfs/cms.cern.ch/slc6_amd64_gcc481/cms/dbs-client/DBS_2_1_9-cms/lib/DBSAPI:/cvmfs/cms.cern.ch/slc6_amd64_gcc481/external/cvs2git/5419-cms/lib:/wntmp/condor/compute-12-36/execute/dir_12660/glide_IsRYo1/execute/dir_18656/
 
# LIMITS USED BY CRAB WATCHDOG:
# RSS  (KBytes)   : 2300000
# VSZ  (KBytes)   : 100000000
# DISK (MBytes)   : 19000
# CPU TIME        : 720h:0m:0s
# WALL CLOCK TIME : 21h:50m:0s
 
951aa882d2ac167e3fe15038b4453880
PSETHASH = 951aa882d2ac167e3fe15038b4453880
/wntmp/condor/compute-12-36/execute/dir_12660/glide_IsRYo1/execute/dir_18656/writeCfg.py pset.py pset.py
Importing .py file
Setting parameters
RandomNumberGeneratorService found, will attempt to change seeds
inputBlocks=/Neutrino_Pt-2to20_gun/Fall13dr-tsg_PU40bx25_POSTLS162_V2-v1/GEN-SIM-RAW#09b9f490-7aa3-11e3-b1c2-003048f02d38
inputFiles=/store/mc/Fall13dr/Neutrino_Pt-2to20_gun/GEN-SIM-RAW/tsg_PU40bx25_POSTLS162_V2-v1/00002/784CE489-B37A-E311-9F65-0025905A6070.root;/store/mc/Fall13dr/Neutrino_Pt-2to20_gun/GEN-SIM-RAW/tsg_PU40bx25_POSTLS162_V2-v1/00002/DE0D66BC-B47A-E311-B935-0025905A60D2.root;/store/mc/Fall13dr/Neutrino_Pt-2to20_gun/GEN-SIM-RAW/tsg_PU40bx25_POSTLS162_V2-v1/00002/AA8A31B3-307B-E311-9503-0025905964BC.root;/store/mc/Fall13dr/Neutrino_Pt-2to20_gun/GEN-SIM-RAW/tsg_PU40bx25_POSTLS162_V2-v1/00002/8EE9182D-AB7A-E311-AE75-0026189438E4.root;/store/mc/Fall13dr/Neutrino_Pt-2to20_gun/GEN-SIM-RAW/tsg_PU40bx25_POSTLS162_V2-v1/00002/FE4C5ED0-347B-E311-8466-0025905A60B4.root;/store/mc/Fall13dr/Neutrino_Pt-2to20_gun/GEN-SIM-RAW/tsg_PU40bx25_POSTLS162_V2-v1/00002/CC0155E5-327B-E311-829E-0025905A6092.root
parentFiles=/store/mc/Fall13/Neutrino_Pt-2to20_gun/GEN-SIM/POSTLS162_V1-v4/10000/0E75F3DF-AB68-E311-8BA9-003048F5B5F4.root;/store/mc/Fall13/Neutrino_Pt-2to20_gun/GEN-SIM/POSTLS162_V1-v4/10000/3228DBE4-AB68-E311-AFE5-0025904A91F6.root;/store/mc/Fall13/Neutrino_Pt-2to20_gun/GEN-SIM/POSTLS162_V1-v4/10000/08BDA2EE-AB68-E311-BD33-0025904AC2CA.root;/store/mc/Fall13/Neutrino_Pt-2to20_gun/GEN-SIM/POSTLS162_V1-v4/10000/7632CAE8-AB68-E311-AA1C-90B11C27EA38.root;/store/mc/Fall13/Neutrino_Pt-2to20_gun/GEN-SIM/POSTLS162_V1-v4/10000/32F7F53B-AC68-E311-AE43-003048F5B6A9.root;/store/mc/Fall13/Neutrino_Pt-2to20_gun/GEN-SIM/POSTLS162_V1-v4/10000/D88E20AB-AC68-E311-8CB4-0025901D08BE.root;/store/mc/Fall13/Neutrino_Pt-2to20_gun/GEN-SIM/POSTLS162_V1-v4/10000/0A8C8CED-AB68-E311-80BE-90B11C27F89E.root;/store/mc/Fall13/Neutrino_Pt-2to20_gun/GEN-SIM/POSTLS162_V1-v4/10000/0CD6C959-AC68-E311-8933-003048F5ADEA.root;/store/mc/Fall13/Neutrino_Pt-2to20_gun/GEN-SIM/POSTLS162_V1-v4/10000/54B76B39-AC68-E311-88C6-003048F5ADEA.root;/store/mc/Fall13/Neutrino_Pt-2to20_gun/GEN-SIM/POSTLS162_V1-v4/10000/542C6E62-AC68-E311-8B06-0025904AC2CA.root;/store/mc/Fall13/Neutrino_Pt-2to20_gun/GEN-SIM/POSTLS162_V1-v4/10000/C05AB95E-AC68-E311-9422-003048F5B69A.root;/store/mc/Fall13/Neutrino_Pt-2to20_gun/GEN-SIM/POSTLS162_V1-v4/10000/C004547E-AC68-E311-9972-003048F5B2A0.root;/store/mc/Fall13/Neutrino_Pt-2to20_gun/GEN-SIM/POSTLS162_V1-v4/10000/36C47AF9-AC68-E311-88E1-90B11C27EA38.root;/store/mc/Fall13/Neutrino_Pt-2to20_gun/GEN-SIM/POSTLS162_V1-v4/10000/A8397A0E-AC68-E311-BA4E-003048D374BC.root;/store/mc/Fall13/Neutrino_Pt-2to20_gun/GEN-SIM/POSTLS162_V1-v4/10001/386918E7-AC68-E311-8493-6C3BE5B59150.root;/store/mc/Fall13/Neutrino_Pt-2to20_gun/GEN-SIM/POSTLS162_V1-v4/10001/70BB57FF-AC68-E311-B9B5-6C3BE5B5F210.root;/store/mc/Fall13/Neutrino_Pt-2to20_gun/GEN-SIM/POSTLS162_V1-v4/10000/5ED692F4-AA68-E311-85A2-90B11C1DBFB4.root;/store/mc/Fall13/Neutrino_Pt-2to20_gun/GEN-SIM/POSTLS162_V1-v4/10000/5C0B7CF6-AA68-E311-BA32-003048F59754.root;/store/mc/Fall13/Neutrino_Pt-2to20_gun/GEN-SIM/POSTLS162_V1-v4/10000/14465A61-AB68-E311-83F0-90B11C2ACF20.root;/store/mc/Fall13/Neutrino_Pt-2to20_gun/GEN-SIM/POSTLS162_V1-v4/10000/10CAFE4F-AC68-E311-95FB-002590821320.root;/store/mc/Fall13/Neutrino_Pt-2to20_gun/GEN-SIM/POSTLS162_V1-v4/10000/0CD6C959-AC68-E311-8933-003048F5ADEA.root;/store/mc/Fall13/Neutrino_Pt-2to20_gun/GEN-SIM/POSTLS162_V1-v4/10000/C05AB95E-AC68-E311-9422-003048F5B69A.root;/store/mc/Fall13/Neutrino_Pt-2to20_gun/GEN-SIM/POSTLS162_V1-v4/10000/E041DDFB-AC68-E311-AAA4-003048F5B2A0.root;/store/mc/Fall13/Neutrino_Pt-2to20_gun/GEN-SIM/POSTLS162_V1-v4/10001/70BB57FF-AC68-E311-B9B5-6C3BE5B5F210.root;/store/mc/Fall13/Neutrino_Pt-2to20_gun/GEN-SIM/POSTLS162_V1-v4/10001/7642FB00-AD68-E311-837E-6C3BE5B5B080.root;/store/mc/Fall13/Neutrino_Pt-2to20_gun/GEN-SIM/POSTLS162_V1-v4/10000/00ED2FEA-AA68-E311-BEEE-003048F5B2A0.root;/store/mc/Fall13/Neutrino_Pt-2to20_gun/GEN-SIM/POSTLS162_V1-v4/10000/12FEE907-AB68-E311-A9B9-90B11C27EA38.root;/store/mc/Fall13/Neutrino_Pt-2to20_gun/GEN-SIM/POSTLS162_V1-v4/10000/5ED692F4-AA68-E311-85A2-90B11C1DBFB4.root;/store/mc/Fall13/Neutrino_Pt-2to20_gun/GEN-SIM/POSTLS162_V1-v4/10000/5C0B7CF6-AA68-E311-BA32-003048F59754.root;/store/mc/Fall13/Neutrino_Pt-2to20_gun/GEN-SIM/POSTLS162_V1-v4/10000/869E6491-AB68-E311-8C53-0025901D08BE.root;/store/mc/Fall13/Neutrino_Pt-2to20_gun/GEN-SIM/POSTLS162_V1-v4/10001/386918E7-AC68-E311-8493-6C3BE5B59150.root;/store/mc/Fall13/Neutrino_Pt-2to20_gun/GEN-SIM/POSTLS162_V1-v4/10001/70BB57FF-AC68-E311-B9B5-6C3BE5B5F210.root;/store/mc/Fall13/Neutrino_Pt-2to20_gun/GEN-SIM/POSTLS162_V1-v4/10000/5ED692F4-AA68-E311-85A2-90B11C1DBFB4.root;/store/mc/Fall13/Neutrino_Pt-2to20_gun/GEN-SIM/POSTLS162_V1-v4/10000/5C0B7CF6-AA68-E311-BA32-003048F59754.root;/store/mc/Fall13/Neutrino_Pt-2to20_gun/GEN-SIM/POSTLS162_V1-v4/10000/14465A61-AB68-E311-83F0-90B11C2ACF20.root;/store/mc/Fall13/Neutrino_Pt-2to20_gun/GEN-SIM/POSTLS162_V1-v4/10000/1A5080F4-AA68-E311-BFFB-90B11C1DBFB4.root
lumisRange=
>>> Executable cmsRun
/cvmfs/cms.cern.ch/slc6_amd64_gcc481/cms/cmssw/CMSSW_7_1_0_pre8/bin/slc6_amd64_gcc481/cmsRun
ok executable found
>>> info for dashboard:
***** Cat /wntmp/condor/compute-12-36/execute/dir_12660/glide_IsRYo1/execute/dir_18656/jobreport.txt *****
MonitorJobID=43_https://submit-4.t2.ucsd.edu//140801//331280.42
MonitorID=aelwood_140801_jJets_ngun_PU40bx25_1c84ps
ExeStart=cmsRun
***** End Cat jobreport *****
Parameters sent to Dashboard.
>>> cmsRun started at Fri Aug  1 10:08:08 UTC 2014
>>> cmsRun ended at Fri Aug  1 11:43:56 UTC 2014
>>> crab_fjr_*.xml  permission set to 0704
>>> info for dashboard:
***** Cat /wntmp/condor/compute-12-36/execute/dir_12660/glide_IsRYo1/execute/dir_18656/jobreport.txt *****
MonitorJobID=43_https://submit-4.t2.ucsd.edu//140801//331280.42
MonitorID=aelwood_140801_jJets_ngun_PU40bx25_1c84ps
ExeEnd=cmsRun
***** End Cat jobreport *****
Parameters sent to Dashboard.
TIME_EXE = 5748 sec
>>> cmsRun wrote 57 lines of stdout+stderr
>>> START OF printout of 57 lines from stdout+stderr
==> using COND/Services/RelationalAuthenticationService for auth, sys 1
==> using COND/Services/RelationalAuthenticationService for auth, sys 1
01-Aug-2014 03:08:32 PDT  Initiating request to open file /mnt/hadoop/store/mc/Fall13dr/Neutrino_Pt-2to20_gun/GEN-SIM-RAW/tsg_PU40bx25_POSTLS162_V2-v1/00002/784CE489-B37A-E311-9F65-0025905A6070.root
01-Aug-2014 03:08:34 PDT  Successfully opened file /mnt/hadoop/store/mc/Fall13dr/Neutrino_Pt-2to20_gun/GEN-SIM-RAW/tsg_PU40bx25_POSTLS162_V2-v1/00002/784CE489-B37A-E311-9F65-0025905A6070.root
01-Aug-2014 03:08:35 PDT  Initiating request to open file /mnt/hadoop/store/mc/Fall13/Neutrino_Pt-2to20_gun/GEN-SIM/POSTLS162_V1-v4/10000/0E75F3DF-AB68-E311-8BA9-003048F5B5F4.root
01-Aug-2014 03:08:35 PDT  Fallback request to file root://cmsxrootd.fnal.gov//store/mc/Fall13/Neutrino_Pt-2to20_gun/GEN-SIM/POSTLS162_V1-v4/10000/0E75F3DF-AB68-E311-8BA9-003048F5B5F4.root
140801 03:08:38 19206 Xrd: CheckErrorStatus: Server [cmssrmdisk.fnal.gov:1095] declared: Request 3018 not supported(error code: 3013)
01-Aug-2014 03:08:39 PDT  Successfully opened file root://cmsxrootd.fnal.gov//store/mc/Fall13/Neutrino_Pt-2to20_gun/GEN-SIM/POSTLS162_V1-v4/10000/0E75F3DF-AB68-E311-8BA9-003048F5B5F4.root
01-Aug-2014 03:08:47 PDT  Closed file root://cmsxrootd.fnal.gov//store/mc/Fall13/Neutrino_Pt-2to20_gun/GEN-SIM/POSTLS162_V1-v4/10000/0E75F3DF-AB68-E311-8BA9-003048F5B5F4.root
Stage1Layer2Producer -- Running pp implementation


----------------------------------------
Begin: L1CaloTowerProducer
----------------------------------------

01-Aug-2014 03:12:59 PDT  Closed file /mnt/hadoop/store/mc/Fall13dr/Neutrino_Pt-2to20_gun/GEN-SIM-RAW/tsg_PU40bx25_POSTLS162_V2-v1/00002/784CE489-B37A-E311-9F65-0025905A6070.root
01-Aug-2014 03:12:59 PDT  Initiating request to open file /mnt/hadoop/store/mc/Fall13dr/Neutrino_Pt-2to20_gun/GEN-SIM-RAW/tsg_PU40bx25_POSTLS162_V2-v1/00002/DE0D66BC-B47A-E311-B935-0025905A60D2.root
01-Aug-2014 03:12:59 PDT  Successfully opened file /mnt/hadoop/store/mc/Fall13dr/Neutrino_Pt-2to20_gun/GEN-SIM-RAW/tsg_PU40bx25_POSTLS162_V2-v1/00002/DE0D66BC-B47A-E311-B935-0025905A60D2.root
140801 03:14:06 19270 Xrd: XrdClientMessage::ReadRaw: Failed to read header (8 bytes).
140801 03:14:06 19272 Xrd: XrdClientMessage::ReadRaw: Failed to read header (8 bytes).
01-Aug-2014 03:20:45 PDT  Closed file /mnt/hadoop/store/mc/Fall13dr/Neutrino_Pt-2to20_gun/GEN-SIM-RAW/tsg_PU40bx25_POSTLS162_V2-v1/00002/DE0D66BC-B47A-E311-B935-0025905A60D2.root
01-Aug-2014 03:20:45 PDT  Initiating request to open file /mnt/hadoop/store/mc/Fall13dr/Neutrino_Pt-2to20_gun/GEN-SIM-RAW/tsg_PU40bx25_POSTLS162_V2-v1/00002/AA8A31B3-307B-E311-9503-0025905964BC.root
01-Aug-2014 03:20:45 PDT  Successfully opened file /mnt/hadoop/store/mc/Fall13dr/Neutrino_Pt-2to20_gun/GEN-SIM-RAW/tsg_PU40bx25_POSTLS162_V2-v1/00002/AA8A31B3-307B-E311-9503-0025905964BC.root
140801 03:29:06 19267 Xrd: XrdClientMessage::ReadRaw: Failed to read header (8 bytes).
140801 03:29:06 19271 Xrd: XrdClientMessage::ReadRaw: Failed to read header (8 bytes).
140801 03:29:06 19265 Xrd: XrdClientMessage::ReadRaw: Failed to read header (8 bytes).
01-Aug-2014 04:08:02 PDT  Closed file /mnt/hadoop/store/mc/Fall13dr/Neutrino_Pt-2to20_gun/GEN-SIM-RAW/tsg_PU40bx25_POSTLS162_V2-v1/00002/AA8A31B3-307B-E311-9503-0025905964BC.root
01-Aug-2014 04:08:03 PDT  Initiating request to open file /mnt/hadoop/store/mc/Fall13dr/Neutrino_Pt-2to20_gun/GEN-SIM-RAW/tsg_PU40bx25_POSTLS162_V2-v1/00002/8EE9182D-AB7A-E311-AE75-0026189438E4.root
01-Aug-2014 04:08:03 PDT  Successfully opened file /mnt/hadoop/store/mc/Fall13dr/Neutrino_Pt-2to20_gun/GEN-SIM-RAW/tsg_PU40bx25_POSTLS162_V2-v1/00002/8EE9182D-AB7A-E311-AE75-0026189438E4.root
01-Aug-2014 04:18:47 PDT  Closed file /mnt/hadoop/store/mc/Fall13dr/Neutrino_Pt-2to20_gun/GEN-SIM-RAW/tsg_PU40bx25_POSTLS162_V2-v1/00002/8EE9182D-AB7A-E311-AE75-0026189438E4.root
01-Aug-2014 04:18:47 PDT  Initiating request to open file /mnt/hadoop/store/mc/Fall13dr/Neutrino_Pt-2to20_gun/GEN-SIM-RAW/tsg_PU40bx25_POSTLS162_V2-v1/00002/FE4C5ED0-347B-E311-8466-0025905A60B4.root
01-Aug-2014 04:18:47 PDT  Successfully opened file /mnt/hadoop/store/mc/Fall13dr/Neutrino_Pt-2to20_gun/GEN-SIM-RAW/tsg_PU40bx25_POSTLS162_V2-v1/00002/FE4C5ED0-347B-E311-8466-0025905A60B4.root
01-Aug-2014 04:27:52 PDT  Closed file /mnt/hadoop/store/mc/Fall13dr/Neutrino_Pt-2to20_gun/GEN-SIM-RAW/tsg_PU40bx25_POSTLS162_V2-v1/00002/FE4C5ED0-347B-E311-8466-0025905A60B4.root
01-Aug-2014 04:27:52 PDT  Initiating request to open file /mnt/hadoop/store/mc/Fall13dr/Neutrino_Pt-2to20_gun/GEN-SIM-RAW/tsg_PU40bx25_POSTLS162_V2-v1/00002/CC0155E5-327B-E311-829E-0025905A6092.root
01-Aug-2014 04:27:53 PDT  Successfully opened file /mnt/hadoop/store/mc/Fall13dr/Neutrino_Pt-2to20_gun/GEN-SIM-RAW/tsg_PU40bx25_POSTLS162_V2-v1/00002/CC0155E5-327B-E311-829E-0025905A6092.root
01-Aug-2014 04:43:50 PDT  Closed file /mnt/hadoop/store/mc/Fall13dr/Neutrino_Pt-2to20_gun/GEN-SIM-RAW/tsg_PU40bx25_POSTLS162_V2-v1/00002/CC0155E5-327B-E311-829E-0025905A6092.root

=============================================

MessageLogger Summary

 type     category        sev    module        subroutine        count    total
 ---- -------------------- -- ---------------- ----------------  -----    -----
    1 fileAction           -s AfterFile                              4        4
    2 fileAction           -s file_close                             6        6
    3 fileAction           -s file_open                             12       12

 type    category    Examples: run/evt        run/evt          run/evt
 ---- -------------------- ---------------- ---------------- ----------------
    1 fileAction           pre-events       pre-events       pre-events
    2 fileAction           PostProcessEvent PostProcessEvent PostEndRun
    3 fileAction           pre-events       pre-events       PostProcessEvent

Severity    # Occurrences   Total Occurrences
--------    -------------   -----------------
System                 22                  22
>>> END OF printout of 57 lines from stdout+stderr
>>> Parse FrameworkJobReport crab_fjr.xml
Result of parsing the FrameworkJobReport crab_fjr.xml: 
Extracted ExitStatus from FrameworkJobReport parsing output: 0
>>> Executable succeded  0
ExeExitCode=0
EXECUTABLE_EXIT_STATUS = 0
>>> current directory /wntmp/condor/compute-12-36/execute/dir_12660/glide_IsRYo1/execute/dir_18656/cms_CqpOXIQMjjkN/CMSSW_7_1_0_pre8
>>>  (SOFTWARE_DIR): /wntmp/condor/compute-12-36/execute/dir_12660/glide_IsRYo1/execute/dir_18656/cms_CqpOXIQMjjkN/CMSSW_7_1_0_pre8
>>> (WORKING_DIR): /wntmp/condor/compute-12-36/execute/dir_12660/glide_IsRYo1/execute/dir_18656/cms_CqpOXIQMjjkN
>>> current directory content:
total 468548
drwxr-xr-x. 3 uscms4354 cms      4096 Aug  1 03:07 .SCRAM
-rw-------. 1 uscms4354 cms    916533 Aug  1 03:07 CMSSW.py.pkl
-rw-------. 1 uscms4354 cms 477865987 Aug  1 04:43 L1SkimRun.root
drwxr-xr-x. 3 uscms4354 cms      4096 Aug  1 03:07 bin
drwxr-xr-x. 3 uscms4354 cms      4096 Aug  1 03:07 cfipython
drwxr-xr-x. 4 uscms4354 cms      4096 Aug  1 03:07 config
-rw-------. 1 uscms4354 cms        18 Aug  1 04:43 cpu_timing.txt
drwxr-xr-x. 2 uscms4354 cms      4096 Aug  1 03:07 doc
-rw-------. 1 uscms4354 cms      6008 Aug  1 04:43 executable.out
drwxr-xr-x. 2 uscms4354 cms      4096 Aug  1 03:07 include
drwx------. 3 uscms4354 cms      4096 Aug  1 00:37 lib
drwxr-xr-x. 3 uscms4354 cms      4096 Aug  1 03:07 logs
drwxr-xr-x. 3 uscms4354 cms      4096 Aug  1 03:07 objs
-rw-------. 1 uscms4354 cms       104 Aug  1 03:08 pset.py
-rw-------. 1 uscms4354 cms    923481 Aug  1 03:08 pset.py.pkl
-rw-------. 1 uscms4354 cms       289 Aug  1 03:08 pset.pyc
drwxr-xr-x. 2 uscms4354 cms      4096 Aug  1 03:07 python
-rw-------. 1 uscms4354 cms       419 Aug  1 04:43 report.log
drwx------. 5 uscms4354 cms      4096 Aug  1 03:06 src
drwxr-xr-x. 3 uscms4354 cms      4096 Aug  1 03:07 test
drwxr-xr-x. 3 uscms4354 cms      4096 Aug  1 03:07 tmp
>>> current directory /wntmp/condor/compute-12-36/execute/dir_12660/glide_IsRYo1/execute/dir_18656/cms_CqpOXIQMjjkN/CMSSW_7_1_0_pre8
>>> (SOFTWARE_DIR): /wntmp/condor/compute-12-36/execute/dir_12660/glide_IsRYo1/execute/dir_18656/cms_CqpOXIQMjjkN/CMSSW_7_1_0_pre8
>>> (WORKING_DIR): /wntmp/condor/compute-12-36/execute/dir_12660/glide_IsRYo1/execute/dir_18656/cms_CqpOXIQMjjkN
>>> current directory content:
total 468548
drwxr-xr-x. 3 uscms4354 cms      4096 Aug  1 03:07 .SCRAM
-rw-------. 1 uscms4354 cms    916533 Aug  1 03:07 CMSSW.py.pkl
-rw-------. 1 uscms4354 cms 477865987 Aug  1 04:43 L1SkimRun_43_1_7Zl.root
drwxr-xr-x. 3 uscms4354 cms      4096 Aug  1 03:07 bin
drwxr-xr-x. 3 uscms4354 cms      4096 Aug  1 03:07 cfipython
drwxr-xr-x. 4 uscms4354 cms      4096 Aug  1 03:07 config
-rw-------. 1 uscms4354 cms        18 Aug  1 04:43 cpu_timing.txt
drwxr-xr-x. 2 uscms4354 cms      4096 Aug  1 03:07 doc
-rw-------. 1 uscms4354 cms      6008 Aug  1 04:43 executable.out
drwxr-xr-x. 2 uscms4354 cms      4096 Aug  1 03:07 include
drwx------. 3 uscms4354 cms      4096 Aug  1 00:37 lib
drwxr-xr-x. 3 uscms4354 cms      4096 Aug  1 03:07 logs
drwxr-xr-x. 3 uscms4354 cms      4096 Aug  1 03:07 objs
-rw-------. 1 uscms4354 cms       104 Aug  1 03:08 pset.py
-rw-------. 1 uscms4354 cms    923481 Aug  1 03:08 pset.py.pkl
-rw-------. 1 uscms4354 cms       289 Aug  1 03:08 pset.pyc
drwxr-xr-x. 2 uscms4354 cms      4096 Aug  1 03:07 python
-rw-------. 1 uscms4354 cms       419 Aug  1 04:43 report.log
drwx------. 5 uscms4354 cms      4096 Aug  1 03:06 src
drwxr-xr-x. 3 uscms4354 cms      4096 Aug  1 03:07 test
drwxr-xr-x. 3 uscms4354 cms      4096 Aug  1 03:07 tmp
>>> current directory (RUNTIME_AREA):  /wntmp/condor/compute-12-36/execute/dir_12660/glide_IsRYo1/execute/dir_18656
SE = srm-eoscms.cern.ch
SE_PATH = /srm/v2/server?SFN=/eos/cms/store/user/aelwood/140801_jJets_ngun_PU40bx25/
LFNBaseName = /store/user/aelwood/140801_jJets_ngun_PU40bx25/
USER = aelwood
endpoint = srm://srm-eoscms.cern.ch:8443/srm/v2/server?SFN=/eos/cms/store/user/aelwood/140801_jJets_ngun_PU40bx25/
>>> Copy output files from WN = compute-12-36.tier2 to /srm/v2/server?SFN=/eos/cms/store/user/aelwood/140801_jJets_ngun_PU40bx25/ :
python cmscp.py  --destination srm://srm-eoscms.cern.ch:8443/srm/v2/server?SFN=/eos/cms/store/user/aelwood/140801_jJets_ngun_PU40bx25/ --inputFileList /wntmp/condor/compute-12-36/execute/dir_12660/glide_IsRYo1/execute/dir_18656/cms_CqpOXIQMjjkN/CMSSW_7_1_0_pre8/L1SkimRun_43_1_7Zl.root --middleware OSG --se_name srm-eoscms.cern.ch --for_lfn /store/user/aelwood/140801_jJets_ngun_PU40bx25/    
******************************************************
localSeName  =  cit-se.ultralight.org
remoteSeName =  srm-eoscms.cern.ch
******************************************************
{"/wntmp/condor/compute-12-36/execute/dir_12660/glide_IsRYo1/execute/dir_18656/cms_CqpOXIQMjjkN/CMSSW_7_1_0_pre8/L1SkimRun_43_1_7Zl.root": {"endpoint": "srm://srm-eoscms.cern.ch:8443/srm/v2/server?SFN=/eos/cms/store/user/aelwood/140801_jJets_ngun_PU40bx25/", "surl_for_grid": "", "reason": "ERROR: problems checking if file /wntmp/condor/compute-12-36/execute/dir_12660/glide_IsRYo1/execute/dir_18656/cms_CqpOXIQMjjkN/CMSSW_7_1_0_pre8/L1SkimRun_43_1_7Zl.root already exist'Error checking [L1SkimRun_43_1_7Zl.root]'", "erCode": "60307", "se_name": "srm-eoscms.cern.ch", "for_lfn": "/copy_problem/"}}/wntmp/condor/compute-12-36/execute/dir_12660/glide_IsRYo1/execute/dir_18656
-------- cat /wntmp/condor/compute-12-36/execute/dir_12660/glide_IsRYo1/execute/dir_18656/cmscpReport.sh 
#!/bin/bash
echo "Report for File: /wntmp/condor/compute-12-36/execute/dir_12660/glide_IsRYo1/execute/dir_18656/cms_CqpOXIQMjjkN/CMSSW_7_1_0_pre8/L1SkimRun_43_1_7Zl.root"
echo "LFN: /copy_problem/L1SkimRun_43_1_7Zl.root"
echo "StorageElement: srm-eoscms.cern.ch"
echo "StageOutExitStatusReason = 'ERROR: problems checking if file /wntmp/condor/compute-12-36/execute/dir_12660/glide_IsRYo1/execute/dir_18656/cms_CqpOXIQMjjkN/CMSSW_7_1_0_pre8/L1SkimRun_43_1_7Zl.root already exist Error checking [L1SkimRun_43_1_7Zl.root] '" | tee -a $RUNTIME_AREA/$repo
echo "StageOutSE = srm-eoscms.cern.ch" >> $RUNTIME_AREA/$repo

export StageOutExitStatus=60307
echo "StageOutExitStatus = 60307" | tee -a $RUNTIME_AREA/$repo
-------- end of /wntmp/condor/compute-12-36/execute/dir_12660/glide_IsRYo1/execute/dir_18656/cmscpReport.sh 
Report for File: /wntmp/condor/compute-12-36/execute/dir_12660/glide_IsRYo1/execute/dir_18656/cms_CqpOXIQMjjkN/CMSSW_7_1_0_pre8/L1SkimRun_43_1_7Zl.root
LFN: /copy_problem/L1SkimRun_43_1_7Zl.root
StorageElement: srm-eoscms.cern.ch
StageOutExitStatusReason = 'ERROR: problems checking if file /wntmp/condor/compute-12-36/execute/dir_12660/glide_IsRYo1/execute/dir_18656/cms_CqpOXIQMjjkN/CMSSW_7_1_0_pre8/L1SkimRun_43_1_7Zl.root already exist Error checking [L1SkimRun_43_1_7Zl.root] '
StageOutExitStatus = 60307
Problem copying file to srm-eoscms.cern.ch /srm/v2/server?SFN=/eos/cms/store/user/aelwood/140801_jJets_ngun_PU40bx25/
########## contents of SE interaction
2014-08-01 04:44:32.124425:
Executed:	unset LD_LIBRARY_PATH; unset GLITE_ENV_SET; export PATH=/usr/bin:/bin; source /etc/profile; source /wntmp/condor/compute-12-36/execute/dir_12660/glide_IsRYo1/execute/dir_18656/CacheEnv.sh ; lcg-ls -b -D srmv2 --srm-timeout 2400 --sendreceive-timeout 2400 --connect-timeout 300 --verbose srm://srm-eoscms.cern.ch:8443/srm/v2/server?SFN=/eos/cms/store/user/aelwood/140801_jJets_ngun_PU40bx25/L1SkimRun_43_1_7Zl.root
Done with exit code:	1
and output:
SE type: SRMv2
[SE][Ls][] httpg://srm-eoscms.cern.ch:8443/srm/v2/server: CGSI-gSOAP running on compute-12-36.tier2 reports Error initializing context
GSS Major Status: Authentication Failed

GSS Minor Status Error Chain:
globus_gsi_gssapi: SSLv3 handshake problems
OpenSSL Error: s3_clnt.c:1168: in library: SSL routines, function SSL3_GET_SERVER_CERTIFICATE: certificate verify failed
globus_gsi_callback_module: Could not verify credential
globus_gsi_callback_module: Can't get the local trusted CA certificate: Cannot find trusted CA certificate with hash 5168735f in /etc/grid-security/certificates/



#####################################
>>> current dir: /wntmp/condor/compute-12-36/execute/dir_12660/glide_IsRYo1/execute/dir_18656
>>> current dir content:
total 15116
-rw-------. 1 uscms4354 cms     1094 Aug  1 04:44 .SEinteraction.log
-rwx------. 1 uscms4354 cms     6634 Aug  1 03:06 .job.ad
-rwx------. 1 uscms4354 cms     9596 Aug  1 03:06 .machine.ad
-rw-------. 1 uscms4354 cms      105 Aug  1 02:57 CMSSW.py
-rw-------. 1 uscms4354 cms   916533 Aug  1 02:57 CMSSW.py.pkl
-rwx------. 1 uscms4354 cms    28576 Aug  1 03:06 CMSSW.sh
-rw-------. 1 uscms4354 cms      170 Aug  1 03:06 CacheEnv.sh
-rw-------. 1 uscms4354 cms     7291 Jul 12 08:18 DashboardAPI.py
-rw-------. 1 uscms4354 cms     6770 Aug  1 03:07 DashboardAPI.pyc
drwx------. 2 uscms4354 cms     4096 Aug  1 04:44 IMProv
lrwxrwxrwx. 1 uscms4354 cms      134 Aug  1 04:44 L1SkimRun.root -> /wntmp/condor/compute-12-36/execute/dir_12660/glide_IsRYo1/execute/dir_18656/cms_CqpOXIQMjjkN/CMSSW_7_1_0_pre8/L1SkimRun_43_1_7Zl.root
-rw-------. 1 uscms4354 cms     2748 Jul 12 08:18 Logger.py
-rw-------. 1 uscms4354 cms     3332 Aug  1 03:07 Logger.pyc
-rw-------. 1 uscms4354 cms    24524 Jul 12 08:18 ProcInfo.py
-rw-------. 1 uscms4354 cms    23125 Aug  1 03:07 ProcInfo.pyc
drwx------. 7 uscms4354 cms     4096 Aug  1 03:08 ProdCommon
drwx------. 3 uscms4354 cms     4096 Aug  1 03:06 WMCore
-rw-------. 1 uscms4354 cms     5658 Aug  1 04:44 Watchdog_43.log
-rwx------. 1 uscms4354 cms        0 Aug  1 03:06 _condor_stderr
-rwx---r--. 1 uscms4354 cms    28367 Aug  1 04:46 _condor_stdout
-rw-------. 1 uscms4354 cms    32895 Jul 12 08:18 apmon.py
-rw-------. 1 uscms4354 cms    28538 Aug  1 03:07 apmon.pyc
-rwx------. 1 uscms4354 cms   240046 Aug  1 03:06 arguments.xml
drwx------. 3 uscms4354 cms     4096 Aug  1 03:07 cms_CqpOXIQMjjkN
-rwx------. 1 uscms4354 cms    38524 Jul 12 08:18 cmscp.py
-rw-------. 1 uscms4354 cms      710 Aug  1 04:46 cmscpReport.sh
-rwx------. 1 uscms4354 cms    28576 Aug  1 03:06 condor_exec.exe
-rw-------. 1 uscms4354 cms      759 Aug  1 02:56 crab.cfg
-rwx------. 1 uscms4354 cms     8610 Jul 12 08:18 crabWatchdog.sh
-rwx---r--. 1 uscms4354 cms    70996 Aug  1 04:43 crab_fjr_43.xml
-rwx------. 1 uscms4354 cms 13818897 Aug  1 03:06 default.tgz
-rwx------. 1 uscms4354 cms     4488 Jul 12 08:18 fillCrabFjr.py
-rw-------. 1 uscms4354 cms     4933 Aug  1 03:08 inputsReport.txt
-rw-------. 1 uscms4354 cms      455 Aug  1 04:46 jobreport.txt
-rw-------. 1 uscms4354 cms    17352 Jul 12 08:18 parseCrabFjr.py
-rw-------. 1 uscms4354 cms      342 Aug  1 03:06 report.log
-rwx--x--x. 1 uscms4354 cms     1497 Jul 12 08:18 report.py
-rw-------. 1 uscms4354 cms      598 Aug  1 04:46 resultCopyFile
-rwx------. 1 uscms4354 cms     8351 Jul 12 08:18 writeCfg.py
-rw-------. 1 uscms4354 cms     8083 Aug  1 04:16 x509up_u41660
>>> Modify Job Report:
CMSSW_VERSION = CMSSW_7_1_0_pre8
/wntmp/condor/compute-12-36/execute/dir_12660/glide_IsRYo1/execute/dir_18656/ProdCommon/FwkJobRep/ModifyJobReport.py fjr /wntmp/condor/compute-12-36/execute/dir_12660/glide_IsRYo1/execute/dir_18656/crab_fjr_43.xml json /wntmp/condor/compute-12-36/execute/dir_12660/glide_IsRYo1/execute/dir_18656/resultCopyFile n_job 43_1_7Zl PrimaryDataset Neutrino_Pt-2to20_gun  ApplicationFamily cmsRun ApplicationName cmsRun cmssw_version CMSSW_7_1_0_pre8 psethash 951aa882d2ac167e3fe15038b4453880
inputDict =  {u'/wntmp/condor/compute-12-36/execute/dir_12660/glide_IsRYo1/execute/dir_18656/cms_CqpOXIQMjjkN/CMSSW_7_1_0_pre8/L1SkimRun_43_1_7Zl.root': {u'endpoint': u'srm://srm-eoscms.cern.ch:8443/srm/v2/server?SFN=/eos/cms/store/user/aelwood/140801_jJets_ngun_PU40bx25/', u'surl_for_grid': u'', u'reason': u"ERROR: problems checking if file /wntmp/condor/compute-12-36/execute/dir_12660/glide_IsRYo1/execute/dir_18656/cms_CqpOXIQMjjkN/CMSSW_7_1_0_pre8/L1SkimRun_43_1_7Zl.root already exist'Error checking [L1SkimRun_43_1_7Zl.root]'", u'erCode': u'60307', u'se_name': u'srm-eoscms.cern.ch', u'for_lfn': u'/copy_problem/'}}
UserProcessedDataset =  
file_name in inputDict =  /wntmp/condor/compute-12-36/execute/dir_12660/glide_IsRYo1/execute/dir_18656/cms_CqpOXIQMjjkN/CMSSW_7_1_0_pre8/L1SkimRun_43_1_7Zl.root
(size) os.stat(filename)[6] =  477865987
checksum =  2394586444
    file =  L1SkimRun_43_1_7Zl.root
    newPfn =  srm://srm-eoscms.cern.ch:8443/srm/v2/server?SFN=/eos/cms/store/user/aelwood/140801_jJets_ngun_PU40bx25/L1SkimRun_43_1_7Zl.root
    newLfn =  /copy_problem/L1SkimRun_43_1_7Zl.root
>>> crab_fjr_*.xml  permission set to 0704
CrabWrapper EXIT_FUNC entered at Fri Aug  1 04:46:32 PDT 2014   -  Fri Aug  1 11:46:32 UTC 2014
Checking output files:  
will tar file crab_fjr_43.xml in  out_files_43
WARNING: output file CMSSW_43.stdout not found!
WARNING: output file CMSSW_43.stderr not found!
WARNING: output file Watchdog_43.log.gz not found!
>>> working dir = /wntmp/condor/compute-12-36/execute/dir_12660/glide_IsRYo1/execute/dir_18656/cms_CqpOXIQMjjkN
>>> current directory (RUNTIME_AREA): /wntmp/condor/compute-12-36/execute/dir_12660/glide_IsRYo1/execute/dir_18656
>>> Remove working directory: /wntmp/condor/compute-12-36/execute/dir_12660/glide_IsRYo1/execute/dir_18656/cms_CqpOXIQMjjkN
/wntmp/condor/compute-12-36/execute/dir_12660/glide_IsRYo1/execute/dir_18656/condor_exec.exe: line 140: symlinks: command not found
>>> padding time: Wrapper lasting more than 600 seconds. No sleep required.
STOPPING WATCHDOG. CrabWatchdog PID is 18899
********** LAST 50 LINES OF WATCHDOG LOG
 Aug 01 03:14:02 PDT	---	665236	933740	144	----	----	----
 Aug 01 03:15:04 PDT	---	665236	933740	153	----	----	----
 Aug 01 03:16:05 PDT	19206	689336	983916	153	331	495	cmsRun -j /wntmp/condor/compute-12-36/execute/dir_12660/glide_IsRYo1/execute/dir_18656/crab_fjr_43.xml -p pset.py      
 Aug 01 03:16:05 PDT	---	689336	983916	164	----	----	----
 Aug 01 03:17:08 PDT	---	689336	983916	177	----	----	----
 Aug 01 03:18:10 PDT	---	689336	983916	182	----	----	----
 Aug 01 03:19:10 PDT	---	689336	983916	190	----	----	----
 Aug 01 03:20:12 PDT	---	689336	983916	201	----	----	----
 Aug 01 03:21:14 PDT	---	689336	983916	207	----	----	----
 Aug 01 03:22:15 PDT	---	689336	983916	214	----	----	----
 Aug 01 03:23:16 PDT	---	689336	983916	224	----	----	----
 Aug 01 03:24:17 PDT	---	689336	983916	234	----	----	----
 Aug 01 03:25:19 PDT	---	689336	983916	247	----	----	----
 Aug 01 03:26:21 PDT	---	689336	983916	258	----	----	----
 Aug 01 03:27:23 PDT	---	689336	983916	269	----	----	----
# TIME			PID	RSS(KB)	VSZ(KB)	Dsk(MB)	tCPU(s)	tWALL(s)	COMMAND
 Aug 01 03:28:25 PDT	---	689336	983916	276	----	----	----
 Aug 01 03:29:25 PDT	---	689336	983916	282	----	----	----
 Aug 01 03:56:43 PDT	---	689336	983916	287	----	----	----
 Aug 01 04:07:50 PDT	---	689336	983916	289	----	----	----
 Aug 01 04:08:52 PDT	---	689336	983916	302	----	----	----
 Aug 01 04:09:53 PDT	---	689336	983916	312	----	----	----
 Aug 01 04:10:56 PDT	---	689336	983916	324	----	----	----
 Aug 01 04:11:58 PDT	---	689336	983916	329	----	----	----
 Aug 01 04:12:58 PDT	---	689336	983916	330	----	----	----
 Aug 01 04:14:00 PDT	---	689336	983916	331	----	----	----
 Aug 01 04:15:00 PDT	---	689336	983916	336	----	----	----
 Aug 01 04:16:01 PDT	---	689336	983916	348	----	----	----
 Aug 01 04:17:03 PDT	---	689336	983916	359	----	----	----
 Aug 01 04:18:04 PDT	---	689336	983916	370	----	----	----
 Aug 01 04:19:06 PDT	---	689336	983916	382	----	----	----
 Aug 01 04:20:08 PDT	---	689336	983916	392	----	----	----
 Aug 01 04:21:09 PDT	---	689336	983916	403	----	----	----
 Aug 01 04:22:11 PDT	---	689336	983916	412	----	----	----
 Aug 01 04:23:14 PDT	---	689336	983916	419	----	----	----
 Aug 01 04:24:14 PDT	---	689336	983916	425	----	----	----
 Aug 01 04:25:16 PDT	---	689336	983916	437	----	----	----
 Aug 01 04:26:16 PDT	---	689336	983916	447	----	----	----
 Aug 01 04:27:18 PDT	---	689336	983916	458	----	----	----
 Aug 01 04:28:19 PDT	---	689336	983916	469	----	----	----
 Aug 01 04:29:21 PDT	---	689336	983916	480	----	----	----
 Aug 01 04:30:23 PDT	---	689336	983916	492	----	----	----
 Aug 01 04:31:24 PDT	---	689336	983916	502	----	----	----
 Aug 01 04:32:25 PDT	---	689336	983916	509	----	----	----
 Aug 01 04:34:26 PDT	---	689336	983916	520	----	----	----
 Aug 01 04:41:31 PDT	---	689336	983916	524	----	----	----
# TIME			PID	RSS(KB)	VSZ(KB)	Dsk(MB)	tCPU(s)	tWALL(s)	COMMAND
 Aug 01 04:42:32 PDT	---	689336	983916	532	----	----	----
 Aug 01 04:43:33 PDT	---	689336	983916	540	----	----	----
 Aug 01 04:44:33 PDT	---	689336	983916	545	----	----	----
********** WATCHDOG LOG ENDED
ZIPPING WATCHDOG LOG
Disk space used:
du -sh /wntmp/condor/compute-12-36/execute/dir_12660/glide_IsRYo1/execute/dir_18656
17M	/wntmp/condor/compute-12-36/execute/dir_12660/glide_IsRYo1/execute/dir_18656
Found unusual stdout, rename for OSB
`/wntmp/condor/compute-12-36/execute/dir_12660/glide_IsRYo1/execute/dir_18656/_condor_stdout' -> `CMSSW_43.stdout'
Found unusual stderr, rename for OSB
`/wntmp/condor/compute-12-36/execute/dir_12660/glide_IsRYo1/execute/dir_18656/_condor_stdout' -> `CMSSW_43.stderr'
crab_fjr_43.xml
CMSSW_43.stdout
CMSSW_43.stderr
Watchdog_43.log.gz
Total Output dimension: 22047
WARNING: output files size limit is set to: 50000000
Total Output dimension 22047 is fine.
JOB_EXIT_STATUS = 60307
>>> info for dashboard:
***** Cat /wntmp/condor/compute-12-36/execute/dir_12660/glide_IsRYo1/execute/dir_18656/jobreport.txt *****
MonitorJobID=43_https://submit-4.t2.ucsd.edu//140801//331280.42
MonitorID=aelwood_140801_jJets_ngun_PU40bx25_1c84ps
ExeTime=5748
ExeExitCode=0
StageOutExitStatusReason = 'ERROR: problems checking if file /wntmp/condor/compute-12-36/execute/dir_12660/glide_IsRYo1/execute/dir_18656/cms_CqpOXIQMjjkN/CMSSW_7_1_0_pre8/L1SkimRun_43_1_7Zl.root already exist Error checking [L1SkimRun_43_1_7Zl.root] '
StageOutSE = srm-eoscms.cern.ch
StageOutExitStatus = 60307
CrabUserCpuTime=1860.65
CrabSysCpuTime=53.25
CrabCpuPercentage=33%
CrabWrapperTime=5983
CrabStageoutTime=140
JobExitCode=60307
***** End Cat jobreport *****
Parameters sent to Dashboard.
EXITING at Fri Aug  1 04:46:37 PDT 2014  -  Fri Aug  1 11:46:37 UTC 2014
