This script was generated by crab (version 2.10.6).
Running /wntmp/condor/compute-6-20/execute/dir_32265/glide_2thRlg/execute/dir_10310/condor_exec.exe with 2 positional parameters: 2 1
Today is Fri Aug  1 03:01:35 PDT 2014 - Fri Aug  1 10:01:35 UTC 2014
Job submitted on host compute-6-20.tier2
Linux compute-6-20.tier2 2.6.32-431.5.1.el6.x86_64 #1 SMP Wed Feb 12 00:41:43 UTC 2014 x86_64 x86_64 x86_64 GNU/Linux
>>> current directory (RUNTIME_AREA): /wntmp/condor/compute-6-20/execute/dir_32265/glide_2thRlg/execute/dir_10310
>>> current user: uid=20804(uscms4354) gid=504(cms) groups=504(cms),65004(glexec65004) context=unconfined_u:system_r:condor_startd_t:s0
>>> directory permission set to 0700
>>> umask set to:  u=rwx,g=,o=
>>> stdout stderr permission set to 0704
>>> voms proxy information:
subject   : /C=UK/O=eScience/OU=Imperial/L=Physics/CN=adam elwood/CN=1171778048/CN=191848141
issuer    : /C=UK/O=eScience/OU=Imperial/L=Physics/CN=adam elwood/CN=1171778048
identity  : /C=UK/O=eScience/OU=Imperial/L=Physics/CN=adam elwood/CN=1171778048
type      : RFC compliant proxy
strength  : 1024 bits
path      : /wntmp/condor/compute-6-20/execute/dir_32265/glide_2thRlg/execute/dir_10310/x509up_u41660
timeleft  : 23:59:57
key usage : Digital Signature, Key Encipherment, Key Agreement
=== VO cms extension information ===
VO        : cms
subject   : /C=UK/O=eScience/OU=Imperial/L=Physics/CN=adam elwood
issuer    : /DC=ch/DC=cern/OU=computers/CN=lcg-voms.cern.ch
attribute : /cms/Role=NULL/Capability=NULL
timeleft  : 191:51:41
uri       : lcg-voms.cern.ch:15002
WNHostName=compute-6-20.tier2
>>> tar --no-same-permissions -xf /wntmp/condor/compute-6-20/execute/dir_32265/glide_2thRlg/execute/dir_10310/default.tgz :
Successful untar
>>> Include /wntmp/condor/compute-6-20/execute/dir_32265/glide_2thRlg/execute/dir_10310 in PYTHONPATH:
strip arguments
env var CRAB_UNIQUE_JOB_ID set to: aelwood_140801_jJets_ngun_PU40bx25_1c84ps_2_1_Oep
out_files_2
>>> list of expected files on output sandbox
output files: crab_fjr_2.xml CMSSW_2.stdout CMSSW_2.stderr Watchdog_2.log.gz
>>> GridFlavour discovery: 
source OSG GRID setup script
GridFlavour=OSG
>>> SyncSite discovery: 
SyncSite=T2_US_Caltech
>>> SyncCE discovery: 
getting SyncCE from OSG_JOB_CONTACT
SyncCE=itb-ce.ultralight.org/jobmanager-condor
>>> info for dashboard:
***** Cat /wntmp/condor/compute-6-20/execute/dir_32265/glide_2thRlg/execute/dir_10310/jobreport.txt *****
WNHostName=compute-6-20.tier2
MonitorJobID=2_https://submit-4.t2.ucsd.edu//140801//331280.1
SyncGridJobId=https://submit-4.t2.ucsd.edu//140801//331280.1
MonitorID=aelwood_140801_jJets_ngun_PU40bx25_1c84ps
GridFlavour=OSG
SyncSite=T2_US_Caltech
SyncCE=itb-ce.ultralight.org/jobmanager-condor
***** End Cat jobreport *****
Parameters sent to Dashboard.
>>> setup environment
set SCRAM ARCH to slc6_amd64_gcc481
SCRAM_ARCH = slc6_amd64_gcc481
>>> Created working directory: /wntmp/condor/compute-6-20/execute/dir_32265/glide_2thRlg/execute/dir_10310/cms_e7LhTNadhELh
Change to working directory: /wntmp/condor/compute-6-20/execute/dir_32265/glide_2thRlg/execute/dir_10310/cms_e7LhTNadhELh
>>> current directory (WORKING_DIR): /wntmp/condor/compute-6-20/execute/dir_32265/glide_2thRlg/execute/dir_10310/cms_e7LhTNadhELh
>>> setup CMS OSG environment:
set SCRAM ARCH to slc6_amd64_gcc481
SCRAM_ARCH = slc6_amd64_gcc481
OSG_APP is /raid1/osg-app
sourcing /raid1/osg-app/cmssoft/cms/cmsset_default.sh ...
==> setup cms environment ok
SCRAM_ARCH = slc6_amd64_gcc481
>>> specific cmssw setup environment:
CMSSW_VERSION =  CMSSW_7_1_0_pre8
>>> current directory (SOFTWARE_DIR): /wntmp/condor/compute-6-20/execute/dir_32265/glide_2thRlg/execute/dir_10310/cms_e7LhTNadhELh/CMSSW_7_1_0_pre8
PreserveSeeds: <>
IncrementSeeds:<>
>>> info for dashboard:
***** Cat /wntmp/condor/compute-6-20/execute/dir_32265/glide_2thRlg/execute/dir_10310/jobreport.txt *****
MonitorJobID=2_https://submit-4.t2.ucsd.edu//140801//331280.1
MonitorID=aelwood_140801_jJets_ngun_PU40bx25_1c84ps
***** End Cat jobreport *****
Parameters sent to Dashboard.
crabWatchdog started as process 23179
>>> moving CMSSW software directories in /wntmp/condor/compute-6-20/execute/dir_32265/glide_2thRlg/execute/dir_10310/cms_e7LhTNadhELh/CMSSW_7_1_0_pre8
mv: cannot stat `/wntmp/condor/compute-6-20/execute/dir_32265/glide_2thRlg/execute/dir_10310/module/': No such file or directory
>>> Include /wntmp/condor/compute-6-20/execute/dir_32265/glide_2thRlg/execute/dir_10310 in PYTHONPATH:
PYTHONPATH=/wntmp/condor/compute-6-20/execute/dir_32265/glide_2thRlg/execute/dir_10310/:/wntmp/condor/compute-6-20/execute/dir_32265/glide_2thRlg/execute/dir_10310/cms_e7LhTNadhELh/CMSSW_7_1_0_pre8/python:/wntmp/condor/compute-6-20/execute/dir_32265/glide_2thRlg/execute/dir_10310/cms_e7LhTNadhELh/CMSSW_7_1_0_pre8/lib/slc6_amd64_gcc481:/cvmfs/cms.cern.ch/slc6_amd64_gcc481/cms/cmssw/CMSSW_7_1_0_pre8/python:/cvmfs/cms.cern.ch/slc6_amd64_gcc481/cms/cmssw/CMSSW_7_1_0_pre8/lib/slc6_amd64_gcc481:/cvmfs/cms.cern.ch/slc6_amd64_gcc481/cms/coral/CORAL_2_3_21-cms20/slc6_amd64_gcc481/python:/cvmfs/cms.cern.ch/slc6_amd64_gcc481/cms/coral/CORAL_2_3_21-cms20/slc6_amd64_gcc481/lib:/cvmfs/cms.cern.ch/slc6_amd64_gcc481/external/pyqt/4.8.1-cms/lib/python2.7/site-packages:/cvmfs/cms.cern.ch/slc6_amd64_gcc481/external/py2-scipy/0.8.0-cms/lib/python2.7/site-packages:/cvmfs/cms.cern.ch/slc6_amd64_gcc481/external/py2-matplotlib/1.2.1-cms/lib/python2.7/site-packages:/cvmfs/cms.cern.ch/slc6_amd64_gcc481/external/yoda/1.0.4/lib/python2.7/site-packages:/cvmfs/cms.cern.ch/slc6_amd64_gcc481/external/python-ldap/2.4.10-cms/lib/python2.7/site-packages:/cvmfs/cms.cern.ch/slc6_amd64_gcc481/external/sip/4.11.2-cms/lib/python2.7/site-packages:/cvmfs/cms.cern.ch/slc6_amd64_gcc481/external/llvm/3.4/lib/python2.7/site-packages:/cvmfs/cms.cern.ch/slc6_amd64_gcc481/external/py2-sqlalchemy/0.8.2-cms2/lib/python2.7/site-packages:/cvmfs/cms.cern.ch/slc6_amd64_gcc481/external/py2-pycurl/7.19.0-cms/lib/python2.7/site-packages:/cvmfs/cms.cern.ch/slc6_amd64_gcc481/external/py2-python-dateutil/1.1-cms/lib/python2.7/site-packages:/cvmfs/cms.cern.ch/slc6_amd64_gcc481/external/py2-numpy/1.6.1-cms/lib/python2.7/site-packages:/cvmfs/cms.cern.ch/slc6_amd64_gcc481/external/py2-lint/0.25.1-cms/lib/python2.7/site-packages:/cvmfs/cms.cern.ch/slc6_amd64_gcc481/external/py2-ipython/0.10-cms/lib/python2.7/site-packages:/cvmfs/cms.cern.ch/slc6_amd64_gcc481/external/py2-cx-oracle/5.1-cms2/lib/python2.7/site-packages:/cvmfs/cms.cern.ch/slc6_amd64_gcc481/external/py2-cjson/1.0.5-cms/lib/python2.7/site-packages:/cvmfs/cms.cern.ch/slc6_amd64_gcc481/external/frontier_client/2.8.10/python/lib:/cvmfs/cms.cern.ch/slc6_amd64_gcc481/cms/das-client/2.5.0/bin:/cvmfs/cms.cern.ch/slc6_amd64_gcc481/external/cython/0.19.1/lib/python2.7/site-packages:/cvmfs/cms.cern.ch/slc6_amd64_gcc481/external/rivet/1.8.2-cms4/lib/python2.7/site-packages:/cvmfs/cms.cern.ch/slc6_amd64_gcc481/external/pyminuit2/0.0.1-cms13/lib/python2.7/site-packages:/cvmfs/cms.cern.ch/slc6_amd64_gcc481/external/py2-pygithub/1.23.0/lib/python2.7/site-packages:/cvmfs/cms.cern.ch/slc6_amd64_gcc481/external/py2-networkx/1.8.1/lib/python2.7/site-packages:/cvmfs/cms.cern.ch/slc6_amd64_gcc481/external/professor/1.0.0-cms13/lib/python2.7/site-packages:/cvmfs/cms.cern.ch/slc6_amd64_gcc481/lcg/root/5.34.18/lib:/cvmfs/cms.cern.ch/slc6_amd64_gcc481/cms/dbs-client/DBS_2_1_9-cms/lib:/cvmfs/cms.cern.ch/slc6_amd64_gcc481/cms/dbs-client/DBS_2_1_9-cms/lib/DBSAPI:/cvmfs/cms.cern.ch/slc6_amd64_gcc481/external/cvs2git/5419-cms/lib:/wntmp/condor/compute-6-20/execute/dir_32265/glide_2thRlg/execute/dir_10310/
 
# LIMITS USED BY CRAB WATCHDOG:
# RSS  (KBytes)   : 2300000
# VSZ  (KBytes)   : 100000000
# DISK (MBytes)   : 19000
# CPU TIME        : 720h:0m:0s
# WALL CLOCK TIME : 21h:50m:0s
 
951aa882d2ac167e3fe15038b4453880
PSETHASH = 951aa882d2ac167e3fe15038b4453880
/wntmp/condor/compute-6-20/execute/dir_32265/glide_2thRlg/execute/dir_10310/writeCfg.py pset.py pset.py
Importing .py file
Setting parameters
RandomNumberGeneratorService found, will attempt to change seeds
inputBlocks=/Neutrino_Pt-2to20_gun/Fall13dr-tsg_PU40bx25_POSTLS162_V2-v1/GEN-SIM-RAW#09b9f490-7aa3-11e3-b1c2-003048f02d38
inputFiles=/store/mc/Fall13dr/Neutrino_Pt-2to20_gun/GEN-SIM-RAW/tsg_PU40bx25_POSTLS162_V2-v1/00002/3C8544F5-D17A-E311-B7E1-00261894385D.root;/store/mc/Fall13dr/Neutrino_Pt-2to20_gun/GEN-SIM-RAW/tsg_PU40bx25_POSTLS162_V2-v1/00002/8ADDB075-D07A-E311-B66D-00261894382D.root;/store/mc/Fall13dr/Neutrino_Pt-2to20_gun/GEN-SIM-RAW/tsg_PU40bx25_POSTLS162_V2-v1/00002/00300E73-D07A-E311-B2DA-0026189438D4.root;/store/mc/Fall13dr/Neutrino_Pt-2to20_gun/GEN-SIM-RAW/tsg_PU40bx25_POSTLS162_V2-v1/00002/FA2D8538-E27A-E311-AAE6-003048679214.root;/store/mc/Fall13dr/Neutrino_Pt-2to20_gun/GEN-SIM-RAW/tsg_PU40bx25_POSTLS162_V2-v1/00002/C89F49F8-E17A-E311-91C1-003048678DD6.root;/store/mc/Fall13dr/Neutrino_Pt-2to20_gun/GEN-SIM-RAW/tsg_PU40bx25_POSTLS162_V2-v1/00002/6669D735-E17A-E311-8C9B-00261894389E.root;/store/mc/Fall13dr/Neutrino_Pt-2to20_gun/GEN-SIM-RAW/tsg_PU40bx25_POSTLS162_V2-v1/00002/D4B5040F-DF7A-E311-9169-003048FFD71E.root
parentFiles=/store/mc/Fall13/Neutrino_Pt-2to20_gun/GEN-SIM/POSTLS162_V1-v4/10000/0E6630EA-AA68-E311-9082-003048F5B2A0.root;/store/mc/Fall13/Neutrino_Pt-2to20_gun/GEN-SIM/POSTLS162_V1-v4/10000/0E6630EA-AA68-E311-9082-003048F5B2A0.root;/store/mc/Fall13/Neutrino_Pt-2to20_gun/GEN-SIM/POSTLS162_V1-v4/10001/921B2C5A-B068-E311-A7EB-90B11C267182.root;/store/mc/Fall13/Neutrino_Pt-2to20_gun/GEN-SIM/POSTLS162_V1-v4/10000/0E75F3DF-AB68-E311-8BA9-003048F5B5F4.root;/store/mc/Fall13/Neutrino_Pt-2to20_gun/GEN-SIM/POSTLS162_V1-v4/10000/3228DBE4-AB68-E311-AFE5-0025904A91F6.root;/store/mc/Fall13/Neutrino_Pt-2to20_gun/GEN-SIM/POSTLS162_V1-v4/10000/7632CAE8-AB68-E311-AA1C-90B11C27EA38.root;/store/mc/Fall13/Neutrino_Pt-2to20_gun/GEN-SIM/POSTLS162_V1-v4/10000/0CD6C959-AC68-E311-8933-003048F5ADEA.root;/store/mc/Fall13/Neutrino_Pt-2to20_gun/GEN-SIM/POSTLS162_V1-v4/10000/32F7F53B-AC68-E311-AE43-003048F5B6A9.root;/store/mc/Fall13/Neutrino_Pt-2to20_gun/GEN-SIM/POSTLS162_V1-v4/10000/F4012258-AB68-E311-8717-0025904AC2CA.root;/store/mc/Fall13/Neutrino_Pt-2to20_gun/GEN-SIM/POSTLS162_V1-v4/10000/1433FB5A-AB68-E311-9ADF-002590491AE4.root;/store/mc/Fall13/Neutrino_Pt-2to20_gun/GEN-SIM/POSTLS162_V1-v4/10000/8E0B195E-AB68-E311-A174-0025904AC2CA.root;/store/mc/Fall13/Neutrino_Pt-2to20_gun/GEN-SIM/POSTLS162_V1-v4/10000/C24871F4-AA68-E311-9366-90B11C1DBFB4.root;/store/mc/Fall13/Neutrino_Pt-2to20_gun/GEN-SIM/POSTLS162_V1-v4/10000/0E6630EA-AA68-E311-9082-003048F5B2A0.root;/store/mc/Fall13/Neutrino_Pt-2to20_gun/GEN-SIM/POSTLS162_V1-v4/10000/542C6E62-AC68-E311-8B06-0025904AC2CA.root;/store/mc/Fall13/Neutrino_Pt-2to20_gun/GEN-SIM/POSTLS162_V1-v4/10000/1A5080F4-AA68-E311-BFFB-90B11C1DBFB4.root;/store/mc/Fall13/Neutrino_Pt-2to20_gun/GEN-SIM/POSTLS162_V1-v4/10000/1433FB5A-AB68-E311-9ADF-002590491AE4.root;/store/mc/Fall13/Neutrino_Pt-2to20_gun/GEN-SIM/POSTLS162_V1-v4/10000/8E0B195E-AB68-E311-A174-0025904AC2CA.root;/store/mc/Fall13/Neutrino_Pt-2to20_gun/GEN-SIM/POSTLS162_V1-v4/10000/C24871F4-AA68-E311-9366-90B11C1DBFB4.root;/store/mc/Fall13/Neutrino_Pt-2to20_gun/GEN-SIM/POSTLS162_V1-v4/10000/0E6630EA-AA68-E311-9082-003048F5B2A0.root;/store/mc/Fall13/Neutrino_Pt-2to20_gun/GEN-SIM/POSTLS162_V1-v4/10001/921B2C5A-B068-E311-A7EB-90B11C267182.root;/store/mc/Fall13/Neutrino_Pt-2to20_gun/GEN-SIM/POSTLS162_V1-v4/10000/0A8C8CED-AB68-E311-80BE-90B11C27F89E.root;/store/mc/Fall13/Neutrino_Pt-2to20_gun/GEN-SIM/POSTLS162_V1-v4/10000/1A5080F4-AA68-E311-BFFB-90B11C1DBFB4.root;/store/mc/Fall13/Neutrino_Pt-2to20_gun/GEN-SIM/POSTLS162_V1-v4/10000/1433FB5A-AB68-E311-9ADF-002590491AE4.root;/store/mc/Fall13/Neutrino_Pt-2to20_gun/GEN-SIM/POSTLS162_V1-v4/10000/C24871F4-AA68-E311-9366-90B11C1DBFB4.root;/store/mc/Fall13/Neutrino_Pt-2to20_gun/GEN-SIM/POSTLS162_V1-v4/10000/0E6630EA-AA68-E311-9082-003048F5B2A0.root;/store/mc/Fall13/Neutrino_Pt-2to20_gun/GEN-SIM/POSTLS162_V1-v4/10000/0A8C8CED-AB68-E311-80BE-90B11C27F89E.root;/store/mc/Fall13/Neutrino_Pt-2to20_gun/GEN-SIM/POSTLS162_V1-v4/10000/1A5080F4-AA68-E311-BFFB-90B11C1DBFB4.root;/store/mc/Fall13/Neutrino_Pt-2to20_gun/GEN-SIM/POSTLS162_V1-v4/10000/F4012258-AB68-E311-8717-0025904AC2CA.root;/store/mc/Fall13/Neutrino_Pt-2to20_gun/GEN-SIM/POSTLS162_V1-v4/10000/1433FB5A-AB68-E311-9ADF-002590491AE4.root;/store/mc/Fall13/Neutrino_Pt-2to20_gun/GEN-SIM/POSTLS162_V1-v4/10000/C24871F4-AA68-E311-9366-90B11C1DBFB4.root;/store/mc/Fall13/Neutrino_Pt-2to20_gun/GEN-SIM/POSTLS162_V1-v4/10000/0E6630EA-AA68-E311-9082-003048F5B2A0.root;/store/mc/Fall13/Neutrino_Pt-2to20_gun/GEN-SIM/POSTLS162_V1-v4/10000/C004547E-AC68-E311-9972-003048F5B2A0.root;/store/mc/Fall13/Neutrino_Pt-2to20_gun/GEN-SIM/POSTLS162_V1-v4/10000/C24871F4-AA68-E311-9366-90B11C1DBFB4.root;/store/mc/Fall13/Neutrino_Pt-2to20_gun/GEN-SIM/POSTLS162_V1-v4/10000/0E6630EA-AA68-E311-9082-003048F5B2A0.root
lumisRange=
>>> Executable cmsRun
/cvmfs/cms.cern.ch/slc6_amd64_gcc481/cms/cmssw/CMSSW_7_1_0_pre8/bin/slc6_amd64_gcc481/cmsRun
ok executable found
>>> info for dashboard:
***** Cat /wntmp/condor/compute-6-20/execute/dir_32265/glide_2thRlg/execute/dir_10310/jobreport.txt *****
MonitorJobID=2_https://submit-4.t2.ucsd.edu//140801//331280.1
MonitorID=aelwood_140801_jJets_ngun_PU40bx25_1c84ps
ExeStart=cmsRun
***** End Cat jobreport *****
Parameters sent to Dashboard.
>>> cmsRun started at Fri Aug  1 10:02:13 UTC 2014
>>> cmsRun ended at Fri Aug  1 11:32:54 UTC 2014
>>> crab_fjr_*.xml  permission set to 0704
>>> info for dashboard:
***** Cat /wntmp/condor/compute-6-20/execute/dir_32265/glide_2thRlg/execute/dir_10310/jobreport.txt *****
MonitorJobID=2_https://submit-4.t2.ucsd.edu//140801//331280.1
MonitorID=aelwood_140801_jJets_ngun_PU40bx25_1c84ps
ExeEnd=cmsRun
***** End Cat jobreport *****
Parameters sent to Dashboard.
TIME_EXE = 5441 sec
>>> cmsRun wrote 60 lines of stdout+stderr
>>> START OF printout of 60 lines from stdout+stderr
==> using COND/Services/RelationalAuthenticationService for auth, sys 1
==> using COND/Services/RelationalAuthenticationService for auth, sys 1
01-Aug-2014 03:03:17 PDT  Initiating request to open file /mnt/hadoop/store/mc/Fall13dr/Neutrino_Pt-2to20_gun/GEN-SIM-RAW/tsg_PU40bx25_POSTLS162_V2-v1/00002/3C8544F5-D17A-E311-B7E1-00261894385D.root
01-Aug-2014 03:03:20 PDT  Successfully opened file /mnt/hadoop/store/mc/Fall13dr/Neutrino_Pt-2to20_gun/GEN-SIM-RAW/tsg_PU40bx25_POSTLS162_V2-v1/00002/3C8544F5-D17A-E311-B7E1-00261894385D.root
01-Aug-2014 03:03:22 PDT  Initiating request to open file /mnt/hadoop/store/mc/Fall13/Neutrino_Pt-2to20_gun/GEN-SIM/POSTLS162_V1-v4/10000/0E6630EA-AA68-E311-9082-003048F5B2A0.root
01-Aug-2014 03:03:22 PDT  Fallback request to file root://cmsxrootd.fnal.gov//store/mc/Fall13/Neutrino_Pt-2to20_gun/GEN-SIM/POSTLS162_V1-v4/10000/0E6630EA-AA68-E311-9082-003048F5B2A0.root
140801 03:03:26 31211 Xrd: CheckErrorStatus: Server [cmssrmdisk.fnal.gov:1095] declared: Request 3018 not supported(error code: 3013)
01-Aug-2014 03:03:26 PDT  Successfully opened file root://cmsxrootd.fnal.gov//store/mc/Fall13/Neutrino_Pt-2to20_gun/GEN-SIM/POSTLS162_V1-v4/10000/0E6630EA-AA68-E311-9082-003048F5B2A0.root
01-Aug-2014 03:03:36 PDT  Closed file root://cmsxrootd.fnal.gov//store/mc/Fall13/Neutrino_Pt-2to20_gun/GEN-SIM/POSTLS162_V1-v4/10000/0E6630EA-AA68-E311-9082-003048F5B2A0.root
Stage1Layer2Producer -- Running pp implementation


----------------------------------------
Begin: L1CaloTowerProducer
----------------------------------------

01-Aug-2014 03:05:51 PDT  Closed file /mnt/hadoop/store/mc/Fall13dr/Neutrino_Pt-2to20_gun/GEN-SIM-RAW/tsg_PU40bx25_POSTLS162_V2-v1/00002/3C8544F5-D17A-E311-B7E1-00261894385D.root
01-Aug-2014 03:05:51 PDT  Initiating request to open file /mnt/hadoop/store/mc/Fall13dr/Neutrino_Pt-2to20_gun/GEN-SIM-RAW/tsg_PU40bx25_POSTLS162_V2-v1/00002/8ADDB075-D07A-E311-B66D-00261894382D.root
01-Aug-2014 03:05:51 PDT  Successfully opened file /mnt/hadoop/store/mc/Fall13dr/Neutrino_Pt-2to20_gun/GEN-SIM-RAW/tsg_PU40bx25_POSTLS162_V2-v1/00002/8ADDB075-D07A-E311-B66D-00261894382D.root
140801 03:08:52 3040 Xrd: XrdClientMessage::ReadRaw: Failed to read header (8 bytes).
140801 03:08:53 3652 Xrd: XrdClientMessage::ReadRaw: Failed to read header (8 bytes).
01-Aug-2014 03:15:01 PDT  Closed file /mnt/hadoop/store/mc/Fall13dr/Neutrino_Pt-2to20_gun/GEN-SIM-RAW/tsg_PU40bx25_POSTLS162_V2-v1/00002/8ADDB075-D07A-E311-B66D-00261894382D.root
01-Aug-2014 03:15:01 PDT  Initiating request to open file /mnt/hadoop/store/mc/Fall13dr/Neutrino_Pt-2to20_gun/GEN-SIM-RAW/tsg_PU40bx25_POSTLS162_V2-v1/00002/00300E73-D07A-E311-B2DA-0026189438D4.root
01-Aug-2014 03:15:01 PDT  Successfully opened file /mnt/hadoop/store/mc/Fall13dr/Neutrino_Pt-2to20_gun/GEN-SIM-RAW/tsg_PU40bx25_POSTLS162_V2-v1/00002/00300E73-D07A-E311-B2DA-0026189438D4.root
140801 03:23:52 2461 Xrd: XrdClientMessage::ReadRaw: Failed to read header (8 bytes).
140801 03:23:53 3212 Xrd: XrdClientMessage::ReadRaw: Failed to read header (8 bytes).
140801 03:23:53 2207 Xrd: XrdClientMessage::ReadRaw: Failed to read header (8 bytes).
01-Aug-2014 03:25:41 PDT  Closed file /mnt/hadoop/store/mc/Fall13dr/Neutrino_Pt-2to20_gun/GEN-SIM-RAW/tsg_PU40bx25_POSTLS162_V2-v1/00002/00300E73-D07A-E311-B2DA-0026189438D4.root
01-Aug-2014 03:25:41 PDT  Initiating request to open file /mnt/hadoop/store/mc/Fall13dr/Neutrino_Pt-2to20_gun/GEN-SIM-RAW/tsg_PU40bx25_POSTLS162_V2-v1/00002/FA2D8538-E27A-E311-AAE6-003048679214.root
01-Aug-2014 03:25:43 PDT  Successfully opened file /mnt/hadoop/store/mc/Fall13dr/Neutrino_Pt-2to20_gun/GEN-SIM-RAW/tsg_PU40bx25_POSTLS162_V2-v1/00002/FA2D8538-E27A-E311-AAE6-003048679214.root
01-Aug-2014 03:33:31 PDT  Closed file /mnt/hadoop/store/mc/Fall13dr/Neutrino_Pt-2to20_gun/GEN-SIM-RAW/tsg_PU40bx25_POSTLS162_V2-v1/00002/FA2D8538-E27A-E311-AAE6-003048679214.root
01-Aug-2014 03:33:31 PDT  Initiating request to open file /mnt/hadoop/store/mc/Fall13dr/Neutrino_Pt-2to20_gun/GEN-SIM-RAW/tsg_PU40bx25_POSTLS162_V2-v1/00002/C89F49F8-E17A-E311-91C1-003048678DD6.root
01-Aug-2014 03:33:31 PDT  Successfully opened file /mnt/hadoop/store/mc/Fall13dr/Neutrino_Pt-2to20_gun/GEN-SIM-RAW/tsg_PU40bx25_POSTLS162_V2-v1/00002/C89F49F8-E17A-E311-91C1-003048678DD6.root
01-Aug-2014 03:39:02 PDT  Closed file /mnt/hadoop/store/mc/Fall13dr/Neutrino_Pt-2to20_gun/GEN-SIM-RAW/tsg_PU40bx25_POSTLS162_V2-v1/00002/C89F49F8-E17A-E311-91C1-003048678DD6.root
01-Aug-2014 03:39:02 PDT  Initiating request to open file /mnt/hadoop/store/mc/Fall13dr/Neutrino_Pt-2to20_gun/GEN-SIM-RAW/tsg_PU40bx25_POSTLS162_V2-v1/00002/6669D735-E17A-E311-8C9B-00261894389E.root
01-Aug-2014 03:39:02 PDT  Successfully opened file /mnt/hadoop/store/mc/Fall13dr/Neutrino_Pt-2to20_gun/GEN-SIM-RAW/tsg_PU40bx25_POSTLS162_V2-v1/00002/6669D735-E17A-E311-8C9B-00261894389E.root
01-Aug-2014 03:52:26 PDT  Closed file /mnt/hadoop/store/mc/Fall13dr/Neutrino_Pt-2to20_gun/GEN-SIM-RAW/tsg_PU40bx25_POSTLS162_V2-v1/00002/6669D735-E17A-E311-8C9B-00261894389E.root
01-Aug-2014 03:52:26 PDT  Initiating request to open file /mnt/hadoop/store/mc/Fall13dr/Neutrino_Pt-2to20_gun/GEN-SIM-RAW/tsg_PU40bx25_POSTLS162_V2-v1/00002/D4B5040F-DF7A-E311-9169-003048FFD71E.root
01-Aug-2014 03:52:27 PDT  Successfully opened file /mnt/hadoop/store/mc/Fall13dr/Neutrino_Pt-2to20_gun/GEN-SIM-RAW/tsg_PU40bx25_POSTLS162_V2-v1/00002/D4B5040F-DF7A-E311-9169-003048FFD71E.root
01-Aug-2014 04:32:42 PDT  Closed file /mnt/hadoop/store/mc/Fall13dr/Neutrino_Pt-2to20_gun/GEN-SIM-RAW/tsg_PU40bx25_POSTLS162_V2-v1/00002/D4B5040F-DF7A-E311-9169-003048FFD71E.root

=============================================

MessageLogger Summary

 type     category        sev    module        subroutine        count    total
 ---- -------------------- -- ---------------- ----------------  -----    -----
    1 fileAction           -s AfterFile                              4        4
    2 fileAction           -s file_close                             7        7
    3 fileAction           -s file_open                             14       14

 type    category    Examples: run/evt        run/evt          run/evt
 ---- -------------------- ---------------- ---------------- ----------------
    1 fileAction           pre-events       pre-events       pre-events
    2 fileAction           PostProcessEvent PostProcessEvent PostEndRun
    3 fileAction           pre-events       pre-events       PostProcessEvent

Severity    # Occurrences   Total Occurrences
--------    -------------   -----------------
System                 25                  25
>>> END OF printout of 60 lines from stdout+stderr
>>> Parse FrameworkJobReport crab_fjr.xml
Result of parsing the FrameworkJobReport crab_fjr.xml: 
Extracted ExitStatus from FrameworkJobReport parsing output: 0
>>> Executable succeded  0
ExeExitCode=0
EXECUTABLE_EXIT_STATUS = 0
>>> current directory /wntmp/condor/compute-6-20/execute/dir_32265/glide_2thRlg/execute/dir_10310/cms_e7LhTNadhELh/CMSSW_7_1_0_pre8
>>>  (SOFTWARE_DIR): /wntmp/condor/compute-6-20/execute/dir_32265/glide_2thRlg/execute/dir_10310/cms_e7LhTNadhELh/CMSSW_7_1_0_pre8
>>> (WORKING_DIR): /wntmp/condor/compute-6-20/execute/dir_32265/glide_2thRlg/execute/dir_10310/cms_e7LhTNadhELh
>>> current directory content:
total 468480
drwxr-xr-x. 3 uscms4354 cms      4096 Aug  1 03:01 .SCRAM
-rw-------. 1 uscms4354 cms    916533 Aug  1 03:01 CMSSW.py.pkl
-rw-------. 1 uscms4354 cms 477797880 Aug  1 04:32 L1SkimRun.root
drwxr-xr-x. 3 uscms4354 cms      4096 Aug  1 03:01 bin
drwxr-xr-x. 3 uscms4354 cms      4096 Aug  1 03:01 cfipython
drwxr-xr-x. 4 uscms4354 cms      4096 Aug  1 03:01 config
-rw-------. 1 uscms4354 cms        18 Aug  1 04:32 cpu_timing.txt
drwxr-xr-x. 2 uscms4354 cms      4096 Aug  1 03:01 doc
-rw-------. 1 uscms4354 cms      6573 Aug  1 04:32 executable.out
drwxr-xr-x. 2 uscms4354 cms      4096 Aug  1 03:01 include
drwx------. 3 uscms4354 cms      4096 Aug  1 00:37 lib
drwxr-xr-x. 3 uscms4354 cms      4096 Aug  1 03:01 logs
drwxr-xr-x. 3 uscms4354 cms      4096 Aug  1 03:01 objs
-rw-------. 1 uscms4354 cms       104 Aug  1 03:02 pset.py
-rw-------. 1 uscms4354 cms    923373 Aug  1 03:02 pset.py.pkl
-rw-------. 1 uscms4354 cms       289 Aug  1 03:02 pset.pyc
drwxr-xr-x. 2 uscms4354 cms      4096 Aug  1 03:01 python
-rw-------. 1 uscms4354 cms       413 Aug  1 04:33 report.log
drwx------. 5 uscms4354 cms      4096 Aug  1 03:01 src
drwxr-xr-x. 3 uscms4354 cms      4096 Aug  1 03:01 test
drwxr-xr-x. 3 uscms4354 cms      4096 Aug  1 03:01 tmp
>>> current directory /wntmp/condor/compute-6-20/execute/dir_32265/glide_2thRlg/execute/dir_10310/cms_e7LhTNadhELh/CMSSW_7_1_0_pre8
>>> (SOFTWARE_DIR): /wntmp/condor/compute-6-20/execute/dir_32265/glide_2thRlg/execute/dir_10310/cms_e7LhTNadhELh/CMSSW_7_1_0_pre8
>>> (WORKING_DIR): /wntmp/condor/compute-6-20/execute/dir_32265/glide_2thRlg/execute/dir_10310/cms_e7LhTNadhELh
>>> current directory content:
total 468480
drwxr-xr-x. 3 uscms4354 cms      4096 Aug  1 03:01 .SCRAM
-rw-------. 1 uscms4354 cms    916533 Aug  1 03:01 CMSSW.py.pkl
-rw-------. 1 uscms4354 cms 477797880 Aug  1 04:32 L1SkimRun_2_1_Oep.root
drwxr-xr-x. 3 uscms4354 cms      4096 Aug  1 03:01 bin
drwxr-xr-x. 3 uscms4354 cms      4096 Aug  1 03:01 cfipython
drwxr-xr-x. 4 uscms4354 cms      4096 Aug  1 03:01 config
-rw-------. 1 uscms4354 cms        18 Aug  1 04:32 cpu_timing.txt
drwxr-xr-x. 2 uscms4354 cms      4096 Aug  1 03:01 doc
-rw-------. 1 uscms4354 cms      6573 Aug  1 04:32 executable.out
drwxr-xr-x. 2 uscms4354 cms      4096 Aug  1 03:01 include
drwx------. 3 uscms4354 cms      4096 Aug  1 00:37 lib
drwxr-xr-x. 3 uscms4354 cms      4096 Aug  1 03:01 logs
drwxr-xr-x. 3 uscms4354 cms      4096 Aug  1 03:01 objs
-rw-------. 1 uscms4354 cms       104 Aug  1 03:02 pset.py
-rw-------. 1 uscms4354 cms    923373 Aug  1 03:02 pset.py.pkl
-rw-------. 1 uscms4354 cms       289 Aug  1 03:02 pset.pyc
drwxr-xr-x. 2 uscms4354 cms      4096 Aug  1 03:01 python
-rw-------. 1 uscms4354 cms       413 Aug  1 04:33 report.log
drwx------. 5 uscms4354 cms      4096 Aug  1 03:01 src
drwxr-xr-x. 3 uscms4354 cms      4096 Aug  1 03:01 test
drwxr-xr-x. 3 uscms4354 cms      4096 Aug  1 03:01 tmp
>>> current directory (RUNTIME_AREA):  /wntmp/condor/compute-6-20/execute/dir_32265/glide_2thRlg/execute/dir_10310
SE = srm-eoscms.cern.ch
SE_PATH = /srm/v2/server?SFN=/eos/cms/store/user/aelwood/140801_jJets_ngun_PU40bx25/
LFNBaseName = /store/user/aelwood/140801_jJets_ngun_PU40bx25/
USER = aelwood
endpoint = srm://srm-eoscms.cern.ch:8443/srm/v2/server?SFN=/eos/cms/store/user/aelwood/140801_jJets_ngun_PU40bx25/
>>> Copy output files from WN = compute-6-20.tier2 to /srm/v2/server?SFN=/eos/cms/store/user/aelwood/140801_jJets_ngun_PU40bx25/ :
python cmscp.py  --destination srm://srm-eoscms.cern.ch:8443/srm/v2/server?SFN=/eos/cms/store/user/aelwood/140801_jJets_ngun_PU40bx25/ --inputFileList /wntmp/condor/compute-6-20/execute/dir_32265/glide_2thRlg/execute/dir_10310/cms_e7LhTNadhELh/CMSSW_7_1_0_pre8/L1SkimRun_2_1_Oep.root --middleware OSG --se_name srm-eoscms.cern.ch --for_lfn /store/user/aelwood/140801_jJets_ngun_PU40bx25/    
******************************************************
localSeName  =  cit-se.ultralight.org
remoteSeName =  srm-eoscms.cern.ch
******************************************************
{"/wntmp/condor/compute-6-20/execute/dir_32265/glide_2thRlg/execute/dir_10310/cms_e7LhTNadhELh/CMSSW_7_1_0_pre8/L1SkimRun_2_1_Oep.root": {"endpoint": "srm://srm-eoscms.cern.ch:8443/srm/v2/server?SFN=/eos/cms/store/user/aelwood/140801_jJets_ngun_PU40bx25/", "surl_for_grid": "", "reason": "Copy succedeed with srm-lcg utils", "erCode": "0", "se_name": "srm-eoscms.cern.ch", "for_lfn": "/store/user/aelwood/140801_jJets_ngun_PU40bx25/"}}/wntmp/condor/compute-6-20/execute/dir_32265/glide_2thRlg/execute/dir_10310
-------- cat /wntmp/condor/compute-6-20/execute/dir_32265/glide_2thRlg/execute/dir_10310/cmscpReport.sh 
#!/bin/bash
echo "Report for File: /wntmp/condor/compute-6-20/execute/dir_32265/glide_2thRlg/execute/dir_10310/cms_e7LhTNadhELh/CMSSW_7_1_0_pre8/L1SkimRun_2_1_Oep.root"
echo "LFN: /store/user/aelwood/140801_jJets_ngun_PU40bx25/L1SkimRun_2_1_Oep.root"
echo "StorageElement: srm-eoscms.cern.ch"
echo "StageOutExitStatusReason = 'Copy succedeed with srm-lcg utils'" | tee -a $RUNTIME_AREA/$repo
echo "StageOutSE = srm-eoscms.cern.ch" >> $RUNTIME_AREA/$repo

export StageOutExitStatus=0
echo "StageOutExitStatus = 0" | tee -a $RUNTIME_AREA/$repo
-------- end of /wntmp/condor/compute-6-20/execute/dir_32265/glide_2thRlg/execute/dir_10310/cmscpReport.sh 
Report for File: /wntmp/condor/compute-6-20/execute/dir_32265/glide_2thRlg/execute/dir_10310/cms_e7LhTNadhELh/CMSSW_7_1_0_pre8/L1SkimRun_2_1_Oep.root
LFN: /store/user/aelwood/140801_jJets_ngun_PU40bx25/L1SkimRun_2_1_Oep.root
StorageElement: srm-eoscms.cern.ch
StageOutExitStatusReason = 'Copy succedeed with srm-lcg utils'
StageOutExitStatus = 0
>>> current dir: /wntmp/condor/compute-6-20/execute/dir_32265/glide_2thRlg/execute/dir_10310
>>> current dir content:
total 15124
-rw-------. 1 uscms4354 cms     4432 Aug  1 04:34 .SEinteraction.log
-rwx------. 1 uscms4354 cms     6623 Aug  1 03:01 .job.ad
-rwx------. 1 uscms4354 cms     9418 Aug  1 03:01 .machine.ad
-rw-------. 1 uscms4354 cms      105 Aug  1 02:57 CMSSW.py
-rw-------. 1 uscms4354 cms   916533 Aug  1 02:57 CMSSW.py.pkl
-rwx------. 1 uscms4354 cms    28576 Aug  1 03:01 CMSSW.sh
-rw-------. 1 uscms4354 cms      182 Aug  1 03:01 CacheEnv.sh
-rw-------. 1 uscms4354 cms     7291 Jul 12 08:18 DashboardAPI.py
-rw-------. 1 uscms4354 cms     6755 Aug  1 03:01 DashboardAPI.pyc
drwx------. 2 uscms4354 cms     4096 Aug  1 04:33 IMProv
lrwxrwxrwx. 1 uscms4354 cms      132 Aug  1 04:33 L1SkimRun.root -> /wntmp/condor/compute-6-20/execute/dir_32265/glide_2thRlg/execute/dir_10310/cms_e7LhTNadhELh/CMSSW_7_1_0_pre8/L1SkimRun_2_1_Oep.root
-rw-------. 1 uscms4354 cms     2748 Jul 12 08:18 Logger.py
-rw-------. 1 uscms4354 cms     3327 Aug  1 03:01 Logger.pyc
-rw-------. 1 uscms4354 cms    24524 Jul 12 08:18 ProcInfo.py
-rw-------. 1 uscms4354 cms    23101 Aug  1 03:01 ProcInfo.pyc
drwx------. 7 uscms4354 cms     4096 Aug  1 03:02 ProdCommon
drwx------. 3 uscms4354 cms     4096 Aug  1 03:01 WMCore
-rw-------. 1 uscms4354 cms     7511 Aug  1 04:32 Watchdog_2.log
-rwx------. 1 uscms4354 cms        0 Aug  1 03:01 _condor_stderr
-rwx---r--. 1 uscms4354 cms    26983 Aug  1 04:34 _condor_stdout
-rw-------. 1 uscms4354 cms    32895 Jul 12 08:18 apmon.py
-rw-------. 1 uscms4354 cms    28509 Aug  1 03:01 apmon.pyc
-rwx------. 1 uscms4354 cms   240046 Aug  1 03:01 arguments.xml
drwx------. 3 uscms4354 cms     4096 Aug  1 03:01 cms_e7LhTNadhELh
-rwx------. 1 uscms4354 cms    38524 Jul 12 08:18 cmscp.py
-rw-------. 1 uscms4354 cms      542 Aug  1 04:34 cmscpReport.sh
-rwx------. 1 uscms4354 cms    28576 Aug  1 03:01 condor_exec.exe
-rw-------. 1 uscms4354 cms      759 Aug  1 02:56 crab.cfg
-rwx------. 1 uscms4354 cms     8610 Jul 12 08:18 crabWatchdog.sh
-rwx---r--. 1 uscms4354 cms    76611 Aug  1 04:32 crab_fjr_2.xml
-rwx------. 1 uscms4354 cms 13818897 Aug  1 03:01 default.tgz
-rwx------. 1 uscms4354 cms     4488 Jul 12 08:18 fillCrabFjr.py
-rw-------. 1 uscms4354 cms     4841 Aug  1 03:02 inputsReport.txt
-rw-------. 1 uscms4354 cms      259 Aug  1 04:34 jobreport.txt
-rw-------. 1 uscms4354 cms    17352 Jul 12 08:18 parseCrabFjr.py
-rw-------. 1 uscms4354 cms      330 Aug  1 03:01 report.log
-rwx--x--x. 1 uscms4354 cms     1497 Jul 12 08:18 report.py
-rw-------. 1 uscms4354 cms      435 Aug  1 04:34 resultCopyFile
-rwx------. 1 uscms4354 cms     8351 Jul 12 08:18 writeCfg.py
-rw-------. 1 uscms4354 cms     8083 Aug  1 04:21 x509up_u41660
>>> Modify Job Report:
CMSSW_VERSION = CMSSW_7_1_0_pre8
/wntmp/condor/compute-6-20/execute/dir_32265/glide_2thRlg/execute/dir_10310/ProdCommon/FwkJobRep/ModifyJobReport.py fjr /wntmp/condor/compute-6-20/execute/dir_32265/glide_2thRlg/execute/dir_10310/crab_fjr_2.xml json /wntmp/condor/compute-6-20/execute/dir_32265/glide_2thRlg/execute/dir_10310/resultCopyFile n_job 2_1_Oep PrimaryDataset Neutrino_Pt-2to20_gun  ApplicationFamily cmsRun ApplicationName cmsRun cmssw_version CMSSW_7_1_0_pre8 psethash 951aa882d2ac167e3fe15038b4453880
inputDict =  {u'/wntmp/condor/compute-6-20/execute/dir_32265/glide_2thRlg/execute/dir_10310/cms_e7LhTNadhELh/CMSSW_7_1_0_pre8/L1SkimRun_2_1_Oep.root': {u'endpoint': u'srm://srm-eoscms.cern.ch:8443/srm/v2/server?SFN=/eos/cms/store/user/aelwood/140801_jJets_ngun_PU40bx25/', u'surl_for_grid': u'', u'reason': u'Copy succedeed with srm-lcg utils', u'erCode': u'0', u'se_name': u'srm-eoscms.cern.ch', u'for_lfn': u'/store/user/aelwood/140801_jJets_ngun_PU40bx25/'}}
UserProcessedDataset =  
file_name in inputDict =  /wntmp/condor/compute-6-20/execute/dir_32265/glide_2thRlg/execute/dir_10310/cms_e7LhTNadhELh/CMSSW_7_1_0_pre8/L1SkimRun_2_1_Oep.root
(size) os.stat(filename)[6] =  477797880
checksum =  2814193260
    file =  L1SkimRun_2_1_Oep.root
    newPfn =  srm://srm-eoscms.cern.ch:8443/srm/v2/server?SFN=/eos/cms/store/user/aelwood/140801_jJets_ngun_PU40bx25/L1SkimRun_2_1_Oep.root
    newLfn =  /store/user/aelwood/140801_jJets_ngun_PU40bx25/L1SkimRun_2_1_Oep.root
>>> crab_fjr_*.xml  permission set to 0704
CrabWrapper EXIT_FUNC entered at Fri Aug  1 04:34:52 PDT 2014   -  Fri Aug  1 11:34:52 UTC 2014
Checking output files:  
will tar file crab_fjr_2.xml in  out_files_2
WARNING: output file CMSSW_2.stdout not found!
WARNING: output file CMSSW_2.stderr not found!
WARNING: output file Watchdog_2.log.gz not found!
>>> working dir = /wntmp/condor/compute-6-20/execute/dir_32265/glide_2thRlg/execute/dir_10310/cms_e7LhTNadhELh
>>> current directory (RUNTIME_AREA): /wntmp/condor/compute-6-20/execute/dir_32265/glide_2thRlg/execute/dir_10310
>>> Remove working directory: /wntmp/condor/compute-6-20/execute/dir_32265/glide_2thRlg/execute/dir_10310/cms_e7LhTNadhELh
/wntmp/condor/compute-6-20/execute/dir_32265/glide_2thRlg/execute/dir_10310/condor_exec.exe: line 140: symlinks: command not found
>>> padding time: Wrapper lasting more than 600 seconds. No sleep required.
STOPPING WATCHDOG. CrabWatchdog PID is 23179
********** LAST 50 LINES OF WATCHDOG LOG
 Aug 01 03:16:31 PDT	---	670012	938604	200	----	----	----
# TIME			PID	RSS(KB)	VSZ(KB)	Dsk(MB)	tCPU(s)	tWALL(s)	COMMAND
 Aug 01 03:17:33 PDT	31211	670152	938604	200	615	936	cmsRun -j /wntmp/condor/compute-6-20/execute/dir_32265/glide_2thRlg/execute/dir_10310/crab_fjr_2.xml -p pset.py      
 Aug 01 03:17:33 PDT	---	670152	938604	206	----	----	----
 Aug 01 03:18:36 PDT	31211	670600	938604	206	651	999	cmsRun -j /wntmp/condor/compute-6-20/execute/dir_32265/glide_2thRlg/execute/dir_10310/crab_fjr_2.xml -p pset.py      
 Aug 01 03:18:36 PDT	---	670600	938604	214	----	----	----
 Aug 01 03:19:38 PDT	---	670600	938604	223	----	----	----
 Aug 01 03:20:41 PDT	---	670600	938604	231	----	----	----
 Aug 01 03:21:43 PDT	---	670600	938604	241	----	----	----
 Aug 01 03:22:45 PDT	31211	695252	988780	241	839	1248	cmsRun -j /wntmp/condor/compute-6-20/execute/dir_32265/glide_2thRlg/execute/dir_10310/crab_fjr_2.xml -p pset.py      
 Aug 01 03:22:45 PDT	---	695252	988780	252	----	----	----
 Aug 01 03:23:48 PDT	31211	695708	988780	252	888	1310	cmsRun -j /wntmp/condor/compute-6-20/execute/dir_32265/glide_2thRlg/execute/dir_10310/crab_fjr_2.xml -p pset.py      
 Aug 01 03:23:48 PDT	---	695708	988780	260	----	----	----
 Aug 01 03:24:50 PDT	---	695708	988780	270	----	----	----
 Aug 01 03:25:52 PDT	---	695708	988780	278	----	----	----
 Aug 01 03:26:54 PDT	---	695708	988780	287	----	----	----
 Aug 01 03:27:57 PDT	---	695708	988780	297	----	----	----
 Aug 01 03:28:59 PDT	---	695708	988780	307	----	----	----
 Aug 01 03:30:01 PDT	---	695708	988780	316	----	----	----
 Aug 01 03:31:03 PDT	---	695708	988780	326	----	----	----
 Aug 01 03:32:05 PDT	---	695708	988780	335	----	----	----
 Aug 01 03:33:07 PDT	---	695708	988780	345	----	----	----
 Aug 01 03:34:09 PDT	---	695708	988780	355	----	----	----
 Aug 01 03:35:11 PDT	---	695708	988780	364	----	----	----
 Aug 01 03:36:13 PDT	---	695708	988780	376	----	----	----
 Aug 01 03:37:17 PDT	---	695708	988780	386	----	----	----
 Aug 01 03:38:18 PDT	---	695708	988780	395	----	----	----
 Aug 01 03:39:20 PDT	---	695708	988780	405	----	----	----
 Aug 01 03:40:22 PDT	---	695708	988780	410	----	----	----
 Aug 01 03:45:29 PDT	---	695708	988780	412	----	----	----
 Aug 01 03:46:30 PDT	---	695708	988780	420	----	----	----
 Aug 01 03:47:31 PDT	---	695708	988780	430	----	----	----
# TIME			PID	RSS(KB)	VSZ(KB)	Dsk(MB)	tCPU(s)	tWALL(s)	COMMAND
 Aug 01 03:48:32 PDT	---	695708	988780	438	----	----	----
 Aug 01 03:49:33 PDT	---	695708	988780	447	----	----	----
 Aug 01 03:50:35 PDT	---	695708	988780	457	----	----	----
 Aug 01 03:51:36 PDT	---	695708	988780	467	----	----	----
 Aug 01 03:52:37 PDT	---	695708	988780	473	----	----	----
 Aug 01 03:53:39 PDT	---	695708	988780	474	----	----	----
 Aug 01 03:54:40 PDT	---	695708	988780	475	----	----	----
 Aug 01 03:55:41 PDT	---	695708	988780	482	----	----	----
 Aug 01 03:56:43 PDT	---	695708	988780	491	----	----	----
 Aug 01 03:57:44 PDT	---	695708	988780	496	----	----	----
 Aug 01 03:58:45 PDT	---	695708	988780	497	----	----	----
 Aug 01 03:59:47 PDT	---	695708	988780	505	----	----	----
 Aug 01 04:28:45 PDT	---	695708	988780	506	----	----	----
 Aug 01 04:29:47 PDT	---	695708	988780	516	----	----	----
 Aug 01 04:30:50 PDT	---	695708	988780	523	----	----	----
 Aug 01 04:31:52 PDT	---	695708	988780	534	----	----	----
 Aug 01 04:32:54 PDT	---	695708	988780	544	----	----	----
********** WATCHDOG LOG ENDED
ZIPPING WATCHDOG LOG
Disk space used:
du -sh /wntmp/condor/compute-6-20/execute/dir_32265/glide_2thRlg/execute/dir_10310
17M	/wntmp/condor/compute-6-20/execute/dir_32265/glide_2thRlg/execute/dir_10310
Found unusual stdout, rename for OSB
`/wntmp/condor/compute-6-20/execute/dir_32265/glide_2thRlg/execute/dir_10310/_condor_stdout' -> `CMSSW_2.stdout'
Found unusual stderr, rename for OSB
`/wntmp/condor/compute-6-20/execute/dir_32265/glide_2thRlg/execute/dir_10310/_condor_stdout' -> `CMSSW_2.stderr'
crab_fjr_2.xml
CMSSW_2.stdout
CMSSW_2.stderr
Watchdog_2.log.gz
Total Output dimension: 20945
WARNING: output files size limit is set to: 50000000
Total Output dimension 20945 is fine.
JOB_EXIT_STATUS = 0
>>> info for dashboard:
***** Cat /wntmp/condor/compute-6-20/execute/dir_32265/glide_2thRlg/execute/dir_10310/jobreport.txt *****
MonitorJobID=2_https://submit-4.t2.ucsd.edu//140801//331280.1
MonitorID=aelwood_140801_jJets_ngun_PU40bx25_1c84ps
ExeTime=5441
ExeExitCode=0
StageOutExitStatusReason = 'Copy succedeed with srm-lcg utils'
StageOutSE = srm-eoscms.cern.ch
StageOutExitStatus = 0
CrabUserCpuTime=2253.63
CrabSysCpuTime=43.65
CrabCpuPercentage=42%
CrabWrapperTime=5597
CrabStageoutTime=91
JobExitCode=0
***** End Cat jobreport *****
Parameters sent to Dashboard.
EXITING at Fri Aug  1 04:34:55 PDT 2014  -  Fri Aug  1 11:34:55 UTC 2014
