This script was generated by crab (version 2.10.6).
Running /wntmp/condor/compute-22-29/execute/dir_30835/glide_veh7qz/execute/dir_2210/condor_exec.exe with 2 positional parameters: 42 1
Today is Fri Aug  1 03:06:49 PDT 2014 - Fri Aug  1 10:06:49 UTC 2014
Job submitted on host compute-22-29.tier2
Linux compute-22-29.tier2 2.6.32-358.6.2.el6.x86_64 #1 SMP Thu May 16 20:59:36 UTC 2013 x86_64 x86_64 x86_64 GNU/Linux
>>> current directory (RUNTIME_AREA): /wntmp/condor/compute-22-29/execute/dir_30835/glide_veh7qz/execute/dir_2210
>>> current user: uid=20804(uscms4354) gid=504(cms) groups=504(cms),65007(glexec65007) context=system_u:system_r:condor_startd_t:s0
>>> directory permission set to 0700
>>> umask set to:  u=rwx,g=,o=
>>> stdout stderr permission set to 0704
>>> voms proxy information:
subject   : /C=UK/O=eScience/OU=Imperial/L=Physics/CN=adam elwood/CN=1171778048/CN=594178002
issuer    : /C=UK/O=eScience/OU=Imperial/L=Physics/CN=adam elwood/CN=1171778048
identity  : /C=UK/O=eScience/OU=Imperial/L=Physics/CN=adam elwood/CN=1171778048
type      : RFC compliant proxy
strength  : 1024 bits
path      : /wntmp/condor/compute-22-29/execute/dir_30835/glide_veh7qz/execute/dir_2210/x509up_u41660
timeleft  : 23:59:58
key usage : Digital Signature, Key Encipherment, Key Agreement
=== VO cms extension information ===
VO        : cms
subject   : /C=UK/O=eScience/OU=Imperial/L=Physics/CN=adam elwood
issuer    : /DC=ch/DC=cern/OU=computers/CN=lcg-voms.cern.ch
attribute : /cms/Role=NULL/Capability=NULL
timeleft  : 191:46:27
uri       : lcg-voms.cern.ch:15002
WNHostName=compute-22-29.tier2
>>> tar --no-same-permissions -xf /wntmp/condor/compute-22-29/execute/dir_30835/glide_veh7qz/execute/dir_2210/default.tgz :
Successful untar
>>> Include /wntmp/condor/compute-22-29/execute/dir_30835/glide_veh7qz/execute/dir_2210 in PYTHONPATH:
strip arguments
env var CRAB_UNIQUE_JOB_ID set to: aelwood_140801_jJets_ngun_PU40bx25_1c84ps_42_1_n1d
out_files_42
>>> list of expected files on output sandbox
output files: crab_fjr_42.xml CMSSW_42.stdout CMSSW_42.stderr Watchdog_42.log.gz
>>> GridFlavour discovery: 
source OSG GRID setup script
GridFlavour=OSG
>>> SyncSite discovery: 
SyncSite=T2_US_Caltech
>>> SyncCE discovery: 
getting SyncCE from OSG_JOB_CONTACT
SyncCE=itb-ce.ultralight.org/jobmanager-condor
>>> info for dashboard:
***** Cat /wntmp/condor/compute-22-29/execute/dir_30835/glide_veh7qz/execute/dir_2210/jobreport.txt *****
WNHostName=compute-22-29.tier2
MonitorJobID=42_https://submit-4.t2.ucsd.edu//140801//331280.41
SyncGridJobId=https://submit-4.t2.ucsd.edu//140801//331280.41
MonitorID=aelwood_140801_jJets_ngun_PU40bx25_1c84ps
GridFlavour=OSG
SyncSite=T2_US_Caltech
SyncCE=itb-ce.ultralight.org/jobmanager-condor
***** End Cat jobreport *****
Parameters sent to Dashboard.
>>> setup environment
set SCRAM ARCH to slc6_amd64_gcc481
SCRAM_ARCH = slc6_amd64_gcc481
>>> Created working directory: /wntmp/condor/compute-22-29/execute/dir_30835/glide_veh7qz/execute/dir_2210/cms_KgxGufuURhfL
Change to working directory: /wntmp/condor/compute-22-29/execute/dir_30835/glide_veh7qz/execute/dir_2210/cms_KgxGufuURhfL
>>> current directory (WORKING_DIR): /wntmp/condor/compute-22-29/execute/dir_30835/glide_veh7qz/execute/dir_2210/cms_KgxGufuURhfL
>>> setup CMS OSG environment:
set SCRAM ARCH to slc6_amd64_gcc481
SCRAM_ARCH = slc6_amd64_gcc481
OSG_APP is /raid1/osg-app
sourcing /raid1/osg-app/cmssoft/cms/cmsset_default.sh ...
==> setup cms environment ok
SCRAM_ARCH = slc6_amd64_gcc481
>>> specific cmssw setup environment:
CMSSW_VERSION =  CMSSW_7_1_0_pre8
>>> current directory (SOFTWARE_DIR): /wntmp/condor/compute-22-29/execute/dir_30835/glide_veh7qz/execute/dir_2210/cms_KgxGufuURhfL/CMSSW_7_1_0_pre8
PreserveSeeds: <>
IncrementSeeds:<>
>>> info for dashboard:
***** Cat /wntmp/condor/compute-22-29/execute/dir_30835/glide_veh7qz/execute/dir_2210/jobreport.txt *****
MonitorJobID=42_https://submit-4.t2.ucsd.edu//140801//331280.41
MonitorID=aelwood_140801_jJets_ngun_PU40bx25_1c84ps
***** End Cat jobreport *****
Parameters sent to Dashboard.
crabWatchdog started as process 2669
>>> moving CMSSW software directories in /wntmp/condor/compute-22-29/execute/dir_30835/glide_veh7qz/execute/dir_2210/cms_KgxGufuURhfL/CMSSW_7_1_0_pre8
mv: cannot stat `/wntmp/condor/compute-22-29/execute/dir_30835/glide_veh7qz/execute/dir_2210/module/': No such file or directory
>>> Include /wntmp/condor/compute-22-29/execute/dir_30835/glide_veh7qz/execute/dir_2210 in PYTHONPATH:
PYTHONPATH=/wntmp/condor/compute-22-29/execute/dir_30835/glide_veh7qz/execute/dir_2210/:/wntmp/condor/compute-22-29/execute/dir_30835/glide_veh7qz/execute/dir_2210/cms_KgxGufuURhfL/CMSSW_7_1_0_pre8/python:/wntmp/condor/compute-22-29/execute/dir_30835/glide_veh7qz/execute/dir_2210/cms_KgxGufuURhfL/CMSSW_7_1_0_pre8/lib/slc6_amd64_gcc481:/cvmfs/cms.cern.ch/slc6_amd64_gcc481/cms/cmssw/CMSSW_7_1_0_pre8/python:/cvmfs/cms.cern.ch/slc6_amd64_gcc481/cms/cmssw/CMSSW_7_1_0_pre8/lib/slc6_amd64_gcc481:/cvmfs/cms.cern.ch/slc6_amd64_gcc481/cms/coral/CORAL_2_3_21-cms20/slc6_amd64_gcc481/python:/cvmfs/cms.cern.ch/slc6_amd64_gcc481/cms/coral/CORAL_2_3_21-cms20/slc6_amd64_gcc481/lib:/cvmfs/cms.cern.ch/slc6_amd64_gcc481/external/pyqt/4.8.1-cms/lib/python2.7/site-packages:/cvmfs/cms.cern.ch/slc6_amd64_gcc481/external/py2-scipy/0.8.0-cms/lib/python2.7/site-packages:/cvmfs/cms.cern.ch/slc6_amd64_gcc481/external/py2-matplotlib/1.2.1-cms/lib/python2.7/site-packages:/cvmfs/cms.cern.ch/slc6_amd64_gcc481/external/yoda/1.0.4/lib/python2.7/site-packages:/cvmfs/cms.cern.ch/slc6_amd64_gcc481/external/python-ldap/2.4.10-cms/lib/python2.7/site-packages:/cvmfs/cms.cern.ch/slc6_amd64_gcc481/external/sip/4.11.2-cms/lib/python2.7/site-packages:/cvmfs/cms.cern.ch/slc6_amd64_gcc481/external/llvm/3.4/lib/python2.7/site-packages:/cvmfs/cms.cern.ch/slc6_amd64_gcc481/external/py2-sqlalchemy/0.8.2-cms2/lib/python2.7/site-packages:/cvmfs/cms.cern.ch/slc6_amd64_gcc481/external/py2-pycurl/7.19.0-cms/lib/python2.7/site-packages:/cvmfs/cms.cern.ch/slc6_amd64_gcc481/external/py2-python-dateutil/1.1-cms/lib/python2.7/site-packages:/cvmfs/cms.cern.ch/slc6_amd64_gcc481/external/py2-numpy/1.6.1-cms/lib/python2.7/site-packages:/cvmfs/cms.cern.ch/slc6_amd64_gcc481/external/py2-lint/0.25.1-cms/lib/python2.7/site-packages:/cvmfs/cms.cern.ch/slc6_amd64_gcc481/external/py2-ipython/0.10-cms/lib/python2.7/site-packages:/cvmfs/cms.cern.ch/slc6_amd64_gcc481/external/py2-cx-oracle/5.1-cms2/lib/python2.7/site-packages:/cvmfs/cms.cern.ch/slc6_amd64_gcc481/external/py2-cjson/1.0.5-cms/lib/python2.7/site-packages:/cvmfs/cms.cern.ch/slc6_amd64_gcc481/external/frontier_client/2.8.10/python/lib:/cvmfs/cms.cern.ch/slc6_amd64_gcc481/cms/das-client/2.5.0/bin:/cvmfs/cms.cern.ch/slc6_amd64_gcc481/external/cython/0.19.1/lib/python2.7/site-packages:/cvmfs/cms.cern.ch/slc6_amd64_gcc481/external/rivet/1.8.2-cms4/lib/python2.7/site-packages:/cvmfs/cms.cern.ch/slc6_amd64_gcc481/external/pyminuit2/0.0.1-cms13/lib/python2.7/site-packages:/cvmfs/cms.cern.ch/slc6_amd64_gcc481/external/py2-pygithub/1.23.0/lib/python2.7/site-packages:/cvmfs/cms.cern.ch/slc6_amd64_gcc481/external/py2-networkx/1.8.1/lib/python2.7/site-packages:/cvmfs/cms.cern.ch/slc6_amd64_gcc481/external/professor/1.0.0-cms13/lib/python2.7/site-packages:/cvmfs/cms.cern.ch/slc6_amd64_gcc481/lcg/root/5.34.18/lib:/cvmfs/cms.cern.ch/slc6_amd64_gcc481/cms/dbs-client/DBS_2_1_9-cms/lib:/cvmfs/cms.cern.ch/slc6_amd64_gcc481/cms/dbs-client/DBS_2_1_9-cms/lib/DBSAPI:/cvmfs/cms.cern.ch/slc6_amd64_gcc481/external/cvs2git/5419-cms/lib:/wntmp/condor/compute-22-29/execute/dir_30835/glide_veh7qz/execute/dir_2210/
 
# LIMITS USED BY CRAB WATCHDOG:
# RSS  (KBytes)   : 2300000
# VSZ  (KBytes)   : 100000000
# DISK (MBytes)   : 19000
# CPU TIME        : 720h:0m:0s
# WALL CLOCK TIME : 21h:50m:0s
 
951aa882d2ac167e3fe15038b4453880
PSETHASH = 951aa882d2ac167e3fe15038b4453880
/wntmp/condor/compute-22-29/execute/dir_30835/glide_veh7qz/execute/dir_2210/writeCfg.py pset.py pset.py
Importing .py file
Setting parameters
RandomNumberGeneratorService found, will attempt to change seeds
inputBlocks=/Neutrino_Pt-2to20_gun/Fall13dr-tsg_PU40bx25_POSTLS162_V2-v1/GEN-SIM-RAW#09b9f490-7aa3-11e3-b1c2-003048f02d38
inputFiles=/store/mc/Fall13dr/Neutrino_Pt-2to20_gun/GEN-SIM-RAW/tsg_PU40bx25_POSTLS162_V2-v1/00002/1AFB863F-AB7A-E311-B471-001A92971B96.root;/store/mc/Fall13dr/Neutrino_Pt-2to20_gun/GEN-SIM-RAW/tsg_PU40bx25_POSTLS162_V2-v1/00002/E06C227C-AA7A-E311-9A1A-003048FFD756.root;/store/mc/Fall13dr/Neutrino_Pt-2to20_gun/GEN-SIM-RAW/tsg_PU40bx25_POSTLS162_V2-v1/00002/F20B80B5-B77A-E311-82DC-002618943870.root;/store/mc/Fall13dr/Neutrino_Pt-2to20_gun/GEN-SIM-RAW/tsg_PU40bx25_POSTLS162_V2-v1/00002/EEB4D4BC-E87A-E311-A802-0025905A6136.root;/store/mc/Fall13dr/Neutrino_Pt-2to20_gun/GEN-SIM-RAW/tsg_PU40bx25_POSTLS162_V2-v1/00002/60E6EFAB-357B-E311-8CC7-0025905A6104.root;/store/mc/Fall13dr/Neutrino_Pt-2to20_gun/GEN-SIM-RAW/tsg_PU40bx25_POSTLS162_V2-v1/00002/7AEC42FD-B77A-E311-8D0D-002590593878.root;/store/mc/Fall13dr/Neutrino_Pt-2to20_gun/GEN-SIM-RAW/tsg_PU40bx25_POSTLS162_V2-v1/00002/784CE489-B37A-E311-9F65-0025905A6070.root
parentFiles=/store/mc/Fall13/Neutrino_Pt-2to20_gun/GEN-SIM/POSTLS162_V1-v4/10000/2ACC9EE9-AB68-E311-93F6-02163E00E6ED.root;/store/mc/Fall13/Neutrino_Pt-2to20_gun/GEN-SIM/POSTLS162_V1-v4/10000/3228DBE4-AB68-E311-AFE5-0025904A91F6.root;/store/mc/Fall13/Neutrino_Pt-2to20_gun/GEN-SIM/POSTLS162_V1-v4/10000/7632CAE8-AB68-E311-AA1C-90B11C27EA38.root;/store/mc/Fall13/Neutrino_Pt-2to20_gun/GEN-SIM/POSTLS162_V1-v4/10000/C05AB95E-AC68-E311-9422-003048F5B69A.root;/store/mc/Fall13/Neutrino_Pt-2to20_gun/GEN-SIM/POSTLS162_V1-v4/10000/30C8867C-AC68-E311-9D94-003048F5B69A.root;/store/mc/Fall13/Neutrino_Pt-2to20_gun/GEN-SIM/POSTLS162_V1-v4/10000/8CC4F979-AC68-E311-864D-90B11C27F89E.root;/store/mc/Fall13/Neutrino_Pt-2to20_gun/GEN-SIM/POSTLS162_V1-v4/10000/7AF65AFD-AC68-E311-80E9-90B11C1DBFB4.root;/store/mc/Fall13/Neutrino_Pt-2to20_gun/GEN-SIM/POSTLS162_V1-v4/10000/D4EE37FB-AC68-E311-B870-003048F5B2F0.root;/store/mc/Fall13/Neutrino_Pt-2to20_gun/GEN-SIM/POSTLS162_V1-v4/10000/E041DDFB-AC68-E311-AAA4-003048F5B2A0.root;/store/mc/Fall13/Neutrino_Pt-2to20_gun/GEN-SIM/POSTLS162_V1-v4/10000/9E6407D4-AB68-E311-8011-C860001BD944.root;/store/mc/Fall13/Neutrino_Pt-2to20_gun/GEN-SIM/POSTLS162_V1-v4/10000/0CD6C959-AC68-E311-8933-003048F5ADEA.root;/store/mc/Fall13/Neutrino_Pt-2to20_gun/GEN-SIM/POSTLS162_V1-v4/10000/C05AB95E-AC68-E311-9422-003048F5B69A.root;/store/mc/Fall13/Neutrino_Pt-2to20_gun/GEN-SIM/POSTLS162_V1-v4/10000/3228DBE4-AB68-E311-AFE5-0025904A91F6.root;/store/mc/Fall13/Neutrino_Pt-2to20_gun/GEN-SIM/POSTLS162_V1-v4/10000/08BDA2EE-AB68-E311-BD33-0025904AC2CA.root;/store/mc/Fall13/Neutrino_Pt-2to20_gun/GEN-SIM/POSTLS162_V1-v4/10000/7632CAE8-AB68-E311-AA1C-90B11C27EA38.root;/store/mc/Fall13/Neutrino_Pt-2to20_gun/GEN-SIM/POSTLS162_V1-v4/10000/0A8C8CED-AB68-E311-80BE-90B11C27F89E.root;/store/mc/Fall13/Neutrino_Pt-2to20_gun/GEN-SIM/POSTLS162_V1-v4/10000/10CAFE4F-AC68-E311-95FB-002590821320.root;/store/mc/Fall13/Neutrino_Pt-2to20_gun/GEN-SIM/POSTLS162_V1-v4/10000/D88E20AB-AC68-E311-8CB4-0025901D08BE.root;/store/mc/Fall13/Neutrino_Pt-2to20_gun/GEN-SIM/POSTLS162_V1-v4/10000/344D4760-AC68-E311-85FA-003048F5B5F4.root;/store/mc/Fall13/Neutrino_Pt-2to20_gun/GEN-SIM/POSTLS162_V1-v4/10000/D4EE37FB-AC68-E311-B870-003048F5B2F0.root;/store/mc/Fall13/Neutrino_Pt-2to20_gun/GEN-SIM/POSTLS162_V1-v4/10000/9E6407D4-AB68-E311-8011-C860001BD944.root;/store/mc/Fall13/Neutrino_Pt-2to20_gun/GEN-SIM/POSTLS162_V1-v4/10000/0A8C8CED-AB68-E311-80BE-90B11C27F89E.root;/store/mc/Fall13/Neutrino_Pt-2to20_gun/GEN-SIM/POSTLS162_V1-v4/10000/542C6E62-AC68-E311-8B06-0025904AC2CA.root;/store/mc/Fall13/Neutrino_Pt-2to20_gun/GEN-SIM/POSTLS162_V1-v4/10000/72F5897D-AC68-E311-AAF6-90B11C1DBFB4.root;/store/mc/Fall13/Neutrino_Pt-2to20_gun/GEN-SIM/POSTLS162_V1-v4/10001/12A6320D-B068-E311-A38A-0025904897C2.root;/store/mc/Fall13/Neutrino_Pt-2to20_gun/GEN-SIM/POSTLS162_V1-v4/10000/58156EF4-AA68-E311-A5B1-90B11C1DBFB4.root;/store/mc/Fall13/Neutrino_Pt-2to20_gun/GEN-SIM/POSTLS162_V1-v4/10000/DEB470F4-AA68-E311-A5EC-90B11C1DBFB4.root;/store/mc/Fall13/Neutrino_Pt-2to20_gun/GEN-SIM/POSTLS162_V1-v4/10000/1433FB5A-AB68-E311-9ADF-002590491AE4.root;/store/mc/Fall13/Neutrino_Pt-2to20_gun/GEN-SIM/POSTLS162_V1-v4/10000/C24871F4-AA68-E311-9366-90B11C1DBFB4.root;/store/mc/Fall13/Neutrino_Pt-2to20_gun/GEN-SIM/POSTLS162_V1-v4/10000/0E6630EA-AA68-E311-9082-003048F5B2A0.root;/store/mc/Fall13/Neutrino_Pt-2to20_gun/GEN-SIM/POSTLS162_V1-v4/10001/386918E7-AC68-E311-8493-6C3BE5B59150.root;/store/mc/Fall13/Neutrino_Pt-2to20_gun/GEN-SIM/POSTLS162_V1-v4/10001/70BB57FF-AC68-E311-B9B5-6C3BE5B5F210.root;/store/mc/Fall13/Neutrino_Pt-2to20_gun/GEN-SIM/POSTLS162_V1-v4/10001/7642FB00-AD68-E311-837E-6C3BE5B5B080.root;/store/mc/Fall13/Neutrino_Pt-2to20_gun/GEN-SIM/POSTLS162_V1-v4/10000/5ED692F4-AA68-E311-85A2-90B11C1DBFB4.root;/store/mc/Fall13/Neutrino_Pt-2to20_gun/GEN-SIM/POSTLS162_V1-v4/10000/5C0B7CF6-AA68-E311-BA32-003048F59754.root;/store/mc/Fall13/Neutrino_Pt-2to20_gun/GEN-SIM/POSTLS162_V1-v4/10000/14465A61-AB68-E311-83F0-90B11C2ACF20.root;/store/mc/Fall13/Neutrino_Pt-2to20_gun/GEN-SIM/POSTLS162_V1-v4/10000/0A8C8CED-AB68-E311-80BE-90B11C27F89E.root;/store/mc/Fall13/Neutrino_Pt-2to20_gun/GEN-SIM/POSTLS162_V1-v4/10000/10CAFE4F-AC68-E311-95FB-002590821320.root;/store/mc/Fall13/Neutrino_Pt-2to20_gun/GEN-SIM/POSTLS162_V1-v4/10000/0CD6C959-AC68-E311-8933-003048F5ADEA.root;/store/mc/Fall13/Neutrino_Pt-2to20_gun/GEN-SIM/POSTLS162_V1-v4/10000/F4012258-AB68-E311-8717-0025904AC2CA.root;/store/mc/Fall13/Neutrino_Pt-2to20_gun/GEN-SIM/POSTLS162_V1-v4/10000/0E75F3DF-AB68-E311-8BA9-003048F5B5F4.root;/store/mc/Fall13/Neutrino_Pt-2to20_gun/GEN-SIM/POSTLS162_V1-v4/10000/3228DBE4-AB68-E311-AFE5-0025904A91F6.root;/store/mc/Fall13/Neutrino_Pt-2to20_gun/GEN-SIM/POSTLS162_V1-v4/10000/08BDA2EE-AB68-E311-BD33-0025904AC2CA.root;/store/mc/Fall13/Neutrino_Pt-2to20_gun/GEN-SIM/POSTLS162_V1-v4/10000/7632CAE8-AB68-E311-AA1C-90B11C27EA38.root;/store/mc/Fall13/Neutrino_Pt-2to20_gun/GEN-SIM/POSTLS162_V1-v4/10000/32F7F53B-AC68-E311-AE43-003048F5B6A9.root;/store/mc/Fall13/Neutrino_Pt-2to20_gun/GEN-SIM/POSTLS162_V1-v4/10000/D88E20AB-AC68-E311-8CB4-0025901D08BE.root
lumisRange=
>>> Executable cmsRun
/cvmfs/cms.cern.ch/slc6_amd64_gcc481/cms/cmssw/CMSSW_7_1_0_pre8/bin/slc6_amd64_gcc481/cmsRun
ok executable found
>>> info for dashboard:
***** Cat /wntmp/condor/compute-22-29/execute/dir_30835/glide_veh7qz/execute/dir_2210/jobreport.txt *****
MonitorJobID=42_https://submit-4.t2.ucsd.edu//140801//331280.41
MonitorID=aelwood_140801_jJets_ngun_PU40bx25_1c84ps
ExeStart=cmsRun
***** End Cat jobreport *****
Parameters sent to Dashboard.
>>> cmsRun started at Fri Aug  1 10:06:58 UTC 2014
>>> cmsRun ended at Fri Aug  1 11:40:29 UTC 2014
>>> crab_fjr_*.xml  permission set to 0704
>>> info for dashboard:
***** Cat /wntmp/condor/compute-22-29/execute/dir_30835/glide_veh7qz/execute/dir_2210/jobreport.txt *****
MonitorJobID=42_https://submit-4.t2.ucsd.edu//140801//331280.41
MonitorID=aelwood_140801_jJets_ngun_PU40bx25_1c84ps
ExeEnd=cmsRun
***** End Cat jobreport *****
Parameters sent to Dashboard.
TIME_EXE = 5611 sec
>>> cmsRun wrote 60 lines of stdout+stderr
>>> START OF printout of 60 lines from stdout+stderr
==> using COND/Services/RelationalAuthenticationService for auth, sys 1
==> using COND/Services/RelationalAuthenticationService for auth, sys 1
01-Aug-2014 03:07:09 PDT  Initiating request to open file /mnt/hadoop/store/mc/Fall13dr/Neutrino_Pt-2to20_gun/GEN-SIM-RAW/tsg_PU40bx25_POSTLS162_V2-v1/00002/1AFB863F-AB7A-E311-B471-001A92971B96.root
01-Aug-2014 03:07:10 PDT  Successfully opened file /mnt/hadoop/store/mc/Fall13dr/Neutrino_Pt-2to20_gun/GEN-SIM-RAW/tsg_PU40bx25_POSTLS162_V2-v1/00002/1AFB863F-AB7A-E311-B471-001A92971B96.root
01-Aug-2014 03:07:11 PDT  Initiating request to open file /mnt/hadoop/store/mc/Fall13/Neutrino_Pt-2to20_gun/GEN-SIM/POSTLS162_V1-v4/10000/2ACC9EE9-AB68-E311-93F6-02163E00E6ED.root
01-Aug-2014 03:07:11 PDT  Fallback request to file root://cmsxrootd.fnal.gov//store/mc/Fall13/Neutrino_Pt-2to20_gun/GEN-SIM/POSTLS162_V1-v4/10000/2ACC9EE9-AB68-E311-93F6-02163E00E6ED.root
140801 03:07:14 3244 Xrd: CheckErrorStatus: Server [cmssrmdisk.fnal.gov:1095] declared: Request 3018 not supported(error code: 3013)
01-Aug-2014 03:07:14 PDT  Successfully opened file root://cmsxrootd.fnal.gov//store/mc/Fall13/Neutrino_Pt-2to20_gun/GEN-SIM/POSTLS162_V1-v4/10000/2ACC9EE9-AB68-E311-93F6-02163E00E6ED.root
01-Aug-2014 03:07:24 PDT  Closed file root://cmsxrootd.fnal.gov//store/mc/Fall13/Neutrino_Pt-2to20_gun/GEN-SIM/POSTLS162_V1-v4/10000/2ACC9EE9-AB68-E311-93F6-02163E00E6ED.root
Stage1Layer2Producer -- Running pp implementation


----------------------------------------
Begin: L1CaloTowerProducer
----------------------------------------

01-Aug-2014 03:10:52 PDT  Closed file /mnt/hadoop/store/mc/Fall13dr/Neutrino_Pt-2to20_gun/GEN-SIM-RAW/tsg_PU40bx25_POSTLS162_V2-v1/00002/1AFB863F-AB7A-E311-B471-001A92971B96.root
01-Aug-2014 03:10:52 PDT  Initiating request to open file /mnt/hadoop/store/mc/Fall13dr/Neutrino_Pt-2to20_gun/GEN-SIM-RAW/tsg_PU40bx25_POSTLS162_V2-v1/00002/E06C227C-AA7A-E311-9A1A-003048FFD756.root
01-Aug-2014 03:10:55 PDT  Successfully opened file /mnt/hadoop/store/mc/Fall13dr/Neutrino_Pt-2to20_gun/GEN-SIM-RAW/tsg_PU40bx25_POSTLS162_V2-v1/00002/E06C227C-AA7A-E311-9A1A-003048FFD756.root
140801 03:12:42 3575 Xrd: XrdClientMessage::ReadRaw: Failed to read header (8 bytes).
140801 03:12:42 3578 Xrd: XrdClientMessage::ReadRaw: Failed to read header (8 bytes).
01-Aug-2014 03:22:50 PDT  Closed file /mnt/hadoop/store/mc/Fall13dr/Neutrino_Pt-2to20_gun/GEN-SIM-RAW/tsg_PU40bx25_POSTLS162_V2-v1/00002/E06C227C-AA7A-E311-9A1A-003048FFD756.root
01-Aug-2014 03:22:50 PDT  Initiating request to open file /mnt/hadoop/store/mc/Fall13dr/Neutrino_Pt-2to20_gun/GEN-SIM-RAW/tsg_PU40bx25_POSTLS162_V2-v1/00002/F20B80B5-B77A-E311-82DC-002618943870.root
01-Aug-2014 03:22:52 PDT  Successfully opened file /mnt/hadoop/store/mc/Fall13dr/Neutrino_Pt-2to20_gun/GEN-SIM-RAW/tsg_PU40bx25_POSTLS162_V2-v1/00002/F20B80B5-B77A-E311-82DC-002618943870.root
140801 03:27:42 3576 Xrd: XrdClientMessage::ReadRaw: Failed to read header (8 bytes).
140801 03:27:42 3568 Xrd: XrdClientMessage::ReadRaw: Failed to read header (8 bytes).
140801 03:27:42 3566 Xrd: XrdClientMessage::ReadRaw: Failed to read header (8 bytes).
01-Aug-2014 03:28:49 PDT  Closed file /mnt/hadoop/store/mc/Fall13dr/Neutrino_Pt-2to20_gun/GEN-SIM-RAW/tsg_PU40bx25_POSTLS162_V2-v1/00002/F20B80B5-B77A-E311-82DC-002618943870.root
01-Aug-2014 03:28:49 PDT  Initiating request to open file /mnt/hadoop/store/mc/Fall13dr/Neutrino_Pt-2to20_gun/GEN-SIM-RAW/tsg_PU40bx25_POSTLS162_V2-v1/00002/EEB4D4BC-E87A-E311-A802-0025905A6136.root
01-Aug-2014 03:28:49 PDT  Successfully opened file /mnt/hadoop/store/mc/Fall13dr/Neutrino_Pt-2to20_gun/GEN-SIM-RAW/tsg_PU40bx25_POSTLS162_V2-v1/00002/EEB4D4BC-E87A-E311-A802-0025905A6136.root
01-Aug-2014 03:48:54 PDT  Closed file /mnt/hadoop/store/mc/Fall13dr/Neutrino_Pt-2to20_gun/GEN-SIM-RAW/tsg_PU40bx25_POSTLS162_V2-v1/00002/EEB4D4BC-E87A-E311-A802-0025905A6136.root
01-Aug-2014 03:48:54 PDT  Initiating request to open file /mnt/hadoop/store/mc/Fall13dr/Neutrino_Pt-2to20_gun/GEN-SIM-RAW/tsg_PU40bx25_POSTLS162_V2-v1/00002/60E6EFAB-357B-E311-8CC7-0025905A6104.root
01-Aug-2014 03:50:33 PDT  Successfully opened file /mnt/hadoop/store/mc/Fall13dr/Neutrino_Pt-2to20_gun/GEN-SIM-RAW/tsg_PU40bx25_POSTLS162_V2-v1/00002/60E6EFAB-357B-E311-8CC7-0025905A6104.root
01-Aug-2014 04:28:31 PDT  Closed file /mnt/hadoop/store/mc/Fall13dr/Neutrino_Pt-2to20_gun/GEN-SIM-RAW/tsg_PU40bx25_POSTLS162_V2-v1/00002/60E6EFAB-357B-E311-8CC7-0025905A6104.root
01-Aug-2014 04:28:31 PDT  Initiating request to open file /mnt/hadoop/store/mc/Fall13dr/Neutrino_Pt-2to20_gun/GEN-SIM-RAW/tsg_PU40bx25_POSTLS162_V2-v1/00002/7AEC42FD-B77A-E311-8D0D-002590593878.root
01-Aug-2014 04:28:31 PDT  Successfully opened file /mnt/hadoop/store/mc/Fall13dr/Neutrino_Pt-2to20_gun/GEN-SIM-RAW/tsg_PU40bx25_POSTLS162_V2-v1/00002/7AEC42FD-B77A-E311-8D0D-002590593878.root
01-Aug-2014 04:37:28 PDT  Closed file /mnt/hadoop/store/mc/Fall13dr/Neutrino_Pt-2to20_gun/GEN-SIM-RAW/tsg_PU40bx25_POSTLS162_V2-v1/00002/7AEC42FD-B77A-E311-8D0D-002590593878.root
01-Aug-2014 04:37:28 PDT  Initiating request to open file /mnt/hadoop/store/mc/Fall13dr/Neutrino_Pt-2to20_gun/GEN-SIM-RAW/tsg_PU40bx25_POSTLS162_V2-v1/00002/784CE489-B37A-E311-9F65-0025905A6070.root
01-Aug-2014 04:37:28 PDT  Successfully opened file /mnt/hadoop/store/mc/Fall13dr/Neutrino_Pt-2to20_gun/GEN-SIM-RAW/tsg_PU40bx25_POSTLS162_V2-v1/00002/784CE489-B37A-E311-9F65-0025905A6070.root
01-Aug-2014 04:40:27 PDT  Closed file /mnt/hadoop/store/mc/Fall13dr/Neutrino_Pt-2to20_gun/GEN-SIM-RAW/tsg_PU40bx25_POSTLS162_V2-v1/00002/784CE489-B37A-E311-9F65-0025905A6070.root

=============================================

MessageLogger Summary

 type     category        sev    module        subroutine        count    total
 ---- -------------------- -- ---------------- ----------------  -----    -----
    1 fileAction           -s AfterFile                              4        4
    2 fileAction           -s file_close                             7        7
    3 fileAction           -s file_open                             14       14

 type    category    Examples: run/evt        run/evt          run/evt
 ---- -------------------- ---------------- ---------------- ----------------
    1 fileAction           pre-events       pre-events       pre-events
    2 fileAction           PostProcessEvent PostProcessEvent PostEndRun
    3 fileAction           pre-events       pre-events       PostProcessEvent

Severity    # Occurrences   Total Occurrences
--------    -------------   -----------------
System                 25                  25
>>> END OF printout of 60 lines from stdout+stderr
>>> Parse FrameworkJobReport crab_fjr.xml
Result of parsing the FrameworkJobReport crab_fjr.xml: 
Extracted ExitStatus from FrameworkJobReport parsing output: 0
>>> Executable succeded  0
ExeExitCode=0
EXECUTABLE_EXIT_STATUS = 0
>>> current directory /wntmp/condor/compute-22-29/execute/dir_30835/glide_veh7qz/execute/dir_2210/cms_KgxGufuURhfL/CMSSW_7_1_0_pre8
>>>  (SOFTWARE_DIR): /wntmp/condor/compute-22-29/execute/dir_30835/glide_veh7qz/execute/dir_2210/cms_KgxGufuURhfL/CMSSW_7_1_0_pre8
>>> (WORKING_DIR): /wntmp/condor/compute-22-29/execute/dir_30835/glide_veh7qz/execute/dir_2210/cms_KgxGufuURhfL
>>> current directory content:
total 468716
drwxr-xr-x. 3 uscms4354 cms      4096 Aug  1 03:06 .SCRAM
-rw-------. 1 uscms4354 cms    916533 Aug  1 03:06 CMSSW.py.pkl
-rw-------. 1 uscms4354 cms 478038909 Aug  1 04:40 L1SkimRun.root
drwxr-xr-x. 3 uscms4354 cms      4096 Aug  1 03:06 bin
drwxr-xr-x. 3 uscms4354 cms      4096 Aug  1 03:06 cfipython
drwxr-xr-x. 4 uscms4354 cms      4096 Aug  1 03:06 config
-rw-------. 1 uscms4354 cms        18 Aug  1 04:40 cpu_timing.txt
drwxr-xr-x. 2 uscms4354 cms      4096 Aug  1 03:06 doc
-rw-------. 1 uscms4354 cms      6572 Aug  1 04:40 executable.out
drwxr-xr-x. 2 uscms4354 cms      4096 Aug  1 03:06 include
drwx------. 3 uscms4354 cms      4096 Aug  1 00:37 lib
drwxr-xr-x. 3 uscms4354 cms      4096 Aug  1 03:06 logs
drwxr-xr-x. 3 uscms4354 cms      4096 Aug  1 03:06 objs
-rw-------. 1 uscms4354 cms       104 Aug  1 03:06 pset.py
-rw-------. 1 uscms4354 cms    924872 Aug  1 03:06 pset.py.pkl
-rw-------. 1 uscms4354 cms       289 Aug  1 03:06 pset.pyc
drwxr-xr-x. 2 uscms4354 cms      4096 Aug  1 03:06 python
-rw-------. 1 uscms4354 cms       419 Aug  1 04:40 report.log
drwx------. 5 uscms4354 cms      4096 Aug  1 03:06 src
drwxr-xr-x. 3 uscms4354 cms      4096 Aug  1 03:06 test
drwxr-xr-x. 3 uscms4354 cms      4096 Aug  1 03:06 tmp
>>> current directory /wntmp/condor/compute-22-29/execute/dir_30835/glide_veh7qz/execute/dir_2210/cms_KgxGufuURhfL/CMSSW_7_1_0_pre8
>>> (SOFTWARE_DIR): /wntmp/condor/compute-22-29/execute/dir_30835/glide_veh7qz/execute/dir_2210/cms_KgxGufuURhfL/CMSSW_7_1_0_pre8
>>> (WORKING_DIR): /wntmp/condor/compute-22-29/execute/dir_30835/glide_veh7qz/execute/dir_2210/cms_KgxGufuURhfL
>>> current directory content:
total 468716
drwxr-xr-x. 3 uscms4354 cms      4096 Aug  1 03:06 .SCRAM
-rw-------. 1 uscms4354 cms    916533 Aug  1 03:06 CMSSW.py.pkl
-rw-------. 1 uscms4354 cms 478038909 Aug  1 04:40 L1SkimRun_42_1_n1d.root
drwxr-xr-x. 3 uscms4354 cms      4096 Aug  1 03:06 bin
drwxr-xr-x. 3 uscms4354 cms      4096 Aug  1 03:06 cfipython
drwxr-xr-x. 4 uscms4354 cms      4096 Aug  1 03:06 config
-rw-------. 1 uscms4354 cms        18 Aug  1 04:40 cpu_timing.txt
drwxr-xr-x. 2 uscms4354 cms      4096 Aug  1 03:06 doc
-rw-------. 1 uscms4354 cms      6572 Aug  1 04:40 executable.out
drwxr-xr-x. 2 uscms4354 cms      4096 Aug  1 03:06 include
drwx------. 3 uscms4354 cms      4096 Aug  1 00:37 lib
drwxr-xr-x. 3 uscms4354 cms      4096 Aug  1 03:06 logs
drwxr-xr-x. 3 uscms4354 cms      4096 Aug  1 03:06 objs
-rw-------. 1 uscms4354 cms       104 Aug  1 03:06 pset.py
-rw-------. 1 uscms4354 cms    924872 Aug  1 03:06 pset.py.pkl
-rw-------. 1 uscms4354 cms       289 Aug  1 03:06 pset.pyc
drwxr-xr-x. 2 uscms4354 cms      4096 Aug  1 03:06 python
-rw-------. 1 uscms4354 cms       419 Aug  1 04:40 report.log
drwx------. 5 uscms4354 cms      4096 Aug  1 03:06 src
drwxr-xr-x. 3 uscms4354 cms      4096 Aug  1 03:06 test
drwxr-xr-x. 3 uscms4354 cms      4096 Aug  1 03:06 tmp
>>> current directory (RUNTIME_AREA):  /wntmp/condor/compute-22-29/execute/dir_30835/glide_veh7qz/execute/dir_2210
SE = srm-eoscms.cern.ch
SE_PATH = /srm/v2/server?SFN=/eos/cms/store/user/aelwood/140801_jJets_ngun_PU40bx25/
LFNBaseName = /store/user/aelwood/140801_jJets_ngun_PU40bx25/
USER = aelwood
endpoint = srm://srm-eoscms.cern.ch:8443/srm/v2/server?SFN=/eos/cms/store/user/aelwood/140801_jJets_ngun_PU40bx25/
>>> Copy output files from WN = compute-22-29.tier2 to /srm/v2/server?SFN=/eos/cms/store/user/aelwood/140801_jJets_ngun_PU40bx25/ :
python cmscp.py  --destination srm://srm-eoscms.cern.ch:8443/srm/v2/server?SFN=/eos/cms/store/user/aelwood/140801_jJets_ngun_PU40bx25/ --inputFileList /wntmp/condor/compute-22-29/execute/dir_30835/glide_veh7qz/execute/dir_2210/cms_KgxGufuURhfL/CMSSW_7_1_0_pre8/L1SkimRun_42_1_n1d.root --middleware OSG --se_name srm-eoscms.cern.ch --for_lfn /store/user/aelwood/140801_jJets_ngun_PU40bx25/    
******************************************************
localSeName  =  cit-se.ultralight.org
remoteSeName =  srm-eoscms.cern.ch
******************************************************
{"/wntmp/condor/compute-22-29/execute/dir_30835/glide_veh7qz/execute/dir_2210/cms_KgxGufuURhfL/CMSSW_7_1_0_pre8/L1SkimRun_42_1_n1d.root": {"endpoint": "srm://srm-eoscms.cern.ch:8443/srm/v2/server?SFN=/eos/cms/store/user/aelwood/140801_jJets_ngun_PU40bx25/", "surl_for_grid": "", "reason": "ERROR: problems checking if file /wntmp/condor/compute-22-29/execute/dir_30835/glide_veh7qz/execute/dir_2210/cms_KgxGufuURhfL/CMSSW_7_1_0_pre8/L1SkimRun_42_1_n1d.root already exist'Error checking [L1SkimRun_42_1_n1d.root]'", "erCode": "60307", "se_name": "srm-eoscms.cern.ch", "for_lfn": "/copy_problem/"}}/wntmp/condor/compute-22-29/execute/dir_30835/glide_veh7qz/execute/dir_2210
-------- cat /wntmp/condor/compute-22-29/execute/dir_30835/glide_veh7qz/execute/dir_2210/cmscpReport.sh 
#!/bin/bash
echo "Report for File: /wntmp/condor/compute-22-29/execute/dir_30835/glide_veh7qz/execute/dir_2210/cms_KgxGufuURhfL/CMSSW_7_1_0_pre8/L1SkimRun_42_1_n1d.root"
echo "LFN: /copy_problem/L1SkimRun_42_1_n1d.root"
echo "StorageElement: srm-eoscms.cern.ch"
echo "StageOutExitStatusReason = 'ERROR: problems checking if file /wntmp/condor/compute-22-29/execute/dir_30835/glide_veh7qz/execute/dir_2210/cms_KgxGufuURhfL/CMSSW_7_1_0_pre8/L1SkimRun_42_1_n1d.root already exist Error checking [L1SkimRun_42_1_n1d.root] '" | tee -a $RUNTIME_AREA/$repo
echo "StageOutSE = srm-eoscms.cern.ch" >> $RUNTIME_AREA/$repo

export StageOutExitStatus=60307
echo "StageOutExitStatus = 60307" | tee -a $RUNTIME_AREA/$repo
-------- end of /wntmp/condor/compute-22-29/execute/dir_30835/glide_veh7qz/execute/dir_2210/cmscpReport.sh 
Report for File: /wntmp/condor/compute-22-29/execute/dir_30835/glide_veh7qz/execute/dir_2210/cms_KgxGufuURhfL/CMSSW_7_1_0_pre8/L1SkimRun_42_1_n1d.root
LFN: /copy_problem/L1SkimRun_42_1_n1d.root
StorageElement: srm-eoscms.cern.ch
StageOutExitStatusReason = 'ERROR: problems checking if file /wntmp/condor/compute-22-29/execute/dir_30835/glide_veh7qz/execute/dir_2210/cms_KgxGufuURhfL/CMSSW_7_1_0_pre8/L1SkimRun_42_1_n1d.root already exist Error checking [L1SkimRun_42_1_n1d.root] '
StageOutExitStatus = 60307
Problem copying file to srm-eoscms.cern.ch /srm/v2/server?SFN=/eos/cms/store/user/aelwood/140801_jJets_ngun_PU40bx25/
########## contents of SE interaction
2014-08-01 04:40:45.623317:
Executed:	unset LD_LIBRARY_PATH; unset GLITE_ENV_SET; export PATH=/usr/bin:/bin; source /etc/profile; source /wntmp/condor/compute-22-29/execute/dir_30835/glide_veh7qz/execute/dir_2210/CacheEnv.sh ; lcg-ls -b -D srmv2 --srm-timeout 2400 --sendreceive-timeout 2400 --connect-timeout 300 --verbose srm://srm-eoscms.cern.ch:8443/srm/v2/server?SFN=/eos/cms/store/user/aelwood/140801_jJets_ngun_PU40bx25/L1SkimRun_42_1_n1d.root
Done with exit code:	1
and output:
SE type: SRMv2
[SE][Ls][] httpg://srm-eoscms.cern.ch:8443/srm/v2/server: CGSI-gSOAP running on compute-22-29.tier2 reports Error initializing context
GSS Major Status: Authentication Failed

GSS Minor Status Error Chain:
globus_gsi_gssapi: SSLv3 handshake problems
OpenSSL Error: s3_clnt.c:1168: in library: SSL routines, function SSL3_GET_SERVER_CERTIFICATE: certificate verify failed
globus_gsi_callback_module: Could not verify credential
globus_gsi_callback_module: Can't get the local trusted CA certificate: Cannot find trusted CA certificate with hash 5168735f in /etc/grid-security/certificates/



#####################################
>>> current dir: /wntmp/condor/compute-22-29/execute/dir_30835/glide_veh7qz/execute/dir_2210
>>> current dir content:
total 15124
-rw-------. 1 uscms4354 cms     1093 Aug  1 04:40 .SEinteraction.log
-rwx------. 1 uscms4354 cms     6638 Aug  1 03:06 .job.ad
-rwx------. 1 uscms4354 cms     9437 Aug  1 03:06 .machine.ad
-rw-------. 1 uscms4354 cms      105 Aug  1 02:57 CMSSW.py
-rw-------. 1 uscms4354 cms   916533 Aug  1 02:57 CMSSW.py.pkl
-rwx------. 1 uscms4354 cms    28576 Aug  1 03:06 CMSSW.sh
-rw-------. 1 uscms4354 cms      182 Aug  1 03:06 CacheEnv.sh
-rw-------. 1 uscms4354 cms     7291 Jul 12 08:18 DashboardAPI.py
-rw-------. 1 uscms4354 cms     6755 Aug  1 03:06 DashboardAPI.pyc
drwx------. 2 uscms4354 cms     4096 Aug  1 04:40 IMProv
lrwxrwxrwx. 1 uscms4354 cms      133 Aug  1 04:40 L1SkimRun.root -> /wntmp/condor/compute-22-29/execute/dir_30835/glide_veh7qz/execute/dir_2210/cms_KgxGufuURhfL/CMSSW_7_1_0_pre8/L1SkimRun_42_1_n1d.root
-rw-------. 1 uscms4354 cms     2748 Jul 12 08:18 Logger.py
-rw-------. 1 uscms4354 cms     3327 Aug  1 03:06 Logger.pyc
-rw-------. 1 uscms4354 cms    24524 Jul 12 08:18 ProcInfo.py
-rw-------. 1 uscms4354 cms    23101 Aug  1 03:06 ProcInfo.pyc
drwx------. 7 uscms4354 cms     4096 Aug  1 03:06 ProdCommon
drwx------. 3 uscms4354 cms     4096 Aug  1 03:06 WMCore
-rw-------. 1 uscms4354 cms     6515 Aug  1 04:40 Watchdog_42.log
-rwx------. 1 uscms4354 cms        0 Aug  1 03:06 _condor_stderr
-rwx---r--. 1 uscms4354 cms    30108 Aug  1 04:44 _condor_stdout
-rw-------. 1 uscms4354 cms    32895 Jul 12 08:18 apmon.py
-rw-------. 1 uscms4354 cms    28509 Aug  1 03:06 apmon.pyc
-rwx------. 1 uscms4354 cms   240046 Aug  1 03:06 arguments.xml
drwx------. 3 uscms4354 cms     4096 Aug  1 03:06 cms_KgxGufuURhfL
-rwx------. 1 uscms4354 cms    38524 Jul 12 08:18 cmscp.py
-rw-------. 1 uscms4354 cms      708 Aug  1 04:44 cmscpReport.sh
-rwx------. 1 uscms4354 cms    28576 Aug  1 03:06 condor_exec.exe
-rw-------. 1 uscms4354 cms      759 Aug  1 02:56 crab.cfg
-rwx------. 1 uscms4354 cms     8610 Jul 12 08:18 crabWatchdog.sh
-rwx---r--. 1 uscms4354 cms    76703 Aug  1 04:40 crab_fjr_42.xml
-rwx------. 1 uscms4354 cms 13818897 Aug  1 03:06 default.tgz
-rwx------. 1 uscms4354 cms     4488 Jul 12 08:18 fillCrabFjr.py
-rw-------. 1 uscms4354 cms     6173 Aug  1 03:06 inputsReport.txt
-rw-------. 1 uscms4354 cms      454 Aug  1 04:44 jobreport.txt
-rw-------. 1 uscms4354 cms    17352 Jul 12 08:18 parseCrabFjr.py
-rw-------. 1 uscms4354 cms      334 Aug  1 03:06 report.log
-rwx--x--x. 1 uscms4354 cms     1497 Jul 12 08:18 report.py
-rw-------. 1 uscms4354 cms      596 Aug  1 04:44 resultCopyFile
-rwx------. 1 uscms4354 cms     8351 Jul 12 08:18 writeCfg.py
-rw-------. 1 uscms4354 cms     8087 Aug  1 04:16 x509up_u41660
>>> Modify Job Report:
CMSSW_VERSION = CMSSW_7_1_0_pre8
/wntmp/condor/compute-22-29/execute/dir_30835/glide_veh7qz/execute/dir_2210/ProdCommon/FwkJobRep/ModifyJobReport.py fjr /wntmp/condor/compute-22-29/execute/dir_30835/glide_veh7qz/execute/dir_2210/crab_fjr_42.xml json /wntmp/condor/compute-22-29/execute/dir_30835/glide_veh7qz/execute/dir_2210/resultCopyFile n_job 42_1_n1d PrimaryDataset Neutrino_Pt-2to20_gun  ApplicationFamily cmsRun ApplicationName cmsRun cmssw_version CMSSW_7_1_0_pre8 psethash 951aa882d2ac167e3fe15038b4453880
inputDict =  {u'/wntmp/condor/compute-22-29/execute/dir_30835/glide_veh7qz/execute/dir_2210/cms_KgxGufuURhfL/CMSSW_7_1_0_pre8/L1SkimRun_42_1_n1d.root': {u'endpoint': u'srm://srm-eoscms.cern.ch:8443/srm/v2/server?SFN=/eos/cms/store/user/aelwood/140801_jJets_ngun_PU40bx25/', u'surl_for_grid': u'', u'reason': u"ERROR: problems checking if file /wntmp/condor/compute-22-29/execute/dir_30835/glide_veh7qz/execute/dir_2210/cms_KgxGufuURhfL/CMSSW_7_1_0_pre8/L1SkimRun_42_1_n1d.root already exist'Error checking [L1SkimRun_42_1_n1d.root]'", u'erCode': u'60307', u'se_name': u'srm-eoscms.cern.ch', u'for_lfn': u'/copy_problem/'}}
UserProcessedDataset =  
file_name in inputDict =  /wntmp/condor/compute-22-29/execute/dir_30835/glide_veh7qz/execute/dir_2210/cms_KgxGufuURhfL/CMSSW_7_1_0_pre8/L1SkimRun_42_1_n1d.root
(size) os.stat(filename)[6] =  478038909
checksum =  3453522528
    file =  L1SkimRun_42_1_n1d.root
    newPfn =  srm://srm-eoscms.cern.ch:8443/srm/v2/server?SFN=/eos/cms/store/user/aelwood/140801_jJets_ngun_PU40bx25/L1SkimRun_42_1_n1d.root
    newLfn =  /copy_problem/L1SkimRun_42_1_n1d.root
>>> crab_fjr_*.xml  permission set to 0704
CrabWrapper EXIT_FUNC entered at Fri Aug  1 04:44:10 PDT 2014   -  Fri Aug  1 11:44:10 UTC 2014
Checking output files:  
will tar file crab_fjr_42.xml in  out_files_42
WARNING: output file CMSSW_42.stdout not found!
WARNING: output file CMSSW_42.stderr not found!
WARNING: output file Watchdog_42.log.gz not found!
>>> working dir = /wntmp/condor/compute-22-29/execute/dir_30835/glide_veh7qz/execute/dir_2210/cms_KgxGufuURhfL
>>> current directory (RUNTIME_AREA): /wntmp/condor/compute-22-29/execute/dir_30835/glide_veh7qz/execute/dir_2210
>>> Remove working directory: /wntmp/condor/compute-22-29/execute/dir_30835/glide_veh7qz/execute/dir_2210/cms_KgxGufuURhfL
/wntmp/condor/compute-22-29/execute/dir_30835/glide_veh7qz/execute/dir_2210/condor_exec.exe: line 140: symlinks: command not found
>>> padding time: Wrapper lasting more than 600 seconds. No sleep required.
STOPPING WATCHDOG. CrabWatchdog PID is 2669
********** LAST 50 LINES OF WATCHDOG LOG
 Aug 01 03:22:05 PDT	---	668304	914796	170	----	----	----
 Aug 01 03:23:06 PDT	3244	668348	935276	170	301	972	cmsRun -j /wntmp/condor/compute-22-29/execute/dir_30835/glide_veh7qz/execute/dir_2210/crab_fjr_42.xml -p pset.py      
 Aug 01 03:23:06 PDT	---	668348	935276	176	----	----	----
 Aug 01 03:24:06 PDT	3244	668772	935276	176	350	1033	cmsRun -j /wntmp/condor/compute-22-29/execute/dir_30835/glide_veh7qz/execute/dir_2210/crab_fjr_42.xml -p pset.py      
 Aug 01 03:24:06 PDT	---	668772	935276	191	----	----	----
 Aug 01 03:25:07 PDT	---	668772	935276	205	----	----	----
 Aug 01 03:26:08 PDT	3244	669036	935276	205	444	1154	cmsRun -j /wntmp/condor/compute-22-29/execute/dir_30835/glide_veh7qz/execute/dir_2210/crab_fjr_42.xml -p pset.py      
 Aug 01 03:26:08 PDT	---	669036	935276	219	----	----	----
 Aug 01 03:27:09 PDT	---	669036	935276	234	----	----	----
# TIME			PID	RSS(KB)	VSZ(KB)	Dsk(MB)	tCPU(s)	tWALL(s)	COMMAND
 Aug 01 03:28:09 PDT	3244	669432	935276	234	542	1276	cmsRun -j /wntmp/condor/compute-22-29/execute/dir_30835/glide_veh7qz/execute/dir_2210/crab_fjr_42.xml -p pset.py      
 Aug 01 03:28:09 PDT	---	669432	935276	250	----	----	----
 Aug 01 03:29:10 PDT	---	669432	935276	258	----	----	----
 Aug 01 03:32:12 PDT	---	669432	935276	264	----	----	----
 Aug 01 03:33:13 PDT	---	669432	935276	269	----	----	----
 Aug 01 03:34:14 PDT	---	669432	935276	270	----	----	----
 Aug 01 03:37:16 PDT	---	669432	935276	276	----	----	----
 Aug 01 03:42:19 PDT	---	669432	935276	289	----	----	----
 Aug 01 03:43:20 PDT	---	669432	935276	294	----	----	----
 Aug 01 03:45:21 PDT	---	669432	935276	296	----	----	----
 Aug 01 03:46:22 PDT	---	669432	935276	309	----	----	----
 Aug 01 03:47:22 PDT	---	669432	935276	320	----	----	----
 Aug 01 03:48:23 PDT	---	669432	935276	322	----	----	----
 Aug 01 03:49:24 PDT	---	669432	935276	326	----	----	----
 Aug 01 03:57:29 PDT	---	669432	935276	335	----	----	----
 Aug 01 03:58:30 PDT	---	669432	935276	349	----	----	----
 Aug 01 03:59:30 PDT	---	669432	935276	364	----	----	----
 Aug 01 04:00:31 PDT	---	669432	935276	379	----	----	----
 Aug 01 04:01:32 PDT	---	669432	935276	388	----	----	----
 Aug 01 04:02:32 PDT	---	669432	935276	392	----	----	----
 Aug 01 04:04:34 PDT	---	669432	935276	407	----	----	----
 Aug 01 04:05:34 PDT	---	669432	935276	409	----	----	----
 Aug 01 04:17:42 PDT	---	669432	935276	411	----	----	----
 Aug 01 04:28:49 PDT	---	669432	935276	415	----	----	----
 Aug 01 04:29:50 PDT	---	669432	935276	428	----	----	----
 Aug 01 04:30:50 PDT	3244	691544	985452	428	1158	5037	cmsRun -j /wntmp/condor/compute-22-29/execute/dir_30835/glide_veh7qz/execute/dir_2210/crab_fjr_42.xml -p pset.py      
 Aug 01 04:30:50 PDT	---	691544	985452	439	----	----	----
 Aug 01 04:31:51 PDT	3244	691552	985452	439	1178	5097	cmsRun -j /wntmp/condor/compute-22-29/execute/dir_30835/glide_veh7qz/execute/dir_2210/crab_fjr_42.xml -p pset.py      
 Aug 01 04:31:51 PDT	---	691552	985452	444	----	----	----
 Aug 01 04:32:52 PDT	3244	691992	985452	444	1206	5158	cmsRun -j /wntmp/condor/compute-22-29/execute/dir_30835/glide_veh7qz/execute/dir_2210/crab_fjr_42.xml -p pset.py      
 Aug 01 04:32:52 PDT	---	691992	985452	455	----	----	----
 Aug 01 04:33:52 PDT	---	691992	985452	468	----	----	----
 Aug 01 04:34:53 PDT	---	691992	985452	479	----	----	----
 Aug 01 04:35:54 PDT	---	691992	985452	488	----	----	----
 Aug 01 04:36:54 PDT	---	691992	985452	490	----	----	----
 Aug 01 04:37:55 PDT	---	691992	985452	503	----	----	----
 Aug 01 04:38:56 PDT	3244	692560	985452	503	1413	5522	cmsRun -j /wntmp/condor/compute-22-29/execute/dir_30835/glide_veh7qz/execute/dir_2210/crab_fjr_42.xml -p pset.py      
 Aug 01 04:38:56 PDT	---	692560	985452	519	----	----	----
 Aug 01 04:39:56 PDT	---	692560	985452	534	----	----	----
 Aug 01 04:40:57 PDT	---	692560	985452	545	----	----	----
********** WATCHDOG LOG ENDED
ZIPPING WATCHDOG LOG
Disk space used:
du -sh /wntmp/condor/compute-22-29/execute/dir_30835/glide_veh7qz/execute/dir_2210
17M	/wntmp/condor/compute-22-29/execute/dir_30835/glide_veh7qz/execute/dir_2210
Found unusual stdout, rename for OSB
`/wntmp/condor/compute-22-29/execute/dir_30835/glide_veh7qz/execute/dir_2210/_condor_stdout' -> `CMSSW_42.stdout'
Found unusual stderr, rename for OSB
`/wntmp/condor/compute-22-29/execute/dir_30835/glide_veh7qz/execute/dir_2210/_condor_stdout' -> `CMSSW_42.stderr'
crab_fjr_42.xml
CMSSW_42.stdout
CMSSW_42.stderr
Watchdog_42.log.gz
Total Output dimension: 23048
WARNING: output files size limit is set to: 50000000
Total Output dimension 23048 is fine.
JOB_EXIT_STATUS = 60307
>>> info for dashboard:
***** Cat /wntmp/condor/compute-22-29/execute/dir_30835/glide_veh7qz/execute/dir_2210/jobreport.txt *****
MonitorJobID=42_https://submit-4.t2.ucsd.edu//140801//331280.41
MonitorID=aelwood_140801_jJets_ngun_PU40bx25_1c84ps
ExeTime=5611
ExeExitCode=0
StageOutExitStatusReason = 'ERROR: problems checking if file /wntmp/condor/compute-22-29/execute/dir_30835/glide_veh7qz/execute/dir_2210/cms_KgxGufuURhfL/CMSSW_7_1_0_pre8/L1SkimRun_42_1_n1d.root already exist Error checking [L1SkimRun_42_1_n1d.root] '
StageOutSE = srm-eoscms.cern.ch
StageOutExitStatus = 60307
CrabUserCpuTime=1465.78
CrabSysCpuTime=23.96
CrabCpuPercentage=26%
CrabWrapperTime=5841
CrabStageoutTime=213
JobExitCode=60307
***** End Cat jobreport *****
Parameters sent to Dashboard.
EXITING at Fri Aug  1 04:44:12 PDT 2014  -  Fri Aug  1 11:44:12 UTC 2014
