This script was generated by crab (version 2.10.6).
Running /wntmp/condor/compute-22-31/execute/dir_2243/glide_vkq7HF/execute/dir_26699/condor_exec.exe with 2 positional parameters: 26 1
Today is Fri Aug  1 03:32:50 PDT 2014 - Fri Aug  1 10:32:50 UTC 2014
Job submitted on host compute-22-31.tier2
Linux compute-22-31.tier2 2.6.32-279.el6.x86_64 #1 SMP Fri Jun 22 12:19:21 UTC 2012 x86_64 x86_64 x86_64 GNU/Linux
>>> current directory (RUNTIME_AREA): /wntmp/condor/compute-22-31/execute/dir_2243/glide_vkq7HF/execute/dir_26699
>>> current user: uid=20804(uscms4354) gid=504(cms) groups=504(cms),65017(glexec65017) context=unconfined_u:system_r:condor_startd_t:s0
>>> directory permission set to 0700
>>> umask set to:  u=rwx,g=,o=
>>> stdout stderr permission set to 0704
>>> voms proxy information:
subject   : /C=UK/O=eScience/OU=Imperial/L=Physics/CN=adam elwood/CN=1171778048/CN=648526637
issuer    : /C=UK/O=eScience/OU=Imperial/L=Physics/CN=adam elwood/CN=1171778048
identity  : /C=UK/O=eScience/OU=Imperial/L=Physics/CN=adam elwood/CN=1171778048
type      : RFC compliant proxy
strength  : 1024 bits
path      : /wntmp/condor/compute-22-31/execute/dir_2243/glide_vkq7HF/execute/dir_26699/x509up_u41660
timeleft  : 23:59:58
key usage : Digital Signature, Key Encipherment, Key Agreement
=== VO cms extension information ===
VO        : cms
subject   : /C=UK/O=eScience/OU=Imperial/L=Physics/CN=adam elwood
issuer    : /DC=ch/DC=cern/OU=computers/CN=lcg-voms.cern.ch
attribute : /cms/Role=NULL/Capability=NULL
timeleft  : 191:20:26
uri       : lcg-voms.cern.ch:15002
WNHostName=compute-22-31.tier2
>>> tar --no-same-permissions -xf /wntmp/condor/compute-22-31/execute/dir_2243/glide_vkq7HF/execute/dir_26699/default.tgz :
Successful untar
>>> Include /wntmp/condor/compute-22-31/execute/dir_2243/glide_vkq7HF/execute/dir_26699 in PYTHONPATH:
strip arguments
env var CRAB_UNIQUE_JOB_ID set to: aelwood_140801_jJets_ngun_PU40bx25_1c84ps_26_1_CA5
out_files_26
>>> list of expected files on output sandbox
output files: crab_fjr_26.xml CMSSW_26.stdout CMSSW_26.stderr Watchdog_26.log.gz
>>> GridFlavour discovery: 
source OSG GRID setup script
GridFlavour=OSG
>>> SyncSite discovery: 
SyncSite=T2_US_Caltech
>>> SyncCE discovery: 
getting SyncCE from OSG_JOB_CONTACT
SyncCE=itb-ce.ultralight.org/jobmanager-condor
>>> info for dashboard:
***** Cat /wntmp/condor/compute-22-31/execute/dir_2243/glide_vkq7HF/execute/dir_26699/jobreport.txt *****
WNHostName=compute-22-31.tier2
MonitorJobID=26_https://submit-4.t2.ucsd.edu//140801//331280.25
SyncGridJobId=https://submit-4.t2.ucsd.edu//140801//331280.25
MonitorID=aelwood_140801_jJets_ngun_PU40bx25_1c84ps
GridFlavour=OSG
SyncSite=T2_US_Caltech
SyncCE=itb-ce.ultralight.org/jobmanager-condor
***** End Cat jobreport *****
Parameters sent to Dashboard.
>>> setup environment
set SCRAM ARCH to slc6_amd64_gcc481
SCRAM_ARCH = slc6_amd64_gcc481
>>> Created working directory: /wntmp/condor/compute-22-31/execute/dir_2243/glide_vkq7HF/execute/dir_26699/cms_NpABgFfD0Xyr
Change to working directory: /wntmp/condor/compute-22-31/execute/dir_2243/glide_vkq7HF/execute/dir_26699/cms_NpABgFfD0Xyr
>>> current directory (WORKING_DIR): /wntmp/condor/compute-22-31/execute/dir_2243/glide_vkq7HF/execute/dir_26699/cms_NpABgFfD0Xyr
>>> setup CMS OSG environment:
set SCRAM ARCH to slc6_amd64_gcc481
SCRAM_ARCH = slc6_amd64_gcc481
OSG_APP is /raid1/osg-app
sourcing /raid1/osg-app/cmssoft/cms/cmsset_default.sh ...
==> setup cms environment ok
SCRAM_ARCH = slc6_amd64_gcc481
>>> specific cmssw setup environment:
CMSSW_VERSION =  CMSSW_7_1_0_pre8
>>> current directory (SOFTWARE_DIR): /wntmp/condor/compute-22-31/execute/dir_2243/glide_vkq7HF/execute/dir_26699/cms_NpABgFfD0Xyr/CMSSW_7_1_0_pre8
PreserveSeeds: <>
IncrementSeeds:<>
>>> info for dashboard:
***** Cat /wntmp/condor/compute-22-31/execute/dir_2243/glide_vkq7HF/execute/dir_26699/jobreport.txt *****
MonitorJobID=26_https://submit-4.t2.ucsd.edu//140801//331280.25
MonitorID=aelwood_140801_jJets_ngun_PU40bx25_1c84ps
***** End Cat jobreport *****
Parameters sent to Dashboard.
crabWatchdog started as process 27447
>>> moving CMSSW software directories in /wntmp/condor/compute-22-31/execute/dir_2243/glide_vkq7HF/execute/dir_26699/cms_NpABgFfD0Xyr/CMSSW_7_1_0_pre8
mv: cannot stat `/wntmp/condor/compute-22-31/execute/dir_2243/glide_vkq7HF/execute/dir_26699/module/': No such file or directory
>>> Include /wntmp/condor/compute-22-31/execute/dir_2243/glide_vkq7HF/execute/dir_26699 in PYTHONPATH:
PYTHONPATH=/wntmp/condor/compute-22-31/execute/dir_2243/glide_vkq7HF/execute/dir_26699/:/wntmp/condor/compute-22-31/execute/dir_2243/glide_vkq7HF/execute/dir_26699/cms_NpABgFfD0Xyr/CMSSW_7_1_0_pre8/python:/wntmp/condor/compute-22-31/execute/dir_2243/glide_vkq7HF/execute/dir_26699/cms_NpABgFfD0Xyr/CMSSW_7_1_0_pre8/lib/slc6_amd64_gcc481:/cvmfs/cms.cern.ch/slc6_amd64_gcc481/cms/cmssw/CMSSW_7_1_0_pre8/python:/cvmfs/cms.cern.ch/slc6_amd64_gcc481/cms/cmssw/CMSSW_7_1_0_pre8/lib/slc6_amd64_gcc481:/cvmfs/cms.cern.ch/slc6_amd64_gcc481/cms/coral/CORAL_2_3_21-cms20/slc6_amd64_gcc481/python:/cvmfs/cms.cern.ch/slc6_amd64_gcc481/cms/coral/CORAL_2_3_21-cms20/slc6_amd64_gcc481/lib:/cvmfs/cms.cern.ch/slc6_amd64_gcc481/external/pyqt/4.8.1-cms/lib/python2.7/site-packages:/cvmfs/cms.cern.ch/slc6_amd64_gcc481/external/py2-scipy/0.8.0-cms/lib/python2.7/site-packages:/cvmfs/cms.cern.ch/slc6_amd64_gcc481/external/py2-matplotlib/1.2.1-cms/lib/python2.7/site-packages:/cvmfs/cms.cern.ch/slc6_amd64_gcc481/external/yoda/1.0.4/lib/python2.7/site-packages:/cvmfs/cms.cern.ch/slc6_amd64_gcc481/external/python-ldap/2.4.10-cms/lib/python2.7/site-packages:/cvmfs/cms.cern.ch/slc6_amd64_gcc481/external/sip/4.11.2-cms/lib/python2.7/site-packages:/cvmfs/cms.cern.ch/slc6_amd64_gcc481/external/llvm/3.4/lib/python2.7/site-packages:/cvmfs/cms.cern.ch/slc6_amd64_gcc481/external/py2-sqlalchemy/0.8.2-cms2/lib/python2.7/site-packages:/cvmfs/cms.cern.ch/slc6_amd64_gcc481/external/py2-pycurl/7.19.0-cms/lib/python2.7/site-packages:/cvmfs/cms.cern.ch/slc6_amd64_gcc481/external/py2-python-dateutil/1.1-cms/lib/python2.7/site-packages:/cvmfs/cms.cern.ch/slc6_amd64_gcc481/external/py2-numpy/1.6.1-cms/lib/python2.7/site-packages:/cvmfs/cms.cern.ch/slc6_amd64_gcc481/external/py2-lint/0.25.1-cms/lib/python2.7/site-packages:/cvmfs/cms.cern.ch/slc6_amd64_gcc481/external/py2-ipython/0.10-cms/lib/python2.7/site-packages:/cvmfs/cms.cern.ch/slc6_amd64_gcc481/external/py2-cx-oracle/5.1-cms2/lib/python2.7/site-packages:/cvmfs/cms.cern.ch/slc6_amd64_gcc481/external/py2-cjson/1.0.5-cms/lib/python2.7/site-packages:/cvmfs/cms.cern.ch/slc6_amd64_gcc481/external/frontier_client/2.8.10/python/lib:/cvmfs/cms.cern.ch/slc6_amd64_gcc481/cms/das-client/2.5.0/bin:/cvmfs/cms.cern.ch/slc6_amd64_gcc481/external/cython/0.19.1/lib/python2.7/site-packages:/cvmfs/cms.cern.ch/slc6_amd64_gcc481/external/rivet/1.8.2-cms4/lib/python2.7/site-packages:/cvmfs/cms.cern.ch/slc6_amd64_gcc481/external/pyminuit2/0.0.1-cms13/lib/python2.7/site-packages:/cvmfs/cms.cern.ch/slc6_amd64_gcc481/external/py2-pygithub/1.23.0/lib/python2.7/site-packages:/cvmfs/cms.cern.ch/slc6_amd64_gcc481/external/py2-networkx/1.8.1/lib/python2.7/site-packages:/cvmfs/cms.cern.ch/slc6_amd64_gcc481/external/professor/1.0.0-cms13/lib/python2.7/site-packages:/cvmfs/cms.cern.ch/slc6_amd64_gcc481/lcg/root/5.34.18/lib:/cvmfs/cms.cern.ch/slc6_amd64_gcc481/cms/dbs-client/DBS_2_1_9-cms/lib:/cvmfs/cms.cern.ch/slc6_amd64_gcc481/cms/dbs-client/DBS_2_1_9-cms/lib/DBSAPI:/cvmfs/cms.cern.ch/slc6_amd64_gcc481/external/cvs2git/5419-cms/lib:/wntmp/condor/compute-22-31/execute/dir_2243/glide_vkq7HF/execute/dir_26699/
 
# LIMITS USED BY CRAB WATCHDOG:
# RSS  (KBytes)   : 2300000
# VSZ  (KBytes)   : 100000000
# DISK (MBytes)   : 19000
# CPU TIME        : 720h:0m:0s
# WALL CLOCK TIME : 21h:50m:0s
 
951aa882d2ac167e3fe15038b4453880
PSETHASH = 951aa882d2ac167e3fe15038b4453880
/wntmp/condor/compute-22-31/execute/dir_2243/glide_vkq7HF/execute/dir_26699/writeCfg.py pset.py pset.py
Importing .py file
Setting parameters
RandomNumberGeneratorService found, will attempt to change seeds
inputBlocks=/Neutrino_Pt-2to20_gun/Fall13dr-tsg_PU40bx25_POSTLS162_V2-v1/GEN-SIM-RAW#09b9f490-7aa3-11e3-b1c2-003048f02d38
inputFiles=/store/mc/Fall13dr/Neutrino_Pt-2to20_gun/GEN-SIM-RAW/tsg_PU40bx25_POSTLS162_V2-v1/00002/16D1ED73-017B-E311-85CE-0025905A60CE.root;/store/mc/Fall13dr/Neutrino_Pt-2to20_gun/GEN-SIM-RAW/tsg_PU40bx25_POSTLS162_V2-v1/00002/EA5DE108-E67A-E311-8B8E-0025905A6092.root;/store/mc/Fall13dr/Neutrino_Pt-2to20_gun/GEN-SIM-RAW/tsg_PU40bx25_POSTLS162_V2-v1/00002/8E48E9D3-ED7A-E311-A34A-002618943986.root;/store/mc/Fall13dr/Neutrino_Pt-2to20_gun/GEN-SIM-RAW/tsg_PU40bx25_POSTLS162_V2-v1/00002/146E3AF6-EC7A-E311-9BA0-003048679164.root;/store/mc/Fall13dr/Neutrino_Pt-2to20_gun/GEN-SIM-RAW/tsg_PU40bx25_POSTLS162_V2-v1/00002/0C252FD0-2D7B-E311-BE8C-002618943894.root;/store/mc/Fall13dr/Neutrino_Pt-2to20_gun/GEN-SIM-RAW/tsg_PU40bx25_POSTLS162_V2-v1/00002/ACE4377C-2D7B-E311-9BF3-0026189438FF.root;/store/mc/Fall13dr/Neutrino_Pt-2to20_gun/GEN-SIM-RAW/tsg_PU40bx25_POSTLS162_V2-v1/00002/3A8C13BD-2B7B-E311-95AB-0018F3D096BE.root
parentFiles=/store/mc/Fall13/Neutrino_Pt-2to20_gun/GEN-SIM/POSTLS162_V1-v4/10000/567E60C2-AB68-E311-8B3A-90B11C1DBFB4.root;/store/mc/Fall13/Neutrino_Pt-2to20_gun/GEN-SIM/POSTLS162_V1-v4/10000/0A8C8CED-AB68-E311-80BE-90B11C27F89E.root;/store/mc/Fall13/Neutrino_Pt-2to20_gun/GEN-SIM/POSTLS162_V1-v4/10000/F4012258-AB68-E311-8717-0025904AC2CA.root;/store/mc/Fall13/Neutrino_Pt-2to20_gun/GEN-SIM/POSTLS162_V1-v4/10000/1433FB5A-AB68-E311-9ADF-002590491AE4.root;/store/mc/Fall13/Neutrino_Pt-2to20_gun/GEN-SIM/POSTLS162_V1-v4/10000/8E0B195E-AB68-E311-A174-0025904AC2CA.root;/store/mc/Fall13/Neutrino_Pt-2to20_gun/GEN-SIM/POSTLS162_V1-v4/10000/C24871F4-AA68-E311-9366-90B11C1DBFB4.root;/store/mc/Fall13/Neutrino_Pt-2to20_gun/GEN-SIM/POSTLS162_V1-v4/10000/0E6630EA-AA68-E311-9082-003048F5B2A0.root;/store/mc/Fall13/Neutrino_Pt-2to20_gun/GEN-SIM/POSTLS162_V1-v4/10000/0A8C8CED-AB68-E311-80BE-90B11C27F89E.root;/store/mc/Fall13/Neutrino_Pt-2to20_gun/GEN-SIM/POSTLS162_V1-v4/10000/1A5080F4-AA68-E311-BFFB-90B11C1DBFB4.root;/store/mc/Fall13/Neutrino_Pt-2to20_gun/GEN-SIM/POSTLS162_V1-v4/10000/58156EF4-AA68-E311-A5B1-90B11C1DBFB4.root;/store/mc/Fall13/Neutrino_Pt-2to20_gun/GEN-SIM/POSTLS162_V1-v4/10000/DEB470F4-AA68-E311-A5EC-90B11C1DBFB4.root;/store/mc/Fall13/Neutrino_Pt-2to20_gun/GEN-SIM/POSTLS162_V1-v4/10000/5E069FF4-AA68-E311-8232-90B11C1DBFB4.root;/store/mc/Fall13/Neutrino_Pt-2to20_gun/GEN-SIM/POSTLS162_V1-v4/10001/70B019EE-B168-E311-AB88-003048F5B69A.root;/store/mc/Fall13/Neutrino_Pt-2to20_gun/GEN-SIM/POSTLS162_V1-v4/10000/C24871F4-AA68-E311-9366-90B11C1DBFB4.root;/store/mc/Fall13/Neutrino_Pt-2to20_gun/GEN-SIM/POSTLS162_V1-v4/10000/0E6630EA-AA68-E311-9082-003048F5B2A0.root;/store/mc/Fall13/Neutrino_Pt-2to20_gun/GEN-SIM/POSTLS162_V1-v4/10000/3228DBE4-AB68-E311-AFE5-0025904A91F6.root;/store/mc/Fall13/Neutrino_Pt-2to20_gun/GEN-SIM/POSTLS162_V1-v4/10000/0A8C8CED-AB68-E311-80BE-90B11C27F89E.root;/store/mc/Fall13/Neutrino_Pt-2to20_gun/GEN-SIM/POSTLS162_V1-v4/10001/8E750E57-AD68-E311-BD96-90B11C1DBFB4.root;/store/mc/Fall13/Neutrino_Pt-2to20_gun/GEN-SIM/POSTLS162_V1-v4/10001/12A6320D-B068-E311-A38A-0025904897C2.root;/store/mc/Fall13/Neutrino_Pt-2to20_gun/GEN-SIM/POSTLS162_V1-v4/10000/1A5080F4-AA68-E311-BFFB-90B11C1DBFB4.root;/store/mc/Fall13/Neutrino_Pt-2to20_gun/GEN-SIM/POSTLS162_V1-v4/10000/58156EF4-AA68-E311-A5B1-90B11C1DBFB4.root;/store/mc/Fall13/Neutrino_Pt-2to20_gun/GEN-SIM/POSTLS162_V1-v4/10000/DEB470F4-AA68-E311-A5EC-90B11C1DBFB4.root;/store/mc/Fall13/Neutrino_Pt-2to20_gun/GEN-SIM/POSTLS162_V1-v4/10000/5E069FF4-AA68-E311-8232-90B11C1DBFB4.root;/store/mc/Fall13/Neutrino_Pt-2to20_gun/GEN-SIM/POSTLS162_V1-v4/10000/C24871F4-AA68-E311-9366-90B11C1DBFB4.root;/store/mc/Fall13/Neutrino_Pt-2to20_gun/GEN-SIM/POSTLS162_V1-v4/10000/00ED2FEA-AA68-E311-BEEE-003048F5B2A0.root;/store/mc/Fall13/Neutrino_Pt-2to20_gun/GEN-SIM/POSTLS162_V1-v4/10000/12FEE907-AB68-E311-A9B9-90B11C27EA38.root;/store/mc/Fall13/Neutrino_Pt-2to20_gun/GEN-SIM/POSTLS162_V1-v4/10000/869E6491-AB68-E311-8C53-0025901D08BE.root;/store/mc/Fall13/Neutrino_Pt-2to20_gun/GEN-SIM/POSTLS162_V1-v4/10000/7C87B9B2-AB68-E311-BDCF-003048F5B5F4.root;/store/mc/Fall13/Neutrino_Pt-2to20_gun/GEN-SIM/POSTLS162_V1-v4/10000/12FEE907-AB68-E311-A9B9-90B11C27EA38.root;/store/mc/Fall13/Neutrino_Pt-2to20_gun/GEN-SIM/POSTLS162_V1-v4/10000/5ED692F4-AA68-E311-85A2-90B11C1DBFB4.root;/store/mc/Fall13/Neutrino_Pt-2to20_gun/GEN-SIM/POSTLS162_V1-v4/10000/5C0B7CF6-AA68-E311-BA32-003048F59754.root;/store/mc/Fall13/Neutrino_Pt-2to20_gun/GEN-SIM/POSTLS162_V1-v4/10000/14465A61-AB68-E311-83F0-90B11C2ACF20.root;/store/mc/Fall13/Neutrino_Pt-2to20_gun/GEN-SIM/POSTLS162_V1-v4/10000/869E6491-AB68-E311-8C53-0025901D08BE.root;/store/mc/Fall13/Neutrino_Pt-2to20_gun/GEN-SIM/POSTLS162_V1-v4/10000/7C87B9B2-AB68-E311-BDCF-003048F5B5F4.root;/store/mc/Fall13/Neutrino_Pt-2to20_gun/GEN-SIM/POSTLS162_V1-v4/10000/C004547E-AC68-E311-9972-003048F5B2A0.root;/store/mc/Fall13/Neutrino_Pt-2to20_gun/GEN-SIM/POSTLS162_V1-v4/10000/00ED2FEA-AA68-E311-BEEE-003048F5B2A0.root;/store/mc/Fall13/Neutrino_Pt-2to20_gun/GEN-SIM/POSTLS162_V1-v4/10000/5ED692F4-AA68-E311-85A2-90B11C1DBFB4.root;/store/mc/Fall13/Neutrino_Pt-2to20_gun/GEN-SIM/POSTLS162_V1-v4/10000/5C0B7CF6-AA68-E311-BA32-003048F59754.root;/store/mc/Fall13/Neutrino_Pt-2to20_gun/GEN-SIM/POSTLS162_V1-v4/10000/F805F57C-AB68-E311-9B93-90B11C1DBFB4.root;/store/mc/Fall13/Neutrino_Pt-2to20_gun/GEN-SIM/POSTLS162_V1-v4/10000/8C0E4E91-AB68-E311-AF2C-0025901D08DE.root;/store/mc/Fall13/Neutrino_Pt-2to20_gun/GEN-SIM/POSTLS162_V1-v4/10000/869E6491-AB68-E311-8C53-0025901D08BE.root;/store/mc/Fall13/Neutrino_Pt-2to20_gun/GEN-SIM/POSTLS162_V1-v4/10000/58156EF4-AA68-E311-A5B1-90B11C1DBFB4.root
lumisRange=
>>> Executable cmsRun
/cvmfs/cms.cern.ch/slc6_amd64_gcc481/cms/cmssw/CMSSW_7_1_0_pre8/bin/slc6_amd64_gcc481/cmsRun
ok executable found
>>> info for dashboard:
***** Cat /wntmp/condor/compute-22-31/execute/dir_2243/glide_vkq7HF/execute/dir_26699/jobreport.txt *****
MonitorJobID=26_https://submit-4.t2.ucsd.edu//140801//331280.25
MonitorID=aelwood_140801_jJets_ngun_PU40bx25_1c84ps
ExeStart=cmsRun
***** End Cat jobreport *****
Parameters sent to Dashboard.
>>> cmsRun started at Fri Aug  1 10:33:03 UTC 2014
>>> cmsRun ended at Fri Aug  1 11:44:41 UTC 2014
>>> crab_fjr_*.xml  permission set to 0704
>>> info for dashboard:
***** Cat /wntmp/condor/compute-22-31/execute/dir_2243/glide_vkq7HF/execute/dir_26699/jobreport.txt *****
MonitorJobID=26_https://submit-4.t2.ucsd.edu//140801//331280.25
MonitorID=aelwood_140801_jJets_ngun_PU40bx25_1c84ps
ExeEnd=cmsRun
***** End Cat jobreport *****
Parameters sent to Dashboard.
TIME_EXE = 4298 sec
>>> cmsRun wrote 60 lines of stdout+stderr
>>> START OF printout of 60 lines from stdout+stderr
==> using COND/Services/RelationalAuthenticationService for auth, sys 1
==> using COND/Services/RelationalAuthenticationService for auth, sys 1
01-Aug-2014 03:33:48 PDT  Initiating request to open file /mnt/hadoop/store/mc/Fall13dr/Neutrino_Pt-2to20_gun/GEN-SIM-RAW/tsg_PU40bx25_POSTLS162_V2-v1/00002/16D1ED73-017B-E311-85CE-0025905A60CE.root
01-Aug-2014 03:33:50 PDT  Successfully opened file /mnt/hadoop/store/mc/Fall13dr/Neutrino_Pt-2to20_gun/GEN-SIM-RAW/tsg_PU40bx25_POSTLS162_V2-v1/00002/16D1ED73-017B-E311-85CE-0025905A60CE.root
01-Aug-2014 03:33:52 PDT  Initiating request to open file /mnt/hadoop/store/mc/Fall13/Neutrino_Pt-2to20_gun/GEN-SIM/POSTLS162_V1-v4/10000/567E60C2-AB68-E311-8B3A-90B11C1DBFB4.root
01-Aug-2014 03:33:52 PDT  Fallback request to file root://cmsxrootd.fnal.gov//store/mc/Fall13/Neutrino_Pt-2to20_gun/GEN-SIM/POSTLS162_V1-v4/10000/567E60C2-AB68-E311-8B3A-90B11C1DBFB4.root
140801 03:33:55 28014 Xrd: CheckErrorStatus: Server [cmssrmdisk.fnal.gov:1095] declared: Request 3018 not supported(error code: 3013)
01-Aug-2014 03:33:55 PDT  Successfully opened file root://cmsxrootd.fnal.gov//store/mc/Fall13/Neutrino_Pt-2to20_gun/GEN-SIM/POSTLS162_V1-v4/10000/567E60C2-AB68-E311-8B3A-90B11C1DBFB4.root
01-Aug-2014 03:34:04 PDT  Closed file root://cmsxrootd.fnal.gov//store/mc/Fall13/Neutrino_Pt-2to20_gun/GEN-SIM/POSTLS162_V1-v4/10000/567E60C2-AB68-E311-8B3A-90B11C1DBFB4.root
Stage1Layer2Producer -- Running pp implementation


----------------------------------------
Begin: L1CaloTowerProducer
----------------------------------------

01-Aug-2014 03:38:04 PDT  Closed file /mnt/hadoop/store/mc/Fall13dr/Neutrino_Pt-2to20_gun/GEN-SIM-RAW/tsg_PU40bx25_POSTLS162_V2-v1/00002/16D1ED73-017B-E311-85CE-0025905A60CE.root
01-Aug-2014 03:38:04 PDT  Initiating request to open file /mnt/hadoop/store/mc/Fall13dr/Neutrino_Pt-2to20_gun/GEN-SIM-RAW/tsg_PU40bx25_POSTLS162_V2-v1/00002/EA5DE108-E67A-E311-8B8E-0025905A6092.root
01-Aug-2014 03:38:05 PDT  Successfully opened file /mnt/hadoop/store/mc/Fall13dr/Neutrino_Pt-2to20_gun/GEN-SIM-RAW/tsg_PU40bx25_POSTLS162_V2-v1/00002/EA5DE108-E67A-E311-8B8E-0025905A6092.root
140801 03:39:23 29300 Xrd: XrdClientMessage::ReadRaw: Failed to read header (8 bytes).
140801 03:39:23 29388 Xrd: XrdClientMessage::ReadRaw: Failed to read header (8 bytes).
01-Aug-2014 03:43:58 PDT  Closed file /mnt/hadoop/store/mc/Fall13dr/Neutrino_Pt-2to20_gun/GEN-SIM-RAW/tsg_PU40bx25_POSTLS162_V2-v1/00002/EA5DE108-E67A-E311-8B8E-0025905A6092.root
01-Aug-2014 03:43:58 PDT  Initiating request to open file /mnt/hadoop/store/mc/Fall13dr/Neutrino_Pt-2to20_gun/GEN-SIM-RAW/tsg_PU40bx25_POSTLS162_V2-v1/00002/8E48E9D3-ED7A-E311-A34A-002618943986.root
01-Aug-2014 03:43:58 PDT  Successfully opened file /mnt/hadoop/store/mc/Fall13dr/Neutrino_Pt-2to20_gun/GEN-SIM-RAW/tsg_PU40bx25_POSTLS162_V2-v1/00002/8E48E9D3-ED7A-E311-A34A-002618943986.root
140801 03:54:22 29301 Xrd: XrdClientMessage::ReadRaw: Failed to read header (8 bytes).
140801 03:54:23 29296 Xrd: XrdClientMessage::ReadRaw: Failed to read header (8 bytes).
140801 03:54:23 29298 Xrd: XrdClientMessage::ReadRaw: Failed to read header (8 bytes).
01-Aug-2014 04:10:41 PDT  Closed file /mnt/hadoop/store/mc/Fall13dr/Neutrino_Pt-2to20_gun/GEN-SIM-RAW/tsg_PU40bx25_POSTLS162_V2-v1/00002/8E48E9D3-ED7A-E311-A34A-002618943986.root
01-Aug-2014 04:10:41 PDT  Initiating request to open file /mnt/hadoop/store/mc/Fall13dr/Neutrino_Pt-2to20_gun/GEN-SIM-RAW/tsg_PU40bx25_POSTLS162_V2-v1/00002/146E3AF6-EC7A-E311-9BA0-003048679164.root
01-Aug-2014 04:10:42 PDT  Successfully opened file /mnt/hadoop/store/mc/Fall13dr/Neutrino_Pt-2to20_gun/GEN-SIM-RAW/tsg_PU40bx25_POSTLS162_V2-v1/00002/146E3AF6-EC7A-E311-9BA0-003048679164.root
01-Aug-2014 04:21:14 PDT  Closed file /mnt/hadoop/store/mc/Fall13dr/Neutrino_Pt-2to20_gun/GEN-SIM-RAW/tsg_PU40bx25_POSTLS162_V2-v1/00002/146E3AF6-EC7A-E311-9BA0-003048679164.root
01-Aug-2014 04:21:14 PDT  Initiating request to open file /mnt/hadoop/store/mc/Fall13dr/Neutrino_Pt-2to20_gun/GEN-SIM-RAW/tsg_PU40bx25_POSTLS162_V2-v1/00002/0C252FD0-2D7B-E311-BE8C-002618943894.root
01-Aug-2014 04:21:15 PDT  Successfully opened file /mnt/hadoop/store/mc/Fall13dr/Neutrino_Pt-2to20_gun/GEN-SIM-RAW/tsg_PU40bx25_POSTLS162_V2-v1/00002/0C252FD0-2D7B-E311-BE8C-002618943894.root
01-Aug-2014 04:26:25 PDT  Closed file /mnt/hadoop/store/mc/Fall13dr/Neutrino_Pt-2to20_gun/GEN-SIM-RAW/tsg_PU40bx25_POSTLS162_V2-v1/00002/0C252FD0-2D7B-E311-BE8C-002618943894.root
01-Aug-2014 04:26:25 PDT  Initiating request to open file /mnt/hadoop/store/mc/Fall13dr/Neutrino_Pt-2to20_gun/GEN-SIM-RAW/tsg_PU40bx25_POSTLS162_V2-v1/00002/ACE4377C-2D7B-E311-9BF3-0026189438FF.root
01-Aug-2014 04:26:25 PDT  Successfully opened file /mnt/hadoop/store/mc/Fall13dr/Neutrino_Pt-2to20_gun/GEN-SIM-RAW/tsg_PU40bx25_POSTLS162_V2-v1/00002/ACE4377C-2D7B-E311-9BF3-0026189438FF.root
01-Aug-2014 04:38:55 PDT  Closed file /mnt/hadoop/store/mc/Fall13dr/Neutrino_Pt-2to20_gun/GEN-SIM-RAW/tsg_PU40bx25_POSTLS162_V2-v1/00002/ACE4377C-2D7B-E311-9BF3-0026189438FF.root
01-Aug-2014 04:38:55 PDT  Initiating request to open file /mnt/hadoop/store/mc/Fall13dr/Neutrino_Pt-2to20_gun/GEN-SIM-RAW/tsg_PU40bx25_POSTLS162_V2-v1/00002/3A8C13BD-2B7B-E311-95AB-0018F3D096BE.root
01-Aug-2014 04:38:55 PDT  Successfully opened file /mnt/hadoop/store/mc/Fall13dr/Neutrino_Pt-2to20_gun/GEN-SIM-RAW/tsg_PU40bx25_POSTLS162_V2-v1/00002/3A8C13BD-2B7B-E311-95AB-0018F3D096BE.root
01-Aug-2014 04:44:36 PDT  Closed file /mnt/hadoop/store/mc/Fall13dr/Neutrino_Pt-2to20_gun/GEN-SIM-RAW/tsg_PU40bx25_POSTLS162_V2-v1/00002/3A8C13BD-2B7B-E311-95AB-0018F3D096BE.root

=============================================

MessageLogger Summary

 type     category        sev    module        subroutine        count    total
 ---- -------------------- -- ---------------- ----------------  -----    -----
    1 fileAction           -s AfterFile                              4        4
    2 fileAction           -s file_close                             7        7
    3 fileAction           -s file_open                             14       14

 type    category    Examples: run/evt        run/evt          run/evt
 ---- -------------------- ---------------- ---------------- ----------------
    1 fileAction           pre-events       pre-events       pre-events
    2 fileAction           PostProcessEvent PostProcessEvent PostEndRun
    3 fileAction           pre-events       pre-events       PostProcessEvent

Severity    # Occurrences   Total Occurrences
--------    -------------   -----------------
System                 25                  25
>>> END OF printout of 60 lines from stdout+stderr
>>> Parse FrameworkJobReport crab_fjr.xml
Result of parsing the FrameworkJobReport crab_fjr.xml: 
Extracted ExitStatus from FrameworkJobReport parsing output: 0
>>> Executable succeded  0
ExeExitCode=0
EXECUTABLE_EXIT_STATUS = 0
>>> current directory /wntmp/condor/compute-22-31/execute/dir_2243/glide_vkq7HF/execute/dir_26699/cms_NpABgFfD0Xyr/CMSSW_7_1_0_pre8
>>>  (SOFTWARE_DIR): /wntmp/condor/compute-22-31/execute/dir_2243/glide_vkq7HF/execute/dir_26699/cms_NpABgFfD0Xyr/CMSSW_7_1_0_pre8
>>> (WORKING_DIR): /wntmp/condor/compute-22-31/execute/dir_2243/glide_vkq7HF/execute/dir_26699/cms_NpABgFfD0Xyr
>>> current directory content:
total 468556
drwxr-xr-x. 3 uscms4354 cms      4096 Aug  1 03:32 .SCRAM
-rw-------. 1 uscms4354 cms    916533 Aug  1 03:32 CMSSW.py.pkl
-rw-------. 1 uscms4354 cms 477874123 Aug  1 04:44 L1SkimRun.root
drwxr-xr-x. 3 uscms4354 cms      4096 Aug  1 03:32 bin
drwxr-xr-x. 3 uscms4354 cms      4096 Aug  1 03:32 cfipython
drwxr-xr-x. 4 uscms4354 cms      4096 Aug  1 03:32 config
-rw-------. 1 uscms4354 cms        18 Aug  1 04:44 cpu_timing.txt
drwxr-xr-x. 2 uscms4354 cms      4096 Aug  1 03:32 doc
-rw-------. 1 uscms4354 cms      6578 Aug  1 04:44 executable.out
drwxr-xr-x. 2 uscms4354 cms      4096 Aug  1 03:32 include
drwx------. 3 uscms4354 cms      4096 Aug  1 00:37 lib
drwxr-xr-x. 3 uscms4354 cms      4096 Aug  1 03:32 logs
drwxr-xr-x. 3 uscms4354 cms      4096 Aug  1 03:32 objs
-rw-------. 1 uscms4354 cms       104 Aug  1 03:33 pset.py
-rw-------. 1 uscms4354 cms    924374 Aug  1 03:33 pset.py.pkl
-rw-------. 1 uscms4354 cms       289 Aug  1 03:33 pset.pyc
drwxr-xr-x. 2 uscms4354 cms      4096 Aug  1 03:32 python
-rw-------. 1 uscms4354 cms       419 Aug  1 04:44 report.log
drwx------. 5 uscms4354 cms      4096 Aug  1 03:32 src
drwxr-xr-x. 3 uscms4354 cms      4096 Aug  1 03:32 test
drwxr-xr-x. 3 uscms4354 cms      4096 Aug  1 03:32 tmp
>>> current directory /wntmp/condor/compute-22-31/execute/dir_2243/glide_vkq7HF/execute/dir_26699/cms_NpABgFfD0Xyr/CMSSW_7_1_0_pre8
>>> (SOFTWARE_DIR): /wntmp/condor/compute-22-31/execute/dir_2243/glide_vkq7HF/execute/dir_26699/cms_NpABgFfD0Xyr/CMSSW_7_1_0_pre8
>>> (WORKING_DIR): /wntmp/condor/compute-22-31/execute/dir_2243/glide_vkq7HF/execute/dir_26699/cms_NpABgFfD0Xyr
>>> current directory content:
total 468556
drwxr-xr-x. 3 uscms4354 cms      4096 Aug  1 03:32 .SCRAM
-rw-------. 1 uscms4354 cms    916533 Aug  1 03:32 CMSSW.py.pkl
-rw-------. 1 uscms4354 cms 477874123 Aug  1 04:44 L1SkimRun_26_1_CA5.root
drwxr-xr-x. 3 uscms4354 cms      4096 Aug  1 03:32 bin
drwxr-xr-x. 3 uscms4354 cms      4096 Aug  1 03:32 cfipython
drwxr-xr-x. 4 uscms4354 cms      4096 Aug  1 03:32 config
-rw-------. 1 uscms4354 cms        18 Aug  1 04:44 cpu_timing.txt
drwxr-xr-x. 2 uscms4354 cms      4096 Aug  1 03:32 doc
-rw-------. 1 uscms4354 cms      6578 Aug  1 04:44 executable.out
drwxr-xr-x. 2 uscms4354 cms      4096 Aug  1 03:32 include
drwx------. 3 uscms4354 cms      4096 Aug  1 00:37 lib
drwxr-xr-x. 3 uscms4354 cms      4096 Aug  1 03:32 logs
drwxr-xr-x. 3 uscms4354 cms      4096 Aug  1 03:32 objs
-rw-------. 1 uscms4354 cms       104 Aug  1 03:33 pset.py
-rw-------. 1 uscms4354 cms    924374 Aug  1 03:33 pset.py.pkl
-rw-------. 1 uscms4354 cms       289 Aug  1 03:33 pset.pyc
drwxr-xr-x. 2 uscms4354 cms      4096 Aug  1 03:32 python
-rw-------. 1 uscms4354 cms       419 Aug  1 04:44 report.log
drwx------. 5 uscms4354 cms      4096 Aug  1 03:32 src
drwxr-xr-x. 3 uscms4354 cms      4096 Aug  1 03:32 test
drwxr-xr-x. 3 uscms4354 cms      4096 Aug  1 03:32 tmp
>>> current directory (RUNTIME_AREA):  /wntmp/condor/compute-22-31/execute/dir_2243/glide_vkq7HF/execute/dir_26699
SE = srm-eoscms.cern.ch
SE_PATH = /srm/v2/server?SFN=/eos/cms/store/user/aelwood/140801_jJets_ngun_PU40bx25/
LFNBaseName = /store/user/aelwood/140801_jJets_ngun_PU40bx25/
USER = aelwood
endpoint = srm://srm-eoscms.cern.ch:8443/srm/v2/server?SFN=/eos/cms/store/user/aelwood/140801_jJets_ngun_PU40bx25/
>>> Copy output files from WN = compute-22-31.tier2 to /srm/v2/server?SFN=/eos/cms/store/user/aelwood/140801_jJets_ngun_PU40bx25/ :
python cmscp.py  --destination srm://srm-eoscms.cern.ch:8443/srm/v2/server?SFN=/eos/cms/store/user/aelwood/140801_jJets_ngun_PU40bx25/ --inputFileList /wntmp/condor/compute-22-31/execute/dir_2243/glide_vkq7HF/execute/dir_26699/cms_NpABgFfD0Xyr/CMSSW_7_1_0_pre8/L1SkimRun_26_1_CA5.root --middleware OSG --se_name srm-eoscms.cern.ch --for_lfn /store/user/aelwood/140801_jJets_ngun_PU40bx25/    
******************************************************
localSeName  =  cit-se.ultralight.org
remoteSeName =  srm-eoscms.cern.ch
******************************************************
{"/wntmp/condor/compute-22-31/execute/dir_2243/glide_vkq7HF/execute/dir_26699/cms_NpABgFfD0Xyr/CMSSW_7_1_0_pre8/L1SkimRun_26_1_CA5.root": {"endpoint": "srm://srm-eoscms.cern.ch:8443/srm/v2/server?SFN=/eos/cms/store/user/aelwood/140801_jJets_ngun_PU40bx25/", "surl_for_grid": "", "reason": "Copy succedeed with srm-lcg utils", "erCode": "0", "se_name": "srm-eoscms.cern.ch", "for_lfn": "/store/user/aelwood/140801_jJets_ngun_PU40bx25/"}}/wntmp/condor/compute-22-31/execute/dir_2243/glide_vkq7HF/execute/dir_26699
-------- cat /wntmp/condor/compute-22-31/execute/dir_2243/glide_vkq7HF/execute/dir_26699/cmscpReport.sh 
#!/bin/bash
echo "Report for File: /wntmp/condor/compute-22-31/execute/dir_2243/glide_vkq7HF/execute/dir_26699/cms_NpABgFfD0Xyr/CMSSW_7_1_0_pre8/L1SkimRun_26_1_CA5.root"
echo "LFN: /store/user/aelwood/140801_jJets_ngun_PU40bx25/L1SkimRun_26_1_CA5.root"
echo "StorageElement: srm-eoscms.cern.ch"
echo "StageOutExitStatusReason = 'Copy succedeed with srm-lcg utils'" | tee -a $RUNTIME_AREA/$repo
echo "StageOutSE = srm-eoscms.cern.ch" >> $RUNTIME_AREA/$repo

export StageOutExitStatus=0
echo "StageOutExitStatus = 0" | tee -a $RUNTIME_AREA/$repo
-------- end of /wntmp/condor/compute-22-31/execute/dir_2243/glide_vkq7HF/execute/dir_26699/cmscpReport.sh 
Report for File: /wntmp/condor/compute-22-31/execute/dir_2243/glide_vkq7HF/execute/dir_26699/cms_NpABgFfD0Xyr/CMSSW_7_1_0_pre8/L1SkimRun_26_1_CA5.root
LFN: /store/user/aelwood/140801_jJets_ngun_PU40bx25/L1SkimRun_26_1_CA5.root
StorageElement: srm-eoscms.cern.ch
StageOutExitStatusReason = 'Copy succedeed with srm-lcg utils'
StageOutExitStatus = 0
>>> current dir: /wntmp/condor/compute-22-31/execute/dir_2243/glide_vkq7HF/execute/dir_26699
>>> current dir content:
total 15132
-rw-------. 1 uscms4354 cms    10328 Aug  1 04:47 .SEinteraction.log
-rwx------. 1 uscms4354 cms     8605 Aug  1 03:32 .job.ad
-rwx------. 1 uscms4354 cms     9430 Aug  1 03:32 .machine.ad
-rw-------. 1 uscms4354 cms      105 Aug  1 02:57 CMSSW.py
-rw-------. 1 uscms4354 cms   916533 Aug  1 02:57 CMSSW.py.pkl
-rwx------. 1 uscms4354 cms    28576 Aug  1 03:32 CMSSW.sh
-rw-------. 1 uscms4354 cms      182 Aug  1 03:32 CacheEnv.sh
-rw-------. 1 uscms4354 cms     7291 Jul 12 08:18 DashboardAPI.py
-rw-------. 1 uscms4354 cms     6755 Aug  1 03:32 DashboardAPI.pyc
drwx------. 2 uscms4354 cms     4096 Aug  1 04:44 IMProv
lrwxrwxrwx. 1 uscms4354 cms      133 Aug  1 04:44 L1SkimRun.root -> /wntmp/condor/compute-22-31/execute/dir_2243/glide_vkq7HF/execute/dir_26699/cms_NpABgFfD0Xyr/CMSSW_7_1_0_pre8/L1SkimRun_26_1_CA5.root
-rw-------. 1 uscms4354 cms     2748 Jul 12 08:18 Logger.py
-rw-------. 1 uscms4354 cms     3327 Aug  1 03:32 Logger.pyc
-rw-------. 1 uscms4354 cms    24524 Jul 12 08:18 ProcInfo.py
-rw-------. 1 uscms4354 cms    23101 Aug  1 03:32 ProcInfo.pyc
drwx------. 7 uscms4354 cms     4096 Aug  1 03:33 ProdCommon
drwx------. 3 uscms4354 cms     4096 Aug  1 03:32 WMCore
-rw-------. 1 uscms4354 cms     6535 Aug  1 04:44 Watchdog_26.log
-rwx------. 1 uscms4354 cms        0 Aug  1 03:32 _condor_stderr
-rwx---r--. 1 uscms4354 cms    27900 Aug  1 04:47 _condor_stdout
-rw-------. 1 uscms4354 cms    32895 Jul 12 08:18 apmon.py
-rw-------. 1 uscms4354 cms    28509 Aug  1 03:32 apmon.pyc
-rwx------. 1 uscms4354 cms   240046 Aug  1 03:32 arguments.xml
drwx------. 3 uscms4354 cms     4096 Aug  1 03:32 cms_NpABgFfD0Xyr
-rwx------. 1 uscms4354 cms    38524 Jul 12 08:18 cmscp.py
-rw-------. 1 uscms4354 cms      544 Aug  1 04:47 cmscpReport.sh
-rwx------. 1 uscms4354 cms    28576 Aug  1 03:32 condor_exec.exe
-rw-------. 1 uscms4354 cms      759 Aug  1 02:56 crab.cfg
-rwx------. 1 uscms4354 cms     8610 Jul 12 08:18 crabWatchdog.sh
-rwx---r--. 1 uscms4354 cms    76748 Aug  1 04:44 crab_fjr_26.xml
-rwx------. 1 uscms4354 cms 13818897 Aug  1 03:32 default.tgz
-rwx------. 1 uscms4354 cms     4488 Jul 12 08:18 fillCrabFjr.py
-rw-------. 1 uscms4354 cms     5729 Aug  1 03:33 inputsReport.txt
-rw-------. 1 uscms4354 cms      261 Aug  1 04:47 jobreport.txt
-rw-------. 1 uscms4354 cms    17352 Jul 12 08:18 parseCrabFjr.py
-rw-------. 1 uscms4354 cms      334 Aug  1 03:32 report.log
-rwx--x--x. 1 uscms4354 cms     1497 Jul 12 08:18 report.py
-rw-------. 1 uscms4354 cms      436 Aug  1 04:47 resultCopyFile
-rwx------. 1 uscms4354 cms     8351 Jul 12 08:18 writeCfg.py
-rw-------. 1 uscms4354 cms     8083 Aug  1 04:22 x509up_u41660
>>> Modify Job Report:
CMSSW_VERSION = CMSSW_7_1_0_pre8
/wntmp/condor/compute-22-31/execute/dir_2243/glide_vkq7HF/execute/dir_26699/ProdCommon/FwkJobRep/ModifyJobReport.py fjr /wntmp/condor/compute-22-31/execute/dir_2243/glide_vkq7HF/execute/dir_26699/crab_fjr_26.xml json /wntmp/condor/compute-22-31/execute/dir_2243/glide_vkq7HF/execute/dir_26699/resultCopyFile n_job 26_1_CA5 PrimaryDataset Neutrino_Pt-2to20_gun  ApplicationFamily cmsRun ApplicationName cmsRun cmssw_version CMSSW_7_1_0_pre8 psethash 951aa882d2ac167e3fe15038b4453880
inputDict =  {u'/wntmp/condor/compute-22-31/execute/dir_2243/glide_vkq7HF/execute/dir_26699/cms_NpABgFfD0Xyr/CMSSW_7_1_0_pre8/L1SkimRun_26_1_CA5.root': {u'endpoint': u'srm://srm-eoscms.cern.ch:8443/srm/v2/server?SFN=/eos/cms/store/user/aelwood/140801_jJets_ngun_PU40bx25/', u'surl_for_grid': u'', u'reason': u'Copy succedeed with srm-lcg utils', u'erCode': u'0', u'se_name': u'srm-eoscms.cern.ch', u'for_lfn': u'/store/user/aelwood/140801_jJets_ngun_PU40bx25/'}}
UserProcessedDataset =  
file_name in inputDict =  /wntmp/condor/compute-22-31/execute/dir_2243/glide_vkq7HF/execute/dir_26699/cms_NpABgFfD0Xyr/CMSSW_7_1_0_pre8/L1SkimRun_26_1_CA5.root
(size) os.stat(filename)[6] =  477874123
checksum =  2144040150
    file =  L1SkimRun_26_1_CA5.root
    newPfn =  srm://srm-eoscms.cern.ch:8443/srm/v2/server?SFN=/eos/cms/store/user/aelwood/140801_jJets_ngun_PU40bx25/L1SkimRun_26_1_CA5.root
    newLfn =  /store/user/aelwood/140801_jJets_ngun_PU40bx25/L1SkimRun_26_1_CA5.root
>>> crab_fjr_*.xml  permission set to 0704
CrabWrapper EXIT_FUNC entered at Fri Aug  1 04:47:27 PDT 2014   -  Fri Aug  1 11:47:27 UTC 2014
Checking output files:  
will tar file crab_fjr_26.xml in  out_files_26
WARNING: output file CMSSW_26.stdout not found!
WARNING: output file CMSSW_26.stderr not found!
WARNING: output file Watchdog_26.log.gz not found!
>>> working dir = /wntmp/condor/compute-22-31/execute/dir_2243/glide_vkq7HF/execute/dir_26699/cms_NpABgFfD0Xyr
>>> current directory (RUNTIME_AREA): /wntmp/condor/compute-22-31/execute/dir_2243/glide_vkq7HF/execute/dir_26699
>>> Remove working directory: /wntmp/condor/compute-22-31/execute/dir_2243/glide_vkq7HF/execute/dir_26699/cms_NpABgFfD0Xyr
/wntmp/condor/compute-22-31/execute/dir_2243/glide_vkq7HF/execute/dir_26699/condor_exec.exe: line 140: symlinks: command not found
>>> padding time: Wrapper lasting more than 600 seconds. No sleep required.
STOPPING WATCHDOG. CrabWatchdog PID is 27447
********** LAST 50 LINES OF WATCHDOG LOG
 Aug 01 03:42:09 PDT	28014	699120	989800	163	410	553	cmsRun -j /wntmp/condor/compute-22-31/execute/dir_2243/glide_vkq7HF/execute/dir_26699/crab_fjr_26.xml -p pset.py      
 Aug 01 03:42:09 PDT	---	699120	989800	174	----	----	----
 Aug 01 03:43:11 PDT	---	699120	989800	185	----	----	----
 Aug 01 03:44:12 PDT	---	699120	989800	194	----	----	----
 Aug 01 03:45:13 PDT	---	699120	989800	199	----	----	----
 Aug 01 03:46:14 PDT	28014	699408	989800	199	575	797	cmsRun -j /wntmp/condor/compute-22-31/execute/dir_2243/glide_vkq7HF/execute/dir_26699/crab_fjr_26.xml -p pset.py      
 Aug 01 03:46:14 PDT	---	699408	989800	209	----	----	----
 Aug 01 03:47:15 PDT	---	699408	989800	223	----	----	----
 Aug 01 03:48:17 PDT	---	699408	989800	231	----	----	----
# TIME			PID	RSS(KB)	VSZ(KB)	Dsk(MB)	tCPU(s)	tWALL(s)	COMMAND
 Aug 01 03:49:18 PDT	---	699408	989800	237	----	----	----
 Aug 01 03:50:19 PDT	---	699408	989800	242	----	----	----
 Aug 01 03:51:21 PDT	---	699408	989800	247	----	----	----
 Aug 01 04:07:43 PDT	---	699408	989800	249	----	----	----
 Aug 01 04:08:45 PDT	---	699408	989800	259	----	----	----
 Aug 01 04:09:46 PDT	---	699408	989800	270	----	----	----
 Aug 01 04:10:48 PDT	---	699408	989800	280	----	----	----
 Aug 01 04:11:49 PDT	---	699408	989800	284	----	----	----
 Aug 01 04:12:50 PDT	---	699408	989800	292	----	----	----
 Aug 01 04:13:52 PDT	---	699408	989800	302	----	----	----
 Aug 01 04:14:54 PDT	---	699408	989800	312	----	----	----
 Aug 01 04:15:55 PDT	---	699408	989800	321	----	----	----
 Aug 01 04:16:57 PDT	---	699408	989800	330	----	----	----
 Aug 01 04:17:58 PDT	---	699408	989800	341	----	----	----
 Aug 01 04:19:00 PDT	---	699408	989800	348	----	----	----
 Aug 01 04:20:01 PDT	---	699408	989800	355	----	----	----
 Aug 01 04:21:03 PDT	---	699408	989800	363	----	----	----
 Aug 01 04:22:04 PDT	28014	700892	989800	363	1339	2948	cmsRun -j /wntmp/condor/compute-22-31/execute/dir_2243/glide_vkq7HF/execute/dir_26699/crab_fjr_26.xml -p pset.py      
 Aug 01 04:22:04 PDT	---	700892	989800	372	----	----	----
 Aug 01 04:23:06 PDT	---	700892	989800	383	----	----	----
 Aug 01 04:24:08 PDT	---	700892	989800	393	----	----	----
 Aug 01 04:25:09 PDT	---	700892	989800	403	----	----	----
 Aug 01 04:26:10 PDT	---	700892	989800	412	----	----	----
 Aug 01 04:27:12 PDT	---	700892	989800	421	----	----	----
 Aug 01 04:28:14 PDT	---	700892	989800	434	----	----	----
 Aug 01 04:29:15 PDT	---	700892	989800	443	----	----	----
 Aug 01 04:30:17 PDT	---	700892	989800	454	----	----	----
 Aug 01 04:31:19 PDT	---	700892	989800	455	----	----	----
 Aug 01 04:34:23 PDT	---	700892	989800	457	----	----	----
 Aug 01 04:35:25 PDT	---	700892	989800	460	----	----	----
# TIME			PID	RSS(KB)	VSZ(KB)	Dsk(MB)	tCPU(s)	tWALL(s)	COMMAND
 Aug 01 04:36:27 PDT	---	700892	989800	470	----	----	----
 Aug 01 04:37:28 PDT	---	700892	989800	478	----	----	----
 Aug 01 04:38:30 PDT	---	700892	989800	482	----	----	----
 Aug 01 04:39:32 PDT	---	700892	989800	493	----	----	----
 Aug 01 04:40:34 PDT	---	700892	989800	504	----	----	----
 Aug 01 04:41:36 PDT	---	700892	989800	513	----	----	----
 Aug 01 04:42:37 PDT	---	700892	989800	520	----	----	----
 Aug 01 04:43:39 PDT	---	700892	989800	531	----	----	----
 Aug 01 04:44:41 PDT	---	700892	989800	545	----	----	----
********** WATCHDOG LOG ENDED
ZIPPING WATCHDOG LOG
Disk space used:
du -sh /wntmp/condor/compute-22-31/execute/dir_2243/glide_vkq7HF/execute/dir_26699
17M	/wntmp/condor/compute-22-31/execute/dir_2243/glide_vkq7HF/execute/dir_26699
Found unusual stdout, rename for OSB
`/wntmp/condor/compute-22-31/execute/dir_2243/glide_vkq7HF/execute/dir_26699/_condor_stdout' -> `CMSSW_26.stdout'
Found unusual stderr, rename for OSB
`/wntmp/condor/compute-22-31/execute/dir_2243/glide_vkq7HF/execute/dir_26699/_condor_stdout' -> `CMSSW_26.stderr'
crab_fjr_26.xml
CMSSW_26.stdout
CMSSW_26.stderr
Watchdog_26.log.gz
Total Output dimension: 21414
WARNING: output files size limit is set to: 50000000
Total Output dimension 21414 is fine.
JOB_EXIT_STATUS = 0
>>> info for dashboard:
***** Cat /wntmp/condor/compute-22-31/execute/dir_2243/glide_vkq7HF/execute/dir_26699/jobreport.txt *****
MonitorJobID=26_https://submit-4.t2.ucsd.edu//140801//331280.25
MonitorID=aelwood_140801_jJets_ngun_PU40bx25_1c84ps
ExeTime=4298
ExeExitCode=0
StageOutExitStatusReason = 'Copy succedeed with srm-lcg utils'
StageOutSE = srm-eoscms.cern.ch
StageOutExitStatus = 0
CrabUserCpuTime=2118.31
CrabSysCpuTime=32.40
CrabCpuPercentage=50%
CrabWrapperTime=4477
CrabStageoutTime=160
JobExitCode=0
***** End Cat jobreport *****
Parameters sent to Dashboard.
EXITING at Fri Aug  1 04:47:30 PDT 2014  -  Fri Aug  1 11:47:30 UTC 2014
