This script was generated by crab (version 2.10.6).
Running /wntmp/condor/compute-22-23/execute/dir_28015/glide_gVgp6k/execute/dir_4404/condor_exec.exe with 2 positional parameters: 38 1
Today is Fri Aug  1 03:06:52 PDT 2014 - Fri Aug  1 10:06:52 UTC 2014
Job submitted on host compute-22-23.tier2
Linux compute-22-23.tier2 2.6.32-358.6.2.el6.x86_64 #1 SMP Thu May 16 20:59:36 UTC 2013 x86_64 x86_64 x86_64 GNU/Linux
>>> current directory (RUNTIME_AREA): /wntmp/condor/compute-22-23/execute/dir_28015/glide_gVgp6k/execute/dir_4404
>>> current user: uid=20804(uscms4354) gid=504(cms) groups=504(cms),65243(glexec65243) context=unconfined_u:system_r:condor_startd_t:s0
>>> directory permission set to 0700
>>> umask set to:  u=rwx,g=,o=
>>> stdout stderr permission set to 0704
>>> voms proxy information:
subject   : /C=UK/O=eScience/OU=Imperial/L=Physics/CN=adam elwood/CN=1171778048/CN=974437900
issuer    : /C=UK/O=eScience/OU=Imperial/L=Physics/CN=adam elwood/CN=1171778048
identity  : /C=UK/O=eScience/OU=Imperial/L=Physics/CN=adam elwood/CN=1171778048
type      : RFC compliant proxy
strength  : 1024 bits
path      : /wntmp/condor/compute-22-23/execute/dir_28015/glide_gVgp6k/execute/dir_4404/x509up_u41660
timeleft  : 23:59:56
key usage : Digital Signature, Key Encipherment, Key Agreement
=== VO cms extension information ===
VO        : cms
subject   : /C=UK/O=eScience/OU=Imperial/L=Physics/CN=adam elwood
issuer    : /DC=ch/DC=cern/OU=computers/CN=lcg-voms.cern.ch
attribute : /cms/Role=NULL/Capability=NULL
timeleft  : 191:46:24
uri       : lcg-voms.cern.ch:15002
WNHostName=compute-22-23.tier2
>>> tar --no-same-permissions -xf /wntmp/condor/compute-22-23/execute/dir_28015/glide_gVgp6k/execute/dir_4404/default.tgz :
Successful untar
>>> Include /wntmp/condor/compute-22-23/execute/dir_28015/glide_gVgp6k/execute/dir_4404 in PYTHONPATH:
strip arguments
env var CRAB_UNIQUE_JOB_ID set to: aelwood_140801_jJets_ngun_PU40bx25_1c84ps_38_1_jpf
out_files_38
>>> list of expected files on output sandbox
output files: crab_fjr_38.xml CMSSW_38.stdout CMSSW_38.stderr Watchdog_38.log.gz
>>> GridFlavour discovery: 
source OSG GRID setup script
GridFlavour=OSG
>>> SyncSite discovery: 
SyncSite=T2_US_Caltech
>>> SyncCE discovery: 
getting SyncCE from OSG_JOB_CONTACT
SyncCE=itb-ce.ultralight.org/jobmanager-condor
>>> info for dashboard:
***** Cat /wntmp/condor/compute-22-23/execute/dir_28015/glide_gVgp6k/execute/dir_4404/jobreport.txt *****
WNHostName=compute-22-23.tier2
MonitorJobID=38_https://submit-4.t2.ucsd.edu//140801//331280.37
SyncGridJobId=https://submit-4.t2.ucsd.edu//140801//331280.37
MonitorID=aelwood_140801_jJets_ngun_PU40bx25_1c84ps
GridFlavour=OSG
SyncSite=T2_US_Caltech
SyncCE=itb-ce.ultralight.org/jobmanager-condor
***** End Cat jobreport *****
Parameters sent to Dashboard.
>>> setup environment
set SCRAM ARCH to slc6_amd64_gcc481
SCRAM_ARCH = slc6_amd64_gcc481
>>> Created working directory: /wntmp/condor/compute-22-23/execute/dir_28015/glide_gVgp6k/execute/dir_4404/cms_Zt1IZnPxClYB
Change to working directory: /wntmp/condor/compute-22-23/execute/dir_28015/glide_gVgp6k/execute/dir_4404/cms_Zt1IZnPxClYB
>>> current directory (WORKING_DIR): /wntmp/condor/compute-22-23/execute/dir_28015/glide_gVgp6k/execute/dir_4404/cms_Zt1IZnPxClYB
>>> setup CMS OSG environment:
set SCRAM ARCH to slc6_amd64_gcc481
SCRAM_ARCH = slc6_amd64_gcc481
OSG_APP is /raid1/osg-app
sourcing /raid1/osg-app/cmssoft/cms/cmsset_default.sh ...
==> setup cms environment ok
SCRAM_ARCH = slc6_amd64_gcc481
>>> specific cmssw setup environment:
CMSSW_VERSION =  CMSSW_7_1_0_pre8
>>> current directory (SOFTWARE_DIR): /wntmp/condor/compute-22-23/execute/dir_28015/glide_gVgp6k/execute/dir_4404/cms_Zt1IZnPxClYB/CMSSW_7_1_0_pre8
PreserveSeeds: <>
IncrementSeeds:<>
>>> info for dashboard:
***** Cat /wntmp/condor/compute-22-23/execute/dir_28015/glide_gVgp6k/execute/dir_4404/jobreport.txt *****
MonitorJobID=38_https://submit-4.t2.ucsd.edu//140801//331280.37
MonitorID=aelwood_140801_jJets_ngun_PU40bx25_1c84ps
***** End Cat jobreport *****
Parameters sent to Dashboard.
crabWatchdog started as process 6016
>>> moving CMSSW software directories in /wntmp/condor/compute-22-23/execute/dir_28015/glide_gVgp6k/execute/dir_4404/cms_Zt1IZnPxClYB/CMSSW_7_1_0_pre8
mv: cannot stat `/wntmp/condor/compute-22-23/execute/dir_28015/glide_gVgp6k/execute/dir_4404/module/': No such file or directory
>>> Include /wntmp/condor/compute-22-23/execute/dir_28015/glide_gVgp6k/execute/dir_4404 in PYTHONPATH:
PYTHONPATH=/wntmp/condor/compute-22-23/execute/dir_28015/glide_gVgp6k/execute/dir_4404/:/wntmp/condor/compute-22-23/execute/dir_28015/glide_gVgp6k/execute/dir_4404/cms_Zt1IZnPxClYB/CMSSW_7_1_0_pre8/python:/wntmp/condor/compute-22-23/execute/dir_28015/glide_gVgp6k/execute/dir_4404/cms_Zt1IZnPxClYB/CMSSW_7_1_0_pre8/lib/slc6_amd64_gcc481:/cvmfs/cms.cern.ch/slc6_amd64_gcc481/cms/cmssw/CMSSW_7_1_0_pre8/python:/cvmfs/cms.cern.ch/slc6_amd64_gcc481/cms/cmssw/CMSSW_7_1_0_pre8/lib/slc6_amd64_gcc481:/cvmfs/cms.cern.ch/slc6_amd64_gcc481/cms/coral/CORAL_2_3_21-cms20/slc6_amd64_gcc481/python:/cvmfs/cms.cern.ch/slc6_amd64_gcc481/cms/coral/CORAL_2_3_21-cms20/slc6_amd64_gcc481/lib:/cvmfs/cms.cern.ch/slc6_amd64_gcc481/external/pyqt/4.8.1-cms/lib/python2.7/site-packages:/cvmfs/cms.cern.ch/slc6_amd64_gcc481/external/py2-scipy/0.8.0-cms/lib/python2.7/site-packages:/cvmfs/cms.cern.ch/slc6_amd64_gcc481/external/py2-matplotlib/1.2.1-cms/lib/python2.7/site-packages:/cvmfs/cms.cern.ch/slc6_amd64_gcc481/external/yoda/1.0.4/lib/python2.7/site-packages:/cvmfs/cms.cern.ch/slc6_amd64_gcc481/external/python-ldap/2.4.10-cms/lib/python2.7/site-packages:/cvmfs/cms.cern.ch/slc6_amd64_gcc481/external/sip/4.11.2-cms/lib/python2.7/site-packages:/cvmfs/cms.cern.ch/slc6_amd64_gcc481/external/llvm/3.4/lib/python2.7/site-packages:/cvmfs/cms.cern.ch/slc6_amd64_gcc481/external/py2-sqlalchemy/0.8.2-cms2/lib/python2.7/site-packages:/cvmfs/cms.cern.ch/slc6_amd64_gcc481/external/py2-pycurl/7.19.0-cms/lib/python2.7/site-packages:/cvmfs/cms.cern.ch/slc6_amd64_gcc481/external/py2-python-dateutil/1.1-cms/lib/python2.7/site-packages:/cvmfs/cms.cern.ch/slc6_amd64_gcc481/external/py2-numpy/1.6.1-cms/lib/python2.7/site-packages:/cvmfs/cms.cern.ch/slc6_amd64_gcc481/external/py2-lint/0.25.1-cms/lib/python2.7/site-packages:/cvmfs/cms.cern.ch/slc6_amd64_gcc481/external/py2-ipython/0.10-cms/lib/python2.7/site-packages:/cvmfs/cms.cern.ch/slc6_amd64_gcc481/external/py2-cx-oracle/5.1-cms2/lib/python2.7/site-packages:/cvmfs/cms.cern.ch/slc6_amd64_gcc481/external/py2-cjson/1.0.5-cms/lib/python2.7/site-packages:/cvmfs/cms.cern.ch/slc6_amd64_gcc481/external/frontier_client/2.8.10/python/lib:/cvmfs/cms.cern.ch/slc6_amd64_gcc481/cms/das-client/2.5.0/bin:/cvmfs/cms.cern.ch/slc6_amd64_gcc481/external/cython/0.19.1/lib/python2.7/site-packages:/cvmfs/cms.cern.ch/slc6_amd64_gcc481/external/rivet/1.8.2-cms4/lib/python2.7/site-packages:/cvmfs/cms.cern.ch/slc6_amd64_gcc481/external/pyminuit2/0.0.1-cms13/lib/python2.7/site-packages:/cvmfs/cms.cern.ch/slc6_amd64_gcc481/external/py2-pygithub/1.23.0/lib/python2.7/site-packages:/cvmfs/cms.cern.ch/slc6_amd64_gcc481/external/py2-networkx/1.8.1/lib/python2.7/site-packages:/cvmfs/cms.cern.ch/slc6_amd64_gcc481/external/professor/1.0.0-cms13/lib/python2.7/site-packages:/cvmfs/cms.cern.ch/slc6_amd64_gcc481/lcg/root/5.34.18/lib:/cvmfs/cms.cern.ch/slc6_amd64_gcc481/cms/dbs-client/DBS_2_1_9-cms/lib:/cvmfs/cms.cern.ch/slc6_amd64_gcc481/cms/dbs-client/DBS_2_1_9-cms/lib/DBSAPI:/cvmfs/cms.cern.ch/slc6_amd64_gcc481/external/cvs2git/5419-cms/lib:/wntmp/condor/compute-22-23/execute/dir_28015/glide_gVgp6k/execute/dir_4404/
 
# LIMITS USED BY CRAB WATCHDOG:
# RSS  (KBytes)   : 2300000
# VSZ  (KBytes)   : 100000000
# DISK (MBytes)   : 19000
# CPU TIME        : 720h:0m:0s
# WALL CLOCK TIME : 21h:50m:0s
 
951aa882d2ac167e3fe15038b4453880
PSETHASH = 951aa882d2ac167e3fe15038b4453880
/wntmp/condor/compute-22-23/execute/dir_28015/glide_gVgp6k/execute/dir_4404/writeCfg.py pset.py pset.py
Importing .py file
Setting parameters
RandomNumberGeneratorService found, will attempt to change seeds
inputBlocks=/Neutrino_Pt-2to20_gun/Fall13dr-tsg_PU40bx25_POSTLS162_V2-v1/GEN-SIM-RAW#09b9f490-7aa3-11e3-b1c2-003048f02d38
inputFiles=/store/mc/Fall13dr/Neutrino_Pt-2to20_gun/GEN-SIM-RAW/tsg_PU40bx25_POSTLS162_V2-v1/00002/308CD0F9-187B-E311-AA10-0026189438E0.root;/store/mc/Fall13dr/Neutrino_Pt-2to20_gun/GEN-SIM-RAW/tsg_PU40bx25_POSTLS162_V2-v1/00002/C8A2CC3B-AF7A-E311-968F-0025905938B4.root;/store/mc/Fall13dr/Neutrino_Pt-2to20_gun/GEN-SIM-RAW/tsg_PU40bx25_POSTLS162_V2-v1/00002/A210BA37-AB7A-E311-9E87-0025905A6122.root;/store/mc/Fall13dr/Neutrino_Pt-2to20_gun/GEN-SIM-RAW/tsg_PU40bx25_POSTLS162_V2-v1/00002/F27F7BD4-AB7A-E311-B934-0025905964C4.root;/store/mc/Fall13dr/Neutrino_Pt-2to20_gun/GEN-SIM-RAW/tsg_PU40bx25_POSTLS162_V2-v1/00002/DA195D4F-277B-E311-B921-002618943924.root;/store/mc/Fall13dr/Neutrino_Pt-2to20_gun/GEN-SIM-RAW/tsg_PU40bx25_POSTLS162_V2-v1/00002/E0E123CA-217B-E311-A1A9-0025905A60A8.root
parentFiles=/store/mc/Fall13/Neutrino_Pt-2to20_gun/GEN-SIM/POSTLS162_V1-v4/10000/3228DBE4-AB68-E311-AFE5-0025904A91F6.root;/store/mc/Fall13/Neutrino_Pt-2to20_gun/GEN-SIM/POSTLS162_V1-v4/10000/10CAFE4F-AC68-E311-95FB-002590821320.root;/store/mc/Fall13/Neutrino_Pt-2to20_gun/GEN-SIM/POSTLS162_V1-v4/10000/243B2096-AB68-E311-B873-90B11C1DBFB4.root;/store/mc/Fall13/Neutrino_Pt-2to20_gun/GEN-SIM/POSTLS162_V1-v4/10000/567E60C2-AB68-E311-8B3A-90B11C1DBFB4.root;/store/mc/Fall13/Neutrino_Pt-2to20_gun/GEN-SIM/POSTLS162_V1-v4/10000/6E4C50BF-AB68-E311-87EE-90B11C1DBFB4.root;/store/mc/Fall13/Neutrino_Pt-2to20_gun/GEN-SIM/POSTLS162_V1-v4/10000/1421B2BF-AB68-E311-A258-90B11C1DBFB4.root;/store/mc/Fall13/Neutrino_Pt-2to20_gun/GEN-SIM/POSTLS162_V1-v4/10000/40AEBFC1-AB68-E311-A9EA-90B11C2AA388.root;/store/mc/Fall13/Neutrino_Pt-2to20_gun/GEN-SIM/POSTLS162_V1-v4/10000/E49353C7-AB68-E311-A298-003048F5ADEA.root;/store/mc/Fall13/Neutrino_Pt-2to20_gun/GEN-SIM/POSTLS162_V1-v4/10000/0E75F3DF-AB68-E311-8BA9-003048F5B5F4.root;/store/mc/Fall13/Neutrino_Pt-2to20_gun/GEN-SIM/POSTLS162_V1-v4/10000/3228DBE4-AB68-E311-AFE5-0025904A91F6.root;/store/mc/Fall13/Neutrino_Pt-2to20_gun/GEN-SIM/POSTLS162_V1-v4/10000/08BDA2EE-AB68-E311-BD33-0025904AC2CA.root;/store/mc/Fall13/Neutrino_Pt-2to20_gun/GEN-SIM/POSTLS162_V1-v4/10000/32F7F53B-AC68-E311-AE43-003048F5B6A9.root;/store/mc/Fall13/Neutrino_Pt-2to20_gun/GEN-SIM/POSTLS162_V1-v4/10000/D88E20AB-AC68-E311-8CB4-0025901D08BE.root;/store/mc/Fall13/Neutrino_Pt-2to20_gun/GEN-SIM/POSTLS162_V1-v4/10000/32F7F53B-AC68-E311-AE43-003048F5B6A9.root;/store/mc/Fall13/Neutrino_Pt-2to20_gun/GEN-SIM/POSTLS162_V1-v4/10000/D88E20AB-AC68-E311-8CB4-0025901D08BE.root;/store/mc/Fall13/Neutrino_Pt-2to20_gun/GEN-SIM/POSTLS162_V1-v4/10000/3228DBE4-AB68-E311-AFE5-0025904A91F6.root;/store/mc/Fall13/Neutrino_Pt-2to20_gun/GEN-SIM/POSTLS162_V1-v4/10000/10CAFE4F-AC68-E311-95FB-002590821320.root;/store/mc/Fall13/Neutrino_Pt-2to20_gun/GEN-SIM/POSTLS162_V1-v4/10000/0CD6C959-AC68-E311-8933-003048F5ADEA.root;/store/mc/Fall13/Neutrino_Pt-2to20_gun/GEN-SIM/POSTLS162_V1-v4/10000/54B76B39-AC68-E311-88C6-003048F5ADEA.root;/store/mc/Fall13/Neutrino_Pt-2to20_gun/GEN-SIM/POSTLS162_V1-v4/10000/D4EE37FB-AC68-E311-B870-003048F5B2F0.root;/store/mc/Fall13/Neutrino_Pt-2to20_gun/GEN-SIM/POSTLS162_V1-v4/10000/B8965246-AC68-E311-8EEB-C860001BD944.root;/store/mc/Fall13/Neutrino_Pt-2to20_gun/GEN-SIM/POSTLS162_V1-v4/10001/781C878D-AE68-E311-9C7F-02163E00BC64.root;/store/mc/Fall13/Neutrino_Pt-2to20_gun/GEN-SIM/POSTLS162_V1-v4/10000/5ED692F4-AA68-E311-85A2-90B11C1DBFB4.root;/store/mc/Fall13/Neutrino_Pt-2to20_gun/GEN-SIM/POSTLS162_V1-v4/10000/5C0B7CF6-AA68-E311-BA32-003048F59754.root;/store/mc/Fall13/Neutrino_Pt-2to20_gun/GEN-SIM/POSTLS162_V1-v4/10000/243B2096-AB68-E311-B873-90B11C1DBFB4.root;/store/mc/Fall13/Neutrino_Pt-2to20_gun/GEN-SIM/POSTLS162_V1-v4/10000/F805F57C-AB68-E311-9B93-90B11C1DBFB4.root;/store/mc/Fall13/Neutrino_Pt-2to20_gun/GEN-SIM/POSTLS162_V1-v4/10000/8C0E4E91-AB68-E311-AF2C-0025901D08DE.root;/store/mc/Fall13/Neutrino_Pt-2to20_gun/GEN-SIM/POSTLS162_V1-v4/10000/243B2096-AB68-E311-B873-90B11C1DBFB4.root;/store/mc/Fall13/Neutrino_Pt-2to20_gun/GEN-SIM/POSTLS162_V1-v4/10000/E49353C7-AB68-E311-A298-003048F5ADEA.root
lumisRange=
>>> Executable cmsRun
/cvmfs/cms.cern.ch/slc6_amd64_gcc481/cms/cmssw/CMSSW_7_1_0_pre8/bin/slc6_amd64_gcc481/cmsRun
ok executable found
>>> info for dashboard:
***** Cat /wntmp/condor/compute-22-23/execute/dir_28015/glide_gVgp6k/execute/dir_4404/jobreport.txt *****
MonitorJobID=38_https://submit-4.t2.ucsd.edu//140801//331280.37
MonitorID=aelwood_140801_jJets_ngun_PU40bx25_1c84ps
ExeStart=cmsRun
***** End Cat jobreport *****
Parameters sent to Dashboard.
>>> cmsRun started at Fri Aug  1 10:07:05 UTC 2014
>>> cmsRun ended at Fri Aug  1 13:52:36 UTC 2014
>>> crab_fjr_*.xml  permission set to 0704
>>> info for dashboard:
***** Cat /wntmp/condor/compute-22-23/execute/dir_28015/glide_gVgp6k/execute/dir_4404/jobreport.txt *****
MonitorJobID=38_https://submit-4.t2.ucsd.edu//140801//331280.37
MonitorID=aelwood_140801_jJets_ngun_PU40bx25_1c84ps
ExeEnd=cmsRun
***** End Cat jobreport *****
Parameters sent to Dashboard.
TIME_EXE = 13531 sec
>>> cmsRun wrote 57 lines of stdout+stderr
>>> START OF printout of 57 lines from stdout+stderr
==> using COND/Services/RelationalAuthenticationService for auth, sys 1
==> using COND/Services/RelationalAuthenticationService for auth, sys 1
01-Aug-2014 03:07:23 PDT  Initiating request to open file /mnt/hadoop/store/mc/Fall13dr/Neutrino_Pt-2to20_gun/GEN-SIM-RAW/tsg_PU40bx25_POSTLS162_V2-v1/00002/308CD0F9-187B-E311-AA10-0026189438E0.root
01-Aug-2014 03:07:25 PDT  Successfully opened file /mnt/hadoop/store/mc/Fall13dr/Neutrino_Pt-2to20_gun/GEN-SIM-RAW/tsg_PU40bx25_POSTLS162_V2-v1/00002/308CD0F9-187B-E311-AA10-0026189438E0.root
01-Aug-2014 03:08:13 PDT  Initiating request to open file /mnt/hadoop/store/mc/Fall13/Neutrino_Pt-2to20_gun/GEN-SIM/POSTLS162_V1-v4/10000/3228DBE4-AB68-E311-AFE5-0025904A91F6.root
01-Aug-2014 03:08:14 PDT  Fallback request to file root://cmsxrootd.fnal.gov//store/mc/Fall13/Neutrino_Pt-2to20_gun/GEN-SIM/POSTLS162_V1-v4/10000/3228DBE4-AB68-E311-AFE5-0025904A91F6.root
140801 03:08:16 7116 Xrd: CheckErrorStatus: Server [cmssrmdisk.fnal.gov:1095] declared: Request 3018 not supported(error code: 3013)
01-Aug-2014 03:08:17 PDT  Successfully opened file root://cmsxrootd.fnal.gov//store/mc/Fall13/Neutrino_Pt-2to20_gun/GEN-SIM/POSTLS162_V1-v4/10000/3228DBE4-AB68-E311-AFE5-0025904A91F6.root
01-Aug-2014 03:08:26 PDT  Closed file root://cmsxrootd.fnal.gov//store/mc/Fall13/Neutrino_Pt-2to20_gun/GEN-SIM/POSTLS162_V1-v4/10000/3228DBE4-AB68-E311-AFE5-0025904A91F6.root
Stage1Layer2Producer -- Running pp implementation


----------------------------------------
Begin: L1CaloTowerProducer
----------------------------------------

140801 03:13:44 12747 Xrd: XrdClientMessage::ReadRaw: Failed to read header (8 bytes).
140801 03:13:44 12707 Xrd: XrdClientMessage::ReadRaw: Failed to read header (8 bytes).
140801 03:28:44 12677 Xrd: XrdClientMessage::ReadRaw: Failed to read header (8 bytes).
140801 03:28:44 12727 Xrd: XrdClientMessage::ReadRaw: Failed to read header (8 bytes).
140801 03:28:44 12668 Xrd: XrdClientMessage::ReadRaw: Failed to read header (8 bytes).
01-Aug-2014 04:47:26 PDT  Closed file /mnt/hadoop/store/mc/Fall13dr/Neutrino_Pt-2to20_gun/GEN-SIM-RAW/tsg_PU40bx25_POSTLS162_V2-v1/00002/308CD0F9-187B-E311-AA10-0026189438E0.root
01-Aug-2014 04:47:26 PDT  Initiating request to open file /mnt/hadoop/store/mc/Fall13dr/Neutrino_Pt-2to20_gun/GEN-SIM-RAW/tsg_PU40bx25_POSTLS162_V2-v1/00002/C8A2CC3B-AF7A-E311-968F-0025905938B4.root
01-Aug-2014 04:47:26 PDT  Successfully opened file /mnt/hadoop/store/mc/Fall13dr/Neutrino_Pt-2to20_gun/GEN-SIM-RAW/tsg_PU40bx25_POSTLS162_V2-v1/00002/C8A2CC3B-AF7A-E311-968F-0025905938B4.root
01-Aug-2014 04:57:57 PDT  Closed file /mnt/hadoop/store/mc/Fall13dr/Neutrino_Pt-2to20_gun/GEN-SIM-RAW/tsg_PU40bx25_POSTLS162_V2-v1/00002/C8A2CC3B-AF7A-E311-968F-0025905938B4.root
01-Aug-2014 04:57:57 PDT  Initiating request to open file /mnt/hadoop/store/mc/Fall13dr/Neutrino_Pt-2to20_gun/GEN-SIM-RAW/tsg_PU40bx25_POSTLS162_V2-v1/00002/A210BA37-AB7A-E311-9E87-0025905A6122.root
01-Aug-2014 04:57:57 PDT  Successfully opened file /mnt/hadoop/store/mc/Fall13dr/Neutrino_Pt-2to20_gun/GEN-SIM-RAW/tsg_PU40bx25_POSTLS162_V2-v1/00002/A210BA37-AB7A-E311-9E87-0025905A6122.root
01-Aug-2014 05:08:00 PDT  Closed file /mnt/hadoop/store/mc/Fall13dr/Neutrino_Pt-2to20_gun/GEN-SIM-RAW/tsg_PU40bx25_POSTLS162_V2-v1/00002/A210BA37-AB7A-E311-9E87-0025905A6122.root
01-Aug-2014 05:08:00 PDT  Initiating request to open file /mnt/hadoop/store/mc/Fall13dr/Neutrino_Pt-2to20_gun/GEN-SIM-RAW/tsg_PU40bx25_POSTLS162_V2-v1/00002/F27F7BD4-AB7A-E311-B934-0025905964C4.root
01-Aug-2014 05:08:00 PDT  Successfully opened file /mnt/hadoop/store/mc/Fall13dr/Neutrino_Pt-2to20_gun/GEN-SIM-RAW/tsg_PU40bx25_POSTLS162_V2-v1/00002/F27F7BD4-AB7A-E311-B934-0025905964C4.root
01-Aug-2014 06:38:36 PDT  Closed file /mnt/hadoop/store/mc/Fall13dr/Neutrino_Pt-2to20_gun/GEN-SIM-RAW/tsg_PU40bx25_POSTLS162_V2-v1/00002/F27F7BD4-AB7A-E311-B934-0025905964C4.root
01-Aug-2014 06:38:36 PDT  Initiating request to open file /mnt/hadoop/store/mc/Fall13dr/Neutrino_Pt-2to20_gun/GEN-SIM-RAW/tsg_PU40bx25_POSTLS162_V2-v1/00002/DA195D4F-277B-E311-B921-002618943924.root
01-Aug-2014 06:38:36 PDT  Successfully opened file /mnt/hadoop/store/mc/Fall13dr/Neutrino_Pt-2to20_gun/GEN-SIM-RAW/tsg_PU40bx25_POSTLS162_V2-v1/00002/DA195D4F-277B-E311-B921-002618943924.root
01-Aug-2014 06:48:13 PDT  Closed file /mnt/hadoop/store/mc/Fall13dr/Neutrino_Pt-2to20_gun/GEN-SIM-RAW/tsg_PU40bx25_POSTLS162_V2-v1/00002/DA195D4F-277B-E311-B921-002618943924.root
01-Aug-2014 06:48:13 PDT  Initiating request to open file /mnt/hadoop/store/mc/Fall13dr/Neutrino_Pt-2to20_gun/GEN-SIM-RAW/tsg_PU40bx25_POSTLS162_V2-v1/00002/E0E123CA-217B-E311-A1A9-0025905A60A8.root
01-Aug-2014 06:48:26 PDT  Successfully opened file /mnt/hadoop/store/mc/Fall13dr/Neutrino_Pt-2to20_gun/GEN-SIM-RAW/tsg_PU40bx25_POSTLS162_V2-v1/00002/E0E123CA-217B-E311-A1A9-0025905A60A8.root
01-Aug-2014 06:52:31 PDT  Closed file /mnt/hadoop/store/mc/Fall13dr/Neutrino_Pt-2to20_gun/GEN-SIM-RAW/tsg_PU40bx25_POSTLS162_V2-v1/00002/E0E123CA-217B-E311-A1A9-0025905A60A8.root

=============================================

MessageLogger Summary

 type     category        sev    module        subroutine        count    total
 ---- -------------------- -- ---------------- ----------------  -----    -----
    1 fileAction           -s AfterFile                              4        4
    2 fileAction           -s file_close                             6        6
    3 fileAction           -s file_open                             12       12

 type    category    Examples: run/evt        run/evt          run/evt
 ---- -------------------- ---------------- ---------------- ----------------
    1 fileAction           pre-events       pre-events       pre-events
    2 fileAction           PostProcessEvent PostProcessEvent PostEndRun
    3 fileAction           pre-events       pre-events       PostProcessEvent

Severity    # Occurrences   Total Occurrences
--------    -------------   -----------------
System                 22                  22
>>> END OF printout of 57 lines from stdout+stderr
>>> Parse FrameworkJobReport crab_fjr.xml
Result of parsing the FrameworkJobReport crab_fjr.xml: 
Extracted ExitStatus from FrameworkJobReport parsing output: 0
>>> Executable succeded  0
ExeExitCode=0
EXECUTABLE_EXIT_STATUS = 0
>>> current directory /wntmp/condor/compute-22-23/execute/dir_28015/glide_gVgp6k/execute/dir_4404/cms_Zt1IZnPxClYB/CMSSW_7_1_0_pre8
>>>  (SOFTWARE_DIR): /wntmp/condor/compute-22-23/execute/dir_28015/glide_gVgp6k/execute/dir_4404/cms_Zt1IZnPxClYB/CMSSW_7_1_0_pre8
>>> (WORKING_DIR): /wntmp/condor/compute-22-23/execute/dir_28015/glide_gVgp6k/execute/dir_4404/cms_Zt1IZnPxClYB
>>> current directory content:
total 468104
drwxr-xr-x. 3 uscms4354 cms      4096 Aug  1 03:06 .SCRAM
-rw-------. 1 uscms4354 cms    916533 Aug  1 03:06 CMSSW.py.pkl
-rw-------. 1 uscms4354 cms 477411808 Aug  1 06:52 L1SkimRun.root
drwxr-xr-x. 3 uscms4354 cms      4096 Aug  1 03:06 bin
drwxr-xr-x. 3 uscms4354 cms      4096 Aug  1 03:06 cfipython
drwxr-xr-x. 4 uscms4354 cms      4096 Aug  1 03:06 config
-rw-------. 1 uscms4354 cms        18 Aug  1 06:52 cpu_timing.txt
drwxr-xr-x. 2 uscms4354 cms      4096 Aug  1 03:06 doc
-rw-------. 1 uscms4354 cms      6007 Aug  1 06:52 executable.out
drwxr-xr-x. 2 uscms4354 cms      4096 Aug  1 03:06 include
drwx------. 3 uscms4354 cms      4096 Aug  1 00:37 lib
drwxr-xr-x. 3 uscms4354 cms      4096 Aug  1 03:06 logs
drwxr-xr-x. 3 uscms4354 cms      4096 Aug  1 03:06 objs
-rw-------. 1 uscms4354 cms       104 Aug  1 03:07 pset.py
-rw-------. 1 uscms4354 cms    922606 Aug  1 03:07 pset.py.pkl
-rw-------. 1 uscms4354 cms       289 Aug  1 03:07 pset.pyc
drwxr-xr-x. 2 uscms4354 cms      4096 Aug  1 03:06 python
-rw-------. 1 uscms4354 cms       419 Aug  1 06:52 report.log
drwx------. 5 uscms4354 cms      4096 Aug  1 03:06 src
drwxr-xr-x. 3 uscms4354 cms      4096 Aug  1 03:06 test
drwxr-xr-x. 3 uscms4354 cms      4096 Aug  1 03:06 tmp
>>> current directory /wntmp/condor/compute-22-23/execute/dir_28015/glide_gVgp6k/execute/dir_4404/cms_Zt1IZnPxClYB/CMSSW_7_1_0_pre8
>>> (SOFTWARE_DIR): /wntmp/condor/compute-22-23/execute/dir_28015/glide_gVgp6k/execute/dir_4404/cms_Zt1IZnPxClYB/CMSSW_7_1_0_pre8
>>> (WORKING_DIR): /wntmp/condor/compute-22-23/execute/dir_28015/glide_gVgp6k/execute/dir_4404/cms_Zt1IZnPxClYB
>>> current directory content:
total 468104
drwxr-xr-x. 3 uscms4354 cms      4096 Aug  1 03:06 .SCRAM
-rw-------. 1 uscms4354 cms    916533 Aug  1 03:06 CMSSW.py.pkl
-rw-------. 1 uscms4354 cms 477411808 Aug  1 06:52 L1SkimRun_38_1_jpf.root
drwxr-xr-x. 3 uscms4354 cms      4096 Aug  1 03:06 bin
drwxr-xr-x. 3 uscms4354 cms      4096 Aug  1 03:06 cfipython
drwxr-xr-x. 4 uscms4354 cms      4096 Aug  1 03:06 config
-rw-------. 1 uscms4354 cms        18 Aug  1 06:52 cpu_timing.txt
drwxr-xr-x. 2 uscms4354 cms      4096 Aug  1 03:06 doc
-rw-------. 1 uscms4354 cms      6007 Aug  1 06:52 executable.out
drwxr-xr-x. 2 uscms4354 cms      4096 Aug  1 03:06 include
drwx------. 3 uscms4354 cms      4096 Aug  1 00:37 lib
drwxr-xr-x. 3 uscms4354 cms      4096 Aug  1 03:06 logs
drwxr-xr-x. 3 uscms4354 cms      4096 Aug  1 03:06 objs
-rw-------. 1 uscms4354 cms       104 Aug  1 03:07 pset.py
-rw-------. 1 uscms4354 cms    922606 Aug  1 03:07 pset.py.pkl
-rw-------. 1 uscms4354 cms       289 Aug  1 03:07 pset.pyc
drwxr-xr-x. 2 uscms4354 cms      4096 Aug  1 03:06 python
-rw-------. 1 uscms4354 cms       419 Aug  1 06:52 report.log
drwx------. 5 uscms4354 cms      4096 Aug  1 03:06 src
drwxr-xr-x. 3 uscms4354 cms      4096 Aug  1 03:06 test
drwxr-xr-x. 3 uscms4354 cms      4096 Aug  1 03:06 tmp
>>> current directory (RUNTIME_AREA):  /wntmp/condor/compute-22-23/execute/dir_28015/glide_gVgp6k/execute/dir_4404
SE = srm-eoscms.cern.ch
SE_PATH = /srm/v2/server?SFN=/eos/cms/store/user/aelwood/140801_jJets_ngun_PU40bx25/
LFNBaseName = /store/user/aelwood/140801_jJets_ngun_PU40bx25/
USER = aelwood
endpoint = srm://srm-eoscms.cern.ch:8443/srm/v2/server?SFN=/eos/cms/store/user/aelwood/140801_jJets_ngun_PU40bx25/
>>> Copy output files from WN = compute-22-23.tier2 to /srm/v2/server?SFN=/eos/cms/store/user/aelwood/140801_jJets_ngun_PU40bx25/ :
python cmscp.py  --destination srm://srm-eoscms.cern.ch:8443/srm/v2/server?SFN=/eos/cms/store/user/aelwood/140801_jJets_ngun_PU40bx25/ --inputFileList /wntmp/condor/compute-22-23/execute/dir_28015/glide_gVgp6k/execute/dir_4404/cms_Zt1IZnPxClYB/CMSSW_7_1_0_pre8/L1SkimRun_38_1_jpf.root --middleware OSG --se_name srm-eoscms.cern.ch --for_lfn /store/user/aelwood/140801_jJets_ngun_PU40bx25/    
******************************************************
localSeName  =  cit-se.ultralight.org
remoteSeName =  srm-eoscms.cern.ch
******************************************************
{"/wntmp/condor/compute-22-23/execute/dir_28015/glide_gVgp6k/execute/dir_4404/cms_Zt1IZnPxClYB/CMSSW_7_1_0_pre8/L1SkimRun_38_1_jpf.root": {"endpoint": "srm://srm-eoscms.cern.ch:8443/srm/v2/server?SFN=/eos/cms/store/user/aelwood/140801_jJets_ngun_PU40bx25/", "surl_for_grid": "", "reason": "ERROR: problems checking if file /wntmp/condor/compute-22-23/execute/dir_28015/glide_gVgp6k/execute/dir_4404/cms_Zt1IZnPxClYB/CMSSW_7_1_0_pre8/L1SkimRun_38_1_jpf.root already exist'Error checking [L1SkimRun_38_1_jpf.root]'", "erCode": "60307", "se_name": "srm-eoscms.cern.ch", "for_lfn": "/copy_problem/"}}/wntmp/condor/compute-22-23/execute/dir_28015/glide_gVgp6k/execute/dir_4404
-------- cat /wntmp/condor/compute-22-23/execute/dir_28015/glide_gVgp6k/execute/dir_4404/cmscpReport.sh 
#!/bin/bash
echo "Report for File: /wntmp/condor/compute-22-23/execute/dir_28015/glide_gVgp6k/execute/dir_4404/cms_Zt1IZnPxClYB/CMSSW_7_1_0_pre8/L1SkimRun_38_1_jpf.root"
echo "LFN: /copy_problem/L1SkimRun_38_1_jpf.root"
echo "StorageElement: srm-eoscms.cern.ch"
echo "StageOutExitStatusReason = 'ERROR: problems checking if file /wntmp/condor/compute-22-23/execute/dir_28015/glide_gVgp6k/execute/dir_4404/cms_Zt1IZnPxClYB/CMSSW_7_1_0_pre8/L1SkimRun_38_1_jpf.root already exist Error checking [L1SkimRun_38_1_jpf.root] '" | tee -a $RUNTIME_AREA/$repo
echo "StageOutSE = srm-eoscms.cern.ch" >> $RUNTIME_AREA/$repo

export StageOutExitStatus=60307
echo "StageOutExitStatus = 60307" | tee -a $RUNTIME_AREA/$repo
-------- end of /wntmp/condor/compute-22-23/execute/dir_28015/glide_gVgp6k/execute/dir_4404/cmscpReport.sh 
Report for File: /wntmp/condor/compute-22-23/execute/dir_28015/glide_gVgp6k/execute/dir_4404/cms_Zt1IZnPxClYB/CMSSW_7_1_0_pre8/L1SkimRun_38_1_jpf.root
LFN: /copy_problem/L1SkimRun_38_1_jpf.root
StorageElement: srm-eoscms.cern.ch
StageOutExitStatusReason = 'ERROR: problems checking if file /wntmp/condor/compute-22-23/execute/dir_28015/glide_gVgp6k/execute/dir_4404/cms_Zt1IZnPxClYB/CMSSW_7_1_0_pre8/L1SkimRun_38_1_jpf.root already exist Error checking [L1SkimRun_38_1_jpf.root] '
StageOutExitStatus = 60307
Problem copying file to srm-eoscms.cern.ch /srm/v2/server?SFN=/eos/cms/store/user/aelwood/140801_jJets_ngun_PU40bx25/
########## contents of SE interaction
2014-08-01 06:53:21.225213:
Executed:	unset LD_LIBRARY_PATH; unset GLITE_ENV_SET; export PATH=/usr/bin:/bin; source /etc/profile; source /wntmp/condor/compute-22-23/execute/dir_28015/glide_gVgp6k/execute/dir_4404/CacheEnv.sh ; lcg-ls -b -D srmv2 --srm-timeout 2400 --sendreceive-timeout 2400 --connect-timeout 300 --verbose srm://srm-eoscms.cern.ch:8443/srm/v2/server?SFN=/eos/cms/store/user/aelwood/140801_jJets_ngun_PU40bx25/L1SkimRun_38_1_jpf.root
Done with exit code:	1
and output:
SE type: SRMv2
[SE][Ls][] httpg://srm-eoscms.cern.ch:8443/srm/v2/server: CGSI-gSOAP running on compute-22-23.tier2 reports Error initializing context
GSS Major Status: Authentication Failed

GSS Minor Status Error Chain:
globus_gsi_gssapi: SSLv3 handshake problems
OpenSSL Error: s3_clnt.c:1168: in library: SSL routines, function SSL3_GET_SERVER_CERTIFICATE: certificate verify failed
globus_gsi_callback_module: Could not verify credential
globus_gsi_callback_module: Can't get the local trusted CA certificate: Cannot find trusted CA certificate with hash 5168735f in /etc/grid-security/certificates/



#####################################
>>> current dir: /wntmp/condor/compute-22-23/execute/dir_28015/glide_gVgp6k/execute/dir_4404
>>> current dir content:
total 15124
-rw-------. 1 uscms4354 cms     1093 Aug  1 06:53 .SEinteraction.log
-rwx------. 1 uscms4354 cms     6636 Aug  1 03:06 .job.ad
-rwx------. 1 uscms4354 cms     9440 Aug  1 03:06 .machine.ad
-rw-------. 1 uscms4354 cms      105 Aug  1 02:57 CMSSW.py
-rw-------. 1 uscms4354 cms   916533 Aug  1 02:57 CMSSW.py.pkl
-rwx------. 1 uscms4354 cms    28576 Aug  1 03:06 CMSSW.sh
-rw-------. 1 uscms4354 cms      182 Aug  1 03:06 CacheEnv.sh
-rw-------. 1 uscms4354 cms     7291 Jul 12 08:18 DashboardAPI.py
-rw-------. 1 uscms4354 cms     6755 Aug  1 03:06 DashboardAPI.pyc
drwx------. 2 uscms4354 cms     4096 Aug  1 06:53 IMProv
lrwxrwxrwx. 1 uscms4354 cms      133 Aug  1 06:53 L1SkimRun.root -> /wntmp/condor/compute-22-23/execute/dir_28015/glide_gVgp6k/execute/dir_4404/cms_Zt1IZnPxClYB/CMSSW_7_1_0_pre8/L1SkimRun_38_1_jpf.root
-rw-------. 1 uscms4354 cms     2748 Jul 12 08:18 Logger.py
-rw-------. 1 uscms4354 cms     3327 Aug  1 03:06 Logger.pyc
-rw-------. 1 uscms4354 cms    24524 Jul 12 08:18 ProcInfo.py
-rw-------. 1 uscms4354 cms    23101 Aug  1 03:06 ProcInfo.pyc
drwx------. 7 uscms4354 cms     4096 Aug  1 03:07 ProdCommon
drwx------. 3 uscms4354 cms     4096 Aug  1 03:06 WMCore
-rw-------. 1 uscms4354 cms     9986 Aug  1 06:54 Watchdog_38.log
-rwx------. 1 uscms4354 cms        0 Aug  1 03:06 _condor_stderr
-rwx---r--. 1 uscms4354 cms    27531 Aug  1 06:55 _condor_stdout
-rw-------. 1 uscms4354 cms    32895 Jul 12 08:18 apmon.py
-rw-------. 1 uscms4354 cms    28509 Aug  1 03:06 apmon.pyc
-rwx------. 1 uscms4354 cms   240046 Aug  1 03:06 arguments.xml
drwx------. 3 uscms4354 cms     4096 Aug  1 03:06 cms_Zt1IZnPxClYB
-rwx------. 1 uscms4354 cms    38524 Jul 12 08:18 cmscp.py
-rw-------. 1 uscms4354 cms      708 Aug  1 06:55 cmscpReport.sh
-rwx------. 1 uscms4354 cms    28576 Aug  1 03:06 condor_exec.exe
-rw-------. 1 uscms4354 cms      759 Aug  1 02:56 crab.cfg
-rwx------. 1 uscms4354 cms     8610 Jul 12 08:18 crabWatchdog.sh
-rwx---r--. 1 uscms4354 cms    70793 Aug  1 06:52 crab_fjr_38.xml
-rwx------. 1 uscms4354 cms 13818897 Aug  1 03:06 default.tgz
-rwx------. 1 uscms4354 cms     4488 Jul 12 08:18 fillCrabFjr.py
-rw-------. 1 uscms4354 cms     4156 Aug  1 03:07 inputsReport.txt
-rw-------. 1 uscms4354 cms      455 Aug  1 06:55 jobreport.txt
-rw-------. 1 uscms4354 cms    17352 Jul 12 08:18 parseCrabFjr.py
-rw-------. 1 uscms4354 cms      334 Aug  1 03:06 report.log
-rwx--x--x. 1 uscms4354 cms     1497 Jul 12 08:18 report.py
-rw-------. 1 uscms4354 cms      596 Aug  1 06:55 resultCopyFile
-rwx------. 1 uscms4354 cms     8351 Jul 12 08:18 writeCfg.py
-rw-------. 1 uscms4354 cms     8083 Aug  1 06:16 x509up_u41660
>>> Modify Job Report:
CMSSW_VERSION = CMSSW_7_1_0_pre8
/wntmp/condor/compute-22-23/execute/dir_28015/glide_gVgp6k/execute/dir_4404/ProdCommon/FwkJobRep/ModifyJobReport.py fjr /wntmp/condor/compute-22-23/execute/dir_28015/glide_gVgp6k/execute/dir_4404/crab_fjr_38.xml json /wntmp/condor/compute-22-23/execute/dir_28015/glide_gVgp6k/execute/dir_4404/resultCopyFile n_job 38_1_jpf PrimaryDataset Neutrino_Pt-2to20_gun  ApplicationFamily cmsRun ApplicationName cmsRun cmssw_version CMSSW_7_1_0_pre8 psethash 951aa882d2ac167e3fe15038b4453880
inputDict =  {u'/wntmp/condor/compute-22-23/execute/dir_28015/glide_gVgp6k/execute/dir_4404/cms_Zt1IZnPxClYB/CMSSW_7_1_0_pre8/L1SkimRun_38_1_jpf.root': {u'endpoint': u'srm://srm-eoscms.cern.ch:8443/srm/v2/server?SFN=/eos/cms/store/user/aelwood/140801_jJets_ngun_PU40bx25/', u'surl_for_grid': u'', u'reason': u"ERROR: problems checking if file /wntmp/condor/compute-22-23/execute/dir_28015/glide_gVgp6k/execute/dir_4404/cms_Zt1IZnPxClYB/CMSSW_7_1_0_pre8/L1SkimRun_38_1_jpf.root already exist'Error checking [L1SkimRun_38_1_jpf.root]'", u'erCode': u'60307', u'se_name': u'srm-eoscms.cern.ch', u'for_lfn': u'/copy_problem/'}}
UserProcessedDataset =  
file_name in inputDict =  /wntmp/condor/compute-22-23/execute/dir_28015/glide_gVgp6k/execute/dir_4404/cms_Zt1IZnPxClYB/CMSSW_7_1_0_pre8/L1SkimRun_38_1_jpf.root
(size) os.stat(filename)[6] =  477411808
checksum =  3117270708
    file =  L1SkimRun_38_1_jpf.root
    newPfn =  srm://srm-eoscms.cern.ch:8443/srm/v2/server?SFN=/eos/cms/store/user/aelwood/140801_jJets_ngun_PU40bx25/L1SkimRun_38_1_jpf.root
    newLfn =  /copy_problem/L1SkimRun_38_1_jpf.root
>>> crab_fjr_*.xml  permission set to 0704
CrabWrapper EXIT_FUNC entered at Fri Aug  1 06:55:41 PDT 2014   -  Fri Aug  1 13:55:41 UTC 2014
Checking output files:  
will tar file crab_fjr_38.xml in  out_files_38
WARNING: output file CMSSW_38.stdout not found!
WARNING: output file CMSSW_38.stderr not found!
WARNING: output file Watchdog_38.log.gz not found!
>>> working dir = /wntmp/condor/compute-22-23/execute/dir_28015/glide_gVgp6k/execute/dir_4404/cms_Zt1IZnPxClYB
>>> current directory (RUNTIME_AREA): /wntmp/condor/compute-22-23/execute/dir_28015/glide_gVgp6k/execute/dir_4404
>>> Remove working directory: /wntmp/condor/compute-22-23/execute/dir_28015/glide_gVgp6k/execute/dir_4404/cms_Zt1IZnPxClYB
/wntmp/condor/compute-22-23/execute/dir_28015/glide_gVgp6k/execute/dir_4404/condor_exec.exe: line 140: symlinks: command not found
>>> padding time: Wrapper lasting more than 600 seconds. No sleep required.
STOPPING WATCHDOG. CrabWatchdog PID is 6016
********** LAST 50 LINES OF WATCHDOG LOG
 Aug 01 04:55:46 PDT	---	686980	960876	231	----	----	----
 Aug 01 04:56:48 PDT	---	686980	960876	243	----	----	----
 Aug 01 04:57:49 PDT	---	686980	960876	254	----	----	----
 Aug 01 04:58:51 PDT	---	686980	960876	259	----	----	----
 Aug 01 04:59:53 PDT	7116	687416	960876	259	845	6774	cmsRun -j /wntmp/condor/compute-22-23/execute/dir_28015/glide_gVgp6k/execute/dir_4404/crab_fjr_38.xml -p pset.py      
 Aug 01 04:59:53 PDT	---	687416	960876	269	----	----	----
 Aug 01 05:00:54 PDT	7116	687724	960876	269	890	6836	cmsRun -j /wntmp/condor/compute-22-23/execute/dir_28015/glide_gVgp6k/execute/dir_4404/crab_fjr_38.xml -p pset.py      
 Aug 01 05:00:54 PDT	---	687724	960876	278	----	----	----
 Aug 01 05:01:56 PDT	---	687724	960876	284	----	----	----
 Aug 01 05:02:57 PDT	---	687724	960876	293	----	----	----
 Aug 01 05:03:59 PDT	---	687724	960876	295	----	----	----
 Aug 01 05:05:01 PDT	---	687724	960876	307	----	----	----
 Aug 01 05:06:02 PDT	---	687724	960876	320	----	----	----
 Aug 01 05:07:04 PDT	---	687724	960876	331	----	----	----
 Aug 01 05:08:06 PDT	---	687724	960876	340	----	----	----
 Aug 01 05:09:08 PDT	---	687724	960876	341	----	----	----
 Aug 01 05:10:09 PDT	---	687724	960876	342	----	----	----
# TIME			PID	RSS(KB)	VSZ(KB)	Dsk(MB)	tCPU(s)	tWALL(s)	COMMAND
 Aug 01 05:11:11 PDT	---	687724	960876	352	----	----	----
 Aug 01 05:12:13 PDT	7116	687992	960876	352	1245	7514	cmsRun -j /wntmp/condor/compute-22-23/execute/dir_28015/glide_gVgp6k/execute/dir_4404/crab_fjr_38.xml -p pset.py      
 Aug 01 05:12:13 PDT	---	687992	960876	355	----	----	----
 Aug 01 05:13:14 PDT	7116	688152	960876	355	1295	7576	cmsRun -j /wntmp/condor/compute-22-23/execute/dir_28015/glide_gVgp6k/execute/dir_4404/crab_fjr_38.xml -p pset.py      
 Aug 01 05:13:14 PDT	---	688152	960876	365	----	----	----
 Aug 01 05:14:16 PDT	7116	688304	960876	365	1333	7638	cmsRun -j /wntmp/condor/compute-22-23/execute/dir_28015/glide_gVgp6k/execute/dir_4404/crab_fjr_38.xml -p pset.py      
 Aug 01 05:14:16 PDT	---	688304	960876	374	----	----	----
 Aug 01 05:15:18 PDT	---	688304	960876	383	----	----	----
 Aug 01 06:01:31 PDT	7116	695768	960876	383	1374	10473	cmsRun -j /wntmp/condor/compute-22-23/execute/dir_28015/glide_gVgp6k/execute/dir_4404/crab_fjr_38.xml -p pset.py      
 Aug 01 06:02:33 PDT	7116	715768	960876	383	1374	10534	cmsRun -j /wntmp/condor/compute-22-23/execute/dir_28015/glide_gVgp6k/execute/dir_4404/crab_fjr_38.xml -p pset.py      
 Aug 01 06:05:38 PDT	7116	720152	960876	383	1374	10720	cmsRun -j /wntmp/condor/compute-22-23/execute/dir_28015/glide_gVgp6k/execute/dir_4404/crab_fjr_38.xml -p pset.py      
 Aug 01 06:06:40 PDT	7116	722120	960876	383	1374	10785	cmsRun -j /wntmp/condor/compute-22-23/execute/dir_28015/glide_gVgp6k/execute/dir_4404/crab_fjr_38.xml -p pset.py      
 Aug 01 06:36:26 PDT	---	722120	960876	393	----	----	----
 Aug 01 06:37:28 PDT	---	722120	960876	405	----	----	----
 Aug 01 06:38:29 PDT	---	722120	960876	416	----	----	----
 Aug 01 06:39:31 PDT	---	722120	960876	427	----	----	----
 Aug 01 06:40:33 PDT	---	722120	960876	438	----	----	----
 Aug 01 06:41:35 PDT	---	722120	960876	447	----	----	----
 Aug 01 06:42:37 PDT	---	722120	960876	458	----	----	----
 Aug 01 06:43:38 PDT	---	722120	960876	469	----	----	----
 Aug 01 06:44:40 PDT	---	722120	960876	471	----	----	----
 Aug 01 06:45:41 PDT	---	722120	960876	482	----	----	----
 Aug 01 06:46:43 PDT	---	722120	960876	489	----	----	----
 Aug 01 06:47:45 PDT	---	722120	960876	497	----	----	----
 Aug 01 06:48:46 PDT	---	722120	960876	503	----	----	----
 Aug 01 06:49:48 PDT	7116	722120	981356	503	1991	13369	cmsRun -j /wntmp/condor/compute-22-23/execute/dir_28015/glide_gVgp6k/execute/dir_4404/crab_fjr_38.xml -p pset.py      
 Aug 01 06:49:48 PDT	---	722120	981356	513	----	----	----
 Aug 01 06:50:50 PDT	---	722120	981356	522	----	----	----
 Aug 01 06:51:51 PDT	---	722120	981356	535	----	----	----
 Aug 01 06:52:53 PDT	---	722120	981356	544	----	----	----
# TIME			PID	RSS(KB)	VSZ(KB)	Dsk(MB)	tCPU(s)	tWALL(s)	COMMAND
# TIME			PID	RSS(KB)	VSZ(KB)	Dsk(MB)	tCPU(s)	tWALL(s)	COMMAND
********** WATCHDOG LOG ENDED
ZIPPING WATCHDOG LOG
Disk space used:
du -sh /wntmp/condor/compute-22-23/execute/dir_28015/glide_gVgp6k/execute/dir_4404
17M	/wntmp/condor/compute-22-23/execute/dir_28015/glide_gVgp6k/execute/dir_4404
Found unusual stdout, rename for OSB
`/wntmp/condor/compute-22-23/execute/dir_28015/glide_gVgp6k/execute/dir_4404/_condor_stdout' -> `CMSSW_38.stdout'
Found unusual stderr, rename for OSB
`/wntmp/condor/compute-22-23/execute/dir_28015/glide_gVgp6k/execute/dir_4404/_condor_stdout' -> `CMSSW_38.stderr'
crab_fjr_38.xml
CMSSW_38.stdout
CMSSW_38.stderr
Watchdog_38.log.gz
Total Output dimension: 22568
WARNING: output files size limit is set to: 50000000
Total Output dimension 22568 is fine.
JOB_EXIT_STATUS = 60307
>>> info for dashboard:
***** Cat /wntmp/condor/compute-22-23/execute/dir_28015/glide_gVgp6k/execute/dir_4404/jobreport.txt *****
MonitorJobID=38_https://submit-4.t2.ucsd.edu//140801//331280.37
MonitorID=aelwood_140801_jJets_ngun_PU40bx25_1c84ps
ExeTime=13531
ExeExitCode=0
StageOutExitStatusReason = 'ERROR: problems checking if file /wntmp/condor/compute-22-23/execute/dir_28015/glide_gVgp6k/execute/dir_4404/cms_Zt1IZnPxClYB/CMSSW_7_1_0_pre8/L1SkimRun_38_1_jpf.root already exist Error checking [L1SkimRun_38_1_jpf.root] '
StageOutSE = srm-eoscms.cern.ch
StageOutExitStatus = 60307
CrabUserCpuTime=2105.86
CrabSysCpuTime=27.39
CrabCpuPercentage=15%
CrabWrapperTime=13728
CrabStageoutTime=148
JobExitCode=60307
***** End Cat jobreport *****
Parameters sent to Dashboard.
EXITING at Fri Aug  1 06:55:44 PDT 2014  -  Fri Aug  1 13:55:44 UTC 2014
