This script was generated by crab (version 2.10.6).
Running /wntmp/condor/compute-22-30/execute/dir_29044/glide_R2WKaf/execute/dir_4694/condor_exec.exe with 2 positional parameters: 19 1
Today is Fri Aug  1 03:02:58 PDT 2014 - Fri Aug  1 10:02:58 UTC 2014
Job submitted on host compute-22-30.tier2
Linux compute-22-30.tier2 2.6.32-358.6.2.el6.x86_64 #1 SMP Thu May 16 20:59:36 UTC 2013 x86_64 x86_64 x86_64 GNU/Linux
>>> current directory (RUNTIME_AREA): /wntmp/condor/compute-22-30/execute/dir_29044/glide_R2WKaf/execute/dir_4694
>>> current user: uid=20804(uscms4354) gid=504(cms) groups=504(cms),65001(glexec65001) context=system_u:system_r:condor_startd_t:s0
>>> directory permission set to 0700
>>> umask set to:  u=rwx,g=,o=
>>> stdout stderr permission set to 0704
>>> voms proxy information:
subject   : /C=UK/O=eScience/OU=Imperial/L=Physics/CN=adam elwood/CN=1171778048/CN=776970039
issuer    : /C=UK/O=eScience/OU=Imperial/L=Physics/CN=adam elwood/CN=1171778048
identity  : /C=UK/O=eScience/OU=Imperial/L=Physics/CN=adam elwood/CN=1171778048
type      : RFC compliant proxy
strength  : 1024 bits
path      : /wntmp/condor/compute-22-30/execute/dir_29044/glide_R2WKaf/execute/dir_4694/x509up_u41660
timeleft  : 23:58:57
key usage : Digital Signature, Key Encipherment, Key Agreement
=== VO cms extension information ===
VO        : cms
subject   : /C=UK/O=eScience/OU=Imperial/L=Physics/CN=adam elwood
issuer    : /DC=ch/DC=cern/OU=computers/CN=lcg-voms.cern.ch
attribute : /cms/Role=NULL/Capability=NULL
timeleft  : 191:50:18
uri       : lcg-voms.cern.ch:15002
WNHostName=compute-22-30.tier2
>>> tar --no-same-permissions -xf /wntmp/condor/compute-22-30/execute/dir_29044/glide_R2WKaf/execute/dir_4694/default.tgz :
Successful untar
>>> Include /wntmp/condor/compute-22-30/execute/dir_29044/glide_R2WKaf/execute/dir_4694 in PYTHONPATH:
strip arguments
env var CRAB_UNIQUE_JOB_ID set to: aelwood_140801_jJets_ngun_PU40bx25_1c84ps_19_1_sLS
out_files_19
>>> list of expected files on output sandbox
output files: crab_fjr_19.xml CMSSW_19.stdout CMSSW_19.stderr Watchdog_19.log.gz
>>> GridFlavour discovery: 
source OSG GRID setup script
GridFlavour=OSG
>>> SyncSite discovery: 
SyncSite=T2_US_Caltech
>>> SyncCE discovery: 
getting SyncCE from OSG_JOB_CONTACT
SyncCE=itb-ce.ultralight.org/jobmanager-condor
>>> info for dashboard:
***** Cat /wntmp/condor/compute-22-30/execute/dir_29044/glide_R2WKaf/execute/dir_4694/jobreport.txt *****
WNHostName=compute-22-30.tier2
MonitorJobID=19_https://submit-4.t2.ucsd.edu//140801//331280.18
SyncGridJobId=https://submit-4.t2.ucsd.edu//140801//331280.18
MonitorID=aelwood_140801_jJets_ngun_PU40bx25_1c84ps
GridFlavour=OSG
SyncSite=T2_US_Caltech
SyncCE=itb-ce.ultralight.org/jobmanager-condor
***** End Cat jobreport *****
Parameters sent to Dashboard.
>>> setup environment
set SCRAM ARCH to slc6_amd64_gcc481
SCRAM_ARCH = slc6_amd64_gcc481
>>> Created working directory: /wntmp/condor/compute-22-30/execute/dir_29044/glide_R2WKaf/execute/dir_4694/cms_PiJEBHeHwrlD
Change to working directory: /wntmp/condor/compute-22-30/execute/dir_29044/glide_R2WKaf/execute/dir_4694/cms_PiJEBHeHwrlD
>>> current directory (WORKING_DIR): /wntmp/condor/compute-22-30/execute/dir_29044/glide_R2WKaf/execute/dir_4694/cms_PiJEBHeHwrlD
>>> setup CMS OSG environment:
set SCRAM ARCH to slc6_amd64_gcc481
SCRAM_ARCH = slc6_amd64_gcc481
OSG_APP is /raid1/osg-app
sourcing /raid1/osg-app/cmssoft/cms/cmsset_default.sh ...
==> setup cms environment ok
SCRAM_ARCH = slc6_amd64_gcc481
>>> specific cmssw setup environment:
CMSSW_VERSION =  CMSSW_7_1_0_pre8
>>> current directory (SOFTWARE_DIR): /wntmp/condor/compute-22-30/execute/dir_29044/glide_R2WKaf/execute/dir_4694/cms_PiJEBHeHwrlD/CMSSW_7_1_0_pre8
PreserveSeeds: <>
IncrementSeeds:<>
>>> info for dashboard:
***** Cat /wntmp/condor/compute-22-30/execute/dir_29044/glide_R2WKaf/execute/dir_4694/jobreport.txt *****
MonitorJobID=19_https://submit-4.t2.ucsd.edu//140801//331280.18
MonitorID=aelwood_140801_jJets_ngun_PU40bx25_1c84ps
***** End Cat jobreport *****
Parameters sent to Dashboard.
crabWatchdog started as process 8481
>>> moving CMSSW software directories in /wntmp/condor/compute-22-30/execute/dir_29044/glide_R2WKaf/execute/dir_4694/cms_PiJEBHeHwrlD/CMSSW_7_1_0_pre8
mv: cannot stat `/wntmp/condor/compute-22-30/execute/dir_29044/glide_R2WKaf/execute/dir_4694/module/': No such file or directory
>>> Include /wntmp/condor/compute-22-30/execute/dir_29044/glide_R2WKaf/execute/dir_4694 in PYTHONPATH:
PYTHONPATH=/wntmp/condor/compute-22-30/execute/dir_29044/glide_R2WKaf/execute/dir_4694/:/wntmp/condor/compute-22-30/execute/dir_29044/glide_R2WKaf/execute/dir_4694/cms_PiJEBHeHwrlD/CMSSW_7_1_0_pre8/python:/wntmp/condor/compute-22-30/execute/dir_29044/glide_R2WKaf/execute/dir_4694/cms_PiJEBHeHwrlD/CMSSW_7_1_0_pre8/lib/slc6_amd64_gcc481:/cvmfs/cms.cern.ch/slc6_amd64_gcc481/cms/cmssw/CMSSW_7_1_0_pre8/python:/cvmfs/cms.cern.ch/slc6_amd64_gcc481/cms/cmssw/CMSSW_7_1_0_pre8/lib/slc6_amd64_gcc481:/cvmfs/cms.cern.ch/slc6_amd64_gcc481/cms/coral/CORAL_2_3_21-cms20/slc6_amd64_gcc481/python:/cvmfs/cms.cern.ch/slc6_amd64_gcc481/cms/coral/CORAL_2_3_21-cms20/slc6_amd64_gcc481/lib:/cvmfs/cms.cern.ch/slc6_amd64_gcc481/external/pyqt/4.8.1-cms/lib/python2.7/site-packages:/cvmfs/cms.cern.ch/slc6_amd64_gcc481/external/py2-scipy/0.8.0-cms/lib/python2.7/site-packages:/cvmfs/cms.cern.ch/slc6_amd64_gcc481/external/py2-matplotlib/1.2.1-cms/lib/python2.7/site-packages:/cvmfs/cms.cern.ch/slc6_amd64_gcc481/external/yoda/1.0.4/lib/python2.7/site-packages:/cvmfs/cms.cern.ch/slc6_amd64_gcc481/external/python-ldap/2.4.10-cms/lib/python2.7/site-packages:/cvmfs/cms.cern.ch/slc6_amd64_gcc481/external/sip/4.11.2-cms/lib/python2.7/site-packages:/cvmfs/cms.cern.ch/slc6_amd64_gcc481/external/llvm/3.4/lib/python2.7/site-packages:/cvmfs/cms.cern.ch/slc6_amd64_gcc481/external/py2-sqlalchemy/0.8.2-cms2/lib/python2.7/site-packages:/cvmfs/cms.cern.ch/slc6_amd64_gcc481/external/py2-pycurl/7.19.0-cms/lib/python2.7/site-packages:/cvmfs/cms.cern.ch/slc6_amd64_gcc481/external/py2-python-dateutil/1.1-cms/lib/python2.7/site-packages:/cvmfs/cms.cern.ch/slc6_amd64_gcc481/external/py2-numpy/1.6.1-cms/lib/python2.7/site-packages:/cvmfs/cms.cern.ch/slc6_amd64_gcc481/external/py2-lint/0.25.1-cms/lib/python2.7/site-packages:/cvmfs/cms.cern.ch/slc6_amd64_gcc481/external/py2-ipython/0.10-cms/lib/python2.7/site-packages:/cvmfs/cms.cern.ch/slc6_amd64_gcc481/external/py2-cx-oracle/5.1-cms2/lib/python2.7/site-packages:/cvmfs/cms.cern.ch/slc6_amd64_gcc481/external/py2-cjson/1.0.5-cms/lib/python2.7/site-packages:/cvmfs/cms.cern.ch/slc6_amd64_gcc481/external/frontier_client/2.8.10/python/lib:/cvmfs/cms.cern.ch/slc6_amd64_gcc481/cms/das-client/2.5.0/bin:/cvmfs/cms.cern.ch/slc6_amd64_gcc481/external/cython/0.19.1/lib/python2.7/site-packages:/cvmfs/cms.cern.ch/slc6_amd64_gcc481/external/rivet/1.8.2-cms4/lib/python2.7/site-packages:/cvmfs/cms.cern.ch/slc6_amd64_gcc481/external/pyminuit2/0.0.1-cms13/lib/python2.7/site-packages:/cvmfs/cms.cern.ch/slc6_amd64_gcc481/external/py2-pygithub/1.23.0/lib/python2.7/site-packages:/cvmfs/cms.cern.ch/slc6_amd64_gcc481/external/py2-networkx/1.8.1/lib/python2.7/site-packages:/cvmfs/cms.cern.ch/slc6_amd64_gcc481/external/professor/1.0.0-cms13/lib/python2.7/site-packages:/cvmfs/cms.cern.ch/slc6_amd64_gcc481/lcg/root/5.34.18/lib:/cvmfs/cms.cern.ch/slc6_amd64_gcc481/cms/dbs-client/DBS_2_1_9-cms/lib:/cvmfs/cms.cern.ch/slc6_amd64_gcc481/cms/dbs-client/DBS_2_1_9-cms/lib/DBSAPI:/cvmfs/cms.cern.ch/slc6_amd64_gcc481/external/cvs2git/5419-cms/lib:/wntmp/condor/compute-22-30/execute/dir_29044/glide_R2WKaf/execute/dir_4694/
 
# LIMITS USED BY CRAB WATCHDOG:
# RSS  (KBytes)   : 2300000
# VSZ  (KBytes)   : 100000000
# DISK (MBytes)   : 19000
# CPU TIME        : 720h:0m:0s
# WALL CLOCK TIME : 21h:50m:0s
 
951aa882d2ac167e3fe15038b4453880
PSETHASH = 951aa882d2ac167e3fe15038b4453880
/wntmp/condor/compute-22-30/execute/dir_29044/glide_R2WKaf/execute/dir_4694/writeCfg.py pset.py pset.py
Importing .py file
Setting parameters
RandomNumberGeneratorService found, will attempt to change seeds
inputBlocks=/Neutrino_Pt-2to20_gun/Fall13dr-tsg_PU40bx25_POSTLS162_V2-v1/GEN-SIM-RAW#09b9f490-7aa3-11e3-b1c2-003048f02d38
inputFiles=/store/mc/Fall13dr/Neutrino_Pt-2to20_gun/GEN-SIM-RAW/tsg_PU40bx25_POSTLS162_V2-v1/00002/3EF24371-EC7A-E311-B557-0026189438DD.root;/store/mc/Fall13dr/Neutrino_Pt-2to20_gun/GEN-SIM-RAW/tsg_PU40bx25_POSTLS162_V2-v1/00002/A4033A42-EA7A-E311-B120-0025905A60B4.root;/store/mc/Fall13dr/Neutrino_Pt-2to20_gun/GEN-SIM-RAW/tsg_PU40bx25_POSTLS162_V2-v1/00002/CA646A3C-D47A-E311-A724-0025905A60B6.root;/store/mc/Fall13dr/Neutrino_Pt-2to20_gun/GEN-SIM-RAW/tsg_PU40bx25_POSTLS162_V2-v1/00002/C444FEE4-E07A-E311-AC73-0025905A611E.root;/store/mc/Fall13dr/Neutrino_Pt-2to20_gun/GEN-SIM-RAW/tsg_PU40bx25_POSTLS162_V2-v1/00002/56F8A525-DB7A-E311-B56B-0025905A48EC.root;/store/mc/Fall13dr/Neutrino_Pt-2to20_gun/GEN-SIM-RAW/tsg_PU40bx25_POSTLS162_V2-v1/00002/D42A94FA-E47A-E311-B7C4-003048FFD732.root;/store/mc/Fall13dr/Neutrino_Pt-2to20_gun/GEN-SIM-RAW/tsg_PU40bx25_POSTLS162_V2-v1/00002/78DE934C-E67A-E311-BA94-002618943832.root
parentFiles=/store/mc/Fall13/Neutrino_Pt-2to20_gun/GEN-SIM/POSTLS162_V1-v4/10000/1A5080F4-AA68-E311-BFFB-90B11C1DBFB4.root;/store/mc/Fall13/Neutrino_Pt-2to20_gun/GEN-SIM/POSTLS162_V1-v4/10000/58156EF4-AA68-E311-A5B1-90B11C1DBFB4.root;/store/mc/Fall13/Neutrino_Pt-2to20_gun/GEN-SIM/POSTLS162_V1-v4/10000/DEB470F4-AA68-E311-A5EC-90B11C1DBFB4.root;/store/mc/Fall13/Neutrino_Pt-2to20_gun/GEN-SIM/POSTLS162_V1-v4/10000/5E069FF4-AA68-E311-8232-90B11C1DBFB4.root;/store/mc/Fall13/Neutrino_Pt-2to20_gun/GEN-SIM/POSTLS162_V1-v4/10000/F4012258-AB68-E311-8717-0025904AC2CA.root;/store/mc/Fall13/Neutrino_Pt-2to20_gun/GEN-SIM/POSTLS162_V1-v4/10000/8E0B195E-AB68-E311-A174-0025904AC2CA.root;/store/mc/Fall13/Neutrino_Pt-2to20_gun/GEN-SIM/POSTLS162_V1-v4/10000/C24871F4-AA68-E311-9366-90B11C1DBFB4.root;/store/mc/Fall13/Neutrino_Pt-2to20_gun/GEN-SIM/POSTLS162_V1-v4/10000/1A5080F4-AA68-E311-BFFB-90B11C1DBFB4.root;/store/mc/Fall13/Neutrino_Pt-2to20_gun/GEN-SIM/POSTLS162_V1-v4/10000/58156EF4-AA68-E311-A5B1-90B11C1DBFB4.root;/store/mc/Fall13/Neutrino_Pt-2to20_gun/GEN-SIM/POSTLS162_V1-v4/10000/DEB470F4-AA68-E311-A5EC-90B11C1DBFB4.root;/store/mc/Fall13/Neutrino_Pt-2to20_gun/GEN-SIM/POSTLS162_V1-v4/10000/5E069FF4-AA68-E311-8232-90B11C1DBFB4.root;/store/mc/Fall13/Neutrino_Pt-2to20_gun/GEN-SIM/POSTLS162_V1-v4/10000/C24871F4-AA68-E311-9366-90B11C1DBFB4.root;/store/mc/Fall13/Neutrino_Pt-2to20_gun/GEN-SIM/POSTLS162_V1-v4/10000/0E6630EA-AA68-E311-9082-003048F5B2A0.root;/store/mc/Fall13/Neutrino_Pt-2to20_gun/GEN-SIM/POSTLS162_V1-v4/10000/7632CAE8-AB68-E311-AA1C-90B11C27EA38.root;/store/mc/Fall13/Neutrino_Pt-2to20_gun/GEN-SIM/POSTLS162_V1-v4/10000/0A8C8CED-AB68-E311-80BE-90B11C27F89E.root;/store/mc/Fall13/Neutrino_Pt-2to20_gun/GEN-SIM/POSTLS162_V1-v4/10000/C05AB95E-AC68-E311-9422-003048F5B69A.root;/store/mc/Fall13/Neutrino_Pt-2to20_gun/GEN-SIM/POSTLS162_V1-v4/10000/36C47AF9-AC68-E311-88E1-90B11C27EA38.root;/store/mc/Fall13/Neutrino_Pt-2to20_gun/GEN-SIM/POSTLS162_V1-v4/10001/22BEE08E-B268-E311-A673-002590489776.root;/store/mc/Fall13/Neutrino_Pt-2to20_gun/GEN-SIM/POSTLS162_V1-v4/10000/F4012258-AB68-E311-8717-0025904AC2CA.root;/store/mc/Fall13/Neutrino_Pt-2to20_gun/GEN-SIM/POSTLS162_V1-v4/10000/1433FB5A-AB68-E311-9ADF-002590491AE4.root;/store/mc/Fall13/Neutrino_Pt-2to20_gun/GEN-SIM/POSTLS162_V1-v4/10000/8E0B195E-AB68-E311-A174-0025904AC2CA.root;/store/mc/Fall13/Neutrino_Pt-2to20_gun/GEN-SIM/POSTLS162_V1-v4/10000/C24871F4-AA68-E311-9366-90B11C1DBFB4.root;/store/mc/Fall13/Neutrino_Pt-2to20_gun/GEN-SIM/POSTLS162_V1-v4/10000/0E6630EA-AA68-E311-9082-003048F5B2A0.root;/store/mc/Fall13/Neutrino_Pt-2to20_gun/GEN-SIM/POSTLS162_V1-v4/10000/C05AB95E-AC68-E311-9422-003048F5B69A.root;/store/mc/Fall13/Neutrino_Pt-2to20_gun/GEN-SIM/POSTLS162_V1-v4/10000/1A5080F4-AA68-E311-BFFB-90B11C1DBFB4.root;/store/mc/Fall13/Neutrino_Pt-2to20_gun/GEN-SIM/POSTLS162_V1-v4/10001/70B019EE-B168-E311-AB88-003048F5B69A.root;/store/mc/Fall13/Neutrino_Pt-2to20_gun/GEN-SIM/POSTLS162_V1-v4/10000/8E0B195E-AB68-E311-A174-0025904AC2CA.root;/store/mc/Fall13/Neutrino_Pt-2to20_gun/GEN-SIM/POSTLS162_V1-v4/10000/C24871F4-AA68-E311-9366-90B11C1DBFB4.root;/store/mc/Fall13/Neutrino_Pt-2to20_gun/GEN-SIM/POSTLS162_V1-v4/10000/0E6630EA-AA68-E311-9082-003048F5B2A0.root;/store/mc/Fall13/Neutrino_Pt-2to20_gun/GEN-SIM/POSTLS162_V1-v4/10000/C05AB95E-AC68-E311-9422-003048F5B69A.root;/store/mc/Fall13/Neutrino_Pt-2to20_gun/GEN-SIM/POSTLS162_V1-v4/10000/8E0B195E-AB68-E311-A174-0025904AC2CA.root;/store/mc/Fall13/Neutrino_Pt-2to20_gun/GEN-SIM/POSTLS162_V1-v4/10000/C24871F4-AA68-E311-9366-90B11C1DBFB4.root;/store/mc/Fall13/Neutrino_Pt-2to20_gun/GEN-SIM/POSTLS162_V1-v4/10000/0E6630EA-AA68-E311-9082-003048F5B2A0.root;/store/mc/Fall13/Neutrino_Pt-2to20_gun/GEN-SIM/POSTLS162_V1-v4/10001/0C56A257-B068-E311-A6EB-003048F5B2A0.root;/store/mc/Fall13/Neutrino_Pt-2to20_gun/GEN-SIM/POSTLS162_V1-v4/10000/7632CAE8-AB68-E311-AA1C-90B11C27EA38.root;/store/mc/Fall13/Neutrino_Pt-2to20_gun/GEN-SIM/POSTLS162_V1-v4/10000/C004547E-AC68-E311-9972-003048F5B2A0.root;/store/mc/Fall13/Neutrino_Pt-2to20_gun/GEN-SIM/POSTLS162_V1-v4/10000/1A5080F4-AA68-E311-BFFB-90B11C1DBFB4.root;/store/mc/Fall13/Neutrino_Pt-2to20_gun/GEN-SIM/POSTLS162_V1-v4/10000/1433FB5A-AB68-E311-9ADF-002590491AE4.root;/store/mc/Fall13/Neutrino_Pt-2to20_gun/GEN-SIM/POSTLS162_V1-v4/10000/8E0B195E-AB68-E311-A174-0025904AC2CA.root;/store/mc/Fall13/Neutrino_Pt-2to20_gun/GEN-SIM/POSTLS162_V1-v4/10000/C24871F4-AA68-E311-9366-90B11C1DBFB4.root;/store/mc/Fall13/Neutrino_Pt-2to20_gun/GEN-SIM/POSTLS162_V1-v4/10000/0E6630EA-AA68-E311-9082-003048F5B2A0.root;/store/mc/Fall13/Neutrino_Pt-2to20_gun/GEN-SIM/POSTLS162_V1-v4/10000/0A8C8CED-AB68-E311-80BE-90B11C27F89E.root;/store/mc/Fall13/Neutrino_Pt-2to20_gun/GEN-SIM/POSTLS162_V1-v4/10000/82AB555F-AC68-E311-98DF-002590821320.root;/store/mc/Fall13/Neutrino_Pt-2to20_gun/GEN-SIM/POSTLS162_V1-v4/10000/1A5080F4-AA68-E311-BFFB-90B11C1DBFB4.root;/store/mc/Fall13/Neutrino_Pt-2to20_gun/GEN-SIM/POSTLS162_V1-v4/10000/58156EF4-AA68-E311-A5B1-90B11C1DBFB4.root;/store/mc/Fall13/Neutrino_Pt-2to20_gun/GEN-SIM/POSTLS162_V1-v4/10000/9E6407D4-AB68-E311-8011-C860001BD944.root;/store/mc/Fall13/Neutrino_Pt-2to20_gun/GEN-SIM/POSTLS162_V1-v4/10001/A2E134ED-B168-E311-81A9-00259084A6C4.root
lumisRange=
>>> Executable cmsRun
/cvmfs/cms.cern.ch/slc6_amd64_gcc481/cms/cmssw/CMSSW_7_1_0_pre8/bin/slc6_amd64_gcc481/cmsRun
ok executable found
>>> info for dashboard:
***** Cat /wntmp/condor/compute-22-30/execute/dir_29044/glide_R2WKaf/execute/dir_4694/jobreport.txt *****
MonitorJobID=19_https://submit-4.t2.ucsd.edu//140801//331280.18
MonitorID=aelwood_140801_jJets_ngun_PU40bx25_1c84ps
ExeStart=cmsRun
***** End Cat jobreport *****
Parameters sent to Dashboard.
>>> cmsRun started at Fri Aug  1 10:05:04 UTC 2014
>>> cmsRun ended at Fri Aug  1 11:33:10 UTC 2014
>>> crab_fjr_*.xml  permission set to 0704
>>> info for dashboard:
***** Cat /wntmp/condor/compute-22-30/execute/dir_29044/glide_R2WKaf/execute/dir_4694/jobreport.txt *****
MonitorJobID=19_https://submit-4.t2.ucsd.edu//140801//331280.18
MonitorID=aelwood_140801_jJets_ngun_PU40bx25_1c84ps
ExeEnd=cmsRun
***** End Cat jobreport *****
Parameters sent to Dashboard.
TIME_EXE = 5286 sec
>>> cmsRun wrote 60 lines of stdout+stderr
>>> START OF printout of 60 lines from stdout+stderr
==> using COND/Services/RelationalAuthenticationService for auth, sys 1
==> using COND/Services/RelationalAuthenticationService for auth, sys 1
01-Aug-2014 03:05:27 PDT  Initiating request to open file /mnt/hadoop/store/mc/Fall13dr/Neutrino_Pt-2to20_gun/GEN-SIM-RAW/tsg_PU40bx25_POSTLS162_V2-v1/00002/3EF24371-EC7A-E311-B557-0026189438DD.root
01-Aug-2014 03:05:28 PDT  Successfully opened file /mnt/hadoop/store/mc/Fall13dr/Neutrino_Pt-2to20_gun/GEN-SIM-RAW/tsg_PU40bx25_POSTLS162_V2-v1/00002/3EF24371-EC7A-E311-B557-0026189438DD.root
01-Aug-2014 03:05:30 PDT  Initiating request to open file /mnt/hadoop/store/mc/Fall13/Neutrino_Pt-2to20_gun/GEN-SIM/POSTLS162_V1-v4/10000/1A5080F4-AA68-E311-BFFB-90B11C1DBFB4.root
01-Aug-2014 03:05:30 PDT  Fallback request to file root://cmsxrootd.fnal.gov//store/mc/Fall13/Neutrino_Pt-2to20_gun/GEN-SIM/POSTLS162_V1-v4/10000/1A5080F4-AA68-E311-BFFB-90B11C1DBFB4.root
140801 03:05:38 8963 Xrd: CheckErrorStatus: Server [cmssrmdisk.fnal.gov:1095] declared: Request 3018 not supported(error code: 3013)
01-Aug-2014 03:05:38 PDT  Successfully opened file root://cmsxrootd.fnal.gov//store/mc/Fall13/Neutrino_Pt-2to20_gun/GEN-SIM/POSTLS162_V1-v4/10000/1A5080F4-AA68-E311-BFFB-90B11C1DBFB4.root
01-Aug-2014 03:05:48 PDT  Closed file root://cmsxrootd.fnal.gov//store/mc/Fall13/Neutrino_Pt-2to20_gun/GEN-SIM/POSTLS162_V1-v4/10000/1A5080F4-AA68-E311-BFFB-90B11C1DBFB4.root
Stage1Layer2Producer -- Running pp implementation


----------------------------------------
Begin: L1CaloTowerProducer
----------------------------------------

01-Aug-2014 03:06:05 PDT  Closed file /mnt/hadoop/store/mc/Fall13dr/Neutrino_Pt-2to20_gun/GEN-SIM-RAW/tsg_PU40bx25_POSTLS162_V2-v1/00002/3EF24371-EC7A-E311-B557-0026189438DD.root
01-Aug-2014 03:06:05 PDT  Initiating request to open file /mnt/hadoop/store/mc/Fall13dr/Neutrino_Pt-2to20_gun/GEN-SIM-RAW/tsg_PU40bx25_POSTLS162_V2-v1/00002/A4033A42-EA7A-E311-B120-0025905A60B4.root
01-Aug-2014 03:06:05 PDT  Successfully opened file /mnt/hadoop/store/mc/Fall13dr/Neutrino_Pt-2to20_gun/GEN-SIM-RAW/tsg_PU40bx25_POSTLS162_V2-v1/00002/A4033A42-EA7A-E311-B120-0025905A60B4.root
140801 03:11:00 10245 Xrd: XrdClientMessage::ReadRaw: Failed to read header (8 bytes).
140801 03:11:01 10243 Xrd: XrdClientMessage::ReadRaw: Failed to read header (8 bytes).
01-Aug-2014 03:14:28 PDT  Closed file /mnt/hadoop/store/mc/Fall13dr/Neutrino_Pt-2to20_gun/GEN-SIM-RAW/tsg_PU40bx25_POSTLS162_V2-v1/00002/A4033A42-EA7A-E311-B120-0025905A60B4.root
01-Aug-2014 03:14:28 PDT  Initiating request to open file /mnt/hadoop/store/mc/Fall13dr/Neutrino_Pt-2to20_gun/GEN-SIM-RAW/tsg_PU40bx25_POSTLS162_V2-v1/00002/CA646A3C-D47A-E311-A724-0025905A60B6.root
01-Aug-2014 03:14:28 PDT  Successfully opened file /mnt/hadoop/store/mc/Fall13dr/Neutrino_Pt-2to20_gun/GEN-SIM-RAW/tsg_PU40bx25_POSTLS162_V2-v1/00002/CA646A3C-D47A-E311-A724-0025905A60B6.root
01-Aug-2014 03:22:29 PDT  Closed file /mnt/hadoop/store/mc/Fall13dr/Neutrino_Pt-2to20_gun/GEN-SIM-RAW/tsg_PU40bx25_POSTLS162_V2-v1/00002/CA646A3C-D47A-E311-A724-0025905A60B6.root
01-Aug-2014 03:22:29 PDT  Initiating request to open file /mnt/hadoop/store/mc/Fall13dr/Neutrino_Pt-2to20_gun/GEN-SIM-RAW/tsg_PU40bx25_POSTLS162_V2-v1/00002/C444FEE4-E07A-E311-AC73-0025905A611E.root
01-Aug-2014 03:22:29 PDT  Successfully opened file /mnt/hadoop/store/mc/Fall13dr/Neutrino_Pt-2to20_gun/GEN-SIM-RAW/tsg_PU40bx25_POSTLS162_V2-v1/00002/C444FEE4-E07A-E311-AC73-0025905A611E.root
140801 03:26:00 9955 Xrd: XrdClientMessage::ReadRaw: Failed to read header (8 bytes).
140801 03:26:01 9953 Xrd: XrdClientMessage::ReadRaw: Failed to read header (8 bytes).
140801 03:26:01 10244 Xrd: XrdClientMessage::ReadRaw: Failed to read header (8 bytes).
01-Aug-2014 03:32:01 PDT  Closed file /mnt/hadoop/store/mc/Fall13dr/Neutrino_Pt-2to20_gun/GEN-SIM-RAW/tsg_PU40bx25_POSTLS162_V2-v1/00002/C444FEE4-E07A-E311-AC73-0025905A611E.root
01-Aug-2014 03:32:01 PDT  Initiating request to open file /mnt/hadoop/store/mc/Fall13dr/Neutrino_Pt-2to20_gun/GEN-SIM-RAW/tsg_PU40bx25_POSTLS162_V2-v1/00002/56F8A525-DB7A-E311-B56B-0025905A48EC.root
01-Aug-2014 03:32:02 PDT  Successfully opened file /mnt/hadoop/store/mc/Fall13dr/Neutrino_Pt-2to20_gun/GEN-SIM-RAW/tsg_PU40bx25_POSTLS162_V2-v1/00002/56F8A525-DB7A-E311-B56B-0025905A48EC.root
01-Aug-2014 03:45:19 PDT  Closed file /mnt/hadoop/store/mc/Fall13dr/Neutrino_Pt-2to20_gun/GEN-SIM-RAW/tsg_PU40bx25_POSTLS162_V2-v1/00002/56F8A525-DB7A-E311-B56B-0025905A48EC.root
01-Aug-2014 03:45:19 PDT  Initiating request to open file /mnt/hadoop/store/mc/Fall13dr/Neutrino_Pt-2to20_gun/GEN-SIM-RAW/tsg_PU40bx25_POSTLS162_V2-v1/00002/D42A94FA-E47A-E311-B7C4-003048FFD732.root
01-Aug-2014 03:45:19 PDT  Successfully opened file /mnt/hadoop/store/mc/Fall13dr/Neutrino_Pt-2to20_gun/GEN-SIM-RAW/tsg_PU40bx25_POSTLS162_V2-v1/00002/D42A94FA-E47A-E311-B7C4-003048FFD732.root
01-Aug-2014 04:29:09 PDT  Closed file /mnt/hadoop/store/mc/Fall13dr/Neutrino_Pt-2to20_gun/GEN-SIM-RAW/tsg_PU40bx25_POSTLS162_V2-v1/00002/D42A94FA-E47A-E311-B7C4-003048FFD732.root
01-Aug-2014 04:29:09 PDT  Initiating request to open file /mnt/hadoop/store/mc/Fall13dr/Neutrino_Pt-2to20_gun/GEN-SIM-RAW/tsg_PU40bx25_POSTLS162_V2-v1/00002/78DE934C-E67A-E311-BA94-002618943832.root
01-Aug-2014 04:29:09 PDT  Successfully opened file /mnt/hadoop/store/mc/Fall13dr/Neutrino_Pt-2to20_gun/GEN-SIM-RAW/tsg_PU40bx25_POSTLS162_V2-v1/00002/78DE934C-E67A-E311-BA94-002618943832.root
01-Aug-2014 04:33:05 PDT  Closed file /mnt/hadoop/store/mc/Fall13dr/Neutrino_Pt-2to20_gun/GEN-SIM-RAW/tsg_PU40bx25_POSTLS162_V2-v1/00002/78DE934C-E67A-E311-BA94-002618943832.root

=============================================

MessageLogger Summary

 type     category        sev    module        subroutine        count    total
 ---- -------------------- -- ---------------- ----------------  -----    -----
    1 fileAction           -s AfterFile                              4        4
    2 fileAction           -s file_close                             7        7
    3 fileAction           -s file_open                             14       14

 type    category    Examples: run/evt        run/evt          run/evt
 ---- -------------------- ---------------- ---------------- ----------------
    1 fileAction           pre-events       pre-events       pre-events
    2 fileAction           PostProcessEvent PostProcessEvent PostEndRun
    3 fileAction           pre-events       pre-events       PostProcessEvent

Severity    # Occurrences   Total Occurrences
--------    -------------   -----------------
System                 25                  25
>>> END OF printout of 60 lines from stdout+stderr
>>> Parse FrameworkJobReport crab_fjr.xml
Result of parsing the FrameworkJobReport crab_fjr.xml: 
Extracted ExitStatus from FrameworkJobReport parsing output: 0
>>> Executable succeded  0
ExeExitCode=0
EXECUTABLE_EXIT_STATUS = 0
>>> current directory /wntmp/condor/compute-22-30/execute/dir_29044/glide_R2WKaf/execute/dir_4694/cms_PiJEBHeHwrlD/CMSSW_7_1_0_pre8
>>>  (SOFTWARE_DIR): /wntmp/condor/compute-22-30/execute/dir_29044/glide_R2WKaf/execute/dir_4694/cms_PiJEBHeHwrlD/CMSSW_7_1_0_pre8
>>> (WORKING_DIR): /wntmp/condor/compute-22-30/execute/dir_29044/glide_R2WKaf/execute/dir_4694/cms_PiJEBHeHwrlD
>>> current directory content:
total 468352
drwxr-xr-x. 3 uscms4354 cms      4096 Aug  1 03:03 .SCRAM
-rw-------. 1 uscms4354 cms    916533 Aug  1 03:03 CMSSW.py.pkl
-rw-------. 1 uscms4354 cms 477665075 Aug  1 04:33 L1SkimRun.root
drwxr-xr-x. 3 uscms4354 cms      4096 Aug  1 03:03 bin
drwxr-xr-x. 3 uscms4354 cms      4096 Aug  1 03:03 cfipython
drwxr-xr-x. 4 uscms4354 cms      4096 Aug  1 03:03 config
-rw-------. 1 uscms4354 cms        18 Aug  1 04:33 cpu_timing.txt
drwxr-xr-x. 2 uscms4354 cms      4096 Aug  1 03:03 doc
-rw-------. 1 uscms4354 cms      6575 Aug  1 04:33 executable.out
drwxr-xr-x. 2 uscms4354 cms      4096 Aug  1 03:03 include
drwx------. 3 uscms4354 cms      4096 Aug  1 00:37 lib
drwxr-xr-x. 3 uscms4354 cms      4096 Aug  1 03:03 logs
drwxr-xr-x. 3 uscms4354 cms      4096 Aug  1 03:03 objs
-rw-------. 1 uscms4354 cms       104 Aug  1 03:05 pset.py
-rw-------. 1 uscms4354 cms    924995 Aug  1 03:05 pset.py.pkl
-rw-------. 1 uscms4354 cms       289 Aug  1 03:05 pset.pyc
drwxr-xr-x. 2 uscms4354 cms      4096 Aug  1 03:03 python
-rw-------. 1 uscms4354 cms       419 Aug  1 04:33 report.log
drwx------. 5 uscms4354 cms      4096 Aug  1 03:02 src
drwxr-xr-x. 3 uscms4354 cms      4096 Aug  1 03:03 test
drwxr-xr-x. 3 uscms4354 cms      4096 Aug  1 03:03 tmp
>>> current directory /wntmp/condor/compute-22-30/execute/dir_29044/glide_R2WKaf/execute/dir_4694/cms_PiJEBHeHwrlD/CMSSW_7_1_0_pre8
>>> (SOFTWARE_DIR): /wntmp/condor/compute-22-30/execute/dir_29044/glide_R2WKaf/execute/dir_4694/cms_PiJEBHeHwrlD/CMSSW_7_1_0_pre8
>>> (WORKING_DIR): /wntmp/condor/compute-22-30/execute/dir_29044/glide_R2WKaf/execute/dir_4694/cms_PiJEBHeHwrlD
>>> current directory content:
total 468352
drwxr-xr-x. 3 uscms4354 cms      4096 Aug  1 03:03 .SCRAM
-rw-------. 1 uscms4354 cms    916533 Aug  1 03:03 CMSSW.py.pkl
-rw-------. 1 uscms4354 cms 477665075 Aug  1 04:33 L1SkimRun_19_1_sLS.root
drwxr-xr-x. 3 uscms4354 cms      4096 Aug  1 03:03 bin
drwxr-xr-x. 3 uscms4354 cms      4096 Aug  1 03:03 cfipython
drwxr-xr-x. 4 uscms4354 cms      4096 Aug  1 03:03 config
-rw-------. 1 uscms4354 cms        18 Aug  1 04:33 cpu_timing.txt
drwxr-xr-x. 2 uscms4354 cms      4096 Aug  1 03:03 doc
-rw-------. 1 uscms4354 cms      6575 Aug  1 04:33 executable.out
drwxr-xr-x. 2 uscms4354 cms      4096 Aug  1 03:03 include
drwx------. 3 uscms4354 cms      4096 Aug  1 00:37 lib
drwxr-xr-x. 3 uscms4354 cms      4096 Aug  1 03:03 logs
drwxr-xr-x. 3 uscms4354 cms      4096 Aug  1 03:03 objs
-rw-------. 1 uscms4354 cms       104 Aug  1 03:05 pset.py
-rw-------. 1 uscms4354 cms    924995 Aug  1 03:05 pset.py.pkl
-rw-------. 1 uscms4354 cms       289 Aug  1 03:05 pset.pyc
drwxr-xr-x. 2 uscms4354 cms      4096 Aug  1 03:03 python
-rw-------. 1 uscms4354 cms       419 Aug  1 04:33 report.log
drwx------. 5 uscms4354 cms      4096 Aug  1 03:02 src
drwxr-xr-x. 3 uscms4354 cms      4096 Aug  1 03:03 test
drwxr-xr-x. 3 uscms4354 cms      4096 Aug  1 03:03 tmp
>>> current directory (RUNTIME_AREA):  /wntmp/condor/compute-22-30/execute/dir_29044/glide_R2WKaf/execute/dir_4694
SE = srm-eoscms.cern.ch
SE_PATH = /srm/v2/server?SFN=/eos/cms/store/user/aelwood/140801_jJets_ngun_PU40bx25/
LFNBaseName = /store/user/aelwood/140801_jJets_ngun_PU40bx25/
USER = aelwood
endpoint = srm://srm-eoscms.cern.ch:8443/srm/v2/server?SFN=/eos/cms/store/user/aelwood/140801_jJets_ngun_PU40bx25/
>>> Copy output files from WN = compute-22-30.tier2 to /srm/v2/server?SFN=/eos/cms/store/user/aelwood/140801_jJets_ngun_PU40bx25/ :
python cmscp.py  --destination srm://srm-eoscms.cern.ch:8443/srm/v2/server?SFN=/eos/cms/store/user/aelwood/140801_jJets_ngun_PU40bx25/ --inputFileList /wntmp/condor/compute-22-30/execute/dir_29044/glide_R2WKaf/execute/dir_4694/cms_PiJEBHeHwrlD/CMSSW_7_1_0_pre8/L1SkimRun_19_1_sLS.root --middleware OSG --se_name srm-eoscms.cern.ch --for_lfn /store/user/aelwood/140801_jJets_ngun_PU40bx25/    
******************************************************
localSeName  =  cit-se.ultralight.org
remoteSeName =  srm-eoscms.cern.ch
******************************************************
{"/wntmp/condor/compute-22-30/execute/dir_29044/glide_R2WKaf/execute/dir_4694/cms_PiJEBHeHwrlD/CMSSW_7_1_0_pre8/L1SkimRun_19_1_sLS.root": {"endpoint": "srm://srm-eoscms.cern.ch:8443/srm/v2/server?SFN=/eos/cms/store/user/aelwood/140801_jJets_ngun_PU40bx25/", "surl_for_grid": "", "reason": "ERROR: problems checking if file /wntmp/condor/compute-22-30/execute/dir_29044/glide_R2WKaf/execute/dir_4694/cms_PiJEBHeHwrlD/CMSSW_7_1_0_pre8/L1SkimRun_19_1_sLS.root already exist'Error checking [L1SkimRun_19_1_sLS.root]'", "erCode": "60307", "se_name": "srm-eoscms.cern.ch", "for_lfn": "/copy_problem/"}}/wntmp/condor/compute-22-30/execute/dir_29044/glide_R2WKaf/execute/dir_4694
-------- cat /wntmp/condor/compute-22-30/execute/dir_29044/glide_R2WKaf/execute/dir_4694/cmscpReport.sh 
#!/bin/bash
echo "Report for File: /wntmp/condor/compute-22-30/execute/dir_29044/glide_R2WKaf/execute/dir_4694/cms_PiJEBHeHwrlD/CMSSW_7_1_0_pre8/L1SkimRun_19_1_sLS.root"
echo "LFN: /copy_problem/L1SkimRun_19_1_sLS.root"
echo "StorageElement: srm-eoscms.cern.ch"
echo "StageOutExitStatusReason = 'ERROR: problems checking if file /wntmp/condor/compute-22-30/execute/dir_29044/glide_R2WKaf/execute/dir_4694/cms_PiJEBHeHwrlD/CMSSW_7_1_0_pre8/L1SkimRun_19_1_sLS.root already exist Error checking [L1SkimRun_19_1_sLS.root] '" | tee -a $RUNTIME_AREA/$repo
echo "StageOutSE = srm-eoscms.cern.ch" >> $RUNTIME_AREA/$repo

export StageOutExitStatus=60307
echo "StageOutExitStatus = 60307" | tee -a $RUNTIME_AREA/$repo
-------- end of /wntmp/condor/compute-22-30/execute/dir_29044/glide_R2WKaf/execute/dir_4694/cmscpReport.sh 
Report for File: /wntmp/condor/compute-22-30/execute/dir_29044/glide_R2WKaf/execute/dir_4694/cms_PiJEBHeHwrlD/CMSSW_7_1_0_pre8/L1SkimRun_19_1_sLS.root
LFN: /copy_problem/L1SkimRun_19_1_sLS.root
StorageElement: srm-eoscms.cern.ch
StageOutExitStatusReason = 'ERROR: problems checking if file /wntmp/condor/compute-22-30/execute/dir_29044/glide_R2WKaf/execute/dir_4694/cms_PiJEBHeHwrlD/CMSSW_7_1_0_pre8/L1SkimRun_19_1_sLS.root already exist Error checking [L1SkimRun_19_1_sLS.root] '
StageOutExitStatus = 60307
Problem copying file to srm-eoscms.cern.ch /srm/v2/server?SFN=/eos/cms/store/user/aelwood/140801_jJets_ngun_PU40bx25/
########## contents of SE interaction
2014-08-01 04:33:34.503741:
Executed:	unset LD_LIBRARY_PATH; unset GLITE_ENV_SET; export PATH=/usr/bin:/bin; source /etc/profile; source /wntmp/condor/compute-22-30/execute/dir_29044/glide_R2WKaf/execute/dir_4694/CacheEnv.sh ; lcg-ls -b -D srmv2 --srm-timeout 2400 --sendreceive-timeout 2400 --connect-timeout 300 --verbose srm://srm-eoscms.cern.ch:8443/srm/v2/server?SFN=/eos/cms/store/user/aelwood/140801_jJets_ngun_PU40bx25/L1SkimRun_19_1_sLS.root
Done with exit code:	1
and output:
SE type: SRMv2
[SE][Ls][] httpg://srm-eoscms.cern.ch:8443/srm/v2/server: CGSI-gSOAP running on compute-22-30.tier2 reports Error initializing context
GSS Major Status: Authentication Failed

GSS Minor Status Error Chain:
globus_gsi_gssapi: SSLv3 handshake problems
OpenSSL Error: s3_clnt.c:1168: in library: SSL routines, function SSL3_GET_SERVER_CERTIFICATE: certificate verify failed
globus_gsi_callback_module: Could not verify credential
globus_gsi_callback_module: Can't get the local trusted CA certificate: Cannot find trusted CA certificate with hash 5168735f in /etc/grid-security/certificates/



#####################################
>>> current dir: /wntmp/condor/compute-22-30/execute/dir_29044/glide_R2WKaf/execute/dir_4694
>>> current dir content:
total 15124
-rw-------. 1 uscms4354 cms     1093 Aug  1 04:33 .SEinteraction.log
-rwx------. 1 uscms4354 cms     6635 Aug  1 03:02 .job.ad
-rwx------. 1 uscms4354 cms     9426 Aug  1 03:02 .machine.ad
-rw-------. 1 uscms4354 cms      105 Aug  1 02:57 CMSSW.py
-rw-------. 1 uscms4354 cms   916533 Aug  1 02:57 CMSSW.py.pkl
-rwx------. 1 uscms4354 cms    28576 Aug  1 03:02 CMSSW.sh
-rw-------. 1 uscms4354 cms      182 Aug  1 03:03 CacheEnv.sh
-rw-------. 1 uscms4354 cms     7291 Jul 12 08:18 DashboardAPI.py
-rw-------. 1 uscms4354 cms     6755 Aug  1 03:04 DashboardAPI.pyc
drwx------. 2 uscms4354 cms     4096 Aug  1 04:33 IMProv
lrwxrwxrwx. 1 uscms4354 cms      133 Aug  1 04:33 L1SkimRun.root -> /wntmp/condor/compute-22-30/execute/dir_29044/glide_R2WKaf/execute/dir_4694/cms_PiJEBHeHwrlD/CMSSW_7_1_0_pre8/L1SkimRun_19_1_sLS.root
-rw-------. 1 uscms4354 cms     2748 Jul 12 08:18 Logger.py
-rw-------. 1 uscms4354 cms     3327 Aug  1 03:04 Logger.pyc
-rw-------. 1 uscms4354 cms    24524 Jul 12 08:18 ProcInfo.py
-rw-------. 1 uscms4354 cms    23101 Aug  1 03:04 ProcInfo.pyc
drwx------. 7 uscms4354 cms     4096 Aug  1 03:05 ProdCommon
drwx------. 3 uscms4354 cms     4096 Aug  1 03:02 WMCore
-rw-------. 1 uscms4354 cms     7117 Aug  1 04:33 Watchdog_19.log
-rwx------. 1 uscms4354 cms        0 Aug  1 03:02 _condor_stderr
-rwx---r--. 1 uscms4354 cms    30222 Aug  1 04:35 _condor_stdout
-rw-------. 1 uscms4354 cms    32895 Jul 12 08:18 apmon.py
-rw-------. 1 uscms4354 cms    28509 Aug  1 03:04 apmon.pyc
-rwx------. 1 uscms4354 cms   240046 Aug  1 03:02 arguments.xml
drwx------. 3 uscms4354 cms     4096 Aug  1 03:03 cms_PiJEBHeHwrlD
-rwx------. 1 uscms4354 cms    38524 Jul 12 08:18 cmscp.py
-rw-------. 1 uscms4354 cms      708 Aug  1 04:35 cmscpReport.sh
-rwx------. 1 uscms4354 cms    28576 Aug  1 03:02 condor_exec.exe
-rw-------. 1 uscms4354 cms      759 Aug  1 02:56 crab.cfg
-rwx------. 1 uscms4354 cms     8610 Jul 12 08:18 crabWatchdog.sh
-rwx---r--. 1 uscms4354 cms    76654 Aug  1 04:33 crab_fjr_19.xml
-rwx------. 1 uscms4354 cms 13818897 Aug  1 03:02 default.tgz
-rwx------. 1 uscms4354 cms     4488 Jul 12 08:18 fillCrabFjr.py
-rw-------. 1 uscms4354 cms     6284 Aug  1 03:05 inputsReport.txt
-rw-------. 1 uscms4354 cms      454 Aug  1 04:35 jobreport.txt
-rw-------. 1 uscms4354 cms    17352 Jul 12 08:18 parseCrabFjr.py
-rw-------. 1 uscms4354 cms      334 Aug  1 03:02 report.log
-rwx--x--x. 1 uscms4354 cms     1497 Jul 12 08:18 report.py
-rw-------. 1 uscms4354 cms      596 Aug  1 04:35 resultCopyFile
-rwx------. 1 uscms4354 cms     8351 Jul 12 08:18 writeCfg.py
-rw-------. 1 uscms4354 cms     8083 Aug  1 04:22 x509up_u41660
>>> Modify Job Report:
CMSSW_VERSION = CMSSW_7_1_0_pre8
/wntmp/condor/compute-22-30/execute/dir_29044/glide_R2WKaf/execute/dir_4694/ProdCommon/FwkJobRep/ModifyJobReport.py fjr /wntmp/condor/compute-22-30/execute/dir_29044/glide_R2WKaf/execute/dir_4694/crab_fjr_19.xml json /wntmp/condor/compute-22-30/execute/dir_29044/glide_R2WKaf/execute/dir_4694/resultCopyFile n_job 19_1_sLS PrimaryDataset Neutrino_Pt-2to20_gun  ApplicationFamily cmsRun ApplicationName cmsRun cmssw_version CMSSW_7_1_0_pre8 psethash 951aa882d2ac167e3fe15038b4453880
inputDict =  {u'/wntmp/condor/compute-22-30/execute/dir_29044/glide_R2WKaf/execute/dir_4694/cms_PiJEBHeHwrlD/CMSSW_7_1_0_pre8/L1SkimRun_19_1_sLS.root': {u'endpoint': u'srm://srm-eoscms.cern.ch:8443/srm/v2/server?SFN=/eos/cms/store/user/aelwood/140801_jJets_ngun_PU40bx25/', u'surl_for_grid': u'', u'reason': u"ERROR: problems checking if file /wntmp/condor/compute-22-30/execute/dir_29044/glide_R2WKaf/execute/dir_4694/cms_PiJEBHeHwrlD/CMSSW_7_1_0_pre8/L1SkimRun_19_1_sLS.root already exist'Error checking [L1SkimRun_19_1_sLS.root]'", u'erCode': u'60307', u'se_name': u'srm-eoscms.cern.ch', u'for_lfn': u'/copy_problem/'}}
UserProcessedDataset =  
file_name in inputDict =  /wntmp/condor/compute-22-30/execute/dir_29044/glide_R2WKaf/execute/dir_4694/cms_PiJEBHeHwrlD/CMSSW_7_1_0_pre8/L1SkimRun_19_1_sLS.root
(size) os.stat(filename)[6] =  477665075
checksum =  687698085
    file =  L1SkimRun_19_1_sLS.root
    newPfn =  srm://srm-eoscms.cern.ch:8443/srm/v2/server?SFN=/eos/cms/store/user/aelwood/140801_jJets_ngun_PU40bx25/L1SkimRun_19_1_sLS.root
    newLfn =  /copy_problem/L1SkimRun_19_1_sLS.root
>>> crab_fjr_*.xml  permission set to 0704
CrabWrapper EXIT_FUNC entered at Fri Aug  1 04:35:47 PDT 2014   -  Fri Aug  1 11:35:47 UTC 2014
Checking output files:  
will tar file crab_fjr_19.xml in  out_files_19
WARNING: output file CMSSW_19.stdout not found!
WARNING: output file CMSSW_19.stderr not found!
WARNING: output file Watchdog_19.log.gz not found!
>>> working dir = /wntmp/condor/compute-22-30/execute/dir_29044/glide_R2WKaf/execute/dir_4694/cms_PiJEBHeHwrlD
>>> current directory (RUNTIME_AREA): /wntmp/condor/compute-22-30/execute/dir_29044/glide_R2WKaf/execute/dir_4694
>>> Remove working directory: /wntmp/condor/compute-22-30/execute/dir_29044/glide_R2WKaf/execute/dir_4694/cms_PiJEBHeHwrlD
/wntmp/condor/compute-22-30/execute/dir_29044/glide_R2WKaf/execute/dir_4694/condor_exec.exe: line 140: symlinks: command not found
>>> padding time: Wrapper lasting more than 600 seconds. No sleep required.
STOPPING WATCHDOG. CrabWatchdog PID is 8481
********** LAST 50 LINES OF WATCHDOG LOG
 Aug 01 03:16:06 PDT	---	575164	935784	174	----	----	----
 Aug 01 03:17:07 PDT	8963	575784	935784	174	476	736	cmsRun -j /wntmp/condor/compute-22-30/execute/dir_29044/glide_R2WKaf/execute/dir_4694/crab_fjr_19.xml -p pset.py      
 Aug 01 03:17:07 PDT	---	575784	935784	187	----	----	----
 Aug 01 03:18:09 PDT	8963	576232	935784	187	527	797	cmsRun -j /wntmp/condor/compute-22-30/execute/dir_29044/glide_R2WKaf/execute/dir_4694/crab_fjr_19.xml -p pset.py      
 Aug 01 03:18:09 PDT	---	576232	935784	198	----	----	----
 Aug 01 03:19:10 PDT	---	576232	935784	208	----	----	----
# TIME			PID	RSS(KB)	VSZ(KB)	Dsk(MB)	tCPU(s)	tWALL(s)	COMMAND
 Aug 01 03:20:11 PDT	8963	600796	985960	208	628	920	cmsRun -j /wntmp/condor/compute-22-30/execute/dir_29044/glide_R2WKaf/execute/dir_4694/crab_fjr_19.xml -p pset.py      
 Aug 01 03:20:11 PDT	---	600796	985960	218	----	----	----
 Aug 01 03:21:12 PDT	---	600796	985960	228	----	----	----
 Aug 01 03:22:13 PDT	8963	601252	985960	228	726	1042	cmsRun -j /wntmp/condor/compute-22-30/execute/dir_29044/glide_R2WKaf/execute/dir_4694/crab_fjr_19.xml -p pset.py      
 Aug 01 03:22:13 PDT	---	601252	985960	240	----	----	----
 Aug 01 03:23:14 PDT	---	601252	985960	246	----	----	----
 Aug 01 03:24:15 PDT	---	601252	985960	257	----	----	----
 Aug 01 03:25:16 PDT	---	601252	985960	269	----	----	----
 Aug 01 03:26:17 PDT	---	601252	985960	280	----	----	----
 Aug 01 03:27:18 PDT	---	601252	985960	289	----	----	----
 Aug 01 03:28:20 PDT	---	601252	985960	294	----	----	----
 Aug 01 03:29:21 PDT	---	601252	985960	302	----	----	----
 Aug 01 03:30:22 PDT	---	601252	985960	312	----	----	----
 Aug 01 03:31:23 PDT	---	601252	985960	324	----	----	----
 Aug 01 03:32:24 PDT	---	601252	985960	328	----	----	----
 Aug 01 03:35:27 PDT	---	601252	985960	330	----	----	----
 Aug 01 03:37:30 PDT	---	601252	985960	340	----	----	----
 Aug 01 03:38:32 PDT	---	601252	985960	347	----	----	----
 Aug 01 03:39:34 PDT	---	601252	985960	357	----	----	----
 Aug 01 03:40:36 PDT	---	601252	985960	367	----	----	----
 Aug 01 03:41:38 PDT	---	601252	985960	378	----	----	----
 Aug 01 03:42:39 PDT	---	601252	985960	388	----	----	----
 Aug 01 03:43:41 PDT	---	601252	985960	396	----	----	----
 Aug 01 03:44:42 PDT	---	601252	985960	407	----	----	----
 Aug 01 03:45:44 PDT	---	601252	985960	414	----	----	----
 Aug 01 03:46:45 PDT	---	601252	985960	416	----	----	----
 Aug 01 03:47:46 PDT	---	601252	985960	427	----	----	----
 Aug 01 03:48:47 PDT	---	601252	985960	438	----	----	----
 Aug 01 03:56:57 PDT	---	601252	985960	440	----	----	----
 Aug 01 03:57:59 PDT	---	601252	985960	451	----	----	----
# TIME			PID	RSS(KB)	VSZ(KB)	Dsk(MB)	tCPU(s)	tWALL(s)	COMMAND
 Aug 01 03:59:00 PDT	---	601252	985960	460	----	----	----
 Aug 01 04:00:02 PDT	---	601252	985960	470	----	----	----
 Aug 01 04:01:03 PDT	---	601252	985960	482	----	----	----
 Aug 01 04:02:05 PDT	---	601252	985960	488	----	----	----
 Aug 01 04:03:06 PDT	---	601252	985960	494	----	----	----
 Aug 01 04:29:38 PDT	---	601252	985960	504	----	----	----
 Aug 01 04:30:39 PDT	8963	601256	985960	504	2040	5148	cmsRun -j /wntmp/condor/compute-22-30/execute/dir_29044/glide_R2WKaf/execute/dir_4694/crab_fjr_19.xml -p pset.py      
 Aug 01 04:30:39 PDT	---	601256	985960	516	----	----	----
 Aug 01 04:31:41 PDT	8963	601272	985960	516	2092	5210	cmsRun -j /wntmp/condor/compute-22-30/execute/dir_29044/glide_R2WKaf/execute/dir_4694/crab_fjr_19.xml -p pset.py      
 Aug 01 04:31:41 PDT	---	601272	985960	526	----	----	----
 Aug 01 04:32:42 PDT	---	601272	985960	539	----	----	----
 Aug 01 04:33:43 PDT	---	601272	985960	544	----	----	----
********** WATCHDOG LOG ENDED
ZIPPING WATCHDOG LOG
Disk space used:
du -sh /wntmp/condor/compute-22-30/execute/dir_29044/glide_R2WKaf/execute/dir_4694
17M	/wntmp/condor/compute-22-30/execute/dir_29044/glide_R2WKaf/execute/dir_4694
Found unusual stdout, rename for OSB
`/wntmp/condor/compute-22-30/execute/dir_29044/glide_R2WKaf/execute/dir_4694/_condor_stdout' -> `CMSSW_19.stdout'
Found unusual stderr, rename for OSB
`/wntmp/condor/compute-22-30/execute/dir_29044/glide_R2WKaf/execute/dir_4694/_condor_stdout' -> `CMSSW_19.stderr'
crab_fjr_19.xml
CMSSW_19.stdout
CMSSW_19.stderr
Watchdog_19.log.gz
Total Output dimension: 22674
WARNING: output files size limit is set to: 50000000
Total Output dimension 22674 is fine.
JOB_EXIT_STATUS = 60307
>>> info for dashboard:
***** Cat /wntmp/condor/compute-22-30/execute/dir_29044/glide_R2WKaf/execute/dir_4694/jobreport.txt *****
MonitorJobID=19_https://submit-4.t2.ucsd.edu//140801//331280.18
MonitorID=aelwood_140801_jJets_ngun_PU40bx25_1c84ps
ExeTime=5286
ExeExitCode=0
StageOutExitStatusReason = 'ERROR: problems checking if file /wntmp/condor/compute-22-30/execute/dir_29044/glide_R2WKaf/execute/dir_4694/cms_PiJEBHeHwrlD/CMSSW_7_1_0_pre8/L1SkimRun_19_1_sLS.root already exist Error checking [L1SkimRun_19_1_sLS.root] '
StageOutSE = srm-eoscms.cern.ch
StageOutExitStatus = 60307
CrabUserCpuTime=2137.50
CrabSysCpuTime=28.65
CrabCpuPercentage=40%
CrabWrapperTime=5569
CrabStageoutTime=145
JobExitCode=60307
***** End Cat jobreport *****
Parameters sent to Dashboard.
EXITING at Fri Aug  1 04:35:50 PDT 2014  -  Fri Aug  1 11:35:50 UTC 2014
