This script was generated by crab (version 2.10.6).
Running /wntmp/condor/compute-22-12/execute/dir_27742/glide_fy0mOn/execute/dir_23886/condor_exec.exe with 2 positional parameters: 10 1
Today is Fri Aug  1 03:01:36 PDT 2014 - Fri Aug  1 10:01:36 UTC 2014
Job submitted on host compute-22-12.tier2
Linux compute-22-12.tier2 2.6.32-358.6.2.el6.x86_64 #1 SMP Thu May 16 20:59:36 UTC 2013 x86_64 x86_64 x86_64 GNU/Linux
>>> current directory (RUNTIME_AREA): /wntmp/condor/compute-22-12/execute/dir_27742/glide_fy0mOn/execute/dir_23886
>>> current user: uid=20804(uscms4354) gid=504(cms) groups=504(cms),65264(glexec65264) context=unconfined_u:system_r:condor_startd_t:s0
>>> directory permission set to 0700
>>> umask set to:  u=rwx,g=,o=
>>> stdout stderr permission set to 0704
>>> voms proxy information:
subject   : /C=UK/O=eScience/OU=Imperial/L=Physics/CN=adam elwood/CN=1171778048/CN=1815772974
issuer    : /C=UK/O=eScience/OU=Imperial/L=Physics/CN=adam elwood/CN=1171778048
identity  : /C=UK/O=eScience/OU=Imperial/L=Physics/CN=adam elwood/CN=1171778048
type      : RFC compliant proxy
strength  : 1024 bits
path      : /wntmp/condor/compute-22-12/execute/dir_27742/glide_fy0mOn/execute/dir_23886/x509up_u41660
timeleft  : 23:59:57
key usage : Digital Signature, Key Encipherment, Key Agreement
=== VO cms extension information ===
VO        : cms
subject   : /C=UK/O=eScience/OU=Imperial/L=Physics/CN=adam elwood
issuer    : /DC=ch/DC=cern/OU=computers/CN=lcg-voms.cern.ch
attribute : /cms/Role=NULL/Capability=NULL
timeleft  : 191:51:40
uri       : lcg-voms.cern.ch:15002
WNHostName=compute-22-12.tier2
>>> tar --no-same-permissions -xf /wntmp/condor/compute-22-12/execute/dir_27742/glide_fy0mOn/execute/dir_23886/default.tgz :
Successful untar
>>> Include /wntmp/condor/compute-22-12/execute/dir_27742/glide_fy0mOn/execute/dir_23886 in PYTHONPATH:
strip arguments
env var CRAB_UNIQUE_JOB_ID set to: aelwood_140801_jJets_ngun_PU40bx25_1c84ps_10_1_hGf
out_files_10
>>> list of expected files on output sandbox
output files: crab_fjr_10.xml CMSSW_10.stdout CMSSW_10.stderr Watchdog_10.log.gz
>>> GridFlavour discovery: 
source OSG GRID setup script
GridFlavour=OSG
>>> SyncSite discovery: 
SyncSite=T2_US_Caltech
>>> SyncCE discovery: 
getting SyncCE from OSG_JOB_CONTACT
SyncCE=itb-ce.ultralight.org/jobmanager-condor
>>> info for dashboard:
***** Cat /wntmp/condor/compute-22-12/execute/dir_27742/glide_fy0mOn/execute/dir_23886/jobreport.txt *****
WNHostName=compute-22-12.tier2
MonitorJobID=10_https://submit-4.t2.ucsd.edu//140801//331280.9
SyncGridJobId=https://submit-4.t2.ucsd.edu//140801//331280.9
MonitorID=aelwood_140801_jJets_ngun_PU40bx25_1c84ps
GridFlavour=OSG
SyncSite=T2_US_Caltech
SyncCE=itb-ce.ultralight.org/jobmanager-condor
***** End Cat jobreport *****
Parameters sent to Dashboard.
>>> setup environment
set SCRAM ARCH to slc6_amd64_gcc481
SCRAM_ARCH = slc6_amd64_gcc481
>>> Created working directory: /wntmp/condor/compute-22-12/execute/dir_27742/glide_fy0mOn/execute/dir_23886/cms_F4tXxsBi8cH1
Change to working directory: /wntmp/condor/compute-22-12/execute/dir_27742/glide_fy0mOn/execute/dir_23886/cms_F4tXxsBi8cH1
>>> current directory (WORKING_DIR): /wntmp/condor/compute-22-12/execute/dir_27742/glide_fy0mOn/execute/dir_23886/cms_F4tXxsBi8cH1
>>> setup CMS OSG environment:
set SCRAM ARCH to slc6_amd64_gcc481
SCRAM_ARCH = slc6_amd64_gcc481
OSG_APP is /raid1/osg-app
sourcing /raid1/osg-app/cmssoft/cms/cmsset_default.sh ...
==> setup cms environment ok
SCRAM_ARCH = slc6_amd64_gcc481
>>> specific cmssw setup environment:
CMSSW_VERSION =  CMSSW_7_1_0_pre8
>>> current directory (SOFTWARE_DIR): /wntmp/condor/compute-22-12/execute/dir_27742/glide_fy0mOn/execute/dir_23886/cms_F4tXxsBi8cH1/CMSSW_7_1_0_pre8
PreserveSeeds: <>
IncrementSeeds:<>
>>> info for dashboard:
***** Cat /wntmp/condor/compute-22-12/execute/dir_27742/glide_fy0mOn/execute/dir_23886/jobreport.txt *****
MonitorJobID=10_https://submit-4.t2.ucsd.edu//140801//331280.9
MonitorID=aelwood_140801_jJets_ngun_PU40bx25_1c84ps
***** End Cat jobreport *****
Parameters sent to Dashboard.
crabWatchdog started as process 24685
>>> moving CMSSW software directories in /wntmp/condor/compute-22-12/execute/dir_27742/glide_fy0mOn/execute/dir_23886/cms_F4tXxsBi8cH1/CMSSW_7_1_0_pre8
mv: cannot stat `/wntmp/condor/compute-22-12/execute/dir_27742/glide_fy0mOn/execute/dir_23886/module/': No such file or directory
>>> Include /wntmp/condor/compute-22-12/execute/dir_27742/glide_fy0mOn/execute/dir_23886 in PYTHONPATH:
PYTHONPATH=/wntmp/condor/compute-22-12/execute/dir_27742/glide_fy0mOn/execute/dir_23886/:/wntmp/condor/compute-22-12/execute/dir_27742/glide_fy0mOn/execute/dir_23886/cms_F4tXxsBi8cH1/CMSSW_7_1_0_pre8/python:/wntmp/condor/compute-22-12/execute/dir_27742/glide_fy0mOn/execute/dir_23886/cms_F4tXxsBi8cH1/CMSSW_7_1_0_pre8/lib/slc6_amd64_gcc481:/cvmfs/cms.cern.ch/slc6_amd64_gcc481/cms/cmssw/CMSSW_7_1_0_pre8/python:/cvmfs/cms.cern.ch/slc6_amd64_gcc481/cms/cmssw/CMSSW_7_1_0_pre8/lib/slc6_amd64_gcc481:/cvmfs/cms.cern.ch/slc6_amd64_gcc481/cms/coral/CORAL_2_3_21-cms20/slc6_amd64_gcc481/python:/cvmfs/cms.cern.ch/slc6_amd64_gcc481/cms/coral/CORAL_2_3_21-cms20/slc6_amd64_gcc481/lib:/cvmfs/cms.cern.ch/slc6_amd64_gcc481/external/pyqt/4.8.1-cms/lib/python2.7/site-packages:/cvmfs/cms.cern.ch/slc6_amd64_gcc481/external/py2-scipy/0.8.0-cms/lib/python2.7/site-packages:/cvmfs/cms.cern.ch/slc6_amd64_gcc481/external/py2-matplotlib/1.2.1-cms/lib/python2.7/site-packages:/cvmfs/cms.cern.ch/slc6_amd64_gcc481/external/yoda/1.0.4/lib/python2.7/site-packages:/cvmfs/cms.cern.ch/slc6_amd64_gcc481/external/python-ldap/2.4.10-cms/lib/python2.7/site-packages:/cvmfs/cms.cern.ch/slc6_amd64_gcc481/external/sip/4.11.2-cms/lib/python2.7/site-packages:/cvmfs/cms.cern.ch/slc6_amd64_gcc481/external/llvm/3.4/lib/python2.7/site-packages:/cvmfs/cms.cern.ch/slc6_amd64_gcc481/external/py2-sqlalchemy/0.8.2-cms2/lib/python2.7/site-packages:/cvmfs/cms.cern.ch/slc6_amd64_gcc481/external/py2-pycurl/7.19.0-cms/lib/python2.7/site-packages:/cvmfs/cms.cern.ch/slc6_amd64_gcc481/external/py2-python-dateutil/1.1-cms/lib/python2.7/site-packages:/cvmfs/cms.cern.ch/slc6_amd64_gcc481/external/py2-numpy/1.6.1-cms/lib/python2.7/site-packages:/cvmfs/cms.cern.ch/slc6_amd64_gcc481/external/py2-lint/0.25.1-cms/lib/python2.7/site-packages:/cvmfs/cms.cern.ch/slc6_amd64_gcc481/external/py2-ipython/0.10-cms/lib/python2.7/site-packages:/cvmfs/cms.cern.ch/slc6_amd64_gcc481/external/py2-cx-oracle/5.1-cms2/lib/python2.7/site-packages:/cvmfs/cms.cern.ch/slc6_amd64_gcc481/external/py2-cjson/1.0.5-cms/lib/python2.7/site-packages:/cvmfs/cms.cern.ch/slc6_amd64_gcc481/external/frontier_client/2.8.10/python/lib:/cvmfs/cms.cern.ch/slc6_amd64_gcc481/cms/das-client/2.5.0/bin:/cvmfs/cms.cern.ch/slc6_amd64_gcc481/external/cython/0.19.1/lib/python2.7/site-packages:/cvmfs/cms.cern.ch/slc6_amd64_gcc481/external/rivet/1.8.2-cms4/lib/python2.7/site-packages:/cvmfs/cms.cern.ch/slc6_amd64_gcc481/external/pyminuit2/0.0.1-cms13/lib/python2.7/site-packages:/cvmfs/cms.cern.ch/slc6_amd64_gcc481/external/py2-pygithub/1.23.0/lib/python2.7/site-packages:/cvmfs/cms.cern.ch/slc6_amd64_gcc481/external/py2-networkx/1.8.1/lib/python2.7/site-packages:/cvmfs/cms.cern.ch/slc6_amd64_gcc481/external/professor/1.0.0-cms13/lib/python2.7/site-packages:/cvmfs/cms.cern.ch/slc6_amd64_gcc481/lcg/root/5.34.18/lib:/cvmfs/cms.cern.ch/slc6_amd64_gcc481/cms/dbs-client/DBS_2_1_9-cms/lib:/cvmfs/cms.cern.ch/slc6_amd64_gcc481/cms/dbs-client/DBS_2_1_9-cms/lib/DBSAPI:/cvmfs/cms.cern.ch/slc6_amd64_gcc481/external/cvs2git/5419-cms/lib:/wntmp/condor/compute-22-12/execute/dir_27742/glide_fy0mOn/execute/dir_23886/
 
# LIMITS USED BY CRAB WATCHDOG:
# RSS  (KBytes)   : 2300000
# VSZ  (KBytes)   : 100000000
# DISK (MBytes)   : 19000
# CPU TIME        : 720h:0m:0s
# WALL CLOCK TIME : 21h:50m:0s
 
951aa882d2ac167e3fe15038b4453880
PSETHASH = 951aa882d2ac167e3fe15038b4453880
/wntmp/condor/compute-22-12/execute/dir_27742/glide_fy0mOn/execute/dir_23886/writeCfg.py pset.py pset.py
Importing .py file
Setting parameters
RandomNumberGeneratorService found, will attempt to change seeds
inputBlocks=/Neutrino_Pt-2to20_gun/Fall13dr-tsg_PU40bx25_POSTLS162_V2-v1/GEN-SIM-RAW#09b9f490-7aa3-11e3-b1c2-003048f02d38
inputFiles=/store/mc/Fall13dr/Neutrino_Pt-2to20_gun/GEN-SIM-RAW/tsg_PU40bx25_POSTLS162_V2-v1/00002/46BA095D-CF7A-E311-B6FD-003048678B08.root;/store/mc/Fall13dr/Neutrino_Pt-2to20_gun/GEN-SIM-RAW/tsg_PU40bx25_POSTLS162_V2-v1/00002/4C48A01D-C67A-E311-A369-0025905964CC.root;/store/mc/Fall13dr/Neutrino_Pt-2to20_gun/GEN-SIM-RAW/tsg_PU40bx25_POSTLS162_V2-v1/00002/CAC13C29-BD7A-E311-9BBB-0025905A6088.root;/store/mc/Fall13dr/Neutrino_Pt-2to20_gun/GEN-SIM-RAW/tsg_PU40bx25_POSTLS162_V2-v1/00002/5059F0EA-0B7B-E311-A9E4-0025905A6084.root;/store/mc/Fall13dr/Neutrino_Pt-2to20_gun/GEN-SIM-RAW/tsg_PU40bx25_POSTLS162_V2-v1/00002/C03CC2AE-187B-E311-A8CB-0026189438A5.root;/store/mc/Fall13dr/Neutrino_Pt-2to20_gun/GEN-SIM-RAW/tsg_PU40bx25_POSTLS162_V2-v1/00002/76DB73D8-0B7B-E311-90D9-0025905A60E4.root
parentFiles=/store/mc/Fall13/Neutrino_Pt-2to20_gun/GEN-SIM/POSTLS162_V1-v4/10000/3228DBE4-AB68-E311-AFE5-0025904A91F6.root;/store/mc/Fall13/Neutrino_Pt-2to20_gun/GEN-SIM/POSTLS162_V1-v4/10000/08BDA2EE-AB68-E311-BD33-0025904AC2CA.root;/store/mc/Fall13/Neutrino_Pt-2to20_gun/GEN-SIM/POSTLS162_V1-v4/10000/7632CAE8-AB68-E311-AA1C-90B11C27EA38.root;/store/mc/Fall13/Neutrino_Pt-2to20_gun/GEN-SIM/POSTLS162_V1-v4/10000/A8397A0E-AC68-E311-BA4E-003048D374BC.root;/store/mc/Fall13/Neutrino_Pt-2to20_gun/GEN-SIM/POSTLS162_V1-v4/10000/F4012258-AB68-E311-8717-0025904AC2CA.root;/store/mc/Fall13/Neutrino_Pt-2to20_gun/GEN-SIM/POSTLS162_V1-v4/10000/1433FB5A-AB68-E311-9ADF-002590491AE4.root;/store/mc/Fall13/Neutrino_Pt-2to20_gun/GEN-SIM/POSTLS162_V1-v4/10000/8E0B195E-AB68-E311-A174-0025904AC2CA.root;/store/mc/Fall13/Neutrino_Pt-2to20_gun/GEN-SIM/POSTLS162_V1-v4/10000/0E75F3DF-AB68-E311-8BA9-003048F5B5F4.root;/store/mc/Fall13/Neutrino_Pt-2to20_gun/GEN-SIM/POSTLS162_V1-v4/10000/08BDA2EE-AB68-E311-BD33-0025904AC2CA.root;/store/mc/Fall13/Neutrino_Pt-2to20_gun/GEN-SIM/POSTLS162_V1-v4/10000/D88E20AB-AC68-E311-8CB4-0025901D08BE.root;/store/mc/Fall13/Neutrino_Pt-2to20_gun/GEN-SIM/POSTLS162_V1-v4/10000/F4012258-AB68-E311-8717-0025904AC2CA.root;/store/mc/Fall13/Neutrino_Pt-2to20_gun/GEN-SIM/POSTLS162_V1-v4/10000/1433FB5A-AB68-E311-9ADF-002590491AE4.root;/store/mc/Fall13/Neutrino_Pt-2to20_gun/GEN-SIM/POSTLS162_V1-v4/10000/8E0B195E-AB68-E311-A174-0025904AC2CA.root;/store/mc/Fall13/Neutrino_Pt-2to20_gun/GEN-SIM/POSTLS162_V1-v4/10000/0E75F3DF-AB68-E311-8BA9-003048F5B5F4.root;/store/mc/Fall13/Neutrino_Pt-2to20_gun/GEN-SIM/POSTLS162_V1-v4/10000/3228DBE4-AB68-E311-AFE5-0025904A91F6.root;/store/mc/Fall13/Neutrino_Pt-2to20_gun/GEN-SIM/POSTLS162_V1-v4/10000/08BDA2EE-AB68-E311-BD33-0025904AC2CA.root;/store/mc/Fall13/Neutrino_Pt-2to20_gun/GEN-SIM/POSTLS162_V1-v4/10000/7632CAE8-AB68-E311-AA1C-90B11C27EA38.root;/store/mc/Fall13/Neutrino_Pt-2to20_gun/GEN-SIM/POSTLS162_V1-v4/10000/0A8C8CED-AB68-E311-80BE-90B11C27F89E.root;/store/mc/Fall13/Neutrino_Pt-2to20_gun/GEN-SIM/POSTLS162_V1-v4/10000/0CD6C959-AC68-E311-8933-003048F5ADEA.root;/store/mc/Fall13/Neutrino_Pt-2to20_gun/GEN-SIM/POSTLS162_V1-v4/10000/32F7F53B-AC68-E311-AE43-003048F5B6A9.root;/store/mc/Fall13/Neutrino_Pt-2to20_gun/GEN-SIM/POSTLS162_V1-v4/10000/D88E20AB-AC68-E311-8CB4-0025901D08BE.root;/store/mc/Fall13/Neutrino_Pt-2to20_gun/GEN-SIM/POSTLS162_V1-v4/10000/70739AE1-AC68-E311-B2F9-003048F5B69A.root;/store/mc/Fall13/Neutrino_Pt-2to20_gun/GEN-SIM/POSTLS162_V1-v4/10000/F4012258-AB68-E311-8717-0025904AC2CA.root;/store/mc/Fall13/Neutrino_Pt-2to20_gun/GEN-SIM/POSTLS162_V1-v4/10000/40AEBFC1-AB68-E311-A9EA-90B11C2AA388.root;/store/mc/Fall13/Neutrino_Pt-2to20_gun/GEN-SIM/POSTLS162_V1-v4/10000/0A8C8CED-AB68-E311-80BE-90B11C27F89E.root;/store/mc/Fall13/Neutrino_Pt-2to20_gun/GEN-SIM/POSTLS162_V1-v4/10000/243B2096-AB68-E311-B873-90B11C1DBFB4.root;/store/mc/Fall13/Neutrino_Pt-2to20_gun/GEN-SIM/POSTLS162_V1-v4/10000/6E4C50BF-AB68-E311-87EE-90B11C1DBFB4.root;/store/mc/Fall13/Neutrino_Pt-2to20_gun/GEN-SIM/POSTLS162_V1-v4/10000/1421B2BF-AB68-E311-A258-90B11C1DBFB4.root;/store/mc/Fall13/Neutrino_Pt-2to20_gun/GEN-SIM/POSTLS162_V1-v4/10000/40AEBFC1-AB68-E311-A9EA-90B11C2AA388.root;/store/mc/Fall13/Neutrino_Pt-2to20_gun/GEN-SIM/POSTLS162_V1-v4/10000/E49353C7-AB68-E311-A298-003048F5ADEA.root;/store/mc/Fall13/Neutrino_Pt-2to20_gun/GEN-SIM/POSTLS162_V1-v4/10000/1421B2BF-AB68-E311-A258-90B11C1DBFB4.root;/store/mc/Fall13/Neutrino_Pt-2to20_gun/GEN-SIM/POSTLS162_V1-v4/10000/40AEBFC1-AB68-E311-A9EA-90B11C2AA388.root
lumisRange=
>>> Executable cmsRun
/cvmfs/cms.cern.ch/slc6_amd64_gcc481/cms/cmssw/CMSSW_7_1_0_pre8/bin/slc6_amd64_gcc481/cmsRun
ok executable found
>>> info for dashboard:
***** Cat /wntmp/condor/compute-22-12/execute/dir_27742/glide_fy0mOn/execute/dir_23886/jobreport.txt *****
MonitorJobID=10_https://submit-4.t2.ucsd.edu//140801//331280.9
MonitorID=aelwood_140801_jJets_ngun_PU40bx25_1c84ps
ExeStart=cmsRun
***** End Cat jobreport *****
Parameters sent to Dashboard.
>>> cmsRun started at Fri Aug  1 10:02:53 UTC 2014
>>> cmsRun ended at Fri Aug  1 12:54:27 UTC 2014
>>> crab_fjr_*.xml  permission set to 0704
>>> info for dashboard:
***** Cat /wntmp/condor/compute-22-12/execute/dir_27742/glide_fy0mOn/execute/dir_23886/jobreport.txt *****
MonitorJobID=10_https://submit-4.t2.ucsd.edu//140801//331280.9
MonitorID=aelwood_140801_jJets_ngun_PU40bx25_1c84ps
ExeEnd=cmsRun
***** End Cat jobreport *****
Parameters sent to Dashboard.
TIME_EXE = 10294 sec
>>> cmsRun wrote 57 lines of stdout+stderr
>>> START OF printout of 57 lines from stdout+stderr
==> using COND/Services/RelationalAuthenticationService for auth, sys 1
==> using COND/Services/RelationalAuthenticationService for auth, sys 1
01-Aug-2014 03:04:20 PDT  Initiating request to open file /mnt/hadoop/store/mc/Fall13dr/Neutrino_Pt-2to20_gun/GEN-SIM-RAW/tsg_PU40bx25_POSTLS162_V2-v1/00002/46BA095D-CF7A-E311-B6FD-003048678B08.root
01-Aug-2014 03:04:25 PDT  Successfully opened file /mnt/hadoop/store/mc/Fall13dr/Neutrino_Pt-2to20_gun/GEN-SIM-RAW/tsg_PU40bx25_POSTLS162_V2-v1/00002/46BA095D-CF7A-E311-B6FD-003048678B08.root
01-Aug-2014 03:04:28 PDT  Initiating request to open file /mnt/hadoop/store/mc/Fall13/Neutrino_Pt-2to20_gun/GEN-SIM/POSTLS162_V1-v4/10000/3228DBE4-AB68-E311-AFE5-0025904A91F6.root
01-Aug-2014 03:04:28 PDT  Fallback request to file root://cmsxrootd.fnal.gov//store/mc/Fall13/Neutrino_Pt-2to20_gun/GEN-SIM/POSTLS162_V1-v4/10000/3228DBE4-AB68-E311-AFE5-0025904A91F6.root
140801 03:04:31 25301 Xrd: CheckErrorStatus: Server [cmssrmdisk.fnal.gov:1095] declared: Request 3018 not supported(error code: 3013)
01-Aug-2014 03:04:31 PDT  Successfully opened file root://cmsxrootd.fnal.gov//store/mc/Fall13/Neutrino_Pt-2to20_gun/GEN-SIM/POSTLS162_V1-v4/10000/3228DBE4-AB68-E311-AFE5-0025904A91F6.root
01-Aug-2014 03:04:40 PDT  Closed file root://cmsxrootd.fnal.gov//store/mc/Fall13/Neutrino_Pt-2to20_gun/GEN-SIM/POSTLS162_V1-v4/10000/3228DBE4-AB68-E311-AFE5-0025904A91F6.root
Stage1Layer2Producer -- Running pp implementation


----------------------------------------
Begin: L1CaloTowerProducer
----------------------------------------

140801 03:09:59 26535 Xrd: XrdClientMessage::ReadRaw: Failed to read header (8 bytes).
140801 03:09:59 26540 Xrd: XrdClientMessage::ReadRaw: Failed to read header (8 bytes).
01-Aug-2014 03:11:41 PDT  Closed file /mnt/hadoop/store/mc/Fall13dr/Neutrino_Pt-2to20_gun/GEN-SIM-RAW/tsg_PU40bx25_POSTLS162_V2-v1/00002/46BA095D-CF7A-E311-B6FD-003048678B08.root
01-Aug-2014 03:11:41 PDT  Initiating request to open file /mnt/hadoop/store/mc/Fall13dr/Neutrino_Pt-2to20_gun/GEN-SIM-RAW/tsg_PU40bx25_POSTLS162_V2-v1/00002/4C48A01D-C67A-E311-A369-0025905964CC.root
01-Aug-2014 03:11:42 PDT  Successfully opened file /mnt/hadoop/store/mc/Fall13dr/Neutrino_Pt-2to20_gun/GEN-SIM-RAW/tsg_PU40bx25_POSTLS162_V2-v1/00002/4C48A01D-C67A-E311-A369-0025905964CC.root
140801 03:24:58 26531 Xrd: XrdClientMessage::ReadRaw: Failed to read header (8 bytes).
140801 03:24:58 26539 Xrd: XrdClientMessage::ReadRaw: Failed to read header (8 bytes).
140801 03:24:59 26529 Xrd: XrdClientMessage::ReadRaw: Failed to read header (8 bytes).
01-Aug-2014 04:32:59 PDT  Closed file /mnt/hadoop/store/mc/Fall13dr/Neutrino_Pt-2to20_gun/GEN-SIM-RAW/tsg_PU40bx25_POSTLS162_V2-v1/00002/4C48A01D-C67A-E311-A369-0025905964CC.root
01-Aug-2014 04:32:59 PDT  Initiating request to open file /mnt/hadoop/store/mc/Fall13dr/Neutrino_Pt-2to20_gun/GEN-SIM-RAW/tsg_PU40bx25_POSTLS162_V2-v1/00002/CAC13C29-BD7A-E311-9BBB-0025905A6088.root
01-Aug-2014 04:32:59 PDT  Successfully opened file /mnt/hadoop/store/mc/Fall13dr/Neutrino_Pt-2to20_gun/GEN-SIM-RAW/tsg_PU40bx25_POSTLS162_V2-v1/00002/CAC13C29-BD7A-E311-9BBB-0025905A6088.root
01-Aug-2014 04:41:19 PDT  Closed file /mnt/hadoop/store/mc/Fall13dr/Neutrino_Pt-2to20_gun/GEN-SIM-RAW/tsg_PU40bx25_POSTLS162_V2-v1/00002/CAC13C29-BD7A-E311-9BBB-0025905A6088.root
01-Aug-2014 04:41:19 PDT  Initiating request to open file /mnt/hadoop/store/mc/Fall13dr/Neutrino_Pt-2to20_gun/GEN-SIM-RAW/tsg_PU40bx25_POSTLS162_V2-v1/00002/5059F0EA-0B7B-E311-A9E4-0025905A6084.root
01-Aug-2014 04:41:19 PDT  Successfully opened file /mnt/hadoop/store/mc/Fall13dr/Neutrino_Pt-2to20_gun/GEN-SIM-RAW/tsg_PU40bx25_POSTLS162_V2-v1/00002/5059F0EA-0B7B-E311-A9E4-0025905A6084.root
01-Aug-2014 04:49:52 PDT  Closed file /mnt/hadoop/store/mc/Fall13dr/Neutrino_Pt-2to20_gun/GEN-SIM-RAW/tsg_PU40bx25_POSTLS162_V2-v1/00002/5059F0EA-0B7B-E311-A9E4-0025905A6084.root
01-Aug-2014 04:49:52 PDT  Initiating request to open file /mnt/hadoop/store/mc/Fall13dr/Neutrino_Pt-2to20_gun/GEN-SIM-RAW/tsg_PU40bx25_POSTLS162_V2-v1/00002/C03CC2AE-187B-E311-A8CB-0026189438A5.root
01-Aug-2014 04:49:52 PDT  Successfully opened file /mnt/hadoop/store/mc/Fall13dr/Neutrino_Pt-2to20_gun/GEN-SIM-RAW/tsg_PU40bx25_POSTLS162_V2-v1/00002/C03CC2AE-187B-E311-A8CB-0026189438A5.root
01-Aug-2014 05:31:48 PDT  Closed file /mnt/hadoop/store/mc/Fall13dr/Neutrino_Pt-2to20_gun/GEN-SIM-RAW/tsg_PU40bx25_POSTLS162_V2-v1/00002/C03CC2AE-187B-E311-A8CB-0026189438A5.root
01-Aug-2014 05:31:48 PDT  Initiating request to open file /mnt/hadoop/store/mc/Fall13dr/Neutrino_Pt-2to20_gun/GEN-SIM-RAW/tsg_PU40bx25_POSTLS162_V2-v1/00002/76DB73D8-0B7B-E311-90D9-0025905A60E4.root
01-Aug-2014 05:31:49 PDT  Successfully opened file /mnt/hadoop/store/mc/Fall13dr/Neutrino_Pt-2to20_gun/GEN-SIM-RAW/tsg_PU40bx25_POSTLS162_V2-v1/00002/76DB73D8-0B7B-E311-90D9-0025905A60E4.root
01-Aug-2014 05:54:23 PDT  Closed file /mnt/hadoop/store/mc/Fall13dr/Neutrino_Pt-2to20_gun/GEN-SIM-RAW/tsg_PU40bx25_POSTLS162_V2-v1/00002/76DB73D8-0B7B-E311-90D9-0025905A60E4.root

=============================================

MessageLogger Summary

 type     category        sev    module        subroutine        count    total
 ---- -------------------- -- ---------------- ----------------  -----    -----
    1 fileAction           -s AfterFile                              4        4
    2 fileAction           -s file_close                             6        6
    3 fileAction           -s file_open                             12       12

 type    category    Examples: run/evt        run/evt          run/evt
 ---- -------------------- ---------------- ---------------- ----------------
    1 fileAction           pre-events       pre-events       pre-events
    2 fileAction           PostProcessEvent PostProcessEvent PostEndRun
    3 fileAction           pre-events       pre-events       PostProcessEvent

Severity    # Occurrences   Total Occurrences
--------    -------------   -----------------
System                 22                  22
>>> END OF printout of 57 lines from stdout+stderr
>>> Parse FrameworkJobReport crab_fjr.xml
Result of parsing the FrameworkJobReport crab_fjr.xml: 
Extracted ExitStatus from FrameworkJobReport parsing output: 0
>>> Executable succeded  0
ExeExitCode=0
EXECUTABLE_EXIT_STATUS = 0
>>> current directory /wntmp/condor/compute-22-12/execute/dir_27742/glide_fy0mOn/execute/dir_23886/cms_F4tXxsBi8cH1/CMSSW_7_1_0_pre8
>>>  (SOFTWARE_DIR): /wntmp/condor/compute-22-12/execute/dir_27742/glide_fy0mOn/execute/dir_23886/cms_F4tXxsBi8cH1/CMSSW_7_1_0_pre8
>>> (WORKING_DIR): /wntmp/condor/compute-22-12/execute/dir_27742/glide_fy0mOn/execute/dir_23886/cms_F4tXxsBi8cH1
>>> current directory content:
total 468368
drwxr-xr-x. 3 uscms4354 cms      4096 Aug  1 03:01 .SCRAM
-rw-------. 1 uscms4354 cms    916533 Aug  1 03:01 CMSSW.py.pkl
-rw-------. 1 uscms4354 cms 477681564 Aug  1 05:54 L1SkimRun.root
drwxr-xr-x. 3 uscms4354 cms      4096 Aug  1 03:01 bin
drwxr-xr-x. 3 uscms4354 cms      4096 Aug  1 03:01 cfipython
drwxr-xr-x. 4 uscms4354 cms      4096 Aug  1 03:01 config
-rw-------. 1 uscms4354 cms        18 Aug  1 05:54 cpu_timing.txt
drwxr-xr-x. 2 uscms4354 cms      4096 Aug  1 03:01 doc
-rw-------. 1 uscms4354 cms      6008 Aug  1 05:54 executable.out
drwxr-xr-x. 2 uscms4354 cms      4096 Aug  1 03:01 include
drwx------. 3 uscms4354 cms      4096 Aug  1 00:37 lib
drwxr-xr-x. 3 uscms4354 cms      4096 Aug  1 03:01 logs
drwxr-xr-x. 3 uscms4354 cms      4096 Aug  1 03:01 objs
-rw-------. 1 uscms4354 cms       104 Aug  1 03:02 pset.py
-rw-------. 1 uscms4354 cms    922981 Aug  1 03:02 pset.py.pkl
-rw-------. 1 uscms4354 cms       289 Aug  1 03:02 pset.pyc
drwxr-xr-x. 2 uscms4354 cms      4096 Aug  1 03:01 python
-rw-------. 1 uscms4354 cms       416 Aug  1 05:54 report.log
drwx------. 5 uscms4354 cms      4096 Aug  1 03:01 src
drwxr-xr-x. 3 uscms4354 cms      4096 Aug  1 03:01 test
drwxr-xr-x. 3 uscms4354 cms      4096 Aug  1 03:01 tmp
>>> current directory /wntmp/condor/compute-22-12/execute/dir_27742/glide_fy0mOn/execute/dir_23886/cms_F4tXxsBi8cH1/CMSSW_7_1_0_pre8
>>> (SOFTWARE_DIR): /wntmp/condor/compute-22-12/execute/dir_27742/glide_fy0mOn/execute/dir_23886/cms_F4tXxsBi8cH1/CMSSW_7_1_0_pre8
>>> (WORKING_DIR): /wntmp/condor/compute-22-12/execute/dir_27742/glide_fy0mOn/execute/dir_23886/cms_F4tXxsBi8cH1
>>> current directory content:
total 468368
drwxr-xr-x. 3 uscms4354 cms      4096 Aug  1 03:01 .SCRAM
-rw-------. 1 uscms4354 cms    916533 Aug  1 03:01 CMSSW.py.pkl
-rw-------. 1 uscms4354 cms 477681564 Aug  1 05:54 L1SkimRun_10_1_hGf.root
drwxr-xr-x. 3 uscms4354 cms      4096 Aug  1 03:01 bin
drwxr-xr-x. 3 uscms4354 cms      4096 Aug  1 03:01 cfipython
drwxr-xr-x. 4 uscms4354 cms      4096 Aug  1 03:01 config
-rw-------. 1 uscms4354 cms        18 Aug  1 05:54 cpu_timing.txt
drwxr-xr-x. 2 uscms4354 cms      4096 Aug  1 03:01 doc
-rw-------. 1 uscms4354 cms      6008 Aug  1 05:54 executable.out
drwxr-xr-x. 2 uscms4354 cms      4096 Aug  1 03:01 include
drwx------. 3 uscms4354 cms      4096 Aug  1 00:37 lib
drwxr-xr-x. 3 uscms4354 cms      4096 Aug  1 03:01 logs
drwxr-xr-x. 3 uscms4354 cms      4096 Aug  1 03:01 objs
-rw-------. 1 uscms4354 cms       104 Aug  1 03:02 pset.py
-rw-------. 1 uscms4354 cms    922981 Aug  1 03:02 pset.py.pkl
-rw-------. 1 uscms4354 cms       289 Aug  1 03:02 pset.pyc
drwxr-xr-x. 2 uscms4354 cms      4096 Aug  1 03:01 python
-rw-------. 1 uscms4354 cms       416 Aug  1 05:54 report.log
drwx------. 5 uscms4354 cms      4096 Aug  1 03:01 src
drwxr-xr-x. 3 uscms4354 cms      4096 Aug  1 03:01 test
drwxr-xr-x. 3 uscms4354 cms      4096 Aug  1 03:01 tmp
>>> current directory (RUNTIME_AREA):  /wntmp/condor/compute-22-12/execute/dir_27742/glide_fy0mOn/execute/dir_23886
SE = srm-eoscms.cern.ch
SE_PATH = /srm/v2/server?SFN=/eos/cms/store/user/aelwood/140801_jJets_ngun_PU40bx25/
LFNBaseName = /store/user/aelwood/140801_jJets_ngun_PU40bx25/
USER = aelwood
endpoint = srm://srm-eoscms.cern.ch:8443/srm/v2/server?SFN=/eos/cms/store/user/aelwood/140801_jJets_ngun_PU40bx25/
>>> Copy output files from WN = compute-22-12.tier2 to /srm/v2/server?SFN=/eos/cms/store/user/aelwood/140801_jJets_ngun_PU40bx25/ :
python cmscp.py  --destination srm://srm-eoscms.cern.ch:8443/srm/v2/server?SFN=/eos/cms/store/user/aelwood/140801_jJets_ngun_PU40bx25/ --inputFileList /wntmp/condor/compute-22-12/execute/dir_27742/glide_fy0mOn/execute/dir_23886/cms_F4tXxsBi8cH1/CMSSW_7_1_0_pre8/L1SkimRun_10_1_hGf.root --middleware OSG --se_name srm-eoscms.cern.ch --for_lfn /store/user/aelwood/140801_jJets_ngun_PU40bx25/    
******************************************************
localSeName  =  cit-se.ultralight.org
remoteSeName =  srm-eoscms.cern.ch
******************************************************
{"/wntmp/condor/compute-22-12/execute/dir_27742/glide_fy0mOn/execute/dir_23886/cms_F4tXxsBi8cH1/CMSSW_7_1_0_pre8/L1SkimRun_10_1_hGf.root": {"endpoint": "srm://srm-eoscms.cern.ch:8443/srm/v2/server?SFN=/eos/cms/store/user/aelwood/140801_jJets_ngun_PU40bx25/", "surl_for_grid": "", "reason": "ERROR: problems checking if file /wntmp/condor/compute-22-12/execute/dir_27742/glide_fy0mOn/execute/dir_23886/cms_F4tXxsBi8cH1/CMSSW_7_1_0_pre8/L1SkimRun_10_1_hGf.root already exist'Error checking [L1SkimRun_10_1_hGf.root]'", "erCode": "60307", "se_name": "srm-eoscms.cern.ch", "for_lfn": "/copy_problem/"}}/wntmp/condor/compute-22-12/execute/dir_27742/glide_fy0mOn/execute/dir_23886
-------- cat /wntmp/condor/compute-22-12/execute/dir_27742/glide_fy0mOn/execute/dir_23886/cmscpReport.sh 
#!/bin/bash
echo "Report for File: /wntmp/condor/compute-22-12/execute/dir_27742/glide_fy0mOn/execute/dir_23886/cms_F4tXxsBi8cH1/CMSSW_7_1_0_pre8/L1SkimRun_10_1_hGf.root"
echo "LFN: /copy_problem/L1SkimRun_10_1_hGf.root"
echo "StorageElement: srm-eoscms.cern.ch"
echo "StageOutExitStatusReason = 'ERROR: problems checking if file /wntmp/condor/compute-22-12/execute/dir_27742/glide_fy0mOn/execute/dir_23886/cms_F4tXxsBi8cH1/CMSSW_7_1_0_pre8/L1SkimRun_10_1_hGf.root already exist Error checking [L1SkimRun_10_1_hGf.root] '" | tee -a $RUNTIME_AREA/$repo
echo "StageOutSE = srm-eoscms.cern.ch" >> $RUNTIME_AREA/$repo

export StageOutExitStatus=60307
echo "StageOutExitStatus = 60307" | tee -a $RUNTIME_AREA/$repo
-------- end of /wntmp/condor/compute-22-12/execute/dir_27742/glide_fy0mOn/execute/dir_23886/cmscpReport.sh 
Report for File: /wntmp/condor/compute-22-12/execute/dir_27742/glide_fy0mOn/execute/dir_23886/cms_F4tXxsBi8cH1/CMSSW_7_1_0_pre8/L1SkimRun_10_1_hGf.root
LFN: /copy_problem/L1SkimRun_10_1_hGf.root
StorageElement: srm-eoscms.cern.ch
StageOutExitStatusReason = 'ERROR: problems checking if file /wntmp/condor/compute-22-12/execute/dir_27742/glide_fy0mOn/execute/dir_23886/cms_F4tXxsBi8cH1/CMSSW_7_1_0_pre8/L1SkimRun_10_1_hGf.root already exist Error checking [L1SkimRun_10_1_hGf.root] '
StageOutExitStatus = 60307
Problem copying file to srm-eoscms.cern.ch /srm/v2/server?SFN=/eos/cms/store/user/aelwood/140801_jJets_ngun_PU40bx25/
########## contents of SE interaction
2014-08-01 05:54:53.313748:
Executed:	unset LD_LIBRARY_PATH; unset GLITE_ENV_SET; export PATH=/usr/bin:/bin; source /etc/profile; source /wntmp/condor/compute-22-12/execute/dir_27742/glide_fy0mOn/execute/dir_23886/CacheEnv.sh ; lcg-ls -b -D srmv2 --srm-timeout 2400 --sendreceive-timeout 2400 --connect-timeout 300 --verbose srm://srm-eoscms.cern.ch:8443/srm/v2/server?SFN=/eos/cms/store/user/aelwood/140801_jJets_ngun_PU40bx25/L1SkimRun_10_1_hGf.root
Done with exit code:	1
and output:
SE type: SRMv2
[SE][Ls][] httpg://srm-eoscms.cern.ch:8443/srm/v2/server: CGSI-gSOAP running on compute-22-12.tier2 reports Error initializing context
GSS Major Status: Authentication Failed

GSS Minor Status Error Chain:
globus_gsi_gssapi: SSLv3 handshake problems
OpenSSL Error: s3_clnt.c:1168: in library: SSL routines, function SSL3_GET_SERVER_CERTIFICATE: certificate verify failed
globus_gsi_callback_module: Could not verify credential
globus_gsi_callback_module: Can't get the local trusted CA certificate: Cannot find trusted CA certificate with hash 5168735f in /etc/grid-security/certificates/



#####################################
>>> current dir: /wntmp/condor/compute-22-12/execute/dir_27742/glide_fy0mOn/execute/dir_23886
>>> current dir content:
total 15120
-rw-------. 1 uscms4354 cms     1094 Aug  1 05:54 .SEinteraction.log
-rwx------. 1 uscms4354 cms     6629 Aug  1 03:01 .job.ad
-rwx------. 1 uscms4354 cms     9431 Aug  1 03:01 .machine.ad
-rw-------. 1 uscms4354 cms      105 Aug  1 02:57 CMSSW.py
-rw-------. 1 uscms4354 cms   916533 Aug  1 02:57 CMSSW.py.pkl
-rwx------. 1 uscms4354 cms    28576 Aug  1 03:01 CMSSW.sh
-rw-------. 1 uscms4354 cms      183 Aug  1 03:01 CacheEnv.sh
-rw-------. 1 uscms4354 cms     7291 Jul 12 08:18 DashboardAPI.py
-rw-------. 1 uscms4354 cms     6770 Aug  1 03:02 DashboardAPI.pyc
drwx------. 2 uscms4354 cms     4096 Aug  1 05:54 IMProv
lrwxrwxrwx. 1 uscms4354 cms      134 Aug  1 05:54 L1SkimRun.root -> /wntmp/condor/compute-22-12/execute/dir_27742/glide_fy0mOn/execute/dir_23886/cms_F4tXxsBi8cH1/CMSSW_7_1_0_pre8/L1SkimRun_10_1_hGf.root
-rw-------. 1 uscms4354 cms     2748 Jul 12 08:18 Logger.py
-rw-------. 1 uscms4354 cms     3332 Aug  1 03:02 Logger.pyc
-rw-------. 1 uscms4354 cms    24524 Jul 12 08:18 ProcInfo.py
-rw-------. 1 uscms4354 cms    23125 Aug  1 03:02 ProcInfo.pyc
drwx------. 7 uscms4354 cms     4096 Aug  1 03:02 ProdCommon
drwx------. 3 uscms4354 cms     4096 Aug  1 03:01 WMCore
-rw-------. 1 uscms4354 cms     9343 Aug  1 05:55 Watchdog_10.log
-rwx------. 1 uscms4354 cms        0 Aug  1 03:01 _condor_stderr
-rwx---r--. 1 uscms4354 cms    27902 Aug  1 05:59 _condor_stdout
-rw-------. 1 uscms4354 cms    32895 Jul 12 08:18 apmon.py
-rw-------. 1 uscms4354 cms    28538 Aug  1 03:02 apmon.pyc
-rwx------. 1 uscms4354 cms   240046 Aug  1 03:01 arguments.xml
drwx------. 3 uscms4354 cms     4096 Aug  1 03:01 cms_F4tXxsBi8cH1
-rwx------. 1 uscms4354 cms    38524 Jul 12 08:18 cmscp.py
-rw-------. 1 uscms4354 cms      710 Aug  1 05:59 cmscpReport.sh
-rwx------. 1 uscms4354 cms    28576 Aug  1 03:01 condor_exec.exe
-rw-------. 1 uscms4354 cms      759 Aug  1 02:56 crab.cfg
-rwx------. 1 uscms4354 cms     8610 Jul 12 08:18 crabWatchdog.sh
-rwx---r--. 1 uscms4354 cms    70906 Aug  1 05:54 crab_fjr_10.xml
-rwx------. 1 uscms4354 cms 13818897 Aug  1 03:01 default.tgz
-rwx------. 1 uscms4354 cms     4488 Jul 12 08:18 fillCrabFjr.py
-rw-------. 1 uscms4354 cms     4489 Aug  1 03:02 inputsReport.txt
-rw-------. 1 uscms4354 cms      455 Aug  1 05:59 jobreport.txt
-rw-------. 1 uscms4354 cms    17352 Jul 12 08:18 parseCrabFjr.py
-rw-------. 1 uscms4354 cms      332 Aug  1 03:01 report.log
-rwx--x--x. 1 uscms4354 cms     1497 Jul 12 08:18 report.py
-rw-------. 1 uscms4354 cms      598 Aug  1 05:59 resultCopyFile
-rwx------. 1 uscms4354 cms     8351 Jul 12 08:18 writeCfg.py
-rw-------. 1 uscms4354 cms     8087 Aug  1 05:21 x509up_u41660
>>> Modify Job Report:
CMSSW_VERSION = CMSSW_7_1_0_pre8
/wntmp/condor/compute-22-12/execute/dir_27742/glide_fy0mOn/execute/dir_23886/ProdCommon/FwkJobRep/ModifyJobReport.py fjr /wntmp/condor/compute-22-12/execute/dir_27742/glide_fy0mOn/execute/dir_23886/crab_fjr_10.xml json /wntmp/condor/compute-22-12/execute/dir_27742/glide_fy0mOn/execute/dir_23886/resultCopyFile n_job 10_1_hGf PrimaryDataset Neutrino_Pt-2to20_gun  ApplicationFamily cmsRun ApplicationName cmsRun cmssw_version CMSSW_7_1_0_pre8 psethash 951aa882d2ac167e3fe15038b4453880
inputDict =  {u'/wntmp/condor/compute-22-12/execute/dir_27742/glide_fy0mOn/execute/dir_23886/cms_F4tXxsBi8cH1/CMSSW_7_1_0_pre8/L1SkimRun_10_1_hGf.root': {u'endpoint': u'srm://srm-eoscms.cern.ch:8443/srm/v2/server?SFN=/eos/cms/store/user/aelwood/140801_jJets_ngun_PU40bx25/', u'surl_for_grid': u'', u'reason': u"ERROR: problems checking if file /wntmp/condor/compute-22-12/execute/dir_27742/glide_fy0mOn/execute/dir_23886/cms_F4tXxsBi8cH1/CMSSW_7_1_0_pre8/L1SkimRun_10_1_hGf.root already exist'Error checking [L1SkimRun_10_1_hGf.root]'", u'erCode': u'60307', u'se_name': u'srm-eoscms.cern.ch', u'for_lfn': u'/copy_problem/'}}
UserProcessedDataset =  
file_name in inputDict =  /wntmp/condor/compute-22-12/execute/dir_27742/glide_fy0mOn/execute/dir_23886/cms_F4tXxsBi8cH1/CMSSW_7_1_0_pre8/L1SkimRun_10_1_hGf.root
(size) os.stat(filename)[6] =  477681564
checksum =  3504575824
    file =  L1SkimRun_10_1_hGf.root
    newPfn =  srm://srm-eoscms.cern.ch:8443/srm/v2/server?SFN=/eos/cms/store/user/aelwood/140801_jJets_ngun_PU40bx25/L1SkimRun_10_1_hGf.root
    newLfn =  /copy_problem/L1SkimRun_10_1_hGf.root
>>> crab_fjr_*.xml  permission set to 0704
CrabWrapper EXIT_FUNC entered at Fri Aug  1 05:59:36 PDT 2014   -  Fri Aug  1 12:59:36 UTC 2014
Checking output files:  
will tar file crab_fjr_10.xml in  out_files_10
WARNING: output file CMSSW_10.stdout not found!
WARNING: output file CMSSW_10.stderr not found!
WARNING: output file Watchdog_10.log.gz not found!
>>> working dir = /wntmp/condor/compute-22-12/execute/dir_27742/glide_fy0mOn/execute/dir_23886/cms_F4tXxsBi8cH1
>>> current directory (RUNTIME_AREA): /wntmp/condor/compute-22-12/execute/dir_27742/glide_fy0mOn/execute/dir_23886
>>> Remove working directory: /wntmp/condor/compute-22-12/execute/dir_27742/glide_fy0mOn/execute/dir_23886/cms_F4tXxsBi8cH1
/wntmp/condor/compute-22-12/execute/dir_27742/glide_fy0mOn/execute/dir_23886/condor_exec.exe: line 140: symlinks: command not found
>>> padding time: Wrapper lasting more than 600 seconds. No sleep required.
STOPPING WATCHDOG. CrabWatchdog PID is 24685
********** LAST 50 LINES OF WATCHDOG LOG
 Aug 01 04:44:53 PDT	---	627196	985456	353	----	----	----
 Aug 01 04:45:55 PDT	---	627196	985456	364	----	----	----
 Aug 01 04:46:56 PDT	---	627196	985456	375	----	----	----
 Aug 01 04:47:58 PDT	---	627196	985456	384	----	----	----
 Aug 01 04:48:59 PDT	---	627196	985456	392	----	----	----
 Aug 01 04:50:01 PDT	---	627196	985456	401	----	----	----
 Aug 01 04:51:02 PDT	---	627196	985456	410	----	----	----
 Aug 01 04:52:03 PDT	---	627196	985456	419	----	----	----
 Aug 01 04:53:05 PDT	---	627196	985456	427	----	----	----
 Aug 01 04:59:12 PDT	---	627196	985456	428	----	----	----
# TIME			PID	RSS(KB)	VSZ(KB)	Dsk(MB)	tCPU(s)	tWALL(s)	COMMAND
# TIME			PID	RSS(KB)	VSZ(KB)	Dsk(MB)	tCPU(s)	tWALL(s)	COMMAND
# TIME			PID	RSS(KB)	VSZ(KB)	Dsk(MB)	tCPU(s)	tWALL(s)	COMMAND
# TIME			PID	RSS(KB)	VSZ(KB)	Dsk(MB)	tCPU(s)	tWALL(s)	COMMAND
# TIME			PID	RSS(KB)	VSZ(KB)	Dsk(MB)	tCPU(s)	tWALL(s)	COMMAND
# TIME			PID	RSS(KB)	VSZ(KB)	Dsk(MB)	tCPU(s)	tWALL(s)	COMMAND
# TIME			PID	RSS(KB)	VSZ(KB)	Dsk(MB)	tCPU(s)	tWALL(s)	COMMAND
# TIME			PID	RSS(KB)	VSZ(KB)	Dsk(MB)	tCPU(s)	tWALL(s)	COMMAND
# TIME			PID	RSS(KB)	VSZ(KB)	Dsk(MB)	tCPU(s)	tWALL(s)	COMMAND
# TIME			PID	RSS(KB)	VSZ(KB)	Dsk(MB)	tCPU(s)	tWALL(s)	COMMAND
# TIME			PID	RSS(KB)	VSZ(KB)	Dsk(MB)	tCPU(s)	tWALL(s)	COMMAND
# TIME			PID	RSS(KB)	VSZ(KB)	Dsk(MB)	tCPU(s)	tWALL(s)	COMMAND
# TIME			PID	RSS(KB)	VSZ(KB)	Dsk(MB)	tCPU(s)	tWALL(s)	COMMAND
# TIME			PID	RSS(KB)	VSZ(KB)	Dsk(MB)	tCPU(s)	tWALL(s)	COMMAND
# TIME			PID	RSS(KB)	VSZ(KB)	Dsk(MB)	tCPU(s)	tWALL(s)	COMMAND
# TIME			PID	RSS(KB)	VSZ(KB)	Dsk(MB)	tCPU(s)	tWALL(s)	COMMAND
# TIME			PID	RSS(KB)	VSZ(KB)	Dsk(MB)	tCPU(s)	tWALL(s)	COMMAND
# TIME			PID	RSS(KB)	VSZ(KB)	Dsk(MB)	tCPU(s)	tWALL(s)	COMMAND
# TIME			PID	RSS(KB)	VSZ(KB)	Dsk(MB)	tCPU(s)	tWALL(s)	COMMAND
# TIME			PID	RSS(KB)	VSZ(KB)	Dsk(MB)	tCPU(s)	tWALL(s)	COMMAND
# TIME			PID	RSS(KB)	VSZ(KB)	Dsk(MB)	tCPU(s)	tWALL(s)	COMMAND
# TIME			PID	RSS(KB)	VSZ(KB)	Dsk(MB)	tCPU(s)	tWALL(s)	COMMAND
# TIME			PID	RSS(KB)	VSZ(KB)	Dsk(MB)	tCPU(s)	tWALL(s)	COMMAND
# TIME			PID	RSS(KB)	VSZ(KB)	Dsk(MB)	tCPU(s)	tWALL(s)	COMMAND
# TIME			PID	RSS(KB)	VSZ(KB)	Dsk(MB)	tCPU(s)	tWALL(s)	COMMAND
# TIME			PID	RSS(KB)	VSZ(KB)	Dsk(MB)	tCPU(s)	tWALL(s)	COMMAND
 Aug 01 05:25:45 PDT	---	627196	985456	431	----	----	----
 Aug 01 05:26:47 PDT	---	627196	985456	436	----	----	----
 Aug 01 05:27:48 PDT	---	627196	985456	442	----	----	----
 Aug 01 05:28:50 PDT	---	627196	985456	454	----	----	----
 Aug 01 05:29:51 PDT	---	627196	985456	465	----	----	----
 Aug 01 05:30:52 PDT	---	627196	985456	477	----	----	----
 Aug 01 05:31:53 PDT	---	627196	985456	489	----	----	----
 Aug 01 05:32:55 PDT	---	627196	985456	499	----	----	----
 Aug 01 05:33:56 PDT	---	627196	985456	509	----	----	----
 Aug 01 05:34:58 PDT	---	627196	985456	520	----	----	----
 Aug 01 05:35:59 PDT	---	627196	985456	531	----	----	----
 Aug 01 05:37:00 PDT	---	627196	985456	540	----	----	----
 Aug 01 05:54:21 PDT	---	627196	985456	542	----	----	----
 Aug 01 05:55:22 PDT	---	627196	985456	544	----	----	----
********** WATCHDOG LOG ENDED
ZIPPING WATCHDOG LOG
Disk space used:
du -sh /wntmp/condor/compute-22-12/execute/dir_27742/glide_fy0mOn/execute/dir_23886
17M	/wntmp/condor/compute-22-12/execute/dir_27742/glide_fy0mOn/execute/dir_23886
Found unusual stdout, rename for OSB
`/wntmp/condor/compute-22-12/execute/dir_27742/glide_fy0mOn/execute/dir_23886/_condor_stdout' -> `CMSSW_10.stdout'
Found unusual stderr, rename for OSB
`/wntmp/condor/compute-22-12/execute/dir_27742/glide_fy0mOn/execute/dir_23886/_condor_stdout' -> `CMSSW_10.stderr'
crab_fjr_10.xml
CMSSW_10.stdout
CMSSW_10.stderr
Watchdog_10.log.gz
Total Output dimension: 21457
WARNING: output files size limit is set to: 50000000
Total Output dimension 21457 is fine.
JOB_EXIT_STATUS = 60307
>>> info for dashboard:
***** Cat /wntmp/condor/compute-22-12/execute/dir_27742/glide_fy0mOn/execute/dir_23886/jobreport.txt *****
MonitorJobID=10_https://submit-4.t2.ucsd.edu//140801//331280.9
MonitorID=aelwood_140801_jJets_ngun_PU40bx25_1c84ps
ExeTime=10294
ExeExitCode=0
StageOutExitStatusReason = 'ERROR: problems checking if file /wntmp/condor/compute-22-12/execute/dir_27742/glide_fy0mOn/execute/dir_23886/cms_F4tXxsBi8cH1/CMSSW_7_1_0_pre8/L1SkimRun_10_1_hGf.root already exist Error checking [L1SkimRun_10_1_hGf.root] '
StageOutSE = srm-eoscms.cern.ch
StageOutExitStatus = 60307
CrabUserCpuTime=2124.84
CrabSysCpuTime=23.65
CrabCpuPercentage=20%
CrabWrapperTime=10679
CrabStageoutTime=296
JobExitCode=60307
***** End Cat jobreport *****
Parameters sent to Dashboard.
EXITING at Fri Aug  1 05:59:38 PDT 2014  -  Fri Aug  1 12:59:38 UTC 2014
