This script was generated by crab (version 2.10.6).
Running /wntmp/condor/compute-14-29/execute/dir_7598/glide_jNMdPA/execute/dir_26225/condor_exec.exe with 2 positional parameters: 44 1
Today is Fri Aug  1 03:07:42 PDT 2014 - Fri Aug  1 10:07:42 UTC 2014
Job submitted on host compute-14-29.tier2
Linux compute-14-29.tier2 2.6.32-358.11.1.el6.x86_64 #1 SMP Wed Jun 12 03:34:52 UTC 2013 x86_64 x86_64 x86_64 GNU/Linux
>>> current directory (RUNTIME_AREA): /wntmp/condor/compute-14-29/execute/dir_7598/glide_jNMdPA/execute/dir_26225
>>> current user: uid=20804(uscms4354) gid=504(cms) groups=504(cms),65001(glexec65001) context=unconfined_u:system_r:condor_startd_t:s0
>>> directory permission set to 0700
>>> umask set to:  u=rwx,g=,o=
>>> stdout stderr permission set to 0704
>>> voms proxy information:
subject   : /C=UK/O=eScience/OU=Imperial/L=Physics/CN=adam elwood/CN=1171778048/CN=223805761
issuer    : /C=UK/O=eScience/OU=Imperial/L=Physics/CN=adam elwood/CN=1171778048
identity  : /C=UK/O=eScience/OU=Imperial/L=Physics/CN=adam elwood/CN=1171778048
type      : RFC compliant proxy
strength  : 1024 bits
path      : /wntmp/condor/compute-14-29/execute/dir_7598/glide_jNMdPA/execute/dir_26225/x509up_u41660
timeleft  : 23:58:59
key usage : Digital Signature, Key Encipherment, Key Agreement
=== VO cms extension information ===
VO        : cms
subject   : /C=UK/O=eScience/OU=Imperial/L=Physics/CN=adam elwood
issuer    : /DC=ch/DC=cern/OU=computers/CN=lcg-voms.cern.ch
attribute : /cms/Role=NULL/Capability=NULL
timeleft  : 191:45:34
uri       : lcg-voms.cern.ch:15002
WNHostName=compute-14-29.tier2
>>> tar --no-same-permissions -xf /wntmp/condor/compute-14-29/execute/dir_7598/glide_jNMdPA/execute/dir_26225/default.tgz :
Successful untar
>>> Include /wntmp/condor/compute-14-29/execute/dir_7598/glide_jNMdPA/execute/dir_26225 in PYTHONPATH:
strip arguments
env var CRAB_UNIQUE_JOB_ID set to: aelwood_140801_jJets_ngun_PU40bx25_1c84ps_44_1_Qg3
out_files_44
>>> list of expected files on output sandbox
output files: crab_fjr_44.xml CMSSW_44.stdout CMSSW_44.stderr Watchdog_44.log.gz
>>> GridFlavour discovery: 
source OSG GRID setup script
GridFlavour=OSG
>>> SyncSite discovery: 
SyncSite=T2_US_Caltech
>>> SyncCE discovery: 
getting SyncCE from OSG_JOB_CONTACT
SyncCE=itb-ce.ultralight.org/jobmanager-condor
>>> info for dashboard:
***** Cat /wntmp/condor/compute-14-29/execute/dir_7598/glide_jNMdPA/execute/dir_26225/jobreport.txt *****
WNHostName=compute-14-29.tier2
MonitorJobID=44_https://submit-4.t2.ucsd.edu//140801//331280.43
SyncGridJobId=https://submit-4.t2.ucsd.edu//140801//331280.43
MonitorID=aelwood_140801_jJets_ngun_PU40bx25_1c84ps
GridFlavour=OSG
SyncSite=T2_US_Caltech
SyncCE=itb-ce.ultralight.org/jobmanager-condor
***** End Cat jobreport *****
Parameters sent to Dashboard.
>>> setup environment
set SCRAM ARCH to slc6_amd64_gcc481
SCRAM_ARCH = slc6_amd64_gcc481
>>> Created working directory: /wntmp/condor/compute-14-29/execute/dir_7598/glide_jNMdPA/execute/dir_26225/cms_gEM4IfDCxS7j
Change to working directory: /wntmp/condor/compute-14-29/execute/dir_7598/glide_jNMdPA/execute/dir_26225/cms_gEM4IfDCxS7j
>>> current directory (WORKING_DIR): /wntmp/condor/compute-14-29/execute/dir_7598/glide_jNMdPA/execute/dir_26225/cms_gEM4IfDCxS7j
>>> setup CMS OSG environment:
set SCRAM ARCH to slc6_amd64_gcc481
SCRAM_ARCH = slc6_amd64_gcc481
OSG_APP is /raid1/osg-app
sourcing /raid1/osg-app/cmssoft/cms/cmsset_default.sh ...
==> setup cms environment ok
SCRAM_ARCH = slc6_amd64_gcc481
>>> specific cmssw setup environment:
CMSSW_VERSION =  CMSSW_7_1_0_pre8
>>> current directory (SOFTWARE_DIR): /wntmp/condor/compute-14-29/execute/dir_7598/glide_jNMdPA/execute/dir_26225/cms_gEM4IfDCxS7j/CMSSW_7_1_0_pre8
PreserveSeeds: <>
IncrementSeeds:<>
>>> info for dashboard:
***** Cat /wntmp/condor/compute-14-29/execute/dir_7598/glide_jNMdPA/execute/dir_26225/jobreport.txt *****
MonitorJobID=44_https://submit-4.t2.ucsd.edu//140801//331280.43
MonitorID=aelwood_140801_jJets_ngun_PU40bx25_1c84ps
***** End Cat jobreport *****
Parameters sent to Dashboard.
crabWatchdog started as process 26433
>>> moving CMSSW software directories in /wntmp/condor/compute-14-29/execute/dir_7598/glide_jNMdPA/execute/dir_26225/cms_gEM4IfDCxS7j/CMSSW_7_1_0_pre8
mv: cannot stat `/wntmp/condor/compute-14-29/execute/dir_7598/glide_jNMdPA/execute/dir_26225/module/': No such file or directory
>>> Include /wntmp/condor/compute-14-29/execute/dir_7598/glide_jNMdPA/execute/dir_26225 in PYTHONPATH:
PYTHONPATH=/wntmp/condor/compute-14-29/execute/dir_7598/glide_jNMdPA/execute/dir_26225/:/wntmp/condor/compute-14-29/execute/dir_7598/glide_jNMdPA/execute/dir_26225/cms_gEM4IfDCxS7j/CMSSW_7_1_0_pre8/python:/wntmp/condor/compute-14-29/execute/dir_7598/glide_jNMdPA/execute/dir_26225/cms_gEM4IfDCxS7j/CMSSW_7_1_0_pre8/lib/slc6_amd64_gcc481:/cvmfs/cms.cern.ch/slc6_amd64_gcc481/cms/cmssw/CMSSW_7_1_0_pre8/python:/cvmfs/cms.cern.ch/slc6_amd64_gcc481/cms/cmssw/CMSSW_7_1_0_pre8/lib/slc6_amd64_gcc481:/cvmfs/cms.cern.ch/slc6_amd64_gcc481/cms/coral/CORAL_2_3_21-cms20/slc6_amd64_gcc481/python:/cvmfs/cms.cern.ch/slc6_amd64_gcc481/cms/coral/CORAL_2_3_21-cms20/slc6_amd64_gcc481/lib:/cvmfs/cms.cern.ch/slc6_amd64_gcc481/external/pyqt/4.8.1-cms/lib/python2.7/site-packages:/cvmfs/cms.cern.ch/slc6_amd64_gcc481/external/py2-scipy/0.8.0-cms/lib/python2.7/site-packages:/cvmfs/cms.cern.ch/slc6_amd64_gcc481/external/py2-matplotlib/1.2.1-cms/lib/python2.7/site-packages:/cvmfs/cms.cern.ch/slc6_amd64_gcc481/external/yoda/1.0.4/lib/python2.7/site-packages:/cvmfs/cms.cern.ch/slc6_amd64_gcc481/external/python-ldap/2.4.10-cms/lib/python2.7/site-packages:/cvmfs/cms.cern.ch/slc6_amd64_gcc481/external/sip/4.11.2-cms/lib/python2.7/site-packages:/cvmfs/cms.cern.ch/slc6_amd64_gcc481/external/llvm/3.4/lib/python2.7/site-packages:/cvmfs/cms.cern.ch/slc6_amd64_gcc481/external/py2-sqlalchemy/0.8.2-cms2/lib/python2.7/site-packages:/cvmfs/cms.cern.ch/slc6_amd64_gcc481/external/py2-pycurl/7.19.0-cms/lib/python2.7/site-packages:/cvmfs/cms.cern.ch/slc6_amd64_gcc481/external/py2-python-dateutil/1.1-cms/lib/python2.7/site-packages:/cvmfs/cms.cern.ch/slc6_amd64_gcc481/external/py2-numpy/1.6.1-cms/lib/python2.7/site-packages:/cvmfs/cms.cern.ch/slc6_amd64_gcc481/external/py2-lint/0.25.1-cms/lib/python2.7/site-packages:/cvmfs/cms.cern.ch/slc6_amd64_gcc481/external/py2-ipython/0.10-cms/lib/python2.7/site-packages:/cvmfs/cms.cern.ch/slc6_amd64_gcc481/external/py2-cx-oracle/5.1-cms2/lib/python2.7/site-packages:/cvmfs/cms.cern.ch/slc6_amd64_gcc481/external/py2-cjson/1.0.5-cms/lib/python2.7/site-packages:/cvmfs/cms.cern.ch/slc6_amd64_gcc481/external/frontier_client/2.8.10/python/lib:/cvmfs/cms.cern.ch/slc6_amd64_gcc481/cms/das-client/2.5.0/bin:/cvmfs/cms.cern.ch/slc6_amd64_gcc481/external/cython/0.19.1/lib/python2.7/site-packages:/cvmfs/cms.cern.ch/slc6_amd64_gcc481/external/rivet/1.8.2-cms4/lib/python2.7/site-packages:/cvmfs/cms.cern.ch/slc6_amd64_gcc481/external/pyminuit2/0.0.1-cms13/lib/python2.7/site-packages:/cvmfs/cms.cern.ch/slc6_amd64_gcc481/external/py2-pygithub/1.23.0/lib/python2.7/site-packages:/cvmfs/cms.cern.ch/slc6_amd64_gcc481/external/py2-networkx/1.8.1/lib/python2.7/site-packages:/cvmfs/cms.cern.ch/slc6_amd64_gcc481/external/professor/1.0.0-cms13/lib/python2.7/site-packages:/cvmfs/cms.cern.ch/slc6_amd64_gcc481/lcg/root/5.34.18/lib:/cvmfs/cms.cern.ch/slc6_amd64_gcc481/cms/dbs-client/DBS_2_1_9-cms/lib:/cvmfs/cms.cern.ch/slc6_amd64_gcc481/cms/dbs-client/DBS_2_1_9-cms/lib/DBSAPI:/cvmfs/cms.cern.ch/slc6_amd64_gcc481/external/cvs2git/5419-cms/lib:/wntmp/condor/compute-14-29/execute/dir_7598/glide_jNMdPA/execute/dir_26225/
 
# LIMITS USED BY CRAB WATCHDOG:
# RSS  (KBytes)   : 2300000
# VSZ  (KBytes)   : 100000000
# DISK (MBytes)   : 19000
# CPU TIME        : 720h:0m:0s
# WALL CLOCK TIME : 21h:50m:0s
 
951aa882d2ac167e3fe15038b4453880
PSETHASH = 951aa882d2ac167e3fe15038b4453880
/wntmp/condor/compute-14-29/execute/dir_7598/glide_jNMdPA/execute/dir_26225/writeCfg.py pset.py pset.py
Importing .py file
Setting parameters
RandomNumberGeneratorService found, will attempt to change seeds
inputBlocks=/Neutrino_Pt-2to20_gun/Fall13dr-tsg_PU40bx25_POSTLS162_V2-v1/GEN-SIM-RAW#09b9f490-7aa3-11e3-b1c2-003048f02d38
inputFiles=/store/mc/Fall13dr/Neutrino_Pt-2to20_gun/GEN-SIM-RAW/tsg_PU40bx25_POSTLS162_V2-v1/00002/CC0155E5-327B-E311-829E-0025905A6092.root;/store/mc/Fall13dr/Neutrino_Pt-2to20_gun/GEN-SIM-RAW/tsg_PU40bx25_POSTLS162_V2-v1/00002/EC770AC2-377B-E311-9939-0025905964CC.root;/store/mc/Fall13dr/Neutrino_Pt-2to20_gun/GEN-SIM-RAW/tsg_PU40bx25_POSTLS162_V2-v1/00002/CC299298-387B-E311-9BC4-00248C55CC9D.root;/store/mc/Fall13dr/Neutrino_Pt-2to20_gun/GEN-SIM-RAW/tsg_PU40bx25_POSTLS162_V2-v1/00002/9A44D58C-367B-E311-A861-0025905A6132.root;/store/mc/Fall13dr/Neutrino_Pt-2to20_gun/GEN-SIM-RAW/tsg_PU40bx25_POSTLS162_V2-v1/00002/CA490A8E-347B-E311-BD32-0025905964BA.root;/store/mc/Fall13dr/Neutrino_Pt-2to20_gun/GEN-SIM-RAW/tsg_PU40bx25_POSTLS162_V2-v1/00002/DE08B029-B77A-E311-8301-0025905938A4.root;/store/mc/Fall13dr/Neutrino_Pt-2to20_gun/GEN-SIM-RAW/tsg_PU40bx25_POSTLS162_V2-v1/00002/ACC25E34-B77A-E311-8062-003048678ED2.root;/store/mc/Fall13dr/Neutrino_Pt-2to20_gun/GEN-SIM-RAW/tsg_PU40bx25_POSTLS162_V2-v1/00002/1C12DB54-B57A-E311-A025-0025905964BA.root
parentFiles=/store/mc/Fall13/Neutrino_Pt-2to20_gun/GEN-SIM/POSTLS162_V1-v4/10001/386918E7-AC68-E311-8493-6C3BE5B59150.root;/store/mc/Fall13/Neutrino_Pt-2to20_gun/GEN-SIM/POSTLS162_V1-v4/10001/70BB57FF-AC68-E311-B9B5-6C3BE5B5F210.root;/store/mc/Fall13/Neutrino_Pt-2to20_gun/GEN-SIM/POSTLS162_V1-v4/10000/5ED692F4-AA68-E311-85A2-90B11C1DBFB4.root;/store/mc/Fall13/Neutrino_Pt-2to20_gun/GEN-SIM/POSTLS162_V1-v4/10000/5C0B7CF6-AA68-E311-BA32-003048F59754.root;/store/mc/Fall13/Neutrino_Pt-2to20_gun/GEN-SIM/POSTLS162_V1-v4/10000/14465A61-AB68-E311-83F0-90B11C2ACF20.root;/store/mc/Fall13/Neutrino_Pt-2to20_gun/GEN-SIM/POSTLS162_V1-v4/10000/1A5080F4-AA68-E311-BFFB-90B11C1DBFB4.root;/store/mc/Fall13/Neutrino_Pt-2to20_gun/GEN-SIM/POSTLS162_V1-v4/10000/12FEE907-AB68-E311-A9B9-90B11C27EA38.root;/store/mc/Fall13/Neutrino_Pt-2to20_gun/GEN-SIM/POSTLS162_V1-v4/10000/7C87B9B2-AB68-E311-BDCF-003048F5B5F4.root;/store/mc/Fall13/Neutrino_Pt-2to20_gun/GEN-SIM/POSTLS162_V1-v4/10001/386918E7-AC68-E311-8493-6C3BE5B59150.root;/store/mc/Fall13/Neutrino_Pt-2to20_gun/GEN-SIM/POSTLS162_V1-v4/10001/7642FB00-AD68-E311-837E-6C3BE5B5B080.root;/store/mc/Fall13/Neutrino_Pt-2to20_gun/GEN-SIM/POSTLS162_V1-v4/10000/5ED692F4-AA68-E311-85A2-90B11C1DBFB4.root;/store/mc/Fall13/Neutrino_Pt-2to20_gun/GEN-SIM/POSTLS162_V1-v4/10000/5C0B7CF6-AA68-E311-BA32-003048F59754.root;/store/mc/Fall13/Neutrino_Pt-2to20_gun/GEN-SIM/POSTLS162_V1-v4/10000/14465A61-AB68-E311-83F0-90B11C2ACF20.root;/store/mc/Fall13/Neutrino_Pt-2to20_gun/GEN-SIM/POSTLS162_V1-v4/10000/243B2096-AB68-E311-B873-90B11C1DBFB4.root;/store/mc/Fall13/Neutrino_Pt-2to20_gun/GEN-SIM/POSTLS162_V1-v4/10001/70BB57FF-AC68-E311-B9B5-6C3BE5B5F210.root;/store/mc/Fall13/Neutrino_Pt-2to20_gun/GEN-SIM/POSTLS162_V1-v4/10001/7642FB00-AD68-E311-837E-6C3BE5B5B080.root;/store/mc/Fall13/Neutrino_Pt-2to20_gun/GEN-SIM/POSTLS162_V1-v4/10000/868AB3FF-AC68-E311-9933-90B11C1DBFB4.root;/store/mc/Fall13/Neutrino_Pt-2to20_gun/GEN-SIM/POSTLS162_V1-v4/10000/00ED2FEA-AA68-E311-BEEE-003048F5B2A0.root;/store/mc/Fall13/Neutrino_Pt-2to20_gun/GEN-SIM/POSTLS162_V1-v4/10000/12FEE907-AB68-E311-A9B9-90B11C27EA38.root;/store/mc/Fall13/Neutrino_Pt-2to20_gun/GEN-SIM/POSTLS162_V1-v4/10000/14465A61-AB68-E311-83F0-90B11C2ACF20.root;/store/mc/Fall13/Neutrino_Pt-2to20_gun/GEN-SIM/POSTLS162_V1-v4/10001/70BB57FF-AC68-E311-B9B5-6C3BE5B5F210.root;/store/mc/Fall13/Neutrino_Pt-2to20_gun/GEN-SIM/POSTLS162_V1-v4/10001/7642FB00-AD68-E311-837E-6C3BE5B5B080.root;/store/mc/Fall13/Neutrino_Pt-2to20_gun/GEN-SIM/POSTLS162_V1-v4/10000/5ED692F4-AA68-E311-85A2-90B11C1DBFB4.root;/store/mc/Fall13/Neutrino_Pt-2to20_gun/GEN-SIM/POSTLS162_V1-v4/10000/5C0B7CF6-AA68-E311-BA32-003048F59754.root;/store/mc/Fall13/Neutrino_Pt-2to20_gun/GEN-SIM/POSTLS162_V1-v4/10000/F805F57C-AB68-E311-9B93-90B11C1DBFB4.root;/store/mc/Fall13/Neutrino_Pt-2to20_gun/GEN-SIM/POSTLS162_V1-v4/10000/8C0E4E91-AB68-E311-AF2C-0025901D08DE.root;/store/mc/Fall13/Neutrino_Pt-2to20_gun/GEN-SIM/POSTLS162_V1-v4/10000/869E6491-AB68-E311-8C53-0025901D08BE.root;/store/mc/Fall13/Neutrino_Pt-2to20_gun/GEN-SIM/POSTLS162_V1-v4/10000/3228DBE4-AB68-E311-AFE5-0025904A91F6.root;/store/mc/Fall13/Neutrino_Pt-2to20_gun/GEN-SIM/POSTLS162_V1-v4/10000/08BDA2EE-AB68-E311-BD33-0025904AC2CA.root;/store/mc/Fall13/Neutrino_Pt-2to20_gun/GEN-SIM/POSTLS162_V1-v4/10000/7632CAE8-AB68-E311-AA1C-90B11C27EA38.root;/store/mc/Fall13/Neutrino_Pt-2to20_gun/GEN-SIM/POSTLS162_V1-v4/10000/32F7F53B-AC68-E311-AE43-003048F5B6A9.root;/store/mc/Fall13/Neutrino_Pt-2to20_gun/GEN-SIM/POSTLS162_V1-v4/10000/D88E20AB-AC68-E311-8CB4-0025901D08BE.root;/store/mc/Fall13/Neutrino_Pt-2to20_gun/GEN-SIM/POSTLS162_V1-v4/10000/82AB555F-AC68-E311-98DF-002590821320.root;/store/mc/Fall13/Neutrino_Pt-2to20_gun/GEN-SIM/POSTLS162_V1-v4/10000/D44E2013-AC68-E311-9A54-003048F1C834.root;/store/mc/Fall13/Neutrino_Pt-2to20_gun/GEN-SIM/POSTLS162_V1-v4/10000/0A8C8CED-AB68-E311-80BE-90B11C27F89E.root;/store/mc/Fall13/Neutrino_Pt-2to20_gun/GEN-SIM/POSTLS162_V1-v4/10000/10CAFE4F-AC68-E311-95FB-002590821320.root;/store/mc/Fall13/Neutrino_Pt-2to20_gun/GEN-SIM/POSTLS162_V1-v4/10000/542C6E62-AC68-E311-8B06-0025904AC2CA.root;/store/mc/Fall13/Neutrino_Pt-2to20_gun/GEN-SIM/POSTLS162_V1-v4/10000/C05AB95E-AC68-E311-9422-003048F5B69A.root;/store/mc/Fall13/Neutrino_Pt-2to20_gun/GEN-SIM/POSTLS162_V1-v4/10000/C004547E-AC68-E311-9972-003048F5B2A0.root;/store/mc/Fall13/Neutrino_Pt-2to20_gun/GEN-SIM/POSTLS162_V1-v4/10000/14879B15-AC68-E311-8258-0025B3203638.root;/store/mc/Fall13/Neutrino_Pt-2to20_gun/GEN-SIM/POSTLS162_V1-v4/10000/0E75F3DF-AB68-E311-8BA9-003048F5B5F4.root;/store/mc/Fall13/Neutrino_Pt-2to20_gun/GEN-SIM/POSTLS162_V1-v4/10000/3228DBE4-AB68-E311-AFE5-0025904A91F6.root;/store/mc/Fall13/Neutrino_Pt-2to20_gun/GEN-SIM/POSTLS162_V1-v4/10000/32F7F53B-AC68-E311-AE43-003048F5B6A9.root;/store/mc/Fall13/Neutrino_Pt-2to20_gun/GEN-SIM/POSTLS162_V1-v4/10000/D88E20AB-AC68-E311-8CB4-0025901D08BE.root;/store/mc/Fall13/Neutrino_Pt-2to20_gun/GEN-SIM/POSTLS162_V1-v4/10000/344D4760-AC68-E311-85FA-003048F5B5F4.root
lumisRange=
>>> Executable cmsRun
/cvmfs/cms.cern.ch/slc6_amd64_gcc481/cms/cmssw/CMSSW_7_1_0_pre8/bin/slc6_amd64_gcc481/cmsRun
ok executable found
>>> info for dashboard:
***** Cat /wntmp/condor/compute-14-29/execute/dir_7598/glide_jNMdPA/execute/dir_26225/jobreport.txt *****
MonitorJobID=44_https://submit-4.t2.ucsd.edu//140801//331280.43
MonitorID=aelwood_140801_jJets_ngun_PU40bx25_1c84ps
ExeStart=cmsRun
***** End Cat jobreport *****
Parameters sent to Dashboard.
>>> cmsRun started at Fri Aug  1 10:08:51 UTC 2014
>>> cmsRun ended at Fri Aug  1 10:58:55 UTC 2014
>>> crab_fjr_*.xml  permission set to 0704
>>> info for dashboard:
***** Cat /wntmp/condor/compute-14-29/execute/dir_7598/glide_jNMdPA/execute/dir_26225/jobreport.txt *****
MonitorJobID=44_https://submit-4.t2.ucsd.edu//140801//331280.43
MonitorID=aelwood_140801_jJets_ngun_PU40bx25_1c84ps
ExeEnd=cmsRun
***** End Cat jobreport *****
Parameters sent to Dashboard.
TIME_EXE = 3004 sec
>>> cmsRun wrote 63 lines of stdout+stderr
>>> START OF printout of 63 lines from stdout+stderr
==> using COND/Services/RelationalAuthenticationService for auth, sys 1
==> using COND/Services/RelationalAuthenticationService for auth, sys 1
01-Aug-2014 03:09:21 PDT  Initiating request to open file /mnt/hadoop/store/mc/Fall13dr/Neutrino_Pt-2to20_gun/GEN-SIM-RAW/tsg_PU40bx25_POSTLS162_V2-v1/00002/CC0155E5-327B-E311-829E-0025905A6092.root
01-Aug-2014 03:09:22 PDT  Successfully opened file /mnt/hadoop/store/mc/Fall13dr/Neutrino_Pt-2to20_gun/GEN-SIM-RAW/tsg_PU40bx25_POSTLS162_V2-v1/00002/CC0155E5-327B-E311-829E-0025905A6092.root
01-Aug-2014 03:09:24 PDT  Initiating request to open file /mnt/hadoop/store/mc/Fall13/Neutrino_Pt-2to20_gun/GEN-SIM/POSTLS162_V1-v4/10001/386918E7-AC68-E311-8493-6C3BE5B59150.root
01-Aug-2014 03:09:24 PDT  Fallback request to file root://cmsxrootd.fnal.gov//store/mc/Fall13/Neutrino_Pt-2to20_gun/GEN-SIM/POSTLS162_V1-v4/10001/386918E7-AC68-E311-8493-6C3BE5B59150.root
140801 03:09:27 26730 Xrd: CheckErrorStatus: Server [cmssrmdisk.fnal.gov:1095] declared: Request 3018 not supported(error code: 3013)
01-Aug-2014 03:09:27 PDT  Successfully opened file root://cmsxrootd.fnal.gov//store/mc/Fall13/Neutrino_Pt-2to20_gun/GEN-SIM/POSTLS162_V1-v4/10001/386918E7-AC68-E311-8493-6C3BE5B59150.root
01-Aug-2014 03:09:36 PDT  Closed file root://cmsxrootd.fnal.gov//store/mc/Fall13/Neutrino_Pt-2to20_gun/GEN-SIM/POSTLS162_V1-v4/10001/386918E7-AC68-E311-8493-6C3BE5B59150.root
Stage1Layer2Producer -- Running pp implementation


----------------------------------------
Begin: L1CaloTowerProducer
----------------------------------------

01-Aug-2014 03:11:41 PDT  Closed file /mnt/hadoop/store/mc/Fall13dr/Neutrino_Pt-2to20_gun/GEN-SIM-RAW/tsg_PU40bx25_POSTLS162_V2-v1/00002/CC0155E5-327B-E311-829E-0025905A6092.root
01-Aug-2014 03:11:41 PDT  Initiating request to open file /mnt/hadoop/store/mc/Fall13dr/Neutrino_Pt-2to20_gun/GEN-SIM-RAW/tsg_PU40bx25_POSTLS162_V2-v1/00002/EC770AC2-377B-E311-9939-0025905964CC.root
01-Aug-2014 03:11:42 PDT  Successfully opened file /mnt/hadoop/store/mc/Fall13dr/Neutrino_Pt-2to20_gun/GEN-SIM-RAW/tsg_PU40bx25_POSTLS162_V2-v1/00002/EC770AC2-377B-E311-9939-0025905964CC.root
140801 03:14:55 26759 Xrd: XrdClientMessage::ReadRaw: Failed to read header (8 bytes).
140801 03:14:55 26757 Xrd: XrdClientMessage::ReadRaw: Failed to read header (8 bytes).
01-Aug-2014 03:15:14 PDT  Closed file /mnt/hadoop/store/mc/Fall13dr/Neutrino_Pt-2to20_gun/GEN-SIM-RAW/tsg_PU40bx25_POSTLS162_V2-v1/00002/EC770AC2-377B-E311-9939-0025905964CC.root
01-Aug-2014 03:15:14 PDT  Initiating request to open file /mnt/hadoop/store/mc/Fall13dr/Neutrino_Pt-2to20_gun/GEN-SIM-RAW/tsg_PU40bx25_POSTLS162_V2-v1/00002/CC299298-387B-E311-9BC4-00248C55CC9D.root
01-Aug-2014 03:15:14 PDT  Successfully opened file /mnt/hadoop/store/mc/Fall13dr/Neutrino_Pt-2to20_gun/GEN-SIM-RAW/tsg_PU40bx25_POSTLS162_V2-v1/00002/CC299298-387B-E311-9BC4-00248C55CC9D.root
01-Aug-2014 03:23:56 PDT  Closed file /mnt/hadoop/store/mc/Fall13dr/Neutrino_Pt-2to20_gun/GEN-SIM-RAW/tsg_PU40bx25_POSTLS162_V2-v1/00002/CC299298-387B-E311-9BC4-00248C55CC9D.root
01-Aug-2014 03:23:56 PDT  Initiating request to open file /mnt/hadoop/store/mc/Fall13dr/Neutrino_Pt-2to20_gun/GEN-SIM-RAW/tsg_PU40bx25_POSTLS162_V2-v1/00002/9A44D58C-367B-E311-A861-0025905A6132.root
01-Aug-2014 03:23:56 PDT  Successfully opened file /mnt/hadoop/store/mc/Fall13dr/Neutrino_Pt-2to20_gun/GEN-SIM-RAW/tsg_PU40bx25_POSTLS162_V2-v1/00002/9A44D58C-367B-E311-A861-0025905A6132.root
01-Aug-2014 03:28:12 PDT  Closed file /mnt/hadoop/store/mc/Fall13dr/Neutrino_Pt-2to20_gun/GEN-SIM-RAW/tsg_PU40bx25_POSTLS162_V2-v1/00002/9A44D58C-367B-E311-A861-0025905A6132.root
01-Aug-2014 03:28:12 PDT  Initiating request to open file /mnt/hadoop/store/mc/Fall13dr/Neutrino_Pt-2to20_gun/GEN-SIM-RAW/tsg_PU40bx25_POSTLS162_V2-v1/00002/CA490A8E-347B-E311-BD32-0025905964BA.root
01-Aug-2014 03:28:15 PDT  Successfully opened file /mnt/hadoop/store/mc/Fall13dr/Neutrino_Pt-2to20_gun/GEN-SIM-RAW/tsg_PU40bx25_POSTLS162_V2-v1/00002/CA490A8E-347B-E311-BD32-0025905964BA.root
140801 03:29:54 26756 Xrd: XrdClientMessage::ReadRaw: Failed to read header (8 bytes).
140801 03:29:55 26758 Xrd: XrdClientMessage::ReadRaw: Failed to read header (8 bytes).
140801 03:29:55 26751 Xrd: XrdClientMessage::ReadRaw: Failed to read header (8 bytes).
01-Aug-2014 03:35:16 PDT  Closed file /mnt/hadoop/store/mc/Fall13dr/Neutrino_Pt-2to20_gun/GEN-SIM-RAW/tsg_PU40bx25_POSTLS162_V2-v1/00002/CA490A8E-347B-E311-BD32-0025905964BA.root
01-Aug-2014 03:35:16 PDT  Initiating request to open file /mnt/hadoop/store/mc/Fall13dr/Neutrino_Pt-2to20_gun/GEN-SIM-RAW/tsg_PU40bx25_POSTLS162_V2-v1/00002/DE08B029-B77A-E311-8301-0025905938A4.root
01-Aug-2014 03:35:16 PDT  Successfully opened file /mnt/hadoop/store/mc/Fall13dr/Neutrino_Pt-2to20_gun/GEN-SIM-RAW/tsg_PU40bx25_POSTLS162_V2-v1/00002/DE08B029-B77A-E311-8301-0025905938A4.root
01-Aug-2014 03:51:29 PDT  Closed file /mnt/hadoop/store/mc/Fall13dr/Neutrino_Pt-2to20_gun/GEN-SIM-RAW/tsg_PU40bx25_POSTLS162_V2-v1/00002/DE08B029-B77A-E311-8301-0025905938A4.root
01-Aug-2014 03:51:29 PDT  Initiating request to open file /mnt/hadoop/store/mc/Fall13dr/Neutrino_Pt-2to20_gun/GEN-SIM-RAW/tsg_PU40bx25_POSTLS162_V2-v1/00002/ACC25E34-B77A-E311-8062-003048678ED2.root
01-Aug-2014 03:51:30 PDT  Successfully opened file /mnt/hadoop/store/mc/Fall13dr/Neutrino_Pt-2to20_gun/GEN-SIM-RAW/tsg_PU40bx25_POSTLS162_V2-v1/00002/ACC25E34-B77A-E311-8062-003048678ED2.root
01-Aug-2014 03:58:14 PDT  Closed file /mnt/hadoop/store/mc/Fall13dr/Neutrino_Pt-2to20_gun/GEN-SIM-RAW/tsg_PU40bx25_POSTLS162_V2-v1/00002/ACC25E34-B77A-E311-8062-003048678ED2.root
01-Aug-2014 03:58:14 PDT  Initiating request to open file /mnt/hadoop/store/mc/Fall13dr/Neutrino_Pt-2to20_gun/GEN-SIM-RAW/tsg_PU40bx25_POSTLS162_V2-v1/00002/1C12DB54-B57A-E311-A025-0025905964BA.root
01-Aug-2014 03:58:14 PDT  Successfully opened file /mnt/hadoop/store/mc/Fall13dr/Neutrino_Pt-2to20_gun/GEN-SIM-RAW/tsg_PU40bx25_POSTLS162_V2-v1/00002/1C12DB54-B57A-E311-A025-0025905964BA.root
01-Aug-2014 03:58:50 PDT  Closed file /mnt/hadoop/store/mc/Fall13dr/Neutrino_Pt-2to20_gun/GEN-SIM-RAW/tsg_PU40bx25_POSTLS162_V2-v1/00002/1C12DB54-B57A-E311-A025-0025905964BA.root

=============================================

MessageLogger Summary

 type     category        sev    module        subroutine        count    total
 ---- -------------------- -- ---------------- ----------------  -----    -----
    1 fileAction           -s AfterFile                              4        4
    2 fileAction           -s file_close                             8        8
    3 fileAction           -s file_open                             16       16

 type    category    Examples: run/evt        run/evt          run/evt
 ---- -------------------- ---------------- ---------------- ----------------
    1 fileAction           pre-events       pre-events       pre-events
    2 fileAction           PostProcessEvent PostProcessEvent PostEndRun
    3 fileAction           pre-events       pre-events       PostProcessEvent

Severity    # Occurrences   Total Occurrences
--------    -------------   -----------------
System                 28                  28
>>> END OF printout of 63 lines from stdout+stderr
>>> Parse FrameworkJobReport crab_fjr.xml
Result of parsing the FrameworkJobReport crab_fjr.xml: 
Extracted ExitStatus from FrameworkJobReport parsing output: 0
>>> Executable succeded  0
ExeExitCode=0
EXECUTABLE_EXIT_STATUS = 0
>>> current directory /wntmp/condor/compute-14-29/execute/dir_7598/glide_jNMdPA/execute/dir_26225/cms_gEM4IfDCxS7j/CMSSW_7_1_0_pre8
>>>  (SOFTWARE_DIR): /wntmp/condor/compute-14-29/execute/dir_7598/glide_jNMdPA/execute/dir_26225/cms_gEM4IfDCxS7j/CMSSW_7_1_0_pre8
>>> (WORKING_DIR): /wntmp/condor/compute-14-29/execute/dir_7598/glide_jNMdPA/execute/dir_26225/cms_gEM4IfDCxS7j
>>> current directory content:
total 468684
drwxr-xr-x. 3 uscms4354 cms      4096 Aug  1 03:07 .SCRAM
-rw-------. 1 uscms4354 cms    916533 Aug  1 03:07 CMSSW.py.pkl
-rw-------. 1 uscms4354 cms 478005885 Aug  1 03:58 L1SkimRun.root
drwxr-xr-x. 3 uscms4354 cms      4096 Aug  1 03:07 bin
drwxr-xr-x. 3 uscms4354 cms      4096 Aug  1 03:07 cfipython
drwxr-xr-x. 4 uscms4354 cms      4096 Aug  1 03:07 config
-rw-------. 1 uscms4354 cms        18 Aug  1 03:58 cpu_timing.txt
drwxr-xr-x. 2 uscms4354 cms      4096 Aug  1 03:07 doc
-rw-------. 1 uscms4354 cms      7148 Aug  1 03:58 executable.out
drwxr-xr-x. 2 uscms4354 cms      4096 Aug  1 03:07 include
drwx------. 3 uscms4354 cms      4096 Aug  1 00:37 lib
drwxr-xr-x. 3 uscms4354 cms      4096 Aug  1 03:07 logs
drwxr-xr-x. 3 uscms4354 cms      4096 Aug  1 03:07 objs
-rw-------. 1 uscms4354 cms       104 Aug  1 03:08 pset.py
-rw-------. 1 uscms4354 cms    924893 Aug  1 03:08 pset.py.pkl
-rw-------. 1 uscms4354 cms       289 Aug  1 03:08 pset.pyc
drwxr-xr-x. 2 uscms4354 cms      4096 Aug  1 03:07 python
-rw-------. 1 uscms4354 cms       419 Aug  1 03:58 report.log
drwx------. 5 uscms4354 cms      4096 Aug  1 03:07 src
drwxr-xr-x. 3 uscms4354 cms      4096 Aug  1 03:07 test
drwxr-xr-x. 3 uscms4354 cms      4096 Aug  1 03:07 tmp
>>> current directory /wntmp/condor/compute-14-29/execute/dir_7598/glide_jNMdPA/execute/dir_26225/cms_gEM4IfDCxS7j/CMSSW_7_1_0_pre8
>>> (SOFTWARE_DIR): /wntmp/condor/compute-14-29/execute/dir_7598/glide_jNMdPA/execute/dir_26225/cms_gEM4IfDCxS7j/CMSSW_7_1_0_pre8
>>> (WORKING_DIR): /wntmp/condor/compute-14-29/execute/dir_7598/glide_jNMdPA/execute/dir_26225/cms_gEM4IfDCxS7j
>>> current directory content:
total 468684
drwxr-xr-x. 3 uscms4354 cms      4096 Aug  1 03:07 .SCRAM
-rw-------. 1 uscms4354 cms    916533 Aug  1 03:07 CMSSW.py.pkl
-rw-------. 1 uscms4354 cms 478005885 Aug  1 03:58 L1SkimRun_44_1_Qg3.root
drwxr-xr-x. 3 uscms4354 cms      4096 Aug  1 03:07 bin
drwxr-xr-x. 3 uscms4354 cms      4096 Aug  1 03:07 cfipython
drwxr-xr-x. 4 uscms4354 cms      4096 Aug  1 03:07 config
-rw-------. 1 uscms4354 cms        18 Aug  1 03:58 cpu_timing.txt
drwxr-xr-x. 2 uscms4354 cms      4096 Aug  1 03:07 doc
-rw-------. 1 uscms4354 cms      7148 Aug  1 03:58 executable.out
drwxr-xr-x. 2 uscms4354 cms      4096 Aug  1 03:07 include
drwx------. 3 uscms4354 cms      4096 Aug  1 00:37 lib
drwxr-xr-x. 3 uscms4354 cms      4096 Aug  1 03:07 logs
drwxr-xr-x. 3 uscms4354 cms      4096 Aug  1 03:07 objs
-rw-------. 1 uscms4354 cms       104 Aug  1 03:08 pset.py
-rw-------. 1 uscms4354 cms    924893 Aug  1 03:08 pset.py.pkl
-rw-------. 1 uscms4354 cms       289 Aug  1 03:08 pset.pyc
drwxr-xr-x. 2 uscms4354 cms      4096 Aug  1 03:07 python
-rw-------. 1 uscms4354 cms       419 Aug  1 03:58 report.log
drwx------. 5 uscms4354 cms      4096 Aug  1 03:07 src
drwxr-xr-x. 3 uscms4354 cms      4096 Aug  1 03:07 test
drwxr-xr-x. 3 uscms4354 cms      4096 Aug  1 03:07 tmp
>>> current directory (RUNTIME_AREA):  /wntmp/condor/compute-14-29/execute/dir_7598/glide_jNMdPA/execute/dir_26225
SE = srm-eoscms.cern.ch
SE_PATH = /srm/v2/server?SFN=/eos/cms/store/user/aelwood/140801_jJets_ngun_PU40bx25/
LFNBaseName = /store/user/aelwood/140801_jJets_ngun_PU40bx25/
USER = aelwood
endpoint = srm://srm-eoscms.cern.ch:8443/srm/v2/server?SFN=/eos/cms/store/user/aelwood/140801_jJets_ngun_PU40bx25/
>>> Copy output files from WN = compute-14-29.tier2 to /srm/v2/server?SFN=/eos/cms/store/user/aelwood/140801_jJets_ngun_PU40bx25/ :
python cmscp.py  --destination srm://srm-eoscms.cern.ch:8443/srm/v2/server?SFN=/eos/cms/store/user/aelwood/140801_jJets_ngun_PU40bx25/ --inputFileList /wntmp/condor/compute-14-29/execute/dir_7598/glide_jNMdPA/execute/dir_26225/cms_gEM4IfDCxS7j/CMSSW_7_1_0_pre8/L1SkimRun_44_1_Qg3.root --middleware OSG --se_name srm-eoscms.cern.ch --for_lfn /store/user/aelwood/140801_jJets_ngun_PU40bx25/    
******************************************************
localSeName  =  cit-se.ultralight.org
remoteSeName =  srm-eoscms.cern.ch
******************************************************
{"/wntmp/condor/compute-14-29/execute/dir_7598/glide_jNMdPA/execute/dir_26225/cms_gEM4IfDCxS7j/CMSSW_7_1_0_pre8/L1SkimRun_44_1_Qg3.root": {"endpoint": "srm://srm-eoscms.cern.ch:8443/srm/v2/server?SFN=/eos/cms/store/user/aelwood/140801_jJets_ngun_PU40bx25/", "surl_for_grid": "", "reason": "ERROR: problems checking if file /wntmp/condor/compute-14-29/execute/dir_7598/glide_jNMdPA/execute/dir_26225/cms_gEM4IfDCxS7j/CMSSW_7_1_0_pre8/L1SkimRun_44_1_Qg3.root already exist'Error checking [L1SkimRun_44_1_Qg3.root]'", "erCode": "60307", "se_name": "srm-eoscms.cern.ch", "for_lfn": "/copy_problem/"}}/wntmp/condor/compute-14-29/execute/dir_7598/glide_jNMdPA/execute/dir_26225
-------- cat /wntmp/condor/compute-14-29/execute/dir_7598/glide_jNMdPA/execute/dir_26225/cmscpReport.sh 
#!/bin/bash
echo "Report for File: /wntmp/condor/compute-14-29/execute/dir_7598/glide_jNMdPA/execute/dir_26225/cms_gEM4IfDCxS7j/CMSSW_7_1_0_pre8/L1SkimRun_44_1_Qg3.root"
echo "LFN: /copy_problem/L1SkimRun_44_1_Qg3.root"
echo "StorageElement: srm-eoscms.cern.ch"
echo "StageOutExitStatusReason = 'ERROR: problems checking if file /wntmp/condor/compute-14-29/execute/dir_7598/glide_jNMdPA/execute/dir_26225/cms_gEM4IfDCxS7j/CMSSW_7_1_0_pre8/L1SkimRun_44_1_Qg3.root already exist Error checking [L1SkimRun_44_1_Qg3.root] '" | tee -a $RUNTIME_AREA/$repo
echo "StageOutSE = srm-eoscms.cern.ch" >> $RUNTIME_AREA/$repo

export StageOutExitStatus=60307
echo "StageOutExitStatus = 60307" | tee -a $RUNTIME_AREA/$repo
-------- end of /wntmp/condor/compute-14-29/execute/dir_7598/glide_jNMdPA/execute/dir_26225/cmscpReport.sh 
Report for File: /wntmp/condor/compute-14-29/execute/dir_7598/glide_jNMdPA/execute/dir_26225/cms_gEM4IfDCxS7j/CMSSW_7_1_0_pre8/L1SkimRun_44_1_Qg3.root
LFN: /copy_problem/L1SkimRun_44_1_Qg3.root
StorageElement: srm-eoscms.cern.ch
StageOutExitStatusReason = 'ERROR: problems checking if file /wntmp/condor/compute-14-29/execute/dir_7598/glide_jNMdPA/execute/dir_26225/cms_gEM4IfDCxS7j/CMSSW_7_1_0_pre8/L1SkimRun_44_1_Qg3.root already exist Error checking [L1SkimRun_44_1_Qg3.root] '
StageOutExitStatus = 60307
Problem copying file to srm-eoscms.cern.ch /srm/v2/server?SFN=/eos/cms/store/user/aelwood/140801_jJets_ngun_PU40bx25/
########## contents of SE interaction
2014-08-01 03:59:23.891078:
Executed:	unset LD_LIBRARY_PATH; unset GLITE_ENV_SET; export PATH=/usr/bin:/bin; source /etc/profile; source /wntmp/condor/compute-14-29/execute/dir_7598/glide_jNMdPA/execute/dir_26225/CacheEnv.sh ; lcg-ls -b -D srmv2 --srm-timeout 2400 --sendreceive-timeout 2400 --connect-timeout 300 --verbose srm://srm-eoscms.cern.ch:8443/srm/v2/server?SFN=/eos/cms/store/user/aelwood/140801_jJets_ngun_PU40bx25/L1SkimRun_44_1_Qg3.root
Done with exit code:	1
and output:
SE type: SRMv2
[SE][Ls][] httpg://srm-eoscms.cern.ch:8443/srm/v2/server: CGSI-gSOAP running on compute-14-29.tier2 reports Error initializing context
GSS Major Status: Authentication Failed

GSS Minor Status Error Chain:
globus_gsi_gssapi: SSLv3 handshake problems
OpenSSL Error: s3_clnt.c:1168: in library: SSL routines, function SSL3_GET_SERVER_CERTIFICATE: certificate verify failed
globus_gsi_callback_module: Could not verify credential
globus_gsi_callback_module: Can't get the local trusted CA certificate: Cannot find trusted CA certificate with hash 5168735f in /etc/grid-security/certificates/



#####################################
>>> current dir: /wntmp/condor/compute-14-29/execute/dir_7598/glide_jNMdPA/execute/dir_26225
>>> current dir content:
total 15132
-rw-------. 1 uscms4354 cms     1093 Aug  1 03:59 .SEinteraction.log
-rwx------. 1 uscms4354 cms     6632 Aug  1 03:07 .job.ad
-rwx------. 1 uscms4354 cms     9396 Aug  1 03:07 .machine.ad
-rw-------. 1 uscms4354 cms      105 Aug  1 02:57 CMSSW.py
-rw-------. 1 uscms4354 cms   916533 Aug  1 02:57 CMSSW.py.pkl
-rwx------. 1 uscms4354 cms    28576 Aug  1 03:07 CMSSW.sh
-rw-------. 1 uscms4354 cms      182 Aug  1 03:07 CacheEnv.sh
-rw-------. 1 uscms4354 cms     7291 Jul 12 08:18 DashboardAPI.py
-rw-------. 1 uscms4354 cms     6755 Aug  1 03:08 DashboardAPI.pyc
drwx------. 2 uscms4354 cms     4096 Aug  1 03:58 IMProv
lrwxrwxrwx. 1 uscms4354 cms      133 Aug  1 03:59 L1SkimRun.root -> /wntmp/condor/compute-14-29/execute/dir_7598/glide_jNMdPA/execute/dir_26225/cms_gEM4IfDCxS7j/CMSSW_7_1_0_pre8/L1SkimRun_44_1_Qg3.root
-rw-------. 1 uscms4354 cms     2748 Jul 12 08:18 Logger.py
-rw-------. 1 uscms4354 cms     3327 Aug  1 03:08 Logger.pyc
-rw-------. 1 uscms4354 cms    24524 Jul 12 08:18 ProcInfo.py
-rw-------. 1 uscms4354 cms    23101 Aug  1 03:08 ProcInfo.pyc
drwx------. 7 uscms4354 cms     4096 Aug  1 03:08 ProdCommon
drwx------. 3 uscms4354 cms     4096 Aug  1 03:07 WMCore
-rw-------. 1 uscms4354 cms     6856 Aug  1 03:59 Watchdog_44.log
-rwx------. 1 uscms4354 cms        0 Aug  1 03:07 _condor_stderr
-rwx---r--. 1 uscms4354 cms    30709 Aug  1 04:03 _condor_stdout
-rw-------. 1 uscms4354 cms    32895 Jul 12 08:18 apmon.py
-rw-------. 1 uscms4354 cms    28509 Aug  1 03:08 apmon.pyc
-rwx------. 1 uscms4354 cms   240046 Aug  1 03:07 arguments.xml
drwx------. 3 uscms4354 cms     4096 Aug  1 03:07 cms_gEM4IfDCxS7j
-rwx------. 1 uscms4354 cms    38524 Jul 12 08:18 cmscp.py
-rw-------. 1 uscms4354 cms      708 Aug  1 04:03 cmscpReport.sh
-rwx------. 1 uscms4354 cms    28576 Aug  1 03:07 condor_exec.exe
-rw-------. 1 uscms4354 cms      759 Aug  1 02:56 crab.cfg
-rwx------. 1 uscms4354 cms     8610 Jul 12 08:18 crabWatchdog.sh
-rwx---r--. 1 uscms4354 cms    82448 Aug  1 03:58 crab_fjr_44.xml
-rwx------. 1 uscms4354 cms 13818897 Aug  1 03:07 default.tgz
-rwx------. 1 uscms4354 cms     4488 Jul 12 08:18 fillCrabFjr.py
-rw-------. 1 uscms4354 cms     6192 Aug  1 03:08 inputsReport.txt
-rw-------. 1 uscms4354 cms      454 Aug  1 04:03 jobreport.txt
-rw-------. 1 uscms4354 cms    17352 Jul 12 08:18 parseCrabFjr.py
-rw-------. 1 uscms4354 cms      334 Aug  1 03:07 report.log
-rwx--x--x. 1 uscms4354 cms     1497 Jul 12 08:18 report.py
-rw-------. 1 uscms4354 cms      596 Aug  1 04:03 resultCopyFile
-rwx------. 1 uscms4354 cms     8351 Jul 12 08:18 writeCfg.py
-rw-------. 1 uscms4354 cms     8083 Aug  1 03:07 x509up_u41660
>>> Modify Job Report:
CMSSW_VERSION = CMSSW_7_1_0_pre8
/wntmp/condor/compute-14-29/execute/dir_7598/glide_jNMdPA/execute/dir_26225/ProdCommon/FwkJobRep/ModifyJobReport.py fjr /wntmp/condor/compute-14-29/execute/dir_7598/glide_jNMdPA/execute/dir_26225/crab_fjr_44.xml json /wntmp/condor/compute-14-29/execute/dir_7598/glide_jNMdPA/execute/dir_26225/resultCopyFile n_job 44_1_Qg3 PrimaryDataset Neutrino_Pt-2to20_gun  ApplicationFamily cmsRun ApplicationName cmsRun cmssw_version CMSSW_7_1_0_pre8 psethash 951aa882d2ac167e3fe15038b4453880
inputDict =  {u'/wntmp/condor/compute-14-29/execute/dir_7598/glide_jNMdPA/execute/dir_26225/cms_gEM4IfDCxS7j/CMSSW_7_1_0_pre8/L1SkimRun_44_1_Qg3.root': {u'endpoint': u'srm://srm-eoscms.cern.ch:8443/srm/v2/server?SFN=/eos/cms/store/user/aelwood/140801_jJets_ngun_PU40bx25/', u'surl_for_grid': u'', u'reason': u"ERROR: problems checking if file /wntmp/condor/compute-14-29/execute/dir_7598/glide_jNMdPA/execute/dir_26225/cms_gEM4IfDCxS7j/CMSSW_7_1_0_pre8/L1SkimRun_44_1_Qg3.root already exist'Error checking [L1SkimRun_44_1_Qg3.root]'", u'erCode': u'60307', u'se_name': u'srm-eoscms.cern.ch', u'for_lfn': u'/copy_problem/'}}
UserProcessedDataset =  
file_name in inputDict =  /wntmp/condor/compute-14-29/execute/dir_7598/glide_jNMdPA/execute/dir_26225/cms_gEM4IfDCxS7j/CMSSW_7_1_0_pre8/L1SkimRun_44_1_Qg3.root
(size) os.stat(filename)[6] =  478005885
checksum =  3602764054
    file =  L1SkimRun_44_1_Qg3.root
    newPfn =  srm://srm-eoscms.cern.ch:8443/srm/v2/server?SFN=/eos/cms/store/user/aelwood/140801_jJets_ngun_PU40bx25/L1SkimRun_44_1_Qg3.root
    newLfn =  /copy_problem/L1SkimRun_44_1_Qg3.root
>>> crab_fjr_*.xml  permission set to 0704
CrabWrapper EXIT_FUNC entered at Fri Aug  1 04:03:16 PDT 2014   -  Fri Aug  1 11:03:16 UTC 2014
Checking output files:  
will tar file crab_fjr_44.xml in  out_files_44
WARNING: output file CMSSW_44.stdout not found!
WARNING: output file CMSSW_44.stderr not found!
WARNING: output file Watchdog_44.log.gz not found!
>>> working dir = /wntmp/condor/compute-14-29/execute/dir_7598/glide_jNMdPA/execute/dir_26225/cms_gEM4IfDCxS7j
>>> current directory (RUNTIME_AREA): /wntmp/condor/compute-14-29/execute/dir_7598/glide_jNMdPA/execute/dir_26225
>>> Remove working directory: /wntmp/condor/compute-14-29/execute/dir_7598/glide_jNMdPA/execute/dir_26225/cms_gEM4IfDCxS7j
/wntmp/condor/compute-14-29/execute/dir_7598/glide_jNMdPA/execute/dir_26225/condor_exec.exe: line 140: symlinks: command not found
>>> padding time: Wrapper lasting more than 600 seconds. No sleep required.
STOPPING WATCHDOG. CrabWatchdog PID is 26433
********** LAST 50 LINES OF WATCHDOG LOG
 Aug 01 03:16:45 PDT	---	668600	936044	162	----	----	----
 Aug 01 03:17:46 PDT	---	668600	936044	174	----	----	----
 Aug 01 03:18:47 PDT	---	668600	936044	182	----	----	----
 Aug 01 03:19:47 PDT	---	668600	936044	183	----	----	----
 Aug 01 03:20:48 PDT	26730	669392	936044	183	393	733	cmsRun -j /wntmp/condor/compute-14-29/execute/dir_7598/glide_jNMdPA/execute/dir_26225/crab_fjr_44.xml -p pset.py      
 Aug 01 03:20:48 PDT	---	669392	936044	188	----	----	----
 Aug 01 03:21:49 PDT	---	669392	936044	201	----	----	----
 Aug 01 03:22:51 PDT	---	669392	936044	214	----	----	----
 Aug 01 03:23:53 PDT	---	669392	936044	227	----	----	----
 Aug 01 03:24:54 PDT	---	669392	936044	240	----	----	----
 Aug 01 03:25:55 PDT	26730	694056	986220	240	642	1039	cmsRun -j /wntmp/condor/compute-14-29/execute/dir_7598/glide_jNMdPA/execute/dir_26225/crab_fjr_44.xml -p pset.py      
 Aug 01 03:25:55 PDT	---	694056	986220	254	----	----	----
# TIME			PID	RSS(KB)	VSZ(KB)	Dsk(MB)	tCPU(s)	tWALL(s)	COMMAND
 Aug 01 03:26:56 PDT	26730	694092	986220	254	693	1100	cmsRun -j /wntmp/condor/compute-14-29/execute/dir_7598/glide_jNMdPA/execute/dir_26225/crab_fjr_44.xml -p pset.py      
 Aug 01 03:26:56 PDT	---	694092	986220	267	----	----	----
 Aug 01 03:27:56 PDT	---	694092	986220	280	----	----	----
 Aug 01 03:28:58 PDT	---	694092	986220	290	----	----	----
 Aug 01 03:30:01 PDT	26730	694472	986220	290	838	1286	cmsRun -j /wntmp/condor/compute-14-29/execute/dir_7598/glide_jNMdPA/execute/dir_26225/crab_fjr_44.xml -p pset.py      
 Aug 01 03:30:01 PDT	---	694472	986220	304	----	----	----
 Aug 01 03:31:02 PDT	26730	694664	986220	304	890	1347	cmsRun -j /wntmp/condor/compute-14-29/execute/dir_7598/glide_jNMdPA/execute/dir_26225/crab_fjr_44.xml -p pset.py      
 Aug 01 03:31:02 PDT	---	694664	986220	320	----	----	----
 Aug 01 03:32:03 PDT	---	694664	986220	333	----	----	----
 Aug 01 03:33:04 PDT	---	694664	986220	346	----	----	----
 Aug 01 03:34:05 PDT	---	694664	986220	359	----	----	----
 Aug 01 03:35:06 PDT	---	694664	986220	366	----	----	----
 Aug 01 03:36:07 PDT	---	694664	986220	379	----	----	----
 Aug 01 03:37:07 PDT	---	694664	986220	382	----	----	----
 Aug 01 03:38:08 PDT	---	694664	986220	386	----	----	----
 Aug 01 03:39:09 PDT	---	694664	986220	392	----	----	----
 Aug 01 03:40:09 PDT	---	694664	986220	394	----	----	----
 Aug 01 03:44:11 PDT	---	694664	986220	401	----	----	----
 Aug 01 03:45:12 PDT	---	694664	986220	414	----	----	----
 Aug 01 03:46:13 PDT	---	694664	986220	426	----	----	----
 Aug 01 03:47:15 PDT	---	694664	986220	434	----	----	----
 Aug 01 03:48:17 PDT	---	694664	986220	437	----	----	----
 Aug 01 03:49:17 PDT	---	694664	986220	438	----	----	----
 Aug 01 03:50:18 PDT	---	694664	986220	444	----	----	----
 Aug 01 03:51:18 PDT	---	694664	986220	452	----	----	----
 Aug 01 03:52:21 PDT	26730	694840	986220	452	1439	2625	cmsRun -j /wntmp/condor/compute-14-29/execute/dir_7598/glide_jNMdPA/execute/dir_26225/crab_fjr_44.xml -p pset.py      
 Aug 01 03:52:21 PDT	---	694840	986220	463	----	----	----
 Aug 01 03:53:21 PDT	26730	694932	986220	463	1490	2688	cmsRun -j /wntmp/condor/compute-14-29/execute/dir_7598/glide_jNMdPA/execute/dir_26225/crab_fjr_44.xml -p pset.py      
 Aug 01 03:53:21 PDT	---	694932	986220	475	----	----	----
 Aug 01 03:54:24 PDT	---	694932	986220	489	----	----	----
# TIME			PID	RSS(KB)	VSZ(KB)	Dsk(MB)	tCPU(s)	tWALL(s)	COMMAND
 Aug 01 03:55:26 PDT	26730	694988	986220	489	1579	2810	cmsRun -j /wntmp/condor/compute-14-29/execute/dir_7598/glide_jNMdPA/execute/dir_26225/crab_fjr_44.xml -p pset.py      
 Aug 01 03:55:26 PDT	---	694988	986220	498	----	----	----
 Aug 01 03:56:27 PDT	---	694988	986220	514	----	----	----
 Aug 01 03:57:28 PDT	---	694988	986220	525	----	----	----
 Aug 01 03:58:29 PDT	---	694988	986220	537	----	----	----
 Aug 01 03:59:31 PDT	---	694988	986220	545	----	----	----
********** WATCHDOG LOG ENDED
ZIPPING WATCHDOG LOG
Disk space used:
du -sh /wntmp/condor/compute-14-29/execute/dir_7598/glide_jNMdPA/execute/dir_26225
17M	/wntmp/condor/compute-14-29/execute/dir_7598/glide_jNMdPA/execute/dir_26225
Found unusual stdout, rename for OSB
`/wntmp/condor/compute-14-29/execute/dir_7598/glide_jNMdPA/execute/dir_26225/_condor_stdout' -> `CMSSW_44.stdout'
Found unusual stderr, rename for OSB
`/wntmp/condor/compute-14-29/execute/dir_7598/glide_jNMdPA/execute/dir_26225/_condor_stdout' -> `CMSSW_44.stderr'
crab_fjr_44.xml
CMSSW_44.stdout
CMSSW_44.stderr
Watchdog_44.log.gz
Total Output dimension: 23281
WARNING: output files size limit is set to: 50000000
Total Output dimension 23281 is fine.
JOB_EXIT_STATUS = 60307
>>> info for dashboard:
***** Cat /wntmp/condor/compute-14-29/execute/dir_7598/glide_jNMdPA/execute/dir_26225/jobreport.txt *****
MonitorJobID=44_https://submit-4.t2.ucsd.edu//140801//331280.43
MonitorID=aelwood_140801_jJets_ngun_PU40bx25_1c84ps
ExeTime=3004
ExeExitCode=0
StageOutExitStatusReason = 'ERROR: problems checking if file /wntmp/condor/compute-14-29/execute/dir_7598/glide_jNMdPA/execute/dir_26225/cms_gEM4IfDCxS7j/CMSSW_7_1_0_pre8/L1SkimRun_44_1_Qg3.root already exist Error checking [L1SkimRun_44_1_Qg3.root] '
StageOutSE = srm-eoscms.cern.ch
StageOutExitStatus = 60307
CrabUserCpuTime=1712.66
CrabSysCpuTime=30.85
CrabCpuPercentage=58%
CrabWrapperTime=3334
CrabStageoutTime=249
JobExitCode=60307
***** End Cat jobreport *****
Parameters sent to Dashboard.
EXITING at Fri Aug  1 04:03:19 PDT 2014  -  Fri Aug  1 11:03:19 UTC 2014
