This script was generated by crab (version 2.10.6).
Running /wntmp/condor/compute-22-24/execute/dir_26948/glide_HUzwDp/execute/dir_28726/condor_exec.exe with 2 positional parameters: 40 1
Today is Fri Aug  1 03:06:49 PDT 2014 - Fri Aug  1 10:06:49 UTC 2014
Job submitted on host compute-22-24.tier2
Linux compute-22-24.tier2 2.6.32-358.6.2.el6.x86_64 #1 SMP Thu May 16 20:59:36 UTC 2013 x86_64 x86_64 x86_64 GNU/Linux
>>> current directory (RUNTIME_AREA): /wntmp/condor/compute-22-24/execute/dir_26948/glide_HUzwDp/execute/dir_28726
>>> current user: uid=20804(uscms4354) gid=504(cms) groups=504(cms),65014(glexec65014) context=unconfined_u:system_r:condor_startd_t:s0
>>> directory permission set to 0700
>>> umask set to:  u=rwx,g=,o=
>>> stdout stderr permission set to 0704
>>> voms proxy information:
subject   : /C=UK/O=eScience/OU=Imperial/L=Physics/CN=adam elwood/CN=1171778048/CN=1719300918
issuer    : /C=UK/O=eScience/OU=Imperial/L=Physics/CN=adam elwood/CN=1171778048
identity  : /C=UK/O=eScience/OU=Imperial/L=Physics/CN=adam elwood/CN=1171778048
type      : RFC compliant proxy
strength  : 1024 bits
path      : /wntmp/condor/compute-22-24/execute/dir_26948/glide_HUzwDp/execute/dir_28726/x509up_u41660
timeleft  : 23:59:58
key usage : Digital Signature, Key Encipherment, Key Agreement
=== VO cms extension information ===
VO        : cms
subject   : /C=UK/O=eScience/OU=Imperial/L=Physics/CN=adam elwood
issuer    : /DC=ch/DC=cern/OU=computers/CN=lcg-voms.cern.ch
attribute : /cms/Role=NULL/Capability=NULL
timeleft  : 191:46:27
uri       : lcg-voms.cern.ch:15002
WNHostName=compute-22-24.tier2
>>> tar --no-same-permissions -xf /wntmp/condor/compute-22-24/execute/dir_26948/glide_HUzwDp/execute/dir_28726/default.tgz :
Successful untar
>>> Include /wntmp/condor/compute-22-24/execute/dir_26948/glide_HUzwDp/execute/dir_28726 in PYTHONPATH:
strip arguments
env var CRAB_UNIQUE_JOB_ID set to: aelwood_140801_jJets_ngun_PU40bx25_1c84ps_40_1_ba9
out_files_40
>>> list of expected files on output sandbox
output files: crab_fjr_40.xml CMSSW_40.stdout CMSSW_40.stderr Watchdog_40.log.gz
>>> GridFlavour discovery: 
source OSG GRID setup script
GridFlavour=OSG
>>> SyncSite discovery: 
SyncSite=T2_US_Caltech
>>> SyncCE discovery: 
getting SyncCE from OSG_JOB_CONTACT
SyncCE=cit-gatekeeper.ultralight.org/jobmanager-condor
>>> info for dashboard:
***** Cat /wntmp/condor/compute-22-24/execute/dir_26948/glide_HUzwDp/execute/dir_28726/jobreport.txt *****
WNHostName=compute-22-24.tier2
MonitorJobID=40_https://submit-4.t2.ucsd.edu//140801//331280.39
SyncGridJobId=https://submit-4.t2.ucsd.edu//140801//331280.39
MonitorID=aelwood_140801_jJets_ngun_PU40bx25_1c84ps
GridFlavour=OSG
SyncSite=T2_US_Caltech
SyncCE=cit-gatekeeper.ultralight.org/jobmanager-condor
***** End Cat jobreport *****
Parameters sent to Dashboard.
>>> setup environment
set SCRAM ARCH to slc6_amd64_gcc481
SCRAM_ARCH = slc6_amd64_gcc481
>>> Created working directory: /wntmp/condor/compute-22-24/execute/dir_26948/glide_HUzwDp/execute/dir_28726/cms_vnKPeYDYmDW4
Change to working directory: /wntmp/condor/compute-22-24/execute/dir_26948/glide_HUzwDp/execute/dir_28726/cms_vnKPeYDYmDW4
>>> current directory (WORKING_DIR): /wntmp/condor/compute-22-24/execute/dir_26948/glide_HUzwDp/execute/dir_28726/cms_vnKPeYDYmDW4
>>> setup CMS OSG environment:
set SCRAM ARCH to slc6_amd64_gcc481
SCRAM_ARCH = slc6_amd64_gcc481
OSG_APP is /raid1/osg-app
sourcing /raid1/osg-app/cmssoft/cms/cmsset_default.sh ...
==> setup cms environment ok
SCRAM_ARCH = slc6_amd64_gcc481
>>> specific cmssw setup environment:
CMSSW_VERSION =  CMSSW_7_1_0_pre8
>>> current directory (SOFTWARE_DIR): /wntmp/condor/compute-22-24/execute/dir_26948/glide_HUzwDp/execute/dir_28726/cms_vnKPeYDYmDW4/CMSSW_7_1_0_pre8
PreserveSeeds: <>
IncrementSeeds:<>
>>> info for dashboard:
***** Cat /wntmp/condor/compute-22-24/execute/dir_26948/glide_HUzwDp/execute/dir_28726/jobreport.txt *****
MonitorJobID=40_https://submit-4.t2.ucsd.edu//140801//331280.39
MonitorID=aelwood_140801_jJets_ngun_PU40bx25_1c84ps
***** End Cat jobreport *****
Parameters sent to Dashboard.
crabWatchdog started as process 28909
>>> moving CMSSW software directories in /wntmp/condor/compute-22-24/execute/dir_26948/glide_HUzwDp/execute/dir_28726/cms_vnKPeYDYmDW4/CMSSW_7_1_0_pre8
mv: cannot stat `/wntmp/condor/compute-22-24/execute/dir_26948/glide_HUzwDp/execute/dir_28726/module/': No such file or directory
>>> Include /wntmp/condor/compute-22-24/execute/dir_26948/glide_HUzwDp/execute/dir_28726 in PYTHONPATH:
PYTHONPATH=/wntmp/condor/compute-22-24/execute/dir_26948/glide_HUzwDp/execute/dir_28726/:/wntmp/condor/compute-22-24/execute/dir_26948/glide_HUzwDp/execute/dir_28726/cms_vnKPeYDYmDW4/CMSSW_7_1_0_pre8/python:/wntmp/condor/compute-22-24/execute/dir_26948/glide_HUzwDp/execute/dir_28726/cms_vnKPeYDYmDW4/CMSSW_7_1_0_pre8/lib/slc6_amd64_gcc481:/cvmfs/cms.cern.ch/slc6_amd64_gcc481/cms/cmssw/CMSSW_7_1_0_pre8/python:/cvmfs/cms.cern.ch/slc6_amd64_gcc481/cms/cmssw/CMSSW_7_1_0_pre8/lib/slc6_amd64_gcc481:/cvmfs/cms.cern.ch/slc6_amd64_gcc481/cms/coral/CORAL_2_3_21-cms20/slc6_amd64_gcc481/python:/cvmfs/cms.cern.ch/slc6_amd64_gcc481/cms/coral/CORAL_2_3_21-cms20/slc6_amd64_gcc481/lib:/cvmfs/cms.cern.ch/slc6_amd64_gcc481/external/pyqt/4.8.1-cms/lib/python2.7/site-packages:/cvmfs/cms.cern.ch/slc6_amd64_gcc481/external/py2-scipy/0.8.0-cms/lib/python2.7/site-packages:/cvmfs/cms.cern.ch/slc6_amd64_gcc481/external/py2-matplotlib/1.2.1-cms/lib/python2.7/site-packages:/cvmfs/cms.cern.ch/slc6_amd64_gcc481/external/yoda/1.0.4/lib/python2.7/site-packages:/cvmfs/cms.cern.ch/slc6_amd64_gcc481/external/python-ldap/2.4.10-cms/lib/python2.7/site-packages:/cvmfs/cms.cern.ch/slc6_amd64_gcc481/external/sip/4.11.2-cms/lib/python2.7/site-packages:/cvmfs/cms.cern.ch/slc6_amd64_gcc481/external/llvm/3.4/lib/python2.7/site-packages:/cvmfs/cms.cern.ch/slc6_amd64_gcc481/external/py2-sqlalchemy/0.8.2-cms2/lib/python2.7/site-packages:/cvmfs/cms.cern.ch/slc6_amd64_gcc481/external/py2-pycurl/7.19.0-cms/lib/python2.7/site-packages:/cvmfs/cms.cern.ch/slc6_amd64_gcc481/external/py2-python-dateutil/1.1-cms/lib/python2.7/site-packages:/cvmfs/cms.cern.ch/slc6_amd64_gcc481/external/py2-numpy/1.6.1-cms/lib/python2.7/site-packages:/cvmfs/cms.cern.ch/slc6_amd64_gcc481/external/py2-lint/0.25.1-cms/lib/python2.7/site-packages:/cvmfs/cms.cern.ch/slc6_amd64_gcc481/external/py2-ipython/0.10-cms/lib/python2.7/site-packages:/cvmfs/cms.cern.ch/slc6_amd64_gcc481/external/py2-cx-oracle/5.1-cms2/lib/python2.7/site-packages:/cvmfs/cms.cern.ch/slc6_amd64_gcc481/external/py2-cjson/1.0.5-cms/lib/python2.7/site-packages:/cvmfs/cms.cern.ch/slc6_amd64_gcc481/external/frontier_client/2.8.10/python/lib:/cvmfs/cms.cern.ch/slc6_amd64_gcc481/cms/das-client/2.5.0/bin:/cvmfs/cms.cern.ch/slc6_amd64_gcc481/external/cython/0.19.1/lib/python2.7/site-packages:/cvmfs/cms.cern.ch/slc6_amd64_gcc481/external/rivet/1.8.2-cms4/lib/python2.7/site-packages:/cvmfs/cms.cern.ch/slc6_amd64_gcc481/external/pyminuit2/0.0.1-cms13/lib/python2.7/site-packages:/cvmfs/cms.cern.ch/slc6_amd64_gcc481/external/py2-pygithub/1.23.0/lib/python2.7/site-packages:/cvmfs/cms.cern.ch/slc6_amd64_gcc481/external/py2-networkx/1.8.1/lib/python2.7/site-packages:/cvmfs/cms.cern.ch/slc6_amd64_gcc481/external/professor/1.0.0-cms13/lib/python2.7/site-packages:/cvmfs/cms.cern.ch/slc6_amd64_gcc481/lcg/root/5.34.18/lib:/cvmfs/cms.cern.ch/slc6_amd64_gcc481/cms/dbs-client/DBS_2_1_9-cms/lib:/cvmfs/cms.cern.ch/slc6_amd64_gcc481/cms/dbs-client/DBS_2_1_9-cms/lib/DBSAPI:/cvmfs/cms.cern.ch/slc6_amd64_gcc481/external/cvs2git/5419-cms/lib:/wntmp/condor/compute-22-24/execute/dir_26948/glide_HUzwDp/execute/dir_28726/
 
# LIMITS USED BY CRAB WATCHDOG:
# RSS  (KBytes)   : 2300000
# VSZ  (KBytes)   : 100000000
# DISK (MBytes)   : 19000
# CPU TIME        : 720h:0m:0s
# WALL CLOCK TIME : 21h:50m:0s
 
951aa882d2ac167e3fe15038b4453880
PSETHASH = 951aa882d2ac167e3fe15038b4453880
/wntmp/condor/compute-22-24/execute/dir_26948/glide_HUzwDp/execute/dir_28726/writeCfg.py pset.py pset.py
Importing .py file
Setting parameters
RandomNumberGeneratorService found, will attempt to change seeds
inputBlocks=/Neutrino_Pt-2to20_gun/Fall13dr-tsg_PU40bx25_POSTLS162_V2-v1/GEN-SIM-RAW#09b9f490-7aa3-11e3-b1c2-003048f02d38
inputFiles=/store/mc/Fall13dr/Neutrino_Pt-2to20_gun/GEN-SIM-RAW/tsg_PU40bx25_POSTLS162_V2-v1/00002/7C677594-257B-E311-8D44-00261894389A.root;/store/mc/Fall13dr/Neutrino_Pt-2to20_gun/GEN-SIM-RAW/tsg_PU40bx25_POSTLS162_V2-v1/00002/20CFF157-207B-E311-BCBE-0025905A60E0.root;/store/mc/Fall13dr/Neutrino_Pt-2to20_gun/GEN-SIM-RAW/tsg_PU40bx25_POSTLS162_V2-v1/00002/AC683359-AE7A-E311-BC9E-0018F3D096BE.root;/store/mc/Fall13dr/Neutrino_Pt-2to20_gun/GEN-SIM-RAW/tsg_PU40bx25_POSTLS162_V2-v1/00002/70FBE5F3-3B7B-E311-9BCF-00261894397D.root;/store/mc/Fall13dr/Neutrino_Pt-2to20_gun/GEN-SIM-RAW/tsg_PU40bx25_POSTLS162_V2-v1/00002/F47D3A22-357B-E311-8547-0025905A60AA.root;/store/mc/Fall13dr/Neutrino_Pt-2to20_gun/GEN-SIM-RAW/tsg_PU40bx25_POSTLS162_V2-v1/00002/4C263528-397B-E311-9DB6-003048FF9AC6.root;/store/mc/Fall13dr/Neutrino_Pt-2to20_gun/GEN-SIM-RAW/tsg_PU40bx25_POSTLS162_V2-v1/00002/BEA7AF5D-3B7B-E311-8786-002618943860.root
parentFiles=/store/mc/Fall13/Neutrino_Pt-2to20_gun/GEN-SIM/POSTLS162_V1-v4/10000/90874101-AD68-E311-A2D1-90B11C2ACF20.root;/store/mc/Fall13/Neutrino_Pt-2to20_gun/GEN-SIM/POSTLS162_V1-v4/10000/869E6491-AB68-E311-8C53-0025901D08BE.root;/store/mc/Fall13/Neutrino_Pt-2to20_gun/GEN-SIM/POSTLS162_V1-v4/10000/7632CAE8-AB68-E311-AA1C-90B11C27EA38.root;/store/mc/Fall13/Neutrino_Pt-2to20_gun/GEN-SIM/POSTLS162_V1-v4/10000/54B76B39-AC68-E311-88C6-003048F5ADEA.root;/store/mc/Fall13/Neutrino_Pt-2to20_gun/GEN-SIM/POSTLS162_V1-v4/10000/8CC4F979-AC68-E311-864D-90B11C27F89E.root;/store/mc/Fall13/Neutrino_Pt-2to20_gun/GEN-SIM/POSTLS162_V1-v4/10000/F805F57C-AB68-E311-9B93-90B11C1DBFB4.root;/store/mc/Fall13/Neutrino_Pt-2to20_gun/GEN-SIM/POSTLS162_V1-v4/10000/243B2096-AB68-E311-B873-90B11C1DBFB4.root;/store/mc/Fall13/Neutrino_Pt-2to20_gun/GEN-SIM/POSTLS162_V1-v4/10000/6E4C50BF-AB68-E311-87EE-90B11C1DBFB4.root;/store/mc/Fall13/Neutrino_Pt-2to20_gun/GEN-SIM/POSTLS162_V1-v4/10000/1421B2BF-AB68-E311-A258-90B11C1DBFB4.root;/store/mc/Fall13/Neutrino_Pt-2to20_gun/GEN-SIM/POSTLS162_V1-v4/10000/40AEBFC1-AB68-E311-A9EA-90B11C2AA388.root;/store/mc/Fall13/Neutrino_Pt-2to20_gun/GEN-SIM/POSTLS162_V1-v4/10000/E49353C7-AB68-E311-A298-003048F5ADEA.root;/store/mc/Fall13/Neutrino_Pt-2to20_gun/GEN-SIM/POSTLS162_V1-v4/10000/0E75F3DF-AB68-E311-8BA9-003048F5B5F4.root;/store/mc/Fall13/Neutrino_Pt-2to20_gun/GEN-SIM/POSTLS162_V1-v4/10000/3228DBE4-AB68-E311-AFE5-0025904A91F6.root;/store/mc/Fall13/Neutrino_Pt-2to20_gun/GEN-SIM/POSTLS162_V1-v4/10000/08BDA2EE-AB68-E311-BD33-0025904AC2CA.root;/store/mc/Fall13/Neutrino_Pt-2to20_gun/GEN-SIM/POSTLS162_V1-v4/10000/32F7F53B-AC68-E311-AE43-003048F5B6A9.root;/store/mc/Fall13/Neutrino_Pt-2to20_gun/GEN-SIM/POSTLS162_V1-v4/10000/D88E20AB-AC68-E311-8CB4-0025901D08BE.root;/store/mc/Fall13/Neutrino_Pt-2to20_gun/GEN-SIM/POSTLS162_V1-v4/10000/784810E4-AC68-E311-97B0-00259048B754.root;/store/mc/Fall13/Neutrino_Pt-2to20_gun/GEN-SIM/POSTLS162_V1-v4/10000/3614EBAC-AC68-E311-8FDC-6C3BE5B55390.root;/store/mc/Fall13/Neutrino_Pt-2to20_gun/GEN-SIM/POSTLS162_V1-v4/10001/386918E7-AC68-E311-8493-6C3BE5B59150.root;/store/mc/Fall13/Neutrino_Pt-2to20_gun/GEN-SIM/POSTLS162_V1-v4/10001/70BB57FF-AC68-E311-B9B5-6C3BE5B5F210.root;/store/mc/Fall13/Neutrino_Pt-2to20_gun/GEN-SIM/POSTLS162_V1-v4/10001/7642FB00-AD68-E311-837E-6C3BE5B5B080.root;/store/mc/Fall13/Neutrino_Pt-2to20_gun/GEN-SIM/POSTLS162_V1-v4/10001/70BB57FF-AC68-E311-B9B5-6C3BE5B5F210.root;/store/mc/Fall13/Neutrino_Pt-2to20_gun/GEN-SIM/POSTLS162_V1-v4/10000/00ED2FEA-AA68-E311-BEEE-003048F5B2A0.root;/store/mc/Fall13/Neutrino_Pt-2to20_gun/GEN-SIM/POSTLS162_V1-v4/10000/12FEE907-AB68-E311-A9B9-90B11C27EA38.root;/store/mc/Fall13/Neutrino_Pt-2to20_gun/GEN-SIM/POSTLS162_V1-v4/10000/5ED692F4-AA68-E311-85A2-90B11C1DBFB4.root;/store/mc/Fall13/Neutrino_Pt-2to20_gun/GEN-SIM/POSTLS162_V1-v4/10000/5C0B7CF6-AA68-E311-BA32-003048F59754.root;/store/mc/Fall13/Neutrino_Pt-2to20_gun/GEN-SIM/POSTLS162_V1-v4/10000/14465A61-AB68-E311-83F0-90B11C2ACF20.root;/store/mc/Fall13/Neutrino_Pt-2to20_gun/GEN-SIM/POSTLS162_V1-v4/10000/8C0E4E91-AB68-E311-AF2C-0025901D08DE.root;/store/mc/Fall13/Neutrino_Pt-2to20_gun/GEN-SIM/POSTLS162_V1-v4/10001/386918E7-AC68-E311-8493-6C3BE5B59150.root;/store/mc/Fall13/Neutrino_Pt-2to20_gun/GEN-SIM/POSTLS162_V1-v4/10001/70BB57FF-AC68-E311-B9B5-6C3BE5B5F210.root;/store/mc/Fall13/Neutrino_Pt-2to20_gun/GEN-SIM/POSTLS162_V1-v4/10001/7642FB00-AD68-E311-837E-6C3BE5B5B080.root;/store/mc/Fall13/Neutrino_Pt-2to20_gun/GEN-SIM/POSTLS162_V1-v4/10000/00ED2FEA-AA68-E311-BEEE-003048F5B2A0.root;/store/mc/Fall13/Neutrino_Pt-2to20_gun/GEN-SIM/POSTLS162_V1-v4/10000/5ED692F4-AA68-E311-85A2-90B11C1DBFB4.root;/store/mc/Fall13/Neutrino_Pt-2to20_gun/GEN-SIM/POSTLS162_V1-v4/10000/5C0B7CF6-AA68-E311-BA32-003048F59754.root;/store/mc/Fall13/Neutrino_Pt-2to20_gun/GEN-SIM/POSTLS162_V1-v4/10000/14465A61-AB68-E311-83F0-90B11C2ACF20.root;/store/mc/Fall13/Neutrino_Pt-2to20_gun/GEN-SIM/POSTLS162_V1-v4/10001/386918E7-AC68-E311-8493-6C3BE5B59150.root;/store/mc/Fall13/Neutrino_Pt-2to20_gun/GEN-SIM/POSTLS162_V1-v4/10001/7642FB00-AD68-E311-837E-6C3BE5B5B080.root;/store/mc/Fall13/Neutrino_Pt-2to20_gun/GEN-SIM/POSTLS162_V1-v4/10000/5C0B7CF6-AA68-E311-BA32-003048F59754.root;/store/mc/Fall13/Neutrino_Pt-2to20_gun/GEN-SIM/POSTLS162_V1-v4/10000/14465A61-AB68-E311-83F0-90B11C2ACF20.root;/store/mc/Fall13/Neutrino_Pt-2to20_gun/GEN-SIM/POSTLS162_V1-v4/10000/869E6491-AB68-E311-8C53-0025901D08BE.root;/store/mc/Fall13/Neutrino_Pt-2to20_gun/GEN-SIM/POSTLS162_V1-v4/10000/A827F1D6-AB68-E311-8DBB-90B11C2ACF20.root;/store/mc/Fall13/Neutrino_Pt-2to20_gun/GEN-SIM/POSTLS162_V1-v4/10000/DEB470F4-AA68-E311-A5EC-90B11C1DBFB4.root
lumisRange=
>>> Executable cmsRun
/cvmfs/cms.cern.ch/slc6_amd64_gcc481/cms/cmssw/CMSSW_7_1_0_pre8/bin/slc6_amd64_gcc481/cmsRun
ok executable found
>>> info for dashboard:
***** Cat /wntmp/condor/compute-22-24/execute/dir_26948/glide_HUzwDp/execute/dir_28726/jobreport.txt *****
MonitorJobID=40_https://submit-4.t2.ucsd.edu//140801//331280.39
MonitorID=aelwood_140801_jJets_ngun_PU40bx25_1c84ps
ExeStart=cmsRun
***** End Cat jobreport *****
Parameters sent to Dashboard.
>>> cmsRun started at Fri Aug  1 10:07:00 UTC 2014
>>> cmsRun ended at Fri Aug  1 10:53:14 UTC 2014
>>> crab_fjr_*.xml  permission set to 0704
>>> info for dashboard:
***** Cat /wntmp/condor/compute-22-24/execute/dir_26948/glide_HUzwDp/execute/dir_28726/jobreport.txt *****
MonitorJobID=40_https://submit-4.t2.ucsd.edu//140801//331280.39
MonitorID=aelwood_140801_jJets_ngun_PU40bx25_1c84ps
ExeEnd=cmsRun
***** End Cat jobreport *****
Parameters sent to Dashboard.
TIME_EXE = 2774 sec
>>> cmsRun wrote 60 lines of stdout+stderr
>>> START OF printout of 60 lines from stdout+stderr
==> using COND/Services/RelationalAuthenticationService for auth, sys 1
==> using COND/Services/RelationalAuthenticationService for auth, sys 1
01-Aug-2014 03:07:15 PDT  Initiating request to open file /mnt/hadoop/store/mc/Fall13dr/Neutrino_Pt-2to20_gun/GEN-SIM-RAW/tsg_PU40bx25_POSTLS162_V2-v1/00002/7C677594-257B-E311-8D44-00261894389A.root
01-Aug-2014 03:07:16 PDT  Successfully opened file /mnt/hadoop/store/mc/Fall13dr/Neutrino_Pt-2to20_gun/GEN-SIM-RAW/tsg_PU40bx25_POSTLS162_V2-v1/00002/7C677594-257B-E311-8D44-00261894389A.root
01-Aug-2014 03:07:18 PDT  Initiating request to open file /mnt/hadoop/store/mc/Fall13/Neutrino_Pt-2to20_gun/GEN-SIM/POSTLS162_V1-v4/10000/90874101-AD68-E311-A2D1-90B11C2ACF20.root
01-Aug-2014 03:07:18 PDT  Fallback request to file root://cmsxrootd.fnal.gov//store/mc/Fall13/Neutrino_Pt-2to20_gun/GEN-SIM/POSTLS162_V1-v4/10000/90874101-AD68-E311-A2D1-90B11C2ACF20.root
140801 03:07:21 29478 Xrd: CheckErrorStatus: Server [cmssrmdisk.fnal.gov:1095] declared: Request 3018 not supported(error code: 3013)
01-Aug-2014 03:07:21 PDT  Successfully opened file root://cmsxrootd.fnal.gov//store/mc/Fall13/Neutrino_Pt-2to20_gun/GEN-SIM/POSTLS162_V1-v4/10000/90874101-AD68-E311-A2D1-90B11C2ACF20.root
01-Aug-2014 03:07:30 PDT  Closed file root://cmsxrootd.fnal.gov//store/mc/Fall13/Neutrino_Pt-2to20_gun/GEN-SIM/POSTLS162_V1-v4/10000/90874101-AD68-E311-A2D1-90B11C2ACF20.root
Stage1Layer2Producer -- Running pp implementation


----------------------------------------
Begin: L1CaloTowerProducer
----------------------------------------

01-Aug-2014 03:10:02 PDT  Closed file /mnt/hadoop/store/mc/Fall13dr/Neutrino_Pt-2to20_gun/GEN-SIM-RAW/tsg_PU40bx25_POSTLS162_V2-v1/00002/7C677594-257B-E311-8D44-00261894389A.root
01-Aug-2014 03:10:02 PDT  Initiating request to open file /mnt/hadoop/store/mc/Fall13dr/Neutrino_Pt-2to20_gun/GEN-SIM-RAW/tsg_PU40bx25_POSTLS162_V2-v1/00002/20CFF157-207B-E311-BCBE-0025905A60E0.root
01-Aug-2014 03:10:02 PDT  Successfully opened file /mnt/hadoop/store/mc/Fall13dr/Neutrino_Pt-2to20_gun/GEN-SIM-RAW/tsg_PU40bx25_POSTLS162_V2-v1/00002/20CFF157-207B-E311-BCBE-0025905A60E0.root
140801 03:12:48 30084 Xrd: XrdClientMessage::ReadRaw: Failed to read header (8 bytes).
140801 03:12:49 30087 Xrd: XrdClientMessage::ReadRaw: Failed to read header (8 bytes).
01-Aug-2014 03:18:35 PDT  Closed file /mnt/hadoop/store/mc/Fall13dr/Neutrino_Pt-2to20_gun/GEN-SIM-RAW/tsg_PU40bx25_POSTLS162_V2-v1/00002/20CFF157-207B-E311-BCBE-0025905A60E0.root
01-Aug-2014 03:18:35 PDT  Initiating request to open file /mnt/hadoop/store/mc/Fall13dr/Neutrino_Pt-2to20_gun/GEN-SIM-RAW/tsg_PU40bx25_POSTLS162_V2-v1/00002/AC683359-AE7A-E311-BC9E-0018F3D096BE.root
01-Aug-2014 03:18:35 PDT  Successfully opened file /mnt/hadoop/store/mc/Fall13dr/Neutrino_Pt-2to20_gun/GEN-SIM-RAW/tsg_PU40bx25_POSTLS162_V2-v1/00002/AC683359-AE7A-E311-BC9E-0018F3D096BE.root
140801 03:27:48 30086 Xrd: XrdClientMessage::ReadRaw: Failed to read header (8 bytes).
140801 03:27:48 30078 Xrd: XrdClientMessage::ReadRaw: Failed to read header (8 bytes).
140801 03:27:49 30082 Xrd: XrdClientMessage::ReadRaw: Failed to read header (8 bytes).
01-Aug-2014 03:28:02 PDT  Closed file /mnt/hadoop/store/mc/Fall13dr/Neutrino_Pt-2to20_gun/GEN-SIM-RAW/tsg_PU40bx25_POSTLS162_V2-v1/00002/AC683359-AE7A-E311-BC9E-0018F3D096BE.root
01-Aug-2014 03:28:02 PDT  Initiating request to open file /mnt/hadoop/store/mc/Fall13dr/Neutrino_Pt-2to20_gun/GEN-SIM-RAW/tsg_PU40bx25_POSTLS162_V2-v1/00002/70FBE5F3-3B7B-E311-9BCF-00261894397D.root
01-Aug-2014 03:28:02 PDT  Successfully opened file /mnt/hadoop/store/mc/Fall13dr/Neutrino_Pt-2to20_gun/GEN-SIM-RAW/tsg_PU40bx25_POSTLS162_V2-v1/00002/70FBE5F3-3B7B-E311-9BCF-00261894397D.root
01-Aug-2014 03:35:49 PDT  Closed file /mnt/hadoop/store/mc/Fall13dr/Neutrino_Pt-2to20_gun/GEN-SIM-RAW/tsg_PU40bx25_POSTLS162_V2-v1/00002/70FBE5F3-3B7B-E311-9BCF-00261894397D.root
01-Aug-2014 03:35:49 PDT  Initiating request to open file /mnt/hadoop/store/mc/Fall13dr/Neutrino_Pt-2to20_gun/GEN-SIM-RAW/tsg_PU40bx25_POSTLS162_V2-v1/00002/F47D3A22-357B-E311-8547-0025905A60AA.root
01-Aug-2014 03:35:50 PDT  Successfully opened file /mnt/hadoop/store/mc/Fall13dr/Neutrino_Pt-2to20_gun/GEN-SIM-RAW/tsg_PU40bx25_POSTLS162_V2-v1/00002/F47D3A22-357B-E311-8547-0025905A60AA.root
01-Aug-2014 03:44:13 PDT  Closed file /mnt/hadoop/store/mc/Fall13dr/Neutrino_Pt-2to20_gun/GEN-SIM-RAW/tsg_PU40bx25_POSTLS162_V2-v1/00002/F47D3A22-357B-E311-8547-0025905A60AA.root
01-Aug-2014 03:44:13 PDT  Initiating request to open file /mnt/hadoop/store/mc/Fall13dr/Neutrino_Pt-2to20_gun/GEN-SIM-RAW/tsg_PU40bx25_POSTLS162_V2-v1/00002/4C263528-397B-E311-9DB6-003048FF9AC6.root
01-Aug-2014 03:44:17 PDT  Successfully opened file /mnt/hadoop/store/mc/Fall13dr/Neutrino_Pt-2to20_gun/GEN-SIM-RAW/tsg_PU40bx25_POSTLS162_V2-v1/00002/4C263528-397B-E311-9DB6-003048FF9AC6.root
01-Aug-2014 03:52:59 PDT  Closed file /mnt/hadoop/store/mc/Fall13dr/Neutrino_Pt-2to20_gun/GEN-SIM-RAW/tsg_PU40bx25_POSTLS162_V2-v1/00002/4C263528-397B-E311-9DB6-003048FF9AC6.root
01-Aug-2014 03:52:59 PDT  Initiating request to open file /mnt/hadoop/store/mc/Fall13dr/Neutrino_Pt-2to20_gun/GEN-SIM-RAW/tsg_PU40bx25_POSTLS162_V2-v1/00002/BEA7AF5D-3B7B-E311-8786-002618943860.root
01-Aug-2014 03:52:59 PDT  Successfully opened file /mnt/hadoop/store/mc/Fall13dr/Neutrino_Pt-2to20_gun/GEN-SIM-RAW/tsg_PU40bx25_POSTLS162_V2-v1/00002/BEA7AF5D-3B7B-E311-8786-002618943860.root
01-Aug-2014 03:53:08 PDT  Closed file /mnt/hadoop/store/mc/Fall13dr/Neutrino_Pt-2to20_gun/GEN-SIM-RAW/tsg_PU40bx25_POSTLS162_V2-v1/00002/BEA7AF5D-3B7B-E311-8786-002618943860.root

=============================================

MessageLogger Summary

 type     category        sev    module        subroutine        count    total
 ---- -------------------- -- ---------------- ----------------  -----    -----
    1 fileAction           -s AfterFile                              4        4
    2 fileAction           -s file_close                             7        7
    3 fileAction           -s file_open                             14       14

 type    category    Examples: run/evt        run/evt          run/evt
 ---- -------------------- ---------------- ---------------- ----------------
    1 fileAction           pre-events       pre-events       pre-events
    2 fileAction           PostProcessEvent PostProcessEvent PostEndRun
    3 fileAction           pre-events       pre-events       PostProcessEvent

Severity    # Occurrences   Total Occurrences
--------    -------------   -----------------
System                 25                  25
>>> END OF printout of 60 lines from stdout+stderr
>>> Parse FrameworkJobReport crab_fjr.xml
Result of parsing the FrameworkJobReport crab_fjr.xml: 
Extracted ExitStatus from FrameworkJobReport parsing output: 0
>>> Executable succeded  0
ExeExitCode=0
EXECUTABLE_EXIT_STATUS = 0
>>> current directory /wntmp/condor/compute-22-24/execute/dir_26948/glide_HUzwDp/execute/dir_28726/cms_vnKPeYDYmDW4/CMSSW_7_1_0_pre8
>>>  (SOFTWARE_DIR): /wntmp/condor/compute-22-24/execute/dir_26948/glide_HUzwDp/execute/dir_28726/cms_vnKPeYDYmDW4/CMSSW_7_1_0_pre8
>>> (WORKING_DIR): /wntmp/condor/compute-22-24/execute/dir_26948/glide_HUzwDp/execute/dir_28726/cms_vnKPeYDYmDW4
>>> current directory content:
total 468556
drwxr-xr-x. 3 uscms4354 cms      4096 Aug  1 03:06 .SCRAM
-rw-------. 1 uscms4354 cms    916533 Aug  1 03:06 CMSSW.py.pkl
-rw-------. 1 uscms4354 cms 477873630 Aug  1 03:53 L1SkimRun.root
drwxr-xr-x. 3 uscms4354 cms      4096 Aug  1 03:06 bin
drwxr-xr-x. 3 uscms4354 cms      4096 Aug  1 03:06 cfipython
drwxr-xr-x. 4 uscms4354 cms      4096 Aug  1 03:06 config
-rw-------. 1 uscms4354 cms        18 Aug  1 03:53 cpu_timing.txt
drwxr-xr-x. 2 uscms4354 cms      4096 Aug  1 03:06 doc
-rw-------. 1 uscms4354 cms      6578 Aug  1 03:53 executable.out
drwxr-xr-x. 2 uscms4354 cms      4096 Aug  1 03:06 include
drwx------. 3 uscms4354 cms      4096 Aug  1 00:37 lib
drwxr-xr-x. 3 uscms4354 cms      4096 Aug  1 03:06 logs
drwxr-xr-x. 3 uscms4354 cms      4096 Aug  1 03:06 objs
-rw-------. 1 uscms4354 cms       104 Aug  1 03:06 pset.py
-rw-------. 1 uscms4354 cms    924375 Aug  1 03:06 pset.py.pkl
-rw-------. 1 uscms4354 cms       289 Aug  1 03:06 pset.pyc
drwxr-xr-x. 2 uscms4354 cms      4096 Aug  1 03:06 python
-rw-------. 1 uscms4354 cms       419 Aug  1 03:53 report.log
drwx------. 5 uscms4354 cms      4096 Aug  1 03:06 src
drwxr-xr-x. 3 uscms4354 cms      4096 Aug  1 03:06 test
drwxr-xr-x. 3 uscms4354 cms      4096 Aug  1 03:06 tmp
>>> current directory /wntmp/condor/compute-22-24/execute/dir_26948/glide_HUzwDp/execute/dir_28726/cms_vnKPeYDYmDW4/CMSSW_7_1_0_pre8
>>> (SOFTWARE_DIR): /wntmp/condor/compute-22-24/execute/dir_26948/glide_HUzwDp/execute/dir_28726/cms_vnKPeYDYmDW4/CMSSW_7_1_0_pre8
>>> (WORKING_DIR): /wntmp/condor/compute-22-24/execute/dir_26948/glide_HUzwDp/execute/dir_28726/cms_vnKPeYDYmDW4
>>> current directory content:
total 468556
drwxr-xr-x. 3 uscms4354 cms      4096 Aug  1 03:06 .SCRAM
-rw-------. 1 uscms4354 cms    916533 Aug  1 03:06 CMSSW.py.pkl
-rw-------. 1 uscms4354 cms 477873630 Aug  1 03:53 L1SkimRun_40_1_ba9.root
drwxr-xr-x. 3 uscms4354 cms      4096 Aug  1 03:06 bin
drwxr-xr-x. 3 uscms4354 cms      4096 Aug  1 03:06 cfipython
drwxr-xr-x. 4 uscms4354 cms      4096 Aug  1 03:06 config
-rw-------. 1 uscms4354 cms        18 Aug  1 03:53 cpu_timing.txt
drwxr-xr-x. 2 uscms4354 cms      4096 Aug  1 03:06 doc
-rw-------. 1 uscms4354 cms      6578 Aug  1 03:53 executable.out
drwxr-xr-x. 2 uscms4354 cms      4096 Aug  1 03:06 include
drwx------. 3 uscms4354 cms      4096 Aug  1 00:37 lib
drwxr-xr-x. 3 uscms4354 cms      4096 Aug  1 03:06 logs
drwxr-xr-x. 3 uscms4354 cms      4096 Aug  1 03:06 objs
-rw-------. 1 uscms4354 cms       104 Aug  1 03:06 pset.py
-rw-------. 1 uscms4354 cms    924375 Aug  1 03:06 pset.py.pkl
-rw-------. 1 uscms4354 cms       289 Aug  1 03:06 pset.pyc
drwxr-xr-x. 2 uscms4354 cms      4096 Aug  1 03:06 python
-rw-------. 1 uscms4354 cms       419 Aug  1 03:53 report.log
drwx------. 5 uscms4354 cms      4096 Aug  1 03:06 src
drwxr-xr-x. 3 uscms4354 cms      4096 Aug  1 03:06 test
drwxr-xr-x. 3 uscms4354 cms      4096 Aug  1 03:06 tmp
>>> current directory (RUNTIME_AREA):  /wntmp/condor/compute-22-24/execute/dir_26948/glide_HUzwDp/execute/dir_28726
SE = srm-eoscms.cern.ch
SE_PATH = /srm/v2/server?SFN=/eos/cms/store/user/aelwood/140801_jJets_ngun_PU40bx25/
LFNBaseName = /store/user/aelwood/140801_jJets_ngun_PU40bx25/
USER = aelwood
endpoint = srm://srm-eoscms.cern.ch:8443/srm/v2/server?SFN=/eos/cms/store/user/aelwood/140801_jJets_ngun_PU40bx25/
>>> Copy output files from WN = compute-22-24.tier2 to /srm/v2/server?SFN=/eos/cms/store/user/aelwood/140801_jJets_ngun_PU40bx25/ :
python cmscp.py  --destination srm://srm-eoscms.cern.ch:8443/srm/v2/server?SFN=/eos/cms/store/user/aelwood/140801_jJets_ngun_PU40bx25/ --inputFileList /wntmp/condor/compute-22-24/execute/dir_26948/glide_HUzwDp/execute/dir_28726/cms_vnKPeYDYmDW4/CMSSW_7_1_0_pre8/L1SkimRun_40_1_ba9.root --middleware OSG --se_name srm-eoscms.cern.ch --for_lfn /store/user/aelwood/140801_jJets_ngun_PU40bx25/    
******************************************************
localSeName  =  cit-se.ultralight.org
remoteSeName =  srm-eoscms.cern.ch
******************************************************
{"/wntmp/condor/compute-22-24/execute/dir_26948/glide_HUzwDp/execute/dir_28726/cms_vnKPeYDYmDW4/CMSSW_7_1_0_pre8/L1SkimRun_40_1_ba9.root": {"endpoint": "srm://srm-eoscms.cern.ch:8443/srm/v2/server?SFN=/eos/cms/store/user/aelwood/140801_jJets_ngun_PU40bx25/", "surl_for_grid": "", "reason": "ERROR: problems checking if file /wntmp/condor/compute-22-24/execute/dir_26948/glide_HUzwDp/execute/dir_28726/cms_vnKPeYDYmDW4/CMSSW_7_1_0_pre8/L1SkimRun_40_1_ba9.root already exist'Error checking [L1SkimRun_40_1_ba9.root]'", "erCode": "60307", "se_name": "srm-eoscms.cern.ch", "for_lfn": "/copy_problem/"}}/wntmp/condor/compute-22-24/execute/dir_26948/glide_HUzwDp/execute/dir_28726
-------- cat /wntmp/condor/compute-22-24/execute/dir_26948/glide_HUzwDp/execute/dir_28726/cmscpReport.sh 
#!/bin/bash
echo "Report for File: /wntmp/condor/compute-22-24/execute/dir_26948/glide_HUzwDp/execute/dir_28726/cms_vnKPeYDYmDW4/CMSSW_7_1_0_pre8/L1SkimRun_40_1_ba9.root"
echo "LFN: /copy_problem/L1SkimRun_40_1_ba9.root"
echo "StorageElement: srm-eoscms.cern.ch"
echo "StageOutExitStatusReason = 'ERROR: problems checking if file /wntmp/condor/compute-22-24/execute/dir_26948/glide_HUzwDp/execute/dir_28726/cms_vnKPeYDYmDW4/CMSSW_7_1_0_pre8/L1SkimRun_40_1_ba9.root already exist Error checking [L1SkimRun_40_1_ba9.root] '" | tee -a $RUNTIME_AREA/$repo
echo "StageOutSE = srm-eoscms.cern.ch" >> $RUNTIME_AREA/$repo

export StageOutExitStatus=60307
echo "StageOutExitStatus = 60307" | tee -a $RUNTIME_AREA/$repo
-------- end of /wntmp/condor/compute-22-24/execute/dir_26948/glide_HUzwDp/execute/dir_28726/cmscpReport.sh 
Report for File: /wntmp/condor/compute-22-24/execute/dir_26948/glide_HUzwDp/execute/dir_28726/cms_vnKPeYDYmDW4/CMSSW_7_1_0_pre8/L1SkimRun_40_1_ba9.root
LFN: /copy_problem/L1SkimRun_40_1_ba9.root
StorageElement: srm-eoscms.cern.ch
StageOutExitStatusReason = 'ERROR: problems checking if file /wntmp/condor/compute-22-24/execute/dir_26948/glide_HUzwDp/execute/dir_28726/cms_vnKPeYDYmDW4/CMSSW_7_1_0_pre8/L1SkimRun_40_1_ba9.root already exist Error checking [L1SkimRun_40_1_ba9.root] '
StageOutExitStatus = 60307
Problem copying file to srm-eoscms.cern.ch /srm/v2/server?SFN=/eos/cms/store/user/aelwood/140801_jJets_ngun_PU40bx25/
########## contents of SE interaction
2014-08-01 03:53:31.430481:
Executed:	unset LD_LIBRARY_PATH; unset GLITE_ENV_SET; export PATH=/usr/bin:/bin; source /etc/profile; source /wntmp/condor/compute-22-24/execute/dir_26948/glide_HUzwDp/execute/dir_28726/CacheEnv.sh ; lcg-ls -b -D srmv2 --srm-timeout 2400 --sendreceive-timeout 2400 --connect-timeout 300 --verbose srm://srm-eoscms.cern.ch:8443/srm/v2/server?SFN=/eos/cms/store/user/aelwood/140801_jJets_ngun_PU40bx25/L1SkimRun_40_1_ba9.root
Done with exit code:	1
and output:
SE type: SRMv2
[SE][Ls][] httpg://srm-eoscms.cern.ch:8443/srm/v2/server: CGSI-gSOAP running on compute-22-24.tier2 reports Error initializing context
GSS Major Status: Authentication Failed

GSS Minor Status Error Chain:
globus_gsi_gssapi: SSLv3 handshake problems
OpenSSL Error: s3_clnt.c:1168: in library: SSL routines, function SSL3_GET_SERVER_CERTIFICATE: certificate verify failed
globus_gsi_callback_module: Could not verify credential
globus_gsi_callback_module: Can't get the local trusted CA certificate: Cannot find trusted CA certificate with hash 5168735f in /etc/grid-security/certificates/



#####################################
>>> current dir: /wntmp/condor/compute-22-24/execute/dir_26948/glide_HUzwDp/execute/dir_28726
>>> current dir content:
total 15124
-rw-------. 1 uscms4354 cms     1094 Aug  1 03:53 .SEinteraction.log
-rwx------. 1 uscms4354 cms     6632 Aug  1 03:06 .job.ad
-rwx------. 1 uscms4354 cms     9651 Aug  1 03:06 .machine.ad
-rw-------. 1 uscms4354 cms      105 Aug  1 02:57 CMSSW.py
-rw-------. 1 uscms4354 cms   916533 Aug  1 02:57 CMSSW.py.pkl
-rwx------. 1 uscms4354 cms    28576 Aug  1 03:06 CMSSW.sh
-rw-------. 1 uscms4354 cms      170 Aug  1 03:06 CacheEnv.sh
-rw-------. 1 uscms4354 cms     7291 Jul 12 08:18 DashboardAPI.py
-rw-------. 1 uscms4354 cms     6770 Aug  1 03:06 DashboardAPI.pyc
drwx------. 2 uscms4354 cms     4096 Aug  1 03:53 IMProv
lrwxrwxrwx. 1 uscms4354 cms      134 Aug  1 03:53 L1SkimRun.root -> /wntmp/condor/compute-22-24/execute/dir_26948/glide_HUzwDp/execute/dir_28726/cms_vnKPeYDYmDW4/CMSSW_7_1_0_pre8/L1SkimRun_40_1_ba9.root
-rw-------. 1 uscms4354 cms     2748 Jul 12 08:18 Logger.py
-rw-------. 1 uscms4354 cms     3332 Aug  1 03:06 Logger.pyc
-rw-------. 1 uscms4354 cms    24524 Jul 12 08:18 ProcInfo.py
-rw-------. 1 uscms4354 cms    23125 Aug  1 03:06 ProcInfo.pyc
drwx------. 7 uscms4354 cms     4096 Aug  1 03:06 ProdCommon
drwx------. 3 uscms4354 cms     4096 Aug  1 03:06 WMCore
-rw-------. 1 uscms4354 cms     6377 Aug  1 03:53 Watchdog_40.log
-rwx------. 1 uscms4354 cms        0 Aug  1 03:06 _condor_stderr
-rwx---r--. 1 uscms4354 cms    29732 Aug  1 03:55 _condor_stdout
-rw-------. 1 uscms4354 cms    32895 Jul 12 08:18 apmon.py
-rw-------. 1 uscms4354 cms    28538 Aug  1 03:06 apmon.pyc
-rwx------. 1 uscms4354 cms   240046 Aug  1 03:06 arguments.xml
drwx------. 3 uscms4354 cms     4096 Aug  1 03:06 cms_vnKPeYDYmDW4
-rwx------. 1 uscms4354 cms    38524 Jul 12 08:18 cmscp.py
-rw-------. 1 uscms4354 cms      710 Aug  1 03:55 cmscpReport.sh
-rwx------. 1 uscms4354 cms    28576 Aug  1 03:06 condor_exec.exe
-rw-------. 1 uscms4354 cms      759 Aug  1 02:56 crab.cfg
-rwx------. 1 uscms4354 cms     8610 Jul 12 08:18 crabWatchdog.sh
-rwx---r--. 1 uscms4354 cms    76655 Aug  1 03:53 crab_fjr_40.xml
-rwx------. 1 uscms4354 cms 13818897 Aug  1 03:06 default.tgz
-rwx------. 1 uscms4354 cms     4488 Jul 12 08:18 fillCrabFjr.py
-rw-------. 1 uscms4354 cms     5729 Aug  1 03:06 inputsReport.txt
-rw-------. 1 uscms4354 cms      455 Aug  1 03:55 jobreport.txt
-rw-------. 1 uscms4354 cms    17352 Jul 12 08:18 parseCrabFjr.py
-rw-------. 1 uscms4354 cms      342 Aug  1 03:06 report.log
-rwx--x--x. 1 uscms4354 cms     1497 Jul 12 08:18 report.py
-rw-------. 1 uscms4354 cms      598 Aug  1 03:55 resultCopyFile
-rwx------. 1 uscms4354 cms     8351 Jul 12 08:18 writeCfg.py
-rw-------. 1 uscms4354 cms     8087 Aug  1 03:06 x509up_u41660
>>> Modify Job Report:
CMSSW_VERSION = CMSSW_7_1_0_pre8
/wntmp/condor/compute-22-24/execute/dir_26948/glide_HUzwDp/execute/dir_28726/ProdCommon/FwkJobRep/ModifyJobReport.py fjr /wntmp/condor/compute-22-24/execute/dir_26948/glide_HUzwDp/execute/dir_28726/crab_fjr_40.xml json /wntmp/condor/compute-22-24/execute/dir_26948/glide_HUzwDp/execute/dir_28726/resultCopyFile n_job 40_1_ba9 PrimaryDataset Neutrino_Pt-2to20_gun  ApplicationFamily cmsRun ApplicationName cmsRun cmssw_version CMSSW_7_1_0_pre8 psethash 951aa882d2ac167e3fe15038b4453880
inputDict =  {u'/wntmp/condor/compute-22-24/execute/dir_26948/glide_HUzwDp/execute/dir_28726/cms_vnKPeYDYmDW4/CMSSW_7_1_0_pre8/L1SkimRun_40_1_ba9.root': {u'endpoint': u'srm://srm-eoscms.cern.ch:8443/srm/v2/server?SFN=/eos/cms/store/user/aelwood/140801_jJets_ngun_PU40bx25/', u'surl_for_grid': u'', u'reason': u"ERROR: problems checking if file /wntmp/condor/compute-22-24/execute/dir_26948/glide_HUzwDp/execute/dir_28726/cms_vnKPeYDYmDW4/CMSSW_7_1_0_pre8/L1SkimRun_40_1_ba9.root already exist'Error checking [L1SkimRun_40_1_ba9.root]'", u'erCode': u'60307', u'se_name': u'srm-eoscms.cern.ch', u'for_lfn': u'/copy_problem/'}}
UserProcessedDataset =  
file_name in inputDict =  /wntmp/condor/compute-22-24/execute/dir_26948/glide_HUzwDp/execute/dir_28726/cms_vnKPeYDYmDW4/CMSSW_7_1_0_pre8/L1SkimRun_40_1_ba9.root
(size) os.stat(filename)[6] =  477873630
checksum =  2646825639
    file =  L1SkimRun_40_1_ba9.root
    newPfn =  srm://srm-eoscms.cern.ch:8443/srm/v2/server?SFN=/eos/cms/store/user/aelwood/140801_jJets_ngun_PU40bx25/L1SkimRun_40_1_ba9.root
    newLfn =  /copy_problem/L1SkimRun_40_1_ba9.root
>>> crab_fjr_*.xml  permission set to 0704
CrabWrapper EXIT_FUNC entered at Fri Aug  1 03:55:49 PDT 2014   -  Fri Aug  1 10:55:49 UTC 2014
Checking output files:  
will tar file crab_fjr_40.xml in  out_files_40
WARNING: output file CMSSW_40.stdout not found!
WARNING: output file CMSSW_40.stderr not found!
WARNING: output file Watchdog_40.log.gz not found!
>>> working dir = /wntmp/condor/compute-22-24/execute/dir_26948/glide_HUzwDp/execute/dir_28726/cms_vnKPeYDYmDW4
>>> current directory (RUNTIME_AREA): /wntmp/condor/compute-22-24/execute/dir_26948/glide_HUzwDp/execute/dir_28726
>>> Remove working directory: /wntmp/condor/compute-22-24/execute/dir_26948/glide_HUzwDp/execute/dir_28726/cms_vnKPeYDYmDW4
/wntmp/condor/compute-22-24/execute/dir_26948/glide_HUzwDp/execute/dir_28726/condor_exec.exe: line 140: symlinks: command not found
>>> padding time: Wrapper lasting more than 600 seconds. No sleep required.
STOPPING WATCHDOG. CrabWatchdog PID is 28909
********** LAST 50 LINES OF WATCHDOG LOG
 Aug 01 03:13:02 PDT	29478	702424	970096	132	269	368	cmsRun -j /wntmp/condor/compute-22-24/execute/dir_26948/glide_HUzwDp/execute/dir_28726/crab_fjr_40.xml -p pset.py      
 Aug 01 03:13:02 PDT	---	702424	970096	144	----	----	----
 Aug 01 03:14:03 PDT	29478	702872	970096	144	318	429	cmsRun -j /wntmp/condor/compute-22-24/execute/dir_26948/glide_HUzwDp/execute/dir_28726/crab_fjr_40.xml -p pset.py      
 Aug 01 03:14:03 PDT	---	702872	970096	154	----	----	----
 Aug 01 03:15:04 PDT	29478	703316	970096	154	368	490	cmsRun -j /wntmp/condor/compute-22-24/execute/dir_26948/glide_HUzwDp/execute/dir_28726/crab_fjr_40.xml -p pset.py      
 Aug 01 03:15:04 PDT	---	703316	970096	165	----	----	----
 Aug 01 03:16:06 PDT	29478	703344	970096	165	418	552	cmsRun -j /wntmp/condor/compute-22-24/execute/dir_26948/glide_HUzwDp/execute/dir_28726/crab_fjr_40.xml -p pset.py      
 Aug 01 03:16:06 PDT	---	703344	970096	175	----	----	----
 Aug 01 03:17:07 PDT	---	703344	970096	185	----	----	----
 Aug 01 03:18:08 PDT	---	703344	970096	197	----	----	----
 Aug 01 03:19:09 PDT	---	703344	970096	205	----	----	----
 Aug 01 03:20:10 PDT	---	703344	970096	214	----	----	----
 Aug 01 03:21:11 PDT	---	703344	970096	223	----	----	----
 Aug 01 03:22:12 PDT	---	703344	970096	229	----	----	----
 Aug 01 03:23:14 PDT	---	703344	970096	232	----	----	----
# TIME			PID	RSS(KB)	VSZ(KB)	Dsk(MB)	tCPU(s)	tWALL(s)	COMMAND
 Aug 01 03:24:15 PDT	---	703344	970096	245	----	----	----
 Aug 01 03:25:16 PDT	---	703344	970096	253	----	----	----
 Aug 01 03:26:18 PDT	---	703344	970096	265	----	----	----
 Aug 01 03:27:19 PDT	---	703344	970096	277	----	----	----
 Aug 01 03:28:21 PDT	---	703344	970096	287	----	----	----
 Aug 01 03:29:22 PDT	---	703344	970096	299	----	----	----
 Aug 01 03:30:23 PDT	---	703344	970096	309	----	----	----
 Aug 01 03:31:24 PDT	---	703344	970096	321	----	----	----
 Aug 01 03:32:25 PDT	---	703344	970096	332	----	----	----
 Aug 01 03:33:26 PDT	29478	714512	970096	332	1187	1592	cmsRun -j /wntmp/condor/compute-22-24/execute/dir_26948/glide_HUzwDp/execute/dir_28726/crab_fjr_40.xml -p pset.py      
 Aug 01 03:33:26 PDT	---	714512	970096	346	----	----	----
 Aug 01 03:34:27 PDT	29478	727724	970096	346	1239	1653	cmsRun -j /wntmp/condor/compute-22-24/execute/dir_26948/glide_HUzwDp/execute/dir_28726/crab_fjr_40.xml -p pset.py      
 Aug 01 03:34:27 PDT	---	727724	970096	357	----	----	----
 Aug 01 03:35:28 PDT	29478	730940	970096	357	1289	1714	cmsRun -j /wntmp/condor/compute-22-24/execute/dir_26948/glide_HUzwDp/execute/dir_28726/crab_fjr_40.xml -p pset.py      
 Aug 01 03:35:28 PDT	---	730940	970096	366	----	----	----
 Aug 01 03:36:29 PDT	---	730940	970096	375	----	----	----
 Aug 01 03:37:31 PDT	---	730940	970096	385	----	----	----
 Aug 01 03:38:32 PDT	---	730940	970096	393	----	----	----
 Aug 01 03:39:33 PDT	---	730940	970096	407	----	----	----
 Aug 01 03:40:34 PDT	---	730940	970096	417	----	----	----
 Aug 01 03:41:35 PDT	---	730940	970096	428	----	----	----
 Aug 01 03:42:36 PDT	---	730940	970096	438	----	----	----
 Aug 01 03:43:37 PDT	---	730940	970096	449	----	----	----
 Aug 01 03:44:38 PDT	---	730940	970096	457	----	----	----
 Aug 01 03:45:39 PDT	---	730940	970096	468	----	----	----
 Aug 01 03:46:41 PDT	---	730940	970096	480	----	----	----
 Aug 01 03:47:42 PDT	---	730940	970096	491	----	----	----
 Aug 01 03:48:43 PDT	---	730940	970096	504	----	----	----
 Aug 01 03:49:44 PDT	---	730940	970096	514	----	----	----
 Aug 01 03:50:45 PDT	---	730940	970096	523	----	----	----
# TIME			PID	RSS(KB)	VSZ(KB)	Dsk(MB)	tCPU(s)	tWALL(s)	COMMAND
 Aug 01 03:51:46 PDT	---	730940	970096	526	----	----	----
 Aug 01 03:52:47 PDT	---	730940	970096	539	----	----	----
 Aug 01 03:53:49 PDT	---	730940	970096	545	----	----	----
********** WATCHDOG LOG ENDED
ZIPPING WATCHDOG LOG
Disk space used:
du -sh /wntmp/condor/compute-22-24/execute/dir_26948/glide_HUzwDp/execute/dir_28726
17M	/wntmp/condor/compute-22-24/execute/dir_26948/glide_HUzwDp/execute/dir_28726
Found unusual stdout, rename for OSB
`/wntmp/condor/compute-22-24/execute/dir_26948/glide_HUzwDp/execute/dir_28726/_condor_stdout' -> `CMSSW_40.stdout'
Found unusual stderr, rename for OSB
`/wntmp/condor/compute-22-24/execute/dir_26948/glide_HUzwDp/execute/dir_28726/_condor_stdout' -> `CMSSW_40.stderr'
crab_fjr_40.xml
CMSSW_40.stdout
CMSSW_40.stderr
Watchdog_40.log.gz
Total Output dimension: 22708
WARNING: output files size limit is set to: 50000000
Total Output dimension 22708 is fine.
JOB_EXIT_STATUS = 60307
>>> info for dashboard:
***** Cat /wntmp/condor/compute-22-24/execute/dir_26948/glide_HUzwDp/execute/dir_28726/jobreport.txt *****
MonitorJobID=40_https://submit-4.t2.ucsd.edu//140801//331280.39
MonitorID=aelwood_140801_jJets_ngun_PU40bx25_1c84ps
ExeTime=2774
ExeExitCode=0
StageOutExitStatusReason = 'ERROR: problems checking if file /wntmp/condor/compute-22-24/execute/dir_26948/glide_HUzwDp/execute/dir_28726/cms_vnKPeYDYmDW4/CMSSW_7_1_0_pre8/L1SkimRun_40_1_ba9.root already exist Error checking [L1SkimRun_40_1_ba9.root] '
StageOutSE = srm-eoscms.cern.ch
StageOutExitStatus = 60307
CrabUserCpuTime=2076.03
CrabSysCpuTime=23.75
CrabCpuPercentage=75%
CrabWrapperTime=2940
CrabStageoutTime=148
JobExitCode=60307
***** End Cat jobreport *****
Parameters sent to Dashboard.
EXITING at Fri Aug  1 03:55:52 PDT 2014  -  Fri Aug  1 10:55:52 UTC 2014
