This script was generated by crab (version 2.10.6).
Running /wntmp/condor/compute-16-28/execute/dir_17907/glide_PXgp5U/execute/dir_6808/condor_exec.exe with 2 positional parameters: 21 1
Today is Fri Aug  1 03:02:52 PDT 2014 - Fri Aug  1 10:02:52 UTC 2014
Job submitted on host compute-16-28.tier2
Linux compute-16-28.tier2 2.6.32-358.6.2.el6.x86_64 #1 SMP Thu May 16 20:59:36 UTC 2013 x86_64 x86_64 x86_64 GNU/Linux
>>> current directory (RUNTIME_AREA): /wntmp/condor/compute-16-28/execute/dir_17907/glide_PXgp5U/execute/dir_6808
>>> current user: uid=20804(uscms4354) gid=504(cms) groups=504(cms),65003(glexec65003) context=unconfined_u:system_r:condor_startd_t:s0
>>> directory permission set to 0700
>>> umask set to:  u=rwx,g=,o=
>>> stdout stderr permission set to 0704
>>> voms proxy information:
subject   : /C=UK/O=eScience/OU=Imperial/L=Physics/CN=adam elwood/CN=1171778048/CN=1175244459
issuer    : /C=UK/O=eScience/OU=Imperial/L=Physics/CN=adam elwood/CN=1171778048
identity  : /C=UK/O=eScience/OU=Imperial/L=Physics/CN=adam elwood/CN=1171778048
type      : RFC compliant proxy
strength  : 1024 bits
path      : /wntmp/condor/compute-16-28/execute/dir_17907/glide_PXgp5U/execute/dir_6808/x509up_u41660
timeleft  : 23:59:57
key usage : Digital Signature, Key Encipherment, Key Agreement
=== VO cms extension information ===
VO        : cms
subject   : /C=UK/O=eScience/OU=Imperial/L=Physics/CN=adam elwood
issuer    : /DC=ch/DC=cern/OU=computers/CN=lcg-voms.cern.ch
attribute : /cms/Role=NULL/Capability=NULL
timeleft  : 191:50:24
uri       : lcg-voms.cern.ch:15002
WNHostName=compute-16-28.tier2
>>> tar --no-same-permissions -xf /wntmp/condor/compute-16-28/execute/dir_17907/glide_PXgp5U/execute/dir_6808/default.tgz :
Successful untar
>>> Include /wntmp/condor/compute-16-28/execute/dir_17907/glide_PXgp5U/execute/dir_6808 in PYTHONPATH:
strip arguments
env var CRAB_UNIQUE_JOB_ID set to: aelwood_140801_jJets_ngun_PU40bx25_1c84ps_21_1_dQ0
out_files_21
>>> list of expected files on output sandbox
output files: crab_fjr_21.xml CMSSW_21.stdout CMSSW_21.stderr Watchdog_21.log.gz
>>> GridFlavour discovery: 
source OSG GRID setup script
GridFlavour=OSG
>>> SyncSite discovery: 
SyncSite=T2_US_Caltech
>>> SyncCE discovery: 
getting SyncCE from OSG_JOB_CONTACT
SyncCE=cit-gatekeeper.ultralight.org/jobmanager-condor
>>> info for dashboard:
***** Cat /wntmp/condor/compute-16-28/execute/dir_17907/glide_PXgp5U/execute/dir_6808/jobreport.txt *****
WNHostName=compute-16-28.tier2
MonitorJobID=21_https://submit-4.t2.ucsd.edu//140801//331280.20
SyncGridJobId=https://submit-4.t2.ucsd.edu//140801//331280.20
MonitorID=aelwood_140801_jJets_ngun_PU40bx25_1c84ps
GridFlavour=OSG
SyncSite=T2_US_Caltech
SyncCE=cit-gatekeeper.ultralight.org/jobmanager-condor
***** End Cat jobreport *****
Parameters sent to Dashboard.
>>> setup environment
set SCRAM ARCH to slc6_amd64_gcc481
SCRAM_ARCH = slc6_amd64_gcc481
>>> Created working directory: /wntmp/condor/compute-16-28/execute/dir_17907/glide_PXgp5U/execute/dir_6808/cms_OmeaU6LRuqXg
Change to working directory: /wntmp/condor/compute-16-28/execute/dir_17907/glide_PXgp5U/execute/dir_6808/cms_OmeaU6LRuqXg
>>> current directory (WORKING_DIR): /wntmp/condor/compute-16-28/execute/dir_17907/glide_PXgp5U/execute/dir_6808/cms_OmeaU6LRuqXg
>>> setup CMS OSG environment:
set SCRAM ARCH to slc6_amd64_gcc481
SCRAM_ARCH = slc6_amd64_gcc481
OSG_APP is /raid1/osg-app
sourcing /raid1/osg-app/cmssoft/cms/cmsset_default.sh ...
==> setup cms environment ok
SCRAM_ARCH = slc6_amd64_gcc481
>>> specific cmssw setup environment:
CMSSW_VERSION =  CMSSW_7_1_0_pre8
>>> current directory (SOFTWARE_DIR): /wntmp/condor/compute-16-28/execute/dir_17907/glide_PXgp5U/execute/dir_6808/cms_OmeaU6LRuqXg/CMSSW_7_1_0_pre8
PreserveSeeds: <>
IncrementSeeds:<>
>>> info for dashboard:
***** Cat /wntmp/condor/compute-16-28/execute/dir_17907/glide_PXgp5U/execute/dir_6808/jobreport.txt *****
MonitorJobID=21_https://submit-4.t2.ucsd.edu//140801//331280.20
MonitorID=aelwood_140801_jJets_ngun_PU40bx25_1c84ps
***** End Cat jobreport *****
Parameters sent to Dashboard.
crabWatchdog started as process 7274
>>> moving CMSSW software directories in /wntmp/condor/compute-16-28/execute/dir_17907/glide_PXgp5U/execute/dir_6808/cms_OmeaU6LRuqXg/CMSSW_7_1_0_pre8
mv: cannot stat `/wntmp/condor/compute-16-28/execute/dir_17907/glide_PXgp5U/execute/dir_6808/module/': No such file or directory
>>> Include /wntmp/condor/compute-16-28/execute/dir_17907/glide_PXgp5U/execute/dir_6808 in PYTHONPATH:
PYTHONPATH=/wntmp/condor/compute-16-28/execute/dir_17907/glide_PXgp5U/execute/dir_6808/:/wntmp/condor/compute-16-28/execute/dir_17907/glide_PXgp5U/execute/dir_6808/cms_OmeaU6LRuqXg/CMSSW_7_1_0_pre8/python:/wntmp/condor/compute-16-28/execute/dir_17907/glide_PXgp5U/execute/dir_6808/cms_OmeaU6LRuqXg/CMSSW_7_1_0_pre8/lib/slc6_amd64_gcc481:/cvmfs/cms.cern.ch/slc6_amd64_gcc481/cms/cmssw/CMSSW_7_1_0_pre8/python:/cvmfs/cms.cern.ch/slc6_amd64_gcc481/cms/cmssw/CMSSW_7_1_0_pre8/lib/slc6_amd64_gcc481:/cvmfs/cms.cern.ch/slc6_amd64_gcc481/cms/coral/CORAL_2_3_21-cms20/slc6_amd64_gcc481/python:/cvmfs/cms.cern.ch/slc6_amd64_gcc481/cms/coral/CORAL_2_3_21-cms20/slc6_amd64_gcc481/lib:/cvmfs/cms.cern.ch/slc6_amd64_gcc481/external/pyqt/4.8.1-cms/lib/python2.7/site-packages:/cvmfs/cms.cern.ch/slc6_amd64_gcc481/external/py2-scipy/0.8.0-cms/lib/python2.7/site-packages:/cvmfs/cms.cern.ch/slc6_amd64_gcc481/external/py2-matplotlib/1.2.1-cms/lib/python2.7/site-packages:/cvmfs/cms.cern.ch/slc6_amd64_gcc481/external/yoda/1.0.4/lib/python2.7/site-packages:/cvmfs/cms.cern.ch/slc6_amd64_gcc481/external/python-ldap/2.4.10-cms/lib/python2.7/site-packages:/cvmfs/cms.cern.ch/slc6_amd64_gcc481/external/sip/4.11.2-cms/lib/python2.7/site-packages:/cvmfs/cms.cern.ch/slc6_amd64_gcc481/external/llvm/3.4/lib/python2.7/site-packages:/cvmfs/cms.cern.ch/slc6_amd64_gcc481/external/py2-sqlalchemy/0.8.2-cms2/lib/python2.7/site-packages:/cvmfs/cms.cern.ch/slc6_amd64_gcc481/external/py2-pycurl/7.19.0-cms/lib/python2.7/site-packages:/cvmfs/cms.cern.ch/slc6_amd64_gcc481/external/py2-python-dateutil/1.1-cms/lib/python2.7/site-packages:/cvmfs/cms.cern.ch/slc6_amd64_gcc481/external/py2-numpy/1.6.1-cms/lib/python2.7/site-packages:/cvmfs/cms.cern.ch/slc6_amd64_gcc481/external/py2-lint/0.25.1-cms/lib/python2.7/site-packages:/cvmfs/cms.cern.ch/slc6_amd64_gcc481/external/py2-ipython/0.10-cms/lib/python2.7/site-packages:/cvmfs/cms.cern.ch/slc6_amd64_gcc481/external/py2-cx-oracle/5.1-cms2/lib/python2.7/site-packages:/cvmfs/cms.cern.ch/slc6_amd64_gcc481/external/py2-cjson/1.0.5-cms/lib/python2.7/site-packages:/cvmfs/cms.cern.ch/slc6_amd64_gcc481/external/frontier_client/2.8.10/python/lib:/cvmfs/cms.cern.ch/slc6_amd64_gcc481/cms/das-client/2.5.0/bin:/cvmfs/cms.cern.ch/slc6_amd64_gcc481/external/cython/0.19.1/lib/python2.7/site-packages:/cvmfs/cms.cern.ch/slc6_amd64_gcc481/external/rivet/1.8.2-cms4/lib/python2.7/site-packages:/cvmfs/cms.cern.ch/slc6_amd64_gcc481/external/pyminuit2/0.0.1-cms13/lib/python2.7/site-packages:/cvmfs/cms.cern.ch/slc6_amd64_gcc481/external/py2-pygithub/1.23.0/lib/python2.7/site-packages:/cvmfs/cms.cern.ch/slc6_amd64_gcc481/external/py2-networkx/1.8.1/lib/python2.7/site-packages:/cvmfs/cms.cern.ch/slc6_amd64_gcc481/external/professor/1.0.0-cms13/lib/python2.7/site-packages:/cvmfs/cms.cern.ch/slc6_amd64_gcc481/lcg/root/5.34.18/lib:/cvmfs/cms.cern.ch/slc6_amd64_gcc481/cms/dbs-client/DBS_2_1_9-cms/lib:/cvmfs/cms.cern.ch/slc6_amd64_gcc481/cms/dbs-client/DBS_2_1_9-cms/lib/DBSAPI:/cvmfs/cms.cern.ch/slc6_amd64_gcc481/external/cvs2git/5419-cms/lib:/wntmp/condor/compute-16-28/execute/dir_17907/glide_PXgp5U/execute/dir_6808/
 
# LIMITS USED BY CRAB WATCHDOG:
# RSS  (KBytes)   : 2300000
# VSZ  (KBytes)   : 100000000
# DISK (MBytes)   : 19000
# CPU TIME        : 720h:0m:0s
# WALL CLOCK TIME : 21h:50m:0s
 
951aa882d2ac167e3fe15038b4453880
PSETHASH = 951aa882d2ac167e3fe15038b4453880
/wntmp/condor/compute-16-28/execute/dir_17907/glide_PXgp5U/execute/dir_6808/writeCfg.py pset.py pset.py
Importing .py file
Setting parameters
RandomNumberGeneratorService found, will attempt to change seeds
inputBlocks=/Neutrino_Pt-2to20_gun/Fall13dr-tsg_PU40bx25_POSTLS162_V2-v1/GEN-SIM-RAW#09b9f490-7aa3-11e3-b1c2-003048f02d38
inputFiles=/store/mc/Fall13dr/Neutrino_Pt-2to20_gun/GEN-SIM-RAW/tsg_PU40bx25_POSTLS162_V2-v1/00002/7ACB699E-0B7B-E311-9C91-0025905A60BC.root;/store/mc/Fall13dr/Neutrino_Pt-2to20_gun/GEN-SIM-RAW/tsg_PU40bx25_POSTLS162_V2-v1/00002/589102AE-0F7B-E311-8827-0025905964C0.root;/store/mc/Fall13dr/Neutrino_Pt-2to20_gun/GEN-SIM-RAW/tsg_PU40bx25_POSTLS162_V2-v1/00002/5C783F9B-0E7B-E311-9F1F-0025905A497A.root;/store/mc/Fall13dr/Neutrino_Pt-2to20_gun/GEN-SIM-RAW/tsg_PU40bx25_POSTLS162_V2-v1/00002/485BB39C-107B-E311-AD48-002618943973.root;/store/mc/Fall13dr/Neutrino_Pt-2to20_gun/GEN-SIM-RAW/tsg_PU40bx25_POSTLS162_V2-v1/00002/BCB6ED61-0F7B-E311-984C-0025905A60B4.root;/store/mc/Fall13dr/Neutrino_Pt-2to20_gun/GEN-SIM-RAW/tsg_PU40bx25_POSTLS162_V2-v1/00002/BECDE3BF-0B7B-E311-A71C-003048FFD79C.root;/store/mc/Fall13dr/Neutrino_Pt-2to20_gun/GEN-SIM-RAW/tsg_PU40bx25_POSTLS162_V2-v1/00002/14E90A72-0C7B-E311-9FEB-00304867BEDE.root;/store/mc/Fall13dr/Neutrino_Pt-2to20_gun/GEN-SIM-RAW/tsg_PU40bx25_POSTLS162_V2-v1/00002/8EFCE159-0B7B-E311-87AD-0025905938D4.root
parentFiles=/store/mc/Fall13/Neutrino_Pt-2to20_gun/GEN-SIM/POSTLS162_V1-v4/10000/542C6E62-AC68-E311-8B06-0025904AC2CA.root;/store/mc/Fall13/Neutrino_Pt-2to20_gun/GEN-SIM/POSTLS162_V1-v4/10000/32B45302-AD68-E311-978B-003048F5B300.root;/store/mc/Fall13/Neutrino_Pt-2to20_gun/GEN-SIM/POSTLS162_V1-v4/10000/E49353C7-AB68-E311-A298-003048F5ADEA.root;/store/mc/Fall13/Neutrino_Pt-2to20_gun/GEN-SIM/POSTLS162_V1-v4/10000/A827F1D6-AB68-E311-8DBB-90B11C2ACF20.root;/store/mc/Fall13/Neutrino_Pt-2to20_gun/GEN-SIM/POSTLS162_V1-v4/10000/10CAFE4F-AC68-E311-95FB-002590821320.root;/store/mc/Fall13/Neutrino_Pt-2to20_gun/GEN-SIM/POSTLS162_V1-v4/10000/6E4C50BF-AB68-E311-87EE-90B11C1DBFB4.root;/store/mc/Fall13/Neutrino_Pt-2to20_gun/GEN-SIM/POSTLS162_V1-v4/10000/1421B2BF-AB68-E311-A258-90B11C1DBFB4.root;/store/mc/Fall13/Neutrino_Pt-2to20_gun/GEN-SIM/POSTLS162_V1-v4/10000/40AEBFC1-AB68-E311-A9EA-90B11C2AA388.root;/store/mc/Fall13/Neutrino_Pt-2to20_gun/GEN-SIM/POSTLS162_V1-v4/10000/E49353C7-AB68-E311-A298-003048F5ADEA.root;/store/mc/Fall13/Neutrino_Pt-2to20_gun/GEN-SIM/POSTLS162_V1-v4/10000/5E069FF4-AA68-E311-8232-90B11C1DBFB4.root;/store/mc/Fall13/Neutrino_Pt-2to20_gun/GEN-SIM/POSTLS162_V1-v4/10000/08BDA2EE-AB68-E311-BD33-0025904AC2CA.root;/store/mc/Fall13/Neutrino_Pt-2to20_gun/GEN-SIM/POSTLS162_V1-v4/10000/6E4C50BF-AB68-E311-87EE-90B11C1DBFB4.root;/store/mc/Fall13/Neutrino_Pt-2to20_gun/GEN-SIM/POSTLS162_V1-v4/10000/1421B2BF-AB68-E311-A258-90B11C1DBFB4.root;/store/mc/Fall13/Neutrino_Pt-2to20_gun/GEN-SIM/POSTLS162_V1-v4/10000/40AEBFC1-AB68-E311-A9EA-90B11C2AA388.root;/store/mc/Fall13/Neutrino_Pt-2to20_gun/GEN-SIM/POSTLS162_V1-v4/10000/E49353C7-AB68-E311-A298-003048F5ADEA.root;/store/mc/Fall13/Neutrino_Pt-2to20_gun/GEN-SIM/POSTLS162_V1-v4/10000/08BDA2EE-AB68-E311-BD33-0025904AC2CA.root;/store/mc/Fall13/Neutrino_Pt-2to20_gun/GEN-SIM/POSTLS162_V1-v4/10000/7632CAE8-AB68-E311-AA1C-90B11C27EA38.root;/store/mc/Fall13/Neutrino_Pt-2to20_gun/GEN-SIM/POSTLS162_V1-v4/10000/542C6E62-AC68-E311-8B06-0025904AC2CA.root;/store/mc/Fall13/Neutrino_Pt-2to20_gun/GEN-SIM/POSTLS162_V1-v4/10000/6E4C50BF-AB68-E311-87EE-90B11C1DBFB4.root;/store/mc/Fall13/Neutrino_Pt-2to20_gun/GEN-SIM/POSTLS162_V1-v4/10000/1421B2BF-AB68-E311-A258-90B11C1DBFB4.root;/store/mc/Fall13/Neutrino_Pt-2to20_gun/GEN-SIM/POSTLS162_V1-v4/10000/40AEBFC1-AB68-E311-A9EA-90B11C2AA388.root;/store/mc/Fall13/Neutrino_Pt-2to20_gun/GEN-SIM/POSTLS162_V1-v4/10000/E49353C7-AB68-E311-A298-003048F5ADEA.root;/store/mc/Fall13/Neutrino_Pt-2to20_gun/GEN-SIM/POSTLS162_V1-v4/10000/C24871F4-AA68-E311-9366-90B11C1DBFB4.root;/store/mc/Fall13/Neutrino_Pt-2to20_gun/GEN-SIM/POSTLS162_V1-v4/10000/7632CAE8-AB68-E311-AA1C-90B11C27EA38.root;/store/mc/Fall13/Neutrino_Pt-2to20_gun/GEN-SIM/POSTLS162_V1-v4/10000/6E4C50BF-AB68-E311-87EE-90B11C1DBFB4.root;/store/mc/Fall13/Neutrino_Pt-2to20_gun/GEN-SIM/POSTLS162_V1-v4/10000/1421B2BF-AB68-E311-A258-90B11C1DBFB4.root;/store/mc/Fall13/Neutrino_Pt-2to20_gun/GEN-SIM/POSTLS162_V1-v4/10000/40AEBFC1-AB68-E311-A9EA-90B11C2AA388.root;/store/mc/Fall13/Neutrino_Pt-2to20_gun/GEN-SIM/POSTLS162_V1-v4/10000/E49353C7-AB68-E311-A298-003048F5ADEA.root;/store/mc/Fall13/Neutrino_Pt-2to20_gun/GEN-SIM/POSTLS162_V1-v4/10000/1421B2BF-AB68-E311-A258-90B11C1DBFB4.root;/store/mc/Fall13/Neutrino_Pt-2to20_gun/GEN-SIM/POSTLS162_V1-v4/10000/54B76B39-AC68-E311-88C6-003048F5ADEA.root;/store/mc/Fall13/Neutrino_Pt-2to20_gun/GEN-SIM/POSTLS162_V1-v4/10000/0A072A01-AD68-E311-BA28-003048F5B300.root;/store/mc/Fall13/Neutrino_Pt-2to20_gun/GEN-SIM/POSTLS162_V1-v4/10000/6E4C50BF-AB68-E311-87EE-90B11C1DBFB4.root;/store/mc/Fall13/Neutrino_Pt-2to20_gun/GEN-SIM/POSTLS162_V1-v4/10000/1421B2BF-AB68-E311-A258-90B11C1DBFB4.root;/store/mc/Fall13/Neutrino_Pt-2to20_gun/GEN-SIM/POSTLS162_V1-v4/10000/40AEBFC1-AB68-E311-A9EA-90B11C2AA388.root;/store/mc/Fall13/Neutrino_Pt-2to20_gun/GEN-SIM/POSTLS162_V1-v4/10000/6E4C50BF-AB68-E311-87EE-90B11C1DBFB4.root;/store/mc/Fall13/Neutrino_Pt-2to20_gun/GEN-SIM/POSTLS162_V1-v4/10000/1421B2BF-AB68-E311-A258-90B11C1DBFB4.root
lumisRange=
>>> Executable cmsRun
/cvmfs/cms.cern.ch/slc6_amd64_gcc481/cms/cmssw/CMSSW_7_1_0_pre8/bin/slc6_amd64_gcc481/cmsRun
ok executable found
>>> info for dashboard:
***** Cat /wntmp/condor/compute-16-28/execute/dir_17907/glide_PXgp5U/execute/dir_6808/jobreport.txt *****
MonitorJobID=21_https://submit-4.t2.ucsd.edu//140801//331280.20
MonitorID=aelwood_140801_jJets_ngun_PU40bx25_1c84ps
ExeStart=cmsRun
***** End Cat jobreport *****
Parameters sent to Dashboard.
>>> cmsRun started at Fri Aug  1 10:03:50 UTC 2014
>>> cmsRun ended at Fri Aug  1 10:52:14 UTC 2014
>>> crab_fjr_*.xml  permission set to 0704
>>> info for dashboard:
***** Cat /wntmp/condor/compute-16-28/execute/dir_17907/glide_PXgp5U/execute/dir_6808/jobreport.txt *****
MonitorJobID=21_https://submit-4.t2.ucsd.edu//140801//331280.20
MonitorID=aelwood_140801_jJets_ngun_PU40bx25_1c84ps
ExeEnd=cmsRun
***** End Cat jobreport *****
Parameters sent to Dashboard.
TIME_EXE = 2904 sec
>>> cmsRun wrote 63 lines of stdout+stderr
>>> START OF printout of 63 lines from stdout+stderr
==> using COND/Services/RelationalAuthenticationService for auth, sys 1
==> using COND/Services/RelationalAuthenticationService for auth, sys 1
01-Aug-2014 03:04:10 PDT  Initiating request to open file /mnt/hadoop/store/mc/Fall13dr/Neutrino_Pt-2to20_gun/GEN-SIM-RAW/tsg_PU40bx25_POSTLS162_V2-v1/00002/7ACB699E-0B7B-E311-9C91-0025905A60BC.root
01-Aug-2014 03:04:11 PDT  Successfully opened file /mnt/hadoop/store/mc/Fall13dr/Neutrino_Pt-2to20_gun/GEN-SIM-RAW/tsg_PU40bx25_POSTLS162_V2-v1/00002/7ACB699E-0B7B-E311-9C91-0025905A60BC.root
01-Aug-2014 03:04:14 PDT  Initiating request to open file /mnt/hadoop/store/mc/Fall13/Neutrino_Pt-2to20_gun/GEN-SIM/POSTLS162_V1-v4/10000/542C6E62-AC68-E311-8B06-0025904AC2CA.root
01-Aug-2014 03:04:14 PDT  Fallback request to file root://cmsxrootd.fnal.gov//store/mc/Fall13/Neutrino_Pt-2to20_gun/GEN-SIM/POSTLS162_V1-v4/10000/542C6E62-AC68-E311-8B06-0025904AC2CA.root
140801 03:04:22 8074 Xrd: CheckErrorStatus: Server [cmssrmdisk.fnal.gov:1095] declared: Request 3018 not supported(error code: 3013)
01-Aug-2014 03:04:22 PDT  Successfully opened file root://cmsxrootd.fnal.gov//store/mc/Fall13/Neutrino_Pt-2to20_gun/GEN-SIM/POSTLS162_V1-v4/10000/542C6E62-AC68-E311-8B06-0025904AC2CA.root
01-Aug-2014 03:04:31 PDT  Closed file root://cmsxrootd.fnal.gov//store/mc/Fall13/Neutrino_Pt-2to20_gun/GEN-SIM/POSTLS162_V1-v4/10000/542C6E62-AC68-E311-8B06-0025904AC2CA.root
Stage1Layer2Producer -- Running pp implementation


----------------------------------------
Begin: L1CaloTowerProducer
----------------------------------------

01-Aug-2014 03:06:32 PDT  Closed file /mnt/hadoop/store/mc/Fall13dr/Neutrino_Pt-2to20_gun/GEN-SIM-RAW/tsg_PU40bx25_POSTLS162_V2-v1/00002/7ACB699E-0B7B-E311-9C91-0025905A60BC.root
01-Aug-2014 03:06:32 PDT  Initiating request to open file /mnt/hadoop/store/mc/Fall13dr/Neutrino_Pt-2to20_gun/GEN-SIM-RAW/tsg_PU40bx25_POSTLS162_V2-v1/00002/589102AE-0F7B-E311-8827-0025905964C0.root
01-Aug-2014 03:06:34 PDT  Successfully opened file /mnt/hadoop/store/mc/Fall13dr/Neutrino_Pt-2to20_gun/GEN-SIM-RAW/tsg_PU40bx25_POSTLS162_V2-v1/00002/589102AE-0F7B-E311-8827-0025905964C0.root
140801 03:09:45 8138 Xrd: XrdClientMessage::ReadRaw: Failed to read header (8 bytes).
140801 03:09:45 8141 Xrd: XrdClientMessage::ReadRaw: Failed to read header (8 bytes).
01-Aug-2014 03:16:37 PDT  Closed file /mnt/hadoop/store/mc/Fall13dr/Neutrino_Pt-2to20_gun/GEN-SIM-RAW/tsg_PU40bx25_POSTLS162_V2-v1/00002/589102AE-0F7B-E311-8827-0025905964C0.root
01-Aug-2014 03:16:37 PDT  Initiating request to open file /mnt/hadoop/store/mc/Fall13dr/Neutrino_Pt-2to20_gun/GEN-SIM-RAW/tsg_PU40bx25_POSTLS162_V2-v1/00002/5C783F9B-0E7B-E311-9F1F-0025905A497A.root
01-Aug-2014 03:16:38 PDT  Successfully opened file /mnt/hadoop/store/mc/Fall13dr/Neutrino_Pt-2to20_gun/GEN-SIM-RAW/tsg_PU40bx25_POSTLS162_V2-v1/00002/5C783F9B-0E7B-E311-9F1F-0025905A497A.root
01-Aug-2014 03:23:33 PDT  Closed file /mnt/hadoop/store/mc/Fall13dr/Neutrino_Pt-2to20_gun/GEN-SIM-RAW/tsg_PU40bx25_POSTLS162_V2-v1/00002/5C783F9B-0E7B-E311-9F1F-0025905A497A.root
01-Aug-2014 03:23:33 PDT  Initiating request to open file /mnt/hadoop/store/mc/Fall13dr/Neutrino_Pt-2to20_gun/GEN-SIM-RAW/tsg_PU40bx25_POSTLS162_V2-v1/00002/485BB39C-107B-E311-AD48-002618943973.root
01-Aug-2014 03:23:33 PDT  Successfully opened file /mnt/hadoop/store/mc/Fall13dr/Neutrino_Pt-2to20_gun/GEN-SIM-RAW/tsg_PU40bx25_POSTLS162_V2-v1/00002/485BB39C-107B-E311-AD48-002618943973.root
140801 03:24:45 8139 Xrd: XrdClientMessage::ReadRaw: Failed to read header (8 bytes).
140801 03:24:45 8133 Xrd: XrdClientMessage::ReadRaw: Failed to read header (8 bytes).
140801 03:24:45 8130 Xrd: XrdClientMessage::ReadRaw: Failed to read header (8 bytes).
01-Aug-2014 03:30:00 PDT  Closed file /mnt/hadoop/store/mc/Fall13dr/Neutrino_Pt-2to20_gun/GEN-SIM-RAW/tsg_PU40bx25_POSTLS162_V2-v1/00002/485BB39C-107B-E311-AD48-002618943973.root
01-Aug-2014 03:30:00 PDT  Initiating request to open file /mnt/hadoop/store/mc/Fall13dr/Neutrino_Pt-2to20_gun/GEN-SIM-RAW/tsg_PU40bx25_POSTLS162_V2-v1/00002/BCB6ED61-0F7B-E311-984C-0025905A60B4.root
01-Aug-2014 03:30:00 PDT  Successfully opened file /mnt/hadoop/store/mc/Fall13dr/Neutrino_Pt-2to20_gun/GEN-SIM-RAW/tsg_PU40bx25_POSTLS162_V2-v1/00002/BCB6ED61-0F7B-E311-984C-0025905A60B4.root
01-Aug-2014 03:37:37 PDT  Closed file /mnt/hadoop/store/mc/Fall13dr/Neutrino_Pt-2to20_gun/GEN-SIM-RAW/tsg_PU40bx25_POSTLS162_V2-v1/00002/BCB6ED61-0F7B-E311-984C-0025905A60B4.root
01-Aug-2014 03:37:37 PDT  Initiating request to open file /mnt/hadoop/store/mc/Fall13dr/Neutrino_Pt-2to20_gun/GEN-SIM-RAW/tsg_PU40bx25_POSTLS162_V2-v1/00002/BECDE3BF-0B7B-E311-A71C-003048FFD79C.root
01-Aug-2014 03:37:38 PDT  Successfully opened file /mnt/hadoop/store/mc/Fall13dr/Neutrino_Pt-2to20_gun/GEN-SIM-RAW/tsg_PU40bx25_POSTLS162_V2-v1/00002/BECDE3BF-0B7B-E311-A71C-003048FFD79C.root
01-Aug-2014 03:46:35 PDT  Closed file /mnt/hadoop/store/mc/Fall13dr/Neutrino_Pt-2to20_gun/GEN-SIM-RAW/tsg_PU40bx25_POSTLS162_V2-v1/00002/BECDE3BF-0B7B-E311-A71C-003048FFD79C.root
01-Aug-2014 03:46:35 PDT  Initiating request to open file /mnt/hadoop/store/mc/Fall13dr/Neutrino_Pt-2to20_gun/GEN-SIM-RAW/tsg_PU40bx25_POSTLS162_V2-v1/00002/14E90A72-0C7B-E311-9FEB-00304867BEDE.root
01-Aug-2014 03:46:35 PDT  Successfully opened file /mnt/hadoop/store/mc/Fall13dr/Neutrino_Pt-2to20_gun/GEN-SIM-RAW/tsg_PU40bx25_POSTLS162_V2-v1/00002/14E90A72-0C7B-E311-9FEB-00304867BEDE.root
01-Aug-2014 03:51:33 PDT  Closed file /mnt/hadoop/store/mc/Fall13dr/Neutrino_Pt-2to20_gun/GEN-SIM-RAW/tsg_PU40bx25_POSTLS162_V2-v1/00002/14E90A72-0C7B-E311-9FEB-00304867BEDE.root
01-Aug-2014 03:51:33 PDT  Initiating request to open file /mnt/hadoop/store/mc/Fall13dr/Neutrino_Pt-2to20_gun/GEN-SIM-RAW/tsg_PU40bx25_POSTLS162_V2-v1/00002/8EFCE159-0B7B-E311-87AD-0025905938D4.root
01-Aug-2014 03:51:33 PDT  Successfully opened file /mnt/hadoop/store/mc/Fall13dr/Neutrino_Pt-2to20_gun/GEN-SIM-RAW/tsg_PU40bx25_POSTLS162_V2-v1/00002/8EFCE159-0B7B-E311-87AD-0025905938D4.root
01-Aug-2014 03:52:10 PDT  Closed file /mnt/hadoop/store/mc/Fall13dr/Neutrino_Pt-2to20_gun/GEN-SIM-RAW/tsg_PU40bx25_POSTLS162_V2-v1/00002/8EFCE159-0B7B-E311-87AD-0025905938D4.root

=============================================

MessageLogger Summary

 type     category        sev    module        subroutine        count    total
 ---- -------------------- -- ---------------- ----------------  -----    -----
    1 fileAction           -s AfterFile                              4        4
    2 fileAction           -s file_close                             8        8
    3 fileAction           -s file_open                             16       16

 type    category    Examples: run/evt        run/evt          run/evt
 ---- -------------------- ---------------- ---------------- ----------------
    1 fileAction           pre-events       pre-events       pre-events
    2 fileAction           PostProcessEvent PostProcessEvent PostEndRun
    3 fileAction           pre-events       pre-events       PostProcessEvent

Severity    # Occurrences   Total Occurrences
--------    -------------   -----------------
System                 28                  28
>>> END OF printout of 63 lines from stdout+stderr
>>> Parse FrameworkJobReport crab_fjr.xml
Result of parsing the FrameworkJobReport crab_fjr.xml: 
Extracted ExitStatus from FrameworkJobReport parsing output: 0
>>> Executable succeded  0
ExeExitCode=0
EXECUTABLE_EXIT_STATUS = 0
>>> current directory /wntmp/condor/compute-16-28/execute/dir_17907/glide_PXgp5U/execute/dir_6808/cms_OmeaU6LRuqXg/CMSSW_7_1_0_pre8
>>>  (SOFTWARE_DIR): /wntmp/condor/compute-16-28/execute/dir_17907/glide_PXgp5U/execute/dir_6808/cms_OmeaU6LRuqXg/CMSSW_7_1_0_pre8
>>> (WORKING_DIR): /wntmp/condor/compute-16-28/execute/dir_17907/glide_PXgp5U/execute/dir_6808/cms_OmeaU6LRuqXg
>>> current directory content:
total 468648
drwxr-xr-x. 3 uscms4354 cms      4096 Aug  1 03:02 .SCRAM
-rw-------. 1 uscms4354 cms    916533 Aug  1 03:02 CMSSW.py.pkl
-rw-------. 1 uscms4354 cms 477970195 Aug  1 03:52 L1SkimRun.root
drwxr-xr-x. 3 uscms4354 cms      4096 Aug  1 03:02 bin
drwxr-xr-x. 3 uscms4354 cms      4096 Aug  1 03:02 cfipython
drwxr-xr-x. 4 uscms4354 cms      4096 Aug  1 03:02 config
-rw-------. 1 uscms4354 cms        18 Aug  1 03:52 cpu_timing.txt
drwxr-xr-x. 2 uscms4354 cms      4096 Aug  1 03:02 doc
-rw-------. 1 uscms4354 cms      7142 Aug  1 03:52 executable.out
drwxr-xr-x. 2 uscms4354 cms      4096 Aug  1 03:02 include
drwx------. 3 uscms4354 cms      4096 Aug  1 00:37 lib
drwxr-xr-x. 3 uscms4354 cms      4096 Aug  1 03:02 logs
drwxr-xr-x. 3 uscms4354 cms      4096 Aug  1 03:02 objs
-rw-------. 1 uscms4354 cms       104 Aug  1 03:03 pset.py
-rw-------. 1 uscms4354 cms    923765 Aug  1 03:03 pset.py.pkl
-rw-------. 1 uscms4354 cms       289 Aug  1 03:03 pset.pyc
drwxr-xr-x. 2 uscms4354 cms      4096 Aug  1 03:02 python
-rw-------. 1 uscms4354 cms       419 Aug  1 03:52 report.log
drwx------. 5 uscms4354 cms      4096 Aug  1 03:02 src
drwxr-xr-x. 3 uscms4354 cms      4096 Aug  1 03:02 test
drwxr-xr-x. 3 uscms4354 cms      4096 Aug  1 03:02 tmp
>>> current directory /wntmp/condor/compute-16-28/execute/dir_17907/glide_PXgp5U/execute/dir_6808/cms_OmeaU6LRuqXg/CMSSW_7_1_0_pre8
>>> (SOFTWARE_DIR): /wntmp/condor/compute-16-28/execute/dir_17907/glide_PXgp5U/execute/dir_6808/cms_OmeaU6LRuqXg/CMSSW_7_1_0_pre8
>>> (WORKING_DIR): /wntmp/condor/compute-16-28/execute/dir_17907/glide_PXgp5U/execute/dir_6808/cms_OmeaU6LRuqXg
>>> current directory content:
total 468648
drwxr-xr-x. 3 uscms4354 cms      4096 Aug  1 03:02 .SCRAM
-rw-------. 1 uscms4354 cms    916533 Aug  1 03:02 CMSSW.py.pkl
-rw-------. 1 uscms4354 cms 477970195 Aug  1 03:52 L1SkimRun_21_1_dQ0.root
drwxr-xr-x. 3 uscms4354 cms      4096 Aug  1 03:02 bin
drwxr-xr-x. 3 uscms4354 cms      4096 Aug  1 03:02 cfipython
drwxr-xr-x. 4 uscms4354 cms      4096 Aug  1 03:02 config
-rw-------. 1 uscms4354 cms        18 Aug  1 03:52 cpu_timing.txt
drwxr-xr-x. 2 uscms4354 cms      4096 Aug  1 03:02 doc
-rw-------. 1 uscms4354 cms      7142 Aug  1 03:52 executable.out
drwxr-xr-x. 2 uscms4354 cms      4096 Aug  1 03:02 include
drwx------. 3 uscms4354 cms      4096 Aug  1 00:37 lib
drwxr-xr-x. 3 uscms4354 cms      4096 Aug  1 03:02 logs
drwxr-xr-x. 3 uscms4354 cms      4096 Aug  1 03:02 objs
-rw-------. 1 uscms4354 cms       104 Aug  1 03:03 pset.py
-rw-------. 1 uscms4354 cms    923765 Aug  1 03:03 pset.py.pkl
-rw-------. 1 uscms4354 cms       289 Aug  1 03:03 pset.pyc
drwxr-xr-x. 2 uscms4354 cms      4096 Aug  1 03:02 python
-rw-------. 1 uscms4354 cms       419 Aug  1 03:52 report.log
drwx------. 5 uscms4354 cms      4096 Aug  1 03:02 src
drwxr-xr-x. 3 uscms4354 cms      4096 Aug  1 03:02 test
drwxr-xr-x. 3 uscms4354 cms      4096 Aug  1 03:02 tmp
>>> current directory (RUNTIME_AREA):  /wntmp/condor/compute-16-28/execute/dir_17907/glide_PXgp5U/execute/dir_6808
SE = srm-eoscms.cern.ch
SE_PATH = /srm/v2/server?SFN=/eos/cms/store/user/aelwood/140801_jJets_ngun_PU40bx25/
LFNBaseName = /store/user/aelwood/140801_jJets_ngun_PU40bx25/
USER = aelwood
endpoint = srm://srm-eoscms.cern.ch:8443/srm/v2/server?SFN=/eos/cms/store/user/aelwood/140801_jJets_ngun_PU40bx25/
>>> Copy output files from WN = compute-16-28.tier2 to /srm/v2/server?SFN=/eos/cms/store/user/aelwood/140801_jJets_ngun_PU40bx25/ :
python cmscp.py  --destination srm://srm-eoscms.cern.ch:8443/srm/v2/server?SFN=/eos/cms/store/user/aelwood/140801_jJets_ngun_PU40bx25/ --inputFileList /wntmp/condor/compute-16-28/execute/dir_17907/glide_PXgp5U/execute/dir_6808/cms_OmeaU6LRuqXg/CMSSW_7_1_0_pre8/L1SkimRun_21_1_dQ0.root --middleware OSG --se_name srm-eoscms.cern.ch --for_lfn /store/user/aelwood/140801_jJets_ngun_PU40bx25/    
******************************************************
localSeName  =  cit-se.ultralight.org
remoteSeName =  srm-eoscms.cern.ch
******************************************************
{"/wntmp/condor/compute-16-28/execute/dir_17907/glide_PXgp5U/execute/dir_6808/cms_OmeaU6LRuqXg/CMSSW_7_1_0_pre8/L1SkimRun_21_1_dQ0.root": {"endpoint": "srm://srm-eoscms.cern.ch:8443/srm/v2/server?SFN=/eos/cms/store/user/aelwood/140801_jJets_ngun_PU40bx25/", "surl_for_grid": "", "reason": "ERROR: problems checking if file /wntmp/condor/compute-16-28/execute/dir_17907/glide_PXgp5U/execute/dir_6808/cms_OmeaU6LRuqXg/CMSSW_7_1_0_pre8/L1SkimRun_21_1_dQ0.root already exist'Error checking [L1SkimRun_21_1_dQ0.root]'", "erCode": "60307", "se_name": "srm-eoscms.cern.ch", "for_lfn": "/copy_problem/"}}/wntmp/condor/compute-16-28/execute/dir_17907/glide_PXgp5U/execute/dir_6808
-------- cat /wntmp/condor/compute-16-28/execute/dir_17907/glide_PXgp5U/execute/dir_6808/cmscpReport.sh 
#!/bin/bash
echo "Report for File: /wntmp/condor/compute-16-28/execute/dir_17907/glide_PXgp5U/execute/dir_6808/cms_OmeaU6LRuqXg/CMSSW_7_1_0_pre8/L1SkimRun_21_1_dQ0.root"
echo "LFN: /copy_problem/L1SkimRun_21_1_dQ0.root"
echo "StorageElement: srm-eoscms.cern.ch"
echo "StageOutExitStatusReason = 'ERROR: problems checking if file /wntmp/condor/compute-16-28/execute/dir_17907/glide_PXgp5U/execute/dir_6808/cms_OmeaU6LRuqXg/CMSSW_7_1_0_pre8/L1SkimRun_21_1_dQ0.root already exist Error checking [L1SkimRun_21_1_dQ0.root] '" | tee -a $RUNTIME_AREA/$repo
echo "StageOutSE = srm-eoscms.cern.ch" >> $RUNTIME_AREA/$repo

export StageOutExitStatus=60307
echo "StageOutExitStatus = 60307" | tee -a $RUNTIME_AREA/$repo
-------- end of /wntmp/condor/compute-16-28/execute/dir_17907/glide_PXgp5U/execute/dir_6808/cmscpReport.sh 
Report for File: /wntmp/condor/compute-16-28/execute/dir_17907/glide_PXgp5U/execute/dir_6808/cms_OmeaU6LRuqXg/CMSSW_7_1_0_pre8/L1SkimRun_21_1_dQ0.root
LFN: /copy_problem/L1SkimRun_21_1_dQ0.root
StorageElement: srm-eoscms.cern.ch
StageOutExitStatusReason = 'ERROR: problems checking if file /wntmp/condor/compute-16-28/execute/dir_17907/glide_PXgp5U/execute/dir_6808/cms_OmeaU6LRuqXg/CMSSW_7_1_0_pre8/L1SkimRun_21_1_dQ0.root already exist Error checking [L1SkimRun_21_1_dQ0.root] '
StageOutExitStatus = 60307
Problem copying file to srm-eoscms.cern.ch /srm/v2/server?SFN=/eos/cms/store/user/aelwood/140801_jJets_ngun_PU40bx25/
########## contents of SE interaction
2014-08-01 03:52:39.077138:
Executed:	unset LD_LIBRARY_PATH; unset GLITE_ENV_SET; export PATH=/usr/bin:/bin; source /etc/profile; source /wntmp/condor/compute-16-28/execute/dir_17907/glide_PXgp5U/execute/dir_6808/CacheEnv.sh ; lcg-ls -b -D srmv2 --srm-timeout 2400 --sendreceive-timeout 2400 --connect-timeout 300 --verbose srm://srm-eoscms.cern.ch:8443/srm/v2/server?SFN=/eos/cms/store/user/aelwood/140801_jJets_ngun_PU40bx25/L1SkimRun_21_1_dQ0.root
Done with exit code:	1
and output:
SE type: SRMv2
[SE][Ls][] httpg://srm-eoscms.cern.ch:8443/srm/v2/server: CGSI-gSOAP running on compute-16-28.tier2 reports Error initializing context
GSS Major Status: Authentication Failed

GSS Minor Status Error Chain:
globus_gsi_gssapi: SSLv3 handshake problems
OpenSSL Error: s3_clnt.c:1168: in library: SSL routines, function SSL3_GET_SERVER_CERTIFICATE: certificate verify failed
globus_gsi_callback_module: Could not verify credential
globus_gsi_callback_module: Can't get the local trusted CA certificate: Cannot find trusted CA certificate with hash 5168735f in /etc/grid-security/certificates/



#####################################
>>> current dir: /wntmp/condor/compute-16-28/execute/dir_17907/glide_PXgp5U/execute/dir_6808
>>> current dir content:
total 15132
-rw-------. 1 uscms4354 cms     1093 Aug  1 03:52 .SEinteraction.log
-rwx------. 1 uscms4354 cms     6633 Aug  1 03:02 .job.ad
-rwx------. 1 uscms4354 cms     9645 Aug  1 03:02 .machine.ad
-rw-------. 1 uscms4354 cms      105 Aug  1 02:57 CMSSW.py
-rw-------. 1 uscms4354 cms   916533 Aug  1 02:57 CMSSW.py.pkl
-rwx------. 1 uscms4354 cms    28576 Aug  1 03:02 CMSSW.sh
-rw-------. 1 uscms4354 cms      169 Aug  1 03:02 CacheEnv.sh
-rw-------. 1 uscms4354 cms     7291 Jul 12 08:18 DashboardAPI.py
-rw-------. 1 uscms4354 cms     6755 Aug  1 03:03 DashboardAPI.pyc
drwx------. 2 uscms4354 cms     4096 Aug  1 03:52 IMProv
lrwxrwxrwx. 1 uscms4354 cms      133 Aug  1 03:52 L1SkimRun.root -> /wntmp/condor/compute-16-28/execute/dir_17907/glide_PXgp5U/execute/dir_6808/cms_OmeaU6LRuqXg/CMSSW_7_1_0_pre8/L1SkimRun_21_1_dQ0.root
-rw-------. 1 uscms4354 cms     2748 Jul 12 08:18 Logger.py
-rw-------. 1 uscms4354 cms     3327 Aug  1 03:03 Logger.pyc
-rw-------. 1 uscms4354 cms    24524 Jul 12 08:18 ProcInfo.py
-rw-------. 1 uscms4354 cms    23101 Aug  1 03:03 ProcInfo.pyc
drwx------. 7 uscms4354 cms     4096 Aug  1 03:03 ProdCommon
drwx------. 3 uscms4354 cms     4096 Aug  1 03:02 WMCore
-rw-------. 1 uscms4354 cms     5476 Aug  1 03:54 Watchdog_21.log
-rwx------. 1 uscms4354 cms        0 Aug  1 03:02 _condor_stderr
-rwx---r--. 1 uscms4354 cms    29719 Aug  1 03:54 _condor_stdout
-rw-------. 1 uscms4354 cms    32895 Jul 12 08:18 apmon.py
-rw-------. 1 uscms4354 cms    28509 Aug  1 03:03 apmon.pyc
-rwx------. 1 uscms4354 cms   240046 Aug  1 03:02 arguments.xml
drwx------. 3 uscms4354 cms     4096 Aug  1 03:02 cms_OmeaU6LRuqXg
-rwx------. 1 uscms4354 cms    38524 Jul 12 08:18 cmscp.py
-rw-------. 1 uscms4354 cms      708 Aug  1 03:54 cmscpReport.sh
-rwx------. 1 uscms4354 cms    28576 Aug  1 03:02 condor_exec.exe
-rw-------. 1 uscms4354 cms      759 Aug  1 02:56 crab.cfg
-rwx------. 1 uscms4354 cms     8610 Jul 12 08:18 crabWatchdog.sh
-rwx---r--. 1 uscms4354 cms    82471 Aug  1 03:52 crab_fjr_21.xml
-rwx------. 1 uscms4354 cms 13818897 Aug  1 03:02 default.tgz
-rwx------. 1 uscms4354 cms     4488 Jul 12 08:18 fillCrabFjr.py
-rw-------. 1 uscms4354 cms     5193 Aug  1 03:03 inputsReport.txt
-rw-------. 1 uscms4354 cms      454 Aug  1 03:54 jobreport.txt
-rw-------. 1 uscms4354 cms    17352 Jul 12 08:18 parseCrabFjr.py
-rw-------. 1 uscms4354 cms      342 Aug  1 03:02 report.log
-rwx--x--x. 1 uscms4354 cms     1497 Jul 12 08:18 report.py
-rw-------. 1 uscms4354 cms      596 Aug  1 03:54 resultCopyFile
-rwx------. 1 uscms4354 cms     8351 Jul 12 08:18 writeCfg.py
-rw-------. 1 uscms4354 cms     8087 Aug  1 03:02 x509up_u41660
>>> Modify Job Report:
CMSSW_VERSION = CMSSW_7_1_0_pre8
/wntmp/condor/compute-16-28/execute/dir_17907/glide_PXgp5U/execute/dir_6808/ProdCommon/FwkJobRep/ModifyJobReport.py fjr /wntmp/condor/compute-16-28/execute/dir_17907/glide_PXgp5U/execute/dir_6808/crab_fjr_21.xml json /wntmp/condor/compute-16-28/execute/dir_17907/glide_PXgp5U/execute/dir_6808/resultCopyFile n_job 21_1_dQ0 PrimaryDataset Neutrino_Pt-2to20_gun  ApplicationFamily cmsRun ApplicationName cmsRun cmssw_version CMSSW_7_1_0_pre8 psethash 951aa882d2ac167e3fe15038b4453880
inputDict =  {u'/wntmp/condor/compute-16-28/execute/dir_17907/glide_PXgp5U/execute/dir_6808/cms_OmeaU6LRuqXg/CMSSW_7_1_0_pre8/L1SkimRun_21_1_dQ0.root': {u'endpoint': u'srm://srm-eoscms.cern.ch:8443/srm/v2/server?SFN=/eos/cms/store/user/aelwood/140801_jJets_ngun_PU40bx25/', u'surl_for_grid': u'', u'reason': u"ERROR: problems checking if file /wntmp/condor/compute-16-28/execute/dir_17907/glide_PXgp5U/execute/dir_6808/cms_OmeaU6LRuqXg/CMSSW_7_1_0_pre8/L1SkimRun_21_1_dQ0.root already exist'Error checking [L1SkimRun_21_1_dQ0.root]'", u'erCode': u'60307', u'se_name': u'srm-eoscms.cern.ch', u'for_lfn': u'/copy_problem/'}}
UserProcessedDataset =  
file_name in inputDict =  /wntmp/condor/compute-16-28/execute/dir_17907/glide_PXgp5U/execute/dir_6808/cms_OmeaU6LRuqXg/CMSSW_7_1_0_pre8/L1SkimRun_21_1_dQ0.root
(size) os.stat(filename)[6] =  477970195
checksum =  2109201347
    file =  L1SkimRun_21_1_dQ0.root
    newPfn =  srm://srm-eoscms.cern.ch:8443/srm/v2/server?SFN=/eos/cms/store/user/aelwood/140801_jJets_ngun_PU40bx25/L1SkimRun_21_1_dQ0.root
    newLfn =  /copy_problem/L1SkimRun_21_1_dQ0.root
>>> crab_fjr_*.xml  permission set to 0704
CrabWrapper EXIT_FUNC entered at Fri Aug  1 03:54:35 PDT 2014   -  Fri Aug  1 10:54:35 UTC 2014
Checking output files:  
will tar file crab_fjr_21.xml in  out_files_21
WARNING: output file CMSSW_21.stdout not found!
WARNING: output file CMSSW_21.stderr not found!
WARNING: output file Watchdog_21.log.gz not found!
>>> working dir = /wntmp/condor/compute-16-28/execute/dir_17907/glide_PXgp5U/execute/dir_6808/cms_OmeaU6LRuqXg
>>> current directory (RUNTIME_AREA): /wntmp/condor/compute-16-28/execute/dir_17907/glide_PXgp5U/execute/dir_6808
>>> Remove working directory: /wntmp/condor/compute-16-28/execute/dir_17907/glide_PXgp5U/execute/dir_6808/cms_OmeaU6LRuqXg
/wntmp/condor/compute-16-28/execute/dir_17907/glide_PXgp5U/execute/dir_6808/condor_exec.exe: line 140: symlinks: command not found
>>> padding time: Wrapper lasting more than 600 seconds. No sleep required.
STOPPING WATCHDOG. CrabWatchdog PID is 7274
********** LAST 50 LINES OF WATCHDOG LOG
 Aug 01 03:10:41 PDT	---	666240	916076	132	----	----	----
 Aug 01 03:11:42 PDT	---	666240	916076	144	----	----	----
 Aug 01 03:12:43 PDT	8074	666712	916076	144	325	546	cmsRun -j /wntmp/condor/compute-16-28/execute/dir_17907/glide_PXgp5U/execute/dir_6808/crab_fjr_21.xml -p pset.py      
 Aug 01 03:12:43 PDT	---	666712	916076	154	----	----	----
 Aug 01 03:13:44 PDT	---	666712	916076	164	----	----	----
 Aug 01 03:14:44 PDT	---	666712	916076	165	----	----	----
 Aug 01 03:15:45 PDT	---	666712	916076	176	----	----	----
 Aug 01 03:16:46 PDT	8074	666712	940140	176	480	789	cmsRun -j /wntmp/condor/compute-16-28/execute/dir_17907/glide_PXgp5U/execute/dir_6808/crab_fjr_21.xml -p pset.py      
 Aug 01 03:16:46 PDT	---	666712	940140	188	----	----	----
 Aug 01 03:17:46 PDT	8074	666792	940140	188	532	850	cmsRun -j /wntmp/condor/compute-16-28/execute/dir_17907/glide_PXgp5U/execute/dir_6808/crab_fjr_21.xml -p pset.py      
 Aug 01 03:17:46 PDT	---	666792	940140	199	----	----	----
 Aug 01 03:18:47 PDT	8074	667236	940140	199	583	911	cmsRun -j /wntmp/condor/compute-16-28/execute/dir_17907/glide_PXgp5U/execute/dir_6808/crab_fjr_21.xml -p pset.py      
 Aug 01 03:18:47 PDT	---	667236	940140	208	----	----	----
 Aug 01 03:19:48 PDT	8074	709708	990316	208	631	971	cmsRun -j /wntmp/condor/compute-16-28/execute/dir_17907/glide_PXgp5U/execute/dir_6808/crab_fjr_21.xml -p pset.py      
 Aug 01 03:19:48 PDT	---	709708	990316	218	----	----	----
 Aug 01 03:20:49 PDT	---	709708	990316	230	----	----	----
 Aug 01 03:21:49 PDT	---	709708	990316	242	----	----	----
# TIME			PID	RSS(KB)	VSZ(KB)	Dsk(MB)	tCPU(s)	tWALL(s)	COMMAND
# TIME			PID	RSS(KB)	VSZ(KB)	Dsk(MB)	tCPU(s)	tWALL(s)	COMMAND
 Aug 01 03:23:51 PDT	---	709708	990316	251	----	----	----
 Aug 01 03:24:51 PDT	---	709708	990316	263	----	----	----
 Aug 01 03:25:52 PDT	---	709708	990316	273	----	----	----
 Aug 01 03:26:53 PDT	---	709708	990316	282	----	----	----
 Aug 01 03:27:54 PDT	---	709708	990316	294	----	----	----
 Aug 01 03:28:54 PDT	---	709708	990316	306	----	----	----
 Aug 01 03:29:55 PDT	---	709708	990316	314	----	----	----
 Aug 01 03:30:56 PDT	---	709708	990316	328	----	----	----
 Aug 01 03:31:56 PDT	---	709708	990316	337	----	----	----
 Aug 01 03:32:57 PDT	---	709708	990316	349	----	----	----
 Aug 01 03:33:58 PDT	---	709708	990316	361	----	----	----
 Aug 01 03:34:59 PDT	---	709708	990316	372	----	----	----
 Aug 01 03:35:59 PDT	---	709708	990316	384	----	----	----
 Aug 01 03:37:00 PDT	---	709708	990316	394	----	----	----
 Aug 01 03:38:01 PDT	---	709708	990316	405	----	----	----
 Aug 01 03:39:01 PDT	---	709708	990316	414	----	----	----
 Aug 01 03:40:02 PDT	---	709708	990316	425	----	----	----
 Aug 01 03:41:03 PDT	---	709708	990316	435	----	----	----
 Aug 01 03:42:03 PDT	---	709708	990316	441	----	----	----
 Aug 01 03:43:04 PDT	---	709708	990316	451	----	----	----
 Aug 01 03:44:05 PDT	---	709708	990316	460	----	----	----
 Aug 01 03:45:05 PDT	---	709708	990316	472	----	----	----
 Aug 01 03:46:06 PDT	---	709708	990316	484	----	----	----
 Aug 01 03:47:07 PDT	---	709708	990316	494	----	----	----
 Aug 01 03:48:08 PDT	---	709708	990316	506	----	----	----
 Aug 01 03:49:08 PDT	---	709708	990316	516	----	----	----
 Aug 01 03:50:09 PDT	---	709708	990316	524	----	----	----
 Aug 01 03:51:10 PDT	---	709708	990316	535	----	----	----
 Aug 01 03:52:10 PDT	---	709708	990316	542	----	----	----
 Aug 01 03:53:11 PDT	---	709708	990316	545	----	----	----
# TIME			PID	RSS(KB)	VSZ(KB)	Dsk(MB)	tCPU(s)	tWALL(s)	COMMAND
********** WATCHDOG LOG ENDED
ZIPPING WATCHDOG LOG
Disk space used:
du -sh /wntmp/condor/compute-16-28/execute/dir_17907/glide_PXgp5U/execute/dir_6808
17M	/wntmp/condor/compute-16-28/execute/dir_17907/glide_PXgp5U/execute/dir_6808
Found unusual stdout, rename for OSB
`/wntmp/condor/compute-16-28/execute/dir_17907/glide_PXgp5U/execute/dir_6808/_condor_stdout' -> `CMSSW_21.stdout'
Found unusual stderr, rename for OSB
`/wntmp/condor/compute-16-28/execute/dir_17907/glide_PXgp5U/execute/dir_6808/_condor_stdout' -> `CMSSW_21.stderr'
crab_fjr_21.xml
CMSSW_21.stdout
CMSSW_21.stderr
Watchdog_21.log.gz
Total Output dimension: 22148
WARNING: output files size limit is set to: 50000000
Total Output dimension 22148 is fine.
JOB_EXIT_STATUS = 60307
>>> info for dashboard:
***** Cat /wntmp/condor/compute-16-28/execute/dir_17907/glide_PXgp5U/execute/dir_6808/jobreport.txt *****
MonitorJobID=21_https://submit-4.t2.ucsd.edu//140801//331280.20
MonitorID=aelwood_140801_jJets_ngun_PU40bx25_1c84ps
ExeTime=2904
ExeExitCode=0
StageOutExitStatusReason = 'ERROR: problems checking if file /wntmp/condor/compute-16-28/execute/dir_17907/glide_PXgp5U/execute/dir_6808/cms_OmeaU6LRuqXg/CMSSW_7_1_0_pre8/L1SkimRun_21_1_dQ0.root already exist Error checking [L1SkimRun_21_1_dQ0.root] '
StageOutSE = srm-eoscms.cern.ch
StageOutExitStatus = 60307
CrabUserCpuTime=2104.05
CrabSysCpuTime=29.49
CrabCpuPercentage=73%
CrabWrapperTime=3105
CrabStageoutTime=131
JobExitCode=60307
***** End Cat jobreport *****
Parameters sent to Dashboard.
EXITING at Fri Aug  1 03:54:38 PDT 2014  -  Fri Aug  1 10:54:38 UTC 2014
