This script was generated by crab (version 2.10.6).
Running /wntmp/condor/compute-14-7/execute/dir_28778/glide_EuaxaY/execute/dir_21570/condor_exec.exe with 2 positional parameters: 48 1
Today is Fri Aug  1 03:07:43 PDT 2014 - Fri Aug  1 10:07:43 UTC 2014
Job submitted on host compute-14-7.tier2
Linux compute-14-7.tier2 2.6.32-358.6.2.el6.x86_64 #1 SMP Thu May 16 20:59:36 UTC 2013 x86_64 x86_64 x86_64 GNU/Linux
>>> current directory (RUNTIME_AREA): /wntmp/condor/compute-14-7/execute/dir_28778/glide_EuaxaY/execute/dir_21570
>>> current user: uid=20804(uscms4354) gid=504(cms) groups=504(cms),65003(glexec65003) context=unconfined_u:system_r:condor_startd_t:s0
>>> directory permission set to 0700
>>> umask set to:  u=rwx,g=,o=
>>> stdout stderr permission set to 0704
>>> voms proxy information:
subject   : /C=UK/O=eScience/OU=Imperial/L=Physics/CN=adam elwood/CN=1171778048/CN=63280751
issuer    : /C=UK/O=eScience/OU=Imperial/L=Physics/CN=adam elwood/CN=1171778048
identity  : /C=UK/O=eScience/OU=Imperial/L=Physics/CN=adam elwood/CN=1171778048
type      : RFC compliant proxy
strength  : 1024 bits
path      : /wntmp/condor/compute-14-7/execute/dir_28778/glide_EuaxaY/execute/dir_21570/x509up_u41660
timeleft  : 23:59:58
key usage : Digital Signature, Key Encipherment, Key Agreement
=== VO cms extension information ===
VO        : cms
subject   : /C=UK/O=eScience/OU=Imperial/L=Physics/CN=adam elwood
issuer    : /DC=ch/DC=cern/OU=computers/CN=lcg-voms.cern.ch
attribute : /cms/Role=NULL/Capability=NULL
timeleft  : 191:45:33
uri       : lcg-voms.cern.ch:15002
WNHostName=compute-14-7.tier2
>>> tar --no-same-permissions -xf /wntmp/condor/compute-14-7/execute/dir_28778/glide_EuaxaY/execute/dir_21570/default.tgz :
Successful untar
>>> Include /wntmp/condor/compute-14-7/execute/dir_28778/glide_EuaxaY/execute/dir_21570 in PYTHONPATH:
strip arguments
env var CRAB_UNIQUE_JOB_ID set to: aelwood_140801_jJets_ngun_PU40bx25_1c84ps_48_1_G0X
out_files_48
>>> list of expected files on output sandbox
output files: crab_fjr_48.xml CMSSW_48.stdout CMSSW_48.stderr Watchdog_48.log.gz
>>> GridFlavour discovery: 
source OSG GRID setup script
GridFlavour=OSG
>>> SyncSite discovery: 
SyncSite=T2_US_Caltech
>>> SyncCE discovery: 
getting SyncCE from OSG_JOB_CONTACT
SyncCE=itb-ce.ultralight.org/jobmanager-condor
>>> info for dashboard:
***** Cat /wntmp/condor/compute-14-7/execute/dir_28778/glide_EuaxaY/execute/dir_21570/jobreport.txt *****
WNHostName=compute-14-7.tier2
MonitorJobID=48_https://submit-4.t2.ucsd.edu//140801//331280.47
SyncGridJobId=https://submit-4.t2.ucsd.edu//140801//331280.47
MonitorID=aelwood_140801_jJets_ngun_PU40bx25_1c84ps
GridFlavour=OSG
SyncSite=T2_US_Caltech
SyncCE=itb-ce.ultralight.org/jobmanager-condor
***** End Cat jobreport *****
Parameters sent to Dashboard.
>>> setup environment
set SCRAM ARCH to slc6_amd64_gcc481
SCRAM_ARCH = slc6_amd64_gcc481
>>> Created working directory: /wntmp/condor/compute-14-7/execute/dir_28778/glide_EuaxaY/execute/dir_21570/cms_tCMeRdLLl7Tg
Change to working directory: /wntmp/condor/compute-14-7/execute/dir_28778/glide_EuaxaY/execute/dir_21570/cms_tCMeRdLLl7Tg
>>> current directory (WORKING_DIR): /wntmp/condor/compute-14-7/execute/dir_28778/glide_EuaxaY/execute/dir_21570/cms_tCMeRdLLl7Tg
>>> setup CMS OSG environment:
set SCRAM ARCH to slc6_amd64_gcc481
SCRAM_ARCH = slc6_amd64_gcc481
OSG_APP is /raid1/osg-app
sourcing /raid1/osg-app/cmssoft/cms/cmsset_default.sh ...
==> setup cms environment ok
SCRAM_ARCH = slc6_amd64_gcc481
>>> specific cmssw setup environment:
CMSSW_VERSION =  CMSSW_7_1_0_pre8
>>> current directory (SOFTWARE_DIR): /wntmp/condor/compute-14-7/execute/dir_28778/glide_EuaxaY/execute/dir_21570/cms_tCMeRdLLl7Tg/CMSSW_7_1_0_pre8
PreserveSeeds: <>
IncrementSeeds:<>
>>> info for dashboard:
***** Cat /wntmp/condor/compute-14-7/execute/dir_28778/glide_EuaxaY/execute/dir_21570/jobreport.txt *****
MonitorJobID=48_https://submit-4.t2.ucsd.edu//140801//331280.47
MonitorID=aelwood_140801_jJets_ngun_PU40bx25_1c84ps
***** End Cat jobreport *****
Parameters sent to Dashboard.
crabWatchdog started as process 22091
>>> moving CMSSW software directories in /wntmp/condor/compute-14-7/execute/dir_28778/glide_EuaxaY/execute/dir_21570/cms_tCMeRdLLl7Tg/CMSSW_7_1_0_pre8
mv: cannot stat `/wntmp/condor/compute-14-7/execute/dir_28778/glide_EuaxaY/execute/dir_21570/module/': No such file or directory
>>> Include /wntmp/condor/compute-14-7/execute/dir_28778/glide_EuaxaY/execute/dir_21570 in PYTHONPATH:
PYTHONPATH=/wntmp/condor/compute-14-7/execute/dir_28778/glide_EuaxaY/execute/dir_21570/:/wntmp/condor/compute-14-7/execute/dir_28778/glide_EuaxaY/execute/dir_21570/cms_tCMeRdLLl7Tg/CMSSW_7_1_0_pre8/python:/wntmp/condor/compute-14-7/execute/dir_28778/glide_EuaxaY/execute/dir_21570/cms_tCMeRdLLl7Tg/CMSSW_7_1_0_pre8/lib/slc6_amd64_gcc481:/cvmfs/cms.cern.ch/slc6_amd64_gcc481/cms/cmssw/CMSSW_7_1_0_pre8/python:/cvmfs/cms.cern.ch/slc6_amd64_gcc481/cms/cmssw/CMSSW_7_1_0_pre8/lib/slc6_amd64_gcc481:/cvmfs/cms.cern.ch/slc6_amd64_gcc481/cms/coral/CORAL_2_3_21-cms20/slc6_amd64_gcc481/python:/cvmfs/cms.cern.ch/slc6_amd64_gcc481/cms/coral/CORAL_2_3_21-cms20/slc6_amd64_gcc481/lib:/cvmfs/cms.cern.ch/slc6_amd64_gcc481/external/pyqt/4.8.1-cms/lib/python2.7/site-packages:/cvmfs/cms.cern.ch/slc6_amd64_gcc481/external/py2-scipy/0.8.0-cms/lib/python2.7/site-packages:/cvmfs/cms.cern.ch/slc6_amd64_gcc481/external/py2-matplotlib/1.2.1-cms/lib/python2.7/site-packages:/cvmfs/cms.cern.ch/slc6_amd64_gcc481/external/yoda/1.0.4/lib/python2.7/site-packages:/cvmfs/cms.cern.ch/slc6_amd64_gcc481/external/python-ldap/2.4.10-cms/lib/python2.7/site-packages:/cvmfs/cms.cern.ch/slc6_amd64_gcc481/external/sip/4.11.2-cms/lib/python2.7/site-packages:/cvmfs/cms.cern.ch/slc6_amd64_gcc481/external/llvm/3.4/lib/python2.7/site-packages:/cvmfs/cms.cern.ch/slc6_amd64_gcc481/external/py2-sqlalchemy/0.8.2-cms2/lib/python2.7/site-packages:/cvmfs/cms.cern.ch/slc6_amd64_gcc481/external/py2-pycurl/7.19.0-cms/lib/python2.7/site-packages:/cvmfs/cms.cern.ch/slc6_amd64_gcc481/external/py2-python-dateutil/1.1-cms/lib/python2.7/site-packages:/cvmfs/cms.cern.ch/slc6_amd64_gcc481/external/py2-numpy/1.6.1-cms/lib/python2.7/site-packages:/cvmfs/cms.cern.ch/slc6_amd64_gcc481/external/py2-lint/0.25.1-cms/lib/python2.7/site-packages:/cvmfs/cms.cern.ch/slc6_amd64_gcc481/external/py2-ipython/0.10-cms/lib/python2.7/site-packages:/cvmfs/cms.cern.ch/slc6_amd64_gcc481/external/py2-cx-oracle/5.1-cms2/lib/python2.7/site-packages:/cvmfs/cms.cern.ch/slc6_amd64_gcc481/external/py2-cjson/1.0.5-cms/lib/python2.7/site-packages:/cvmfs/cms.cern.ch/slc6_amd64_gcc481/external/frontier_client/2.8.10/python/lib:/cvmfs/cms.cern.ch/slc6_amd64_gcc481/cms/das-client/2.5.0/bin:/cvmfs/cms.cern.ch/slc6_amd64_gcc481/external/cython/0.19.1/lib/python2.7/site-packages:/cvmfs/cms.cern.ch/slc6_amd64_gcc481/external/rivet/1.8.2-cms4/lib/python2.7/site-packages:/cvmfs/cms.cern.ch/slc6_amd64_gcc481/external/pyminuit2/0.0.1-cms13/lib/python2.7/site-packages:/cvmfs/cms.cern.ch/slc6_amd64_gcc481/external/py2-pygithub/1.23.0/lib/python2.7/site-packages:/cvmfs/cms.cern.ch/slc6_amd64_gcc481/external/py2-networkx/1.8.1/lib/python2.7/site-packages:/cvmfs/cms.cern.ch/slc6_amd64_gcc481/external/professor/1.0.0-cms13/lib/python2.7/site-packages:/cvmfs/cms.cern.ch/slc6_amd64_gcc481/lcg/root/5.34.18/lib:/cvmfs/cms.cern.ch/slc6_amd64_gcc481/cms/dbs-client/DBS_2_1_9-cms/lib:/cvmfs/cms.cern.ch/slc6_amd64_gcc481/cms/dbs-client/DBS_2_1_9-cms/lib/DBSAPI:/cvmfs/cms.cern.ch/slc6_amd64_gcc481/external/cvs2git/5419-cms/lib:/wntmp/condor/compute-14-7/execute/dir_28778/glide_EuaxaY/execute/dir_21570/
 
# LIMITS USED BY CRAB WATCHDOG:
# RSS  (KBytes)   : 2300000
# VSZ  (KBytes)   : 100000000
# DISK (MBytes)   : 19000
# CPU TIME        : 720h:0m:0s
# WALL CLOCK TIME : 21h:50m:0s
 
951aa882d2ac167e3fe15038b4453880
PSETHASH = 951aa882d2ac167e3fe15038b4453880
/wntmp/condor/compute-14-7/execute/dir_28778/glide_EuaxaY/execute/dir_21570/writeCfg.py pset.py pset.py
Importing .py file
Setting parameters
RandomNumberGeneratorService found, will attempt to change seeds
inputBlocks=/Neutrino_Pt-2to20_gun/Fall13dr-tsg_PU40bx25_POSTLS162_V2-v1/GEN-SIM-RAW#09b9f490-7aa3-11e3-b1c2-003048f02d38
inputFiles=/store/mc/Fall13dr/Neutrino_Pt-2to20_gun/GEN-SIM-RAW/tsg_PU40bx25_POSTLS162_V2-v1/00002/160CA7E5-2C7B-E311-907B-00248C55CC9D.root;/store/mc/Fall13dr/Neutrino_Pt-2to20_gun/GEN-SIM-RAW/tsg_PU40bx25_POSTLS162_V2-v1/00002/44C799D9-2A7B-E311-8436-0025905964B2.root;/store/mc/Fall13dr/Neutrino_Pt-2to20_gun/GEN-SIM-RAW/tsg_PU40bx25_POSTLS162_V2-v1/00002/8CA7A0D0-B97A-E311-911F-002618943946.root;/store/mc/Fall13dr/Neutrino_Pt-2to20_gun/GEN-SIM-RAW/tsg_PU40bx25_POSTLS162_V2-v1/00002/8055C554-F17A-E311-887F-003048678B14.root;/store/mc/Fall13dr/Neutrino_Pt-2to20_gun/GEN-SIM-RAW/tsg_PU40bx25_POSTLS162_V2-v1/00002/42C59991-B37A-E311-B304-002590593872.root;/store/mc/Fall13dr/Neutrino_Pt-2to20_gun/GEN-SIM-RAW/tsg_PU40bx25_POSTLS162_V2-v1/00002/02CC5621-CD7A-E311-AE48-0025905A48BA.root;/store/mc/Fall13dr/Neutrino_Pt-2to20_gun/GEN-SIM-RAW/tsg_PU40bx25_POSTLS162_V2-v1/00002/FC1F2535-D47A-E311-A83F-00261894386D.root;/store/mc/Fall13dr/Neutrino_Pt-2to20_gun/GEN-SIM-RAW/tsg_PU40bx25_POSTLS162_V2-v1/00002/468BF361-D37A-E311-83AB-00304867904E.root
parentFiles=/store/mc/Fall13/Neutrino_Pt-2to20_gun/GEN-SIM/POSTLS162_V1-v4/10000/00ED2FEA-AA68-E311-BEEE-003048F5B2A0.root;/store/mc/Fall13/Neutrino_Pt-2to20_gun/GEN-SIM/POSTLS162_V1-v4/10000/12FEE907-AB68-E311-A9B9-90B11C27EA38.root;/store/mc/Fall13/Neutrino_Pt-2to20_gun/GEN-SIM/POSTLS162_V1-v4/10000/5C0B7CF6-AA68-E311-BA32-003048F59754.root;/store/mc/Fall13/Neutrino_Pt-2to20_gun/GEN-SIM/POSTLS162_V1-v4/10000/14465A61-AB68-E311-83F0-90B11C2ACF20.root;/store/mc/Fall13/Neutrino_Pt-2to20_gun/GEN-SIM/POSTLS162_V1-v4/10000/8C0E4E91-AB68-E311-AF2C-0025901D08DE.root;/store/mc/Fall13/Neutrino_Pt-2to20_gun/GEN-SIM/POSTLS162_V1-v4/10000/869E6491-AB68-E311-8C53-0025901D08BE.root;/store/mc/Fall13/Neutrino_Pt-2to20_gun/GEN-SIM/POSTLS162_V1-v4/10000/DEB470F4-AA68-E311-A5EC-90B11C1DBFB4.root;/store/mc/Fall13/Neutrino_Pt-2to20_gun/GEN-SIM/POSTLS162_V1-v4/10000/00ED2FEA-AA68-E311-BEEE-003048F5B2A0.root;/store/mc/Fall13/Neutrino_Pt-2to20_gun/GEN-SIM/POSTLS162_V1-v4/10000/5ED692F4-AA68-E311-85A2-90B11C1DBFB4.root;/store/mc/Fall13/Neutrino_Pt-2to20_gun/GEN-SIM/POSTLS162_V1-v4/10000/5C0B7CF6-AA68-E311-BA32-003048F59754.root;/store/mc/Fall13/Neutrino_Pt-2to20_gun/GEN-SIM/POSTLS162_V1-v4/10000/F805F57C-AB68-E311-9B93-90B11C1DBFB4.root;/store/mc/Fall13/Neutrino_Pt-2to20_gun/GEN-SIM/POSTLS162_V1-v4/10000/8C0E4E91-AB68-E311-AF2C-0025901D08DE.root;/store/mc/Fall13/Neutrino_Pt-2to20_gun/GEN-SIM/POSTLS162_V1-v4/10000/869E6491-AB68-E311-8C53-0025901D08BE.root;/store/mc/Fall13/Neutrino_Pt-2to20_gun/GEN-SIM/POSTLS162_V1-v4/10000/40AEBFC1-AB68-E311-A9EA-90B11C2AA388.root;/store/mc/Fall13/Neutrino_Pt-2to20_gun/GEN-SIM/POSTLS162_V1-v4/10000/1A5080F4-AA68-E311-BFFB-90B11C1DBFB4.root;/store/mc/Fall13/Neutrino_Pt-2to20_gun/GEN-SIM/POSTLS162_V1-v4/10000/7632CAE8-AB68-E311-AA1C-90B11C27EA38.root;/store/mc/Fall13/Neutrino_Pt-2to20_gun/GEN-SIM/POSTLS162_V1-v4/10000/0A8C8CED-AB68-E311-80BE-90B11C27F89E.root;/store/mc/Fall13/Neutrino_Pt-2to20_gun/GEN-SIM/POSTLS162_V1-v4/10000/10CAFE4F-AC68-E311-95FB-002590821320.root;/store/mc/Fall13/Neutrino_Pt-2to20_gun/GEN-SIM/POSTLS162_V1-v4/10000/0CD6C959-AC68-E311-8933-003048F5ADEA.root;/store/mc/Fall13/Neutrino_Pt-2to20_gun/GEN-SIM/POSTLS162_V1-v4/10000/54B76B39-AC68-E311-88C6-003048F5ADEA.root;/store/mc/Fall13/Neutrino_Pt-2to20_gun/GEN-SIM/POSTLS162_V1-v4/10000/542C6E62-AC68-E311-8B06-0025904AC2CA.root;/store/mc/Fall13/Neutrino_Pt-2to20_gun/GEN-SIM/POSTLS162_V1-v4/10000/36C47AF9-AC68-E311-88E1-90B11C27EA38.root;/store/mc/Fall13/Neutrino_Pt-2to20_gun/GEN-SIM/POSTLS162_V1-v4/10000/F4012258-AB68-E311-8717-0025904AC2CA.root;/store/mc/Fall13/Neutrino_Pt-2to20_gun/GEN-SIM/POSTLS162_V1-v4/10001/8E750E57-AD68-E311-BD96-90B11C1DBFB4.root;/store/mc/Fall13/Neutrino_Pt-2to20_gun/GEN-SIM/POSTLS162_V1-v4/10000/1A5080F4-AA68-E311-BFFB-90B11C1DBFB4.root;/store/mc/Fall13/Neutrino_Pt-2to20_gun/GEN-SIM/POSTLS162_V1-v4/10000/58156EF4-AA68-E311-A5B1-90B11C1DBFB4.root;/store/mc/Fall13/Neutrino_Pt-2to20_gun/GEN-SIM/POSTLS162_V1-v4/10000/DEB470F4-AA68-E311-A5EC-90B11C1DBFB4.root;/store/mc/Fall13/Neutrino_Pt-2to20_gun/GEN-SIM/POSTLS162_V1-v4/10000/5E069FF4-AA68-E311-8232-90B11C1DBFB4.root;/store/mc/Fall13/Neutrino_Pt-2to20_gun/GEN-SIM/POSTLS162_V1-v4/10000/7632CAE8-AB68-E311-AA1C-90B11C27EA38.root;/store/mc/Fall13/Neutrino_Pt-2to20_gun/GEN-SIM/POSTLS162_V1-v4/10000/0A8C8CED-AB68-E311-80BE-90B11C27F89E.root;/store/mc/Fall13/Neutrino_Pt-2to20_gun/GEN-SIM/POSTLS162_V1-v4/10000/0E75F3DF-AB68-E311-8BA9-003048F5B5F4.root;/store/mc/Fall13/Neutrino_Pt-2to20_gun/GEN-SIM/POSTLS162_V1-v4/10000/3228DBE4-AB68-E311-AFE5-0025904A91F6.root;/store/mc/Fall13/Neutrino_Pt-2to20_gun/GEN-SIM/POSTLS162_V1-v4/10000/0A8C8CED-AB68-E311-80BE-90B11C27F89E.root;/store/mc/Fall13/Neutrino_Pt-2to20_gun/GEN-SIM/POSTLS162_V1-v4/10000/1433FB5A-AB68-E311-9ADF-002590491AE4.root;/store/mc/Fall13/Neutrino_Pt-2to20_gun/GEN-SIM/POSTLS162_V1-v4/10000/8E0B195E-AB68-E311-A174-0025904AC2CA.root;/store/mc/Fall13/Neutrino_Pt-2to20_gun/GEN-SIM/POSTLS162_V1-v4/10000/C24871F4-AA68-E311-9366-90B11C1DBFB4.root;/store/mc/Fall13/Neutrino_Pt-2to20_gun/GEN-SIM/POSTLS162_V1-v4/10000/0E6630EA-AA68-E311-9082-003048F5B2A0.root;/store/mc/Fall13/Neutrino_Pt-2to20_gun/GEN-SIM/POSTLS162_V1-v4/10000/0E75F3DF-AB68-E311-8BA9-003048F5B5F4.root;/store/mc/Fall13/Neutrino_Pt-2to20_gun/GEN-SIM/POSTLS162_V1-v4/10000/3228DBE4-AB68-E311-AFE5-0025904A91F6.root;/store/mc/Fall13/Neutrino_Pt-2to20_gun/GEN-SIM/POSTLS162_V1-v4/10000/7632CAE8-AB68-E311-AA1C-90B11C27EA38.root;/store/mc/Fall13/Neutrino_Pt-2to20_gun/GEN-SIM/POSTLS162_V1-v4/10000/0A8C8CED-AB68-E311-80BE-90B11C27F89E.root;/store/mc/Fall13/Neutrino_Pt-2to20_gun/GEN-SIM/POSTLS162_V1-v4/10000/0CD6C959-AC68-E311-8933-003048F5ADEA.root;/store/mc/Fall13/Neutrino_Pt-2to20_gun/GEN-SIM/POSTLS162_V1-v4/10000/F4012258-AB68-E311-8717-0025904AC2CA.root;/store/mc/Fall13/Neutrino_Pt-2to20_gun/GEN-SIM/POSTLS162_V1-v4/10000/1433FB5A-AB68-E311-9ADF-002590491AE4.root;/store/mc/Fall13/Neutrino_Pt-2to20_gun/GEN-SIM/POSTLS162_V1-v4/10000/8E0B195E-AB68-E311-A174-0025904AC2CA.root;/store/mc/Fall13/Neutrino_Pt-2to20_gun/GEN-SIM/POSTLS162_V1-v4/10000/C24871F4-AA68-E311-9366-90B11C1DBFB4.root;/store/mc/Fall13/Neutrino_Pt-2to20_gun/GEN-SIM/POSTLS162_V1-v4/10000/0E6630EA-AA68-E311-9082-003048F5B2A0.root
lumisRange=
>>> Executable cmsRun
/cvmfs/cms.cern.ch/slc6_amd64_gcc481/cms/cmssw/CMSSW_7_1_0_pre8/bin/slc6_amd64_gcc481/cmsRun
ok executable found
>>> info for dashboard:
***** Cat /wntmp/condor/compute-14-7/execute/dir_28778/glide_EuaxaY/execute/dir_21570/jobreport.txt *****
MonitorJobID=48_https://submit-4.t2.ucsd.edu//140801//331280.47
MonitorID=aelwood_140801_jJets_ngun_PU40bx25_1c84ps
ExeStart=cmsRun
***** End Cat jobreport *****
Parameters sent to Dashboard.
>>> cmsRun started at Fri Aug  1 10:08:57 UTC 2014
>>> cmsRun ended at Fri Aug  1 11:22:36 UTC 2014
>>> crab_fjr_*.xml  permission set to 0704
>>> info for dashboard:
***** Cat /wntmp/condor/compute-14-7/execute/dir_28778/glide_EuaxaY/execute/dir_21570/jobreport.txt *****
MonitorJobID=48_https://submit-4.t2.ucsd.edu//140801//331280.47
MonitorID=aelwood_140801_jJets_ngun_PU40bx25_1c84ps
ExeEnd=cmsRun
***** End Cat jobreport *****
Parameters sent to Dashboard.
TIME_EXE = 4418 sec
>>> cmsRun wrote 63 lines of stdout+stderr
>>> START OF printout of 63 lines from stdout+stderr
==> using COND/Services/RelationalAuthenticationService for auth, sys 1
==> using COND/Services/RelationalAuthenticationService for auth, sys 1
01-Aug-2014 03:09:34 PDT  Initiating request to open file /mnt/hadoop/store/mc/Fall13dr/Neutrino_Pt-2to20_gun/GEN-SIM-RAW/tsg_PU40bx25_POSTLS162_V2-v1/00002/160CA7E5-2C7B-E311-907B-00248C55CC9D.root
01-Aug-2014 03:09:35 PDT  Successfully opened file /mnt/hadoop/store/mc/Fall13dr/Neutrino_Pt-2to20_gun/GEN-SIM-RAW/tsg_PU40bx25_POSTLS162_V2-v1/00002/160CA7E5-2C7B-E311-907B-00248C55CC9D.root
01-Aug-2014 03:10:47 PDT  Initiating request to open file /mnt/hadoop/store/mc/Fall13/Neutrino_Pt-2to20_gun/GEN-SIM/POSTLS162_V1-v4/10000/00ED2FEA-AA68-E311-BEEE-003048F5B2A0.root
01-Aug-2014 03:10:48 PDT  Fallback request to file root://cmsxrootd.fnal.gov//store/mc/Fall13/Neutrino_Pt-2to20_gun/GEN-SIM/POSTLS162_V1-v4/10000/00ED2FEA-AA68-E311-BEEE-003048F5B2A0.root
140801 03:10:51 22427 Xrd: CheckErrorStatus: Server [cmssrmdisk.fnal.gov:1095] declared: Request 3018 not supported(error code: 3013)
01-Aug-2014 03:10:51 PDT  Successfully opened file root://cmsxrootd.fnal.gov//store/mc/Fall13/Neutrino_Pt-2to20_gun/GEN-SIM/POSTLS162_V1-v4/10000/00ED2FEA-AA68-E311-BEEE-003048F5B2A0.root
01-Aug-2014 03:11:00 PDT  Closed file root://cmsxrootd.fnal.gov//store/mc/Fall13/Neutrino_Pt-2to20_gun/GEN-SIM/POSTLS162_V1-v4/10000/00ED2FEA-AA68-E311-BEEE-003048F5B2A0.root
Stage1Layer2Producer -- Running pp implementation


----------------------------------------
Begin: L1CaloTowerProducer
----------------------------------------

01-Aug-2014 03:12:04 PDT  Closed file /mnt/hadoop/store/mc/Fall13dr/Neutrino_Pt-2to20_gun/GEN-SIM-RAW/tsg_PU40bx25_POSTLS162_V2-v1/00002/160CA7E5-2C7B-E311-907B-00248C55CC9D.root
01-Aug-2014 03:12:04 PDT  Initiating request to open file /mnt/hadoop/store/mc/Fall13dr/Neutrino_Pt-2to20_gun/GEN-SIM-RAW/tsg_PU40bx25_POSTLS162_V2-v1/00002/44C799D9-2A7B-E311-8436-0025905964B2.root
01-Aug-2014 03:12:04 PDT  Successfully opened file /mnt/hadoop/store/mc/Fall13dr/Neutrino_Pt-2to20_gun/GEN-SIM-RAW/tsg_PU40bx25_POSTLS162_V2-v1/00002/44C799D9-2A7B-E311-8436-0025905964B2.root
140801 03:16:18 23668 Xrd: XrdClientMessage::ReadRaw: Failed to read header (8 bytes).
140801 03:16:18 23670 Xrd: XrdClientMessage::ReadRaw: Failed to read header (8 bytes).
01-Aug-2014 03:19:02 PDT  Closed file /mnt/hadoop/store/mc/Fall13dr/Neutrino_Pt-2to20_gun/GEN-SIM-RAW/tsg_PU40bx25_POSTLS162_V2-v1/00002/44C799D9-2A7B-E311-8436-0025905964B2.root
01-Aug-2014 03:19:02 PDT  Initiating request to open file /mnt/hadoop/store/mc/Fall13dr/Neutrino_Pt-2to20_gun/GEN-SIM-RAW/tsg_PU40bx25_POSTLS162_V2-v1/00002/8CA7A0D0-B97A-E311-911F-002618943946.root
01-Aug-2014 03:19:02 PDT  Successfully opened file /mnt/hadoop/store/mc/Fall13dr/Neutrino_Pt-2to20_gun/GEN-SIM-RAW/tsg_PU40bx25_POSTLS162_V2-v1/00002/8CA7A0D0-B97A-E311-911F-002618943946.root
01-Aug-2014 03:24:39 PDT  Closed file /mnt/hadoop/store/mc/Fall13dr/Neutrino_Pt-2to20_gun/GEN-SIM-RAW/tsg_PU40bx25_POSTLS162_V2-v1/00002/8CA7A0D0-B97A-E311-911F-002618943946.root
01-Aug-2014 03:24:39 PDT  Initiating request to open file /mnt/hadoop/store/mc/Fall13dr/Neutrino_Pt-2to20_gun/GEN-SIM-RAW/tsg_PU40bx25_POSTLS162_V2-v1/00002/8055C554-F17A-E311-887F-003048678B14.root
01-Aug-2014 03:24:39 PDT  Successfully opened file /mnt/hadoop/store/mc/Fall13dr/Neutrino_Pt-2to20_gun/GEN-SIM-RAW/tsg_PU40bx25_POSTLS162_V2-v1/00002/8055C554-F17A-E311-887F-003048678B14.root
140801 03:31:18 23669 Xrd: XrdClientMessage::ReadRaw: Failed to read header (8 bytes).
140801 03:31:18 23664 Xrd: XrdClientMessage::ReadRaw: Failed to read header (8 bytes).
140801 03:31:19 23662 Xrd: XrdClientMessage::ReadRaw: Failed to read header (8 bytes).
01-Aug-2014 04:02:15 PDT  Closed file /mnt/hadoop/store/mc/Fall13dr/Neutrino_Pt-2to20_gun/GEN-SIM-RAW/tsg_PU40bx25_POSTLS162_V2-v1/00002/8055C554-F17A-E311-887F-003048678B14.root
01-Aug-2014 04:02:15 PDT  Initiating request to open file /mnt/hadoop/store/mc/Fall13dr/Neutrino_Pt-2to20_gun/GEN-SIM-RAW/tsg_PU40bx25_POSTLS162_V2-v1/00002/42C59991-B37A-E311-B304-002590593872.root
01-Aug-2014 04:02:15 PDT  Successfully opened file /mnt/hadoop/store/mc/Fall13dr/Neutrino_Pt-2to20_gun/GEN-SIM-RAW/tsg_PU40bx25_POSTLS162_V2-v1/00002/42C59991-B37A-E311-B304-002590593872.root
01-Aug-2014 04:08:56 PDT  Closed file /mnt/hadoop/store/mc/Fall13dr/Neutrino_Pt-2to20_gun/GEN-SIM-RAW/tsg_PU40bx25_POSTLS162_V2-v1/00002/42C59991-B37A-E311-B304-002590593872.root
01-Aug-2014 04:08:56 PDT  Initiating request to open file /mnt/hadoop/store/mc/Fall13dr/Neutrino_Pt-2to20_gun/GEN-SIM-RAW/tsg_PU40bx25_POSTLS162_V2-v1/00002/02CC5621-CD7A-E311-AE48-0025905A48BA.root
01-Aug-2014 04:08:56 PDT  Successfully opened file /mnt/hadoop/store/mc/Fall13dr/Neutrino_Pt-2to20_gun/GEN-SIM-RAW/tsg_PU40bx25_POSTLS162_V2-v1/00002/02CC5621-CD7A-E311-AE48-0025905A48BA.root
01-Aug-2014 04:15:30 PDT  Closed file /mnt/hadoop/store/mc/Fall13dr/Neutrino_Pt-2to20_gun/GEN-SIM-RAW/tsg_PU40bx25_POSTLS162_V2-v1/00002/02CC5621-CD7A-E311-AE48-0025905A48BA.root
01-Aug-2014 04:15:30 PDT  Initiating request to open file /mnt/hadoop/store/mc/Fall13dr/Neutrino_Pt-2to20_gun/GEN-SIM-RAW/tsg_PU40bx25_POSTLS162_V2-v1/00002/FC1F2535-D47A-E311-A83F-00261894386D.root
01-Aug-2014 04:15:55 PDT  Successfully opened file /mnt/hadoop/store/mc/Fall13dr/Neutrino_Pt-2to20_gun/GEN-SIM-RAW/tsg_PU40bx25_POSTLS162_V2-v1/00002/FC1F2535-D47A-E311-A83F-00261894386D.root
01-Aug-2014 04:20:04 PDT  Closed file /mnt/hadoop/store/mc/Fall13dr/Neutrino_Pt-2to20_gun/GEN-SIM-RAW/tsg_PU40bx25_POSTLS162_V2-v1/00002/FC1F2535-D47A-E311-A83F-00261894386D.root
01-Aug-2014 04:20:04 PDT  Initiating request to open file /mnt/hadoop/store/mc/Fall13dr/Neutrino_Pt-2to20_gun/GEN-SIM-RAW/tsg_PU40bx25_POSTLS162_V2-v1/00002/468BF361-D37A-E311-83AB-00304867904E.root
01-Aug-2014 04:20:04 PDT  Successfully opened file /mnt/hadoop/store/mc/Fall13dr/Neutrino_Pt-2to20_gun/GEN-SIM-RAW/tsg_PU40bx25_POSTLS162_V2-v1/00002/468BF361-D37A-E311-83AB-00304867904E.root
01-Aug-2014 04:22:29 PDT  Closed file /mnt/hadoop/store/mc/Fall13dr/Neutrino_Pt-2to20_gun/GEN-SIM-RAW/tsg_PU40bx25_POSTLS162_V2-v1/00002/468BF361-D37A-E311-83AB-00304867904E.root

=============================================

MessageLogger Summary

 type     category        sev    module        subroutine        count    total
 ---- -------------------- -- ---------------- ----------------  -----    -----
    1 fileAction           -s AfterFile                              4        4
    2 fileAction           -s file_close                             8        8
    3 fileAction           -s file_open                             16       16

 type    category    Examples: run/evt        run/evt          run/evt
 ---- -------------------- ---------------- ---------------- ----------------
    1 fileAction           pre-events       pre-events       pre-events
    2 fileAction           PostProcessEvent PostProcessEvent PostEndRun
    3 fileAction           pre-events       pre-events       PostProcessEvent

Severity    # Occurrences   Total Occurrences
--------    -------------   -----------------
System                 28                  28
>>> END OF printout of 63 lines from stdout+stderr
>>> Parse FrameworkJobReport crab_fjr.xml
Result of parsing the FrameworkJobReport crab_fjr.xml: 
Extracted ExitStatus from FrameworkJobReport parsing output: 0
>>> Executable succeded  0
ExeExitCode=0
EXECUTABLE_EXIT_STATUS = 0
>>> current directory /wntmp/condor/compute-14-7/execute/dir_28778/glide_EuaxaY/execute/dir_21570/cms_tCMeRdLLl7Tg/CMSSW_7_1_0_pre8
>>>  (SOFTWARE_DIR): /wntmp/condor/compute-14-7/execute/dir_28778/glide_EuaxaY/execute/dir_21570/cms_tCMeRdLLl7Tg/CMSSW_7_1_0_pre8
>>> (WORKING_DIR): /wntmp/condor/compute-14-7/execute/dir_28778/glide_EuaxaY/execute/dir_21570/cms_tCMeRdLLl7Tg
>>> current directory content:
total 468664
drwxr-xr-x. 3 uscms4354 cms      4096 Aug  1 03:07 .SCRAM
-rw-------. 1 uscms4354 cms    916533 Aug  1 03:07 CMSSW.py.pkl
-rw-------. 1 uscms4354 cms 477983907 Aug  1 04:22 L1SkimRun.root
drwxr-xr-x. 3 uscms4354 cms      4096 Aug  1 03:07 bin
drwxr-xr-x. 3 uscms4354 cms      4096 Aug  1 03:07 cfipython
drwxr-xr-x. 4 uscms4354 cms      4096 Aug  1 03:07 config
-rw-------. 1 uscms4354 cms        18 Aug  1 04:22 cpu_timing.txt
drwxr-xr-x. 2 uscms4354 cms      4096 Aug  1 03:07 doc
-rw-------. 1 uscms4354 cms      7148 Aug  1 04:22 executable.out
drwxr-xr-x. 2 uscms4354 cms      4096 Aug  1 03:07 include
drwx------. 3 uscms4354 cms      4096 Aug  1 00:37 lib
drwxr-xr-x. 3 uscms4354 cms      4096 Aug  1 03:07 logs
drwxr-xr-x. 3 uscms4354 cms      4096 Aug  1 03:07 objs
-rw-------. 1 uscms4354 cms       104 Aug  1 03:08 pset.py
-rw-------. 1 uscms4354 cms    925140 Aug  1 03:08 pset.py.pkl
-rw-------. 1 uscms4354 cms       289 Aug  1 03:08 pset.pyc
drwxr-xr-x. 2 uscms4354 cms      4096 Aug  1 03:07 python
-rw-------. 1 uscms4354 cms       419 Aug  1 04:22 report.log
drwx------. 5 uscms4354 cms      4096 Aug  1 03:07 src
drwxr-xr-x. 3 uscms4354 cms      4096 Aug  1 03:07 test
drwxr-xr-x. 3 uscms4354 cms      4096 Aug  1 03:07 tmp
>>> current directory /wntmp/condor/compute-14-7/execute/dir_28778/glide_EuaxaY/execute/dir_21570/cms_tCMeRdLLl7Tg/CMSSW_7_1_0_pre8
>>> (SOFTWARE_DIR): /wntmp/condor/compute-14-7/execute/dir_28778/glide_EuaxaY/execute/dir_21570/cms_tCMeRdLLl7Tg/CMSSW_7_1_0_pre8
>>> (WORKING_DIR): /wntmp/condor/compute-14-7/execute/dir_28778/glide_EuaxaY/execute/dir_21570/cms_tCMeRdLLl7Tg
>>> current directory content:
total 468664
drwxr-xr-x. 3 uscms4354 cms      4096 Aug  1 03:07 .SCRAM
-rw-------. 1 uscms4354 cms    916533 Aug  1 03:07 CMSSW.py.pkl
-rw-------. 1 uscms4354 cms 477983907 Aug  1 04:22 L1SkimRun_48_1_G0X.root
drwxr-xr-x. 3 uscms4354 cms      4096 Aug  1 03:07 bin
drwxr-xr-x. 3 uscms4354 cms      4096 Aug  1 03:07 cfipython
drwxr-xr-x. 4 uscms4354 cms      4096 Aug  1 03:07 config
-rw-------. 1 uscms4354 cms        18 Aug  1 04:22 cpu_timing.txt
drwxr-xr-x. 2 uscms4354 cms      4096 Aug  1 03:07 doc
-rw-------. 1 uscms4354 cms      7148 Aug  1 04:22 executable.out
drwxr-xr-x. 2 uscms4354 cms      4096 Aug  1 03:07 include
drwx------. 3 uscms4354 cms      4096 Aug  1 00:37 lib
drwxr-xr-x. 3 uscms4354 cms      4096 Aug  1 03:07 logs
drwxr-xr-x. 3 uscms4354 cms      4096 Aug  1 03:07 objs
-rw-------. 1 uscms4354 cms       104 Aug  1 03:08 pset.py
-rw-------. 1 uscms4354 cms    925140 Aug  1 03:08 pset.py.pkl
-rw-------. 1 uscms4354 cms       289 Aug  1 03:08 pset.pyc
drwxr-xr-x. 2 uscms4354 cms      4096 Aug  1 03:07 python
-rw-------. 1 uscms4354 cms       419 Aug  1 04:22 report.log
drwx------. 5 uscms4354 cms      4096 Aug  1 03:07 src
drwxr-xr-x. 3 uscms4354 cms      4096 Aug  1 03:07 test
drwxr-xr-x. 3 uscms4354 cms      4096 Aug  1 03:07 tmp
>>> current directory (RUNTIME_AREA):  /wntmp/condor/compute-14-7/execute/dir_28778/glide_EuaxaY/execute/dir_21570
SE = srm-eoscms.cern.ch
SE_PATH = /srm/v2/server?SFN=/eos/cms/store/user/aelwood/140801_jJets_ngun_PU40bx25/
LFNBaseName = /store/user/aelwood/140801_jJets_ngun_PU40bx25/
USER = aelwood
endpoint = srm://srm-eoscms.cern.ch:8443/srm/v2/server?SFN=/eos/cms/store/user/aelwood/140801_jJets_ngun_PU40bx25/
>>> Copy output files from WN = compute-14-7.tier2 to /srm/v2/server?SFN=/eos/cms/store/user/aelwood/140801_jJets_ngun_PU40bx25/ :
python cmscp.py  --destination srm://srm-eoscms.cern.ch:8443/srm/v2/server?SFN=/eos/cms/store/user/aelwood/140801_jJets_ngun_PU40bx25/ --inputFileList /wntmp/condor/compute-14-7/execute/dir_28778/glide_EuaxaY/execute/dir_21570/cms_tCMeRdLLl7Tg/CMSSW_7_1_0_pre8/L1SkimRun_48_1_G0X.root --middleware OSG --se_name srm-eoscms.cern.ch --for_lfn /store/user/aelwood/140801_jJets_ngun_PU40bx25/    
******************************************************
localSeName  =  cit-se.ultralight.org
remoteSeName =  srm-eoscms.cern.ch
******************************************************
{"/wntmp/condor/compute-14-7/execute/dir_28778/glide_EuaxaY/execute/dir_21570/cms_tCMeRdLLl7Tg/CMSSW_7_1_0_pre8/L1SkimRun_48_1_G0X.root": {"endpoint": "srm://srm-eoscms.cern.ch:8443/srm/v2/server?SFN=/eos/cms/store/user/aelwood/140801_jJets_ngun_PU40bx25/", "surl_for_grid": "", "reason": "ERROR: problems checking if file /wntmp/condor/compute-14-7/execute/dir_28778/glide_EuaxaY/execute/dir_21570/cms_tCMeRdLLl7Tg/CMSSW_7_1_0_pre8/L1SkimRun_48_1_G0X.root already exist'Error checking [L1SkimRun_48_1_G0X.root]'", "erCode": "60307", "se_name": "srm-eoscms.cern.ch", "for_lfn": "/copy_problem/"}}/wntmp/condor/compute-14-7/execute/dir_28778/glide_EuaxaY/execute/dir_21570
-------- cat /wntmp/condor/compute-14-7/execute/dir_28778/glide_EuaxaY/execute/dir_21570/cmscpReport.sh 
#!/bin/bash
echo "Report for File: /wntmp/condor/compute-14-7/execute/dir_28778/glide_EuaxaY/execute/dir_21570/cms_tCMeRdLLl7Tg/CMSSW_7_1_0_pre8/L1SkimRun_48_1_G0X.root"
echo "LFN: /copy_problem/L1SkimRun_48_1_G0X.root"
echo "StorageElement: srm-eoscms.cern.ch"
echo "StageOutExitStatusReason = 'ERROR: problems checking if file /wntmp/condor/compute-14-7/execute/dir_28778/glide_EuaxaY/execute/dir_21570/cms_tCMeRdLLl7Tg/CMSSW_7_1_0_pre8/L1SkimRun_48_1_G0X.root already exist Error checking [L1SkimRun_48_1_G0X.root] '" | tee -a $RUNTIME_AREA/$repo
echo "StageOutSE = srm-eoscms.cern.ch" >> $RUNTIME_AREA/$repo

export StageOutExitStatus=60307
echo "StageOutExitStatus = 60307" | tee -a $RUNTIME_AREA/$repo
-------- end of /wntmp/condor/compute-14-7/execute/dir_28778/glide_EuaxaY/execute/dir_21570/cmscpReport.sh 
Report for File: /wntmp/condor/compute-14-7/execute/dir_28778/glide_EuaxaY/execute/dir_21570/cms_tCMeRdLLl7Tg/CMSSW_7_1_0_pre8/L1SkimRun_48_1_G0X.root
LFN: /copy_problem/L1SkimRun_48_1_G0X.root
StorageElement: srm-eoscms.cern.ch
StageOutExitStatusReason = 'ERROR: problems checking if file /wntmp/condor/compute-14-7/execute/dir_28778/glide_EuaxaY/execute/dir_21570/cms_tCMeRdLLl7Tg/CMSSW_7_1_0_pre8/L1SkimRun_48_1_G0X.root already exist Error checking [L1SkimRun_48_1_G0X.root] '
StageOutExitStatus = 60307
Problem copying file to srm-eoscms.cern.ch /srm/v2/server?SFN=/eos/cms/store/user/aelwood/140801_jJets_ngun_PU40bx25/
########## contents of SE interaction
2014-08-01 04:23:06.651798:
Executed:	unset LD_LIBRARY_PATH; unset GLITE_ENV_SET; export PATH=/usr/bin:/bin; source /etc/profile; source /wntmp/condor/compute-14-7/execute/dir_28778/glide_EuaxaY/execute/dir_21570/CacheEnv.sh ; lcg-ls -b -D srmv2 --srm-timeout 2400 --sendreceive-timeout 2400 --connect-timeout 300 --verbose srm://srm-eoscms.cern.ch:8443/srm/v2/server?SFN=/eos/cms/store/user/aelwood/140801_jJets_ngun_PU40bx25/L1SkimRun_48_1_G0X.root
Done with exit code:	1
and output:
SE type: SRMv2
[SE][Ls][] httpg://srm-eoscms.cern.ch:8443/srm/v2/server: CGSI-gSOAP running on compute-14-7.tier2 reports Error initializing context
GSS Major Status: Authentication Failed

GSS Minor Status Error Chain:
globus_gsi_gssapi: SSLv3 handshake problems
OpenSSL Error: s3_clnt.c:1168: in library: SSL routines, function SSL3_GET_SERVER_CERTIFICATE: certificate verify failed
globus_gsi_callback_module: Could not verify credential
globus_gsi_callback_module: Can't get the local trusted CA certificate: Cannot find trusted CA certificate with hash 5168735f in /etc/grid-security/certificates/



#####################################
>>> current dir: /wntmp/condor/compute-14-7/execute/dir_28778/glide_EuaxaY/execute/dir_21570
>>> current dir content:
total 15132
-rw-------. 1 uscms4354 cms     1092 Aug  1 04:23 .SEinteraction.log
-rwx------. 1 uscms4354 cms     6636 Aug  1 03:07 .job.ad
-rwx------. 1 uscms4354 cms     9401 Aug  1 03:07 .machine.ad
-rw-------. 1 uscms4354 cms      105 Aug  1 02:57 CMSSW.py
-rw-------. 1 uscms4354 cms   916533 Aug  1 02:57 CMSSW.py.pkl
-rwx------. 1 uscms4354 cms    28576 Aug  1 03:07 CMSSW.sh
-rw-------. 1 uscms4354 cms      182 Aug  1 03:07 CacheEnv.sh
-rw-------. 1 uscms4354 cms     7291 Jul 12 08:18 DashboardAPI.py
-rw-------. 1 uscms4354 cms     6755 Aug  1 03:08 DashboardAPI.pyc
drwx------. 2 uscms4354 cms     4096 Aug  1 04:22 IMProv
lrwxrwxrwx. 1 uscms4354 cms      133 Aug  1 04:22 L1SkimRun.root -> /wntmp/condor/compute-14-7/execute/dir_28778/glide_EuaxaY/execute/dir_21570/cms_tCMeRdLLl7Tg/CMSSW_7_1_0_pre8/L1SkimRun_48_1_G0X.root
-rw-------. 1 uscms4354 cms     2748 Jul 12 08:18 Logger.py
-rw-------. 1 uscms4354 cms     3327 Aug  1 03:08 Logger.pyc
-rw-------. 1 uscms4354 cms    24524 Jul 12 08:18 ProcInfo.py
-rw-------. 1 uscms4354 cms    23101 Aug  1 03:08 ProcInfo.pyc
drwx------. 7 uscms4354 cms     4096 Aug  1 03:08 ProdCommon
drwx------. 3 uscms4354 cms     4096 Aug  1 03:07 WMCore
-rw-------. 1 uscms4354 cms     5479 Aug  1 04:23 Watchdog_48.log
-rwx------. 1 uscms4354 cms        0 Aug  1 03:07 _condor_stderr
-rwx---r--. 1 uscms4354 cms    30923 Aug  1 04:25 _condor_stdout
-rw-------. 1 uscms4354 cms    32895 Jul 12 08:18 apmon.py
-rw-------. 1 uscms4354 cms    28509 Aug  1 03:08 apmon.pyc
-rwx------. 1 uscms4354 cms   240046 Aug  1 03:07 arguments.xml
drwx------. 3 uscms4354 cms     4096 Aug  1 03:07 cms_tCMeRdLLl7Tg
-rwx------. 1 uscms4354 cms    38524 Jul 12 08:18 cmscp.py
-rw-------. 1 uscms4354 cms      708 Aug  1 04:25 cmscpReport.sh
-rwx------. 1 uscms4354 cms    28576 Aug  1 03:07 condor_exec.exe
-rw-------. 1 uscms4354 cms      759 Aug  1 02:56 crab.cfg
-rwx------. 1 uscms4354 cms     8610 Jul 12 08:18 crabWatchdog.sh
-rwx---r--. 1 uscms4354 cms    82505 Aug  1 04:22 crab_fjr_48.xml
-rwx------. 1 uscms4354 cms 13818897 Aug  1 03:07 default.tgz
-rwx------. 1 uscms4354 cms     4488 Jul 12 08:18 fillCrabFjr.py
-rw-------. 1 uscms4354 cms     6414 Aug  1 03:08 inputsReport.txt
-rw-------. 1 uscms4354 cms      454 Aug  1 04:25 jobreport.txt
-rw-------. 1 uscms4354 cms    17352 Jul 12 08:18 parseCrabFjr.py
-rw-------. 1 uscms4354 cms      333 Aug  1 03:07 report.log
-rwx--x--x. 1 uscms4354 cms     1497 Jul 12 08:18 report.py
-rw-------. 1 uscms4354 cms      596 Aug  1 04:25 resultCopyFile
-rwx------. 1 uscms4354 cms     8351 Jul 12 08:18 writeCfg.py
-rw-------. 1 uscms4354 cms     8083 Aug  1 04:17 x509up_u41660
>>> Modify Job Report:
CMSSW_VERSION = CMSSW_7_1_0_pre8
/wntmp/condor/compute-14-7/execute/dir_28778/glide_EuaxaY/execute/dir_21570/ProdCommon/FwkJobRep/ModifyJobReport.py fjr /wntmp/condor/compute-14-7/execute/dir_28778/glide_EuaxaY/execute/dir_21570/crab_fjr_48.xml json /wntmp/condor/compute-14-7/execute/dir_28778/glide_EuaxaY/execute/dir_21570/resultCopyFile n_job 48_1_G0X PrimaryDataset Neutrino_Pt-2to20_gun  ApplicationFamily cmsRun ApplicationName cmsRun cmssw_version CMSSW_7_1_0_pre8 psethash 951aa882d2ac167e3fe15038b4453880
inputDict =  {u'/wntmp/condor/compute-14-7/execute/dir_28778/glide_EuaxaY/execute/dir_21570/cms_tCMeRdLLl7Tg/CMSSW_7_1_0_pre8/L1SkimRun_48_1_G0X.root': {u'endpoint': u'srm://srm-eoscms.cern.ch:8443/srm/v2/server?SFN=/eos/cms/store/user/aelwood/140801_jJets_ngun_PU40bx25/', u'surl_for_grid': u'', u'reason': u"ERROR: problems checking if file /wntmp/condor/compute-14-7/execute/dir_28778/glide_EuaxaY/execute/dir_21570/cms_tCMeRdLLl7Tg/CMSSW_7_1_0_pre8/L1SkimRun_48_1_G0X.root already exist'Error checking [L1SkimRun_48_1_G0X.root]'", u'erCode': u'60307', u'se_name': u'srm-eoscms.cern.ch', u'for_lfn': u'/copy_problem/'}}
UserProcessedDataset =  
file_name in inputDict =  /wntmp/condor/compute-14-7/execute/dir_28778/glide_EuaxaY/execute/dir_21570/cms_tCMeRdLLl7Tg/CMSSW_7_1_0_pre8/L1SkimRun_48_1_G0X.root
(size) os.stat(filename)[6] =  477983907
checksum =  4189978683
    file =  L1SkimRun_48_1_G0X.root
    newPfn =  srm://srm-eoscms.cern.ch:8443/srm/v2/server?SFN=/eos/cms/store/user/aelwood/140801_jJets_ngun_PU40bx25/L1SkimRun_48_1_G0X.root
    newLfn =  /copy_problem/L1SkimRun_48_1_G0X.root
>>> crab_fjr_*.xml  permission set to 0704
CrabWrapper EXIT_FUNC entered at Fri Aug  1 04:25:20 PDT 2014   -  Fri Aug  1 11:25:20 UTC 2014
Checking output files:  
will tar file crab_fjr_48.xml in  out_files_48
WARNING: output file CMSSW_48.stdout not found!
WARNING: output file CMSSW_48.stderr not found!
WARNING: output file Watchdog_48.log.gz not found!
>>> working dir = /wntmp/condor/compute-14-7/execute/dir_28778/glide_EuaxaY/execute/dir_21570/cms_tCMeRdLLl7Tg
>>> current directory (RUNTIME_AREA): /wntmp/condor/compute-14-7/execute/dir_28778/glide_EuaxaY/execute/dir_21570
>>> Remove working directory: /wntmp/condor/compute-14-7/execute/dir_28778/glide_EuaxaY/execute/dir_21570/cms_tCMeRdLLl7Tg
/wntmp/condor/compute-14-7/execute/dir_28778/glide_EuaxaY/execute/dir_21570/condor_exec.exe: line 140: symlinks: command not found
>>> padding time: Wrapper lasting more than 600 seconds. No sleep required.
STOPPING WATCHDOG. CrabWatchdog PID is 22091
********** LAST 50 LINES OF WATCHDOG LOG
 Aug 01 03:11:44 PDT	---	536744	794732	91	----	----	----
 Aug 01 03:12:45 PDT	22427	543732	815212	91	72	243	cmsRun -j /wntmp/condor/compute-14-7/execute/dir_28778/glide_EuaxaY/execute/dir_21570/crab_fjr_48.xml -p pset.py      
 Aug 01 03:12:45 PDT	---	543732	815212	105	----	----	----
 Aug 01 03:13:45 PDT	22427	643308	890476	105	123	304	cmsRun -j /wntmp/condor/compute-14-7/execute/dir_28778/glide_EuaxaY/execute/dir_21570/crab_fjr_48.xml -p pset.py      
 Aug 01 03:13:45 PDT	---	643308	890476	118	----	----	----
 Aug 01 03:14:47 PDT	22427	669440	916844	118	174	365	cmsRun -j /wntmp/condor/compute-14-7/execute/dir_28778/glide_EuaxaY/execute/dir_21570/crab_fjr_48.xml -p pset.py      
 Aug 01 03:14:47 PDT	---	669440	916844	130	----	----	----
 Aug 01 03:15:47 PDT	22427	670340	916844	130	222	425	cmsRun -j /wntmp/condor/compute-14-7/execute/dir_28778/glide_EuaxaY/execute/dir_21570/crab_fjr_48.xml -p pset.py      
 Aug 01 03:15:47 PDT	---	670340	916844	144	----	----	----
 Aug 01 03:16:47 PDT	---	670340	916844	152	----	----	----
 Aug 01 03:17:48 PDT	22427	695036	967020	152	305	546	cmsRun -j /wntmp/condor/compute-14-7/execute/dir_28778/glide_EuaxaY/execute/dir_21570/crab_fjr_48.xml -p pset.py      
 Aug 01 03:17:48 PDT	---	695036	967020	165	----	----	----
 Aug 01 03:18:48 PDT	22427	695064	967020	165	356	607	cmsRun -j /wntmp/condor/compute-14-7/execute/dir_28778/glide_EuaxaY/execute/dir_21570/crab_fjr_48.xml -p pset.py      
 Aug 01 03:18:48 PDT	---	695064	967020	179	----	----	----
 Aug 01 03:19:49 PDT	22427	695452	967020	179	398	667	cmsRun -j /wntmp/condor/compute-14-7/execute/dir_28778/glide_EuaxaY/execute/dir_21570/crab_fjr_48.xml -p pset.py      
 Aug 01 03:19:49 PDT	---	695452	967020	190	----	----	----
 Aug 01 03:20:49 PDT	22427	696080	967020	190	445	728	cmsRun -j /wntmp/condor/compute-14-7/execute/dir_28778/glide_EuaxaY/execute/dir_21570/crab_fjr_48.xml -p pset.py      
 Aug 01 03:20:49 PDT	---	696080	967020	202	----	----	----
 Aug 01 03:21:50 PDT	---	696080	967020	214	----	----	----
 Aug 01 03:22:50 PDT	---	696080	967020	220	----	----	----
 Aug 01 03:23:51 PDT	---	696080	967020	232	----	----	----
 Aug 01 03:24:51 PDT	---	696080	967020	241	----	----	----
 Aug 01 03:26:52 PDT	---	696080	967020	243	----	----	----
# TIME			PID	RSS(KB)	VSZ(KB)	Dsk(MB)	tCPU(s)	tWALL(s)	COMMAND
 Aug 01 03:27:53 PDT	---	696080	967020	245	----	----	----
 Aug 01 03:36:57 PDT	---	696080	967020	250	----	----	----
 Aug 01 04:00:09 PDT	---	696080	967020	258	----	----	----
 Aug 01 04:01:09 PDT	---	696080	967020	271	----	----	----
 Aug 01 04:02:10 PDT	---	696080	967020	284	----	----	----
 Aug 01 04:03:10 PDT	---	696080	967020	298	----	----	----
 Aug 01 04:04:11 PDT	---	696080	967020	311	----	----	----
 Aug 01 04:05:11 PDT	---	696080	967020	322	----	----	----
 Aug 01 04:06:12 PDT	---	696080	967020	335	----	----	----
 Aug 01 04:07:12 PDT	---	696080	967020	348	----	----	----
 Aug 01 04:08:13 PDT	---	696080	967020	361	----	----	----
 Aug 01 04:09:13 PDT	---	696080	967020	375	----	----	----
 Aug 01 04:10:14 PDT	---	696080	967020	387	----	----	----
 Aug 01 04:11:14 PDT	---	696080	967020	400	----	----	----
 Aug 01 04:12:15 PDT	---	696080	967020	413	----	----	----
 Aug 01 04:13:15 PDT	---	696080	967020	427	----	----	----
 Aug 01 04:14:16 PDT	---	696080	967020	439	----	----	----
 Aug 01 04:15:16 PDT	---	696080	967020	454	----	----	----
 Aug 01 04:16:17 PDT	---	696080	967020	461	----	----	----
 Aug 01 04:17:18 PDT	---	696080	967020	473	----	----	----
 Aug 01 04:18:18 PDT	---	696080	967020	487	----	----	----
 Aug 01 04:19:19 PDT	---	696080	967020	499	----	----	----
 Aug 01 04:20:20 PDT	---	696080	967020	513	----	----	----
 Aug 01 04:21:20 PDT	---	696080	967020	526	----	----	----
 Aug 01 04:22:21 PDT	---	696080	967020	540	----	----	----
 Aug 01 04:23:21 PDT	---	696080	967020	545	----	----	----
********** WATCHDOG LOG ENDED
ZIPPING WATCHDOG LOG
Disk space used:
du -sh /wntmp/condor/compute-14-7/execute/dir_28778/glide_EuaxaY/execute/dir_21570
17M	/wntmp/condor/compute-14-7/execute/dir_28778/glide_EuaxaY/execute/dir_21570
Found unusual stdout, rename for OSB
`/wntmp/condor/compute-14-7/execute/dir_28778/glide_EuaxaY/execute/dir_21570/_condor_stdout' -> `CMSSW_48.stdout'
Found unusual stderr, rename for OSB
`/wntmp/condor/compute-14-7/execute/dir_28778/glide_EuaxaY/execute/dir_21570/_condor_stdout' -> `CMSSW_48.stderr'
crab_fjr_48.xml
CMSSW_48.stdout
CMSSW_48.stderr
Watchdog_48.log.gz
Total Output dimension: 22850
WARNING: output files size limit is set to: 50000000
Total Output dimension 22850 is fine.
JOB_EXIT_STATUS = 60307
>>> info for dashboard:
***** Cat /wntmp/condor/compute-14-7/execute/dir_28778/glide_EuaxaY/execute/dir_21570/jobreport.txt *****
MonitorJobID=48_https://submit-4.t2.ucsd.edu//140801//331280.47
MonitorID=aelwood_140801_jJets_ngun_PU40bx25_1c84ps
ExeTime=4418
ExeExitCode=0
StageOutExitStatusReason = 'ERROR: problems checking if file /wntmp/condor/compute-14-7/execute/dir_28778/glide_EuaxaY/execute/dir_21570/cms_tCMeRdLLl7Tg/CMSSW_7_1_0_pre8/L1SkimRun_48_1_G0X.root already exist Error checking [L1SkimRun_48_1_G0X.root] '
StageOutSE = srm-eoscms.cern.ch
StageOutExitStatus = 60307
CrabUserCpuTime=1707.40
CrabSysCpuTime=38.11
CrabCpuPercentage=39%
CrabWrapperTime=4657
CrabStageoutTime=151
JobExitCode=60307
***** End Cat jobreport *****
Parameters sent to Dashboard.
EXITING at Fri Aug  1 04:25:23 PDT 2014  -  Fri Aug  1 11:25:23 UTC 2014
