This script was generated by crab (version 2.10.6).
Running /wntmp/condor/compute-22-24/execute/dir_32288/glide_pwpCxh/execute/dir_22408/condor_exec.exe with 2 positional parameters: 18 1
Today is Fri Aug  1 03:02:57 PDT 2014 - Fri Aug  1 10:02:57 UTC 2014
Job submitted on host compute-22-24.tier2
Linux compute-22-24.tier2 2.6.32-358.6.2.el6.x86_64 #1 SMP Thu May 16 20:59:36 UTC 2013 x86_64 x86_64 x86_64 GNU/Linux
>>> current directory (RUNTIME_AREA): /wntmp/condor/compute-22-24/execute/dir_32288/glide_pwpCxh/execute/dir_22408
>>> current user: uid=20804(uscms4354) gid=504(cms) groups=504(cms),65013(glexec65013) context=unconfined_u:system_r:condor_startd_t:s0
>>> directory permission set to 0700
>>> umask set to:  u=rwx,g=,o=
>>> stdout stderr permission set to 0704
>>> voms proxy information:
subject   : /C=UK/O=eScience/OU=Imperial/L=Physics/CN=adam elwood/CN=1171778048/CN=923934051
issuer    : /C=UK/O=eScience/OU=Imperial/L=Physics/CN=adam elwood/CN=1171778048
identity  : /C=UK/O=eScience/OU=Imperial/L=Physics/CN=adam elwood/CN=1171778048
type      : RFC compliant proxy
strength  : 1024 bits
path      : /wntmp/condor/compute-22-24/execute/dir_32288/glide_pwpCxh/execute/dir_22408/x509up_u41660
timeleft  : 23:59:57
key usage : Digital Signature, Key Encipherment, Key Agreement
=== VO cms extension information ===
VO        : cms
subject   : /C=UK/O=eScience/OU=Imperial/L=Physics/CN=adam elwood
issuer    : /DC=ch/DC=cern/OU=computers/CN=lcg-voms.cern.ch
attribute : /cms/Role=NULL/Capability=NULL
timeleft  : 191:50:19
uri       : lcg-voms.cern.ch:15002
WNHostName=compute-22-24.tier2
>>> tar --no-same-permissions -xf /wntmp/condor/compute-22-24/execute/dir_32288/glide_pwpCxh/execute/dir_22408/default.tgz :
Successful untar
>>> Include /wntmp/condor/compute-22-24/execute/dir_32288/glide_pwpCxh/execute/dir_22408 in PYTHONPATH:
strip arguments
env var CRAB_UNIQUE_JOB_ID set to: aelwood_140801_jJets_ngun_PU40bx25_1c84ps_18_1_fOe
out_files_18
>>> list of expected files on output sandbox
output files: crab_fjr_18.xml CMSSW_18.stdout CMSSW_18.stderr Watchdog_18.log.gz
>>> GridFlavour discovery: 
source OSG GRID setup script
GridFlavour=OSG
>>> SyncSite discovery: 
SyncSite=T2_US_Caltech
>>> SyncCE discovery: 
getting SyncCE from OSG_JOB_CONTACT
SyncCE=itb-ce.ultralight.org/jobmanager-condor
>>> info for dashboard:
***** Cat /wntmp/condor/compute-22-24/execute/dir_32288/glide_pwpCxh/execute/dir_22408/jobreport.txt *****
WNHostName=compute-22-24.tier2
MonitorJobID=18_https://submit-4.t2.ucsd.edu//140801//331280.17
SyncGridJobId=https://submit-4.t2.ucsd.edu//140801//331280.17
MonitorID=aelwood_140801_jJets_ngun_PU40bx25_1c84ps
GridFlavour=OSG
SyncSite=T2_US_Caltech
SyncCE=itb-ce.ultralight.org/jobmanager-condor
***** End Cat jobreport *****
Parameters sent to Dashboard.
>>> setup environment
set SCRAM ARCH to slc6_amd64_gcc481
SCRAM_ARCH = slc6_amd64_gcc481
>>> Created working directory: /wntmp/condor/compute-22-24/execute/dir_32288/glide_pwpCxh/execute/dir_22408/cms_nJB8RNqQv7TP
Change to working directory: /wntmp/condor/compute-22-24/execute/dir_32288/glide_pwpCxh/execute/dir_22408/cms_nJB8RNqQv7TP
>>> current directory (WORKING_DIR): /wntmp/condor/compute-22-24/execute/dir_32288/glide_pwpCxh/execute/dir_22408/cms_nJB8RNqQv7TP
>>> setup CMS OSG environment:
set SCRAM ARCH to slc6_amd64_gcc481
SCRAM_ARCH = slc6_amd64_gcc481
OSG_APP is /raid1/osg-app
sourcing /raid1/osg-app/cmssoft/cms/cmsset_default.sh ...
==> setup cms environment ok
SCRAM_ARCH = slc6_amd64_gcc481
>>> specific cmssw setup environment:
CMSSW_VERSION =  CMSSW_7_1_0_pre8
>>> current directory (SOFTWARE_DIR): /wntmp/condor/compute-22-24/execute/dir_32288/glide_pwpCxh/execute/dir_22408/cms_nJB8RNqQv7TP/CMSSW_7_1_0_pre8
PreserveSeeds: <>
IncrementSeeds:<>
>>> info for dashboard:
***** Cat /wntmp/condor/compute-22-24/execute/dir_32288/glide_pwpCxh/execute/dir_22408/jobreport.txt *****
MonitorJobID=18_https://submit-4.t2.ucsd.edu//140801//331280.17
MonitorID=aelwood_140801_jJets_ngun_PU40bx25_1c84ps
***** End Cat jobreport *****
Parameters sent to Dashboard.
crabWatchdog started as process 23191
>>> moving CMSSW software directories in /wntmp/condor/compute-22-24/execute/dir_32288/glide_pwpCxh/execute/dir_22408/cms_nJB8RNqQv7TP/CMSSW_7_1_0_pre8
mv: cannot stat `/wntmp/condor/compute-22-24/execute/dir_32288/glide_pwpCxh/execute/dir_22408/module/': No such file or directory
>>> Include /wntmp/condor/compute-22-24/execute/dir_32288/glide_pwpCxh/execute/dir_22408 in PYTHONPATH:
PYTHONPATH=/wntmp/condor/compute-22-24/execute/dir_32288/glide_pwpCxh/execute/dir_22408/:/wntmp/condor/compute-22-24/execute/dir_32288/glide_pwpCxh/execute/dir_22408/cms_nJB8RNqQv7TP/CMSSW_7_1_0_pre8/python:/wntmp/condor/compute-22-24/execute/dir_32288/glide_pwpCxh/execute/dir_22408/cms_nJB8RNqQv7TP/CMSSW_7_1_0_pre8/lib/slc6_amd64_gcc481:/cvmfs/cms.cern.ch/slc6_amd64_gcc481/cms/cmssw/CMSSW_7_1_0_pre8/python:/cvmfs/cms.cern.ch/slc6_amd64_gcc481/cms/cmssw/CMSSW_7_1_0_pre8/lib/slc6_amd64_gcc481:/cvmfs/cms.cern.ch/slc6_amd64_gcc481/cms/coral/CORAL_2_3_21-cms20/slc6_amd64_gcc481/python:/cvmfs/cms.cern.ch/slc6_amd64_gcc481/cms/coral/CORAL_2_3_21-cms20/slc6_amd64_gcc481/lib:/cvmfs/cms.cern.ch/slc6_amd64_gcc481/external/pyqt/4.8.1-cms/lib/python2.7/site-packages:/cvmfs/cms.cern.ch/slc6_amd64_gcc481/external/py2-scipy/0.8.0-cms/lib/python2.7/site-packages:/cvmfs/cms.cern.ch/slc6_amd64_gcc481/external/py2-matplotlib/1.2.1-cms/lib/python2.7/site-packages:/cvmfs/cms.cern.ch/slc6_amd64_gcc481/external/yoda/1.0.4/lib/python2.7/site-packages:/cvmfs/cms.cern.ch/slc6_amd64_gcc481/external/python-ldap/2.4.10-cms/lib/python2.7/site-packages:/cvmfs/cms.cern.ch/slc6_amd64_gcc481/external/sip/4.11.2-cms/lib/python2.7/site-packages:/cvmfs/cms.cern.ch/slc6_amd64_gcc481/external/llvm/3.4/lib/python2.7/site-packages:/cvmfs/cms.cern.ch/slc6_amd64_gcc481/external/py2-sqlalchemy/0.8.2-cms2/lib/python2.7/site-packages:/cvmfs/cms.cern.ch/slc6_amd64_gcc481/external/py2-pycurl/7.19.0-cms/lib/python2.7/site-packages:/cvmfs/cms.cern.ch/slc6_amd64_gcc481/external/py2-python-dateutil/1.1-cms/lib/python2.7/site-packages:/cvmfs/cms.cern.ch/slc6_amd64_gcc481/external/py2-numpy/1.6.1-cms/lib/python2.7/site-packages:/cvmfs/cms.cern.ch/slc6_amd64_gcc481/external/py2-lint/0.25.1-cms/lib/python2.7/site-packages:/cvmfs/cms.cern.ch/slc6_amd64_gcc481/external/py2-ipython/0.10-cms/lib/python2.7/site-packages:/cvmfs/cms.cern.ch/slc6_amd64_gcc481/external/py2-cx-oracle/5.1-cms2/lib/python2.7/site-packages:/cvmfs/cms.cern.ch/slc6_amd64_gcc481/external/py2-cjson/1.0.5-cms/lib/python2.7/site-packages:/cvmfs/cms.cern.ch/slc6_amd64_gcc481/external/frontier_client/2.8.10/python/lib:/cvmfs/cms.cern.ch/slc6_amd64_gcc481/cms/das-client/2.5.0/bin:/cvmfs/cms.cern.ch/slc6_amd64_gcc481/external/cython/0.19.1/lib/python2.7/site-packages:/cvmfs/cms.cern.ch/slc6_amd64_gcc481/external/rivet/1.8.2-cms4/lib/python2.7/site-packages:/cvmfs/cms.cern.ch/slc6_amd64_gcc481/external/pyminuit2/0.0.1-cms13/lib/python2.7/site-packages:/cvmfs/cms.cern.ch/slc6_amd64_gcc481/external/py2-pygithub/1.23.0/lib/python2.7/site-packages:/cvmfs/cms.cern.ch/slc6_amd64_gcc481/external/py2-networkx/1.8.1/lib/python2.7/site-packages:/cvmfs/cms.cern.ch/slc6_amd64_gcc481/external/professor/1.0.0-cms13/lib/python2.7/site-packages:/cvmfs/cms.cern.ch/slc6_amd64_gcc481/lcg/root/5.34.18/lib:/cvmfs/cms.cern.ch/slc6_amd64_gcc481/cms/dbs-client/DBS_2_1_9-cms/lib:/cvmfs/cms.cern.ch/slc6_amd64_gcc481/cms/dbs-client/DBS_2_1_9-cms/lib/DBSAPI:/cvmfs/cms.cern.ch/slc6_amd64_gcc481/external/cvs2git/5419-cms/lib:/wntmp/condor/compute-22-24/execute/dir_32288/glide_pwpCxh/execute/dir_22408/
 
# LIMITS USED BY CRAB WATCHDOG:
# RSS  (KBytes)   : 2300000
# VSZ  (KBytes)   : 100000000
# DISK (MBytes)   : 19000
# CPU TIME        : 720h:0m:0s
# WALL CLOCK TIME : 21h:50m:0s
 
951aa882d2ac167e3fe15038b4453880
PSETHASH = 951aa882d2ac167e3fe15038b4453880
/wntmp/condor/compute-22-24/execute/dir_32288/glide_pwpCxh/execute/dir_22408/writeCfg.py pset.py pset.py
Importing .py file
Setting parameters
RandomNumberGeneratorService found, will attempt to change seeds
inputBlocks=/Neutrino_Pt-2to20_gun/Fall13dr-tsg_PU40bx25_POSTLS162_V2-v1/GEN-SIM-RAW#09b9f490-7aa3-11e3-b1c2-003048f02d38
inputFiles=/store/mc/Fall13dr/Neutrino_Pt-2to20_gun/GEN-SIM-RAW/tsg_PU40bx25_POSTLS162_V2-v1/00002/EA73A98D-007B-E311-A908-002618943807.root;/store/mc/Fall13dr/Neutrino_Pt-2to20_gun/GEN-SIM-RAW/tsg_PU40bx25_POSTLS162_V2-v1/00002/2E006C87-007B-E311-92ED-0026189438D9.root;/store/mc/Fall13dr/Neutrino_Pt-2to20_gun/GEN-SIM-RAW/tsg_PU40bx25_POSTLS162_V2-v1/00002/B45A7683-007B-E311-B8A7-003048678B36.root;/store/mc/Fall13dr/Neutrino_Pt-2to20_gun/GEN-SIM-RAW/tsg_PU40bx25_POSTLS162_V2-v1/00002/C413717E-007B-E311-97D6-003048678ADA.root;/store/mc/Fall13dr/Neutrino_Pt-2to20_gun/GEN-SIM-RAW/tsg_PU40bx25_POSTLS162_V2-v1/00002/C880F9E7-E37A-E311-B38E-0025905A60AA.root;/store/mc/Fall13dr/Neutrino_Pt-2to20_gun/GEN-SIM-RAW/tsg_PU40bx25_POSTLS162_V2-v1/00002/3EF24371-EC7A-E311-B557-0026189438DD.root
parentFiles=/store/mc/Fall13/Neutrino_Pt-2to20_gun/GEN-SIM/POSTLS162_V1-v4/10000/A827F1D6-AB68-E311-8DBB-90B11C2ACF20.root;/store/mc/Fall13/Neutrino_Pt-2to20_gun/GEN-SIM/POSTLS162_V1-v4/10000/54B76B39-AC68-E311-88C6-003048F5ADEA.root;/store/mc/Fall13/Neutrino_Pt-2to20_gun/GEN-SIM/POSTLS162_V1-v4/10000/A827F1D6-AB68-E311-8DBB-90B11C2ACF20.root;/store/mc/Fall13/Neutrino_Pt-2to20_gun/GEN-SIM/POSTLS162_V1-v4/10000/DEB470F4-AA68-E311-A5EC-90B11C1DBFB4.root;/store/mc/Fall13/Neutrino_Pt-2to20_gun/GEN-SIM/POSTLS162_V1-v4/10000/5E069FF4-AA68-E311-8232-90B11C1DBFB4.root;/store/mc/Fall13/Neutrino_Pt-2to20_gun/GEN-SIM/POSTLS162_V1-v4/10000/32F7F53B-AC68-E311-AE43-003048F5B6A9.root;/store/mc/Fall13/Neutrino_Pt-2to20_gun/GEN-SIM/POSTLS162_V1-v4/10000/D88E20AB-AC68-E311-8CB4-0025901D08BE.root;/store/mc/Fall13/Neutrino_Pt-2to20_gun/GEN-SIM/POSTLS162_V1-v4/10000/1A5080F4-AA68-E311-BFFB-90B11C1DBFB4.root;/store/mc/Fall13/Neutrino_Pt-2to20_gun/GEN-SIM/POSTLS162_V1-v4/10000/58156EF4-AA68-E311-A5B1-90B11C1DBFB4.root;/store/mc/Fall13/Neutrino_Pt-2to20_gun/GEN-SIM/POSTLS162_V1-v4/10000/DEB470F4-AA68-E311-A5EC-90B11C1DBFB4.root;/store/mc/Fall13/Neutrino_Pt-2to20_gun/GEN-SIM/POSTLS162_V1-v4/10000/3228DBE4-AB68-E311-AFE5-0025904A91F6.root;/store/mc/Fall13/Neutrino_Pt-2to20_gun/GEN-SIM/POSTLS162_V1-v4/10001/8E750E57-AD68-E311-BD96-90B11C1DBFB4.root;/store/mc/Fall13/Neutrino_Pt-2to20_gun/GEN-SIM/POSTLS162_V1-v4/10000/1A5080F4-AA68-E311-BFFB-90B11C1DBFB4.root;/store/mc/Fall13/Neutrino_Pt-2to20_gun/GEN-SIM/POSTLS162_V1-v4/10001/A2E134ED-B168-E311-81A9-00259084A6C4.root;/store/mc/Fall13/Neutrino_Pt-2to20_gun/GEN-SIM/POSTLS162_V1-v4/10000/C24871F4-AA68-E311-9366-90B11C1DBFB4.root;/store/mc/Fall13/Neutrino_Pt-2to20_gun/GEN-SIM/POSTLS162_V1-v4/10000/0E6630EA-AA68-E311-9082-003048F5B2A0.root;/store/mc/Fall13/Neutrino_Pt-2to20_gun/GEN-SIM/POSTLS162_V1-v4/10000/1A5080F4-AA68-E311-BFFB-90B11C1DBFB4.root;/store/mc/Fall13/Neutrino_Pt-2to20_gun/GEN-SIM/POSTLS162_V1-v4/10000/58156EF4-AA68-E311-A5B1-90B11C1DBFB4.root;/store/mc/Fall13/Neutrino_Pt-2to20_gun/GEN-SIM/POSTLS162_V1-v4/10000/DEB470F4-AA68-E311-A5EC-90B11C1DBFB4.root;/store/mc/Fall13/Neutrino_Pt-2to20_gun/GEN-SIM/POSTLS162_V1-v4/10000/5E069FF4-AA68-E311-8232-90B11C1DBFB4.root;/store/mc/Fall13/Neutrino_Pt-2to20_gun/GEN-SIM/POSTLS162_V1-v4/10000/F4012258-AB68-E311-8717-0025904AC2CA.root;/store/mc/Fall13/Neutrino_Pt-2to20_gun/GEN-SIM/POSTLS162_V1-v4/10000/8E0B195E-AB68-E311-A174-0025904AC2CA.root;/store/mc/Fall13/Neutrino_Pt-2to20_gun/GEN-SIM/POSTLS162_V1-v4/10000/C24871F4-AA68-E311-9366-90B11C1DBFB4.root
lumisRange=
>>> Executable cmsRun
/cvmfs/cms.cern.ch/slc6_amd64_gcc481/cms/cmssw/CMSSW_7_1_0_pre8/bin/slc6_amd64_gcc481/cmsRun
ok executable found
>>> info for dashboard:
***** Cat /wntmp/condor/compute-22-24/execute/dir_32288/glide_pwpCxh/execute/dir_22408/jobreport.txt *****
MonitorJobID=18_https://submit-4.t2.ucsd.edu//140801//331280.17
MonitorID=aelwood_140801_jJets_ngun_PU40bx25_1c84ps
ExeStart=cmsRun
***** End Cat jobreport *****
Parameters sent to Dashboard.
>>> cmsRun started at Fri Aug  1 10:03:10 UTC 2014
>>> cmsRun ended at Fri Aug  1 11:39:52 UTC 2014
>>> crab_fjr_*.xml  permission set to 0704
>>> info for dashboard:
***** Cat /wntmp/condor/compute-22-24/execute/dir_32288/glide_pwpCxh/execute/dir_22408/jobreport.txt *****
MonitorJobID=18_https://submit-4.t2.ucsd.edu//140801//331280.17
MonitorID=aelwood_140801_jJets_ngun_PU40bx25_1c84ps
ExeEnd=cmsRun
***** End Cat jobreport *****
Parameters sent to Dashboard.
TIME_EXE = 5802 sec
>>> cmsRun wrote 57 lines of stdout+stderr
>>> START OF printout of 57 lines from stdout+stderr
==> using COND/Services/RelationalAuthenticationService for auth, sys 1
==> using COND/Services/RelationalAuthenticationService for auth, sys 1
01-Aug-2014 03:03:35 PDT  Initiating request to open file /mnt/hadoop/store/mc/Fall13dr/Neutrino_Pt-2to20_gun/GEN-SIM-RAW/tsg_PU40bx25_POSTLS162_V2-v1/00002/EA73A98D-007B-E311-A908-002618943807.root
01-Aug-2014 03:03:37 PDT  Successfully opened file /mnt/hadoop/store/mc/Fall13dr/Neutrino_Pt-2to20_gun/GEN-SIM-RAW/tsg_PU40bx25_POSTLS162_V2-v1/00002/EA73A98D-007B-E311-A908-002618943807.root
01-Aug-2014 03:03:38 PDT  Initiating request to open file /mnt/hadoop/store/mc/Fall13/Neutrino_Pt-2to20_gun/GEN-SIM/POSTLS162_V1-v4/10000/A827F1D6-AB68-E311-8DBB-90B11C2ACF20.root
01-Aug-2014 03:03:38 PDT  Fallback request to file root://cmsxrootd.fnal.gov//store/mc/Fall13/Neutrino_Pt-2to20_gun/GEN-SIM/POSTLS162_V1-v4/10000/A827F1D6-AB68-E311-8DBB-90B11C2ACF20.root
140801 03:03:41 23503 Xrd: CheckErrorStatus: Server [cmssrmdisk.fnal.gov:1095] declared: Request 3018 not supported(error code: 3013)
01-Aug-2014 03:03:42 PDT  Successfully opened file root://cmsxrootd.fnal.gov//store/mc/Fall13/Neutrino_Pt-2to20_gun/GEN-SIM/POSTLS162_V1-v4/10000/A827F1D6-AB68-E311-8DBB-90B11C2ACF20.root
01-Aug-2014 03:03:51 PDT  Closed file root://cmsxrootd.fnal.gov//store/mc/Fall13/Neutrino_Pt-2to20_gun/GEN-SIM/POSTLS162_V1-v4/10000/A827F1D6-AB68-E311-8DBB-90B11C2ACF20.root
Stage1Layer2Producer -- Running pp implementation


----------------------------------------
Begin: L1CaloTowerProducer
----------------------------------------

01-Aug-2014 03:07:29 PDT  Closed file /mnt/hadoop/store/mc/Fall13dr/Neutrino_Pt-2to20_gun/GEN-SIM-RAW/tsg_PU40bx25_POSTLS162_V2-v1/00002/EA73A98D-007B-E311-A908-002618943807.root
01-Aug-2014 03:07:29 PDT  Initiating request to open file /mnt/hadoop/store/mc/Fall13dr/Neutrino_Pt-2to20_gun/GEN-SIM-RAW/tsg_PU40bx25_POSTLS162_V2-v1/00002/2E006C87-007B-E311-92ED-0026189438D9.root
01-Aug-2014 03:08:17 PDT  Successfully opened file /mnt/hadoop/store/mc/Fall13dr/Neutrino_Pt-2to20_gun/GEN-SIM-RAW/tsg_PU40bx25_POSTLS162_V2-v1/00002/2E006C87-007B-E311-92ED-0026189438D9.root
140801 03:09:09 24125 Xrd: XrdClientMessage::ReadRaw: Failed to read header (8 bytes).
140801 03:09:09 24123 Xrd: XrdClientMessage::ReadRaw: Failed to read header (8 bytes).
01-Aug-2014 03:19:38 PDT  Closed file /mnt/hadoop/store/mc/Fall13dr/Neutrino_Pt-2to20_gun/GEN-SIM-RAW/tsg_PU40bx25_POSTLS162_V2-v1/00002/2E006C87-007B-E311-92ED-0026189438D9.root
01-Aug-2014 03:19:38 PDT  Initiating request to open file /mnt/hadoop/store/mc/Fall13dr/Neutrino_Pt-2to20_gun/GEN-SIM-RAW/tsg_PU40bx25_POSTLS162_V2-v1/00002/B45A7683-007B-E311-B8A7-003048678B36.root
01-Aug-2014 03:19:38 PDT  Successfully opened file /mnt/hadoop/store/mc/Fall13dr/Neutrino_Pt-2to20_gun/GEN-SIM-RAW/tsg_PU40bx25_POSTLS162_V2-v1/00002/B45A7683-007B-E311-B8A7-003048678B36.root
140801 03:24:09 24116 Xrd: XrdClientMessage::ReadRaw: Failed to read header (8 bytes).
140801 03:24:09 24124 Xrd: XrdClientMessage::ReadRaw: Failed to read header (8 bytes).
140801 03:24:09 24114 Xrd: XrdClientMessage::ReadRaw: Failed to read header (8 bytes).
01-Aug-2014 03:27:51 PDT  Closed file /mnt/hadoop/store/mc/Fall13dr/Neutrino_Pt-2to20_gun/GEN-SIM-RAW/tsg_PU40bx25_POSTLS162_V2-v1/00002/B45A7683-007B-E311-B8A7-003048678B36.root
01-Aug-2014 03:27:51 PDT  Initiating request to open file /mnt/hadoop/store/mc/Fall13dr/Neutrino_Pt-2to20_gun/GEN-SIM-RAW/tsg_PU40bx25_POSTLS162_V2-v1/00002/C413717E-007B-E311-97D6-003048678ADA.root
01-Aug-2014 03:28:24 PDT  Successfully opened file /mnt/hadoop/store/mc/Fall13dr/Neutrino_Pt-2to20_gun/GEN-SIM-RAW/tsg_PU40bx25_POSTLS162_V2-v1/00002/C413717E-007B-E311-97D6-003048678ADA.root
01-Aug-2014 04:24:52 PDT  Closed file /mnt/hadoop/store/mc/Fall13dr/Neutrino_Pt-2to20_gun/GEN-SIM-RAW/tsg_PU40bx25_POSTLS162_V2-v1/00002/C413717E-007B-E311-97D6-003048678ADA.root
01-Aug-2014 04:24:52 PDT  Initiating request to open file /mnt/hadoop/store/mc/Fall13dr/Neutrino_Pt-2to20_gun/GEN-SIM-RAW/tsg_PU40bx25_POSTLS162_V2-v1/00002/C880F9E7-E37A-E311-B38E-0025905A60AA.root
01-Aug-2014 04:24:52 PDT  Successfully opened file /mnt/hadoop/store/mc/Fall13dr/Neutrino_Pt-2to20_gun/GEN-SIM-RAW/tsg_PU40bx25_POSTLS162_V2-v1/00002/C880F9E7-E37A-E311-B38E-0025905A60AA.root
01-Aug-2014 04:31:48 PDT  Closed file /mnt/hadoop/store/mc/Fall13dr/Neutrino_Pt-2to20_gun/GEN-SIM-RAW/tsg_PU40bx25_POSTLS162_V2-v1/00002/C880F9E7-E37A-E311-B38E-0025905A60AA.root
01-Aug-2014 04:31:48 PDT  Initiating request to open file /mnt/hadoop/store/mc/Fall13dr/Neutrino_Pt-2to20_gun/GEN-SIM-RAW/tsg_PU40bx25_POSTLS162_V2-v1/00002/3EF24371-EC7A-E311-B557-0026189438DD.root
01-Aug-2014 04:31:48 PDT  Successfully opened file /mnt/hadoop/store/mc/Fall13dr/Neutrino_Pt-2to20_gun/GEN-SIM-RAW/tsg_PU40bx25_POSTLS162_V2-v1/00002/3EF24371-EC7A-E311-B557-0026189438DD.root
01-Aug-2014 04:39:47 PDT  Closed file /mnt/hadoop/store/mc/Fall13dr/Neutrino_Pt-2to20_gun/GEN-SIM-RAW/tsg_PU40bx25_POSTLS162_V2-v1/00002/3EF24371-EC7A-E311-B557-0026189438DD.root

=============================================

MessageLogger Summary

 type     category        sev    module        subroutine        count    total
 ---- -------------------- -- ---------------- ----------------  -----    -----
    1 fileAction           -s AfterFile                              4        4
    2 fileAction           -s file_close                             6        6
    3 fileAction           -s file_open                             12       12

 type    category    Examples: run/evt        run/evt          run/evt
 ---- -------------------- ---------------- ---------------- ----------------
    1 fileAction           pre-events       pre-events       pre-events
    2 fileAction           PostProcessEvent PostProcessEvent PostEndRun
    3 fileAction           pre-events       pre-events       PostProcessEvent

Severity    # Occurrences   Total Occurrences
--------    -------------   -----------------
System                 22                  22
>>> END OF printout of 57 lines from stdout+stderr
>>> Parse FrameworkJobReport crab_fjr.xml
Result of parsing the FrameworkJobReport crab_fjr.xml: 
Extracted ExitStatus from FrameworkJobReport parsing output: 0
>>> Executable succeded  0
ExeExitCode=0
EXECUTABLE_EXIT_STATUS = 0
>>> current directory /wntmp/condor/compute-22-24/execute/dir_32288/glide_pwpCxh/execute/dir_22408/cms_nJB8RNqQv7TP/CMSSW_7_1_0_pre8
>>>  (SOFTWARE_DIR): /wntmp/condor/compute-22-24/execute/dir_32288/glide_pwpCxh/execute/dir_22408/cms_nJB8RNqQv7TP/CMSSW_7_1_0_pre8
>>> (WORKING_DIR): /wntmp/condor/compute-22-24/execute/dir_32288/glide_pwpCxh/execute/dir_22408/cms_nJB8RNqQv7TP
>>> current directory content:
total 468432
drwxr-xr-x. 3 uscms4354 cms      4096 Aug  1 03:03 .SCRAM
-rw-------. 1 uscms4354 cms    916533 Aug  1 03:03 CMSSW.py.pkl
-rw-------. 1 uscms4354 cms 477746276 Aug  1 04:39 L1SkimRun.root
drwxr-xr-x. 3 uscms4354 cms      4096 Aug  1 03:03 bin
drwxr-xr-x. 3 uscms4354 cms      4096 Aug  1 03:03 cfipython
drwxr-xr-x. 4 uscms4354 cms      4096 Aug  1 03:02 config
-rw-------. 1 uscms4354 cms        18 Aug  1 04:39 cpu_timing.txt
drwxr-xr-x. 2 uscms4354 cms      4096 Aug  1 03:03 doc
-rw-------. 1 uscms4354 cms      6008 Aug  1 04:39 executable.out
drwxr-xr-x. 2 uscms4354 cms      4096 Aug  1 03:03 include
drwx------. 3 uscms4354 cms      4096 Aug  1 00:37 lib
drwxr-xr-x. 3 uscms4354 cms      4096 Aug  1 03:03 logs
drwxr-xr-x. 3 uscms4354 cms      4096 Aug  1 03:03 objs
-rw-------. 1 uscms4354 cms       104 Aug  1 03:03 pset.py
-rw-------. 1 uscms4354 cms    921854 Aug  1 03:03 pset.py.pkl
-rw-------. 1 uscms4354 cms       289 Aug  1 03:03 pset.pyc
drwxr-xr-x. 2 uscms4354 cms      4096 Aug  1 03:03 python
-rw-------. 1 uscms4354 cms       419 Aug  1 04:39 report.log
drwx------. 5 uscms4354 cms      4096 Aug  1 03:02 src
drwxr-xr-x. 3 uscms4354 cms      4096 Aug  1 03:03 test
drwxr-xr-x. 3 uscms4354 cms      4096 Aug  1 03:03 tmp
>>> current directory /wntmp/condor/compute-22-24/execute/dir_32288/glide_pwpCxh/execute/dir_22408/cms_nJB8RNqQv7TP/CMSSW_7_1_0_pre8
>>> (SOFTWARE_DIR): /wntmp/condor/compute-22-24/execute/dir_32288/glide_pwpCxh/execute/dir_22408/cms_nJB8RNqQv7TP/CMSSW_7_1_0_pre8
>>> (WORKING_DIR): /wntmp/condor/compute-22-24/execute/dir_32288/glide_pwpCxh/execute/dir_22408/cms_nJB8RNqQv7TP
>>> current directory content:
total 468432
drwxr-xr-x. 3 uscms4354 cms      4096 Aug  1 03:03 .SCRAM
-rw-------. 1 uscms4354 cms    916533 Aug  1 03:03 CMSSW.py.pkl
-rw-------. 1 uscms4354 cms 477746276 Aug  1 04:39 L1SkimRun_18_1_fOe.root
drwxr-xr-x. 3 uscms4354 cms      4096 Aug  1 03:03 bin
drwxr-xr-x. 3 uscms4354 cms      4096 Aug  1 03:03 cfipython
drwxr-xr-x. 4 uscms4354 cms      4096 Aug  1 03:02 config
-rw-------. 1 uscms4354 cms        18 Aug  1 04:39 cpu_timing.txt
drwxr-xr-x. 2 uscms4354 cms      4096 Aug  1 03:03 doc
-rw-------. 1 uscms4354 cms      6008 Aug  1 04:39 executable.out
drwxr-xr-x. 2 uscms4354 cms      4096 Aug  1 03:03 include
drwx------. 3 uscms4354 cms      4096 Aug  1 00:37 lib
drwxr-xr-x. 3 uscms4354 cms      4096 Aug  1 03:03 logs
drwxr-xr-x. 3 uscms4354 cms      4096 Aug  1 03:03 objs
-rw-------. 1 uscms4354 cms       104 Aug  1 03:03 pset.py
-rw-------. 1 uscms4354 cms    921854 Aug  1 03:03 pset.py.pkl
-rw-------. 1 uscms4354 cms       289 Aug  1 03:03 pset.pyc
drwxr-xr-x. 2 uscms4354 cms      4096 Aug  1 03:03 python
-rw-------. 1 uscms4354 cms       419 Aug  1 04:39 report.log
drwx------. 5 uscms4354 cms      4096 Aug  1 03:02 src
drwxr-xr-x. 3 uscms4354 cms      4096 Aug  1 03:03 test
drwxr-xr-x. 3 uscms4354 cms      4096 Aug  1 03:03 tmp
>>> current directory (RUNTIME_AREA):  /wntmp/condor/compute-22-24/execute/dir_32288/glide_pwpCxh/execute/dir_22408
SE = srm-eoscms.cern.ch
SE_PATH = /srm/v2/server?SFN=/eos/cms/store/user/aelwood/140801_jJets_ngun_PU40bx25/
LFNBaseName = /store/user/aelwood/140801_jJets_ngun_PU40bx25/
USER = aelwood
endpoint = srm://srm-eoscms.cern.ch:8443/srm/v2/server?SFN=/eos/cms/store/user/aelwood/140801_jJets_ngun_PU40bx25/
>>> Copy output files from WN = compute-22-24.tier2 to /srm/v2/server?SFN=/eos/cms/store/user/aelwood/140801_jJets_ngun_PU40bx25/ :
python cmscp.py  --destination srm://srm-eoscms.cern.ch:8443/srm/v2/server?SFN=/eos/cms/store/user/aelwood/140801_jJets_ngun_PU40bx25/ --inputFileList /wntmp/condor/compute-22-24/execute/dir_32288/glide_pwpCxh/execute/dir_22408/cms_nJB8RNqQv7TP/CMSSW_7_1_0_pre8/L1SkimRun_18_1_fOe.root --middleware OSG --se_name srm-eoscms.cern.ch --for_lfn /store/user/aelwood/140801_jJets_ngun_PU40bx25/    
******************************************************
localSeName  =  cit-se.ultralight.org
remoteSeName =  srm-eoscms.cern.ch
******************************************************
{"/wntmp/condor/compute-22-24/execute/dir_32288/glide_pwpCxh/execute/dir_22408/cms_nJB8RNqQv7TP/CMSSW_7_1_0_pre8/L1SkimRun_18_1_fOe.root": {"endpoint": "srm://srm-eoscms.cern.ch:8443/srm/v2/server?SFN=/eos/cms/store/user/aelwood/140801_jJets_ngun_PU40bx25/", "surl_for_grid": "", "reason": "ERROR: problems checking if file /wntmp/condor/compute-22-24/execute/dir_32288/glide_pwpCxh/execute/dir_22408/cms_nJB8RNqQv7TP/CMSSW_7_1_0_pre8/L1SkimRun_18_1_fOe.root already exist'Error checking [L1SkimRun_18_1_fOe.root]'", "erCode": "60307", "se_name": "srm-eoscms.cern.ch", "for_lfn": "/copy_problem/"}}/wntmp/condor/compute-22-24/execute/dir_32288/glide_pwpCxh/execute/dir_22408
-------- cat /wntmp/condor/compute-22-24/execute/dir_32288/glide_pwpCxh/execute/dir_22408/cmscpReport.sh 
#!/bin/bash
echo "Report for File: /wntmp/condor/compute-22-24/execute/dir_32288/glide_pwpCxh/execute/dir_22408/cms_nJB8RNqQv7TP/CMSSW_7_1_0_pre8/L1SkimRun_18_1_fOe.root"
echo "LFN: /copy_problem/L1SkimRun_18_1_fOe.root"
echo "StorageElement: srm-eoscms.cern.ch"
echo "StageOutExitStatusReason = 'ERROR: problems checking if file /wntmp/condor/compute-22-24/execute/dir_32288/glide_pwpCxh/execute/dir_22408/cms_nJB8RNqQv7TP/CMSSW_7_1_0_pre8/L1SkimRun_18_1_fOe.root already exist Error checking [L1SkimRun_18_1_fOe.root] '" | tee -a $RUNTIME_AREA/$repo
echo "StageOutSE = srm-eoscms.cern.ch" >> $RUNTIME_AREA/$repo

export StageOutExitStatus=60307
echo "StageOutExitStatus = 60307" | tee -a $RUNTIME_AREA/$repo
-------- end of /wntmp/condor/compute-22-24/execute/dir_32288/glide_pwpCxh/execute/dir_22408/cmscpReport.sh 
Report for File: /wntmp/condor/compute-22-24/execute/dir_32288/glide_pwpCxh/execute/dir_22408/cms_nJB8RNqQv7TP/CMSSW_7_1_0_pre8/L1SkimRun_18_1_fOe.root
LFN: /copy_problem/L1SkimRun_18_1_fOe.root
StorageElement: srm-eoscms.cern.ch
StageOutExitStatusReason = 'ERROR: problems checking if file /wntmp/condor/compute-22-24/execute/dir_32288/glide_pwpCxh/execute/dir_22408/cms_nJB8RNqQv7TP/CMSSW_7_1_0_pre8/L1SkimRun_18_1_fOe.root already exist Error checking [L1SkimRun_18_1_fOe.root] '
StageOutExitStatus = 60307
Problem copying file to srm-eoscms.cern.ch /srm/v2/server?SFN=/eos/cms/store/user/aelwood/140801_jJets_ngun_PU40bx25/
########## contents of SE interaction
2014-08-01 04:40:08.310434:
Executed:	unset LD_LIBRARY_PATH; unset GLITE_ENV_SET; export PATH=/usr/bin:/bin; source /etc/profile; source /wntmp/condor/compute-22-24/execute/dir_32288/glide_pwpCxh/execute/dir_22408/CacheEnv.sh ; lcg-ls -b -D srmv2 --srm-timeout 2400 --sendreceive-timeout 2400 --connect-timeout 300 --verbose srm://srm-eoscms.cern.ch:8443/srm/v2/server?SFN=/eos/cms/store/user/aelwood/140801_jJets_ngun_PU40bx25/L1SkimRun_18_1_fOe.root
Done with exit code:	1
and output:
SE type: SRMv2
[SE][Ls][] httpg://srm-eoscms.cern.ch:8443/srm/v2/server: CGSI-gSOAP running on compute-22-24.tier2 reports Error initializing context
GSS Major Status: Authentication Failed

GSS Minor Status Error Chain:
globus_gsi_gssapi: SSLv3 handshake problems
OpenSSL Error: s3_clnt.c:1168: in library: SSL routines, function SSL3_GET_SERVER_CERTIFICATE: certificate verify failed
globus_gsi_callback_module: Could not verify credential
globus_gsi_callback_module: Can't get the local trusted CA certificate: Cannot find trusted CA certificate with hash 5168735f in /etc/grid-security/certificates/



#####################################
>>> current dir: /wntmp/condor/compute-22-24/execute/dir_32288/glide_pwpCxh/execute/dir_22408
>>> current dir content:
total 15116
-rw-------. 1 uscms4354 cms     1094 Aug  1 04:40 .SEinteraction.log
-rwx------. 1 uscms4354 cms     6635 Aug  1 03:02 .job.ad
-rwx------. 1 uscms4354 cms     9430 Aug  1 03:02 .machine.ad
-rw-------. 1 uscms4354 cms      105 Aug  1 02:57 CMSSW.py
-rw-------. 1 uscms4354 cms   916533 Aug  1 02:57 CMSSW.py.pkl
-rwx------. 1 uscms4354 cms    28576 Aug  1 03:02 CMSSW.sh
-rw-------. 1 uscms4354 cms      183 Aug  1 03:02 CacheEnv.sh
-rw-------. 1 uscms4354 cms     7291 Jul 12 08:18 DashboardAPI.py
-rw-------. 1 uscms4354 cms     6770 Aug  1 03:03 DashboardAPI.pyc
drwx------. 2 uscms4354 cms     4096 Aug  1 04:39 IMProv
lrwxrwxrwx. 1 uscms4354 cms      134 Aug  1 04:39 L1SkimRun.root -> /wntmp/condor/compute-22-24/execute/dir_32288/glide_pwpCxh/execute/dir_22408/cms_nJB8RNqQv7TP/CMSSW_7_1_0_pre8/L1SkimRun_18_1_fOe.root
-rw-------. 1 uscms4354 cms     2748 Jul 12 08:18 Logger.py
-rw-------. 1 uscms4354 cms     3332 Aug  1 03:03 Logger.pyc
-rw-------. 1 uscms4354 cms    24524 Jul 12 08:18 ProcInfo.py
-rw-------. 1 uscms4354 cms    23125 Aug  1 03:03 ProcInfo.pyc
drwx------. 7 uscms4354 cms     4096 Aug  1 03:03 ProdCommon
drwx------. 3 uscms4354 cms     4096 Aug  1 03:02 WMCore
-rw-------. 1 uscms4354 cms     9247 Aug  1 04:39 Watchdog_18.log
-rwx------. 1 uscms4354 cms        0 Aug  1 03:02 _condor_stderr
-rwx---r--. 1 uscms4354 cms    26906 Aug  1 04:41 _condor_stdout
-rw-------. 1 uscms4354 cms    32895 Jul 12 08:18 apmon.py
-rw-------. 1 uscms4354 cms    28538 Aug  1 03:03 apmon.pyc
-rwx------. 1 uscms4354 cms   240046 Aug  1 03:02 arguments.xml
drwx------. 3 uscms4354 cms     4096 Aug  1 03:02 cms_nJB8RNqQv7TP
-rwx------. 1 uscms4354 cms    38524 Jul 12 08:18 cmscp.py
-rw-------. 1 uscms4354 cms      710 Aug  1 04:41 cmscpReport.sh
-rwx------. 1 uscms4354 cms    28576 Aug  1 03:02 condor_exec.exe
-rw-------. 1 uscms4354 cms      759 Aug  1 02:56 crab.cfg
-rwx------. 1 uscms4354 cms     8610 Jul 12 08:18 crabWatchdog.sh
-rwx---r--. 1 uscms4354 cms    70802 Aug  1 04:39 crab_fjr_18.xml
-rwx------. 1 uscms4354 cms 13818897 Aug  1 03:02 default.tgz
-rwx------. 1 uscms4354 cms     4488 Jul 12 08:18 fillCrabFjr.py
-rw-------. 1 uscms4354 cms     3490 Aug  1 03:03 inputsReport.txt
-rw-------. 1 uscms4354 cms      455 Aug  1 04:41 jobreport.txt
-rw-------. 1 uscms4354 cms    17352 Jul 12 08:18 parseCrabFjr.py
-rw-------. 1 uscms4354 cms      334 Aug  1 03:02 report.log
-rwx--x--x. 1 uscms4354 cms     1497 Jul 12 08:18 report.py
-rw-------. 1 uscms4354 cms      598 Aug  1 04:41 resultCopyFile
-rwx------. 1 uscms4354 cms     8351 Jul 12 08:18 writeCfg.py
-rw-------. 1 uscms4354 cms     8083 Aug  1 04:22 x509up_u41660
>>> Modify Job Report:
CMSSW_VERSION = CMSSW_7_1_0_pre8
/wntmp/condor/compute-22-24/execute/dir_32288/glide_pwpCxh/execute/dir_22408/ProdCommon/FwkJobRep/ModifyJobReport.py fjr /wntmp/condor/compute-22-24/execute/dir_32288/glide_pwpCxh/execute/dir_22408/crab_fjr_18.xml json /wntmp/condor/compute-22-24/execute/dir_32288/glide_pwpCxh/execute/dir_22408/resultCopyFile n_job 18_1_fOe PrimaryDataset Neutrino_Pt-2to20_gun  ApplicationFamily cmsRun ApplicationName cmsRun cmssw_version CMSSW_7_1_0_pre8 psethash 951aa882d2ac167e3fe15038b4453880
inputDict =  {u'/wntmp/condor/compute-22-24/execute/dir_32288/glide_pwpCxh/execute/dir_22408/cms_nJB8RNqQv7TP/CMSSW_7_1_0_pre8/L1SkimRun_18_1_fOe.root': {u'endpoint': u'srm://srm-eoscms.cern.ch:8443/srm/v2/server?SFN=/eos/cms/store/user/aelwood/140801_jJets_ngun_PU40bx25/', u'surl_for_grid': u'', u'reason': u"ERROR: problems checking if file /wntmp/condor/compute-22-24/execute/dir_32288/glide_pwpCxh/execute/dir_22408/cms_nJB8RNqQv7TP/CMSSW_7_1_0_pre8/L1SkimRun_18_1_fOe.root already exist'Error checking [L1SkimRun_18_1_fOe.root]'", u'erCode': u'60307', u'se_name': u'srm-eoscms.cern.ch', u'for_lfn': u'/copy_problem/'}}
UserProcessedDataset =  
file_name in inputDict =  /wntmp/condor/compute-22-24/execute/dir_32288/glide_pwpCxh/execute/dir_22408/cms_nJB8RNqQv7TP/CMSSW_7_1_0_pre8/L1SkimRun_18_1_fOe.root
(size) os.stat(filename)[6] =  477746276
checksum =  2367919675
    file =  L1SkimRun_18_1_fOe.root
    newPfn =  srm://srm-eoscms.cern.ch:8443/srm/v2/server?SFN=/eos/cms/store/user/aelwood/140801_jJets_ngun_PU40bx25/L1SkimRun_18_1_fOe.root
    newLfn =  /copy_problem/L1SkimRun_18_1_fOe.root
>>> crab_fjr_*.xml  permission set to 0704
CrabWrapper EXIT_FUNC entered at Fri Aug  1 04:41:26 PDT 2014   -  Fri Aug  1 11:41:26 UTC 2014
Checking output files:  
will tar file crab_fjr_18.xml in  out_files_18
WARNING: output file CMSSW_18.stdout not found!
WARNING: output file CMSSW_18.stderr not found!
WARNING: output file Watchdog_18.log.gz not found!
>>> working dir = /wntmp/condor/compute-22-24/execute/dir_32288/glide_pwpCxh/execute/dir_22408/cms_nJB8RNqQv7TP
>>> current directory (RUNTIME_AREA): /wntmp/condor/compute-22-24/execute/dir_32288/glide_pwpCxh/execute/dir_22408
>>> Remove working directory: /wntmp/condor/compute-22-24/execute/dir_32288/glide_pwpCxh/execute/dir_22408/cms_nJB8RNqQv7TP
/wntmp/condor/compute-22-24/execute/dir_32288/glide_pwpCxh/execute/dir_22408/condor_exec.exe: line 140: symlinks: command not found
>>> padding time: Wrapper lasting more than 600 seconds. No sleep required.
STOPPING WATCHDOG. CrabWatchdog PID is 23191
********** LAST 50 LINES OF WATCHDOG LOG
 Aug 01 03:32:38 PDT	23503	633084	962156	297	998	1775	cmsRun -j /wntmp/condor/compute-22-24/execute/dir_32288/glide_pwpCxh/execute/dir_22408/crab_fjr_18.xml -p pset.py      
 Aug 01 03:32:38 PDT	---	633084	962156	302	----	----	----
 Aug 01 03:33:39 PDT	23503	633104	962156	302	1047	1837	cmsRun -j /wntmp/condor/compute-22-24/execute/dir_32288/glide_pwpCxh/execute/dir_22408/crab_fjr_18.xml -p pset.py      
 Aug 01 03:33:39 PDT	---	633104	962156	312	----	----	----
 Aug 01 03:34:41 PDT	---	633104	962156	324	----	----	----
 Aug 01 03:35:42 PDT	---	633104	962156	335	----	----	----
 Aug 01 03:36:43 PDT	---	633104	962156	346	----	----	----
 Aug 01 03:37:44 PDT	23503	633808	962156	346	1253	2081	cmsRun -j /wntmp/condor/compute-22-24/execute/dir_32288/glide_pwpCxh/execute/dir_22408/crab_fjr_18.xml -p pset.py      
 Aug 01 03:37:44 PDT	---	633808	962156	357	----	----	----
 Aug 01 03:38:45 PDT	23503	634064	962156	357	1298	2142	cmsRun -j /wntmp/condor/compute-22-24/execute/dir_32288/glide_pwpCxh/execute/dir_22408/crab_fjr_18.xml -p pset.py      
 Aug 01 03:38:45 PDT	---	634064	962156	365	----	----	----
 Aug 01 03:39:46 PDT	---	634064	962156	367	----	----	----
 Aug 01 03:40:47 PDT	---	634064	962156	379	----	----	----
 Aug 01 03:41:48 PDT	---	634064	962156	381	----	----	----
 Aug 01 03:44:52 PDT	23503	634268	962156	381	1373	2509	cmsRun -j /wntmp/condor/compute-22-24/execute/dir_32288/glide_pwpCxh/execute/dir_22408/crab_fjr_18.xml -p pset.py      
# TIME			PID	RSS(KB)	VSZ(KB)	Dsk(MB)	tCPU(s)	tWALL(s)	COMMAND
# TIME			PID	RSS(KB)	VSZ(KB)	Dsk(MB)	tCPU(s)	tWALL(s)	COMMAND
# TIME			PID	RSS(KB)	VSZ(KB)	Dsk(MB)	tCPU(s)	tWALL(s)	COMMAND
# TIME			PID	RSS(KB)	VSZ(KB)	Dsk(MB)	tCPU(s)	tWALL(s)	COMMAND
# TIME			PID	RSS(KB)	VSZ(KB)	Dsk(MB)	tCPU(s)	tWALL(s)	COMMAND
# TIME			PID	RSS(KB)	VSZ(KB)	Dsk(MB)	tCPU(s)	tWALL(s)	COMMAND
# TIME			PID	RSS(KB)	VSZ(KB)	Dsk(MB)	tCPU(s)	tWALL(s)	COMMAND
# TIME			PID	RSS(KB)	VSZ(KB)	Dsk(MB)	tCPU(s)	tWALL(s)	COMMAND
# TIME			PID	RSS(KB)	VSZ(KB)	Dsk(MB)	tCPU(s)	tWALL(s)	COMMAND
# TIME			PID	RSS(KB)	VSZ(KB)	Dsk(MB)	tCPU(s)	tWALL(s)	COMMAND
# TIME			PID	RSS(KB)	VSZ(KB)	Dsk(MB)	tCPU(s)	tWALL(s)	COMMAND
# TIME			PID	RSS(KB)	VSZ(KB)	Dsk(MB)	tCPU(s)	tWALL(s)	COMMAND
# TIME			PID	RSS(KB)	VSZ(KB)	Dsk(MB)	tCPU(s)	tWALL(s)	COMMAND
# TIME			PID	RSS(KB)	VSZ(KB)	Dsk(MB)	tCPU(s)	tWALL(s)	COMMAND
# TIME			PID	RSS(KB)	VSZ(KB)	Dsk(MB)	tCPU(s)	tWALL(s)	COMMAND
# TIME			PID	RSS(KB)	VSZ(KB)	Dsk(MB)	tCPU(s)	tWALL(s)	COMMAND
# TIME			PID	RSS(KB)	VSZ(KB)	Dsk(MB)	tCPU(s)	tWALL(s)	COMMAND
# TIME			PID	RSS(KB)	VSZ(KB)	Dsk(MB)	tCPU(s)	tWALL(s)	COMMAND
# TIME			PID	RSS(KB)	VSZ(KB)	Dsk(MB)	tCPU(s)	tWALL(s)	COMMAND
 Aug 01 04:04:13 PDT	---	634268	962156	383	----	----	----
 Aug 01 04:25:36 PDT	---	634268	962156	391	----	----	----
 Aug 01 04:26:37 PDT	---	634268	962156	402	----	----	----
 Aug 01 04:27:38 PDT	---	634268	962156	413	----	----	----
 Aug 01 04:28:39 PDT	---	634268	962156	422	----	----	----
 Aug 01 04:29:40 PDT	---	634268	962156	434	----	----	----
 Aug 01 04:30:41 PDT	---	634268	962156	444	----	----	----
 Aug 01 04:31:42 PDT	---	634268	962156	456	----	----	----
 Aug 01 04:32:44 PDT	---	634268	962156	466	----	----	----
 Aug 01 04:33:45 PDT	---	634268	962156	478	----	----	----
 Aug 01 04:34:46 PDT	---	634268	962156	488	----	----	----
 Aug 01 04:35:47 PDT	---	634268	962156	497	----	----	----
 Aug 01 04:36:48 PDT	---	634268	962156	508	----	----	----
 Aug 01 04:37:49 PDT	---	634268	962156	520	----	----	----
 Aug 01 04:38:50 PDT	---	634268	962156	533	----	----	----
 Aug 01 04:39:51 PDT	---	634268	962156	544	----	----	----
********** WATCHDOG LOG ENDED
ZIPPING WATCHDOG LOG
Disk space used:
du -sh /wntmp/condor/compute-22-24/execute/dir_32288/glide_pwpCxh/execute/dir_22408
17M	/wntmp/condor/compute-22-24/execute/dir_32288/glide_pwpCxh/execute/dir_22408
Found unusual stdout, rename for OSB
`/wntmp/condor/compute-22-24/execute/dir_32288/glide_pwpCxh/execute/dir_22408/_condor_stdout' -> `CMSSW_18.stdout'
Found unusual stderr, rename for OSB
`/wntmp/condor/compute-22-24/execute/dir_32288/glide_pwpCxh/execute/dir_22408/_condor_stdout' -> `CMSSW_18.stderr'
crab_fjr_18.xml
CMSSW_18.stdout
CMSSW_18.stderr
Watchdog_18.log.gz
Total Output dimension: 21607
WARNING: output files size limit is set to: 50000000
Total Output dimension 21607 is fine.
JOB_EXIT_STATUS = 60307
>>> info for dashboard:
***** Cat /wntmp/condor/compute-22-24/execute/dir_32288/glide_pwpCxh/execute/dir_22408/jobreport.txt *****
MonitorJobID=18_https://submit-4.t2.ucsd.edu//140801//331280.17
MonitorID=aelwood_140801_jJets_ngun_PU40bx25_1c84ps
ExeTime=5802
ExeExitCode=0
StageOutExitStatusReason = 'ERROR: problems checking if file /wntmp/condor/compute-22-24/execute/dir_32288/glide_pwpCxh/execute/dir_22408/cms_nJB8RNqQv7TP/CMSSW_7_1_0_pre8/L1SkimRun_18_1_fOe.root already exist Error checking [L1SkimRun_18_1_fOe.root] '
StageOutSE = srm-eoscms.cern.ch
StageOutExitStatus = 60307
CrabUserCpuTime=2104.38
CrabSysCpuTime=22.95
CrabCpuPercentage=36%
CrabWrapperTime=5909
CrabStageoutTime=88
JobExitCode=60307
***** End Cat jobreport *****
Parameters sent to Dashboard.
EXITING at Fri Aug  1 04:41:29 PDT 2014  -  Fri Aug  1 11:41:29 UTC 2014
